[2025-05-19T23:31:07.508+0000] {processor.py:161} INFO - Started process (PID=6036) to work on /opt/airflow/dags/tasks/data_transformation.py
[2025-05-19T23:31:07.509+0000] {processor.py:830} INFO - Processing file /opt/airflow/dags/tasks/data_transformation.py for tasks to queue
[2025-05-19T23:31:07.512+0000] {logging_mixin.py:188} INFO - [2025-05-19T23:31:07.512+0000] {dagbag.py:538} INFO - Filling up the DagBag from /opt/airflow/dags/tasks/data_transformation.py
[2025-05-19T23:31:07.993+0000] {processor.py:842} WARNING - No viable dags retrieved from /opt/airflow/dags/tasks/data_transformation.py
[2025-05-19T23:31:08.003+0000] {processor.py:183} INFO - Processing /opt/airflow/dags/tasks/data_transformation.py took 0.498 seconds
[2025-05-19T23:31:38.637+0000] {processor.py:161} INFO - Started process (PID=6099) to work on /opt/airflow/dags/tasks/data_transformation.py
[2025-05-19T23:31:38.638+0000] {processor.py:830} INFO - Processing file /opt/airflow/dags/tasks/data_transformation.py for tasks to queue
[2025-05-19T23:31:38.639+0000] {logging_mixin.py:188} INFO - [2025-05-19T23:31:38.639+0000] {dagbag.py:538} INFO - Filling up the DagBag from /opt/airflow/dags/tasks/data_transformation.py
[2025-05-19T23:31:39.159+0000] {processor.py:842} WARNING - No viable dags retrieved from /opt/airflow/dags/tasks/data_transformation.py
[2025-05-19T23:31:39.172+0000] {processor.py:183} INFO - Processing /opt/airflow/dags/tasks/data_transformation.py took 0.538 seconds
[2025-05-19T23:32:09.315+0000] {processor.py:161} INFO - Started process (PID=6162) to work on /opt/airflow/dags/tasks/data_transformation.py
[2025-05-19T23:32:09.316+0000] {processor.py:830} INFO - Processing file /opt/airflow/dags/tasks/data_transformation.py for tasks to queue
[2025-05-19T23:32:09.318+0000] {logging_mixin.py:188} INFO - [2025-05-19T23:32:09.318+0000] {dagbag.py:538} INFO - Filling up the DagBag from /opt/airflow/dags/tasks/data_transformation.py
[2025-05-19T23:32:09.694+0000] {processor.py:842} WARNING - No viable dags retrieved from /opt/airflow/dags/tasks/data_transformation.py
[2025-05-19T23:32:09.704+0000] {processor.py:183} INFO - Processing /opt/airflow/dags/tasks/data_transformation.py took 0.392 seconds
[2025-05-19T23:32:40.132+0000] {processor.py:161} INFO - Started process (PID=6225) to work on /opt/airflow/dags/tasks/data_transformation.py
[2025-05-19T23:32:40.133+0000] {processor.py:830} INFO - Processing file /opt/airflow/dags/tasks/data_transformation.py for tasks to queue
[2025-05-19T23:32:40.134+0000] {logging_mixin.py:188} INFO - [2025-05-19T23:32:40.134+0000] {dagbag.py:538} INFO - Filling up the DagBag from /opt/airflow/dags/tasks/data_transformation.py
[2025-05-19T23:32:40.484+0000] {processor.py:842} WARNING - No viable dags retrieved from /opt/airflow/dags/tasks/data_transformation.py
[2025-05-19T23:32:40.494+0000] {processor.py:183} INFO - Processing /opt/airflow/dags/tasks/data_transformation.py took 0.365 seconds
[2025-05-19T23:33:10.816+0000] {processor.py:161} INFO - Started process (PID=6288) to work on /opt/airflow/dags/tasks/data_transformation.py
[2025-05-19T23:33:10.817+0000] {processor.py:830} INFO - Processing file /opt/airflow/dags/tasks/data_transformation.py for tasks to queue
[2025-05-19T23:33:10.819+0000] {logging_mixin.py:188} INFO - [2025-05-19T23:33:10.819+0000] {dagbag.py:538} INFO - Filling up the DagBag from /opt/airflow/dags/tasks/data_transformation.py
[2025-05-19T23:33:11.211+0000] {processor.py:842} WARNING - No viable dags retrieved from /opt/airflow/dags/tasks/data_transformation.py
[2025-05-19T23:33:11.222+0000] {processor.py:183} INFO - Processing /opt/airflow/dags/tasks/data_transformation.py took 0.409 seconds
[2025-05-19T23:33:41.388+0000] {processor.py:161} INFO - Started process (PID=6352) to work on /opt/airflow/dags/tasks/data_transformation.py
[2025-05-19T23:33:41.389+0000] {processor.py:830} INFO - Processing file /opt/airflow/dags/tasks/data_transformation.py for tasks to queue
[2025-05-19T23:33:41.391+0000] {logging_mixin.py:188} INFO - [2025-05-19T23:33:41.391+0000] {dagbag.py:538} INFO - Filling up the DagBag from /opt/airflow/dags/tasks/data_transformation.py
[2025-05-19T23:33:41.757+0000] {processor.py:842} WARNING - No viable dags retrieved from /opt/airflow/dags/tasks/data_transformation.py
[2025-05-19T23:33:41.767+0000] {processor.py:183} INFO - Processing /opt/airflow/dags/tasks/data_transformation.py took 0.382 seconds
