[2025-05-20T07:45:10.003+0000] {processor.py:161} INFO - Started process (PID=43) to work on /opt/airflow/dags/tasks/data_transformation.py
[2025-05-20T07:45:10.005+0000] {processor.py:830} INFO - Processing file /opt/airflow/dags/tasks/data_transformation.py for tasks to queue
[2025-05-20T07:45:10.009+0000] {logging_mixin.py:188} INFO - [2025-05-20T07:45:10.008+0000] {dagbag.py:538} INFO - Filling up the DagBag from /opt/airflow/dags/tasks/data_transformation.py
[2025-05-20T07:45:10.649+0000] {processor.py:842} WARNING - No viable dags retrieved from /opt/airflow/dags/tasks/data_transformation.py
[2025-05-20T07:45:10.674+0000] {processor.py:183} INFO - Processing /opt/airflow/dags/tasks/data_transformation.py took 0.676 seconds
[2025-05-20T07:45:41.384+0000] {processor.py:161} INFO - Started process (PID=108) to work on /opt/airflow/dags/tasks/data_transformation.py
[2025-05-20T07:45:41.390+0000] {processor.py:830} INFO - Processing file /opt/airflow/dags/tasks/data_transformation.py for tasks to queue
[2025-05-20T07:45:41.396+0000] {logging_mixin.py:188} INFO - [2025-05-20T07:45:41.395+0000] {dagbag.py:538} INFO - Filling up the DagBag from /opt/airflow/dags/tasks/data_transformation.py
[2025-05-20T07:45:42.582+0000] {processor.py:842} WARNING - No viable dags retrieved from /opt/airflow/dags/tasks/data_transformation.py
[2025-05-20T07:45:42.607+0000] {processor.py:183} INFO - Processing /opt/airflow/dags/tasks/data_transformation.py took 1.233 seconds
[2025-05-20T07:46:12.754+0000] {processor.py:161} INFO - Started process (PID=172) to work on /opt/airflow/dags/tasks/data_transformation.py
[2025-05-20T07:46:12.757+0000] {processor.py:830} INFO - Processing file /opt/airflow/dags/tasks/data_transformation.py for tasks to queue
[2025-05-20T07:46:12.763+0000] {logging_mixin.py:188} INFO - [2025-05-20T07:46:12.762+0000] {dagbag.py:538} INFO - Filling up the DagBag from /opt/airflow/dags/tasks/data_transformation.py
[2025-05-20T07:46:13.666+0000] {processor.py:842} WARNING - No viable dags retrieved from /opt/airflow/dags/tasks/data_transformation.py
[2025-05-20T07:46:13.707+0000] {processor.py:183} INFO - Processing /opt/airflow/dags/tasks/data_transformation.py took 0.962 seconds
[2025-05-20T07:46:44.563+0000] {processor.py:161} INFO - Started process (PID=238) to work on /opt/airflow/dags/tasks/data_transformation.py
[2025-05-20T07:46:44.565+0000] {processor.py:830} INFO - Processing file /opt/airflow/dags/tasks/data_transformation.py for tasks to queue
[2025-05-20T07:46:44.570+0000] {logging_mixin.py:188} INFO - [2025-05-20T07:46:44.570+0000] {dagbag.py:538} INFO - Filling up the DagBag from /opt/airflow/dags/tasks/data_transformation.py
[2025-05-20T07:46:45.489+0000] {processor.py:842} WARNING - No viable dags retrieved from /opt/airflow/dags/tasks/data_transformation.py
[2025-05-20T07:46:45.513+0000] {processor.py:183} INFO - Processing /opt/airflow/dags/tasks/data_transformation.py took 0.956 seconds
[2025-05-20T07:47:16.369+0000] {processor.py:161} INFO - Started process (PID=303) to work on /opt/airflow/dags/tasks/data_transformation.py
[2025-05-20T07:47:16.371+0000] {processor.py:830} INFO - Processing file /opt/airflow/dags/tasks/data_transformation.py for tasks to queue
[2025-05-20T07:47:16.382+0000] {logging_mixin.py:188} INFO - [2025-05-20T07:47:16.377+0000] {dagbag.py:538} INFO - Filling up the DagBag from /opt/airflow/dags/tasks/data_transformation.py
[2025-05-20T07:47:17.296+0000] {processor.py:842} WARNING - No viable dags retrieved from /opt/airflow/dags/tasks/data_transformation.py
[2025-05-20T07:47:17.321+0000] {processor.py:183} INFO - Processing /opt/airflow/dags/tasks/data_transformation.py took 0.959 seconds
[2025-05-20T07:47:47.956+0000] {processor.py:161} INFO - Started process (PID=367) to work on /opt/airflow/dags/tasks/data_transformation.py
[2025-05-20T07:47:47.959+0000] {processor.py:830} INFO - Processing file /opt/airflow/dags/tasks/data_transformation.py for tasks to queue
[2025-05-20T07:47:47.967+0000] {logging_mixin.py:188} INFO - [2025-05-20T07:47:47.966+0000] {dagbag.py:538} INFO - Filling up the DagBag from /opt/airflow/dags/tasks/data_transformation.py
[2025-05-20T07:47:48.888+0000] {processor.py:842} WARNING - No viable dags retrieved from /opt/airflow/dags/tasks/data_transformation.py
[2025-05-20T07:47:48.909+0000] {processor.py:183} INFO - Processing /opt/airflow/dags/tasks/data_transformation.py took 0.964 seconds
[2025-05-20T07:48:19.170+0000] {processor.py:161} INFO - Started process (PID=431) to work on /opt/airflow/dags/tasks/data_transformation.py
[2025-05-20T07:48:19.174+0000] {processor.py:830} INFO - Processing file /opt/airflow/dags/tasks/data_transformation.py for tasks to queue
[2025-05-20T07:48:19.186+0000] {logging_mixin.py:188} INFO - [2025-05-20T07:48:19.184+0000] {dagbag.py:538} INFO - Filling up the DagBag from /opt/airflow/dags/tasks/data_transformation.py
[2025-05-20T07:48:20.340+0000] {processor.py:842} WARNING - No viable dags retrieved from /opt/airflow/dags/tasks/data_transformation.py
[2025-05-20T07:48:20.365+0000] {processor.py:183} INFO - Processing /opt/airflow/dags/tasks/data_transformation.py took 1.211 seconds
[2025-05-20T07:48:50.807+0000] {processor.py:161} INFO - Started process (PID=496) to work on /opt/airflow/dags/tasks/data_transformation.py
[2025-05-20T07:48:50.809+0000] {processor.py:830} INFO - Processing file /opt/airflow/dags/tasks/data_transformation.py for tasks to queue
[2025-05-20T07:48:50.812+0000] {logging_mixin.py:188} INFO - [2025-05-20T07:48:50.812+0000] {dagbag.py:538} INFO - Filling up the DagBag from /opt/airflow/dags/tasks/data_transformation.py
[2025-05-20T07:48:51.511+0000] {processor.py:842} WARNING - No viable dags retrieved from /opt/airflow/dags/tasks/data_transformation.py
[2025-05-20T07:48:51.542+0000] {processor.py:183} INFO - Processing /opt/airflow/dags/tasks/data_transformation.py took 0.741 seconds
[2025-05-20T07:49:21.806+0000] {processor.py:161} INFO - Started process (PID=564) to work on /opt/airflow/dags/tasks/data_transformation.py
[2025-05-20T07:49:21.812+0000] {processor.py:830} INFO - Processing file /opt/airflow/dags/tasks/data_transformation.py for tasks to queue
[2025-05-20T07:49:21.823+0000] {logging_mixin.py:188} INFO - [2025-05-20T07:49:21.822+0000] {dagbag.py:538} INFO - Filling up the DagBag from /opt/airflow/dags/tasks/data_transformation.py
[2025-05-20T07:49:22.602+0000] {processor.py:842} WARNING - No viable dags retrieved from /opt/airflow/dags/tasks/data_transformation.py
[2025-05-20T07:49:22.623+0000] {processor.py:183} INFO - Processing /opt/airflow/dags/tasks/data_transformation.py took 0.831 seconds
[2025-05-20T07:49:53.180+0000] {processor.py:161} INFO - Started process (PID=628) to work on /opt/airflow/dags/tasks/data_transformation.py
[2025-05-20T07:49:53.182+0000] {processor.py:830} INFO - Processing file /opt/airflow/dags/tasks/data_transformation.py for tasks to queue
[2025-05-20T07:49:53.189+0000] {logging_mixin.py:188} INFO - [2025-05-20T07:49:53.188+0000] {dagbag.py:538} INFO - Filling up the DagBag from /opt/airflow/dags/tasks/data_transformation.py
[2025-05-20T07:49:53.961+0000] {processor.py:842} WARNING - No viable dags retrieved from /opt/airflow/dags/tasks/data_transformation.py
[2025-05-20T07:49:53.984+0000] {processor.py:183} INFO - Processing /opt/airflow/dags/tasks/data_transformation.py took 0.812 seconds
[2025-05-20T07:50:24.799+0000] {processor.py:161} INFO - Started process (PID=693) to work on /opt/airflow/dags/tasks/data_transformation.py
[2025-05-20T07:50:24.801+0000] {processor.py:830} INFO - Processing file /opt/airflow/dags/tasks/data_transformation.py for tasks to queue
[2025-05-20T07:50:24.813+0000] {logging_mixin.py:188} INFO - [2025-05-20T07:50:24.812+0000] {dagbag.py:538} INFO - Filling up the DagBag from /opt/airflow/dags/tasks/data_transformation.py
[2025-05-20T07:50:25.572+0000] {processor.py:842} WARNING - No viable dags retrieved from /opt/airflow/dags/tasks/data_transformation.py
[2025-05-20T07:50:25.595+0000] {processor.py:183} INFO - Processing /opt/airflow/dags/tasks/data_transformation.py took 0.805 seconds
[2025-05-20T07:50:55.855+0000] {processor.py:161} INFO - Started process (PID=758) to work on /opt/airflow/dags/tasks/data_transformation.py
[2025-05-20T07:50:55.861+0000] {processor.py:830} INFO - Processing file /opt/airflow/dags/tasks/data_transformation.py for tasks to queue
[2025-05-20T07:50:55.872+0000] {logging_mixin.py:188} INFO - [2025-05-20T07:50:55.870+0000] {dagbag.py:538} INFO - Filling up the DagBag from /opt/airflow/dags/tasks/data_transformation.py
[2025-05-20T07:50:56.821+0000] {processor.py:842} WARNING - No viable dags retrieved from /opt/airflow/dags/tasks/data_transformation.py
[2025-05-20T07:50:56.849+0000] {processor.py:183} INFO - Processing /opt/airflow/dags/tasks/data_transformation.py took 1.013 seconds
[2025-05-20T07:51:27.685+0000] {processor.py:161} INFO - Started process (PID=823) to work on /opt/airflow/dags/tasks/data_transformation.py
[2025-05-20T07:51:27.689+0000] {processor.py:830} INFO - Processing file /opt/airflow/dags/tasks/data_transformation.py for tasks to queue
[2025-05-20T07:51:27.696+0000] {logging_mixin.py:188} INFO - [2025-05-20T07:51:27.695+0000] {dagbag.py:538} INFO - Filling up the DagBag from /opt/airflow/dags/tasks/data_transformation.py
[2025-05-20T07:51:28.634+0000] {processor.py:842} WARNING - No viable dags retrieved from /opt/airflow/dags/tasks/data_transformation.py
[2025-05-20T07:51:28.660+0000] {processor.py:183} INFO - Processing /opt/airflow/dags/tasks/data_transformation.py took 0.987 seconds
[2025-05-20T07:51:59.087+0000] {processor.py:161} INFO - Started process (PID=888) to work on /opt/airflow/dags/tasks/data_transformation.py
[2025-05-20T07:51:59.091+0000] {processor.py:830} INFO - Processing file /opt/airflow/dags/tasks/data_transformation.py for tasks to queue
[2025-05-20T07:51:59.098+0000] {logging_mixin.py:188} INFO - [2025-05-20T07:51:59.097+0000] {dagbag.py:538} INFO - Filling up the DagBag from /opt/airflow/dags/tasks/data_transformation.py
[2025-05-20T07:52:00.125+0000] {processor.py:842} WARNING - No viable dags retrieved from /opt/airflow/dags/tasks/data_transformation.py
[2025-05-20T07:52:00.143+0000] {processor.py:183} INFO - Processing /opt/airflow/dags/tasks/data_transformation.py took 1.071 seconds
[2025-05-20T07:52:30.467+0000] {processor.py:161} INFO - Started process (PID=953) to work on /opt/airflow/dags/tasks/data_transformation.py
[2025-05-20T07:52:30.471+0000] {processor.py:830} INFO - Processing file /opt/airflow/dags/tasks/data_transformation.py for tasks to queue
[2025-05-20T07:52:30.479+0000] {logging_mixin.py:188} INFO - [2025-05-20T07:52:30.478+0000] {dagbag.py:538} INFO - Filling up the DagBag from /opt/airflow/dags/tasks/data_transformation.py
[2025-05-20T07:52:31.425+0000] {processor.py:842} WARNING - No viable dags retrieved from /opt/airflow/dags/tasks/data_transformation.py
[2025-05-20T07:52:31.445+0000] {processor.py:183} INFO - Processing /opt/airflow/dags/tasks/data_transformation.py took 0.992 seconds
[2025-05-20T07:53:02.206+0000] {processor.py:161} INFO - Started process (PID=1018) to work on /opt/airflow/dags/tasks/data_transformation.py
[2025-05-20T07:53:02.207+0000] {processor.py:830} INFO - Processing file /opt/airflow/dags/tasks/data_transformation.py for tasks to queue
[2025-05-20T07:53:02.212+0000] {logging_mixin.py:188} INFO - [2025-05-20T07:53:02.211+0000] {dagbag.py:538} INFO - Filling up the DagBag from /opt/airflow/dags/tasks/data_transformation.py
[2025-05-20T07:53:03.106+0000] {processor.py:842} WARNING - No viable dags retrieved from /opt/airflow/dags/tasks/data_transformation.py
[2025-05-20T07:53:03.126+0000] {processor.py:183} INFO - Processing /opt/airflow/dags/tasks/data_transformation.py took 0.928 seconds
[2025-05-20T07:53:33.930+0000] {processor.py:161} INFO - Started process (PID=1089) to work on /opt/airflow/dags/tasks/data_transformation.py
[2025-05-20T07:53:33.936+0000] {processor.py:830} INFO - Processing file /opt/airflow/dags/tasks/data_transformation.py for tasks to queue
[2025-05-20T07:53:33.947+0000] {logging_mixin.py:188} INFO - [2025-05-20T07:53:33.945+0000] {dagbag.py:538} INFO - Filling up the DagBag from /opt/airflow/dags/tasks/data_transformation.py
[2025-05-20T07:53:34.942+0000] {processor.py:842} WARNING - No viable dags retrieved from /opt/airflow/dags/tasks/data_transformation.py
[2025-05-20T07:53:34.970+0000] {processor.py:183} INFO - Processing /opt/airflow/dags/tasks/data_transformation.py took 1.053 seconds
[2025-05-20T07:54:05.265+0000] {processor.py:161} INFO - Started process (PID=1154) to work on /opt/airflow/dags/tasks/data_transformation.py
[2025-05-20T07:54:05.268+0000] {processor.py:830} INFO - Processing file /opt/airflow/dags/tasks/data_transformation.py for tasks to queue
[2025-05-20T07:54:05.273+0000] {logging_mixin.py:188} INFO - [2025-05-20T07:54:05.272+0000] {dagbag.py:538} INFO - Filling up the DagBag from /opt/airflow/dags/tasks/data_transformation.py
[2025-05-20T07:54:06.161+0000] {processor.py:842} WARNING - No viable dags retrieved from /opt/airflow/dags/tasks/data_transformation.py
[2025-05-20T07:54:06.183+0000] {processor.py:183} INFO - Processing /opt/airflow/dags/tasks/data_transformation.py took 0.925 seconds
[2025-05-20T07:54:36.763+0000] {processor.py:161} INFO - Started process (PID=1219) to work on /opt/airflow/dags/tasks/data_transformation.py
[2025-05-20T07:54:36.764+0000] {processor.py:830} INFO - Processing file /opt/airflow/dags/tasks/data_transformation.py for tasks to queue
[2025-05-20T07:54:36.768+0000] {logging_mixin.py:188} INFO - [2025-05-20T07:54:36.768+0000] {dagbag.py:538} INFO - Filling up the DagBag from /opt/airflow/dags/tasks/data_transformation.py
[2025-05-20T07:54:37.651+0000] {processor.py:842} WARNING - No viable dags retrieved from /opt/airflow/dags/tasks/data_transformation.py
[2025-05-20T07:54:37.675+0000] {processor.py:183} INFO - Processing /opt/airflow/dags/tasks/data_transformation.py took 0.919 seconds
[2025-05-20T07:55:08.415+0000] {processor.py:161} INFO - Started process (PID=1284) to work on /opt/airflow/dags/tasks/data_transformation.py
[2025-05-20T07:55:08.417+0000] {processor.py:830} INFO - Processing file /opt/airflow/dags/tasks/data_transformation.py for tasks to queue
[2025-05-20T07:55:08.423+0000] {logging_mixin.py:188} INFO - [2025-05-20T07:55:08.422+0000] {dagbag.py:538} INFO - Filling up the DagBag from /opt/airflow/dags/tasks/data_transformation.py
[2025-05-20T07:55:09.258+0000] {processor.py:842} WARNING - No viable dags retrieved from /opt/airflow/dags/tasks/data_transformation.py
[2025-05-20T07:55:09.277+0000] {processor.py:183} INFO - Processing /opt/airflow/dags/tasks/data_transformation.py took 0.868 seconds
[2025-05-20T07:55:39.560+0000] {processor.py:161} INFO - Started process (PID=1349) to work on /opt/airflow/dags/tasks/data_transformation.py
[2025-05-20T07:55:39.565+0000] {processor.py:830} INFO - Processing file /opt/airflow/dags/tasks/data_transformation.py for tasks to queue
[2025-05-20T07:55:39.572+0000] {logging_mixin.py:188} INFO - [2025-05-20T07:55:39.570+0000] {dagbag.py:538} INFO - Filling up the DagBag from /opt/airflow/dags/tasks/data_transformation.py
[2025-05-20T07:55:40.365+0000] {processor.py:842} WARNING - No viable dags retrieved from /opt/airflow/dags/tasks/data_transformation.py
[2025-05-20T07:55:40.383+0000] {processor.py:183} INFO - Processing /opt/airflow/dags/tasks/data_transformation.py took 0.836 seconds
[2025-05-20T07:56:10.995+0000] {processor.py:161} INFO - Started process (PID=1414) to work on /opt/airflow/dags/tasks/data_transformation.py
[2025-05-20T07:56:10.999+0000] {processor.py:830} INFO - Processing file /opt/airflow/dags/tasks/data_transformation.py for tasks to queue
[2025-05-20T07:56:11.006+0000] {logging_mixin.py:188} INFO - [2025-05-20T07:56:11.005+0000] {dagbag.py:538} INFO - Filling up the DagBag from /opt/airflow/dags/tasks/data_transformation.py
[2025-05-20T07:56:12.118+0000] {processor.py:842} WARNING - No viable dags retrieved from /opt/airflow/dags/tasks/data_transformation.py
[2025-05-20T07:56:12.139+0000] {processor.py:183} INFO - Processing /opt/airflow/dags/tasks/data_transformation.py took 1.154 seconds
[2025-05-20T07:56:42.813+0000] {processor.py:161} INFO - Started process (PID=1479) to work on /opt/airflow/dags/tasks/data_transformation.py
[2025-05-20T07:56:42.818+0000] {processor.py:830} INFO - Processing file /opt/airflow/dags/tasks/data_transformation.py for tasks to queue
[2025-05-20T07:56:42.829+0000] {logging_mixin.py:188} INFO - [2025-05-20T07:56:42.827+0000] {dagbag.py:538} INFO - Filling up the DagBag from /opt/airflow/dags/tasks/data_transformation.py
[2025-05-20T07:56:43.812+0000] {processor.py:842} WARNING - No viable dags retrieved from /opt/airflow/dags/tasks/data_transformation.py
[2025-05-20T07:56:43.856+0000] {processor.py:183} INFO - Processing /opt/airflow/dags/tasks/data_transformation.py took 1.057 seconds
[2025-05-20T07:57:14.291+0000] {processor.py:161} INFO - Started process (PID=1544) to work on /opt/airflow/dags/tasks/data_transformation.py
[2025-05-20T07:57:14.293+0000] {processor.py:830} INFO - Processing file /opt/airflow/dags/tasks/data_transformation.py for tasks to queue
[2025-05-20T07:57:14.296+0000] {logging_mixin.py:188} INFO - [2025-05-20T07:57:14.296+0000] {dagbag.py:538} INFO - Filling up the DagBag from /opt/airflow/dags/tasks/data_transformation.py
[2025-05-20T07:57:15.088+0000] {processor.py:842} WARNING - No viable dags retrieved from /opt/airflow/dags/tasks/data_transformation.py
[2025-05-20T07:57:15.114+0000] {processor.py:183} INFO - Processing /opt/airflow/dags/tasks/data_transformation.py took 0.828 seconds
[2025-05-20T07:57:45.560+0000] {processor.py:161} INFO - Started process (PID=1609) to work on /opt/airflow/dags/tasks/data_transformation.py
[2025-05-20T07:57:45.561+0000] {processor.py:830} INFO - Processing file /opt/airflow/dags/tasks/data_transformation.py for tasks to queue
[2025-05-20T07:57:45.565+0000] {logging_mixin.py:188} INFO - [2025-05-20T07:57:45.565+0000] {dagbag.py:538} INFO - Filling up the DagBag from /opt/airflow/dags/tasks/data_transformation.py
[2025-05-20T07:57:46.325+0000] {processor.py:842} WARNING - No viable dags retrieved from /opt/airflow/dags/tasks/data_transformation.py
[2025-05-20T07:57:46.346+0000] {processor.py:183} INFO - Processing /opt/airflow/dags/tasks/data_transformation.py took 0.792 seconds
[2025-05-20T07:58:17.031+0000] {processor.py:161} INFO - Started process (PID=1674) to work on /opt/airflow/dags/tasks/data_transformation.py
[2025-05-20T07:58:17.035+0000] {processor.py:830} INFO - Processing file /opt/airflow/dags/tasks/data_transformation.py for tasks to queue
[2025-05-20T07:58:17.041+0000] {logging_mixin.py:188} INFO - [2025-05-20T07:58:17.040+0000] {dagbag.py:538} INFO - Filling up the DagBag from /opt/airflow/dags/tasks/data_transformation.py
[2025-05-20T07:58:18.158+0000] {processor.py:842} WARNING - No viable dags retrieved from /opt/airflow/dags/tasks/data_transformation.py
[2025-05-20T07:58:18.182+0000] {processor.py:183} INFO - Processing /opt/airflow/dags/tasks/data_transformation.py took 1.163 seconds
[2025-05-20T07:58:49.124+0000] {processor.py:161} INFO - Started process (PID=1739) to work on /opt/airflow/dags/tasks/data_transformation.py
[2025-05-20T07:58:49.126+0000] {processor.py:830} INFO - Processing file /opt/airflow/dags/tasks/data_transformation.py for tasks to queue
[2025-05-20T07:58:49.129+0000] {logging_mixin.py:188} INFO - [2025-05-20T07:58:49.128+0000] {dagbag.py:538} INFO - Filling up the DagBag from /opt/airflow/dags/tasks/data_transformation.py
[2025-05-20T07:58:49.824+0000] {processor.py:842} WARNING - No viable dags retrieved from /opt/airflow/dags/tasks/data_transformation.py
[2025-05-20T07:58:49.842+0000] {processor.py:183} INFO - Processing /opt/airflow/dags/tasks/data_transformation.py took 0.724 seconds
[2025-05-20T07:59:20.095+0000] {processor.py:161} INFO - Started process (PID=1804) to work on /opt/airflow/dags/tasks/data_transformation.py
[2025-05-20T07:59:20.097+0000] {processor.py:830} INFO - Processing file /opt/airflow/dags/tasks/data_transformation.py for tasks to queue
[2025-05-20T07:59:20.101+0000] {logging_mixin.py:188} INFO - [2025-05-20T07:59:20.100+0000] {dagbag.py:538} INFO - Filling up the DagBag from /opt/airflow/dags/tasks/data_transformation.py
[2025-05-20T07:59:20.907+0000] {processor.py:842} WARNING - No viable dags retrieved from /opt/airflow/dags/tasks/data_transformation.py
[2025-05-20T07:59:20.953+0000] {processor.py:183} INFO - Processing /opt/airflow/dags/tasks/data_transformation.py took 0.864 seconds
[2025-05-20T07:59:51.204+0000] {processor.py:161} INFO - Started process (PID=1869) to work on /opt/airflow/dags/tasks/data_transformation.py
[2025-05-20T07:59:51.207+0000] {processor.py:830} INFO - Processing file /opt/airflow/dags/tasks/data_transformation.py for tasks to queue
[2025-05-20T07:59:51.211+0000] {logging_mixin.py:188} INFO - [2025-05-20T07:59:51.210+0000] {dagbag.py:538} INFO - Filling up the DagBag from /opt/airflow/dags/tasks/data_transformation.py
[2025-05-20T07:59:51.963+0000] {processor.py:842} WARNING - No viable dags retrieved from /opt/airflow/dags/tasks/data_transformation.py
[2025-05-20T07:59:51.983+0000] {processor.py:183} INFO - Processing /opt/airflow/dags/tasks/data_transformation.py took 0.787 seconds
[2025-05-20T08:00:22.889+0000] {processor.py:161} INFO - Started process (PID=1934) to work on /opt/airflow/dags/tasks/data_transformation.py
[2025-05-20T08:00:22.891+0000] {processor.py:830} INFO - Processing file /opt/airflow/dags/tasks/data_transformation.py for tasks to queue
[2025-05-20T08:00:22.897+0000] {logging_mixin.py:188} INFO - [2025-05-20T08:00:22.896+0000] {dagbag.py:538} INFO - Filling up the DagBag from /opt/airflow/dags/tasks/data_transformation.py
[2025-05-20T08:00:23.909+0000] {processor.py:842} WARNING - No viable dags retrieved from /opt/airflow/dags/tasks/data_transformation.py
[2025-05-20T08:00:23.956+0000] {processor.py:183} INFO - Processing /opt/airflow/dags/tasks/data_transformation.py took 1.072 seconds
[2025-05-20T08:00:54.193+0000] {processor.py:161} INFO - Started process (PID=1999) to work on /opt/airflow/dags/tasks/data_transformation.py
[2025-05-20T08:00:54.196+0000] {processor.py:830} INFO - Processing file /opt/airflow/dags/tasks/data_transformation.py for tasks to queue
[2025-05-20T08:00:54.199+0000] {logging_mixin.py:188} INFO - [2025-05-20T08:00:54.199+0000] {dagbag.py:538} INFO - Filling up the DagBag from /opt/airflow/dags/tasks/data_transformation.py
[2025-05-20T08:00:55.081+0000] {processor.py:842} WARNING - No viable dags retrieved from /opt/airflow/dags/tasks/data_transformation.py
[2025-05-20T08:00:55.106+0000] {processor.py:183} INFO - Processing /opt/airflow/dags/tasks/data_transformation.py took 0.924 seconds
[2025-05-20T08:01:25.706+0000] {processor.py:161} INFO - Started process (PID=2064) to work on /opt/airflow/dags/tasks/data_transformation.py
[2025-05-20T08:01:25.708+0000] {processor.py:830} INFO - Processing file /opt/airflow/dags/tasks/data_transformation.py for tasks to queue
[2025-05-20T08:01:25.715+0000] {logging_mixin.py:188} INFO - [2025-05-20T08:01:25.714+0000] {dagbag.py:538} INFO - Filling up the DagBag from /opt/airflow/dags/tasks/data_transformation.py
[2025-05-20T08:01:26.300+0000] {processor.py:842} WARNING - No viable dags retrieved from /opt/airflow/dags/tasks/data_transformation.py
[2025-05-20T08:01:26.319+0000] {processor.py:183} INFO - Processing /opt/airflow/dags/tasks/data_transformation.py took 0.622 seconds
[2025-05-20T08:01:56.833+0000] {processor.py:161} INFO - Started process (PID=2129) to work on /opt/airflow/dags/tasks/data_transformation.py
[2025-05-20T08:01:56.837+0000] {processor.py:830} INFO - Processing file /opt/airflow/dags/tasks/data_transformation.py for tasks to queue
[2025-05-20T08:01:56.844+0000] {logging_mixin.py:188} INFO - [2025-05-20T08:01:56.843+0000] {dagbag.py:538} INFO - Filling up the DagBag from /opt/airflow/dags/tasks/data_transformation.py
[2025-05-20T08:01:57.618+0000] {processor.py:842} WARNING - No viable dags retrieved from /opt/airflow/dags/tasks/data_transformation.py
[2025-05-20T08:01:57.640+0000] {processor.py:183} INFO - Processing /opt/airflow/dags/tasks/data_transformation.py took 0.821 seconds
[2025-05-20T08:02:27.986+0000] {processor.py:161} INFO - Started process (PID=2194) to work on /opt/airflow/dags/tasks/data_transformation.py
[2025-05-20T08:02:27.990+0000] {processor.py:830} INFO - Processing file /opt/airflow/dags/tasks/data_transformation.py for tasks to queue
[2025-05-20T08:02:27.999+0000] {logging_mixin.py:188} INFO - [2025-05-20T08:02:27.998+0000] {dagbag.py:538} INFO - Filling up the DagBag from /opt/airflow/dags/tasks/data_transformation.py
[2025-05-20T08:02:28.732+0000] {processor.py:842} WARNING - No viable dags retrieved from /opt/airflow/dags/tasks/data_transformation.py
[2025-05-20T08:02:28.757+0000] {processor.py:183} INFO - Processing /opt/airflow/dags/tasks/data_transformation.py took 0.783 seconds
[2025-05-20T08:02:59.210+0000] {processor.py:161} INFO - Started process (PID=2260) to work on /opt/airflow/dags/tasks/data_transformation.py
[2025-05-20T08:02:59.212+0000] {processor.py:830} INFO - Processing file /opt/airflow/dags/tasks/data_transformation.py for tasks to queue
[2025-05-20T08:02:59.217+0000] {logging_mixin.py:188} INFO - [2025-05-20T08:02:59.216+0000] {dagbag.py:538} INFO - Filling up the DagBag from /opt/airflow/dags/tasks/data_transformation.py
[2025-05-20T08:03:00.008+0000] {processor.py:842} WARNING - No viable dags retrieved from /opt/airflow/dags/tasks/data_transformation.py
[2025-05-20T08:03:00.054+0000] {processor.py:183} INFO - Processing /opt/airflow/dags/tasks/data_transformation.py took 0.850 seconds
[2025-05-20T08:03:30.933+0000] {processor.py:161} INFO - Started process (PID=2325) to work on /opt/airflow/dags/tasks/data_transformation.py
[2025-05-20T08:03:30.935+0000] {processor.py:830} INFO - Processing file /opt/airflow/dags/tasks/data_transformation.py for tasks to queue
[2025-05-20T08:03:30.940+0000] {logging_mixin.py:188} INFO - [2025-05-20T08:03:30.939+0000] {dagbag.py:538} INFO - Filling up the DagBag from /opt/airflow/dags/tasks/data_transformation.py
[2025-05-20T08:03:31.557+0000] {processor.py:842} WARNING - No viable dags retrieved from /opt/airflow/dags/tasks/data_transformation.py
[2025-05-20T08:03:31.580+0000] {processor.py:183} INFO - Processing /opt/airflow/dags/tasks/data_transformation.py took 0.656 seconds
[2025-05-20T08:04:01.770+0000] {processor.py:161} INFO - Started process (PID=2390) to work on /opt/airflow/dags/tasks/data_transformation.py
[2025-05-20T08:04:01.773+0000] {processor.py:830} INFO - Processing file /opt/airflow/dags/tasks/data_transformation.py for tasks to queue
[2025-05-20T08:04:01.777+0000] {logging_mixin.py:188} INFO - [2025-05-20T08:04:01.776+0000] {dagbag.py:538} INFO - Filling up the DagBag from /opt/airflow/dags/tasks/data_transformation.py
[2025-05-20T08:04:02.364+0000] {processor.py:842} WARNING - No viable dags retrieved from /opt/airflow/dags/tasks/data_transformation.py
[2025-05-20T08:04:02.390+0000] {processor.py:183} INFO - Processing /opt/airflow/dags/tasks/data_transformation.py took 0.626 seconds
