[2025-05-20T07:45:06.728+0000] {processor.py:161} INFO - Started process (PID=39) to work on /opt/airflow/dags/flight_price_pipeline.py
[2025-05-20T07:45:06.743+0000] {processor.py:830} INFO - Processing file /opt/airflow/dags/flight_price_pipeline.py for tasks to queue
[2025-05-20T07:45:06.760+0000] {logging_mixin.py:188} INFO - [2025-05-20T07:45:06.757+0000] {dagbag.py:538} INFO - Filling up the DagBag from /opt/airflow/dags/flight_price_pipeline.py
[2025-05-20T07:45:10.010+0000] {processor.py:840} INFO - DAG(s) 'flight_price_analysis' retrieved from /opt/airflow/dags/flight_price_pipeline.py
[2025-05-20T07:45:10.653+0000] {logging_mixin.py:188} INFO - [2025-05-20T07:45:10.652+0000] {dag.py:3036} INFO - Sync 1 DAGs
[2025-05-20T07:45:10.654+0000] {logging_mixin.py:188} WARNING - 2025-05-20 07:45:10,652 - airflow.models.dag - INFO - Sync 1 DAGs
[2025-05-20T07:45:10.674+0000] {logging_mixin.py:188} INFO - [2025-05-20T07:45:10.674+0000] {dag.py:3823} INFO - Setting next_dagrun for flight_price_analysis to None, run_after=None
[2025-05-20T07:45:10.675+0000] {logging_mixin.py:188} WARNING - 2025-05-20 07:45:10,674 - airflow.models.dag - INFO - Setting next_dagrun for flight_price_analysis to None, run_after=None
[2025-05-20T07:45:10.720+0000] {processor.py:183} INFO - Processing /opt/airflow/dags/flight_price_pipeline.py took 4.024 seconds
[2025-05-20T07:45:40.929+0000] {processor.py:161} INFO - Started process (PID=106) to work on /opt/airflow/dags/flight_price_pipeline.py
[2025-05-20T07:45:40.933+0000] {processor.py:830} INFO - Processing file /opt/airflow/dags/flight_price_pipeline.py for tasks to queue
[2025-05-20T07:45:40.940+0000] {logging_mixin.py:188} INFO - [2025-05-20T07:45:40.939+0000] {dagbag.py:538} INFO - Filling up the DagBag from /opt/airflow/dags/flight_price_pipeline.py
[2025-05-20T07:45:42.284+0000] {processor.py:840} INFO - DAG(s) 'flight_price_analysis' retrieved from /opt/airflow/dags/flight_price_pipeline.py
[2025-05-20T07:45:42.325+0000] {logging_mixin.py:188} INFO - [2025-05-20T07:45:42.325+0000] {dag.py:3036} INFO - Sync 1 DAGs
[2025-05-20T07:45:42.327+0000] {logging_mixin.py:188} WARNING - 2025-05-20 07:45:42,325 - airflow.models.dag - INFO - Sync 1 DAGs
[2025-05-20T07:45:42.356+0000] {logging_mixin.py:188} INFO - [2025-05-20T07:45:42.355+0000] {dag.py:3823} INFO - Setting next_dagrun for flight_price_analysis to None, run_after=None
[2025-05-20T07:45:42.357+0000] {logging_mixin.py:188} WARNING - 2025-05-20 07:45:42,355 - airflow.models.dag - INFO - Setting next_dagrun for flight_price_analysis to None, run_after=None
[2025-05-20T07:45:42.406+0000] {processor.py:183} INFO - Processing /opt/airflow/dags/flight_price_pipeline.py took 1.488 seconds
[2025-05-20T07:46:12.728+0000] {processor.py:161} INFO - Started process (PID=171) to work on /opt/airflow/dags/flight_price_pipeline.py
[2025-05-20T07:46:12.730+0000] {processor.py:830} INFO - Processing file /opt/airflow/dags/flight_price_pipeline.py for tasks to queue
[2025-05-20T07:46:12.737+0000] {logging_mixin.py:188} INFO - [2025-05-20T07:46:12.736+0000] {dagbag.py:538} INFO - Filling up the DagBag from /opt/airflow/dags/flight_price_pipeline.py
[2025-05-20T07:46:13.774+0000] {processor.py:840} INFO - DAG(s) 'flight_price_analysis' retrieved from /opt/airflow/dags/flight_price_pipeline.py
[2025-05-20T07:46:13.805+0000] {logging_mixin.py:188} INFO - [2025-05-20T07:46:13.804+0000] {dag.py:3036} INFO - Sync 1 DAGs
[2025-05-20T07:46:13.812+0000] {logging_mixin.py:188} WARNING - 2025-05-20 07:46:13,804 - airflow.models.dag - INFO - Sync 1 DAGs
[2025-05-20T07:46:13.836+0000] {logging_mixin.py:188} INFO - [2025-05-20T07:46:13.836+0000] {dag.py:3823} INFO - Setting next_dagrun for flight_price_analysis to None, run_after=None
[2025-05-20T07:46:13.837+0000] {logging_mixin.py:188} WARNING - 2025-05-20 07:46:13,836 - airflow.models.dag - INFO - Setting next_dagrun for flight_price_analysis to None, run_after=None
[2025-05-20T07:46:13.875+0000] {processor.py:183} INFO - Processing /opt/airflow/dags/flight_price_pipeline.py took 1.156 seconds
[2025-05-20T07:46:44.314+0000] {processor.py:161} INFO - Started process (PID=236) to work on /opt/airflow/dags/flight_price_pipeline.py
[2025-05-20T07:46:44.316+0000] {processor.py:830} INFO - Processing file /opt/airflow/dags/flight_price_pipeline.py for tasks to queue
[2025-05-20T07:46:44.322+0000] {logging_mixin.py:188} INFO - [2025-05-20T07:46:44.320+0000] {dagbag.py:538} INFO - Filling up the DagBag from /opt/airflow/dags/flight_price_pipeline.py
[2025-05-20T07:46:45.285+0000] {processor.py:840} INFO - DAG(s) 'flight_price_analysis' retrieved from /opt/airflow/dags/flight_price_pipeline.py
[2025-05-20T07:46:45.327+0000] {logging_mixin.py:188} INFO - [2025-05-20T07:46:45.326+0000] {dag.py:3036} INFO - Sync 1 DAGs
[2025-05-20T07:46:45.329+0000] {logging_mixin.py:188} WARNING - 2025-05-20 07:46:45,326 - airflow.models.dag - INFO - Sync 1 DAGs
[2025-05-20T07:46:45.358+0000] {logging_mixin.py:188} INFO - [2025-05-20T07:46:45.357+0000] {dag.py:3823} INFO - Setting next_dagrun for flight_price_analysis to None, run_after=None
[2025-05-20T07:46:45.360+0000] {logging_mixin.py:188} WARNING - 2025-05-20 07:46:45,357 - airflow.models.dag - INFO - Setting next_dagrun for flight_price_analysis to None, run_after=None
[2025-05-20T07:46:45.412+0000] {processor.py:183} INFO - Processing /opt/airflow/dags/flight_price_pipeline.py took 1.116 seconds
[2025-05-20T07:47:16.017+0000] {processor.py:161} INFO - Started process (PID=301) to work on /opt/airflow/dags/flight_price_pipeline.py
[2025-05-20T07:47:16.028+0000] {processor.py:830} INFO - Processing file /opt/airflow/dags/flight_price_pipeline.py for tasks to queue
[2025-05-20T07:47:16.037+0000] {logging_mixin.py:188} INFO - [2025-05-20T07:47:16.035+0000] {dagbag.py:538} INFO - Filling up the DagBag from /opt/airflow/dags/flight_price_pipeline.py
[2025-05-20T07:47:17.197+0000] {processor.py:840} INFO - DAG(s) 'flight_price_analysis' retrieved from /opt/airflow/dags/flight_price_pipeline.py
[2025-05-20T07:47:17.228+0000] {logging_mixin.py:188} INFO - [2025-05-20T07:47:17.227+0000] {dag.py:3036} INFO - Sync 1 DAGs
[2025-05-20T07:47:17.229+0000] {logging_mixin.py:188} WARNING - 2025-05-20 07:47:17,227 - airflow.models.dag - INFO - Sync 1 DAGs
[2025-05-20T07:47:17.258+0000] {logging_mixin.py:188} INFO - [2025-05-20T07:47:17.257+0000] {dag.py:3823} INFO - Setting next_dagrun for flight_price_analysis to None, run_after=None
[2025-05-20T07:47:17.259+0000] {logging_mixin.py:188} WARNING - 2025-05-20 07:47:17,257 - airflow.models.dag - INFO - Setting next_dagrun for flight_price_analysis to None, run_after=None
[2025-05-20T07:47:17.296+0000] {processor.py:183} INFO - Processing /opt/airflow/dags/flight_price_pipeline.py took 1.295 seconds
[2025-05-20T07:47:47.922+0000] {processor.py:161} INFO - Started process (PID=366) to work on /opt/airflow/dags/flight_price_pipeline.py
[2025-05-20T07:47:47.925+0000] {processor.py:830} INFO - Processing file /opt/airflow/dags/flight_price_pipeline.py for tasks to queue
[2025-05-20T07:47:47.931+0000] {logging_mixin.py:188} INFO - [2025-05-20T07:47:47.930+0000] {dagbag.py:538} INFO - Filling up the DagBag from /opt/airflow/dags/flight_price_pipeline.py
[2025-05-20T07:47:48.986+0000] {processor.py:840} INFO - DAG(s) 'flight_price_analysis' retrieved from /opt/airflow/dags/flight_price_pipeline.py
[2025-05-20T07:47:49.024+0000] {logging_mixin.py:188} INFO - [2025-05-20T07:47:49.023+0000] {dag.py:3036} INFO - Sync 1 DAGs
[2025-05-20T07:47:49.026+0000] {logging_mixin.py:188} WARNING - 2025-05-20 07:47:49,023 - airflow.models.dag - INFO - Sync 1 DAGs
[2025-05-20T07:47:49.053+0000] {logging_mixin.py:188} INFO - [2025-05-20T07:47:49.052+0000] {dag.py:3823} INFO - Setting next_dagrun for flight_price_analysis to None, run_after=None
[2025-05-20T07:47:49.055+0000] {logging_mixin.py:188} WARNING - 2025-05-20 07:47:49,052 - airflow.models.dag - INFO - Setting next_dagrun for flight_price_analysis to None, run_after=None
[2025-05-20T07:47:49.138+0000] {processor.py:183} INFO - Processing /opt/airflow/dags/flight_price_pipeline.py took 1.225 seconds
[2025-05-20T07:48:19.896+0000] {processor.py:161} INFO - Started process (PID=433) to work on /opt/airflow/dags/flight_price_pipeline.py
[2025-05-20T07:48:19.898+0000] {processor.py:830} INFO - Processing file /opt/airflow/dags/flight_price_pipeline.py for tasks to queue
[2025-05-20T07:48:19.901+0000] {logging_mixin.py:188} INFO - [2025-05-20T07:48:19.901+0000] {dagbag.py:538} INFO - Filling up the DagBag from /opt/airflow/dags/flight_price_pipeline.py
[2025-05-20T07:48:20.953+0000] {processor.py:840} INFO - DAG(s) 'flight_price_analysis' retrieved from /opt/airflow/dags/flight_price_pipeline.py
[2025-05-20T07:48:21.008+0000] {logging_mixin.py:188} INFO - [2025-05-20T07:48:21.007+0000] {dag.py:3036} INFO - Sync 1 DAGs
[2025-05-20T07:48:21.010+0000] {logging_mixin.py:188} WARNING - 2025-05-20 07:48:21,007 - airflow.models.dag - INFO - Sync 1 DAGs
[2025-05-20T07:48:21.081+0000] {logging_mixin.py:188} INFO - [2025-05-20T07:48:21.080+0000] {dag.py:3823} INFO - Setting next_dagrun for flight_price_analysis to None, run_after=None
[2025-05-20T07:48:21.090+0000] {logging_mixin.py:188} WARNING - 2025-05-20 07:48:21,080 - airflow.models.dag - INFO - Setting next_dagrun for flight_price_analysis to None, run_after=None
[2025-05-20T07:48:21.171+0000] {processor.py:183} INFO - Processing /opt/airflow/dags/flight_price_pipeline.py took 1.287 seconds
[2025-05-20T07:48:51.434+0000] {processor.py:161} INFO - Started process (PID=501) to work on /opt/airflow/dags/flight_price_pipeline.py
[2025-05-20T07:48:51.436+0000] {processor.py:830} INFO - Processing file /opt/airflow/dags/flight_price_pipeline.py for tasks to queue
[2025-05-20T07:48:51.440+0000] {logging_mixin.py:188} INFO - [2025-05-20T07:48:51.439+0000] {dagbag.py:538} INFO - Filling up the DagBag from /opt/airflow/dags/flight_price_pipeline.py
[2025-05-20T07:48:52.658+0000] {processor.py:840} INFO - DAG(s) 'flight_price_analysis' retrieved from /opt/airflow/dags/flight_price_pipeline.py
[2025-05-20T07:48:52.686+0000] {logging_mixin.py:188} INFO - [2025-05-20T07:48:52.685+0000] {dag.py:3036} INFO - Sync 1 DAGs
[2025-05-20T07:48:52.687+0000] {logging_mixin.py:188} WARNING - 2025-05-20 07:48:52,685 - airflow.models.dag - INFO - Sync 1 DAGs
[2025-05-20T07:48:52.706+0000] {logging_mixin.py:188} INFO - [2025-05-20T07:48:52.706+0000] {dag.py:3823} INFO - Setting next_dagrun for flight_price_analysis to None, run_after=None
[2025-05-20T07:48:52.708+0000] {logging_mixin.py:188} WARNING - 2025-05-20 07:48:52,706 - airflow.models.dag - INFO - Setting next_dagrun for flight_price_analysis to None, run_after=None
[2025-05-20T07:48:52.751+0000] {processor.py:183} INFO - Processing /opt/airflow/dags/flight_price_pipeline.py took 1.324 seconds
[2025-05-20T07:49:22.932+0000] {processor.py:161} INFO - Started process (PID=569) to work on /opt/airflow/dags/flight_price_pipeline.py
[2025-05-20T07:49:22.935+0000] {processor.py:830} INFO - Processing file /opt/airflow/dags/flight_price_pipeline.py for tasks to queue
[2025-05-20T07:49:22.939+0000] {logging_mixin.py:188} INFO - [2025-05-20T07:49:22.939+0000] {dagbag.py:538} INFO - Filling up the DagBag from /opt/airflow/dags/flight_price_pipeline.py
[2025-05-20T07:49:23.900+0000] {processor.py:840} INFO - DAG(s) 'flight_price_analysis' retrieved from /opt/airflow/dags/flight_price_pipeline.py
[2025-05-20T07:49:23.927+0000] {logging_mixin.py:188} INFO - [2025-05-20T07:49:23.926+0000] {dag.py:3036} INFO - Sync 1 DAGs
[2025-05-20T07:49:23.928+0000] {logging_mixin.py:188} WARNING - 2025-05-20 07:49:23,926 - airflow.models.dag - INFO - Sync 1 DAGs
[2025-05-20T07:49:23.946+0000] {logging_mixin.py:188} INFO - [2025-05-20T07:49:23.945+0000] {dag.py:3823} INFO - Setting next_dagrun for flight_price_analysis to None, run_after=None
[2025-05-20T07:49:23.947+0000] {logging_mixin.py:188} WARNING - 2025-05-20 07:49:23,945 - airflow.models.dag - INFO - Setting next_dagrun for flight_price_analysis to None, run_after=None
[2025-05-20T07:49:23.986+0000] {processor.py:183} INFO - Processing /opt/airflow/dags/flight_price_pipeline.py took 1.061 seconds
[2025-05-20T07:49:54.331+0000] {processor.py:161} INFO - Started process (PID=634) to work on /opt/airflow/dags/flight_price_pipeline.py
[2025-05-20T07:49:54.333+0000] {processor.py:830} INFO - Processing file /opt/airflow/dags/flight_price_pipeline.py for tasks to queue
[2025-05-20T07:49:54.337+0000] {logging_mixin.py:188} INFO - [2025-05-20T07:49:54.336+0000] {dagbag.py:538} INFO - Filling up the DagBag from /opt/airflow/dags/flight_price_pipeline.py
[2025-05-20T07:49:55.389+0000] {processor.py:840} INFO - DAG(s) 'flight_price_analysis' retrieved from /opt/airflow/dags/flight_price_pipeline.py
[2025-05-20T07:49:55.420+0000] {logging_mixin.py:188} INFO - [2025-05-20T07:49:55.419+0000] {dag.py:3036} INFO - Sync 1 DAGs
[2025-05-20T07:49:55.421+0000] {logging_mixin.py:188} WARNING - 2025-05-20 07:49:55,419 - airflow.models.dag - INFO - Sync 1 DAGs
[2025-05-20T07:49:55.445+0000] {logging_mixin.py:188} INFO - [2025-05-20T07:49:55.444+0000] {dag.py:3823} INFO - Setting next_dagrun for flight_price_analysis to None, run_after=None
[2025-05-20T07:49:55.446+0000] {logging_mixin.py:188} WARNING - 2025-05-20 07:49:55,444 - airflow.models.dag - INFO - Setting next_dagrun for flight_price_analysis to None, run_after=None
[2025-05-20T07:49:55.479+0000] {processor.py:183} INFO - Processing /opt/airflow/dags/flight_price_pipeline.py took 1.154 seconds
[2025-05-20T07:50:26.044+0000] {processor.py:161} INFO - Started process (PID=699) to work on /opt/airflow/dags/flight_price_pipeline.py
[2025-05-20T07:50:26.045+0000] {processor.py:830} INFO - Processing file /opt/airflow/dags/flight_price_pipeline.py for tasks to queue
[2025-05-20T07:50:26.049+0000] {logging_mixin.py:188} INFO - [2025-05-20T07:50:26.048+0000] {dagbag.py:538} INFO - Filling up the DagBag from /opt/airflow/dags/flight_price_pipeline.py
[2025-05-20T07:50:26.849+0000] {processor.py:840} INFO - DAG(s) 'flight_price_analysis' retrieved from /opt/airflow/dags/flight_price_pipeline.py
[2025-05-20T07:50:26.894+0000] {logging_mixin.py:188} INFO - [2025-05-20T07:50:26.893+0000] {dag.py:3036} INFO - Sync 1 DAGs
[2025-05-20T07:50:26.895+0000] {logging_mixin.py:188} WARNING - 2025-05-20 07:50:26,893 - airflow.models.dag - INFO - Sync 1 DAGs
[2025-05-20T07:50:26.917+0000] {logging_mixin.py:188} INFO - [2025-05-20T07:50:26.916+0000] {dag.py:3823} INFO - Setting next_dagrun for flight_price_analysis to None, run_after=None
[2025-05-20T07:50:26.918+0000] {logging_mixin.py:188} WARNING - 2025-05-20 07:50:26,916 - airflow.models.dag - INFO - Setting next_dagrun for flight_price_analysis to None, run_after=None
[2025-05-20T07:50:26.960+0000] {processor.py:183} INFO - Processing /opt/airflow/dags/flight_price_pipeline.py took 0.921 seconds
[2025-05-20T07:50:57.762+0000] {processor.py:161} INFO - Started process (PID=764) to work on /opt/airflow/dags/flight_price_pipeline.py
[2025-05-20T07:50:57.770+0000] {processor.py:830} INFO - Processing file /opt/airflow/dags/flight_price_pipeline.py for tasks to queue
[2025-05-20T07:50:57.782+0000] {logging_mixin.py:188} INFO - [2025-05-20T07:50:57.781+0000] {dagbag.py:538} INFO - Filling up the DagBag from /opt/airflow/dags/flight_price_pipeline.py
[2025-05-20T07:50:58.802+0000] {processor.py:840} INFO - DAG(s) 'flight_price_analysis' retrieved from /opt/airflow/dags/flight_price_pipeline.py
[2025-05-20T07:50:58.835+0000] {logging_mixin.py:188} INFO - [2025-05-20T07:50:58.834+0000] {dag.py:3036} INFO - Sync 1 DAGs
[2025-05-20T07:50:58.836+0000] {logging_mixin.py:188} WARNING - 2025-05-20 07:50:58,834 - airflow.models.dag - INFO - Sync 1 DAGs
[2025-05-20T07:50:58.856+0000] {logging_mixin.py:188} INFO - [2025-05-20T07:50:58.856+0000] {dag.py:3823} INFO - Setting next_dagrun for flight_price_analysis to None, run_after=None
[2025-05-20T07:50:58.857+0000] {logging_mixin.py:188} WARNING - 2025-05-20 07:50:58,856 - airflow.models.dag - INFO - Setting next_dagrun for flight_price_analysis to None, run_after=None
[2025-05-20T07:50:58.902+0000] {processor.py:183} INFO - Processing /opt/airflow/dags/flight_price_pipeline.py took 1.167 seconds
[2025-05-20T07:51:29.096+0000] {processor.py:161} INFO - Started process (PID=827) to work on /opt/airflow/dags/flight_price_pipeline.py
[2025-05-20T07:51:29.098+0000] {processor.py:830} INFO - Processing file /opt/airflow/dags/flight_price_pipeline.py for tasks to queue
[2025-05-20T07:51:29.102+0000] {logging_mixin.py:188} INFO - [2025-05-20T07:51:29.102+0000] {dagbag.py:538} INFO - Filling up the DagBag from /opt/airflow/dags/flight_price_pipeline.py
[2025-05-20T07:51:30.060+0000] {processor.py:840} INFO - DAG(s) 'flight_price_analysis' retrieved from /opt/airflow/dags/flight_price_pipeline.py
[2025-05-20T07:51:30.099+0000] {logging_mixin.py:188} INFO - [2025-05-20T07:51:30.098+0000] {dag.py:3036} INFO - Sync 1 DAGs
[2025-05-20T07:51:30.101+0000] {logging_mixin.py:188} WARNING - 2025-05-20 07:51:30,098 - airflow.models.dag - INFO - Sync 1 DAGs
[2025-05-20T07:51:30.128+0000] {logging_mixin.py:188} INFO - [2025-05-20T07:51:30.128+0000] {dag.py:3823} INFO - Setting next_dagrun for flight_price_analysis to None, run_after=None
[2025-05-20T07:51:30.130+0000] {logging_mixin.py:188} WARNING - 2025-05-20 07:51:30,128 - airflow.models.dag - INFO - Setting next_dagrun for flight_price_analysis to None, run_after=None
[2025-05-20T07:51:30.176+0000] {processor.py:183} INFO - Processing /opt/airflow/dags/flight_price_pipeline.py took 1.088 seconds
[2025-05-20T07:52:00.291+0000] {processor.py:161} INFO - Started process (PID=892) to work on /opt/airflow/dags/flight_price_pipeline.py
[2025-05-20T07:52:00.294+0000] {processor.py:830} INFO - Processing file /opt/airflow/dags/flight_price_pipeline.py for tasks to queue
[2025-05-20T07:52:00.301+0000] {logging_mixin.py:188} INFO - [2025-05-20T07:52:00.300+0000] {dagbag.py:538} INFO - Filling up the DagBag from /opt/airflow/dags/flight_price_pipeline.py
[2025-05-20T07:52:01.618+0000] {processor.py:840} INFO - DAG(s) 'flight_price_analysis' retrieved from /opt/airflow/dags/flight_price_pipeline.py
[2025-05-20T07:52:01.708+0000] {logging_mixin.py:188} INFO - [2025-05-20T07:52:01.706+0000] {dag.py:3036} INFO - Sync 1 DAGs
[2025-05-20T07:52:01.711+0000] {logging_mixin.py:188} WARNING - 2025-05-20 07:52:01,706 - airflow.models.dag - INFO - Sync 1 DAGs
[2025-05-20T07:52:01.759+0000] {logging_mixin.py:188} INFO - [2025-05-20T07:52:01.758+0000] {dag.py:3823} INFO - Setting next_dagrun for flight_price_analysis to None, run_after=None
[2025-05-20T07:52:01.761+0000] {logging_mixin.py:188} WARNING - 2025-05-20 07:52:01,758 - airflow.models.dag - INFO - Setting next_dagrun for flight_price_analysis to None, run_after=None
[2025-05-20T07:52:01.841+0000] {processor.py:183} INFO - Processing /opt/airflow/dags/flight_price_pipeline.py took 1.562 seconds
[2025-05-20T07:52:32.178+0000] {processor.py:161} INFO - Started process (PID=960) to work on /opt/airflow/dags/flight_price_pipeline.py
[2025-05-20T07:52:32.184+0000] {processor.py:830} INFO - Processing file /opt/airflow/dags/flight_price_pipeline.py for tasks to queue
[2025-05-20T07:52:32.189+0000] {logging_mixin.py:188} INFO - [2025-05-20T07:52:32.189+0000] {dagbag.py:538} INFO - Filling up the DagBag from /opt/airflow/dags/flight_price_pipeline.py
[2025-05-20T07:52:33.267+0000] {processor.py:840} INFO - DAG(s) 'flight_price_analysis' retrieved from /opt/airflow/dags/flight_price_pipeline.py
[2025-05-20T07:52:33.336+0000] {logging_mixin.py:188} INFO - [2025-05-20T07:52:33.334+0000] {dag.py:3036} INFO - Sync 1 DAGs
[2025-05-20T07:52:33.339+0000] {logging_mixin.py:188} WARNING - 2025-05-20 07:52:33,334 - airflow.models.dag - INFO - Sync 1 DAGs
[2025-05-20T07:52:33.391+0000] {logging_mixin.py:188} INFO - [2025-05-20T07:52:33.390+0000] {dag.py:3823} INFO - Setting next_dagrun for flight_price_analysis to None, run_after=None
[2025-05-20T07:52:33.394+0000] {logging_mixin.py:188} WARNING - 2025-05-20 07:52:33,390 - airflow.models.dag - INFO - Setting next_dagrun for flight_price_analysis to None, run_after=None
[2025-05-20T07:52:33.474+0000] {processor.py:183} INFO - Processing /opt/airflow/dags/flight_price_pipeline.py took 1.305 seconds
[2025-05-20T07:53:04.158+0000] {processor.py:161} INFO - Started process (PID=1035) to work on /opt/airflow/dags/flight_price_pipeline.py
[2025-05-20T07:53:04.160+0000] {processor.py:830} INFO - Processing file /opt/airflow/dags/flight_price_pipeline.py for tasks to queue
[2025-05-20T07:53:04.164+0000] {logging_mixin.py:188} INFO - [2025-05-20T07:53:04.163+0000] {dagbag.py:538} INFO - Filling up the DagBag from /opt/airflow/dags/flight_price_pipeline.py
[2025-05-20T07:53:05.050+0000] {processor.py:840} INFO - DAG(s) 'flight_price_analysis' retrieved from /opt/airflow/dags/flight_price_pipeline.py
[2025-05-20T07:53:05.108+0000] {logging_mixin.py:188} INFO - [2025-05-20T07:53:05.107+0000] {dag.py:3036} INFO - Sync 1 DAGs
[2025-05-20T07:53:05.109+0000] {logging_mixin.py:188} WARNING - 2025-05-20 07:53:05,107 - airflow.models.dag - INFO - Sync 1 DAGs
[2025-05-20T07:53:05.140+0000] {logging_mixin.py:188} INFO - [2025-05-20T07:53:05.140+0000] {dag.py:3823} INFO - Setting next_dagrun for flight_price_analysis to None, run_after=None
[2025-05-20T07:53:05.142+0000] {logging_mixin.py:188} WARNING - 2025-05-20 07:53:05,140 - airflow.models.dag - INFO - Setting next_dagrun for flight_price_analysis to None, run_after=None
[2025-05-20T07:53:05.186+0000] {processor.py:183} INFO - Processing /opt/airflow/dags/flight_price_pipeline.py took 1.034 seconds
[2025-05-20T07:53:36.159+0000] {processor.py:161} INFO - Started process (PID=1096) to work on /opt/airflow/dags/flight_price_pipeline.py
[2025-05-20T07:53:36.172+0000] {processor.py:830} INFO - Processing file /opt/airflow/dags/flight_price_pipeline.py for tasks to queue
[2025-05-20T07:53:36.188+0000] {logging_mixin.py:188} INFO - [2025-05-20T07:53:36.187+0000] {dagbag.py:538} INFO - Filling up the DagBag from /opt/airflow/dags/flight_price_pipeline.py
[2025-05-20T07:53:37.154+0000] {processor.py:840} INFO - DAG(s) 'flight_price_analysis' retrieved from /opt/airflow/dags/flight_price_pipeline.py
[2025-05-20T07:53:37.190+0000] {logging_mixin.py:188} INFO - [2025-05-20T07:53:37.189+0000] {dag.py:3036} INFO - Sync 1 DAGs
[2025-05-20T07:53:37.191+0000] {logging_mixin.py:188} WARNING - 2025-05-20 07:53:37,189 - airflow.models.dag - INFO - Sync 1 DAGs
[2025-05-20T07:53:37.219+0000] {logging_mixin.py:188} INFO - [2025-05-20T07:53:37.219+0000] {dag.py:3823} INFO - Setting next_dagrun for flight_price_analysis to None, run_after=None
[2025-05-20T07:53:37.221+0000] {logging_mixin.py:188} WARNING - 2025-05-20 07:53:37,219 - airflow.models.dag - INFO - Setting next_dagrun for flight_price_analysis to None, run_after=None
[2025-05-20T07:53:37.269+0000] {processor.py:183} INFO - Processing /opt/airflow/dags/flight_price_pipeline.py took 1.135 seconds
[2025-05-20T07:54:07.783+0000] {processor.py:161} INFO - Started process (PID=1161) to work on /opt/airflow/dags/flight_price_pipeline.py
[2025-05-20T07:54:07.786+0000] {processor.py:830} INFO - Processing file /opt/airflow/dags/flight_price_pipeline.py for tasks to queue
[2025-05-20T07:54:07.792+0000] {logging_mixin.py:188} INFO - [2025-05-20T07:54:07.790+0000] {dagbag.py:538} INFO - Filling up the DagBag from /opt/airflow/dags/flight_price_pipeline.py
[2025-05-20T07:54:08.711+0000] {processor.py:840} INFO - DAG(s) 'flight_price_analysis' retrieved from /opt/airflow/dags/flight_price_pipeline.py
[2025-05-20T07:54:08.767+0000] {logging_mixin.py:188} INFO - [2025-05-20T07:54:08.766+0000] {dag.py:3036} INFO - Sync 1 DAGs
[2025-05-20T07:54:08.769+0000] {logging_mixin.py:188} WARNING - 2025-05-20 07:54:08,766 - airflow.models.dag - INFO - Sync 1 DAGs
[2025-05-20T07:54:08.802+0000] {logging_mixin.py:188} INFO - [2025-05-20T07:54:08.801+0000] {dag.py:3823} INFO - Setting next_dagrun for flight_price_analysis to None, run_after=None
[2025-05-20T07:54:08.804+0000] {logging_mixin.py:188} WARNING - 2025-05-20 07:54:08,801 - airflow.models.dag - INFO - Setting next_dagrun for flight_price_analysis to None, run_after=None
[2025-05-20T07:54:08.863+0000] {processor.py:183} INFO - Processing /opt/airflow/dags/flight_price_pipeline.py took 1.090 seconds
[2025-05-20T07:54:39.213+0000] {processor.py:161} INFO - Started process (PID=1226) to work on /opt/airflow/dags/flight_price_pipeline.py
[2025-05-20T07:54:39.217+0000] {processor.py:830} INFO - Processing file /opt/airflow/dags/flight_price_pipeline.py for tasks to queue
[2025-05-20T07:54:39.221+0000] {logging_mixin.py:188} INFO - [2025-05-20T07:54:39.220+0000] {dagbag.py:538} INFO - Filling up the DagBag from /opt/airflow/dags/flight_price_pipeline.py
[2025-05-20T07:54:40.304+0000] {processor.py:840} INFO - DAG(s) 'flight_price_analysis' retrieved from /opt/airflow/dags/flight_price_pipeline.py
[2025-05-20T07:54:40.333+0000] {logging_mixin.py:188} INFO - [2025-05-20T07:54:40.332+0000] {dag.py:3036} INFO - Sync 1 DAGs
[2025-05-20T07:54:40.334+0000] {logging_mixin.py:188} WARNING - 2025-05-20 07:54:40,332 - airflow.models.dag - INFO - Sync 1 DAGs
[2025-05-20T07:54:40.356+0000] {logging_mixin.py:188} INFO - [2025-05-20T07:54:40.355+0000] {dag.py:3823} INFO - Setting next_dagrun for flight_price_analysis to None, run_after=None
[2025-05-20T07:54:40.357+0000] {logging_mixin.py:188} WARNING - 2025-05-20 07:54:40,355 - airflow.models.dag - INFO - Setting next_dagrun for flight_price_analysis to None, run_after=None
[2025-05-20T07:54:40.550+0000] {processor.py:183} INFO - Processing /opt/airflow/dags/flight_price_pipeline.py took 1.344 seconds
[2025-05-20T07:55:10.812+0000] {processor.py:161} INFO - Started process (PID=1291) to work on /opt/airflow/dags/flight_price_pipeline.py
[2025-05-20T07:55:10.814+0000] {processor.py:830} INFO - Processing file /opt/airflow/dags/flight_price_pipeline.py for tasks to queue
[2025-05-20T07:55:10.820+0000] {logging_mixin.py:188} INFO - [2025-05-20T07:55:10.819+0000] {dagbag.py:538} INFO - Filling up the DagBag from /opt/airflow/dags/flight_price_pipeline.py
[2025-05-20T07:55:11.806+0000] {processor.py:840} INFO - DAG(s) 'flight_price_analysis' retrieved from /opt/airflow/dags/flight_price_pipeline.py
[2025-05-20T07:55:11.870+0000] {logging_mixin.py:188} INFO - [2025-05-20T07:55:11.868+0000] {dag.py:3036} INFO - Sync 1 DAGs
[2025-05-20T07:55:11.873+0000] {logging_mixin.py:188} WARNING - 2025-05-20 07:55:11,868 - airflow.models.dag - INFO - Sync 1 DAGs
[2025-05-20T07:55:11.917+0000] {logging_mixin.py:188} INFO - [2025-05-20T07:55:11.917+0000] {dag.py:3823} INFO - Setting next_dagrun for flight_price_analysis to None, run_after=None
[2025-05-20T07:55:11.918+0000] {logging_mixin.py:188} WARNING - 2025-05-20 07:55:11,917 - airflow.models.dag - INFO - Setting next_dagrun for flight_price_analysis to None, run_after=None
[2025-05-20T07:55:11.972+0000] {processor.py:183} INFO - Processing /opt/airflow/dags/flight_price_pipeline.py took 1.167 seconds
[2025-05-20T07:55:42.183+0000] {processor.py:161} INFO - Started process (PID=1357) to work on /opt/airflow/dags/flight_price_pipeline.py
[2025-05-20T07:55:42.185+0000] {processor.py:830} INFO - Processing file /opt/airflow/dags/flight_price_pipeline.py for tasks to queue
[2025-05-20T07:55:42.190+0000] {logging_mixin.py:188} INFO - [2025-05-20T07:55:42.190+0000] {dagbag.py:538} INFO - Filling up the DagBag from /opt/airflow/dags/flight_price_pipeline.py
[2025-05-20T07:55:43.108+0000] {processor.py:840} INFO - DAG(s) 'flight_price_analysis' retrieved from /opt/airflow/dags/flight_price_pipeline.py
[2025-05-20T07:55:43.137+0000] {logging_mixin.py:188} INFO - [2025-05-20T07:55:43.136+0000] {dag.py:3036} INFO - Sync 1 DAGs
[2025-05-20T07:55:43.139+0000] {logging_mixin.py:188} WARNING - 2025-05-20 07:55:43,136 - airflow.models.dag - INFO - Sync 1 DAGs
[2025-05-20T07:55:43.166+0000] {logging_mixin.py:188} INFO - [2025-05-20T07:55:43.165+0000] {dag.py:3823} INFO - Setting next_dagrun for flight_price_analysis to None, run_after=None
[2025-05-20T07:55:43.167+0000] {logging_mixin.py:188} WARNING - 2025-05-20 07:55:43,165 - airflow.models.dag - INFO - Setting next_dagrun for flight_price_analysis to None, run_after=None
[2025-05-20T07:55:43.204+0000] {processor.py:183} INFO - Processing /opt/airflow/dags/flight_price_pipeline.py took 1.028 seconds
[2025-05-20T07:56:13.898+0000] {processor.py:161} INFO - Started process (PID=1423) to work on /opt/airflow/dags/flight_price_pipeline.py
[2025-05-20T07:56:13.900+0000] {processor.py:830} INFO - Processing file /opt/airflow/dags/flight_price_pipeline.py for tasks to queue
[2025-05-20T07:56:13.904+0000] {logging_mixin.py:188} INFO - [2025-05-20T07:56:13.904+0000] {dagbag.py:538} INFO - Filling up the DagBag from /opt/airflow/dags/flight_price_pipeline.py
[2025-05-20T07:56:14.929+0000] {processor.py:840} INFO - DAG(s) 'flight_price_analysis' retrieved from /opt/airflow/dags/flight_price_pipeline.py
[2025-05-20T07:56:14.962+0000] {logging_mixin.py:188} INFO - [2025-05-20T07:56:14.961+0000] {dag.py:3036} INFO - Sync 1 DAGs
[2025-05-20T07:56:14.964+0000] {logging_mixin.py:188} WARNING - 2025-05-20 07:56:14,961 - airflow.models.dag - INFO - Sync 1 DAGs
[2025-05-20T07:56:14.989+0000] {logging_mixin.py:188} INFO - [2025-05-20T07:56:14.989+0000] {dag.py:3823} INFO - Setting next_dagrun for flight_price_analysis to None, run_after=None
[2025-05-20T07:56:14.991+0000] {logging_mixin.py:188} WARNING - 2025-05-20 07:56:14,989 - airflow.models.dag - INFO - Setting next_dagrun for flight_price_analysis to None, run_after=None
[2025-05-20T07:56:15.030+0000] {processor.py:183} INFO - Processing /opt/airflow/dags/flight_price_pipeline.py took 1.139 seconds
[2025-05-20T07:56:45.358+0000] {processor.py:161} INFO - Started process (PID=1489) to work on /opt/airflow/dags/flight_price_pipeline.py
[2025-05-20T07:56:45.360+0000] {processor.py:830} INFO - Processing file /opt/airflow/dags/flight_price_pipeline.py for tasks to queue
[2025-05-20T07:56:45.364+0000] {logging_mixin.py:188} INFO - [2025-05-20T07:56:45.364+0000] {dagbag.py:538} INFO - Filling up the DagBag from /opt/airflow/dags/flight_price_pipeline.py
[2025-05-20T07:56:46.378+0000] {processor.py:840} INFO - DAG(s) 'flight_price_analysis' retrieved from /opt/airflow/dags/flight_price_pipeline.py
[2025-05-20T07:56:46.411+0000] {logging_mixin.py:188} INFO - [2025-05-20T07:56:46.410+0000] {dag.py:3036} INFO - Sync 1 DAGs
[2025-05-20T07:56:46.413+0000] {logging_mixin.py:188} WARNING - 2025-05-20 07:56:46,410 - airflow.models.dag - INFO - Sync 1 DAGs
[2025-05-20T07:56:46.438+0000] {logging_mixin.py:188} INFO - [2025-05-20T07:56:46.438+0000] {dag.py:3823} INFO - Setting next_dagrun for flight_price_analysis to None, run_after=None
[2025-05-20T07:56:46.440+0000] {logging_mixin.py:188} WARNING - 2025-05-20 07:56:46,438 - airflow.models.dag - INFO - Setting next_dagrun for flight_price_analysis to None, run_after=None
[2025-05-20T07:56:46.487+0000] {processor.py:183} INFO - Processing /opt/airflow/dags/flight_price_pipeline.py took 1.136 seconds
[2025-05-20T07:57:16.581+0000] {processor.py:161} INFO - Started process (PID=1554) to work on /opt/airflow/dags/flight_price_pipeline.py
[2025-05-20T07:57:16.583+0000] {processor.py:830} INFO - Processing file /opt/airflow/dags/flight_price_pipeline.py for tasks to queue
[2025-05-20T07:57:16.586+0000] {logging_mixin.py:188} INFO - [2025-05-20T07:57:16.585+0000] {dagbag.py:538} INFO - Filling up the DagBag from /opt/airflow/dags/flight_price_pipeline.py
[2025-05-20T07:57:17.804+0000] {processor.py:840} INFO - DAG(s) 'flight_price_analysis' retrieved from /opt/airflow/dags/flight_price_pipeline.py
[2025-05-20T07:57:17.917+0000] {logging_mixin.py:188} INFO - [2025-05-20T07:57:17.917+0000] {dag.py:3036} INFO - Sync 1 DAGs
[2025-05-20T07:57:17.919+0000] {logging_mixin.py:188} WARNING - 2025-05-20 07:57:17,917 - airflow.models.dag - INFO - Sync 1 DAGs
[2025-05-20T07:57:17.951+0000] {logging_mixin.py:188} INFO - [2025-05-20T07:57:17.950+0000] {dag.py:3823} INFO - Setting next_dagrun for flight_price_analysis to None, run_after=None
[2025-05-20T07:57:17.955+0000] {logging_mixin.py:188} WARNING - 2025-05-20 07:57:17,950 - airflow.models.dag - INFO - Setting next_dagrun for flight_price_analysis to None, run_after=None
[2025-05-20T07:57:18.091+0000] {processor.py:183} INFO - Processing /opt/airflow/dags/flight_price_pipeline.py took 1.519 seconds
[2025-05-20T07:57:48.322+0000] {processor.py:161} INFO - Started process (PID=1623) to work on /opt/airflow/dags/flight_price_pipeline.py
[2025-05-20T07:57:48.325+0000] {processor.py:830} INFO - Processing file /opt/airflow/dags/flight_price_pipeline.py for tasks to queue
[2025-05-20T07:57:48.330+0000] {logging_mixin.py:188} INFO - [2025-05-20T07:57:48.329+0000] {dagbag.py:538} INFO - Filling up the DagBag from /opt/airflow/dags/flight_price_pipeline.py
[2025-05-20T07:57:49.416+0000] {processor.py:840} INFO - DAG(s) 'flight_price_analysis' retrieved from /opt/airflow/dags/flight_price_pipeline.py
[2025-05-20T07:57:49.493+0000] {logging_mixin.py:188} INFO - [2025-05-20T07:57:49.492+0000] {dag.py:3036} INFO - Sync 1 DAGs
[2025-05-20T07:57:49.499+0000] {logging_mixin.py:188} WARNING - 2025-05-20 07:57:49,492 - airflow.models.dag - INFO - Sync 1 DAGs
[2025-05-20T07:57:49.541+0000] {logging_mixin.py:188} INFO - [2025-05-20T07:57:49.541+0000] {dag.py:3823} INFO - Setting next_dagrun for flight_price_analysis to None, run_after=None
[2025-05-20T07:57:49.543+0000] {logging_mixin.py:188} WARNING - 2025-05-20 07:57:49,541 - airflow.models.dag - INFO - Setting next_dagrun for flight_price_analysis to None, run_after=None
[2025-05-20T07:57:49.602+0000] {processor.py:183} INFO - Processing /opt/airflow/dags/flight_price_pipeline.py took 1.288 seconds
[2025-05-20T07:58:20.184+0000] {processor.py:161} INFO - Started process (PID=1688) to work on /opt/airflow/dags/flight_price_pipeline.py
[2025-05-20T07:58:20.186+0000] {processor.py:830} INFO - Processing file /opt/airflow/dags/flight_price_pipeline.py for tasks to queue
[2025-05-20T07:58:20.190+0000] {logging_mixin.py:188} INFO - [2025-05-20T07:58:20.189+0000] {dagbag.py:538} INFO - Filling up the DagBag from /opt/airflow/dags/flight_price_pipeline.py
[2025-05-20T07:58:21.367+0000] {processor.py:840} INFO - DAG(s) 'flight_price_analysis' retrieved from /opt/airflow/dags/flight_price_pipeline.py
[2025-05-20T07:58:21.403+0000] {logging_mixin.py:188} INFO - [2025-05-20T07:58:21.402+0000] {dag.py:3036} INFO - Sync 1 DAGs
[2025-05-20T07:58:21.405+0000] {logging_mixin.py:188} WARNING - 2025-05-20 07:58:21,402 - airflow.models.dag - INFO - Sync 1 DAGs
[2025-05-20T07:58:21.432+0000] {logging_mixin.py:188} INFO - [2025-05-20T07:58:21.431+0000] {dag.py:3823} INFO - Setting next_dagrun for flight_price_analysis to None, run_after=None
[2025-05-20T07:58:21.433+0000] {logging_mixin.py:188} WARNING - 2025-05-20 07:58:21,431 - airflow.models.dag - INFO - Setting next_dagrun for flight_price_analysis to None, run_after=None
[2025-05-20T07:58:21.476+0000] {processor.py:183} INFO - Processing /opt/airflow/dags/flight_price_pipeline.py took 1.298 seconds
[2025-05-20T07:58:52.122+0000] {processor.py:161} INFO - Started process (PID=1754) to work on /opt/airflow/dags/flight_price_pipeline.py
[2025-05-20T07:58:52.124+0000] {processor.py:830} INFO - Processing file /opt/airflow/dags/flight_price_pipeline.py for tasks to queue
[2025-05-20T07:58:52.129+0000] {logging_mixin.py:188} INFO - [2025-05-20T07:58:52.128+0000] {dagbag.py:538} INFO - Filling up the DagBag from /opt/airflow/dags/flight_price_pipeline.py
[2025-05-20T07:58:53.071+0000] {processor.py:840} INFO - DAG(s) 'flight_price_analysis' retrieved from /opt/airflow/dags/flight_price_pipeline.py
[2025-05-20T07:58:53.099+0000] {logging_mixin.py:188} INFO - [2025-05-20T07:58:53.098+0000] {dag.py:3036} INFO - Sync 1 DAGs
[2025-05-20T07:58:53.100+0000] {logging_mixin.py:188} WARNING - 2025-05-20 07:58:53,098 - airflow.models.dag - INFO - Sync 1 DAGs
[2025-05-20T07:58:53.119+0000] {logging_mixin.py:188} INFO - [2025-05-20T07:58:53.119+0000] {dag.py:3823} INFO - Setting next_dagrun for flight_price_analysis to None, run_after=None
[2025-05-20T07:58:53.120+0000] {logging_mixin.py:188} WARNING - 2025-05-20 07:58:53,119 - airflow.models.dag - INFO - Setting next_dagrun for flight_price_analysis to None, run_after=None
[2025-05-20T07:58:53.158+0000] {processor.py:183} INFO - Processing /opt/airflow/dags/flight_price_pipeline.py took 1.042 seconds
[2025-05-20T07:59:23.461+0000] {processor.py:161} INFO - Started process (PID=1821) to work on /opt/airflow/dags/flight_price_pipeline.py
[2025-05-20T07:59:23.463+0000] {processor.py:830} INFO - Processing file /opt/airflow/dags/flight_price_pipeline.py for tasks to queue
[2025-05-20T07:59:23.467+0000] {logging_mixin.py:188} INFO - [2025-05-20T07:59:23.466+0000] {dagbag.py:538} INFO - Filling up the DagBag from /opt/airflow/dags/flight_price_pipeline.py
[2025-05-20T07:59:24.363+0000] {processor.py:840} INFO - DAG(s) 'flight_price_analysis' retrieved from /opt/airflow/dags/flight_price_pipeline.py
[2025-05-20T07:59:24.416+0000] {logging_mixin.py:188} INFO - [2025-05-20T07:59:24.415+0000] {dag.py:3036} INFO - Sync 1 DAGs
[2025-05-20T07:59:24.418+0000] {logging_mixin.py:188} WARNING - 2025-05-20 07:59:24,415 - airflow.models.dag - INFO - Sync 1 DAGs
[2025-05-20T07:59:24.451+0000] {logging_mixin.py:188} INFO - [2025-05-20T07:59:24.451+0000] {dag.py:3823} INFO - Setting next_dagrun for flight_price_analysis to None, run_after=None
[2025-05-20T07:59:24.452+0000] {logging_mixin.py:188} WARNING - 2025-05-20 07:59:24,451 - airflow.models.dag - INFO - Setting next_dagrun for flight_price_analysis to None, run_after=None
[2025-05-20T07:59:24.492+0000] {processor.py:183} INFO - Processing /opt/airflow/dags/flight_price_pipeline.py took 1.036 seconds
[2025-05-20T07:59:54.849+0000] {processor.py:161} INFO - Started process (PID=1886) to work on /opt/airflow/dags/flight_price_pipeline.py
[2025-05-20T07:59:54.853+0000] {processor.py:830} INFO - Processing file /opt/airflow/dags/flight_price_pipeline.py for tasks to queue
[2025-05-20T07:59:54.860+0000] {logging_mixin.py:188} INFO - [2025-05-20T07:59:54.858+0000] {dagbag.py:538} INFO - Filling up the DagBag from /opt/airflow/dags/flight_price_pipeline.py
[2025-05-20T07:59:56.087+0000] {processor.py:840} INFO - DAG(s) 'flight_price_analysis' retrieved from /opt/airflow/dags/flight_price_pipeline.py
[2025-05-20T07:59:56.161+0000] {logging_mixin.py:188} INFO - [2025-05-20T07:59:56.160+0000] {dag.py:3036} INFO - Sync 1 DAGs
[2025-05-20T07:59:56.162+0000] {logging_mixin.py:188} WARNING - 2025-05-20 07:59:56,160 - airflow.models.dag - INFO - Sync 1 DAGs
[2025-05-20T07:59:56.192+0000] {logging_mixin.py:188} INFO - [2025-05-20T07:59:56.191+0000] {dag.py:3823} INFO - Setting next_dagrun for flight_price_analysis to None, run_after=None
[2025-05-20T07:59:56.193+0000] {logging_mixin.py:188} WARNING - 2025-05-20 07:59:56,191 - airflow.models.dag - INFO - Setting next_dagrun for flight_price_analysis to None, run_after=None
[2025-05-20T07:59:56.230+0000] {processor.py:183} INFO - Processing /opt/airflow/dags/flight_price_pipeline.py took 1.393 seconds
[2025-05-20T08:00:27.268+0000] {processor.py:161} INFO - Started process (PID=1951) to work on /opt/airflow/dags/flight_price_pipeline.py
[2025-05-20T08:00:27.270+0000] {processor.py:830} INFO - Processing file /opt/airflow/dags/flight_price_pipeline.py for tasks to queue
[2025-05-20T08:00:27.274+0000] {logging_mixin.py:188} INFO - [2025-05-20T08:00:27.273+0000] {dagbag.py:538} INFO - Filling up the DagBag from /opt/airflow/dags/flight_price_pipeline.py
[2025-05-20T08:00:28.307+0000] {processor.py:840} INFO - DAG(s) 'flight_price_analysis' retrieved from /opt/airflow/dags/flight_price_pipeline.py
[2025-05-20T08:00:28.342+0000] {logging_mixin.py:188} INFO - [2025-05-20T08:00:28.341+0000] {dag.py:3036} INFO - Sync 1 DAGs
[2025-05-20T08:00:28.343+0000] {logging_mixin.py:188} WARNING - 2025-05-20 08:00:28,341 - airflow.models.dag - INFO - Sync 1 DAGs
[2025-05-20T08:00:28.363+0000] {logging_mixin.py:188} INFO - [2025-05-20T08:00:28.363+0000] {dag.py:3823} INFO - Setting next_dagrun for flight_price_analysis to None, run_after=None
[2025-05-20T08:00:28.364+0000] {logging_mixin.py:188} WARNING - 2025-05-20 08:00:28,363 - airflow.models.dag - INFO - Setting next_dagrun for flight_price_analysis to None, run_after=None
[2025-05-20T08:00:28.405+0000] {processor.py:183} INFO - Processing /opt/airflow/dags/flight_price_pipeline.py took 1.144 seconds
[2025-05-20T08:00:58.848+0000] {processor.py:161} INFO - Started process (PID=2015) to work on /opt/airflow/dags/flight_price_pipeline.py
[2025-05-20T08:00:58.850+0000] {processor.py:830} INFO - Processing file /opt/airflow/dags/flight_price_pipeline.py for tasks to queue
[2025-05-20T08:00:58.853+0000] {logging_mixin.py:188} INFO - [2025-05-20T08:00:58.852+0000] {dagbag.py:538} INFO - Filling up the DagBag from /opt/airflow/dags/flight_price_pipeline.py
[2025-05-20T08:00:59.677+0000] {processor.py:840} INFO - DAG(s) 'flight_price_analysis' retrieved from /opt/airflow/dags/flight_price_pipeline.py
[2025-05-20T08:00:59.714+0000] {logging_mixin.py:188} INFO - [2025-05-20T08:00:59.713+0000] {dag.py:3036} INFO - Sync 1 DAGs
[2025-05-20T08:00:59.716+0000] {logging_mixin.py:188} WARNING - 2025-05-20 08:00:59,713 - airflow.models.dag - INFO - Sync 1 DAGs
[2025-05-20T08:00:59.742+0000] {logging_mixin.py:188} INFO - [2025-05-20T08:00:59.741+0000] {dag.py:3823} INFO - Setting next_dagrun for flight_price_analysis to None, run_after=None
[2025-05-20T08:00:59.743+0000] {logging_mixin.py:188} WARNING - 2025-05-20 08:00:59,741 - airflow.models.dag - INFO - Setting next_dagrun for flight_price_analysis to None, run_after=None
[2025-05-20T08:00:59.787+0000] {processor.py:183} INFO - Processing /opt/airflow/dags/flight_price_pipeline.py took 0.945 seconds
[2025-05-20T08:01:30.140+0000] {processor.py:161} INFO - Started process (PID=2080) to work on /opt/airflow/dags/flight_price_pipeline.py
[2025-05-20T08:01:30.141+0000] {processor.py:830} INFO - Processing file /opt/airflow/dags/flight_price_pipeline.py for tasks to queue
[2025-05-20T08:01:30.145+0000] {logging_mixin.py:188} INFO - [2025-05-20T08:01:30.144+0000] {dagbag.py:538} INFO - Filling up the DagBag from /opt/airflow/dags/flight_price_pipeline.py
[2025-05-20T08:01:31.041+0000] {processor.py:840} INFO - DAG(s) 'flight_price_analysis' retrieved from /opt/airflow/dags/flight_price_pipeline.py
[2025-05-20T08:01:31.089+0000] {logging_mixin.py:188} INFO - [2025-05-20T08:01:31.089+0000] {dag.py:3036} INFO - Sync 1 DAGs
[2025-05-20T08:01:31.091+0000] {logging_mixin.py:188} WARNING - 2025-05-20 08:01:31,089 - airflow.models.dag - INFO - Sync 1 DAGs
[2025-05-20T08:01:31.122+0000] {logging_mixin.py:188} INFO - [2025-05-20T08:01:31.122+0000] {dag.py:3823} INFO - Setting next_dagrun for flight_price_analysis to None, run_after=None
[2025-05-20T08:01:31.124+0000] {logging_mixin.py:188} WARNING - 2025-05-20 08:01:31,122 - airflow.models.dag - INFO - Setting next_dagrun for flight_price_analysis to None, run_after=None
[2025-05-20T08:01:31.178+0000] {processor.py:183} INFO - Processing /opt/airflow/dags/flight_price_pipeline.py took 1.045 seconds
[2025-05-20T08:02:01.295+0000] {processor.py:161} INFO - Started process (PID=2146) to work on /opt/airflow/dags/flight_price_pipeline.py
[2025-05-20T08:02:01.298+0000] {processor.py:830} INFO - Processing file /opt/airflow/dags/flight_price_pipeline.py for tasks to queue
[2025-05-20T08:02:01.303+0000] {logging_mixin.py:188} INFO - [2025-05-20T08:02:01.303+0000] {dagbag.py:538} INFO - Filling up the DagBag from /opt/airflow/dags/flight_price_pipeline.py
[2025-05-20T08:02:02.215+0000] {processor.py:840} INFO - DAG(s) 'flight_price_analysis' retrieved from /opt/airflow/dags/flight_price_pipeline.py
[2025-05-20T08:02:02.272+0000] {logging_mixin.py:188} INFO - [2025-05-20T08:02:02.271+0000] {dag.py:3036} INFO - Sync 1 DAGs
[2025-05-20T08:02:02.273+0000] {logging_mixin.py:188} WARNING - 2025-05-20 08:02:02,271 - airflow.models.dag - INFO - Sync 1 DAGs
[2025-05-20T08:02:02.306+0000] {logging_mixin.py:188} INFO - [2025-05-20T08:02:02.306+0000] {dag.py:3823} INFO - Setting next_dagrun for flight_price_analysis to None, run_after=None
[2025-05-20T08:02:02.308+0000] {logging_mixin.py:188} WARNING - 2025-05-20 08:02:02,306 - airflow.models.dag - INFO - Setting next_dagrun for flight_price_analysis to None, run_after=None
[2025-05-20T08:02:02.372+0000] {processor.py:183} INFO - Processing /opt/airflow/dags/flight_price_pipeline.py took 1.085 seconds
[2025-05-20T08:02:32.804+0000] {processor.py:161} INFO - Started process (PID=2215) to work on /opt/airflow/dags/flight_price_pipeline.py
[2025-05-20T08:02:32.810+0000] {processor.py:830} INFO - Processing file /opt/airflow/dags/flight_price_pipeline.py for tasks to queue
[2025-05-20T08:02:32.819+0000] {logging_mixin.py:188} INFO - [2025-05-20T08:02:32.818+0000] {dagbag.py:538} INFO - Filling up the DagBag from /opt/airflow/dags/flight_price_pipeline.py
[2025-05-20T08:02:33.807+0000] {processor.py:840} INFO - DAG(s) 'flight_price_analysis' retrieved from /opt/airflow/dags/flight_price_pipeline.py
[2025-05-20T08:02:33.912+0000] {logging_mixin.py:188} INFO - [2025-05-20T08:02:33.910+0000] {dag.py:3036} INFO - Sync 1 DAGs
[2025-05-20T08:02:33.913+0000] {logging_mixin.py:188} WARNING - 2025-05-20 08:02:33,910 - airflow.models.dag - INFO - Sync 1 DAGs
[2025-05-20T08:02:33.939+0000] {logging_mixin.py:188} INFO - [2025-05-20T08:02:33.938+0000] {dag.py:3823} INFO - Setting next_dagrun for flight_price_analysis to None, run_after=None
[2025-05-20T08:02:33.940+0000] {logging_mixin.py:188} WARNING - 2025-05-20 08:02:33,938 - airflow.models.dag - INFO - Setting next_dagrun for flight_price_analysis to None, run_after=None
[2025-05-20T08:02:33.978+0000] {processor.py:183} INFO - Processing /opt/airflow/dags/flight_price_pipeline.py took 1.187 seconds
[2025-05-20T08:03:04.276+0000] {processor.py:161} INFO - Started process (PID=2282) to work on /opt/airflow/dags/flight_price_pipeline.py
[2025-05-20T08:03:04.277+0000] {processor.py:830} INFO - Processing file /opt/airflow/dags/flight_price_pipeline.py for tasks to queue
[2025-05-20T08:03:04.281+0000] {logging_mixin.py:188} INFO - [2025-05-20T08:03:04.280+0000] {dagbag.py:538} INFO - Filling up the DagBag from /opt/airflow/dags/flight_price_pipeline.py
[2025-05-20T08:03:05.011+0000] {processor.py:840} INFO - DAG(s) 'flight_price_analysis' retrieved from /opt/airflow/dags/flight_price_pipeline.py
[2025-05-20T08:03:05.069+0000] {logging_mixin.py:188} INFO - [2025-05-20T08:03:05.068+0000] {dag.py:3036} INFO - Sync 1 DAGs
[2025-05-20T08:03:05.071+0000] {logging_mixin.py:188} WARNING - 2025-05-20 08:03:05,068 - airflow.models.dag - INFO - Sync 1 DAGs
[2025-05-20T08:03:05.123+0000] {logging_mixin.py:188} INFO - [2025-05-20T08:03:05.122+0000] {dag.py:3823} INFO - Setting next_dagrun for flight_price_analysis to None, run_after=None
[2025-05-20T08:03:05.124+0000] {logging_mixin.py:188} WARNING - 2025-05-20 08:03:05,122 - airflow.models.dag - INFO - Setting next_dagrun for flight_price_analysis to None, run_after=None
[2025-05-20T08:03:05.189+0000] {processor.py:183} INFO - Processing /opt/airflow/dags/flight_price_pipeline.py took 0.919 seconds
[2025-05-20T08:03:35.533+0000] {processor.py:161} INFO - Started process (PID=2353) to work on /opt/airflow/dags/flight_price_pipeline.py
[2025-05-20T08:03:35.537+0000] {processor.py:830} INFO - Processing file /opt/airflow/dags/flight_price_pipeline.py for tasks to queue
[2025-05-20T08:03:35.544+0000] {logging_mixin.py:188} INFO - [2025-05-20T08:03:35.543+0000] {dagbag.py:538} INFO - Filling up the DagBag from /opt/airflow/dags/flight_price_pipeline.py
[2025-05-20T08:03:36.613+0000] {processor.py:840} INFO - DAG(s) 'flight_price_analysis' retrieved from /opt/airflow/dags/flight_price_pipeline.py
[2025-05-20T08:03:36.647+0000] {logging_mixin.py:188} INFO - [2025-05-20T08:03:36.646+0000] {dag.py:3036} INFO - Sync 1 DAGs
[2025-05-20T08:03:36.649+0000] {logging_mixin.py:188} WARNING - 2025-05-20 08:03:36,646 - airflow.models.dag - INFO - Sync 1 DAGs
[2025-05-20T08:03:36.674+0000] {logging_mixin.py:188} INFO - [2025-05-20T08:03:36.674+0000] {dag.py:3823} INFO - Setting next_dagrun for flight_price_analysis to None, run_after=None
[2025-05-20T08:03:36.675+0000] {logging_mixin.py:188} WARNING - 2025-05-20 08:03:36,674 - airflow.models.dag - INFO - Setting next_dagrun for flight_price_analysis to None, run_after=None
[2025-05-20T08:03:36.737+0000] {processor.py:183} INFO - Processing /opt/airflow/dags/flight_price_pipeline.py took 1.216 seconds
[2025-05-20T08:04:07.490+0000] {processor.py:161} INFO - Started process (PID=2422) to work on /opt/airflow/dags/flight_price_pipeline.py
[2025-05-20T08:04:07.492+0000] {processor.py:830} INFO - Processing file /opt/airflow/dags/flight_price_pipeline.py for tasks to queue
[2025-05-20T08:04:07.497+0000] {logging_mixin.py:188} INFO - [2025-05-20T08:04:07.496+0000] {dagbag.py:538} INFO - Filling up the DagBag from /opt/airflow/dags/flight_price_pipeline.py
[2025-05-20T08:04:08.142+0000] {processor.py:840} INFO - DAG(s) 'flight_price_analysis' retrieved from /opt/airflow/dags/flight_price_pipeline.py
[2025-05-20T08:04:08.172+0000] {logging_mixin.py:188} INFO - [2025-05-20T08:04:08.171+0000] {dag.py:3036} INFO - Sync 1 DAGs
[2025-05-20T08:04:08.173+0000] {logging_mixin.py:188} WARNING - 2025-05-20 08:04:08,171 - airflow.models.dag - INFO - Sync 1 DAGs
[2025-05-20T08:04:08.199+0000] {logging_mixin.py:188} INFO - [2025-05-20T08:04:08.199+0000] {dag.py:3823} INFO - Setting next_dagrun for flight_price_analysis to None, run_after=None
[2025-05-20T08:04:08.200+0000] {logging_mixin.py:188} WARNING - 2025-05-20 08:04:08,199 - airflow.models.dag - INFO - Setting next_dagrun for flight_price_analysis to None, run_after=None
[2025-05-20T08:04:08.238+0000] {processor.py:183} INFO - Processing /opt/airflow/dags/flight_price_pipeline.py took 0.756 seconds
