[2025-05-19T22:31:08.245+0000] {taskinstance.py:1956} INFO - Dependencies all met for dep_context=non-requeueable deps ti=<TaskInstance: flight_price_analysis.ingest_data manual__2025-05-19T22:26:04.163335+00:00 [queued]>
[2025-05-19T22:31:08.254+0000] {taskinstance.py:1956} INFO - Dependencies all met for dep_context=requeueable deps ti=<TaskInstance: flight_price_analysis.ingest_data manual__2025-05-19T22:26:04.163335+00:00 [queued]>
[2025-05-19T22:31:08.255+0000] {taskinstance.py:2170} INFO - Starting attempt 2 of 2
[2025-05-19T22:31:08.269+0000] {taskinstance.py:2191} INFO - Executing <Task(PythonOperator): ingest_data> on 2025-05-19 22:26:04.163335+00:00
[2025-05-19T22:31:08.274+0000] {standard_task_runner.py:60} INFO - Started process 1474 to run task
[2025-05-19T22:31:08.277+0000] {standard_task_runner.py:87} INFO - Running: ['***', 'tasks', 'run', 'flight_price_analysis', 'ingest_data', 'manual__2025-05-19T22:26:04.163335+00:00', '--job-id', '14', '--raw', '--subdir', 'DAGS_FOLDER/flight_price_pipeline.py', '--cfg-path', '/tmp/tmposgsyt39']
[2025-05-19T22:31:08.278+0000] {standard_task_runner.py:88} INFO - Job 14: Subtask ingest_data
[2025-05-19T22:31:08.322+0000] {task_command.py:423} INFO - Running <TaskInstance: flight_price_analysis.ingest_data manual__2025-05-19T22:26:04.163335+00:00 [running]> on host fb9c3f11be12
[2025-05-19T22:31:08.413+0000] {taskinstance.py:2480} INFO - Exporting env vars: AIRFLOW_CTX_DAG_OWNER='***' AIRFLOW_CTX_DAG_ID='flight_price_analysis' AIRFLOW_CTX_TASK_ID='ingest_data' AIRFLOW_CTX_EXECUTION_DATE='2025-05-19T22:26:04.163335+00:00' AIRFLOW_CTX_TRY_NUMBER='2' AIRFLOW_CTX_DAG_RUN_ID='manual__2025-05-19T22:26:04.163335+00:00'
[2025-05-19T22:31:08.433+0000] {data_ingestion.py:16} INFO - CSV validation successful for: /opt/***/dags/data/Flight_Price_Dataset_of_Bangladesh.csv
[2025-05-19T22:31:08.433+0000] {data_ingestion.py:17} INFO - Columns found: Airline, Source, Source Name, Destination, Destination Name, Departure Date & Time, Arrival Date & Time, Duration (hrs), Stopovers, Aircraft Type, Class, Booking Source, Base Fare (BDT), Tax & Surcharge (BDT), Total Fare (BDT), Seasonality, Days Before Departure
[2025-05-19T22:31:08.434+0000] {data_ingestion.py:37} INFO - Reading CSV file: /opt/***/dags/data/Flight_Price_Dataset_of_Bangladesh.csv
[2025-05-19T22:31:08.827+0000] {data_ingestion.py:53} INFO - CSV loaded with 57000 rows and 17 columns
[2025-05-19T22:31:08.828+0000] {data_ingestion.py:54} INFO - Columns after cleaning: Airline, Source, Source_Name, Destination, Destination_Name, Departure_Date_Time, Arrival_Date_Time, Duration_hrs, Stopovers, Aircraft_Type, Class, Booking_Source, Base_Fare_BDT, Tax_Surcharge_BDT, Total_Fare_BDT, Seasonality, Days_Before_Departure
[2025-05-19T22:31:09.876+0000] {data_ingestion.py:67} INFO - Inserting data into MySQL table: flight_data
[2025-05-19T22:31:09.891+0000] {base.py:83} INFO - Using connection ID 'mysql_conn' for task execution.
[2025-05-19T22:31:10.015+0000] {data_ingestion.py:86} INFO - Inserted chunk 1: 1000 rows
[2025-05-19T22:31:10.160+0000] {data_ingestion.py:86} INFO - Inserted chunk 2: 1000 rows
[2025-05-19T22:31:10.306+0000] {data_ingestion.py:86} INFO - Inserted chunk 3: 1000 rows
[2025-05-19T22:31:10.389+0000] {data_ingestion.py:86} INFO - Inserted chunk 4: 1000 rows
[2025-05-19T22:31:10.489+0000] {data_ingestion.py:86} INFO - Inserted chunk 5: 1000 rows
[2025-05-19T22:31:10.581+0000] {data_ingestion.py:86} INFO - Inserted chunk 6: 1000 rows
[2025-05-19T22:31:10.659+0000] {data_ingestion.py:86} INFO - Inserted chunk 7: 1000 rows
[2025-05-19T22:31:10.741+0000] {data_ingestion.py:86} INFO - Inserted chunk 8: 1000 rows
[2025-05-19T22:31:10.812+0000] {data_ingestion.py:86} INFO - Inserted chunk 9: 1000 rows
[2025-05-19T22:31:10.879+0000] {data_ingestion.py:86} INFO - Inserted chunk 10: 1000 rows
[2025-05-19T22:31:10.947+0000] {data_ingestion.py:86} INFO - Inserted chunk 11: 1000 rows
[2025-05-19T22:31:11.008+0000] {data_ingestion.py:86} INFO - Inserted chunk 12: 1000 rows
[2025-05-19T22:31:11.075+0000] {data_ingestion.py:86} INFO - Inserted chunk 13: 1000 rows
[2025-05-19T22:31:11.140+0000] {data_ingestion.py:86} INFO - Inserted chunk 14: 1000 rows
[2025-05-19T22:31:11.203+0000] {data_ingestion.py:86} INFO - Inserted chunk 15: 1000 rows
[2025-05-19T22:31:11.276+0000] {data_ingestion.py:86} INFO - Inserted chunk 16: 1000 rows
[2025-05-19T22:31:11.346+0000] {data_ingestion.py:86} INFO - Inserted chunk 17: 1000 rows
[2025-05-19T22:31:11.418+0000] {data_ingestion.py:86} INFO - Inserted chunk 18: 1000 rows
[2025-05-19T22:31:11.479+0000] {data_ingestion.py:86} INFO - Inserted chunk 19: 1000 rows
[2025-05-19T22:31:11.544+0000] {data_ingestion.py:86} INFO - Inserted chunk 20: 1000 rows
[2025-05-19T22:31:11.612+0000] {data_ingestion.py:86} INFO - Inserted chunk 21: 1000 rows
[2025-05-19T22:31:11.677+0000] {data_ingestion.py:86} INFO - Inserted chunk 22: 1000 rows
[2025-05-19T22:31:11.752+0000] {data_ingestion.py:86} INFO - Inserted chunk 23: 1000 rows
[2025-05-19T22:31:11.843+0000] {data_ingestion.py:86} INFO - Inserted chunk 24: 1000 rows
[2025-05-19T22:31:11.917+0000] {data_ingestion.py:86} INFO - Inserted chunk 25: 1000 rows
[2025-05-19T22:31:11.996+0000] {data_ingestion.py:86} INFO - Inserted chunk 26: 1000 rows
[2025-05-19T22:31:12.078+0000] {data_ingestion.py:86} INFO - Inserted chunk 27: 1000 rows
[2025-05-19T22:31:12.155+0000] {data_ingestion.py:86} INFO - Inserted chunk 28: 1000 rows
[2025-05-19T22:31:12.219+0000] {data_ingestion.py:86} INFO - Inserted chunk 29: 1000 rows
[2025-05-19T22:31:12.283+0000] {data_ingestion.py:86} INFO - Inserted chunk 30: 1000 rows
[2025-05-19T22:31:12.352+0000] {data_ingestion.py:86} INFO - Inserted chunk 31: 1000 rows
[2025-05-19T22:31:12.417+0000] {data_ingestion.py:86} INFO - Inserted chunk 32: 1000 rows
[2025-05-19T22:31:12.485+0000] {data_ingestion.py:86} INFO - Inserted chunk 33: 1000 rows
[2025-05-19T22:31:12.554+0000] {data_ingestion.py:86} INFO - Inserted chunk 34: 1000 rows
[2025-05-19T22:31:12.618+0000] {data_ingestion.py:86} INFO - Inserted chunk 35: 1000 rows
[2025-05-19T22:31:12.680+0000] {data_ingestion.py:86} INFO - Inserted chunk 36: 1000 rows
[2025-05-19T22:31:12.745+0000] {data_ingestion.py:86} INFO - Inserted chunk 37: 1000 rows
[2025-05-19T22:31:12.815+0000] {data_ingestion.py:86} INFO - Inserted chunk 38: 1000 rows
[2025-05-19T22:31:12.881+0000] {data_ingestion.py:86} INFO - Inserted chunk 39: 1000 rows
[2025-05-19T22:31:13.191+0000] {data_ingestion.py:86} INFO - Inserted chunk 40: 1000 rows
[2025-05-19T22:31:13.411+0000] {data_ingestion.py:86} INFO - Inserted chunk 41: 1000 rows
[2025-05-19T22:31:13.652+0000] {data_ingestion.py:86} INFO - Inserted chunk 42: 1000 rows
[2025-05-19T22:31:13.893+0000] {data_ingestion.py:86} INFO - Inserted chunk 43: 1000 rows
[2025-05-19T22:31:14.087+0000] {data_ingestion.py:86} INFO - Inserted chunk 44: 1000 rows
[2025-05-19T22:31:14.273+0000] {data_ingestion.py:86} INFO - Inserted chunk 45: 1000 rows
[2025-05-19T22:31:14.372+0000] {data_ingestion.py:86} INFO - Inserted chunk 46: 1000 rows
[2025-05-19T22:31:14.460+0000] {data_ingestion.py:86} INFO - Inserted chunk 47: 1000 rows
[2025-05-19T22:31:14.567+0000] {data_ingestion.py:86} INFO - Inserted chunk 48: 1000 rows
[2025-05-19T22:31:14.665+0000] {data_ingestion.py:86} INFO - Inserted chunk 49: 1000 rows
[2025-05-19T22:31:14.743+0000] {data_ingestion.py:86} INFO - Inserted chunk 50: 1000 rows
[2025-05-19T22:31:14.809+0000] {data_ingestion.py:86} INFO - Inserted chunk 51: 1000 rows
[2025-05-19T22:31:14.879+0000] {data_ingestion.py:86} INFO - Inserted chunk 52: 1000 rows
[2025-05-19T22:31:14.962+0000] {data_ingestion.py:86} INFO - Inserted chunk 53: 1000 rows
[2025-05-19T22:31:15.052+0000] {data_ingestion.py:86} INFO - Inserted chunk 54: 1000 rows
[2025-05-19T22:31:15.165+0000] {data_ingestion.py:86} INFO - Inserted chunk 55: 1000 rows
[2025-05-19T22:31:15.262+0000] {data_ingestion.py:86} INFO - Inserted chunk 56: 1000 rows
[2025-05-19T22:31:15.375+0000] {data_ingestion.py:86} INFO - Inserted chunk 57: 1000 rows
[2025-05-19T22:31:15.379+0000] {data_ingestion.py:95} INFO - Successfully loaded 57000 rows into flight_data
[2025-05-19T22:31:15.384+0000] {python.py:201} INFO - Done. Returned value was: True
[2025-05-19T22:31:15.417+0000] {taskinstance.py:1138} INFO - Marking task as SUCCESS. dag_id=flight_price_analysis, task_id=ingest_data, execution_date=20250519T222604, start_date=20250519T223108, end_date=20250519T223115
[2025-05-19T22:31:15.444+0000] {local_task_job_runner.py:234} INFO - Task exited with return code 0
[2025-05-19T22:31:15.469+0000] {taskinstance.py:3280} INFO - 1 downstream tasks scheduled from follow-on schedule check
