2025-05-19 21:18:42,695 - airflow.auth.managers.fab.security_manager.override - INFO - Created Permission View: can read on DAG:flight_price_analysis
2025-05-19 21:18:42,708 - airflow.auth.managers.fab.security_manager.override - INFO - Created Permission View: can delete on DAG:flight_price_analysis
2025-05-19 21:18:42,721 - airflow.auth.managers.fab.security_manager.override - INFO - Created Permission View: can edit on DAG:flight_price_analysis
2025-05-19 21:18:42,722 - airflow.models.dag - INFO - Sync 1 DAGs
2025-05-19 21:18:42,734 - airflow.models.dag - INFO - Creating ORM DAG for flight_price_analysis
2025-05-19 21:18:42,737 - airflow.models.dag - INFO - Setting next_dagrun for flight_price_analysis to None, run_after=None
2025-05-19 21:19:13,510 - airflow.models.dag - INFO - Sync 1 DAGs
2025-05-19 21:19:13,521 - airflow.models.dag - INFO - Setting next_dagrun for flight_price_analysis to None, run_after=None
2025-05-19 21:19:40,526 - airflow.cli.commands.task_command - INFO - Running <TaskInstance: flight_price_analysis.ingest_data manual__2025-05-19T21:19:37.087287+00:00 [queued]> on host fb9c3f11be12
2025-05-19 21:19:40,526 - celery.redirected - WARNING - 2025-05-19 21:19:40,526 - airflow.cli.commands.task_command - INFO - Running <TaskInstance: flight_price_analysis.ingest_data manual__2025-05-19T21:19:37.087287+00:00 [queued]> on host fb9c3f11be12
2025-05-19 21:19:44,032 - airflow.models.dag - INFO - Sync 1 DAGs
2025-05-19 21:19:44,044 - airflow.models.dag - INFO - Setting next_dagrun for flight_price_analysis to None, run_after=None
2025-05-19 21:20:14,818 - airflow.models.dag - INFO - Sync 1 DAGs
2025-05-19 21:20:14,830 - airflow.models.dag - INFO - Setting next_dagrun for flight_price_analysis to None, run_after=None
2025-05-19 21:20:45,830 - airflow.models.dag - INFO - Sync 1 DAGs
2025-05-19 21:20:45,843 - airflow.models.dag - INFO - Setting next_dagrun for flight_price_analysis to None, run_after=None
2025-05-19 21:21:17,149 - airflow.models.dag - INFO - Sync 1 DAGs
2025-05-19 21:21:17,180 - airflow.models.dag - INFO - Setting next_dagrun for flight_price_analysis to None, run_after=None
2025-05-19 21:21:48,722 - airflow.models.dag - INFO - Sync 1 DAGs
2025-05-19 21:21:48,737 - airflow.models.dag - INFO - Setting next_dagrun for flight_price_analysis to None, run_after=None
2025-05-19 21:22:19,398 - airflow.models.dag - INFO - Sync 1 DAGs
2025-05-19 21:22:19,413 - airflow.models.dag - INFO - Setting next_dagrun for flight_price_analysis to None, run_after=None
2025-05-19 21:22:50,437 - airflow.models.dag - INFO - Sync 1 DAGs
2025-05-19 21:22:50,449 - airflow.models.dag - INFO - Setting next_dagrun for flight_price_analysis to None, run_after=None
2025-05-19 21:23:01,451 - airflow.models.dag - INFO - Sync 1 DAGs
2025-05-19 21:23:01,465 - airflow.models.dag - INFO - Setting next_dagrun for flight_price_analysis to None, run_after=None
2025-05-19 21:23:32,633 - airflow.models.dag - INFO - Sync 1 DAGs
2025-05-19 21:23:32,646 - airflow.models.dag - INFO - Setting next_dagrun for flight_price_analysis to None, run_after=None
2025-05-19 21:23:59,654 - airflow.cli.commands.task_command - INFO - Running <TaskInstance: flight_price_analysis.ingest_data manual__2025-05-19T21:23:57.739055+00:00 [queued]> on host fb9c3f11be12
2025-05-19 21:23:59,654 - celery.redirected - WARNING - 2025-05-19 21:23:59,654 - airflow.cli.commands.task_command - INFO - Running <TaskInstance: flight_price_analysis.ingest_data manual__2025-05-19T21:23:57.739055+00:00 [queued]> on host fb9c3f11be12
2025-05-19 21:24:03,048 - airflow.models.dag - INFO - Sync 1 DAGs
2025-05-19 21:24:03,066 - airflow.models.dag - INFO - Setting next_dagrun for flight_price_analysis to None, run_after=None
2025-05-19 21:24:33,635 - airflow.models.dag - INFO - Sync 1 DAGs
2025-05-19 21:24:33,648 - airflow.models.dag - INFO - Setting next_dagrun for flight_price_analysis to None, run_after=None
2025-05-19 21:24:42,094 - airflow.cli.commands.task_command - INFO - Running <TaskInstance: flight_price_analysis.ingest_data manual__2025-05-19T21:19:37.087287+00:00 [queued]> on host fb9c3f11be12
2025-05-19 21:24:42,094 - celery.redirected - WARNING - 2025-05-19 21:24:42,094 - airflow.cli.commands.task_command - INFO - Running <TaskInstance: flight_price_analysis.ingest_data manual__2025-05-19T21:19:37.087287+00:00 [queued]> on host fb9c3f11be12
2025-05-19 21:25:04,912 - airflow.models.dag - INFO - Sync 1 DAGs
2025-05-19 21:25:04,924 - airflow.models.dag - INFO - Setting next_dagrun for flight_price_analysis to None, run_after=None
2025-05-19 21:25:35,455 - airflow.models.dag - INFO - Sync 1 DAGs
2025-05-19 21:25:35,470 - airflow.models.dag - INFO - Setting next_dagrun for flight_price_analysis to None, run_after=None
2025-05-19 21:26:06,490 - airflow.models.dag - INFO - Sync 1 DAGs
2025-05-19 21:26:06,504 - airflow.models.dag - INFO - Setting next_dagrun for flight_price_analysis to None, run_after=None
2025-05-19 21:26:37,783 - airflow.models.dag - INFO - Sync 1 DAGs
2025-05-19 21:26:37,796 - airflow.models.dag - INFO - Setting next_dagrun for flight_price_analysis to None, run_after=None
2025-05-19 21:26:48,421 - airflow.models.dag - INFO - Sync 1 DAGs
2025-05-19 21:26:48,432 - airflow.models.dag - INFO - Setting next_dagrun for flight_price_analysis to None, run_after=None
2025-05-19 21:27:19,704 - airflow.models.dag - INFO - Sync 1 DAGs
2025-05-19 21:27:19,717 - airflow.models.dag - INFO - Setting next_dagrun for flight_price_analysis to None, run_after=None
2025-05-19 21:27:34,753 - airflow.cli.commands.task_command - INFO - Running <TaskInstance: flight_price_analysis.ingest_data manual__2025-05-19T21:27:32.843632+00:00 [queued]> on host fb9c3f11be12
2025-05-19 21:27:34,754 - celery.redirected - WARNING - 2025-05-19 21:27:34,753 - airflow.cli.commands.task_command - INFO - Running <TaskInstance: flight_price_analysis.ingest_data manual__2025-05-19T21:27:32.843632+00:00 [queued]> on host fb9c3f11be12
2025-05-19 21:27:50,862 - airflow.models.dag - INFO - Sync 1 DAGs
2025-05-19 21:27:50,875 - airflow.models.dag - INFO - Setting next_dagrun for flight_price_analysis to None, run_after=None
2025-05-19 21:28:21,872 - airflow.models.dag - INFO - Sync 1 DAGs
2025-05-19 21:28:21,890 - airflow.models.dag - INFO - Setting next_dagrun for flight_price_analysis to None, run_after=None
2025-05-19 21:28:52,462 - airflow.models.dag - INFO - Sync 1 DAGs
2025-05-19 21:28:52,475 - airflow.models.dag - INFO - Setting next_dagrun for flight_price_analysis to None, run_after=None
2025-05-19 21:29:01,873 - airflow.cli.commands.task_command - INFO - Running <TaskInstance: flight_price_analysis.ingest_data manual__2025-05-19T21:23:57.739055+00:00 [queued]> on host fb9c3f11be12
2025-05-19 21:29:01,874 - celery.redirected - WARNING - 2025-05-19 21:29:01,873 - airflow.cli.commands.task_command - INFO - Running <TaskInstance: flight_price_analysis.ingest_data manual__2025-05-19T21:23:57.739055+00:00 [queued]> on host fb9c3f11be12
2025-05-19 21:29:23,262 - airflow.models.dag - INFO - Sync 1 DAGs
2025-05-19 21:29:23,278 - airflow.models.dag - INFO - Setting next_dagrun for flight_price_analysis to None, run_after=None
2025-05-19 21:29:28,224 - airflow.models.dag - INFO - Sync 1 DAGs
2025-05-19 21:29:28,236 - airflow.models.dag - INFO - Setting next_dagrun for flight_price_analysis to None, run_after=None
2025-05-19 21:29:59,000 - airflow.models.dag - INFO - Sync 1 DAGs
2025-05-19 21:29:59,012 - airflow.models.dag - INFO - Setting next_dagrun for flight_price_analysis to None, run_after=None
2025-05-19 21:30:29,450 - airflow.models.dag - INFO - Sync 1 DAGs
2025-05-19 21:30:29,462 - airflow.models.dag - INFO - Setting next_dagrun for flight_price_analysis to None, run_after=None
2025-05-19 21:30:34,210 - airflow.cli.commands.task_command - INFO - Running <TaskInstance: flight_price_analysis.ingest_data manual__2025-05-19T21:30:32.402949+00:00 [queued]> on host fb9c3f11be12
2025-05-19 21:30:34,211 - celery.redirected - WARNING - 2025-05-19 21:30:34,210 - airflow.cli.commands.task_command - INFO - Running <TaskInstance: flight_price_analysis.ingest_data manual__2025-05-19T21:30:32.402949+00:00 [queued]> on host fb9c3f11be12
2025-05-19 21:30:59,899 - airflow.models.dag - INFO - Sync 1 DAGs
2025-05-19 21:30:59,914 - airflow.models.dag - INFO - Setting next_dagrun for flight_price_analysis to None, run_after=None
2025-05-19 21:31:30,517 - airflow.models.dag - INFO - Sync 1 DAGs
2025-05-19 21:31:30,533 - airflow.models.dag - INFO - Setting next_dagrun for flight_price_analysis to None, run_after=None
2025-05-19 21:32:00,996 - airflow.models.dag - INFO - Sync 1 DAGs
2025-05-19 21:32:01,010 - airflow.models.dag - INFO - Setting next_dagrun for flight_price_analysis to None, run_after=None
2025-05-19 21:32:31,822 - airflow.models.dag - INFO - Sync 1 DAGs
2025-05-19 21:32:31,838 - airflow.models.dag - INFO - Setting next_dagrun for flight_price_analysis to None, run_after=None
2025-05-19 21:32:36,444 - airflow.cli.commands.task_command - INFO - Running <TaskInstance: flight_price_analysis.ingest_data manual__2025-05-19T21:27:32.843632+00:00 [queued]> on host fb9c3f11be12
2025-05-19 21:32:36,445 - celery.redirected - WARNING - 2025-05-19 21:32:36,444 - airflow.cli.commands.task_command - INFO - Running <TaskInstance: flight_price_analysis.ingest_data manual__2025-05-19T21:27:32.843632+00:00 [queued]> on host fb9c3f11be12
2025-05-19 21:33:02,381 - airflow.models.dag - INFO - Sync 1 DAGs
2025-05-19 21:33:02,393 - airflow.models.dag - INFO - Setting next_dagrun for flight_price_analysis to None, run_after=None
2025-05-19 21:33:32,862 - airflow.models.dag - INFO - Sync 1 DAGs
2025-05-19 21:33:32,874 - airflow.models.dag - INFO - Setting next_dagrun for flight_price_analysis to None, run_after=None
2025-05-19 21:34:03,340 - airflow.models.dag - INFO - Sync 1 DAGs
2025-05-19 21:34:03,353 - airflow.models.dag - INFO - Setting next_dagrun for flight_price_analysis to None, run_after=None
2025-05-19 21:34:34,193 - airflow.models.dag - INFO - Sync 1 DAGs
2025-05-19 21:34:34,211 - airflow.models.dag - INFO - Setting next_dagrun for flight_price_analysis to None, run_after=None
2025-05-19 21:35:04,749 - airflow.models.dag - INFO - Sync 1 DAGs
2025-05-19 21:35:04,765 - airflow.models.dag - INFO - Setting next_dagrun for flight_price_analysis to None, run_after=None
2025-05-19 21:35:35,211 - airflow.models.dag - INFO - Sync 1 DAGs
2025-05-19 21:35:35,223 - airflow.models.dag - INFO - Setting next_dagrun for flight_price_analysis to None, run_after=None
2025-05-19 21:35:38,061 - airflow.cli.commands.task_command - INFO - Running <TaskInstance: flight_price_analysis.ingest_data manual__2025-05-19T21:30:32.402949+00:00 [queued]> on host fb9c3f11be12
2025-05-19 21:35:38,061 - celery.redirected - WARNING - 2025-05-19 21:35:38,061 - airflow.cli.commands.task_command - INFO - Running <TaskInstance: flight_price_analysis.ingest_data manual__2025-05-19T21:30:32.402949+00:00 [queued]> on host fb9c3f11be12
2025-05-19 21:36:05,656 - airflow.models.dag - INFO - Sync 1 DAGs
2025-05-19 21:36:05,680 - airflow.models.dag - INFO - Setting next_dagrun for flight_price_analysis to None, run_after=None
2025-05-19 21:36:36,187 - airflow.models.dag - INFO - Sync 1 DAGs
2025-05-19 21:36:36,206 - airflow.models.dag - INFO - Setting next_dagrun for flight_price_analysis to None, run_after=None
2025-05-19 21:37:06,812 - airflow.models.dag - INFO - Sync 1 DAGs
2025-05-19 21:37:06,826 - airflow.models.dag - INFO - Setting next_dagrun for flight_price_analysis to None, run_after=None
2025-05-19 21:37:37,426 - airflow.models.dag - INFO - Sync 1 DAGs
2025-05-19 21:37:37,438 - airflow.models.dag - INFO - Setting next_dagrun for flight_price_analysis to None, run_after=None
2025-05-19 21:38:08,264 - airflow.models.dag - INFO - Sync 1 DAGs
2025-05-19 21:38:08,276 - airflow.models.dag - INFO - Setting next_dagrun for flight_price_analysis to None, run_after=None
2025-05-19 21:38:38,773 - airflow.models.dag - INFO - Sync 1 DAGs
2025-05-19 21:38:38,786 - airflow.models.dag - INFO - Setting next_dagrun for flight_price_analysis to None, run_after=None
2025-05-19 21:39:09,255 - airflow.models.dag - INFO - Sync 1 DAGs
2025-05-19 21:39:09,268 - airflow.models.dag - INFO - Setting next_dagrun for flight_price_analysis to None, run_after=None
2025-05-19 21:39:39,683 - airflow.models.dag - INFO - Sync 1 DAGs
2025-05-19 21:39:39,695 - airflow.models.dag - INFO - Setting next_dagrun for flight_price_analysis to None, run_after=None
2025-05-19 21:40:10,307 - airflow.models.dag - INFO - Sync 1 DAGs
2025-05-19 21:40:10,321 - airflow.models.dag - INFO - Setting next_dagrun for flight_price_analysis to None, run_after=None
2025-05-19 21:40:42,752 - airflow.models.dag - INFO - Sync 1 DAGs
2025-05-19 21:40:42,766 - airflow.models.dag - INFO - Setting next_dagrun for flight_price_analysis to None, run_after=None
2025-05-19 21:41:05,786 - airflow.cli.commands.task_command - INFO - Running <TaskInstance: flight_price_analysis.ingest_data manual__2025-05-19T21:41:04.063020+00:00 [queued]> on host fb9c3f11be12
2025-05-19 21:41:05,786 - celery.redirected - WARNING - 2025-05-19 21:41:05,786 - airflow.cli.commands.task_command - INFO - Running <TaskInstance: flight_price_analysis.ingest_data manual__2025-05-19T21:41:04.063020+00:00 [queued]> on host fb9c3f11be12
2025-05-19 21:41:13,513 - airflow.models.dag - INFO - Sync 1 DAGs
2025-05-19 21:41:13,528 - airflow.models.dag - INFO - Setting next_dagrun for flight_price_analysis to None, run_after=None
2025-05-19 21:41:44,223 - airflow.models.dag - INFO - Sync 1 DAGs
2025-05-19 21:41:44,238 - airflow.models.dag - INFO - Setting next_dagrun for flight_price_analysis to None, run_after=None
2025-05-19 21:42:14,719 - airflow.models.dag - INFO - Sync 1 DAGs
2025-05-19 21:42:14,734 - airflow.models.dag - INFO - Setting next_dagrun for flight_price_analysis to None, run_after=None
2025-05-19 21:42:18,040 - airflow.cli.commands.task_command - INFO - Running <TaskInstance: flight_price_analysis.ingest_data manual__2025-05-19T21:41:04.063020+00:00 [queued]> on host fb9c3f11be12
2025-05-19 21:42:18,040 - celery.redirected - WARNING - 2025-05-19 21:42:18,040 - airflow.cli.commands.task_command - INFO - Running <TaskInstance: flight_price_analysis.ingest_data manual__2025-05-19T21:41:04.063020+00:00 [queued]> on host fb9c3f11be12
2025-05-19 21:42:45,351 - airflow.models.dag - INFO - Sync 1 DAGs
2025-05-19 21:42:45,365 - airflow.models.dag - INFO - Setting next_dagrun for flight_price_analysis to None, run_after=None
2025-05-19 21:43:15,925 - airflow.models.dag - INFO - Sync 1 DAGs
2025-05-19 21:43:15,936 - airflow.models.dag - INFO - Setting next_dagrun for flight_price_analysis to None, run_after=None
2025-05-19 21:43:46,372 - airflow.models.dag - INFO - Sync 1 DAGs
2025-05-19 21:43:46,385 - airflow.models.dag - INFO - Setting next_dagrun for flight_price_analysis to None, run_after=None
