[2025-05-19T21:42:18.133+0000] {taskinstance.py:1956} INFO - Dependencies all met for dep_context=non-requeueable deps ti=<TaskInstance: flight_price_analysis.ingest_data manual__2025-05-19T21:41:04.063020+00:00 [queued]>
[2025-05-19T21:42:18.143+0000] {taskinstance.py:1956} INFO - Dependencies all met for dep_context=requeueable deps ti=<TaskInstance: flight_price_analysis.ingest_data manual__2025-05-19T21:41:04.063020+00:00 [queued]>
[2025-05-19T21:42:18.144+0000] {taskinstance.py:2170} INFO - Starting attempt 2 of 3
[2025-05-19T21:42:18.159+0000] {taskinstance.py:2191} INFO - Executing <Task(PythonOperator): ingest_data> on 2025-05-19 21:41:04.063020+00:00
[2025-05-19T21:42:18.164+0000] {standard_task_runner.py:60} INFO - Started process 742 to run task
[2025-05-19T21:42:18.168+0000] {standard_task_runner.py:87} INFO - Running: ['***', 'tasks', 'run', 'flight_price_analysis', 'ingest_data', 'manual__2025-05-19T21:41:04.063020+00:00', '--job-id', '12', '--raw', '--subdir', 'DAGS_FOLDER/flight_price_pipeline.py', '--cfg-path', '/tmp/tmpxtqic4lc']
[2025-05-19T21:42:18.170+0000] {standard_task_runner.py:88} INFO - Job 12: Subtask ingest_data
[2025-05-19T21:42:18.214+0000] {task_command.py:423} INFO - Running <TaskInstance: flight_price_analysis.ingest_data manual__2025-05-19T21:41:04.063020+00:00 [running]> on host fb9c3f11be12
[2025-05-19T21:42:18.287+0000] {taskinstance.py:2480} INFO - Exporting env vars: AIRFLOW_CTX_DAG_OWNER='***' AIRFLOW_CTX_DAG_ID='flight_price_analysis' AIRFLOW_CTX_TASK_ID='ingest_data' AIRFLOW_CTX_EXECUTION_DATE='2025-05-19T21:41:04.063020+00:00' AIRFLOW_CTX_TRY_NUMBER='2' AIRFLOW_CTX_DAG_RUN_ID='manual__2025-05-19T21:41:04.063020+00:00'
[2025-05-19T21:42:18.309+0000] {data_ingestion.py:16} INFO - CSV validation successful for: /opt/***/dags/data/Flight_Price_Dataset_of_Bangladesh.csv
[2025-05-19T21:42:18.310+0000] {data_ingestion.py:17} INFO - Columns found: Airline, Source, Source Name, Destination, Destination Name, Departure Date & Time, Arrival Date & Time, Duration (hrs), Stopovers, Aircraft Type, Class, Booking Source, Base Fare (BDT), Tax & Surcharge (BDT), Total Fare (BDT), Seasonality, Days Before Departure
[2025-05-19T21:42:18.310+0000] {data_ingestion.py:37} INFO - Reading CSV file: /opt/***/dags/data/Flight_Price_Dataset_of_Bangladesh.csv
[2025-05-19T21:42:18.682+0000] {data_ingestion.py:53} INFO - CSV loaded with 57000 rows and 17 columns
[2025-05-19T21:42:18.683+0000] {data_ingestion.py:54} INFO - Columns after cleaning: Airline, Source, Source_Name, Destination, Destination_Name, Departure_Date_Time, Arrival_Date_Time, Duration_hrs, Stopovers, Aircraft_Type, Class, Booking_Source, Base_Fare_BDT, Tax_Surcharge_BDT, Total_Fare_BDT, Seasonality, Days_Before_Departure
[2025-05-19T21:42:19.399+0000] {data_ingestion.py:67} INFO - Inserting data into MySQL table: flight_data
[2025-05-19T21:42:19.408+0000] {base.py:83} INFO - Using connection ID 'mysql_conn' for task execution.
[2025-05-19T21:42:19.575+0000] {data_ingestion.py:86} INFO - Inserted chunk 1: 1000 rows
[2025-05-19T21:42:19.741+0000] {data_ingestion.py:86} INFO - Inserted chunk 2: 1000 rows
[2025-05-19T21:42:19.905+0000] {data_ingestion.py:86} INFO - Inserted chunk 3: 1000 rows
[2025-05-19T21:42:19.989+0000] {data_ingestion.py:86} INFO - Inserted chunk 4: 1000 rows
[2025-05-19T21:42:20.060+0000] {data_ingestion.py:86} INFO - Inserted chunk 5: 1000 rows
[2025-05-19T21:42:20.132+0000] {data_ingestion.py:86} INFO - Inserted chunk 6: 1000 rows
[2025-05-19T21:42:20.209+0000] {data_ingestion.py:86} INFO - Inserted chunk 7: 1000 rows
[2025-05-19T21:42:20.292+0000] {data_ingestion.py:86} INFO - Inserted chunk 8: 1000 rows
[2025-05-19T21:42:20.359+0000] {data_ingestion.py:86} INFO - Inserted chunk 9: 1000 rows
[2025-05-19T21:42:20.426+0000] {data_ingestion.py:86} INFO - Inserted chunk 10: 1000 rows
[2025-05-19T21:42:20.492+0000] {data_ingestion.py:86} INFO - Inserted chunk 11: 1000 rows
[2025-05-19T21:42:20.563+0000] {data_ingestion.py:86} INFO - Inserted chunk 12: 1000 rows
[2025-05-19T21:42:20.635+0000] {data_ingestion.py:86} INFO - Inserted chunk 13: 1000 rows
[2025-05-19T21:42:20.709+0000] {data_ingestion.py:86} INFO - Inserted chunk 14: 1000 rows
[2025-05-19T21:42:20.773+0000] {data_ingestion.py:86} INFO - Inserted chunk 15: 1000 rows
[2025-05-19T21:42:20.839+0000] {data_ingestion.py:86} INFO - Inserted chunk 16: 1000 rows
[2025-05-19T21:42:20.906+0000] {data_ingestion.py:86} INFO - Inserted chunk 17: 1000 rows
[2025-05-19T21:42:20.991+0000] {data_ingestion.py:86} INFO - Inserted chunk 18: 1000 rows
[2025-05-19T21:42:21.105+0000] {data_ingestion.py:86} INFO - Inserted chunk 19: 1000 rows
[2025-05-19T21:42:21.220+0000] {data_ingestion.py:86} INFO - Inserted chunk 20: 1000 rows
[2025-05-19T21:42:21.323+0000] {data_ingestion.py:86} INFO - Inserted chunk 21: 1000 rows
[2025-05-19T21:42:21.392+0000] {data_ingestion.py:86} INFO - Inserted chunk 22: 1000 rows
[2025-05-19T21:42:21.471+0000] {data_ingestion.py:86} INFO - Inserted chunk 23: 1000 rows
[2025-05-19T21:42:21.572+0000] {data_ingestion.py:86} INFO - Inserted chunk 24: 1000 rows
[2025-05-19T21:42:21.670+0000] {data_ingestion.py:86} INFO - Inserted chunk 25: 1000 rows
[2025-05-19T21:42:21.775+0000] {data_ingestion.py:86} INFO - Inserted chunk 26: 1000 rows
[2025-05-19T21:42:21.862+0000] {data_ingestion.py:86} INFO - Inserted chunk 27: 1000 rows
[2025-05-19T21:42:21.973+0000] {data_ingestion.py:86} INFO - Inserted chunk 28: 1000 rows
[2025-05-19T21:42:22.059+0000] {data_ingestion.py:86} INFO - Inserted chunk 29: 1000 rows
[2025-05-19T21:42:22.155+0000] {data_ingestion.py:86} INFO - Inserted chunk 30: 1000 rows
[2025-05-19T21:42:22.258+0000] {data_ingestion.py:86} INFO - Inserted chunk 31: 1000 rows
[2025-05-19T21:42:22.339+0000] {data_ingestion.py:86} INFO - Inserted chunk 32: 1000 rows
[2025-05-19T21:42:22.424+0000] {data_ingestion.py:86} INFO - Inserted chunk 33: 1000 rows
[2025-05-19T21:42:22.500+0000] {data_ingestion.py:86} INFO - Inserted chunk 34: 1000 rows
[2025-05-19T21:42:22.571+0000] {data_ingestion.py:86} INFO - Inserted chunk 35: 1000 rows
[2025-05-19T21:42:22.676+0000] {data_ingestion.py:86} INFO - Inserted chunk 36: 1000 rows
[2025-05-19T21:42:22.755+0000] {data_ingestion.py:86} INFO - Inserted chunk 37: 1000 rows
[2025-05-19T21:42:22.832+0000] {data_ingestion.py:86} INFO - Inserted chunk 38: 1000 rows
[2025-05-19T21:42:22.901+0000] {data_ingestion.py:86} INFO - Inserted chunk 39: 1000 rows
[2025-05-19T21:42:22.972+0000] {data_ingestion.py:86} INFO - Inserted chunk 40: 1000 rows
[2025-05-19T21:42:23.036+0000] {data_ingestion.py:86} INFO - Inserted chunk 41: 1000 rows
[2025-05-19T21:42:23.102+0000] {data_ingestion.py:86} INFO - Inserted chunk 42: 1000 rows
[2025-05-19T21:42:23.181+0000] {data_ingestion.py:86} INFO - Inserted chunk 43: 1000 rows
[2025-05-19T21:42:23.257+0000] {data_ingestion.py:86} INFO - Inserted chunk 44: 1000 rows
[2025-05-19T21:42:23.338+0000] {data_ingestion.py:86} INFO - Inserted chunk 45: 1000 rows
[2025-05-19T21:42:23.405+0000] {data_ingestion.py:86} INFO - Inserted chunk 46: 1000 rows
[2025-05-19T21:42:23.473+0000] {data_ingestion.py:86} INFO - Inserted chunk 47: 1000 rows
[2025-05-19T21:42:23.548+0000] {data_ingestion.py:86} INFO - Inserted chunk 48: 1000 rows
[2025-05-19T21:42:23.615+0000] {data_ingestion.py:86} INFO - Inserted chunk 49: 1000 rows
[2025-05-19T21:42:23.680+0000] {data_ingestion.py:86} INFO - Inserted chunk 50: 1000 rows
[2025-05-19T21:42:23.744+0000] {data_ingestion.py:86} INFO - Inserted chunk 51: 1000 rows
[2025-05-19T21:42:23.809+0000] {data_ingestion.py:86} INFO - Inserted chunk 52: 1000 rows
[2025-05-19T21:42:23.942+0000] {data_ingestion.py:86} INFO - Inserted chunk 53: 1000 rows
[2025-05-19T21:42:24.053+0000] {data_ingestion.py:86} INFO - Inserted chunk 54: 1000 rows
[2025-05-19T21:42:24.129+0000] {data_ingestion.py:86} INFO - Inserted chunk 55: 1000 rows
[2025-05-19T21:42:24.232+0000] {data_ingestion.py:86} INFO - Inserted chunk 56: 1000 rows
[2025-05-19T21:42:24.322+0000] {data_ingestion.py:86} INFO - Inserted chunk 57: 1000 rows
[2025-05-19T21:42:24.324+0000] {data_ingestion.py:95} INFO - Successfully loaded 57000 rows into flight_data
[2025-05-19T21:42:24.329+0000] {python.py:201} INFO - Done. Returned value was: True
[2025-05-19T21:42:24.353+0000] {taskinstance.py:1138} INFO - Marking task as SUCCESS. dag_id=flight_price_analysis, task_id=ingest_data, execution_date=20250519T214104, start_date=20250519T214218, end_date=20250519T214224
[2025-05-19T21:42:24.412+0000] {local_task_job_runner.py:234} INFO - Task exited with return code 0
[2025-05-19T21:42:24.456+0000] {taskinstance.py:3280} INFO - 0 downstream tasks scheduled from follow-on schedule check
