[2025-05-19T17:06:30.813+0000] {processor.py:161} INFO - Started process (PID=63) to work on /home/airflow/.local/lib/python3.8/site-packages/airflow/example_dags/example_branch_operator.py
[2025-05-19T17:06:30.829+0000] {processor.py:830} INFO - Processing file /home/airflow/.local/lib/python3.8/site-packages/airflow/example_dags/example_branch_operator.py for tasks to queue
[2025-05-19T17:06:30.839+0000] {logging_mixin.py:188} INFO - [2025-05-19T17:06:30.839+0000] {dagbag.py:538} INFO - Filling up the DagBag from /home/airflow/.local/lib/python3.8/site-packages/airflow/example_dags/example_branch_operator.py
[2025-05-19T17:06:30.997+0000] {processor.py:840} INFO - DAG(s) 'example_branch_operator' retrieved from /home/airflow/.local/lib/python3.8/site-packages/airflow/example_dags/example_branch_operator.py
[2025-05-19T17:06:31.473+0000] {logging_mixin.py:188} INFO - [2025-05-19T17:06:31.473+0000] {dag.py:3036} INFO - Sync 1 DAGs
[2025-05-19T17:06:31.572+0000] {logging_mixin.py:188} INFO - [2025-05-19T17:06:31.571+0000] {dag.py:3823} INFO - Setting next_dagrun for example_branch_operator to 2025-05-18 00:00:00+00:00, run_after=2025-05-19 00:00:00+00:00
[2025-05-19T17:06:31.636+0000] {processor.py:183} INFO - Processing /home/airflow/.local/lib/python3.8/site-packages/airflow/example_dags/example_branch_operator.py took 0.842 seconds
[2025-05-19T17:07:01.898+0000] {processor.py:161} INFO - Started process (PID=118) to work on /home/airflow/.local/lib/python3.8/site-packages/airflow/example_dags/example_branch_operator.py
[2025-05-19T17:07:01.903+0000] {processor.py:830} INFO - Processing file /home/airflow/.local/lib/python3.8/site-packages/airflow/example_dags/example_branch_operator.py for tasks to queue
[2025-05-19T17:07:01.918+0000] {logging_mixin.py:188} INFO - [2025-05-19T17:07:01.917+0000] {dagbag.py:538} INFO - Filling up the DagBag from /home/airflow/.local/lib/python3.8/site-packages/airflow/example_dags/example_branch_operator.py
[2025-05-19T17:07:02.028+0000] {processor.py:840} INFO - DAG(s) 'example_branch_operator' retrieved from /home/airflow/.local/lib/python3.8/site-packages/airflow/example_dags/example_branch_operator.py
[2025-05-19T17:07:02.140+0000] {logging_mixin.py:188} INFO - [2025-05-19T17:07:02.139+0000] {dag.py:3036} INFO - Sync 1 DAGs
[2025-05-19T17:07:02.225+0000] {logging_mixin.py:188} INFO - [2025-05-19T17:07:02.224+0000] {dag.py:3823} INFO - Setting next_dagrun for example_branch_operator to 2025-05-18 00:00:00+00:00, run_after=2025-05-19 00:00:00+00:00
[2025-05-19T17:07:02.317+0000] {processor.py:183} INFO - Processing /home/airflow/.local/lib/python3.8/site-packages/airflow/example_dags/example_branch_operator.py took 0.462 seconds
[2025-05-19T17:07:47.259+0000] {processor.py:161} INFO - Started process (PID=173) to work on /home/airflow/.local/lib/python3.8/site-packages/airflow/example_dags/example_branch_operator.py
[2025-05-19T17:07:47.266+0000] {processor.py:830} INFO - Processing file /home/airflow/.local/lib/python3.8/site-packages/airflow/example_dags/example_branch_operator.py for tasks to queue
[2025-05-19T17:07:47.269+0000] {logging_mixin.py:188} INFO - [2025-05-19T17:07:47.268+0000] {dagbag.py:538} INFO - Filling up the DagBag from /home/airflow/.local/lib/python3.8/site-packages/airflow/example_dags/example_branch_operator.py
[2025-05-19T17:07:47.333+0000] {processor.py:840} INFO - DAG(s) 'example_branch_operator' retrieved from /home/airflow/.local/lib/python3.8/site-packages/airflow/example_dags/example_branch_operator.py
[2025-05-19T17:07:47.414+0000] {logging_mixin.py:188} INFO - [2025-05-19T17:07:47.413+0000] {dag.py:3036} INFO - Sync 1 DAGs
[2025-05-19T17:07:47.485+0000] {logging_mixin.py:188} INFO - [2025-05-19T17:07:47.484+0000] {dag.py:3823} INFO - Setting next_dagrun for example_branch_operator to 2025-05-18 00:00:00+00:00, run_after=2025-05-19 00:00:00+00:00
[2025-05-19T17:07:47.532+0000] {processor.py:183} INFO - Processing /home/airflow/.local/lib/python3.8/site-packages/airflow/example_dags/example_branch_operator.py took 0.278 seconds
[2025-05-19T17:08:17.650+0000] {processor.py:161} INFO - Started process (PID=228) to work on /home/airflow/.local/lib/python3.8/site-packages/airflow/example_dags/example_branch_operator.py
[2025-05-19T17:08:17.652+0000] {processor.py:830} INFO - Processing file /home/airflow/.local/lib/python3.8/site-packages/airflow/example_dags/example_branch_operator.py for tasks to queue
[2025-05-19T17:08:17.654+0000] {logging_mixin.py:188} INFO - [2025-05-19T17:08:17.654+0000] {dagbag.py:538} INFO - Filling up the DagBag from /home/airflow/.local/lib/python3.8/site-packages/airflow/example_dags/example_branch_operator.py
[2025-05-19T17:08:17.680+0000] {processor.py:840} INFO - DAG(s) 'example_branch_operator' retrieved from /home/airflow/.local/lib/python3.8/site-packages/airflow/example_dags/example_branch_operator.py
[2025-05-19T17:08:17.715+0000] {logging_mixin.py:188} INFO - [2025-05-19T17:08:17.714+0000] {dag.py:3036} INFO - Sync 1 DAGs
[2025-05-19T17:08:17.749+0000] {logging_mixin.py:188} INFO - [2025-05-19T17:08:17.748+0000] {dag.py:3823} INFO - Setting next_dagrun for example_branch_operator to 2025-05-18 00:00:00+00:00, run_after=2025-05-19 00:00:00+00:00
[2025-05-19T17:08:17.775+0000] {processor.py:183} INFO - Processing /home/airflow/.local/lib/python3.8/site-packages/airflow/example_dags/example_branch_operator.py took 0.129 seconds
[2025-05-19T17:08:47.830+0000] {processor.py:161} INFO - Started process (PID=283) to work on /home/airflow/.local/lib/python3.8/site-packages/airflow/example_dags/example_branch_operator.py
[2025-05-19T17:08:47.832+0000] {processor.py:830} INFO - Processing file /home/airflow/.local/lib/python3.8/site-packages/airflow/example_dags/example_branch_operator.py for tasks to queue
[2025-05-19T17:08:47.833+0000] {logging_mixin.py:188} INFO - [2025-05-19T17:08:47.833+0000] {dagbag.py:538} INFO - Filling up the DagBag from /home/airflow/.local/lib/python3.8/site-packages/airflow/example_dags/example_branch_operator.py
[2025-05-19T17:08:47.851+0000] {processor.py:840} INFO - DAG(s) 'example_branch_operator' retrieved from /home/airflow/.local/lib/python3.8/site-packages/airflow/example_dags/example_branch_operator.py
[2025-05-19T17:08:47.878+0000] {logging_mixin.py:188} INFO - [2025-05-19T17:08:47.878+0000] {dag.py:3036} INFO - Sync 1 DAGs
[2025-05-19T17:08:47.902+0000] {logging_mixin.py:188} INFO - [2025-05-19T17:08:47.902+0000] {dag.py:3823} INFO - Setting next_dagrun for example_branch_operator to 2025-05-18 00:00:00+00:00, run_after=2025-05-19 00:00:00+00:00
[2025-05-19T17:08:47.935+0000] {processor.py:183} INFO - Processing /home/airflow/.local/lib/python3.8/site-packages/airflow/example_dags/example_branch_operator.py took 0.107 seconds
