[2025-05-19T17:06:22.854+0000] {processor.py:161} INFO - Started process (PID=49) to work on /home/airflow/.local/lib/python3.8/site-packages/airflow/example_dags/example_xcom.py
[2025-05-19T17:06:22.855+0000] {processor.py:830} INFO - Processing file /home/airflow/.local/lib/python3.8/site-packages/airflow/example_dags/example_xcom.py for tasks to queue
[2025-05-19T17:06:22.857+0000] {logging_mixin.py:188} INFO - [2025-05-19T17:06:22.857+0000] {dagbag.py:538} INFO - Filling up the DagBag from /home/airflow/.local/lib/python3.8/site-packages/airflow/example_dags/example_xcom.py
[2025-05-19T17:06:22.936+0000] {processor.py:840} INFO - DAG(s) 'example_xcom' retrieved from /home/airflow/.local/lib/python3.8/site-packages/airflow/example_dags/example_xcom.py
[2025-05-19T17:06:23.492+0000] {logging_mixin.py:188} INFO - [2025-05-19T17:06:23.491+0000] {dag.py:3036} INFO - Sync 1 DAGs
[2025-05-19T17:06:23.589+0000] {logging_mixin.py:188} INFO - [2025-05-19T17:06:23.589+0000] {dag.py:3823} INFO - Setting next_dagrun for example_xcom to 2021-01-01 00:00:00+00:00, run_after=2021-01-01 00:00:00+00:00
[2025-05-19T17:06:23.876+0000] {processor.py:183} INFO - Processing /home/airflow/.local/lib/python3.8/site-packages/airflow/example_dags/example_xcom.py took 1.025 seconds
[2025-05-19T17:06:54.062+0000] {processor.py:161} INFO - Started process (PID=104) to work on /home/airflow/.local/lib/python3.8/site-packages/airflow/example_dags/example_xcom.py
[2025-05-19T17:06:54.067+0000] {processor.py:830} INFO - Processing file /home/airflow/.local/lib/python3.8/site-packages/airflow/example_dags/example_xcom.py for tasks to queue
[2025-05-19T17:06:54.076+0000] {logging_mixin.py:188} INFO - [2025-05-19T17:06:54.076+0000] {dagbag.py:538} INFO - Filling up the DagBag from /home/airflow/.local/lib/python3.8/site-packages/airflow/example_dags/example_xcom.py
[2025-05-19T17:06:54.113+0000] {processor.py:840} INFO - DAG(s) 'example_xcom' retrieved from /home/airflow/.local/lib/python3.8/site-packages/airflow/example_dags/example_xcom.py
[2025-05-19T17:06:54.211+0000] {logging_mixin.py:188} INFO - [2025-05-19T17:06:54.209+0000] {dag.py:3036} INFO - Sync 1 DAGs
[2025-05-19T17:06:54.259+0000] {logging_mixin.py:188} INFO - [2025-05-19T17:06:54.258+0000] {dag.py:3823} INFO - Setting next_dagrun for example_xcom to 2021-01-01 00:00:00+00:00, run_after=2021-01-01 00:00:00+00:00
[2025-05-19T17:06:54.350+0000] {processor.py:183} INFO - Processing /home/airflow/.local/lib/python3.8/site-packages/airflow/example_dags/example_xcom.py took 0.312 seconds
[2025-05-19T17:07:29.998+0000] {processor.py:161} INFO - Started process (PID=159) to work on /home/airflow/.local/lib/python3.8/site-packages/airflow/example_dags/example_xcom.py
[2025-05-19T17:07:30.094+0000] {processor.py:830} INFO - Processing file /home/airflow/.local/lib/python3.8/site-packages/airflow/example_dags/example_xcom.py for tasks to queue
[2025-05-19T17:07:30.096+0000] {logging_mixin.py:188} INFO - [2025-05-19T17:07:30.096+0000] {dagbag.py:538} INFO - Filling up the DagBag from /home/airflow/.local/lib/python3.8/site-packages/airflow/example_dags/example_xcom.py
[2025-05-19T17:07:30.104+0000] {processor.py:840} INFO - DAG(s) 'example_xcom' retrieved from /home/airflow/.local/lib/python3.8/site-packages/airflow/example_dags/example_xcom.py
[2025-05-19T17:07:30.159+0000] {logging_mixin.py:188} INFO - [2025-05-19T17:07:30.158+0000] {dag.py:3036} INFO - Sync 1 DAGs
[2025-05-19T17:07:30.201+0000] {logging_mixin.py:188} INFO - [2025-05-19T17:07:30.201+0000] {dag.py:3823} INFO - Setting next_dagrun for example_xcom to 2021-01-01 00:00:00+00:00, run_after=2021-01-01 00:00:00+00:00
[2025-05-19T17:07:30.759+0000] {processor.py:183} INFO - Processing /home/airflow/.local/lib/python3.8/site-packages/airflow/example_dags/example_xcom.py took 0.779 seconds
[2025-05-19T17:08:01.067+0000] {processor.py:161} INFO - Started process (PID=214) to work on /home/airflow/.local/lib/python3.8/site-packages/airflow/example_dags/example_xcom.py
[2025-05-19T17:08:01.112+0000] {processor.py:830} INFO - Processing file /home/airflow/.local/lib/python3.8/site-packages/airflow/example_dags/example_xcom.py for tasks to queue
[2025-05-19T17:08:01.121+0000] {logging_mixin.py:188} INFO - [2025-05-19T17:08:01.119+0000] {dagbag.py:538} INFO - Filling up the DagBag from /home/airflow/.local/lib/python3.8/site-packages/airflow/example_dags/example_xcom.py
[2025-05-19T17:08:01.187+0000] {processor.py:840} INFO - DAG(s) 'example_xcom' retrieved from /home/airflow/.local/lib/python3.8/site-packages/airflow/example_dags/example_xcom.py
[2025-05-19T17:08:02.219+0000] {logging_mixin.py:188} INFO - [2025-05-19T17:08:02.219+0000] {dag.py:3036} INFO - Sync 1 DAGs
[2025-05-19T17:08:02.347+0000] {logging_mixin.py:188} INFO - [2025-05-19T17:08:02.346+0000] {dag.py:3823} INFO - Setting next_dagrun for example_xcom to 2021-01-01 00:00:00+00:00, run_after=2021-01-01 00:00:00+00:00
[2025-05-19T17:08:02.400+0000] {processor.py:183} INFO - Processing /home/airflow/.local/lib/python3.8/site-packages/airflow/example_dags/example_xcom.py took 1.376 seconds
[2025-05-19T17:08:32.485+0000] {processor.py:161} INFO - Started process (PID=267) to work on /home/airflow/.local/lib/python3.8/site-packages/airflow/example_dags/example_xcom.py
[2025-05-19T17:08:32.486+0000] {processor.py:830} INFO - Processing file /home/airflow/.local/lib/python3.8/site-packages/airflow/example_dags/example_xcom.py for tasks to queue
[2025-05-19T17:08:32.488+0000] {logging_mixin.py:188} INFO - [2025-05-19T17:08:32.488+0000] {dagbag.py:538} INFO - Filling up the DagBag from /home/airflow/.local/lib/python3.8/site-packages/airflow/example_dags/example_xcom.py
[2025-05-19T17:08:32.497+0000] {processor.py:840} INFO - DAG(s) 'example_xcom' retrieved from /home/airflow/.local/lib/python3.8/site-packages/airflow/example_dags/example_xcom.py
[2025-05-19T17:08:32.522+0000] {logging_mixin.py:188} INFO - [2025-05-19T17:08:32.521+0000] {dag.py:3036} INFO - Sync 1 DAGs
[2025-05-19T17:08:32.549+0000] {logging_mixin.py:188} INFO - [2025-05-19T17:08:32.549+0000] {dag.py:3823} INFO - Setting next_dagrun for example_xcom to 2021-01-01 00:00:00+00:00, run_after=2021-01-01 00:00:00+00:00
[2025-05-19T17:08:32.583+0000] {processor.py:183} INFO - Processing /home/airflow/.local/lib/python3.8/site-packages/airflow/example_dags/example_xcom.py took 0.102 seconds
