[2025-05-19T17:06:27.625+0000] {processor.py:161} INFO - Started process (PID=55) to work on /home/airflow/.local/lib/python3.8/site-packages/airflow/example_dags/example_branch_day_of_week_operator.py
[2025-05-19T17:06:27.627+0000] {processor.py:830} INFO - Processing file /home/airflow/.local/lib/python3.8/site-packages/airflow/example_dags/example_branch_day_of_week_operator.py for tasks to queue
[2025-05-19T17:06:27.630+0000] {logging_mixin.py:188} INFO - [2025-05-19T17:06:27.629+0000] {dagbag.py:538} INFO - Filling up the DagBag from /home/airflow/.local/lib/python3.8/site-packages/airflow/example_dags/example_branch_day_of_week_operator.py
[2025-05-19T17:06:27.650+0000] {processor.py:840} INFO - DAG(s) 'example_weekday_branch_operator' retrieved from /home/airflow/.local/lib/python3.8/site-packages/airflow/example_dags/example_branch_day_of_week_operator.py
[2025-05-19T17:06:28.104+0000] {logging_mixin.py:188} INFO - [2025-05-19T17:06:28.104+0000] {dag.py:3036} INFO - Sync 1 DAGs
[2025-05-19T17:06:28.165+0000] {logging_mixin.py:188} INFO - [2025-05-19T17:06:28.165+0000] {dag.py:3823} INFO - Setting next_dagrun for example_weekday_branch_operator to 2025-05-18 00:00:00+00:00, run_after=2025-05-19 00:00:00+00:00
[2025-05-19T17:06:28.223+0000] {processor.py:183} INFO - Processing /home/airflow/.local/lib/python3.8/site-packages/airflow/example_dags/example_branch_day_of_week_operator.py took 0.602 seconds
[2025-05-19T17:06:59.112+0000] {processor.py:161} INFO - Started process (PID=110) to work on /home/airflow/.local/lib/python3.8/site-packages/airflow/example_dags/example_branch_day_of_week_operator.py
[2025-05-19T17:06:59.114+0000] {processor.py:830} INFO - Processing file /home/airflow/.local/lib/python3.8/site-packages/airflow/example_dags/example_branch_day_of_week_operator.py for tasks to queue
[2025-05-19T17:06:59.124+0000] {logging_mixin.py:188} INFO - [2025-05-19T17:06:59.123+0000] {dagbag.py:538} INFO - Filling up the DagBag from /home/airflow/.local/lib/python3.8/site-packages/airflow/example_dags/example_branch_day_of_week_operator.py
[2025-05-19T17:06:59.195+0000] {processor.py:840} INFO - DAG(s) 'example_weekday_branch_operator' retrieved from /home/airflow/.local/lib/python3.8/site-packages/airflow/example_dags/example_branch_day_of_week_operator.py
[2025-05-19T17:06:59.456+0000] {logging_mixin.py:188} INFO - [2025-05-19T17:06:59.456+0000] {dag.py:3036} INFO - Sync 1 DAGs
[2025-05-19T17:06:59.526+0000] {logging_mixin.py:188} INFO - [2025-05-19T17:06:59.526+0000] {dag.py:3823} INFO - Setting next_dagrun for example_weekday_branch_operator to 2025-05-18 00:00:00+00:00, run_after=2025-05-19 00:00:00+00:00
[2025-05-19T17:06:59.571+0000] {processor.py:183} INFO - Processing /home/airflow/.local/lib/python3.8/site-packages/airflow/example_dags/example_branch_day_of_week_operator.py took 0.507 seconds
[2025-05-19T17:07:45.147+0000] {processor.py:161} INFO - Started process (PID=165) to work on /home/airflow/.local/lib/python3.8/site-packages/airflow/example_dags/example_branch_day_of_week_operator.py
[2025-05-19T17:07:45.159+0000] {processor.py:830} INFO - Processing file /home/airflow/.local/lib/python3.8/site-packages/airflow/example_dags/example_branch_day_of_week_operator.py for tasks to queue
[2025-05-19T17:07:45.171+0000] {logging_mixin.py:188} INFO - [2025-05-19T17:07:45.171+0000] {dagbag.py:538} INFO - Filling up the DagBag from /home/airflow/.local/lib/python3.8/site-packages/airflow/example_dags/example_branch_day_of_week_operator.py
[2025-05-19T17:07:45.202+0000] {processor.py:840} INFO - DAG(s) 'example_weekday_branch_operator' retrieved from /home/airflow/.local/lib/python3.8/site-packages/airflow/example_dags/example_branch_day_of_week_operator.py
[2025-05-19T17:07:45.268+0000] {logging_mixin.py:188} INFO - [2025-05-19T17:07:45.268+0000] {dag.py:3036} INFO - Sync 1 DAGs
[2025-05-19T17:07:45.395+0000] {logging_mixin.py:188} INFO - [2025-05-19T17:07:45.395+0000] {dag.py:3823} INFO - Setting next_dagrun for example_weekday_branch_operator to 2025-05-18 00:00:00+00:00, run_after=2025-05-19 00:00:00+00:00
[2025-05-19T17:07:45.473+0000] {processor.py:183} INFO - Processing /home/airflow/.local/lib/python3.8/site-packages/airflow/example_dags/example_branch_day_of_week_operator.py took 0.331 seconds
[2025-05-19T17:08:15.596+0000] {processor.py:161} INFO - Started process (PID=220) to work on /home/airflow/.local/lib/python3.8/site-packages/airflow/example_dags/example_branch_day_of_week_operator.py
[2025-05-19T17:08:15.607+0000] {processor.py:830} INFO - Processing file /home/airflow/.local/lib/python3.8/site-packages/airflow/example_dags/example_branch_day_of_week_operator.py for tasks to queue
[2025-05-19T17:08:15.611+0000] {logging_mixin.py:188} INFO - [2025-05-19T17:08:15.610+0000] {dagbag.py:538} INFO - Filling up the DagBag from /home/airflow/.local/lib/python3.8/site-packages/airflow/example_dags/example_branch_day_of_week_operator.py
[2025-05-19T17:08:15.624+0000] {processor.py:840} INFO - DAG(s) 'example_weekday_branch_operator' retrieved from /home/airflow/.local/lib/python3.8/site-packages/airflow/example_dags/example_branch_day_of_week_operator.py
[2025-05-19T17:08:15.657+0000] {logging_mixin.py:188} INFO - [2025-05-19T17:08:15.657+0000] {dag.py:3036} INFO - Sync 1 DAGs
[2025-05-19T17:08:15.698+0000] {logging_mixin.py:188} INFO - [2025-05-19T17:08:15.697+0000] {dag.py:3823} INFO - Setting next_dagrun for example_weekday_branch_operator to 2025-05-18 00:00:00+00:00, run_after=2025-05-19 00:00:00+00:00
[2025-05-19T17:08:15.773+0000] {processor.py:183} INFO - Processing /home/airflow/.local/lib/python3.8/site-packages/airflow/example_dags/example_branch_day_of_week_operator.py took 0.183 seconds
[2025-05-19T17:08:46.127+0000] {processor.py:161} INFO - Started process (PID=275) to work on /home/airflow/.local/lib/python3.8/site-packages/airflow/example_dags/example_branch_day_of_week_operator.py
[2025-05-19T17:08:46.128+0000] {processor.py:830} INFO - Processing file /home/airflow/.local/lib/python3.8/site-packages/airflow/example_dags/example_branch_day_of_week_operator.py for tasks to queue
[2025-05-19T17:08:46.130+0000] {logging_mixin.py:188} INFO - [2025-05-19T17:08:46.129+0000] {dagbag.py:538} INFO - Filling up the DagBag from /home/airflow/.local/lib/python3.8/site-packages/airflow/example_dags/example_branch_day_of_week_operator.py
[2025-05-19T17:08:46.137+0000] {processor.py:840} INFO - DAG(s) 'example_weekday_branch_operator' retrieved from /home/airflow/.local/lib/python3.8/site-packages/airflow/example_dags/example_branch_day_of_week_operator.py
[2025-05-19T17:08:46.156+0000] {logging_mixin.py:188} INFO - [2025-05-19T17:08:46.156+0000] {dag.py:3036} INFO - Sync 1 DAGs
[2025-05-19T17:08:46.176+0000] {logging_mixin.py:188} INFO - [2025-05-19T17:08:46.176+0000] {dag.py:3823} INFO - Setting next_dagrun for example_weekday_branch_operator to 2025-05-18 00:00:00+00:00, run_after=2025-05-19 00:00:00+00:00
[2025-05-19T17:08:46.226+0000] {processor.py:183} INFO - Processing /home/airflow/.local/lib/python3.8/site-packages/airflow/example_dags/example_branch_day_of_week_operator.py took 0.102 seconds
