[2025-05-19T17:06:37.953+0000] {processor.py:161} INFO - Started process (PID=80) to work on /home/airflow/.local/lib/python3.8/site-packages/airflow/example_dags/example_skip_dag.py
[2025-05-19T17:06:37.961+0000] {processor.py:830} INFO - Processing file /home/airflow/.local/lib/python3.8/site-packages/airflow/example_dags/example_skip_dag.py for tasks to queue
[2025-05-19T17:06:37.988+0000] {logging_mixin.py:188} INFO - [2025-05-19T17:06:37.987+0000] {dagbag.py:538} INFO - Filling up the DagBag from /home/airflow/.local/lib/python3.8/site-packages/airflow/example_dags/example_skip_dag.py
[2025-05-19T17:06:38.018+0000] {processor.py:840} INFO - DAG(s) 'example_skip_dag' retrieved from /home/airflow/.local/lib/python3.8/site-packages/airflow/example_dags/example_skip_dag.py
[2025-05-19T17:06:38.485+0000] {logging_mixin.py:188} INFO - [2025-05-19T17:06:38.485+0000] {dag.py:3036} INFO - Sync 1 DAGs
[2025-05-19T17:06:38.581+0000] {logging_mixin.py:188} INFO - [2025-05-19T17:06:38.580+0000] {dag.py:3823} INFO - Setting next_dagrun for example_skip_dag to 2025-05-18 00:00:00+00:00, run_after=2025-05-19 00:00:00+00:00
[2025-05-19T17:06:38.645+0000] {processor.py:183} INFO - Processing /home/airflow/.local/lib/python3.8/site-packages/airflow/example_dags/example_skip_dag.py took 0.699 seconds
[2025-05-19T17:07:09.101+0000] {processor.py:161} INFO - Started process (PID=135) to work on /home/airflow/.local/lib/python3.8/site-packages/airflow/example_dags/example_skip_dag.py
[2025-05-19T17:07:09.108+0000] {processor.py:830} INFO - Processing file /home/airflow/.local/lib/python3.8/site-packages/airflow/example_dags/example_skip_dag.py for tasks to queue
[2025-05-19T17:07:09.111+0000] {logging_mixin.py:188} INFO - [2025-05-19T17:07:09.111+0000] {dagbag.py:538} INFO - Filling up the DagBag from /home/airflow/.local/lib/python3.8/site-packages/airflow/example_dags/example_skip_dag.py
[2025-05-19T17:07:09.165+0000] {processor.py:840} INFO - DAG(s) 'example_skip_dag' retrieved from /home/airflow/.local/lib/python3.8/site-packages/airflow/example_dags/example_skip_dag.py
[2025-05-19T17:07:09.319+0000] {logging_mixin.py:188} INFO - [2025-05-19T17:07:09.319+0000] {dag.py:3036} INFO - Sync 1 DAGs
[2025-05-19T17:07:09.403+0000] {logging_mixin.py:188} INFO - [2025-05-19T17:07:09.403+0000] {dag.py:3823} INFO - Setting next_dagrun for example_skip_dag to 2025-05-18 00:00:00+00:00, run_after=2025-05-19 00:00:00+00:00
[2025-05-19T17:07:09.444+0000] {processor.py:183} INFO - Processing /home/airflow/.local/lib/python3.8/site-packages/airflow/example_dags/example_skip_dag.py took 0.348 seconds
[2025-05-19T17:07:50.558+0000] {processor.py:161} INFO - Started process (PID=190) to work on /home/airflow/.local/lib/python3.8/site-packages/airflow/example_dags/example_skip_dag.py
[2025-05-19T17:07:50.560+0000] {processor.py:830} INFO - Processing file /home/airflow/.local/lib/python3.8/site-packages/airflow/example_dags/example_skip_dag.py for tasks to queue
[2025-05-19T17:07:50.569+0000] {logging_mixin.py:188} INFO - [2025-05-19T17:07:50.568+0000] {dagbag.py:538} INFO - Filling up the DagBag from /home/airflow/.local/lib/python3.8/site-packages/airflow/example_dags/example_skip_dag.py
[2025-05-19T17:07:50.603+0000] {processor.py:840} INFO - DAG(s) 'example_skip_dag' retrieved from /home/airflow/.local/lib/python3.8/site-packages/airflow/example_dags/example_skip_dag.py
[2025-05-19T17:07:50.706+0000] {logging_mixin.py:188} INFO - [2025-05-19T17:07:50.706+0000] {dag.py:3036} INFO - Sync 1 DAGs
[2025-05-19T17:07:50.800+0000] {logging_mixin.py:188} INFO - [2025-05-19T17:07:50.799+0000] {dag.py:3823} INFO - Setting next_dagrun for example_skip_dag to 2025-05-18 00:00:00+00:00, run_after=2025-05-19 00:00:00+00:00
[2025-05-19T17:07:50.877+0000] {processor.py:183} INFO - Processing /home/airflow/.local/lib/python3.8/site-packages/airflow/example_dags/example_skip_dag.py took 0.334 seconds
[2025-05-19T17:08:21.056+0000] {processor.py:161} INFO - Started process (PID=245) to work on /home/airflow/.local/lib/python3.8/site-packages/airflow/example_dags/example_skip_dag.py
[2025-05-19T17:08:21.071+0000] {processor.py:830} INFO - Processing file /home/airflow/.local/lib/python3.8/site-packages/airflow/example_dags/example_skip_dag.py for tasks to queue
[2025-05-19T17:08:21.074+0000] {logging_mixin.py:188} INFO - [2025-05-19T17:08:21.073+0000] {dagbag.py:538} INFO - Filling up the DagBag from /home/airflow/.local/lib/python3.8/site-packages/airflow/example_dags/example_skip_dag.py
[2025-05-19T17:08:21.085+0000] {processor.py:840} INFO - DAG(s) 'example_skip_dag' retrieved from /home/airflow/.local/lib/python3.8/site-packages/airflow/example_dags/example_skip_dag.py
[2025-05-19T17:08:21.116+0000] {logging_mixin.py:188} INFO - [2025-05-19T17:08:21.116+0000] {dag.py:3036} INFO - Sync 1 DAGs
[2025-05-19T17:08:21.149+0000] {logging_mixin.py:188} INFO - [2025-05-19T17:08:21.149+0000] {dag.py:3823} INFO - Setting next_dagrun for example_skip_dag to 2025-05-18 00:00:00+00:00, run_after=2025-05-19 00:00:00+00:00
[2025-05-19T17:08:21.207+0000] {processor.py:183} INFO - Processing /home/airflow/.local/lib/python3.8/site-packages/airflow/example_dags/example_skip_dag.py took 0.155 seconds
[2025-05-19T17:08:51.818+0000] {processor.py:161} INFO - Started process (PID=300) to work on /home/airflow/.local/lib/python3.8/site-packages/airflow/example_dags/example_skip_dag.py
[2025-05-19T17:08:51.820+0000] {processor.py:830} INFO - Processing file /home/airflow/.local/lib/python3.8/site-packages/airflow/example_dags/example_skip_dag.py for tasks to queue
[2025-05-19T17:08:51.821+0000] {logging_mixin.py:188} INFO - [2025-05-19T17:08:51.821+0000] {dagbag.py:538} INFO - Filling up the DagBag from /home/airflow/.local/lib/python3.8/site-packages/airflow/example_dags/example_skip_dag.py
[2025-05-19T17:08:51.827+0000] {processor.py:840} INFO - DAG(s) 'example_skip_dag' retrieved from /home/airflow/.local/lib/python3.8/site-packages/airflow/example_dags/example_skip_dag.py
[2025-05-19T17:08:51.853+0000] {logging_mixin.py:188} INFO - [2025-05-19T17:08:51.853+0000] {dag.py:3036} INFO - Sync 1 DAGs
[2025-05-19T17:08:51.876+0000] {logging_mixin.py:188} INFO - [2025-05-19T17:08:51.876+0000] {dag.py:3823} INFO - Setting next_dagrun for example_skip_dag to 2025-05-18 00:00:00+00:00, run_after=2025-05-19 00:00:00+00:00
[2025-05-19T17:08:51.908+0000] {processor.py:183} INFO - Processing /home/airflow/.local/lib/python3.8/site-packages/airflow/example_dags/example_skip_dag.py took 0.093 seconds
