[2025-05-19T17:06:36.476+0000] {processor.py:161} INFO - Started process (PID=77) to work on /home/airflow/.local/lib/python3.8/site-packages/airflow/example_dags/example_python_operator.py
[2025-05-19T17:06:36.478+0000] {processor.py:830} INFO - Processing file /home/airflow/.local/lib/python3.8/site-packages/airflow/example_dags/example_python_operator.py for tasks to queue
[2025-05-19T17:06:36.482+0000] {logging_mixin.py:188} INFO - [2025-05-19T17:06:36.481+0000] {dagbag.py:538} INFO - Filling up the DagBag from /home/airflow/.local/lib/python3.8/site-packages/airflow/example_dags/example_python_operator.py
[2025-05-19T17:06:36.620+0000] {processor.py:840} INFO - DAG(s) 'example_python_operator' retrieved from /home/airflow/.local/lib/python3.8/site-packages/airflow/example_dags/example_python_operator.py
[2025-05-19T17:06:37.130+0000] {logging_mixin.py:188} INFO - [2025-05-19T17:06:37.130+0000] {dag.py:3036} INFO - Sync 1 DAGs
[2025-05-19T17:06:37.175+0000] {logging_mixin.py:188} INFO - [2025-05-19T17:06:37.174+0000] {dag.py:3823} INFO - Setting next_dagrun for example_python_operator to None, run_after=None
[2025-05-19T17:06:37.267+0000] {processor.py:183} INFO - Processing /home/airflow/.local/lib/python3.8/site-packages/airflow/example_dags/example_python_operator.py took 0.796 seconds
[2025-05-19T17:07:07.951+0000] {processor.py:161} INFO - Started process (PID=132) to work on /home/airflow/.local/lib/python3.8/site-packages/airflow/example_dags/example_python_operator.py
[2025-05-19T17:07:07.957+0000] {processor.py:830} INFO - Processing file /home/airflow/.local/lib/python3.8/site-packages/airflow/example_dags/example_python_operator.py for tasks to queue
[2025-05-19T17:07:07.961+0000] {logging_mixin.py:188} INFO - [2025-05-19T17:07:07.961+0000] {dagbag.py:538} INFO - Filling up the DagBag from /home/airflow/.local/lib/python3.8/site-packages/airflow/example_dags/example_python_operator.py
[2025-05-19T17:07:08.035+0000] {processor.py:840} INFO - DAG(s) 'example_python_operator' retrieved from /home/airflow/.local/lib/python3.8/site-packages/airflow/example_dags/example_python_operator.py
[2025-05-19T17:07:08.209+0000] {logging_mixin.py:188} INFO - [2025-05-19T17:07:08.209+0000] {dag.py:3036} INFO - Sync 1 DAGs
[2025-05-19T17:07:08.295+0000] {logging_mixin.py:188} INFO - [2025-05-19T17:07:08.290+0000] {dag.py:3823} INFO - Setting next_dagrun for example_python_operator to None, run_after=None
[2025-05-19T17:07:08.392+0000] {processor.py:183} INFO - Processing /home/airflow/.local/lib/python3.8/site-packages/airflow/example_dags/example_python_operator.py took 0.452 seconds
[2025-05-19T17:07:49.930+0000] {processor.py:161} INFO - Started process (PID=187) to work on /home/airflow/.local/lib/python3.8/site-packages/airflow/example_dags/example_python_operator.py
[2025-05-19T17:07:49.934+0000] {processor.py:830} INFO - Processing file /home/airflow/.local/lib/python3.8/site-packages/airflow/example_dags/example_python_operator.py for tasks to queue
[2025-05-19T17:07:49.940+0000] {logging_mixin.py:188} INFO - [2025-05-19T17:07:49.939+0000] {dagbag.py:538} INFO - Filling up the DagBag from /home/airflow/.local/lib/python3.8/site-packages/airflow/example_dags/example_python_operator.py
[2025-05-19T17:07:49.998+0000] {processor.py:840} INFO - DAG(s) 'example_python_operator' retrieved from /home/airflow/.local/lib/python3.8/site-packages/airflow/example_dags/example_python_operator.py
[2025-05-19T17:07:50.104+0000] {logging_mixin.py:188} INFO - [2025-05-19T17:07:50.104+0000] {dag.py:3036} INFO - Sync 1 DAGs
[2025-05-19T17:07:50.164+0000] {logging_mixin.py:188} INFO - [2025-05-19T17:07:50.163+0000] {dag.py:3823} INFO - Setting next_dagrun for example_python_operator to None, run_after=None
[2025-05-19T17:07:50.243+0000] {processor.py:183} INFO - Processing /home/airflow/.local/lib/python3.8/site-packages/airflow/example_dags/example_python_operator.py took 0.319 seconds
[2025-05-19T17:08:20.841+0000] {processor.py:161} INFO - Started process (PID=242) to work on /home/airflow/.local/lib/python3.8/site-packages/airflow/example_dags/example_python_operator.py
[2025-05-19T17:08:20.856+0000] {processor.py:830} INFO - Processing file /home/airflow/.local/lib/python3.8/site-packages/airflow/example_dags/example_python_operator.py for tasks to queue
[2025-05-19T17:08:20.859+0000] {logging_mixin.py:188} INFO - [2025-05-19T17:08:20.859+0000] {dagbag.py:538} INFO - Filling up the DagBag from /home/airflow/.local/lib/python3.8/site-packages/airflow/example_dags/example_python_operator.py
[2025-05-19T17:08:20.889+0000] {processor.py:840} INFO - DAG(s) 'example_python_operator' retrieved from /home/airflow/.local/lib/python3.8/site-packages/airflow/example_dags/example_python_operator.py
[2025-05-19T17:08:20.922+0000] {logging_mixin.py:188} INFO - [2025-05-19T17:08:20.922+0000] {dag.py:3036} INFO - Sync 1 DAGs
[2025-05-19T17:08:20.943+0000] {logging_mixin.py:188} INFO - [2025-05-19T17:08:20.942+0000] {dag.py:3823} INFO - Setting next_dagrun for example_python_operator to None, run_after=None
[2025-05-19T17:08:20.985+0000] {processor.py:183} INFO - Processing /home/airflow/.local/lib/python3.8/site-packages/airflow/example_dags/example_python_operator.py took 0.151 seconds
[2025-05-19T17:08:51.686+0000] {processor.py:161} INFO - Started process (PID=297) to work on /home/airflow/.local/lib/python3.8/site-packages/airflow/example_dags/example_python_operator.py
[2025-05-19T17:08:51.687+0000] {processor.py:830} INFO - Processing file /home/airflow/.local/lib/python3.8/site-packages/airflow/example_dags/example_python_operator.py for tasks to queue
[2025-05-19T17:08:51.689+0000] {logging_mixin.py:188} INFO - [2025-05-19T17:08:51.688+0000] {dagbag.py:538} INFO - Filling up the DagBag from /home/airflow/.local/lib/python3.8/site-packages/airflow/example_dags/example_python_operator.py
[2025-05-19T17:08:51.701+0000] {processor.py:840} INFO - DAG(s) 'example_python_operator' retrieved from /home/airflow/.local/lib/python3.8/site-packages/airflow/example_dags/example_python_operator.py
[2025-05-19T17:08:51.724+0000] {logging_mixin.py:188} INFO - [2025-05-19T17:08:51.723+0000] {dag.py:3036} INFO - Sync 1 DAGs
[2025-05-19T17:08:51.737+0000] {logging_mixin.py:188} INFO - [2025-05-19T17:08:51.737+0000] {dag.py:3823} INFO - Setting next_dagrun for example_python_operator to None, run_after=None
[2025-05-19T17:08:51.758+0000] {processor.py:183} INFO - Processing /home/airflow/.local/lib/python3.8/site-packages/airflow/example_dags/example_python_operator.py took 0.076 seconds
