[2025-05-19T17:06:38.186+0000] {processor.py:161} INFO - Started process (PID=81) to work on /home/airflow/.local/lib/python3.8/site-packages/airflow/example_dags/example_dynamic_task_mapping_with_no_taskflow_operators.py
[2025-05-19T17:06:38.188+0000] {processor.py:830} INFO - Processing file /home/airflow/.local/lib/python3.8/site-packages/airflow/example_dags/example_dynamic_task_mapping_with_no_taskflow_operators.py for tasks to queue
[2025-05-19T17:06:38.192+0000] {logging_mixin.py:188} INFO - [2025-05-19T17:06:38.191+0000] {dagbag.py:538} INFO - Filling up the DagBag from /home/airflow/.local/lib/python3.8/site-packages/airflow/example_dags/example_dynamic_task_mapping_with_no_taskflow_operators.py
[2025-05-19T17:06:38.221+0000] {processor.py:840} INFO - DAG(s) 'example_dynamic_task_mapping_with_no_taskflow_operators' retrieved from /home/airflow/.local/lib/python3.8/site-packages/airflow/example_dags/example_dynamic_task_mapping_with_no_taskflow_operators.py
[2025-05-19T17:06:38.591+0000] {logging_mixin.py:188} INFO - [2025-05-19T17:06:38.590+0000] {dag.py:3036} INFO - Sync 1 DAGs
[2025-05-19T17:06:38.669+0000] {logging_mixin.py:188} INFO - [2025-05-19T17:06:38.669+0000] {dag.py:3823} INFO - Setting next_dagrun for example_dynamic_task_mapping_with_no_taskflow_operators to 2025-05-18 00:00:00+00:00, run_after=2025-05-19 00:00:00+00:00
[2025-05-19T17:06:38.733+0000] {processor.py:183} INFO - Processing /home/airflow/.local/lib/python3.8/site-packages/airflow/example_dags/example_dynamic_task_mapping_with_no_taskflow_operators.py took 0.560 seconds
[2025-05-19T17:07:09.130+0000] {processor.py:161} INFO - Started process (PID=136) to work on /home/airflow/.local/lib/python3.8/site-packages/airflow/example_dags/example_dynamic_task_mapping_with_no_taskflow_operators.py
[2025-05-19T17:07:09.158+0000] {processor.py:830} INFO - Processing file /home/airflow/.local/lib/python3.8/site-packages/airflow/example_dags/example_dynamic_task_mapping_with_no_taskflow_operators.py for tasks to queue
[2025-05-19T17:07:09.163+0000] {logging_mixin.py:188} INFO - [2025-05-19T17:07:09.162+0000] {dagbag.py:538} INFO - Filling up the DagBag from /home/airflow/.local/lib/python3.8/site-packages/airflow/example_dags/example_dynamic_task_mapping_with_no_taskflow_operators.py
[2025-05-19T17:07:09.185+0000] {processor.py:840} INFO - DAG(s) 'example_dynamic_task_mapping_with_no_taskflow_operators' retrieved from /home/airflow/.local/lib/python3.8/site-packages/airflow/example_dags/example_dynamic_task_mapping_with_no_taskflow_operators.py
[2025-05-19T17:07:09.319+0000] {logging_mixin.py:188} INFO - [2025-05-19T17:07:09.318+0000] {dag.py:3036} INFO - Sync 1 DAGs
[2025-05-19T17:07:09.406+0000] {logging_mixin.py:188} INFO - [2025-05-19T17:07:09.406+0000] {dag.py:3823} INFO - Setting next_dagrun for example_dynamic_task_mapping_with_no_taskflow_operators to 2025-05-18 00:00:00+00:00, run_after=2025-05-19 00:00:00+00:00
[2025-05-19T17:07:09.455+0000] {processor.py:183} INFO - Processing /home/airflow/.local/lib/python3.8/site-packages/airflow/example_dags/example_dynamic_task_mapping_with_no_taskflow_operators.py took 0.337 seconds
[2025-05-19T17:07:50.845+0000] {processor.py:161} INFO - Started process (PID=191) to work on /home/airflow/.local/lib/python3.8/site-packages/airflow/example_dags/example_dynamic_task_mapping_with_no_taskflow_operators.py
[2025-05-19T17:07:50.847+0000] {processor.py:830} INFO - Processing file /home/airflow/.local/lib/python3.8/site-packages/airflow/example_dags/example_dynamic_task_mapping_with_no_taskflow_operators.py for tasks to queue
[2025-05-19T17:07:50.851+0000] {logging_mixin.py:188} INFO - [2025-05-19T17:07:50.850+0000] {dagbag.py:538} INFO - Filling up the DagBag from /home/airflow/.local/lib/python3.8/site-packages/airflow/example_dags/example_dynamic_task_mapping_with_no_taskflow_operators.py
[2025-05-19T17:07:50.889+0000] {processor.py:840} INFO - DAG(s) 'example_dynamic_task_mapping_with_no_taskflow_operators' retrieved from /home/airflow/.local/lib/python3.8/site-packages/airflow/example_dags/example_dynamic_task_mapping_with_no_taskflow_operators.py
[2025-05-19T17:07:50.978+0000] {logging_mixin.py:188} INFO - [2025-05-19T17:07:50.977+0000] {dag.py:3036} INFO - Sync 1 DAGs
[2025-05-19T17:07:51.121+0000] {logging_mixin.py:188} INFO - [2025-05-19T17:07:51.121+0000] {dag.py:3823} INFO - Setting next_dagrun for example_dynamic_task_mapping_with_no_taskflow_operators to 2025-05-18 00:00:00+00:00, run_after=2025-05-19 00:00:00+00:00
[2025-05-19T17:07:51.227+0000] {processor.py:183} INFO - Processing /home/airflow/.local/lib/python3.8/site-packages/airflow/example_dags/example_dynamic_task_mapping_with_no_taskflow_operators.py took 0.389 seconds
[2025-05-19T17:08:21.296+0000] {processor.py:161} INFO - Started process (PID=246) to work on /home/airflow/.local/lib/python3.8/site-packages/airflow/example_dags/example_dynamic_task_mapping_with_no_taskflow_operators.py
[2025-05-19T17:08:21.308+0000] {processor.py:830} INFO - Processing file /home/airflow/.local/lib/python3.8/site-packages/airflow/example_dags/example_dynamic_task_mapping_with_no_taskflow_operators.py for tasks to queue
[2025-05-19T17:08:21.310+0000] {logging_mixin.py:188} INFO - [2025-05-19T17:08:21.310+0000] {dagbag.py:538} INFO - Filling up the DagBag from /home/airflow/.local/lib/python3.8/site-packages/airflow/example_dags/example_dynamic_task_mapping_with_no_taskflow_operators.py
[2025-05-19T17:08:21.318+0000] {processor.py:840} INFO - DAG(s) 'example_dynamic_task_mapping_with_no_taskflow_operators' retrieved from /home/airflow/.local/lib/python3.8/site-packages/airflow/example_dags/example_dynamic_task_mapping_with_no_taskflow_operators.py
[2025-05-19T17:08:21.345+0000] {logging_mixin.py:188} INFO - [2025-05-19T17:08:21.344+0000] {dag.py:3036} INFO - Sync 1 DAGs
[2025-05-19T17:08:21.376+0000] {logging_mixin.py:188} INFO - [2025-05-19T17:08:21.375+0000] {dag.py:3823} INFO - Setting next_dagrun for example_dynamic_task_mapping_with_no_taskflow_operators to 2025-05-18 00:00:00+00:00, run_after=2025-05-19 00:00:00+00:00
[2025-05-19T17:08:21.401+0000] {processor.py:183} INFO - Processing /home/airflow/.local/lib/python3.8/site-packages/airflow/example_dags/example_dynamic_task_mapping_with_no_taskflow_operators.py took 0.109 seconds
[2025-05-19T17:08:51.938+0000] {processor.py:161} INFO - Started process (PID=301) to work on /home/airflow/.local/lib/python3.8/site-packages/airflow/example_dags/example_dynamic_task_mapping_with_no_taskflow_operators.py
[2025-05-19T17:08:51.939+0000] {processor.py:830} INFO - Processing file /home/airflow/.local/lib/python3.8/site-packages/airflow/example_dags/example_dynamic_task_mapping_with_no_taskflow_operators.py for tasks to queue
[2025-05-19T17:08:51.941+0000] {logging_mixin.py:188} INFO - [2025-05-19T17:08:51.941+0000] {dagbag.py:538} INFO - Filling up the DagBag from /home/airflow/.local/lib/python3.8/site-packages/airflow/example_dags/example_dynamic_task_mapping_with_no_taskflow_operators.py
[2025-05-19T17:08:51.946+0000] {processor.py:840} INFO - DAG(s) 'example_dynamic_task_mapping_with_no_taskflow_operators' retrieved from /home/airflow/.local/lib/python3.8/site-packages/airflow/example_dags/example_dynamic_task_mapping_with_no_taskflow_operators.py
[2025-05-19T17:08:51.964+0000] {logging_mixin.py:188} INFO - [2025-05-19T17:08:51.964+0000] {dag.py:3036} INFO - Sync 1 DAGs
[2025-05-19T17:08:51.985+0000] {logging_mixin.py:188} INFO - [2025-05-19T17:08:51.985+0000] {dag.py:3823} INFO - Setting next_dagrun for example_dynamic_task_mapping_with_no_taskflow_operators to 2025-05-18 00:00:00+00:00, run_after=2025-05-19 00:00:00+00:00
[2025-05-19T17:08:52.002+0000] {processor.py:183} INFO - Processing /home/airflow/.local/lib/python3.8/site-packages/airflow/example_dags/example_dynamic_task_mapping_with_no_taskflow_operators.py took 0.067 seconds
