[2025-05-19T17:06:29.991+0000] {processor.py:161} INFO - Started process (PID=61) to work on /home/airflow/.local/lib/python3.8/site-packages/airflow/example_dags/example_sensors.py
[2025-05-19T17:06:30.011+0000] {processor.py:830} INFO - Processing file /home/airflow/.local/lib/python3.8/site-packages/airflow/example_dags/example_sensors.py for tasks to queue
[2025-05-19T17:06:30.035+0000] {logging_mixin.py:188} INFO - [2025-05-19T17:06:30.033+0000] {dagbag.py:538} INFO - Filling up the DagBag from /home/airflow/.local/lib/python3.8/site-packages/airflow/example_dags/example_sensors.py
[2025-05-19T17:06:30.079+0000] {processor.py:840} INFO - DAG(s) 'example_sensors' retrieved from /home/airflow/.local/lib/python3.8/site-packages/airflow/example_dags/example_sensors.py
[2025-05-19T17:06:30.506+0000] {logging_mixin.py:188} INFO - [2025-05-19T17:06:30.506+0000] {dag.py:3036} INFO - Sync 1 DAGs
[2025-05-19T17:06:30.550+0000] {logging_mixin.py:188} INFO - [2025-05-19T17:06:30.549+0000] {dag.py:3823} INFO - Setting next_dagrun for example_sensors to None, run_after=None
[2025-05-19T17:06:30.640+0000] {processor.py:183} INFO - Processing /home/airflow/.local/lib/python3.8/site-packages/airflow/example_dags/example_sensors.py took 0.655 seconds
[2025-05-19T17:07:00.767+0000] {processor.py:161} INFO - Started process (PID=116) to work on /home/airflow/.local/lib/python3.8/site-packages/airflow/example_dags/example_sensors.py
[2025-05-19T17:07:00.771+0000] {processor.py:830} INFO - Processing file /home/airflow/.local/lib/python3.8/site-packages/airflow/example_dags/example_sensors.py for tasks to queue
[2025-05-19T17:07:00.783+0000] {logging_mixin.py:188} INFO - [2025-05-19T17:07:00.782+0000] {dagbag.py:538} INFO - Filling up the DagBag from /home/airflow/.local/lib/python3.8/site-packages/airflow/example_dags/example_sensors.py
[2025-05-19T17:07:00.827+0000] {processor.py:840} INFO - DAG(s) 'example_sensors' retrieved from /home/airflow/.local/lib/python3.8/site-packages/airflow/example_dags/example_sensors.py
[2025-05-19T17:07:00.953+0000] {logging_mixin.py:188} INFO - [2025-05-19T17:07:00.953+0000] {dag.py:3036} INFO - Sync 1 DAGs
[2025-05-19T17:07:01.034+0000] {logging_mixin.py:188} INFO - [2025-05-19T17:07:01.034+0000] {dag.py:3823} INFO - Setting next_dagrun for example_sensors to None, run_after=None
[2025-05-19T17:07:01.197+0000] {processor.py:183} INFO - Processing /home/airflow/.local/lib/python3.8/site-packages/airflow/example_dags/example_sensors.py took 0.436 seconds
[2025-05-19T17:07:46.998+0000] {processor.py:161} INFO - Started process (PID=171) to work on /home/airflow/.local/lib/python3.8/site-packages/airflow/example_dags/example_sensors.py
[2025-05-19T17:07:47.000+0000] {processor.py:830} INFO - Processing file /home/airflow/.local/lib/python3.8/site-packages/airflow/example_dags/example_sensors.py for tasks to queue
[2025-05-19T17:07:47.003+0000] {logging_mixin.py:188} INFO - [2025-05-19T17:07:47.002+0000] {dagbag.py:538} INFO - Filling up the DagBag from /home/airflow/.local/lib/python3.8/site-packages/airflow/example_dags/example_sensors.py
[2025-05-19T17:07:47.040+0000] {processor.py:840} INFO - DAG(s) 'example_sensors' retrieved from /home/airflow/.local/lib/python3.8/site-packages/airflow/example_dags/example_sensors.py
[2025-05-19T17:07:47.095+0000] {logging_mixin.py:188} INFO - [2025-05-19T17:07:47.095+0000] {dag.py:3036} INFO - Sync 1 DAGs
[2025-05-19T17:07:47.137+0000] {logging_mixin.py:188} INFO - [2025-05-19T17:07:47.136+0000] {dag.py:3823} INFO - Setting next_dagrun for example_sensors to None, run_after=None
[2025-05-19T17:07:47.195+0000] {processor.py:183} INFO - Processing /home/airflow/.local/lib/python3.8/site-packages/airflow/example_dags/example_sensors.py took 0.206 seconds
[2025-05-19T17:08:17.490+0000] {processor.py:161} INFO - Started process (PID=226) to work on /home/airflow/.local/lib/python3.8/site-packages/airflow/example_dags/example_sensors.py
[2025-05-19T17:08:17.492+0000] {processor.py:830} INFO - Processing file /home/airflow/.local/lib/python3.8/site-packages/airflow/example_dags/example_sensors.py for tasks to queue
[2025-05-19T17:08:17.495+0000] {logging_mixin.py:188} INFO - [2025-05-19T17:08:17.495+0000] {dagbag.py:538} INFO - Filling up the DagBag from /home/airflow/.local/lib/python3.8/site-packages/airflow/example_dags/example_sensors.py
[2025-05-19T17:08:17.507+0000] {processor.py:840} INFO - DAG(s) 'example_sensors' retrieved from /home/airflow/.local/lib/python3.8/site-packages/airflow/example_dags/example_sensors.py
[2025-05-19T17:08:17.555+0000] {logging_mixin.py:188} INFO - [2025-05-19T17:08:17.555+0000] {dag.py:3036} INFO - Sync 1 DAGs
[2025-05-19T17:08:17.573+0000] {logging_mixin.py:188} INFO - [2025-05-19T17:08:17.573+0000] {dag.py:3823} INFO - Setting next_dagrun for example_sensors to None, run_after=None
[2025-05-19T17:08:17.618+0000] {processor.py:183} INFO - Processing /home/airflow/.local/lib/python3.8/site-packages/airflow/example_dags/example_sensors.py took 0.131 seconds
[2025-05-19T17:08:47.727+0000] {processor.py:161} INFO - Started process (PID=281) to work on /home/airflow/.local/lib/python3.8/site-packages/airflow/example_dags/example_sensors.py
[2025-05-19T17:08:47.729+0000] {processor.py:830} INFO - Processing file /home/airflow/.local/lib/python3.8/site-packages/airflow/example_dags/example_sensors.py for tasks to queue
[2025-05-19T17:08:47.731+0000] {logging_mixin.py:188} INFO - [2025-05-19T17:08:47.731+0000] {dagbag.py:538} INFO - Filling up the DagBag from /home/airflow/.local/lib/python3.8/site-packages/airflow/example_dags/example_sensors.py
[2025-05-19T17:08:47.741+0000] {processor.py:840} INFO - DAG(s) 'example_sensors' retrieved from /home/airflow/.local/lib/python3.8/site-packages/airflow/example_dags/example_sensors.py
[2025-05-19T17:08:47.766+0000] {logging_mixin.py:188} INFO - [2025-05-19T17:08:47.766+0000] {dag.py:3036} INFO - Sync 1 DAGs
[2025-05-19T17:08:47.780+0000] {logging_mixin.py:188} INFO - [2025-05-19T17:08:47.779+0000] {dag.py:3823} INFO - Setting next_dagrun for example_sensors to None, run_after=None
[2025-05-19T17:08:47.798+0000] {processor.py:183} INFO - Processing /home/airflow/.local/lib/python3.8/site-packages/airflow/example_dags/example_sensors.py took 0.074 seconds
