[2025-05-19T17:06:29.670+0000] {processor.py:161} INFO - Started process (PID=60) to work on /home/airflow/.local/lib/python3.8/site-packages/airflow/example_dags/example_external_task_marker_dag.py
[2025-05-19T17:06:29.697+0000] {processor.py:830} INFO - Processing file /home/airflow/.local/lib/python3.8/site-packages/airflow/example_dags/example_external_task_marker_dag.py for tasks to queue
[2025-05-19T17:06:29.701+0000] {logging_mixin.py:188} INFO - [2025-05-19T17:06:29.700+0000] {dagbag.py:538} INFO - Filling up the DagBag from /home/airflow/.local/lib/python3.8/site-packages/airflow/example_dags/example_external_task_marker_dag.py
[2025-05-19T17:06:29.729+0000] {processor.py:840} INFO - DAG(s) 'example_external_task_marker_parent', 'example_external_task_marker_child' retrieved from /home/airflow/.local/lib/python3.8/site-packages/airflow/example_dags/example_external_task_marker_dag.py
[2025-05-19T17:06:30.074+0000] {logging_mixin.py:188} INFO - [2025-05-19T17:06:30.073+0000] {dag.py:3036} INFO - Sync 2 DAGs
[2025-05-19T17:06:30.111+0000] {logging_mixin.py:188} INFO - [2025-05-19T17:06:30.110+0000] {dag.py:3823} INFO - Setting next_dagrun for example_external_task_marker_child to None, run_after=None
[2025-05-19T17:06:30.121+0000] {logging_mixin.py:188} INFO - [2025-05-19T17:06:30.120+0000] {dag.py:3823} INFO - Setting next_dagrun for example_external_task_marker_parent to None, run_after=None
[2025-05-19T17:06:30.190+0000] {processor.py:183} INFO - Processing /home/airflow/.local/lib/python3.8/site-packages/airflow/example_dags/example_external_task_marker_dag.py took 0.532 seconds
[2025-05-19T17:07:00.353+0000] {processor.py:161} INFO - Started process (PID=115) to work on /home/airflow/.local/lib/python3.8/site-packages/airflow/example_dags/example_external_task_marker_dag.py
[2025-05-19T17:07:00.356+0000] {processor.py:830} INFO - Processing file /home/airflow/.local/lib/python3.8/site-packages/airflow/example_dags/example_external_task_marker_dag.py for tasks to queue
[2025-05-19T17:07:00.363+0000] {logging_mixin.py:188} INFO - [2025-05-19T17:07:00.362+0000] {dagbag.py:538} INFO - Filling up the DagBag from /home/airflow/.local/lib/python3.8/site-packages/airflow/example_dags/example_external_task_marker_dag.py
[2025-05-19T17:07:00.383+0000] {processor.py:840} INFO - DAG(s) 'example_external_task_marker_parent', 'example_external_task_marker_child' retrieved from /home/airflow/.local/lib/python3.8/site-packages/airflow/example_dags/example_external_task_marker_dag.py
[2025-05-19T17:07:00.468+0000] {logging_mixin.py:188} INFO - [2025-05-19T17:07:00.467+0000] {dag.py:3036} INFO - Sync 2 DAGs
[2025-05-19T17:07:00.526+0000] {logging_mixin.py:188} INFO - [2025-05-19T17:07:00.525+0000] {dag.py:3823} INFO - Setting next_dagrun for example_external_task_marker_child to None, run_after=None
[2025-05-19T17:07:00.546+0000] {logging_mixin.py:188} INFO - [2025-05-19T17:07:00.545+0000] {dag.py:3823} INFO - Setting next_dagrun for example_external_task_marker_parent to None, run_after=None
[2025-05-19T17:07:00.641+0000] {processor.py:183} INFO - Processing /home/airflow/.local/lib/python3.8/site-packages/airflow/example_dags/example_external_task_marker_dag.py took 0.293 seconds
[2025-05-19T17:07:46.803+0000] {processor.py:161} INFO - Started process (PID=170) to work on /home/airflow/.local/lib/python3.8/site-packages/airflow/example_dags/example_external_task_marker_dag.py
[2025-05-19T17:07:46.805+0000] {processor.py:830} INFO - Processing file /home/airflow/.local/lib/python3.8/site-packages/airflow/example_dags/example_external_task_marker_dag.py for tasks to queue
[2025-05-19T17:07:46.808+0000] {logging_mixin.py:188} INFO - [2025-05-19T17:07:46.808+0000] {dagbag.py:538} INFO - Filling up the DagBag from /home/airflow/.local/lib/python3.8/site-packages/airflow/example_dags/example_external_task_marker_dag.py
[2025-05-19T17:07:46.827+0000] {processor.py:840} INFO - DAG(s) 'example_external_task_marker_child', 'example_external_task_marker_parent' retrieved from /home/airflow/.local/lib/python3.8/site-packages/airflow/example_dags/example_external_task_marker_dag.py
[2025-05-19T17:07:46.901+0000] {logging_mixin.py:188} INFO - [2025-05-19T17:07:46.901+0000] {dag.py:3036} INFO - Sync 2 DAGs
[2025-05-19T17:07:46.954+0000] {logging_mixin.py:188} INFO - [2025-05-19T17:07:46.954+0000] {dag.py:3823} INFO - Setting next_dagrun for example_external_task_marker_child to None, run_after=None
[2025-05-19T17:07:46.961+0000] {logging_mixin.py:188} INFO - [2025-05-19T17:07:46.961+0000] {dag.py:3823} INFO - Setting next_dagrun for example_external_task_marker_parent to None, run_after=None
[2025-05-19T17:07:47.015+0000] {processor.py:183} INFO - Processing /home/airflow/.local/lib/python3.8/site-packages/airflow/example_dags/example_external_task_marker_dag.py took 0.217 seconds
[2025-05-19T17:08:17.281+0000] {processor.py:161} INFO - Started process (PID=225) to work on /home/airflow/.local/lib/python3.8/site-packages/airflow/example_dags/example_external_task_marker_dag.py
[2025-05-19T17:08:17.332+0000] {processor.py:830} INFO - Processing file /home/airflow/.local/lib/python3.8/site-packages/airflow/example_dags/example_external_task_marker_dag.py for tasks to queue
[2025-05-19T17:08:17.335+0000] {logging_mixin.py:188} INFO - [2025-05-19T17:08:17.335+0000] {dagbag.py:538} INFO - Filling up the DagBag from /home/airflow/.local/lib/python3.8/site-packages/airflow/example_dags/example_external_task_marker_dag.py
[2025-05-19T17:08:17.345+0000] {processor.py:840} INFO - DAG(s) 'example_external_task_marker_child', 'example_external_task_marker_parent' retrieved from /home/airflow/.local/lib/python3.8/site-packages/airflow/example_dags/example_external_task_marker_dag.py
[2025-05-19T17:08:17.375+0000] {logging_mixin.py:188} INFO - [2025-05-19T17:08:17.375+0000] {dag.py:3036} INFO - Sync 2 DAGs
[2025-05-19T17:08:17.397+0000] {logging_mixin.py:188} INFO - [2025-05-19T17:08:17.397+0000] {dag.py:3823} INFO - Setting next_dagrun for example_external_task_marker_child to None, run_after=None
[2025-05-19T17:08:17.403+0000] {logging_mixin.py:188} INFO - [2025-05-19T17:08:17.402+0000] {dag.py:3823} INFO - Setting next_dagrun for example_external_task_marker_parent to None, run_after=None
[2025-05-19T17:08:17.459+0000] {processor.py:183} INFO - Processing /home/airflow/.local/lib/python3.8/site-packages/airflow/example_dags/example_external_task_marker_dag.py took 0.183 seconds
[2025-05-19T17:08:47.509+0000] {processor.py:161} INFO - Started process (PID=279) to work on /home/airflow/.local/lib/python3.8/site-packages/airflow/example_dags/example_external_task_marker_dag.py
[2025-05-19T17:08:47.511+0000] {processor.py:830} INFO - Processing file /home/airflow/.local/lib/python3.8/site-packages/airflow/example_dags/example_external_task_marker_dag.py for tasks to queue
[2025-05-19T17:08:47.512+0000] {logging_mixin.py:188} INFO - [2025-05-19T17:08:47.512+0000] {dagbag.py:538} INFO - Filling up the DagBag from /home/airflow/.local/lib/python3.8/site-packages/airflow/example_dags/example_external_task_marker_dag.py
[2025-05-19T17:08:47.518+0000] {processor.py:840} INFO - DAG(s) 'example_external_task_marker_child', 'example_external_task_marker_parent' retrieved from /home/airflow/.local/lib/python3.8/site-packages/airflow/example_dags/example_external_task_marker_dag.py
[2025-05-19T17:08:47.539+0000] {logging_mixin.py:188} INFO - [2025-05-19T17:08:47.539+0000] {dag.py:3036} INFO - Sync 2 DAGs
[2025-05-19T17:08:47.551+0000] {logging_mixin.py:188} INFO - [2025-05-19T17:08:47.550+0000] {dag.py:3823} INFO - Setting next_dagrun for example_external_task_marker_child to None, run_after=None
[2025-05-19T17:08:47.554+0000] {logging_mixin.py:188} INFO - [2025-05-19T17:08:47.554+0000] {dag.py:3823} INFO - Setting next_dagrun for example_external_task_marker_parent to None, run_after=None
[2025-05-19T17:08:47.581+0000] {processor.py:183} INFO - Processing /home/airflow/.local/lib/python3.8/site-packages/airflow/example_dags/example_external_task_marker_dag.py took 0.074 seconds
