[2025-05-19T17:06:28.901+0000] {processor.py:161} INFO - Started process (PID=58) to work on /home/airflow/.local/lib/python3.8/site-packages/airflow/example_dags/example_short_circuit_operator.py
[2025-05-19T17:06:28.903+0000] {processor.py:830} INFO - Processing file /home/airflow/.local/lib/python3.8/site-packages/airflow/example_dags/example_short_circuit_operator.py for tasks to queue
[2025-05-19T17:06:28.935+0000] {logging_mixin.py:188} INFO - [2025-05-19T17:06:28.932+0000] {dagbag.py:538} INFO - Filling up the DagBag from /home/airflow/.local/lib/python3.8/site-packages/airflow/example_dags/example_short_circuit_operator.py
[2025-05-19T17:06:28.989+0000] {processor.py:840} INFO - DAG(s) 'example_short_circuit_operator' retrieved from /home/airflow/.local/lib/python3.8/site-packages/airflow/example_dags/example_short_circuit_operator.py
[2025-05-19T17:06:29.399+0000] {logging_mixin.py:188} INFO - [2025-05-19T17:06:29.399+0000] {dag.py:3036} INFO - Sync 1 DAGs
[2025-05-19T17:06:29.473+0000] {logging_mixin.py:188} INFO - [2025-05-19T17:06:29.472+0000] {dag.py:3823} INFO - Setting next_dagrun for example_short_circuit_operator to 2025-05-18 00:00:00+00:00, run_after=2025-05-19 00:00:00+00:00
[2025-05-19T17:06:29.563+0000] {processor.py:183} INFO - Processing /home/airflow/.local/lib/python3.8/site-packages/airflow/example_dags/example_short_circuit_operator.py took 0.678 seconds
[2025-05-19T17:06:59.930+0000] {processor.py:161} INFO - Started process (PID=113) to work on /home/airflow/.local/lib/python3.8/site-packages/airflow/example_dags/example_short_circuit_operator.py
[2025-05-19T17:06:59.932+0000] {processor.py:830} INFO - Processing file /home/airflow/.local/lib/python3.8/site-packages/airflow/example_dags/example_short_circuit_operator.py for tasks to queue
[2025-05-19T17:06:59.936+0000] {logging_mixin.py:188} INFO - [2025-05-19T17:06:59.935+0000] {dagbag.py:538} INFO - Filling up the DagBag from /home/airflow/.local/lib/python3.8/site-packages/airflow/example_dags/example_short_circuit_operator.py
[2025-05-19T17:06:59.952+0000] {processor.py:840} INFO - DAG(s) 'example_short_circuit_operator' retrieved from /home/airflow/.local/lib/python3.8/site-packages/airflow/example_dags/example_short_circuit_operator.py
[2025-05-19T17:06:59.997+0000] {logging_mixin.py:188} INFO - [2025-05-19T17:06:59.997+0000] {dag.py:3036} INFO - Sync 1 DAGs
[2025-05-19T17:07:00.075+0000] {logging_mixin.py:188} INFO - [2025-05-19T17:07:00.074+0000] {dag.py:3823} INFO - Setting next_dagrun for example_short_circuit_operator to 2025-05-18 00:00:00+00:00, run_after=2025-05-19 00:00:00+00:00
[2025-05-19T17:07:00.121+0000] {processor.py:183} INFO - Processing /home/airflow/.local/lib/python3.8/site-packages/airflow/example_dags/example_short_circuit_operator.py took 0.196 seconds
[2025-05-19T17:07:46.199+0000] {processor.py:161} INFO - Started process (PID=168) to work on /home/airflow/.local/lib/python3.8/site-packages/airflow/example_dags/example_short_circuit_operator.py
[2025-05-19T17:07:46.201+0000] {processor.py:830} INFO - Processing file /home/airflow/.local/lib/python3.8/site-packages/airflow/example_dags/example_short_circuit_operator.py for tasks to queue
[2025-05-19T17:07:46.205+0000] {logging_mixin.py:188} INFO - [2025-05-19T17:07:46.204+0000] {dagbag.py:538} INFO - Filling up the DagBag from /home/airflow/.local/lib/python3.8/site-packages/airflow/example_dags/example_short_circuit_operator.py
[2025-05-19T17:07:46.236+0000] {processor.py:840} INFO - DAG(s) 'example_short_circuit_operator' retrieved from /home/airflow/.local/lib/python3.8/site-packages/airflow/example_dags/example_short_circuit_operator.py
[2025-05-19T17:07:46.326+0000] {logging_mixin.py:188} INFO - [2025-05-19T17:07:46.325+0000] {dag.py:3036} INFO - Sync 1 DAGs
[2025-05-19T17:07:46.444+0000] {logging_mixin.py:188} INFO - [2025-05-19T17:07:46.435+0000] {dag.py:3823} INFO - Setting next_dagrun for example_short_circuit_operator to 2025-05-18 00:00:00+00:00, run_after=2025-05-19 00:00:00+00:00
[2025-05-19T17:07:46.528+0000] {processor.py:183} INFO - Processing /home/airflow/.local/lib/python3.8/site-packages/airflow/example_dags/example_short_circuit_operator.py took 0.353 seconds
[2025-05-19T17:08:16.604+0000] {processor.py:161} INFO - Started process (PID=222) to work on /home/airflow/.local/lib/python3.8/site-packages/airflow/example_dags/example_short_circuit_operator.py
[2025-05-19T17:08:16.615+0000] {processor.py:830} INFO - Processing file /home/airflow/.local/lib/python3.8/site-packages/airflow/example_dags/example_short_circuit_operator.py for tasks to queue
[2025-05-19T17:08:16.619+0000] {logging_mixin.py:188} INFO - [2025-05-19T17:08:16.618+0000] {dagbag.py:538} INFO - Filling up the DagBag from /home/airflow/.local/lib/python3.8/site-packages/airflow/example_dags/example_short_circuit_operator.py
[2025-05-19T17:08:16.632+0000] {processor.py:840} INFO - DAG(s) 'example_short_circuit_operator' retrieved from /home/airflow/.local/lib/python3.8/site-packages/airflow/example_dags/example_short_circuit_operator.py
[2025-05-19T17:08:16.668+0000] {logging_mixin.py:188} INFO - [2025-05-19T17:08:16.667+0000] {dag.py:3036} INFO - Sync 1 DAGs
[2025-05-19T17:08:16.708+0000] {logging_mixin.py:188} INFO - [2025-05-19T17:08:16.707+0000] {dag.py:3823} INFO - Setting next_dagrun for example_short_circuit_operator to 2025-05-18 00:00:00+00:00, run_after=2025-05-19 00:00:00+00:00
[2025-05-19T17:08:16.771+0000] {processor.py:183} INFO - Processing /home/airflow/.local/lib/python3.8/site-packages/airflow/example_dags/example_short_circuit_operator.py took 0.173 seconds
[2025-05-19T17:08:47.156+0000] {processor.py:161} INFO - Started process (PID=277) to work on /home/airflow/.local/lib/python3.8/site-packages/airflow/example_dags/example_short_circuit_operator.py
[2025-05-19T17:08:47.158+0000] {processor.py:830} INFO - Processing file /home/airflow/.local/lib/python3.8/site-packages/airflow/example_dags/example_short_circuit_operator.py for tasks to queue
[2025-05-19T17:08:47.159+0000] {logging_mixin.py:188} INFO - [2025-05-19T17:08:47.159+0000] {dagbag.py:538} INFO - Filling up the DagBag from /home/airflow/.local/lib/python3.8/site-packages/airflow/example_dags/example_short_circuit_operator.py
[2025-05-19T17:08:47.166+0000] {processor.py:840} INFO - DAG(s) 'example_short_circuit_operator' retrieved from /home/airflow/.local/lib/python3.8/site-packages/airflow/example_dags/example_short_circuit_operator.py
[2025-05-19T17:08:47.187+0000] {logging_mixin.py:188} INFO - [2025-05-19T17:08:47.187+0000] {dag.py:3036} INFO - Sync 1 DAGs
[2025-05-19T17:08:47.206+0000] {logging_mixin.py:188} INFO - [2025-05-19T17:08:47.206+0000] {dag.py:3823} INFO - Setting next_dagrun for example_short_circuit_operator to 2025-05-18 00:00:00+00:00, run_after=2025-05-19 00:00:00+00:00
[2025-05-19T17:08:47.232+0000] {processor.py:183} INFO - Processing /home/airflow/.local/lib/python3.8/site-packages/airflow/example_dags/example_short_circuit_operator.py took 0.079 seconds
