[2025-05-19T17:06:35.719+0000] {processor.py:161} INFO - Started process (PID=75) to work on /home/airflow/.local/lib/python3.8/site-packages/airflow/example_dags/example_task_group.py
[2025-05-19T17:06:35.737+0000] {processor.py:830} INFO - Processing file /home/airflow/.local/lib/python3.8/site-packages/airflow/example_dags/example_task_group.py for tasks to queue
[2025-05-19T17:06:35.743+0000] {logging_mixin.py:188} INFO - [2025-05-19T17:06:35.742+0000] {dagbag.py:538} INFO - Filling up the DagBag from /home/airflow/.local/lib/python3.8/site-packages/airflow/example_dags/example_task_group.py
[2025-05-19T17:06:35.787+0000] {processor.py:840} INFO - DAG(s) 'example_task_group' retrieved from /home/airflow/.local/lib/python3.8/site-packages/airflow/example_dags/example_task_group.py
[2025-05-19T17:06:36.285+0000] {logging_mixin.py:188} INFO - [2025-05-19T17:06:36.284+0000] {dag.py:3036} INFO - Sync 1 DAGs
[2025-05-19T17:06:36.326+0000] {logging_mixin.py:188} INFO - [2025-05-19T17:06:36.325+0000] {dag.py:3823} INFO - Setting next_dagrun for example_task_group to 2025-05-18 00:00:00+00:00, run_after=2025-05-19 00:00:00+00:00
[2025-05-19T17:06:36.428+0000] {processor.py:183} INFO - Processing /home/airflow/.local/lib/python3.8/site-packages/airflow/example_dags/example_task_group.py took 0.727 seconds
[2025-05-19T17:07:06.543+0000] {processor.py:161} INFO - Started process (PID=130) to work on /home/airflow/.local/lib/python3.8/site-packages/airflow/example_dags/example_task_group.py
[2025-05-19T17:07:06.553+0000] {processor.py:830} INFO - Processing file /home/airflow/.local/lib/python3.8/site-packages/airflow/example_dags/example_task_group.py for tasks to queue
[2025-05-19T17:07:06.561+0000] {logging_mixin.py:188} INFO - [2025-05-19T17:07:06.560+0000] {dagbag.py:538} INFO - Filling up the DagBag from /home/airflow/.local/lib/python3.8/site-packages/airflow/example_dags/example_task_group.py
[2025-05-19T17:07:06.610+0000] {processor.py:840} INFO - DAG(s) 'example_task_group' retrieved from /home/airflow/.local/lib/python3.8/site-packages/airflow/example_dags/example_task_group.py
[2025-05-19T17:07:06.808+0000] {logging_mixin.py:188} INFO - [2025-05-19T17:07:06.807+0000] {dag.py:3036} INFO - Sync 1 DAGs
[2025-05-19T17:07:06.985+0000] {logging_mixin.py:188} INFO - [2025-05-19T17:07:06.985+0000] {dag.py:3823} INFO - Setting next_dagrun for example_task_group to 2025-05-18 00:00:00+00:00, run_after=2025-05-19 00:00:00+00:00
[2025-05-19T17:07:07.087+0000] {processor.py:183} INFO - Processing /home/airflow/.local/lib/python3.8/site-packages/airflow/example_dags/example_task_group.py took 0.558 seconds
[2025-05-19T17:07:49.492+0000] {processor.py:161} INFO - Started process (PID=185) to work on /home/airflow/.local/lib/python3.8/site-packages/airflow/example_dags/example_task_group.py
[2025-05-19T17:07:49.498+0000] {processor.py:830} INFO - Processing file /home/airflow/.local/lib/python3.8/site-packages/airflow/example_dags/example_task_group.py for tasks to queue
[2025-05-19T17:07:49.504+0000] {logging_mixin.py:188} INFO - [2025-05-19T17:07:49.503+0000] {dagbag.py:538} INFO - Filling up the DagBag from /home/airflow/.local/lib/python3.8/site-packages/airflow/example_dags/example_task_group.py
[2025-05-19T17:07:49.534+0000] {processor.py:840} INFO - DAG(s) 'example_task_group' retrieved from /home/airflow/.local/lib/python3.8/site-packages/airflow/example_dags/example_task_group.py
[2025-05-19T17:07:49.643+0000] {logging_mixin.py:188} INFO - [2025-05-19T17:07:49.643+0000] {dag.py:3036} INFO - Sync 1 DAGs
[2025-05-19T17:07:49.721+0000] {logging_mixin.py:188} INFO - [2025-05-19T17:07:49.719+0000] {dag.py:3823} INFO - Setting next_dagrun for example_task_group to 2025-05-18 00:00:00+00:00, run_after=2025-05-19 00:00:00+00:00
[2025-05-19T17:07:49.792+0000] {processor.py:183} INFO - Processing /home/airflow/.local/lib/python3.8/site-packages/airflow/example_dags/example_task_group.py took 0.306 seconds
[2025-05-19T17:08:20.649+0000] {processor.py:161} INFO - Started process (PID=240) to work on /home/airflow/.local/lib/python3.8/site-packages/airflow/example_dags/example_task_group.py
[2025-05-19T17:08:20.668+0000] {processor.py:830} INFO - Processing file /home/airflow/.local/lib/python3.8/site-packages/airflow/example_dags/example_task_group.py for tasks to queue
[2025-05-19T17:08:20.670+0000] {logging_mixin.py:188} INFO - [2025-05-19T17:08:20.669+0000] {dagbag.py:538} INFO - Filling up the DagBag from /home/airflow/.local/lib/python3.8/site-packages/airflow/example_dags/example_task_group.py
[2025-05-19T17:08:20.678+0000] {processor.py:840} INFO - DAG(s) 'example_task_group' retrieved from /home/airflow/.local/lib/python3.8/site-packages/airflow/example_dags/example_task_group.py
[2025-05-19T17:08:20.704+0000] {logging_mixin.py:188} INFO - [2025-05-19T17:08:20.704+0000] {dag.py:3036} INFO - Sync 1 DAGs
[2025-05-19T17:08:20.740+0000] {logging_mixin.py:188} INFO - [2025-05-19T17:08:20.740+0000] {dag.py:3823} INFO - Setting next_dagrun for example_task_group to 2025-05-18 00:00:00+00:00, run_after=2025-05-19 00:00:00+00:00
[2025-05-19T17:08:20.788+0000] {processor.py:183} INFO - Processing /home/airflow/.local/lib/python3.8/site-packages/airflow/example_dags/example_task_group.py took 0.143 seconds
[2025-05-19T17:08:51.573+0000] {processor.py:161} INFO - Started process (PID=295) to work on /home/airflow/.local/lib/python3.8/site-packages/airflow/example_dags/example_task_group.py
[2025-05-19T17:08:51.575+0000] {processor.py:830} INFO - Processing file /home/airflow/.local/lib/python3.8/site-packages/airflow/example_dags/example_task_group.py for tasks to queue
[2025-05-19T17:08:51.577+0000] {logging_mixin.py:188} INFO - [2025-05-19T17:08:51.576+0000] {dagbag.py:538} INFO - Filling up the DagBag from /home/airflow/.local/lib/python3.8/site-packages/airflow/example_dags/example_task_group.py
[2025-05-19T17:08:51.584+0000] {processor.py:840} INFO - DAG(s) 'example_task_group' retrieved from /home/airflow/.local/lib/python3.8/site-packages/airflow/example_dags/example_task_group.py
[2025-05-19T17:08:51.609+0000] {logging_mixin.py:188} INFO - [2025-05-19T17:08:51.608+0000] {dag.py:3036} INFO - Sync 1 DAGs
[2025-05-19T17:08:51.635+0000] {logging_mixin.py:188} INFO - [2025-05-19T17:08:51.635+0000] {dag.py:3823} INFO - Setting next_dagrun for example_task_group to 2025-05-18 00:00:00+00:00, run_after=2025-05-19 00:00:00+00:00
[2025-05-19T17:08:51.656+0000] {processor.py:183} INFO - Processing /home/airflow/.local/lib/python3.8/site-packages/airflow/example_dags/example_task_group.py took 0.086 seconds
