[2025-05-19T17:06:40.258+0000] {processor.py:161} INFO - Started process (PID=87) to work on /home/airflow/.local/lib/python3.8/site-packages/airflow/example_dags/example_time_delta_sensor_async.py
[2025-05-19T17:06:40.261+0000] {processor.py:830} INFO - Processing file /home/airflow/.local/lib/python3.8/site-packages/airflow/example_dags/example_time_delta_sensor_async.py for tasks to queue
[2025-05-19T17:06:40.272+0000] {logging_mixin.py:188} INFO - [2025-05-19T17:06:40.272+0000] {dagbag.py:538} INFO - Filling up the DagBag from /home/airflow/.local/lib/python3.8/site-packages/airflow/example_dags/example_time_delta_sensor_async.py
[2025-05-19T17:06:40.292+0000] {processor.py:840} INFO - DAG(s) 'example_time_delta_sensor_async' retrieved from /home/airflow/.local/lib/python3.8/site-packages/airflow/example_dags/example_time_delta_sensor_async.py
[2025-05-19T17:06:40.731+0000] {logging_mixin.py:188} INFO - [2025-05-19T17:06:40.730+0000] {dag.py:3036} INFO - Sync 1 DAGs
[2025-05-19T17:06:40.772+0000] {logging_mixin.py:188} INFO - [2025-05-19T17:06:40.771+0000] {dag.py:3823} INFO - Setting next_dagrun for example_time_delta_sensor_async to None, run_after=None
[2025-05-19T17:06:40.861+0000] {processor.py:183} INFO - Processing /home/airflow/.local/lib/python3.8/site-packages/airflow/example_dags/example_time_delta_sensor_async.py took 0.610 seconds
[2025-05-19T17:07:13.314+0000] {processor.py:161} INFO - Started process (PID=142) to work on /home/airflow/.local/lib/python3.8/site-packages/airflow/example_dags/example_time_delta_sensor_async.py
[2025-05-19T17:07:13.328+0000] {processor.py:830} INFO - Processing file /home/airflow/.local/lib/python3.8/site-packages/airflow/example_dags/example_time_delta_sensor_async.py for tasks to queue
[2025-05-19T17:07:13.335+0000] {logging_mixin.py:188} INFO - [2025-05-19T17:07:13.334+0000] {dagbag.py:538} INFO - Filling up the DagBag from /home/airflow/.local/lib/python3.8/site-packages/airflow/example_dags/example_time_delta_sensor_async.py
[2025-05-19T17:07:13.351+0000] {processor.py:840} INFO - DAG(s) 'example_time_delta_sensor_async' retrieved from /home/airflow/.local/lib/python3.8/site-packages/airflow/example_dags/example_time_delta_sensor_async.py
[2025-05-19T17:07:13.485+0000] {logging_mixin.py:188} INFO - [2025-05-19T17:07:13.484+0000] {dag.py:3036} INFO - Sync 1 DAGs
[2025-05-19T17:07:13.541+0000] {logging_mixin.py:188} INFO - [2025-05-19T17:07:13.541+0000] {dag.py:3823} INFO - Setting next_dagrun for example_time_delta_sensor_async to None, run_after=None
[2025-05-19T17:07:13.631+0000] {processor.py:183} INFO - Processing /home/airflow/.local/lib/python3.8/site-packages/airflow/example_dags/example_time_delta_sensor_async.py took 0.335 seconds
[2025-05-19T17:07:52.208+0000] {processor.py:161} INFO - Started process (PID=197) to work on /home/airflow/.local/lib/python3.8/site-packages/airflow/example_dags/example_time_delta_sensor_async.py
[2025-05-19T17:07:52.210+0000] {processor.py:830} INFO - Processing file /home/airflow/.local/lib/python3.8/site-packages/airflow/example_dags/example_time_delta_sensor_async.py for tasks to queue
[2025-05-19T17:07:52.214+0000] {logging_mixin.py:188} INFO - [2025-05-19T17:07:52.214+0000] {dagbag.py:538} INFO - Filling up the DagBag from /home/airflow/.local/lib/python3.8/site-packages/airflow/example_dags/example_time_delta_sensor_async.py
[2025-05-19T17:07:52.227+0000] {processor.py:840} INFO - DAG(s) 'example_time_delta_sensor_async' retrieved from /home/airflow/.local/lib/python3.8/site-packages/airflow/example_dags/example_time_delta_sensor_async.py
[2025-05-19T17:07:52.289+0000] {logging_mixin.py:188} INFO - [2025-05-19T17:07:52.289+0000] {dag.py:3036} INFO - Sync 1 DAGs
[2025-05-19T17:07:52.325+0000] {logging_mixin.py:188} INFO - [2025-05-19T17:07:52.324+0000] {dag.py:3823} INFO - Setting next_dagrun for example_time_delta_sensor_async to None, run_after=None
[2025-05-19T17:07:52.368+0000] {processor.py:183} INFO - Processing /home/airflow/.local/lib/python3.8/site-packages/airflow/example_dags/example_time_delta_sensor_async.py took 0.166 seconds
[2025-05-19T17:08:22.763+0000] {processor.py:161} INFO - Started process (PID=252) to work on /home/airflow/.local/lib/python3.8/site-packages/airflow/example_dags/example_time_delta_sensor_async.py
[2025-05-19T17:08:22.774+0000] {processor.py:830} INFO - Processing file /home/airflow/.local/lib/python3.8/site-packages/airflow/example_dags/example_time_delta_sensor_async.py for tasks to queue
[2025-05-19T17:08:22.776+0000] {logging_mixin.py:188} INFO - [2025-05-19T17:08:22.776+0000] {dagbag.py:538} INFO - Filling up the DagBag from /home/airflow/.local/lib/python3.8/site-packages/airflow/example_dags/example_time_delta_sensor_async.py
[2025-05-19T17:08:22.781+0000] {processor.py:840} INFO - DAG(s) 'example_time_delta_sensor_async' retrieved from /home/airflow/.local/lib/python3.8/site-packages/airflow/example_dags/example_time_delta_sensor_async.py
[2025-05-19T17:08:22.813+0000] {logging_mixin.py:188} INFO - [2025-05-19T17:08:22.812+0000] {dag.py:3036} INFO - Sync 1 DAGs
[2025-05-19T17:08:22.838+0000] {logging_mixin.py:188} INFO - [2025-05-19T17:08:22.838+0000] {dag.py:3823} INFO - Setting next_dagrun for example_time_delta_sensor_async to None, run_after=None
[2025-05-19T17:08:22.948+0000] {processor.py:183} INFO - Processing /home/airflow/.local/lib/python3.8/site-packages/airflow/example_dags/example_time_delta_sensor_async.py took 0.188 seconds
[2025-05-19T17:08:53.266+0000] {processor.py:161} INFO - Started process (PID=307) to work on /home/airflow/.local/lib/python3.8/site-packages/airflow/example_dags/example_time_delta_sensor_async.py
[2025-05-19T17:08:53.267+0000] {processor.py:830} INFO - Processing file /home/airflow/.local/lib/python3.8/site-packages/airflow/example_dags/example_time_delta_sensor_async.py for tasks to queue
[2025-05-19T17:08:53.269+0000] {logging_mixin.py:188} INFO - [2025-05-19T17:08:53.269+0000] {dagbag.py:538} INFO - Filling up the DagBag from /home/airflow/.local/lib/python3.8/site-packages/airflow/example_dags/example_time_delta_sensor_async.py
[2025-05-19T17:08:53.273+0000] {processor.py:840} INFO - DAG(s) 'example_time_delta_sensor_async' retrieved from /home/airflow/.local/lib/python3.8/site-packages/airflow/example_dags/example_time_delta_sensor_async.py
[2025-05-19T17:08:53.293+0000] {logging_mixin.py:188} INFO - [2025-05-19T17:08:53.293+0000] {dag.py:3036} INFO - Sync 1 DAGs
[2025-05-19T17:08:53.305+0000] {logging_mixin.py:188} INFO - [2025-05-19T17:08:53.305+0000] {dag.py:3823} INFO - Setting next_dagrun for example_time_delta_sensor_async to None, run_after=None
[2025-05-19T17:08:53.323+0000] {processor.py:183} INFO - Processing /home/airflow/.local/lib/python3.8/site-packages/airflow/example_dags/example_time_delta_sensor_async.py took 0.060 seconds
