[2025-05-19T17:06:40.137+0000] {processor.py:161} INFO - Started process (PID=86) to work on /home/airflow/.local/lib/python3.8/site-packages/airflow/example_dags/example_sensor_decorator.py
[2025-05-19T17:06:40.140+0000] {processor.py:830} INFO - Processing file /home/airflow/.local/lib/python3.8/site-packages/airflow/example_dags/example_sensor_decorator.py for tasks to queue
[2025-05-19T17:06:40.147+0000] {logging_mixin.py:188} INFO - [2025-05-19T17:06:40.145+0000] {dagbag.py:538} INFO - Filling up the DagBag from /home/airflow/.local/lib/python3.8/site-packages/airflow/example_dags/example_sensor_decorator.py
[2025-05-19T17:06:40.173+0000] {processor.py:840} INFO - DAG(s) 'example_sensor_decorator' retrieved from /home/airflow/.local/lib/python3.8/site-packages/airflow/example_dags/example_sensor_decorator.py
[2025-05-19T17:06:40.651+0000] {logging_mixin.py:188} INFO - [2025-05-19T17:06:40.650+0000] {dag.py:3036} INFO - Sync 1 DAGs
[2025-05-19T17:06:40.719+0000] {logging_mixin.py:188} INFO - [2025-05-19T17:06:40.718+0000] {dag.py:3823} INFO - Setting next_dagrun for example_sensor_decorator to None, run_after=None
[2025-05-19T17:06:40.796+0000] {processor.py:183} INFO - Processing /home/airflow/.local/lib/python3.8/site-packages/airflow/example_dags/example_sensor_decorator.py took 0.665 seconds
[2025-05-19T17:07:12.988+0000] {processor.py:161} INFO - Started process (PID=141) to work on /home/airflow/.local/lib/python3.8/site-packages/airflow/example_dags/example_sensor_decorator.py
[2025-05-19T17:07:13.000+0000] {processor.py:830} INFO - Processing file /home/airflow/.local/lib/python3.8/site-packages/airflow/example_dags/example_sensor_decorator.py for tasks to queue
[2025-05-19T17:07:13.005+0000] {logging_mixin.py:188} INFO - [2025-05-19T17:07:13.004+0000] {dagbag.py:538} INFO - Filling up the DagBag from /home/airflow/.local/lib/python3.8/site-packages/airflow/example_dags/example_sensor_decorator.py
[2025-05-19T17:07:13.072+0000] {processor.py:840} INFO - DAG(s) 'example_sensor_decorator' retrieved from /home/airflow/.local/lib/python3.8/site-packages/airflow/example_dags/example_sensor_decorator.py
[2025-05-19T17:07:13.177+0000] {logging_mixin.py:188} INFO - [2025-05-19T17:07:13.177+0000] {dag.py:3036} INFO - Sync 1 DAGs
[2025-05-19T17:07:13.229+0000] {logging_mixin.py:188} INFO - [2025-05-19T17:07:13.229+0000] {dag.py:3823} INFO - Setting next_dagrun for example_sensor_decorator to None, run_after=None
[2025-05-19T17:07:13.311+0000] {processor.py:183} INFO - Processing /home/airflow/.local/lib/python3.8/site-packages/airflow/example_dags/example_sensor_decorator.py took 0.329 seconds
[2025-05-19T17:07:51.894+0000] {processor.py:161} INFO - Started process (PID=196) to work on /home/airflow/.local/lib/python3.8/site-packages/airflow/example_dags/example_sensor_decorator.py
[2025-05-19T17:07:51.896+0000] {processor.py:830} INFO - Processing file /home/airflow/.local/lib/python3.8/site-packages/airflow/example_dags/example_sensor_decorator.py for tasks to queue
[2025-05-19T17:07:51.910+0000] {logging_mixin.py:188} INFO - [2025-05-19T17:07:51.910+0000] {dagbag.py:538} INFO - Filling up the DagBag from /home/airflow/.local/lib/python3.8/site-packages/airflow/example_dags/example_sensor_decorator.py
[2025-05-19T17:07:51.942+0000] {processor.py:840} INFO - DAG(s) 'example_sensor_decorator' retrieved from /home/airflow/.local/lib/python3.8/site-packages/airflow/example_dags/example_sensor_decorator.py
[2025-05-19T17:07:52.045+0000] {logging_mixin.py:188} INFO - [2025-05-19T17:07:52.045+0000] {dag.py:3036} INFO - Sync 1 DAGs
[2025-05-19T17:07:52.127+0000] {logging_mixin.py:188} INFO - [2025-05-19T17:07:52.126+0000] {dag.py:3823} INFO - Setting next_dagrun for example_sensor_decorator to None, run_after=None
[2025-05-19T17:07:52.175+0000] {processor.py:183} INFO - Processing /home/airflow/.local/lib/python3.8/site-packages/airflow/example_dags/example_sensor_decorator.py took 0.291 seconds
[2025-05-19T17:08:22.616+0000] {processor.py:161} INFO - Started process (PID=251) to work on /home/airflow/.local/lib/python3.8/site-packages/airflow/example_dags/example_sensor_decorator.py
[2025-05-19T17:08:22.639+0000] {processor.py:830} INFO - Processing file /home/airflow/.local/lib/python3.8/site-packages/airflow/example_dags/example_sensor_decorator.py for tasks to queue
[2025-05-19T17:08:22.641+0000] {logging_mixin.py:188} INFO - [2025-05-19T17:08:22.641+0000] {dagbag.py:538} INFO - Filling up the DagBag from /home/airflow/.local/lib/python3.8/site-packages/airflow/example_dags/example_sensor_decorator.py
[2025-05-19T17:08:22.650+0000] {processor.py:840} INFO - DAG(s) 'example_sensor_decorator' retrieved from /home/airflow/.local/lib/python3.8/site-packages/airflow/example_dags/example_sensor_decorator.py
[2025-05-19T17:08:22.674+0000] {logging_mixin.py:188} INFO - [2025-05-19T17:08:22.673+0000] {dag.py:3036} INFO - Sync 1 DAGs
[2025-05-19T17:08:22.692+0000] {logging_mixin.py:188} INFO - [2025-05-19T17:08:22.692+0000] {dag.py:3823} INFO - Setting next_dagrun for example_sensor_decorator to None, run_after=None
[2025-05-19T17:08:22.749+0000] {processor.py:183} INFO - Processing /home/airflow/.local/lib/python3.8/site-packages/airflow/example_dags/example_sensor_decorator.py took 0.137 seconds
[2025-05-19T17:08:53.185+0000] {processor.py:161} INFO - Started process (PID=306) to work on /home/airflow/.local/lib/python3.8/site-packages/airflow/example_dags/example_sensor_decorator.py
[2025-05-19T17:08:53.186+0000] {processor.py:830} INFO - Processing file /home/airflow/.local/lib/python3.8/site-packages/airflow/example_dags/example_sensor_decorator.py for tasks to queue
[2025-05-19T17:08:53.188+0000] {logging_mixin.py:188} INFO - [2025-05-19T17:08:53.188+0000] {dagbag.py:538} INFO - Filling up the DagBag from /home/airflow/.local/lib/python3.8/site-packages/airflow/example_dags/example_sensor_decorator.py
[2025-05-19T17:08:53.193+0000] {processor.py:840} INFO - DAG(s) 'example_sensor_decorator' retrieved from /home/airflow/.local/lib/python3.8/site-packages/airflow/example_dags/example_sensor_decorator.py
[2025-05-19T17:08:53.212+0000] {logging_mixin.py:188} INFO - [2025-05-19T17:08:53.211+0000] {dag.py:3036} INFO - Sync 1 DAGs
[2025-05-19T17:08:53.223+0000] {logging_mixin.py:188} INFO - [2025-05-19T17:08:53.223+0000] {dag.py:3823} INFO - Setting next_dagrun for example_sensor_decorator to None, run_after=None
[2025-05-19T17:08:53.240+0000] {processor.py:183} INFO - Processing /home/airflow/.local/lib/python3.8/site-packages/airflow/example_dags/example_sensor_decorator.py took 0.058 seconds
