[2025-05-19T17:06:27.557+0000] {processor.py:161} INFO - Started process (PID=54) to work on /home/airflow/.local/lib/python3.8/site-packages/airflow/example_dags/example_latest_only.py
[2025-05-19T17:06:27.559+0000] {processor.py:830} INFO - Processing file /home/airflow/.local/lib/python3.8/site-packages/airflow/example_dags/example_latest_only.py for tasks to queue
[2025-05-19T17:06:27.562+0000] {logging_mixin.py:188} INFO - [2025-05-19T17:06:27.562+0000] {dagbag.py:538} INFO - Filling up the DagBag from /home/airflow/.local/lib/python3.8/site-packages/airflow/example_dags/example_latest_only.py
[2025-05-19T17:06:27.580+0000] {processor.py:840} INFO - DAG(s) 'latest_only' retrieved from /home/airflow/.local/lib/python3.8/site-packages/airflow/example_dags/example_latest_only.py
[2025-05-19T17:06:27.903+0000] {logging_mixin.py:188} INFO - [2025-05-19T17:06:27.903+0000] {dag.py:3036} INFO - Sync 1 DAGs
[2025-05-19T17:06:27.959+0000] {logging_mixin.py:188} INFO - [2025-05-19T17:06:27.959+0000] {dag.py:3823} INFO - Setting next_dagrun for latest_only to 2025-05-19 12:00:00+00:00, run_after=2025-05-19 16:00:00+00:00
[2025-05-19T17:06:28.172+0000] {processor.py:183} INFO - Processing /home/airflow/.local/lib/python3.8/site-packages/airflow/example_dags/example_latest_only.py took 0.621 seconds
[2025-05-19T17:06:58.368+0000] {processor.py:161} INFO - Started process (PID=109) to work on /home/airflow/.local/lib/python3.8/site-packages/airflow/example_dags/example_latest_only.py
[2025-05-19T17:06:58.371+0000] {processor.py:830} INFO - Processing file /home/airflow/.local/lib/python3.8/site-packages/airflow/example_dags/example_latest_only.py for tasks to queue
[2025-05-19T17:06:58.375+0000] {logging_mixin.py:188} INFO - [2025-05-19T17:06:58.375+0000] {dagbag.py:538} INFO - Filling up the DagBag from /home/airflow/.local/lib/python3.8/site-packages/airflow/example_dags/example_latest_only.py
[2025-05-19T17:06:58.408+0000] {processor.py:840} INFO - DAG(s) 'latest_only' retrieved from /home/airflow/.local/lib/python3.8/site-packages/airflow/example_dags/example_latest_only.py
[2025-05-19T17:06:58.633+0000] {logging_mixin.py:188} INFO - [2025-05-19T17:06:58.633+0000] {dag.py:3036} INFO - Sync 1 DAGs
[2025-05-19T17:06:58.889+0000] {logging_mixin.py:188} INFO - [2025-05-19T17:06:58.888+0000] {dag.py:3823} INFO - Setting next_dagrun for latest_only to 2025-05-19 12:00:00+00:00, run_after=2025-05-19 16:00:00+00:00
[2025-05-19T17:06:58.996+0000] {processor.py:183} INFO - Processing /home/airflow/.local/lib/python3.8/site-packages/airflow/example_dags/example_latest_only.py took 0.638 seconds
[2025-05-19T17:07:38.666+0000] {processor.py:161} INFO - Started process (PID=164) to work on /home/airflow/.local/lib/python3.8/site-packages/airflow/example_dags/example_latest_only.py
[2025-05-19T17:07:39.356+0000] {processor.py:830} INFO - Processing file /home/airflow/.local/lib/python3.8/site-packages/airflow/example_dags/example_latest_only.py for tasks to queue
[2025-05-19T17:07:39.359+0000] {logging_mixin.py:188} INFO - [2025-05-19T17:07:39.359+0000] {dagbag.py:538} INFO - Filling up the DagBag from /home/airflow/.local/lib/python3.8/site-packages/airflow/example_dags/example_latest_only.py
[2025-05-19T17:07:39.366+0000] {processor.py:840} INFO - DAG(s) 'latest_only' retrieved from /home/airflow/.local/lib/python3.8/site-packages/airflow/example_dags/example_latest_only.py
[2025-05-19T17:07:39.387+0000] {logging_mixin.py:188} INFO - [2025-05-19T17:07:39.386+0000] {dag.py:3036} INFO - Sync 1 DAGs
[2025-05-19T17:07:39.406+0000] {logging_mixin.py:188} INFO - [2025-05-19T17:07:39.406+0000] {dag.py:3823} INFO - Setting next_dagrun for latest_only to 2025-05-19 12:00:00+00:00, run_after=2025-05-19 16:00:00+00:00
[2025-05-19T17:07:44.761+0000] {processor.py:183} INFO - Processing /home/airflow/.local/lib/python3.8/site-packages/airflow/example_dags/example_latest_only.py took 6.099 seconds
[2025-05-19T17:08:15.375+0000] {processor.py:161} INFO - Started process (PID=219) to work on /home/airflow/.local/lib/python3.8/site-packages/airflow/example_dags/example_latest_only.py
[2025-05-19T17:08:15.398+0000] {processor.py:830} INFO - Processing file /home/airflow/.local/lib/python3.8/site-packages/airflow/example_dags/example_latest_only.py for tasks to queue
[2025-05-19T17:08:15.401+0000] {logging_mixin.py:188} INFO - [2025-05-19T17:08:15.400+0000] {dagbag.py:538} INFO - Filling up the DagBag from /home/airflow/.local/lib/python3.8/site-packages/airflow/example_dags/example_latest_only.py
[2025-05-19T17:08:15.414+0000] {processor.py:840} INFO - DAG(s) 'latest_only' retrieved from /home/airflow/.local/lib/python3.8/site-packages/airflow/example_dags/example_latest_only.py
[2025-05-19T17:08:15.449+0000] {logging_mixin.py:188} INFO - [2025-05-19T17:08:15.448+0000] {dag.py:3036} INFO - Sync 1 DAGs
[2025-05-19T17:08:15.495+0000] {logging_mixin.py:188} INFO - [2025-05-19T17:08:15.495+0000] {dag.py:3823} INFO - Setting next_dagrun for latest_only to 2025-05-19 12:00:00+00:00, run_after=2025-05-19 16:00:00+00:00
[2025-05-19T17:08:15.544+0000] {processor.py:183} INFO - Processing /home/airflow/.local/lib/python3.8/site-packages/airflow/example_dags/example_latest_only.py took 0.193 seconds
[2025-05-19T17:08:46.044+0000] {processor.py:161} INFO - Started process (PID=274) to work on /home/airflow/.local/lib/python3.8/site-packages/airflow/example_dags/example_latest_only.py
[2025-05-19T17:08:46.045+0000] {processor.py:830} INFO - Processing file /home/airflow/.local/lib/python3.8/site-packages/airflow/example_dags/example_latest_only.py for tasks to queue
[2025-05-19T17:08:46.047+0000] {logging_mixin.py:188} INFO - [2025-05-19T17:08:46.047+0000] {dagbag.py:538} INFO - Filling up the DagBag from /home/airflow/.local/lib/python3.8/site-packages/airflow/example_dags/example_latest_only.py
[2025-05-19T17:08:46.053+0000] {processor.py:840} INFO - DAG(s) 'latest_only' retrieved from /home/airflow/.local/lib/python3.8/site-packages/airflow/example_dags/example_latest_only.py
[2025-05-19T17:08:46.071+0000] {logging_mixin.py:188} INFO - [2025-05-19T17:08:46.071+0000] {dag.py:3036} INFO - Sync 1 DAGs
[2025-05-19T17:08:46.092+0000] {logging_mixin.py:188} INFO - [2025-05-19T17:08:46.092+0000] {dag.py:3823} INFO - Setting next_dagrun for latest_only to 2025-05-19 12:00:00+00:00, run_after=2025-05-19 16:00:00+00:00
[2025-05-19T17:08:46.113+0000] {processor.py:183} INFO - Processing /home/airflow/.local/lib/python3.8/site-packages/airflow/example_dags/example_latest_only.py took 0.072 seconds
