[2025-05-19T17:06:28.287+0000] {processor.py:161} INFO - Started process (PID=57) to work on /home/airflow/.local/lib/python3.8/site-packages/airflow/example_dags/example_branch_datetime_operator.py
[2025-05-19T17:06:28.288+0000] {processor.py:830} INFO - Processing file /home/airflow/.local/lib/python3.8/site-packages/airflow/example_dags/example_branch_datetime_operator.py for tasks to queue
[2025-05-19T17:06:28.291+0000] {logging_mixin.py:188} INFO - [2025-05-19T17:06:28.290+0000] {dagbag.py:538} INFO - Filling up the DagBag from /home/airflow/.local/lib/python3.8/site-packages/airflow/example_dags/example_branch_datetime_operator.py
[2025-05-19T17:06:28.318+0000] {processor.py:840} INFO - DAG(s) 'example_branch_datetime_operator_2', 'example_branch_datetime_operator_3', 'example_branch_datetime_operator' retrieved from /home/airflow/.local/lib/python3.8/site-packages/airflow/example_dags/example_branch_datetime_operator.py
[2025-05-19T17:06:28.624+0000] {logging_mixin.py:188} INFO - [2025-05-19T17:06:28.624+0000] {dag.py:3036} INFO - Sync 3 DAGs
[2025-05-19T17:06:28.731+0000] {logging_mixin.py:188} INFO - [2025-05-19T17:06:28.731+0000] {dag.py:3823} INFO - Setting next_dagrun for example_branch_datetime_operator to 2025-05-18 00:00:00+00:00, run_after=2025-05-19 00:00:00+00:00
[2025-05-19T17:06:28.741+0000] {logging_mixin.py:188} INFO - [2025-05-19T17:06:28.741+0000] {dag.py:3823} INFO - Setting next_dagrun for example_branch_datetime_operator_2 to 2025-05-18 00:00:00+00:00, run_after=2025-05-19 00:00:00+00:00
[2025-05-19T17:06:28.750+0000] {logging_mixin.py:188} INFO - [2025-05-19T17:06:28.750+0000] {dag.py:3823} INFO - Setting next_dagrun for example_branch_datetime_operator_3 to 2025-05-18 00:00:00+00:00, run_after=2025-05-19 00:00:00+00:00
[2025-05-19T17:06:28.828+0000] {processor.py:183} INFO - Processing /home/airflow/.local/lib/python3.8/site-packages/airflow/example_dags/example_branch_datetime_operator.py took 0.547 seconds
[2025-05-19T17:06:59.655+0000] {processor.py:161} INFO - Started process (PID=112) to work on /home/airflow/.local/lib/python3.8/site-packages/airflow/example_dags/example_branch_datetime_operator.py
[2025-05-19T17:06:59.657+0000] {processor.py:830} INFO - Processing file /home/airflow/.local/lib/python3.8/site-packages/airflow/example_dags/example_branch_datetime_operator.py for tasks to queue
[2025-05-19T17:06:59.660+0000] {logging_mixin.py:188} INFO - [2025-05-19T17:06:59.659+0000] {dagbag.py:538} INFO - Filling up the DagBag from /home/airflow/.local/lib/python3.8/site-packages/airflow/example_dags/example_branch_datetime_operator.py
[2025-05-19T17:06:59.685+0000] {processor.py:840} INFO - DAG(s) 'example_branch_datetime_operator_3', 'example_branch_datetime_operator_2', 'example_branch_datetime_operator' retrieved from /home/airflow/.local/lib/python3.8/site-packages/airflow/example_dags/example_branch_datetime_operator.py
[2025-05-19T17:06:59.771+0000] {logging_mixin.py:188} INFO - [2025-05-19T17:06:59.770+0000] {dag.py:3036} INFO - Sync 3 DAGs
[2025-05-19T17:06:59.824+0000] {logging_mixin.py:188} INFO - [2025-05-19T17:06:59.824+0000] {dag.py:3823} INFO - Setting next_dagrun for example_branch_datetime_operator to 2025-05-18 00:00:00+00:00, run_after=2025-05-19 00:00:00+00:00
[2025-05-19T17:06:59.835+0000] {logging_mixin.py:188} INFO - [2025-05-19T17:06:59.835+0000] {dag.py:3823} INFO - Setting next_dagrun for example_branch_datetime_operator_2 to 2025-05-18 00:00:00+00:00, run_after=2025-05-19 00:00:00+00:00
[2025-05-19T17:06:59.849+0000] {logging_mixin.py:188} INFO - [2025-05-19T17:06:59.848+0000] {dag.py:3823} INFO - Setting next_dagrun for example_branch_datetime_operator_3 to 2025-05-18 00:00:00+00:00, run_after=2025-05-19 00:00:00+00:00
[2025-05-19T17:06:59.886+0000] {processor.py:183} INFO - Processing /home/airflow/.local/lib/python3.8/site-packages/airflow/example_dags/example_branch_datetime_operator.py took 0.247 seconds
[2025-05-19T17:07:45.650+0000] {processor.py:161} INFO - Started process (PID=167) to work on /home/airflow/.local/lib/python3.8/site-packages/airflow/example_dags/example_branch_datetime_operator.py
[2025-05-19T17:07:45.653+0000] {processor.py:830} INFO - Processing file /home/airflow/.local/lib/python3.8/site-packages/airflow/example_dags/example_branch_datetime_operator.py for tasks to queue
[2025-05-19T17:07:45.680+0000] {logging_mixin.py:188} INFO - [2025-05-19T17:07:45.680+0000] {dagbag.py:538} INFO - Filling up the DagBag from /home/airflow/.local/lib/python3.8/site-packages/airflow/example_dags/example_branch_datetime_operator.py
[2025-05-19T17:07:45.756+0000] {processor.py:840} INFO - DAG(s) 'example_branch_datetime_operator_2', 'example_branch_datetime_operator', 'example_branch_datetime_operator_3' retrieved from /home/airflow/.local/lib/python3.8/site-packages/airflow/example_dags/example_branch_datetime_operator.py
[2025-05-19T17:07:45.922+0000] {logging_mixin.py:188} INFO - [2025-05-19T17:07:45.921+0000] {dag.py:3036} INFO - Sync 3 DAGs
[2025-05-19T17:07:46.004+0000] {logging_mixin.py:188} INFO - [2025-05-19T17:07:46.003+0000] {dag.py:3823} INFO - Setting next_dagrun for example_branch_datetime_operator to 2025-05-18 00:00:00+00:00, run_after=2025-05-19 00:00:00+00:00
[2025-05-19T17:07:46.035+0000] {logging_mixin.py:188} INFO - [2025-05-19T17:07:46.033+0000] {dag.py:3823} INFO - Setting next_dagrun for example_branch_datetime_operator_2 to 2025-05-18 00:00:00+00:00, run_after=2025-05-19 00:00:00+00:00
[2025-05-19T17:07:46.041+0000] {logging_mixin.py:188} INFO - [2025-05-19T17:07:46.041+0000] {dag.py:3823} INFO - Setting next_dagrun for example_branch_datetime_operator_3 to 2025-05-18 00:00:00+00:00, run_after=2025-05-19 00:00:00+00:00
[2025-05-19T17:07:46.122+0000] {processor.py:183} INFO - Processing /home/airflow/.local/lib/python3.8/site-packages/airflow/example_dags/example_branch_datetime_operator.py took 0.477 seconds
[2025-05-19T17:08:16.602+0000] {processor.py:161} INFO - Started process (PID=221) to work on /home/airflow/.local/lib/python3.8/site-packages/airflow/example_dags/example_branch_datetime_operator.py
[2025-05-19T17:08:16.615+0000] {processor.py:830} INFO - Processing file /home/airflow/.local/lib/python3.8/site-packages/airflow/example_dags/example_branch_datetime_operator.py for tasks to queue
[2025-05-19T17:08:16.618+0000] {logging_mixin.py:188} INFO - [2025-05-19T17:08:16.618+0000] {dagbag.py:538} INFO - Filling up the DagBag from /home/airflow/.local/lib/python3.8/site-packages/airflow/example_dags/example_branch_datetime_operator.py
[2025-05-19T17:08:16.638+0000] {processor.py:840} INFO - DAG(s) 'example_branch_datetime_operator_3', 'example_branch_datetime_operator_2', 'example_branch_datetime_operator' retrieved from /home/airflow/.local/lib/python3.8/site-packages/airflow/example_dags/example_branch_datetime_operator.py
[2025-05-19T17:08:16.685+0000] {logging_mixin.py:188} INFO - [2025-05-19T17:08:16.685+0000] {dag.py:3036} INFO - Sync 3 DAGs
[2025-05-19T17:08:16.728+0000] {logging_mixin.py:188} INFO - [2025-05-19T17:08:16.727+0000] {dag.py:3823} INFO - Setting next_dagrun for example_branch_datetime_operator to 2025-05-18 00:00:00+00:00, run_after=2025-05-19 00:00:00+00:00
[2025-05-19T17:08:16.737+0000] {logging_mixin.py:188} INFO - [2025-05-19T17:08:16.737+0000] {dag.py:3823} INFO - Setting next_dagrun for example_branch_datetime_operator_2 to 2025-05-18 00:00:00+00:00, run_after=2025-05-19 00:00:00+00:00
[2025-05-19T17:08:16.743+0000] {logging_mixin.py:188} INFO - [2025-05-19T17:08:16.743+0000] {dag.py:3823} INFO - Setting next_dagrun for example_branch_datetime_operator_3 to 2025-05-18 00:00:00+00:00, run_after=2025-05-19 00:00:00+00:00
[2025-05-19T17:08:16.772+0000] {processor.py:183} INFO - Processing /home/airflow/.local/lib/python3.8/site-packages/airflow/example_dags/example_branch_datetime_operator.py took 0.175 seconds
[2025-05-19T17:08:47.156+0000] {processor.py:161} INFO - Started process (PID=276) to work on /home/airflow/.local/lib/python3.8/site-packages/airflow/example_dags/example_branch_datetime_operator.py
[2025-05-19T17:08:47.158+0000] {processor.py:830} INFO - Processing file /home/airflow/.local/lib/python3.8/site-packages/airflow/example_dags/example_branch_datetime_operator.py for tasks to queue
[2025-05-19T17:08:47.159+0000] {logging_mixin.py:188} INFO - [2025-05-19T17:08:47.159+0000] {dagbag.py:538} INFO - Filling up the DagBag from /home/airflow/.local/lib/python3.8/site-packages/airflow/example_dags/example_branch_datetime_operator.py
[2025-05-19T17:08:47.168+0000] {processor.py:840} INFO - DAG(s) 'example_branch_datetime_operator_3', 'example_branch_datetime_operator_2', 'example_branch_datetime_operator' retrieved from /home/airflow/.local/lib/python3.8/site-packages/airflow/example_dags/example_branch_datetime_operator.py
[2025-05-19T17:08:47.193+0000] {logging_mixin.py:188} INFO - [2025-05-19T17:08:47.193+0000] {dag.py:3036} INFO - Sync 3 DAGs
[2025-05-19T17:08:47.214+0000] {logging_mixin.py:188} INFO - [2025-05-19T17:08:47.214+0000] {dag.py:3823} INFO - Setting next_dagrun for example_branch_datetime_operator to 2025-05-18 00:00:00+00:00, run_after=2025-05-19 00:00:00+00:00
[2025-05-19T17:08:47.219+0000] {logging_mixin.py:188} INFO - [2025-05-19T17:08:47.219+0000] {dag.py:3823} INFO - Setting next_dagrun for example_branch_datetime_operator_2 to 2025-05-18 00:00:00+00:00, run_after=2025-05-19 00:00:00+00:00
[2025-05-19T17:08:47.222+0000] {logging_mixin.py:188} INFO - [2025-05-19T17:08:47.222+0000] {dag.py:3823} INFO - Setting next_dagrun for example_branch_datetime_operator_3 to 2025-05-18 00:00:00+00:00, run_after=2025-05-19 00:00:00+00:00
[2025-05-19T17:08:47.240+0000] {processor.py:183} INFO - Processing /home/airflow/.local/lib/python3.8/site-packages/airflow/example_dags/example_branch_datetime_operator.py took 0.086 seconds
