[2025-05-19T17:06:30.357+0000] {processor.py:161} INFO - Started process (PID=62) to work on /home/airflow/.local/lib/python3.8/site-packages/airflow/example_dags/example_branch_python_dop_operator_3.py
[2025-05-19T17:06:30.367+0000] {processor.py:830} INFO - Processing file /home/airflow/.local/lib/python3.8/site-packages/airflow/example_dags/example_branch_python_dop_operator_3.py for tasks to queue
[2025-05-19T17:06:30.385+0000] {logging_mixin.py:188} INFO - [2025-05-19T17:06:30.384+0000] {dagbag.py:538} INFO - Filling up the DagBag from /home/airflow/.local/lib/python3.8/site-packages/airflow/example_dags/example_branch_python_dop_operator_3.py
[2025-05-19T17:06:30.482+0000] {processor.py:840} INFO - DAG(s) 'example_branch_dop_operator_v3' retrieved from /home/airflow/.local/lib/python3.8/site-packages/airflow/example_dags/example_branch_python_dop_operator_3.py
[2025-05-19T17:06:30.972+0000] {logging_mixin.py:188} INFO - [2025-05-19T17:06:30.972+0000] {dag.py:3036} INFO - Sync 1 DAGs
[2025-05-19T17:06:31.095+0000] {logging_mixin.py:188} INFO - [2025-05-19T17:06:31.095+0000] {dag.py:3823} INFO - Setting next_dagrun for example_branch_dop_operator_v3 to 2025-05-19 17:05:00+00:00, run_after=2025-05-19 17:06:00+00:00
[2025-05-19T17:06:31.189+0000] {processor.py:183} INFO - Processing /home/airflow/.local/lib/python3.8/site-packages/airflow/example_dags/example_branch_python_dop_operator_3.py took 0.880 seconds
[2025-05-19T17:07:01.888+0000] {processor.py:161} INFO - Started process (PID=117) to work on /home/airflow/.local/lib/python3.8/site-packages/airflow/example_dags/example_branch_python_dop_operator_3.py
[2025-05-19T17:07:01.901+0000] {processor.py:830} INFO - Processing file /home/airflow/.local/lib/python3.8/site-packages/airflow/example_dags/example_branch_python_dop_operator_3.py for tasks to queue
[2025-05-19T17:07:01.909+0000] {logging_mixin.py:188} INFO - [2025-05-19T17:07:01.908+0000] {dagbag.py:538} INFO - Filling up the DagBag from /home/airflow/.local/lib/python3.8/site-packages/airflow/example_dags/example_branch_python_dop_operator_3.py
[2025-05-19T17:07:01.964+0000] {processor.py:840} INFO - DAG(s) 'example_branch_dop_operator_v3' retrieved from /home/airflow/.local/lib/python3.8/site-packages/airflow/example_dags/example_branch_python_dop_operator_3.py
[2025-05-19T17:07:02.073+0000] {logging_mixin.py:188} INFO - [2025-05-19T17:07:02.072+0000] {dag.py:3036} INFO - Sync 1 DAGs
[2025-05-19T17:07:02.213+0000] {logging_mixin.py:188} INFO - [2025-05-19T17:07:02.213+0000] {dag.py:3823} INFO - Setting next_dagrun for example_branch_dop_operator_v3 to 2025-05-19 17:06:00+00:00, run_after=2025-05-19 17:07:00+00:00
[2025-05-19T17:07:02.299+0000] {processor.py:183} INFO - Processing /home/airflow/.local/lib/python3.8/site-packages/airflow/example_dags/example_branch_python_dop_operator_3.py took 0.444 seconds
[2025-05-19T17:07:47.066+0000] {processor.py:161} INFO - Started process (PID=172) to work on /home/airflow/.local/lib/python3.8/site-packages/airflow/example_dags/example_branch_python_dop_operator_3.py
[2025-05-19T17:07:47.068+0000] {processor.py:830} INFO - Processing file /home/airflow/.local/lib/python3.8/site-packages/airflow/example_dags/example_branch_python_dop_operator_3.py for tasks to queue
[2025-05-19T17:07:47.071+0000] {logging_mixin.py:188} INFO - [2025-05-19T17:07:47.070+0000] {dagbag.py:538} INFO - Filling up the DagBag from /home/airflow/.local/lib/python3.8/site-packages/airflow/example_dags/example_branch_python_dop_operator_3.py
[2025-05-19T17:07:47.095+0000] {processor.py:840} INFO - DAG(s) 'example_branch_dop_operator_v3' retrieved from /home/airflow/.local/lib/python3.8/site-packages/airflow/example_dags/example_branch_python_dop_operator_3.py
[2025-05-19T17:07:47.146+0000] {logging_mixin.py:188} INFO - [2025-05-19T17:07:47.145+0000] {dag.py:3036} INFO - Sync 1 DAGs
[2025-05-19T17:07:47.220+0000] {logging_mixin.py:188} INFO - [2025-05-19T17:07:47.220+0000] {dag.py:3823} INFO - Setting next_dagrun for example_branch_dop_operator_v3 to 2025-05-19 17:06:00+00:00, run_after=2025-05-19 17:07:00+00:00
[2025-05-19T17:07:47.267+0000] {processor.py:183} INFO - Processing /home/airflow/.local/lib/python3.8/site-packages/airflow/example_dags/example_branch_python_dop_operator_3.py took 0.206 seconds
[2025-05-19T17:08:17.537+0000] {processor.py:161} INFO - Started process (PID=227) to work on /home/airflow/.local/lib/python3.8/site-packages/airflow/example_dags/example_branch_python_dop_operator_3.py
[2025-05-19T17:08:17.539+0000] {processor.py:830} INFO - Processing file /home/airflow/.local/lib/python3.8/site-packages/airflow/example_dags/example_branch_python_dop_operator_3.py for tasks to queue
[2025-05-19T17:08:17.541+0000] {logging_mixin.py:188} INFO - [2025-05-19T17:08:17.541+0000] {dagbag.py:538} INFO - Filling up the DagBag from /home/airflow/.local/lib/python3.8/site-packages/airflow/example_dags/example_branch_python_dop_operator_3.py
[2025-05-19T17:08:17.556+0000] {processor.py:840} INFO - DAG(s) 'example_branch_dop_operator_v3' retrieved from /home/airflow/.local/lib/python3.8/site-packages/airflow/example_dags/example_branch_python_dop_operator_3.py
[2025-05-19T17:08:17.585+0000] {logging_mixin.py:188} INFO - [2025-05-19T17:08:17.584+0000] {dag.py:3036} INFO - Sync 1 DAGs
[2025-05-19T17:08:17.620+0000] {logging_mixin.py:188} INFO - [2025-05-19T17:08:17.619+0000] {dag.py:3823} INFO - Setting next_dagrun for example_branch_dop_operator_v3 to 2025-05-19 17:07:00+00:00, run_after=2025-05-19 17:08:00+00:00
[2025-05-19T17:08:17.648+0000] {processor.py:183} INFO - Processing /home/airflow/.local/lib/python3.8/site-packages/airflow/example_dags/example_branch_python_dop_operator_3.py took 0.114 seconds
[2025-05-19T17:08:47.727+0000] {processor.py:161} INFO - Started process (PID=282) to work on /home/airflow/.local/lib/python3.8/site-packages/airflow/example_dags/example_branch_python_dop_operator_3.py
[2025-05-19T17:08:47.728+0000] {processor.py:830} INFO - Processing file /home/airflow/.local/lib/python3.8/site-packages/airflow/example_dags/example_branch_python_dop_operator_3.py for tasks to queue
[2025-05-19T17:08:47.729+0000] {logging_mixin.py:188} INFO - [2025-05-19T17:08:47.729+0000] {dagbag.py:538} INFO - Filling up the DagBag from /home/airflow/.local/lib/python3.8/site-packages/airflow/example_dags/example_branch_python_dop_operator_3.py
[2025-05-19T17:08:47.739+0000] {processor.py:840} INFO - DAG(s) 'example_branch_dop_operator_v3' retrieved from /home/airflow/.local/lib/python3.8/site-packages/airflow/example_dags/example_branch_python_dop_operator_3.py
[2025-05-19T17:08:47.758+0000] {logging_mixin.py:188} INFO - [2025-05-19T17:08:47.757+0000] {dag.py:3036} INFO - Sync 1 DAGs
[2025-05-19T17:08:47.784+0000] {logging_mixin.py:188} INFO - [2025-05-19T17:08:47.784+0000] {dag.py:3823} INFO - Setting next_dagrun for example_branch_dop_operator_v3 to 2025-05-19 17:07:00+00:00, run_after=2025-05-19 17:08:00+00:00
[2025-05-19T17:08:47.804+0000] {processor.py:183} INFO - Processing /home/airflow/.local/lib/python3.8/site-packages/airflow/example_dags/example_branch_python_dop_operator_3.py took 0.080 seconds
