[2025-05-19T17:06:38.741+0000] {processor.py:161} INFO - Started process (PID=82) to work on /home/airflow/.local/lib/python3.8/site-packages/airflow/example_dags/example_subdag_operator.py
[2025-05-19T17:06:38.744+0000] {processor.py:830} INFO - Processing file /home/airflow/.local/lib/python3.8/site-packages/airflow/example_dags/example_subdag_operator.py for tasks to queue
[2025-05-19T17:06:38.754+0000] {logging_mixin.py:188} INFO - [2025-05-19T17:06:38.753+0000] {dagbag.py:538} INFO - Filling up the DagBag from /home/airflow/.local/lib/python3.8/site-packages/airflow/example_dags/example_subdag_operator.py
[2025-05-19T17:06:38.878+0000] {processor.py:840} INFO - DAG(s) 'example_subdag_operator.section-1', 'example_subdag_operator.section-2', 'example_subdag_operator' retrieved from /home/airflow/.local/lib/python3.8/site-packages/airflow/example_dags/example_subdag_operator.py
[2025-05-19T17:06:39.248+0000] {logging_mixin.py:188} INFO - [2025-05-19T17:06:39.247+0000] {dag.py:3036} INFO - Sync 3 DAGs
[2025-05-19T17:06:39.334+0000] {logging_mixin.py:188} INFO - [2025-05-19T17:06:39.333+0000] {dag.py:3823} INFO - Setting next_dagrun for example_subdag_operator to 2022-01-01 00:00:00+00:00, run_after=2022-01-01 00:00:00+00:00
[2025-05-19T17:06:39.346+0000] {logging_mixin.py:188} INFO - [2025-05-19T17:06:39.344+0000] {dag.py:3823} INFO - Setting next_dagrun for example_subdag_operator.section-1 to None, run_after=None
[2025-05-19T17:06:39.357+0000] {logging_mixin.py:188} INFO - [2025-05-19T17:06:39.357+0000] {dag.py:3823} INFO - Setting next_dagrun for example_subdag_operator.section-2 to None, run_after=None
[2025-05-19T17:06:39.385+0000] {logging_mixin.py:188} INFO - [2025-05-19T17:06:39.385+0000] {dag.py:3036} INFO - Sync 2 DAGs
[2025-05-19T17:06:39.401+0000] {logging_mixin.py:188} INFO - [2025-05-19T17:06:39.400+0000] {dag.py:3823} INFO - Setting next_dagrun for example_subdag_operator.section-1 to None, run_after=None
[2025-05-19T17:06:39.403+0000] {logging_mixin.py:188} INFO - [2025-05-19T17:06:39.402+0000] {dag.py:3823} INFO - Setting next_dagrun for example_subdag_operator.section-2 to None, run_after=None
[2025-05-19T17:06:39.433+0000] {processor.py:183} INFO - Processing /home/airflow/.local/lib/python3.8/site-packages/airflow/example_dags/example_subdag_operator.py took 0.710 seconds
[2025-05-19T17:07:09.495+0000] {processor.py:161} INFO - Started process (PID=137) to work on /home/airflow/.local/lib/python3.8/site-packages/airflow/example_dags/example_subdag_operator.py
[2025-05-19T17:07:09.497+0000] {processor.py:830} INFO - Processing file /home/airflow/.local/lib/python3.8/site-packages/airflow/example_dags/example_subdag_operator.py for tasks to queue
[2025-05-19T17:07:09.500+0000] {logging_mixin.py:188} INFO - [2025-05-19T17:07:09.499+0000] {dagbag.py:538} INFO - Filling up the DagBag from /home/airflow/.local/lib/python3.8/site-packages/airflow/example_dags/example_subdag_operator.py
[2025-05-19T17:07:09.534+0000] {processor.py:840} INFO - DAG(s) 'example_subdag_operator.section-1', 'example_subdag_operator.section-2', 'example_subdag_operator' retrieved from /home/airflow/.local/lib/python3.8/site-packages/airflow/example_dags/example_subdag_operator.py
[2025-05-19T17:07:09.623+0000] {logging_mixin.py:188} INFO - [2025-05-19T17:07:09.623+0000] {dag.py:3036} INFO - Sync 3 DAGs
[2025-05-19T17:07:11.092+0000] {logging_mixin.py:188} INFO - [2025-05-19T17:07:11.091+0000] {dag.py:3823} INFO - Setting next_dagrun for example_subdag_operator to 2022-01-01 00:00:00+00:00, run_after=2022-01-01 00:00:00+00:00
[2025-05-19T17:07:11.109+0000] {logging_mixin.py:188} INFO - [2025-05-19T17:07:11.108+0000] {dag.py:3823} INFO - Setting next_dagrun for example_subdag_operator.section-1 to None, run_after=None
[2025-05-19T17:07:11.116+0000] {logging_mixin.py:188} INFO - [2025-05-19T17:07:11.115+0000] {dag.py:3823} INFO - Setting next_dagrun for example_subdag_operator.section-2 to None, run_after=None
[2025-05-19T17:07:11.165+0000] {logging_mixin.py:188} INFO - [2025-05-19T17:07:11.164+0000] {dag.py:3036} INFO - Sync 2 DAGs
[2025-05-19T17:07:11.247+0000] {logging_mixin.py:188} INFO - [2025-05-19T17:07:11.247+0000] {dag.py:3823} INFO - Setting next_dagrun for example_subdag_operator.section-1 to None, run_after=None
[2025-05-19T17:07:11.252+0000] {logging_mixin.py:188} INFO - [2025-05-19T17:07:11.251+0000] {dag.py:3823} INFO - Setting next_dagrun for example_subdag_operator.section-2 to None, run_after=None
[2025-05-19T17:07:11.329+0000] {processor.py:183} INFO - Processing /home/airflow/.local/lib/python3.8/site-packages/airflow/example_dags/example_subdag_operator.py took 1.840 seconds
[2025-05-19T17:07:51.007+0000] {processor.py:161} INFO - Started process (PID=192) to work on /home/airflow/.local/lib/python3.8/site-packages/airflow/example_dags/example_subdag_operator.py
[2025-05-19T17:07:51.028+0000] {processor.py:830} INFO - Processing file /home/airflow/.local/lib/python3.8/site-packages/airflow/example_dags/example_subdag_operator.py for tasks to queue
[2025-05-19T17:07:51.035+0000] {logging_mixin.py:188} INFO - [2025-05-19T17:07:51.034+0000] {dagbag.py:538} INFO - Filling up the DagBag from /home/airflow/.local/lib/python3.8/site-packages/airflow/example_dags/example_subdag_operator.py
[2025-05-19T17:07:51.124+0000] {processor.py:840} INFO - DAG(s) 'example_subdag_operator.section-1', 'example_subdag_operator.section-2', 'example_subdag_operator' retrieved from /home/airflow/.local/lib/python3.8/site-packages/airflow/example_dags/example_subdag_operator.py
[2025-05-19T17:07:51.223+0000] {logging_mixin.py:188} INFO - [2025-05-19T17:07:51.222+0000] {dag.py:3036} INFO - Sync 3 DAGs
[2025-05-19T17:07:51.315+0000] {logging_mixin.py:188} INFO - [2025-05-19T17:07:51.314+0000] {dag.py:3823} INFO - Setting next_dagrun for example_subdag_operator to 2022-01-01 00:00:00+00:00, run_after=2022-01-01 00:00:00+00:00
[2025-05-19T17:07:51.328+0000] {logging_mixin.py:188} INFO - [2025-05-19T17:07:51.327+0000] {dag.py:3823} INFO - Setting next_dagrun for example_subdag_operator.section-1 to None, run_after=None
[2025-05-19T17:07:51.333+0000] {logging_mixin.py:188} INFO - [2025-05-19T17:07:51.332+0000] {dag.py:3823} INFO - Setting next_dagrun for example_subdag_operator.section-2 to None, run_after=None
[2025-05-19T17:07:51.383+0000] {logging_mixin.py:188} INFO - [2025-05-19T17:07:51.379+0000] {dag.py:3036} INFO - Sync 2 DAGs
[2025-05-19T17:07:51.400+0000] {logging_mixin.py:188} INFO - [2025-05-19T17:07:51.399+0000] {dag.py:3823} INFO - Setting next_dagrun for example_subdag_operator.section-1 to None, run_after=None
[2025-05-19T17:07:51.405+0000] {logging_mixin.py:188} INFO - [2025-05-19T17:07:51.405+0000] {dag.py:3823} INFO - Setting next_dagrun for example_subdag_operator.section-2 to None, run_after=None
[2025-05-19T17:07:51.450+0000] {processor.py:183} INFO - Processing /home/airflow/.local/lib/python3.8/site-packages/airflow/example_dags/example_subdag_operator.py took 0.459 seconds
[2025-05-19T17:08:22.301+0000] {processor.py:161} INFO - Started process (PID=247) to work on /home/airflow/.local/lib/python3.8/site-packages/airflow/example_dags/example_subdag_operator.py
[2025-05-19T17:08:22.311+0000] {processor.py:830} INFO - Processing file /home/airflow/.local/lib/python3.8/site-packages/airflow/example_dags/example_subdag_operator.py for tasks to queue
[2025-05-19T17:08:22.314+0000] {logging_mixin.py:188} INFO - [2025-05-19T17:08:22.314+0000] {dagbag.py:538} INFO - Filling up the DagBag from /home/airflow/.local/lib/python3.8/site-packages/airflow/example_dags/example_subdag_operator.py
[2025-05-19T17:08:22.338+0000] {processor.py:840} INFO - DAG(s) 'example_subdag_operator.section-1', 'example_subdag_operator.section-2', 'example_subdag_operator' retrieved from /home/airflow/.local/lib/python3.8/site-packages/airflow/example_dags/example_subdag_operator.py
[2025-05-19T17:08:22.359+0000] {logging_mixin.py:188} INFO - [2025-05-19T17:08:22.358+0000] {dag.py:3036} INFO - Sync 3 DAGs
[2025-05-19T17:08:22.388+0000] {logging_mixin.py:188} INFO - [2025-05-19T17:08:22.388+0000] {dag.py:3823} INFO - Setting next_dagrun for example_subdag_operator to 2022-01-01 00:00:00+00:00, run_after=2022-01-01 00:00:00+00:00
[2025-05-19T17:08:22.395+0000] {logging_mixin.py:188} INFO - [2025-05-19T17:08:22.395+0000] {dag.py:3823} INFO - Setting next_dagrun for example_subdag_operator.section-1 to None, run_after=None
[2025-05-19T17:08:22.398+0000] {logging_mixin.py:188} INFO - [2025-05-19T17:08:22.398+0000] {dag.py:3823} INFO - Setting next_dagrun for example_subdag_operator.section-2 to None, run_after=None
[2025-05-19T17:08:22.407+0000] {logging_mixin.py:188} INFO - [2025-05-19T17:08:22.407+0000] {dag.py:3036} INFO - Sync 2 DAGs
[2025-05-19T17:08:22.415+0000] {logging_mixin.py:188} INFO - [2025-05-19T17:08:22.415+0000] {dag.py:3823} INFO - Setting next_dagrun for example_subdag_operator.section-1 to None, run_after=None
[2025-05-19T17:08:22.416+0000] {logging_mixin.py:188} INFO - [2025-05-19T17:08:22.416+0000] {dag.py:3823} INFO - Setting next_dagrun for example_subdag_operator.section-2 to None, run_after=None
[2025-05-19T17:08:22.448+0000] {processor.py:183} INFO - Processing /home/airflow/.local/lib/python3.8/site-packages/airflow/example_dags/example_subdag_operator.py took 0.150 seconds
[2025-05-19T17:08:52.958+0000] {processor.py:161} INFO - Started process (PID=302) to work on /home/airflow/.local/lib/python3.8/site-packages/airflow/example_dags/example_subdag_operator.py
[2025-05-19T17:08:52.958+0000] {processor.py:830} INFO - Processing file /home/airflow/.local/lib/python3.8/site-packages/airflow/example_dags/example_subdag_operator.py for tasks to queue
[2025-05-19T17:08:52.960+0000] {logging_mixin.py:188} INFO - [2025-05-19T17:08:52.960+0000] {dagbag.py:538} INFO - Filling up the DagBag from /home/airflow/.local/lib/python3.8/site-packages/airflow/example_dags/example_subdag_operator.py
[2025-05-19T17:08:52.983+0000] {processor.py:840} INFO - DAG(s) 'example_subdag_operator.section-1', 'example_subdag_operator.section-2', 'example_subdag_operator' retrieved from /home/airflow/.local/lib/python3.8/site-packages/airflow/example_dags/example_subdag_operator.py
[2025-05-19T17:08:52.999+0000] {logging_mixin.py:188} INFO - [2025-05-19T17:08:52.998+0000] {dag.py:3036} INFO - Sync 3 DAGs
[2025-05-19T17:08:53.020+0000] {logging_mixin.py:188} INFO - [2025-05-19T17:08:53.019+0000] {dag.py:3823} INFO - Setting next_dagrun for example_subdag_operator to 2022-01-01 00:00:00+00:00, run_after=2022-01-01 00:00:00+00:00
[2025-05-19T17:08:53.023+0000] {logging_mixin.py:188} INFO - [2025-05-19T17:08:53.023+0000] {dag.py:3823} INFO - Setting next_dagrun for example_subdag_operator.section-1 to None, run_after=None
[2025-05-19T17:08:53.025+0000] {logging_mixin.py:188} INFO - [2025-05-19T17:08:53.025+0000] {dag.py:3823} INFO - Setting next_dagrun for example_subdag_operator.section-2 to None, run_after=None
[2025-05-19T17:08:53.032+0000] {logging_mixin.py:188} INFO - [2025-05-19T17:08:53.032+0000] {dag.py:3036} INFO - Sync 2 DAGs
[2025-05-19T17:08:53.037+0000] {logging_mixin.py:188} INFO - [2025-05-19T17:08:53.037+0000] {dag.py:3823} INFO - Setting next_dagrun for example_subdag_operator.section-1 to None, run_after=None
[2025-05-19T17:08:53.038+0000] {logging_mixin.py:188} INFO - [2025-05-19T17:08:53.038+0000] {dag.py:3823} INFO - Setting next_dagrun for example_subdag_operator.section-2 to None, run_after=None
[2025-05-19T17:08:53.059+0000] {processor.py:183} INFO - Processing /home/airflow/.local/lib/python3.8/site-packages/airflow/example_dags/example_subdag_operator.py took 0.105 seconds
