[2025-05-19T17:06:40.894+0000] {processor.py:161} INFO - Started process (PID=88) to work on /home/airflow/.local/lib/python3.8/site-packages/airflow/example_dags/example_branch_labels.py
[2025-05-19T17:06:40.896+0000] {processor.py:830} INFO - Processing file /home/airflow/.local/lib/python3.8/site-packages/airflow/example_dags/example_branch_labels.py for tasks to queue
[2025-05-19T17:06:40.908+0000] {logging_mixin.py:188} INFO - [2025-05-19T17:06:40.908+0000] {dagbag.py:538} INFO - Filling up the DagBag from /home/airflow/.local/lib/python3.8/site-packages/airflow/example_dags/example_branch_labels.py
[2025-05-19T17:06:40.931+0000] {processor.py:840} INFO - DAG(s) 'example_branch_labels' retrieved from /home/airflow/.local/lib/python3.8/site-packages/airflow/example_dags/example_branch_labels.py
[2025-05-19T17:06:41.315+0000] {logging_mixin.py:188} INFO - [2025-05-19T17:06:41.314+0000] {dag.py:3036} INFO - Sync 1 DAGs
[2025-05-19T17:06:41.418+0000] {logging_mixin.py:188} INFO - [2025-05-19T17:06:41.417+0000] {dag.py:3823} INFO - Setting next_dagrun for example_branch_labels to 2025-05-18 00:00:00+00:00, run_after=2025-05-19 00:00:00+00:00
[2025-05-19T17:06:41.485+0000] {processor.py:183} INFO - Processing /home/airflow/.local/lib/python3.8/site-packages/airflow/example_dags/example_branch_labels.py took 0.596 seconds
[2025-05-19T17:07:13.426+0000] {processor.py:161} INFO - Started process (PID=143) to work on /home/airflow/.local/lib/python3.8/site-packages/airflow/example_dags/example_branch_labels.py
[2025-05-19T17:07:13.430+0000] {processor.py:830} INFO - Processing file /home/airflow/.local/lib/python3.8/site-packages/airflow/example_dags/example_branch_labels.py for tasks to queue
[2025-05-19T17:07:13.451+0000] {logging_mixin.py:188} INFO - [2025-05-19T17:07:13.449+0000] {dagbag.py:538} INFO - Filling up the DagBag from /home/airflow/.local/lib/python3.8/site-packages/airflow/example_dags/example_branch_labels.py
[2025-05-19T17:07:13.489+0000] {processor.py:840} INFO - DAG(s) 'example_branch_labels' retrieved from /home/airflow/.local/lib/python3.8/site-packages/airflow/example_dags/example_branch_labels.py
[2025-05-19T17:07:13.669+0000] {logging_mixin.py:188} INFO - [2025-05-19T17:07:13.668+0000] {dag.py:3036} INFO - Sync 1 DAGs
[2025-05-19T17:07:13.823+0000] {logging_mixin.py:188} INFO - [2025-05-19T17:07:13.822+0000] {dag.py:3823} INFO - Setting next_dagrun for example_branch_labels to 2025-05-18 00:00:00+00:00, run_after=2025-05-19 00:00:00+00:00
[2025-05-19T17:07:13.899+0000] {processor.py:183} INFO - Processing /home/airflow/.local/lib/python3.8/site-packages/airflow/example_dags/example_branch_labels.py took 0.516 seconds
[2025-05-19T17:07:52.252+0000] {processor.py:161} INFO - Started process (PID=198) to work on /home/airflow/.local/lib/python3.8/site-packages/airflow/example_dags/example_branch_labels.py
[2025-05-19T17:07:52.257+0000] {processor.py:830} INFO - Processing file /home/airflow/.local/lib/python3.8/site-packages/airflow/example_dags/example_branch_labels.py for tasks to queue
[2025-05-19T17:07:52.280+0000] {logging_mixin.py:188} INFO - [2025-05-19T17:07:52.279+0000] {dagbag.py:538} INFO - Filling up the DagBag from /home/airflow/.local/lib/python3.8/site-packages/airflow/example_dags/example_branch_labels.py
[2025-05-19T17:07:52.308+0000] {processor.py:840} INFO - DAG(s) 'example_branch_labels' retrieved from /home/airflow/.local/lib/python3.8/site-packages/airflow/example_dags/example_branch_labels.py
[2025-05-19T17:07:52.356+0000] {logging_mixin.py:188} INFO - [2025-05-19T17:07:52.356+0000] {dag.py:3036} INFO - Sync 1 DAGs
[2025-05-19T17:07:52.433+0000] {logging_mixin.py:188} INFO - [2025-05-19T17:07:52.432+0000] {dag.py:3823} INFO - Setting next_dagrun for example_branch_labels to 2025-05-18 00:00:00+00:00, run_after=2025-05-19 00:00:00+00:00
[2025-05-19T17:07:52.465+0000] {processor.py:183} INFO - Processing /home/airflow/.local/lib/python3.8/site-packages/airflow/example_dags/example_branch_labels.py took 0.221 seconds
[2025-05-19T17:08:22.803+0000] {processor.py:161} INFO - Started process (PID=253) to work on /home/airflow/.local/lib/python3.8/site-packages/airflow/example_dags/example_branch_labels.py
[2025-05-19T17:08:22.807+0000] {processor.py:830} INFO - Processing file /home/airflow/.local/lib/python3.8/site-packages/airflow/example_dags/example_branch_labels.py for tasks to queue
[2025-05-19T17:08:22.812+0000] {logging_mixin.py:188} INFO - [2025-05-19T17:08:22.811+0000] {dagbag.py:538} INFO - Filling up the DagBag from /home/airflow/.local/lib/python3.8/site-packages/airflow/example_dags/example_branch_labels.py
[2025-05-19T17:08:22.827+0000] {processor.py:840} INFO - DAG(s) 'example_branch_labels' retrieved from /home/airflow/.local/lib/python3.8/site-packages/airflow/example_dags/example_branch_labels.py
[2025-05-19T17:08:22.875+0000] {logging_mixin.py:188} INFO - [2025-05-19T17:08:22.875+0000] {dag.py:3036} INFO - Sync 1 DAGs
[2025-05-19T17:08:22.905+0000] {logging_mixin.py:188} INFO - [2025-05-19T17:08:22.905+0000] {dag.py:3823} INFO - Setting next_dagrun for example_branch_labels to 2025-05-18 00:00:00+00:00, run_after=2025-05-19 00:00:00+00:00
[2025-05-19T17:08:23.018+0000] {processor.py:183} INFO - Processing /home/airflow/.local/lib/python3.8/site-packages/airflow/example_dags/example_branch_labels.py took 0.221 seconds
[2025-05-19T17:08:53.284+0000] {processor.py:161} INFO - Started process (PID=308) to work on /home/airflow/.local/lib/python3.8/site-packages/airflow/example_dags/example_branch_labels.py
[2025-05-19T17:08:53.285+0000] {processor.py:830} INFO - Processing file /home/airflow/.local/lib/python3.8/site-packages/airflow/example_dags/example_branch_labels.py for tasks to queue
[2025-05-19T17:08:53.287+0000] {logging_mixin.py:188} INFO - [2025-05-19T17:08:53.286+0000] {dagbag.py:538} INFO - Filling up the DagBag from /home/airflow/.local/lib/python3.8/site-packages/airflow/example_dags/example_branch_labels.py
[2025-05-19T17:08:53.293+0000] {processor.py:840} INFO - DAG(s) 'example_branch_labels' retrieved from /home/airflow/.local/lib/python3.8/site-packages/airflow/example_dags/example_branch_labels.py
[2025-05-19T17:08:53.313+0000] {logging_mixin.py:188} INFO - [2025-05-19T17:08:53.313+0000] {dag.py:3036} INFO - Sync 1 DAGs
[2025-05-19T17:08:53.336+0000] {logging_mixin.py:188} INFO - [2025-05-19T17:08:53.336+0000] {dag.py:3823} INFO - Setting next_dagrun for example_branch_labels to 2025-05-18 00:00:00+00:00, run_after=2025-05-19 00:00:00+00:00
[2025-05-19T17:08:53.354+0000] {processor.py:183} INFO - Processing /home/airflow/.local/lib/python3.8/site-packages/airflow/example_dags/example_branch_labels.py took 0.072 seconds
