[2025-05-19T17:06:33.675+0000] {processor.py:161} INFO - Started process (PID=71) to work on /home/airflow/.local/lib/python3.8/site-packages/airflow/example_dags/example_datasets.py
[2025-05-19T17:06:33.678+0000] {processor.py:830} INFO - Processing file /home/airflow/.local/lib/python3.8/site-packages/airflow/example_dags/example_datasets.py for tasks to queue
[2025-05-19T17:06:33.686+0000] {logging_mixin.py:188} INFO - [2025-05-19T17:06:33.686+0000] {dagbag.py:538} INFO - Filling up the DagBag from /home/airflow/.local/lib/python3.8/site-packages/airflow/example_dags/example_datasets.py
[2025-05-19T17:06:33.740+0000] {processor.py:840} INFO - DAG(s) 'dataset_consumes_1_never_scheduled', 'dataset_produces_2', 'dataset_consumes_1_and_2', 'dataset_consumes_1', 'dataset_consumes_unknown_never_scheduled', 'dataset_produces_1' retrieved from /home/airflow/.local/lib/python3.8/site-packages/airflow/example_dags/example_datasets.py
[2025-05-19T17:06:34.479+0000] {logging_mixin.py:188} INFO - [2025-05-19T17:06:34.478+0000] {dag.py:3036} INFO - Sync 6 DAGs
[2025-05-19T17:06:34.578+0000] {logging_mixin.py:188} INFO - [2025-05-19T17:06:34.577+0000] {dag.py:3823} INFO - Setting next_dagrun for dataset_consumes_1 to None, run_after=None
[2025-05-19T17:06:34.592+0000] {logging_mixin.py:188} INFO - [2025-05-19T17:06:34.592+0000] {dag.py:3823} INFO - Setting next_dagrun for dataset_consumes_1_and_2 to None, run_after=None
[2025-05-19T17:06:34.601+0000] {logging_mixin.py:188} INFO - [2025-05-19T17:06:34.601+0000] {dag.py:3823} INFO - Setting next_dagrun for dataset_consumes_1_never_scheduled to None, run_after=None
[2025-05-19T17:06:34.606+0000] {logging_mixin.py:188} INFO - [2025-05-19T17:06:34.605+0000] {dag.py:3823} INFO - Setting next_dagrun for dataset_consumes_unknown_never_scheduled to None, run_after=None
[2025-05-19T17:06:34.617+0000] {logging_mixin.py:188} INFO - [2025-05-19T17:06:34.617+0000] {dag.py:3823} INFO - Setting next_dagrun for dataset_produces_1 to 2025-05-18 00:00:00+00:00, run_after=2025-05-19 00:00:00+00:00
[2025-05-19T17:06:34.624+0000] {logging_mixin.py:188} INFO - [2025-05-19T17:06:34.624+0000] {dag.py:3823} INFO - Setting next_dagrun for dataset_produces_2 to None, run_after=None
[2025-05-19T17:06:34.762+0000] {processor.py:183} INFO - Processing /home/airflow/.local/lib/python3.8/site-packages/airflow/example_dags/example_datasets.py took 1.103 seconds
[2025-05-19T17:07:05.087+0000] {processor.py:161} INFO - Started process (PID=126) to work on /home/airflow/.local/lib/python3.8/site-packages/airflow/example_dags/example_datasets.py
[2025-05-19T17:07:05.099+0000] {processor.py:830} INFO - Processing file /home/airflow/.local/lib/python3.8/site-packages/airflow/example_dags/example_datasets.py for tasks to queue
[2025-05-19T17:07:05.103+0000] {logging_mixin.py:188} INFO - [2025-05-19T17:07:05.103+0000] {dagbag.py:538} INFO - Filling up the DagBag from /home/airflow/.local/lib/python3.8/site-packages/airflow/example_dags/example_datasets.py
[2025-05-19T17:07:05.213+0000] {processor.py:840} INFO - DAG(s) 'dataset_produces_1', 'dataset_consumes_1_never_scheduled', 'dataset_consumes_unknown_never_scheduled', 'dataset_consumes_1_and_2', 'dataset_consumes_1', 'dataset_produces_2' retrieved from /home/airflow/.local/lib/python3.8/site-packages/airflow/example_dags/example_datasets.py
[2025-05-19T17:07:05.430+0000] {logging_mixin.py:188} INFO - [2025-05-19T17:07:05.430+0000] {dag.py:3036} INFO - Sync 6 DAGs
[2025-05-19T17:07:05.503+0000] {logging_mixin.py:188} INFO - [2025-05-19T17:07:05.501+0000] {dag.py:3823} INFO - Setting next_dagrun for dataset_consumes_1 to None, run_after=None
[2025-05-19T17:07:05.519+0000] {logging_mixin.py:188} INFO - [2025-05-19T17:07:05.518+0000] {dag.py:3823} INFO - Setting next_dagrun for dataset_consumes_1_and_2 to None, run_after=None
[2025-05-19T17:07:05.525+0000] {logging_mixin.py:188} INFO - [2025-05-19T17:07:05.525+0000] {dag.py:3823} INFO - Setting next_dagrun for dataset_consumes_1_never_scheduled to None, run_after=None
[2025-05-19T17:07:05.529+0000] {logging_mixin.py:188} INFO - [2025-05-19T17:07:05.528+0000] {dag.py:3823} INFO - Setting next_dagrun for dataset_consumes_unknown_never_scheduled to None, run_after=None
[2025-05-19T17:07:05.540+0000] {logging_mixin.py:188} INFO - [2025-05-19T17:07:05.539+0000] {dag.py:3823} INFO - Setting next_dagrun for dataset_produces_1 to 2025-05-18 00:00:00+00:00, run_after=2025-05-19 00:00:00+00:00
[2025-05-19T17:07:05.543+0000] {logging_mixin.py:188} INFO - [2025-05-19T17:07:05.542+0000] {dag.py:3823} INFO - Setting next_dagrun for dataset_produces_2 to None, run_after=None
[2025-05-19T17:07:05.673+0000] {processor.py:183} INFO - Processing /home/airflow/.local/lib/python3.8/site-packages/airflow/example_dags/example_datasets.py took 0.593 seconds
[2025-05-19T17:07:48.547+0000] {processor.py:161} INFO - Started process (PID=181) to work on /home/airflow/.local/lib/python3.8/site-packages/airflow/example_dags/example_datasets.py
[2025-05-19T17:07:48.553+0000] {processor.py:830} INFO - Processing file /home/airflow/.local/lib/python3.8/site-packages/airflow/example_dags/example_datasets.py for tasks to queue
[2025-05-19T17:07:48.556+0000] {logging_mixin.py:188} INFO - [2025-05-19T17:07:48.556+0000] {dagbag.py:538} INFO - Filling up the DagBag from /home/airflow/.local/lib/python3.8/site-packages/airflow/example_dags/example_datasets.py
[2025-05-19T17:07:48.587+0000] {processor.py:840} INFO - DAG(s) 'dataset_consumes_1_never_scheduled', 'dataset_consumes_1_and_2', 'dataset_produces_1', 'dataset_consumes_unknown_never_scheduled', 'dataset_produces_2', 'dataset_consumes_1' retrieved from /home/airflow/.local/lib/python3.8/site-packages/airflow/example_dags/example_datasets.py
[2025-05-19T17:07:48.723+0000] {logging_mixin.py:188} INFO - [2025-05-19T17:07:48.723+0000] {dag.py:3036} INFO - Sync 6 DAGs
[2025-05-19T17:07:48.829+0000] {logging_mixin.py:188} INFO - [2025-05-19T17:07:48.827+0000] {dag.py:3823} INFO - Setting next_dagrun for dataset_consumes_1 to None, run_after=None
[2025-05-19T17:07:48.836+0000] {logging_mixin.py:188} INFO - [2025-05-19T17:07:48.836+0000] {dag.py:3823} INFO - Setting next_dagrun for dataset_consumes_1_and_2 to None, run_after=None
[2025-05-19T17:07:48.840+0000] {logging_mixin.py:188} INFO - [2025-05-19T17:07:48.840+0000] {dag.py:3823} INFO - Setting next_dagrun for dataset_consumes_1_never_scheduled to None, run_after=None
[2025-05-19T17:07:48.843+0000] {logging_mixin.py:188} INFO - [2025-05-19T17:07:48.842+0000] {dag.py:3823} INFO - Setting next_dagrun for dataset_consumes_unknown_never_scheduled to None, run_after=None
[2025-05-19T17:07:48.857+0000] {logging_mixin.py:188} INFO - [2025-05-19T17:07:48.857+0000] {dag.py:3823} INFO - Setting next_dagrun for dataset_produces_1 to 2025-05-18 00:00:00+00:00, run_after=2025-05-19 00:00:00+00:00
[2025-05-19T17:07:48.860+0000] {logging_mixin.py:188} INFO - [2025-05-19T17:07:48.860+0000] {dag.py:3823} INFO - Setting next_dagrun for dataset_produces_2 to None, run_after=None
[2025-05-19T17:07:48.983+0000] {processor.py:183} INFO - Processing /home/airflow/.local/lib/python3.8/site-packages/airflow/example_dags/example_datasets.py took 0.450 seconds
[2025-05-19T17:08:19.287+0000] {processor.py:161} INFO - Started process (PID=236) to work on /home/airflow/.local/lib/python3.8/site-packages/airflow/example_dags/example_datasets.py
[2025-05-19T17:08:19.288+0000] {processor.py:830} INFO - Processing file /home/airflow/.local/lib/python3.8/site-packages/airflow/example_dags/example_datasets.py for tasks to queue
[2025-05-19T17:08:19.291+0000] {logging_mixin.py:188} INFO - [2025-05-19T17:08:19.290+0000] {dagbag.py:538} INFO - Filling up the DagBag from /home/airflow/.local/lib/python3.8/site-packages/airflow/example_dags/example_datasets.py
[2025-05-19T17:08:19.303+0000] {processor.py:840} INFO - DAG(s) 'dataset_consumes_unknown_never_scheduled', 'dataset_produces_2', 'dataset_consumes_1_never_scheduled', 'dataset_consumes_1', 'dataset_produces_1', 'dataset_consumes_1_and_2' retrieved from /home/airflow/.local/lib/python3.8/site-packages/airflow/example_dags/example_datasets.py
[2025-05-19T17:08:19.345+0000] {logging_mixin.py:188} INFO - [2025-05-19T17:08:19.345+0000] {dag.py:3036} INFO - Sync 6 DAGs
[2025-05-19T17:08:19.372+0000] {logging_mixin.py:188} INFO - [2025-05-19T17:08:19.372+0000] {dag.py:3823} INFO - Setting next_dagrun for dataset_consumes_1 to None, run_after=None
[2025-05-19T17:08:19.377+0000] {logging_mixin.py:188} INFO - [2025-05-19T17:08:19.377+0000] {dag.py:3823} INFO - Setting next_dagrun for dataset_consumes_1_and_2 to None, run_after=None
[2025-05-19T17:08:19.379+0000] {logging_mixin.py:188} INFO - [2025-05-19T17:08:19.379+0000] {dag.py:3823} INFO - Setting next_dagrun for dataset_consumes_1_never_scheduled to None, run_after=None
[2025-05-19T17:08:19.381+0000] {logging_mixin.py:188} INFO - [2025-05-19T17:08:19.381+0000] {dag.py:3823} INFO - Setting next_dagrun for dataset_consumes_unknown_never_scheduled to None, run_after=None
[2025-05-19T17:08:19.385+0000] {logging_mixin.py:188} INFO - [2025-05-19T17:08:19.384+0000] {dag.py:3823} INFO - Setting next_dagrun for dataset_produces_1 to 2025-05-18 00:00:00+00:00, run_after=2025-05-19 00:00:00+00:00
[2025-05-19T17:08:19.386+0000] {logging_mixin.py:188} INFO - [2025-05-19T17:08:19.386+0000] {dag.py:3823} INFO - Setting next_dagrun for dataset_produces_2 to None, run_after=None
[2025-05-19T17:08:19.436+0000] {processor.py:183} INFO - Processing /home/airflow/.local/lib/python3.8/site-packages/airflow/example_dags/example_datasets.py took 0.153 seconds
[2025-05-19T17:08:50.335+0000] {processor.py:161} INFO - Started process (PID=291) to work on /home/airflow/.local/lib/python3.8/site-packages/airflow/example_dags/example_datasets.py
[2025-05-19T17:08:50.337+0000] {processor.py:830} INFO - Processing file /home/airflow/.local/lib/python3.8/site-packages/airflow/example_dags/example_datasets.py for tasks to queue
[2025-05-19T17:08:50.339+0000] {logging_mixin.py:188} INFO - [2025-05-19T17:08:50.338+0000] {dagbag.py:538} INFO - Filling up the DagBag from /home/airflow/.local/lib/python3.8/site-packages/airflow/example_dags/example_datasets.py
[2025-05-19T17:08:50.348+0000] {processor.py:840} INFO - DAG(s) 'dataset_consumes_1', 'dataset_produces_2', 'dataset_consumes_1_and_2', 'dataset_consumes_1_never_scheduled', 'dataset_produces_1', 'dataset_consumes_unknown_never_scheduled' retrieved from /home/airflow/.local/lib/python3.8/site-packages/airflow/example_dags/example_datasets.py
[2025-05-19T17:08:50.385+0000] {logging_mixin.py:188} INFO - [2025-05-19T17:08:50.385+0000] {dag.py:3036} INFO - Sync 6 DAGs
[2025-05-19T17:08:50.407+0000] {logging_mixin.py:188} INFO - [2025-05-19T17:08:50.407+0000] {dag.py:3823} INFO - Setting next_dagrun for dataset_consumes_1 to None, run_after=None
[2025-05-19T17:08:50.411+0000] {logging_mixin.py:188} INFO - [2025-05-19T17:08:50.411+0000] {dag.py:3823} INFO - Setting next_dagrun for dataset_consumes_1_and_2 to None, run_after=None
[2025-05-19T17:08:50.413+0000] {logging_mixin.py:188} INFO - [2025-05-19T17:08:50.413+0000] {dag.py:3823} INFO - Setting next_dagrun for dataset_consumes_1_never_scheduled to None, run_after=None
[2025-05-19T17:08:50.414+0000] {logging_mixin.py:188} INFO - [2025-05-19T17:08:50.414+0000] {dag.py:3823} INFO - Setting next_dagrun for dataset_consumes_unknown_never_scheduled to None, run_after=None
[2025-05-19T17:08:50.417+0000] {logging_mixin.py:188} INFO - [2025-05-19T17:08:50.417+0000] {dag.py:3823} INFO - Setting next_dagrun for dataset_produces_1 to 2025-05-18 00:00:00+00:00, run_after=2025-05-19 00:00:00+00:00
[2025-05-19T17:08:50.418+0000] {logging_mixin.py:188} INFO - [2025-05-19T17:08:50.418+0000] {dag.py:3823} INFO - Setting next_dagrun for dataset_produces_2 to None, run_after=None
[2025-05-19T17:08:50.452+0000] {processor.py:183} INFO - Processing /home/airflow/.local/lib/python3.8/site-packages/airflow/example_dags/example_datasets.py took 0.121 seconds
