[2025-05-19T17:06:22.499+0000] {processor.py:161} INFO - Started process (PID=48) to work on /home/airflow/.local/lib/python3.8/site-packages/airflow/example_dags/example_sla_dag.py
[2025-05-19T17:06:22.505+0000] {processor.py:830} INFO - Processing file /home/airflow/.local/lib/python3.8/site-packages/airflow/example_dags/example_sla_dag.py for tasks to queue
[2025-05-19T17:06:22.508+0000] {logging_mixin.py:188} INFO - [2025-05-19T17:06:22.507+0000] {dagbag.py:538} INFO - Filling up the DagBag from /home/airflow/.local/lib/python3.8/site-packages/airflow/example_dags/example_sla_dag.py
[2025-05-19T17:06:22.818+0000] {processor.py:840} INFO - DAG(s) 'example_sla_dag' retrieved from /home/airflow/.local/lib/python3.8/site-packages/airflow/example_dags/example_sla_dag.py
[2025-05-19T17:06:23.443+0000] {logging_mixin.py:188} INFO - [2025-05-19T17:06:23.443+0000] {dag.py:3036} INFO - Sync 1 DAGs
[2025-05-19T17:06:23.476+0000] {logging_mixin.py:188} INFO - [2025-05-19T17:06:23.476+0000] {dag.py:3823} INFO - Setting next_dagrun for example_sla_dag to 2025-05-19 17:04:00+00:00, run_after=2025-05-19 17:06:00+00:00
[2025-05-19T17:06:23.719+0000] {processor.py:183} INFO - Processing /home/airflow/.local/lib/python3.8/site-packages/airflow/example_dags/example_sla_dag.py took 1.225 seconds
[2025-05-19T17:06:54.074+0000] {processor.py:161} INFO - Started process (PID=103) to work on /home/airflow/.local/lib/python3.8/site-packages/airflow/example_dags/example_sla_dag.py
[2025-05-19T17:06:54.084+0000] {processor.py:830} INFO - Processing file /home/airflow/.local/lib/python3.8/site-packages/airflow/example_dags/example_sla_dag.py for tasks to queue
[2025-05-19T17:06:54.087+0000] {logging_mixin.py:188} INFO - [2025-05-19T17:06:54.087+0000] {dagbag.py:538} INFO - Filling up the DagBag from /home/airflow/.local/lib/python3.8/site-packages/airflow/example_dags/example_sla_dag.py
[2025-05-19T17:06:54.118+0000] {processor.py:840} INFO - DAG(s) 'example_sla_dag' retrieved from /home/airflow/.local/lib/python3.8/site-packages/airflow/example_dags/example_sla_dag.py
[2025-05-19T17:06:54.209+0000] {logging_mixin.py:188} INFO - [2025-05-19T17:06:54.209+0000] {dag.py:3036} INFO - Sync 1 DAGs
[2025-05-19T17:06:54.283+0000] {logging_mixin.py:188} INFO - [2025-05-19T17:06:54.280+0000] {dag.py:3823} INFO - Setting next_dagrun for example_sla_dag to 2025-05-19 17:04:00+00:00, run_after=2025-05-19 17:06:00+00:00
[2025-05-19T17:06:54.365+0000] {processor.py:183} INFO - Processing /home/airflow/.local/lib/python3.8/site-packages/airflow/example_dags/example_sla_dag.py took 0.303 seconds
[2025-05-19T17:07:29.730+0000] {processor.py:161} INFO - Started process (PID=158) to work on /home/airflow/.local/lib/python3.8/site-packages/airflow/example_dags/example_sla_dag.py
[2025-05-19T17:07:29.956+0000] {processor.py:830} INFO - Processing file /home/airflow/.local/lib/python3.8/site-packages/airflow/example_dags/example_sla_dag.py for tasks to queue
[2025-05-19T17:07:29.965+0000] {logging_mixin.py:188} INFO - [2025-05-19T17:07:29.963+0000] {dagbag.py:538} INFO - Filling up the DagBag from /home/airflow/.local/lib/python3.8/site-packages/airflow/example_dags/example_sla_dag.py
[2025-05-19T17:07:30.009+0000] {processor.py:840} INFO - DAG(s) 'example_sla_dag' retrieved from /home/airflow/.local/lib/python3.8/site-packages/airflow/example_dags/example_sla_dag.py
[2025-05-19T17:07:30.038+0000] {logging_mixin.py:188} INFO - [2025-05-19T17:07:30.037+0000] {dag.py:3036} INFO - Sync 1 DAGs
[2025-05-19T17:07:30.064+0000] {logging_mixin.py:188} INFO - [2025-05-19T17:07:30.064+0000] {dag.py:3823} INFO - Setting next_dagrun for example_sla_dag to 2025-05-19 17:04:00+00:00, run_after=2025-05-19 17:06:00+00:00
[2025-05-19T17:07:30.124+0000] {processor.py:183} INFO - Processing /home/airflow/.local/lib/python3.8/site-packages/airflow/example_dags/example_sla_dag.py took 0.400 seconds
[2025-05-19T17:08:00.390+0000] {processor.py:161} INFO - Started process (PID=213) to work on /home/airflow/.local/lib/python3.8/site-packages/airflow/example_dags/example_sla_dag.py
[2025-05-19T17:08:00.392+0000] {processor.py:830} INFO - Processing file /home/airflow/.local/lib/python3.8/site-packages/airflow/example_dags/example_sla_dag.py for tasks to queue
[2025-05-19T17:08:00.410+0000] {logging_mixin.py:188} INFO - [2025-05-19T17:08:00.408+0000] {dagbag.py:538} INFO - Filling up the DagBag from /home/airflow/.local/lib/python3.8/site-packages/airflow/example_dags/example_sla_dag.py
[2025-05-19T17:08:00.493+0000] {processor.py:840} INFO - DAG(s) 'example_sla_dag' retrieved from /home/airflow/.local/lib/python3.8/site-packages/airflow/example_dags/example_sla_dag.py
[2025-05-19T17:08:00.582+0000] {logging_mixin.py:188} INFO - [2025-05-19T17:08:00.582+0000] {dag.py:3036} INFO - Sync 1 DAGs
[2025-05-19T17:08:00.791+0000] {logging_mixin.py:188} INFO - [2025-05-19T17:08:00.791+0000] {dag.py:3823} INFO - Setting next_dagrun for example_sla_dag to 2025-05-19 17:06:00+00:00, run_after=2025-05-19 17:08:00+00:00
[2025-05-19T17:08:00.905+0000] {processor.py:183} INFO - Processing /home/airflow/.local/lib/python3.8/site-packages/airflow/example_dags/example_sla_dag.py took 0.546 seconds
[2025-05-19T17:08:31.338+0000] {processor.py:161} INFO - Started process (PID=266) to work on /home/airflow/.local/lib/python3.8/site-packages/airflow/example_dags/example_sla_dag.py
[2025-05-19T17:08:31.340+0000] {processor.py:830} INFO - Processing file /home/airflow/.local/lib/python3.8/site-packages/airflow/example_dags/example_sla_dag.py for tasks to queue
[2025-05-19T17:08:31.342+0000] {logging_mixin.py:188} INFO - [2025-05-19T17:08:31.342+0000] {dagbag.py:538} INFO - Filling up the DagBag from /home/airflow/.local/lib/python3.8/site-packages/airflow/example_dags/example_sla_dag.py
[2025-05-19T17:08:31.354+0000] {processor.py:840} INFO - DAG(s) 'example_sla_dag' retrieved from /home/airflow/.local/lib/python3.8/site-packages/airflow/example_dags/example_sla_dag.py
[2025-05-19T17:08:31.378+0000] {logging_mixin.py:188} INFO - [2025-05-19T17:08:31.378+0000] {dag.py:3036} INFO - Sync 1 DAGs
[2025-05-19T17:08:31.411+0000] {logging_mixin.py:188} INFO - [2025-05-19T17:08:31.410+0000] {dag.py:3823} INFO - Setting next_dagrun for example_sla_dag to 2025-05-19 17:06:00+00:00, run_after=2025-05-19 17:08:00+00:00
[2025-05-19T17:08:31.436+0000] {processor.py:183} INFO - Processing /home/airflow/.local/lib/python3.8/site-packages/airflow/example_dags/example_sla_dag.py took 0.102 seconds
