[2025-05-19T17:06:31.873+0000] {processor.py:161} INFO - Started process (PID=66) to work on /home/airflow/.local/lib/python3.8/site-packages/airflow/example_dags/example_setup_teardown.py
[2025-05-19T17:06:31.876+0000] {processor.py:830} INFO - Processing file /home/airflow/.local/lib/python3.8/site-packages/airflow/example_dags/example_setup_teardown.py for tasks to queue
[2025-05-19T17:06:31.880+0000] {logging_mixin.py:188} INFO - [2025-05-19T17:06:31.879+0000] {dagbag.py:538} INFO - Filling up the DagBag from /home/airflow/.local/lib/python3.8/site-packages/airflow/example_dags/example_setup_teardown.py
[2025-05-19T17:06:31.914+0000] {processor.py:840} INFO - DAG(s) 'example_setup_teardown' retrieved from /home/airflow/.local/lib/python3.8/site-packages/airflow/example_dags/example_setup_teardown.py
[2025-05-19T17:06:32.207+0000] {logging_mixin.py:188} INFO - [2025-05-19T17:06:32.206+0000] {dag.py:3036} INFO - Sync 1 DAGs
[2025-05-19T17:06:32.257+0000] {logging_mixin.py:188} INFO - [2025-05-19T17:06:32.256+0000] {dag.py:3823} INFO - Setting next_dagrun for example_setup_teardown to 2025-05-18 00:00:00+00:00, run_after=2025-05-19 00:00:00+00:00
[2025-05-19T17:06:32.304+0000] {processor.py:183} INFO - Processing /home/airflow/.local/lib/python3.8/site-packages/airflow/example_dags/example_setup_teardown.py took 0.441 seconds
[2025-05-19T17:07:03.111+0000] {processor.py:161} INFO - Started process (PID=121) to work on /home/airflow/.local/lib/python3.8/site-packages/airflow/example_dags/example_setup_teardown.py
[2025-05-19T17:07:03.124+0000] {processor.py:830} INFO - Processing file /home/airflow/.local/lib/python3.8/site-packages/airflow/example_dags/example_setup_teardown.py for tasks to queue
[2025-05-19T17:07:03.135+0000] {logging_mixin.py:188} INFO - [2025-05-19T17:07:03.130+0000] {dagbag.py:538} INFO - Filling up the DagBag from /home/airflow/.local/lib/python3.8/site-packages/airflow/example_dags/example_setup_teardown.py
[2025-05-19T17:07:03.167+0000] {processor.py:840} INFO - DAG(s) 'example_setup_teardown' retrieved from /home/airflow/.local/lib/python3.8/site-packages/airflow/example_dags/example_setup_teardown.py
[2025-05-19T17:07:03.241+0000] {logging_mixin.py:188} INFO - [2025-05-19T17:07:03.240+0000] {dag.py:3036} INFO - Sync 1 DAGs
[2025-05-19T17:07:03.343+0000] {logging_mixin.py:188} INFO - [2025-05-19T17:07:03.343+0000] {dag.py:3823} INFO - Setting next_dagrun for example_setup_teardown to 2025-05-18 00:00:00+00:00, run_after=2025-05-19 00:00:00+00:00
[2025-05-19T17:07:03.443+0000] {processor.py:183} INFO - Processing /home/airflow/.local/lib/python3.8/site-packages/airflow/example_dags/example_setup_teardown.py took 0.365 seconds
[2025-05-19T17:07:47.660+0000] {processor.py:161} INFO - Started process (PID=176) to work on /home/airflow/.local/lib/python3.8/site-packages/airflow/example_dags/example_setup_teardown.py
[2025-05-19T17:07:47.665+0000] {processor.py:830} INFO - Processing file /home/airflow/.local/lib/python3.8/site-packages/airflow/example_dags/example_setup_teardown.py for tasks to queue
[2025-05-19T17:07:47.669+0000] {logging_mixin.py:188} INFO - [2025-05-19T17:07:47.668+0000] {dagbag.py:538} INFO - Filling up the DagBag from /home/airflow/.local/lib/python3.8/site-packages/airflow/example_dags/example_setup_teardown.py
[2025-05-19T17:07:47.688+0000] {processor.py:840} INFO - DAG(s) 'example_setup_teardown' retrieved from /home/airflow/.local/lib/python3.8/site-packages/airflow/example_dags/example_setup_teardown.py
[2025-05-19T17:07:47.756+0000] {logging_mixin.py:188} INFO - [2025-05-19T17:07:47.749+0000] {dag.py:3036} INFO - Sync 1 DAGs
[2025-05-19T17:07:47.818+0000] {logging_mixin.py:188} INFO - [2025-05-19T17:07:47.818+0000] {dag.py:3823} INFO - Setting next_dagrun for example_setup_teardown to 2025-05-18 00:00:00+00:00, run_after=2025-05-19 00:00:00+00:00
[2025-05-19T17:07:47.880+0000] {processor.py:183} INFO - Processing /home/airflow/.local/lib/python3.8/site-packages/airflow/example_dags/example_setup_teardown.py took 0.230 seconds
[2025-05-19T17:08:18.814+0000] {processor.py:161} INFO - Started process (PID=231) to work on /home/airflow/.local/lib/python3.8/site-packages/airflow/example_dags/example_setup_teardown.py
[2025-05-19T17:08:18.825+0000] {processor.py:830} INFO - Processing file /home/airflow/.local/lib/python3.8/site-packages/airflow/example_dags/example_setup_teardown.py for tasks to queue
[2025-05-19T17:08:18.827+0000] {logging_mixin.py:188} INFO - [2025-05-19T17:08:18.826+0000] {dagbag.py:538} INFO - Filling up the DagBag from /home/airflow/.local/lib/python3.8/site-packages/airflow/example_dags/example_setup_teardown.py
[2025-05-19T17:08:18.833+0000] {processor.py:840} INFO - DAG(s) 'example_setup_teardown' retrieved from /home/airflow/.local/lib/python3.8/site-packages/airflow/example_dags/example_setup_teardown.py
[2025-05-19T17:08:18.856+0000] {logging_mixin.py:188} INFO - [2025-05-19T17:08:18.856+0000] {dag.py:3036} INFO - Sync 1 DAGs
[2025-05-19T17:08:18.882+0000] {logging_mixin.py:188} INFO - [2025-05-19T17:08:18.882+0000] {dag.py:3823} INFO - Setting next_dagrun for example_setup_teardown to 2025-05-18 00:00:00+00:00, run_after=2025-05-19 00:00:00+00:00
[2025-05-19T17:08:18.916+0000] {processor.py:183} INFO - Processing /home/airflow/.local/lib/python3.8/site-packages/airflow/example_dags/example_setup_teardown.py took 0.107 seconds
[2025-05-19T17:08:49.011+0000] {processor.py:161} INFO - Started process (PID=286) to work on /home/airflow/.local/lib/python3.8/site-packages/airflow/example_dags/example_setup_teardown.py
[2025-05-19T17:08:49.012+0000] {processor.py:830} INFO - Processing file /home/airflow/.local/lib/python3.8/site-packages/airflow/example_dags/example_setup_teardown.py for tasks to queue
[2025-05-19T17:08:49.015+0000] {logging_mixin.py:188} INFO - [2025-05-19T17:08:49.014+0000] {dagbag.py:538} INFO - Filling up the DagBag from /home/airflow/.local/lib/python3.8/site-packages/airflow/example_dags/example_setup_teardown.py
[2025-05-19T17:08:49.022+0000] {processor.py:840} INFO - DAG(s) 'example_setup_teardown' retrieved from /home/airflow/.local/lib/python3.8/site-packages/airflow/example_dags/example_setup_teardown.py
[2025-05-19T17:08:49.041+0000] {logging_mixin.py:188} INFO - [2025-05-19T17:08:49.041+0000] {dag.py:3036} INFO - Sync 1 DAGs
[2025-05-19T17:08:49.060+0000] {logging_mixin.py:188} INFO - [2025-05-19T17:08:49.060+0000] {dag.py:3823} INFO - Setting next_dagrun for example_setup_teardown to 2025-05-18 00:00:00+00:00, run_after=2025-05-19 00:00:00+00:00
[2025-05-19T17:08:49.079+0000] {processor.py:183} INFO - Processing /home/airflow/.local/lib/python3.8/site-packages/airflow/example_dags/example_setup_teardown.py took 0.072 seconds
