[2025-05-19T17:06:20.504+0000] {processor.py:161} INFO - Started process (PID=46) to work on /home/airflow/.local/lib/python3.8/site-packages/airflow/example_dags/tutorial_dag.py
[2025-05-19T17:06:20.563+0000] {processor.py:830} INFO - Processing file /home/airflow/.local/lib/python3.8/site-packages/airflow/example_dags/tutorial_dag.py for tasks to queue
[2025-05-19T17:06:20.601+0000] {logging_mixin.py:188} INFO - [2025-05-19T17:06:20.599+0000] {dagbag.py:538} INFO - Filling up the DagBag from /home/airflow/.local/lib/python3.8/site-packages/airflow/example_dags/tutorial_dag.py
[2025-05-19T17:06:20.764+0000] {processor.py:840} INFO - DAG(s) 'tutorial_dag' retrieved from /home/airflow/.local/lib/python3.8/site-packages/airflow/example_dags/tutorial_dag.py
[2025-05-19T17:06:21.991+0000] {logging_mixin.py:188} INFO - [2025-05-19T17:06:21.991+0000] {dag.py:3036} INFO - Sync 1 DAGs
[2025-05-19T17:06:22.026+0000] {logging_mixin.py:188} INFO - [2025-05-19T17:06:22.025+0000] {dag.py:3823} INFO - Setting next_dagrun for tutorial_dag to None, run_after=None
[2025-05-19T17:06:22.416+0000] {processor.py:183} INFO - Processing /home/airflow/.local/lib/python3.8/site-packages/airflow/example_dags/tutorial_dag.py took 1.956 seconds
[2025-05-19T17:06:52.657+0000] {processor.py:161} INFO - Started process (PID=101) to work on /home/airflow/.local/lib/python3.8/site-packages/airflow/example_dags/tutorial_dag.py
[2025-05-19T17:06:52.676+0000] {processor.py:830} INFO - Processing file /home/airflow/.local/lib/python3.8/site-packages/airflow/example_dags/tutorial_dag.py for tasks to queue
[2025-05-19T17:06:52.679+0000] {logging_mixin.py:188} INFO - [2025-05-19T17:06:52.679+0000] {dagbag.py:538} INFO - Filling up the DagBag from /home/airflow/.local/lib/python3.8/site-packages/airflow/example_dags/tutorial_dag.py
[2025-05-19T17:06:52.696+0000] {processor.py:840} INFO - DAG(s) 'tutorial_dag' retrieved from /home/airflow/.local/lib/python3.8/site-packages/airflow/example_dags/tutorial_dag.py
[2025-05-19T17:06:52.791+0000] {logging_mixin.py:188} INFO - [2025-05-19T17:06:52.791+0000] {dag.py:3036} INFO - Sync 1 DAGs
[2025-05-19T17:06:52.877+0000] {logging_mixin.py:188} INFO - [2025-05-19T17:06:52.877+0000] {dag.py:3823} INFO - Setting next_dagrun for tutorial_dag to None, run_after=None
[2025-05-19T17:06:52.949+0000] {processor.py:183} INFO - Processing /home/airflow/.local/lib/python3.8/site-packages/airflow/example_dags/tutorial_dag.py took 0.310 seconds
[2025-05-19T17:07:23.657+0000] {processor.py:161} INFO - Started process (PID=155) to work on /home/airflow/.local/lib/python3.8/site-packages/airflow/example_dags/tutorial_dag.py
[2025-05-19T17:07:24.049+0000] {processor.py:830} INFO - Processing file /home/airflow/.local/lib/python3.8/site-packages/airflow/example_dags/tutorial_dag.py for tasks to queue
[2025-05-19T17:07:24.059+0000] {logging_mixin.py:188} INFO - [2025-05-19T17:07:24.058+0000] {dagbag.py:538} INFO - Filling up the DagBag from /home/airflow/.local/lib/python3.8/site-packages/airflow/example_dags/tutorial_dag.py
[2025-05-19T17:07:24.265+0000] {processor.py:840} INFO - DAG(s) 'tutorial_dag' retrieved from /home/airflow/.local/lib/python3.8/site-packages/airflow/example_dags/tutorial_dag.py
[2025-05-19T17:07:24.294+0000] {logging_mixin.py:188} INFO - [2025-05-19T17:07:24.294+0000] {dag.py:3036} INFO - Sync 1 DAGs
[2025-05-19T17:07:24.307+0000] {logging_mixin.py:188} INFO - [2025-05-19T17:07:24.307+0000] {dag.py:3823} INFO - Setting next_dagrun for tutorial_dag to None, run_after=None
[2025-05-19T17:07:26.367+0000] {processor.py:183} INFO - Processing /home/airflow/.local/lib/python3.8/site-packages/airflow/example_dags/tutorial_dag.py took 2.714 seconds
[2025-05-19T17:07:56.814+0000] {processor.py:161} INFO - Started process (PID=209) to work on /home/airflow/.local/lib/python3.8/site-packages/airflow/example_dags/tutorial_dag.py
[2025-05-19T17:07:56.822+0000] {processor.py:830} INFO - Processing file /home/airflow/.local/lib/python3.8/site-packages/airflow/example_dags/tutorial_dag.py for tasks to queue
[2025-05-19T17:07:56.826+0000] {logging_mixin.py:188} INFO - [2025-05-19T17:07:56.825+0000] {dagbag.py:538} INFO - Filling up the DagBag from /home/airflow/.local/lib/python3.8/site-packages/airflow/example_dags/tutorial_dag.py
[2025-05-19T17:07:56.844+0000] {processor.py:840} INFO - DAG(s) 'tutorial_dag' retrieved from /home/airflow/.local/lib/python3.8/site-packages/airflow/example_dags/tutorial_dag.py
[2025-05-19T17:07:56.923+0000] {logging_mixin.py:188} INFO - [2025-05-19T17:07:56.922+0000] {dag.py:3036} INFO - Sync 1 DAGs
[2025-05-19T17:07:56.965+0000] {logging_mixin.py:188} INFO - [2025-05-19T17:07:56.964+0000] {dag.py:3823} INFO - Setting next_dagrun for tutorial_dag to None, run_after=None
[2025-05-19T17:07:57.028+0000] {processor.py:183} INFO - Processing /home/airflow/.local/lib/python3.8/site-packages/airflow/example_dags/tutorial_dag.py took 0.224 seconds
[2025-05-19T17:08:27.351+0000] {processor.py:161} INFO - Started process (PID=264) to work on /home/airflow/.local/lib/python3.8/site-packages/airflow/example_dags/tutorial_dag.py
[2025-05-19T17:08:27.358+0000] {processor.py:830} INFO - Processing file /home/airflow/.local/lib/python3.8/site-packages/airflow/example_dags/tutorial_dag.py for tasks to queue
[2025-05-19T17:08:27.369+0000] {logging_mixin.py:188} INFO - [2025-05-19T17:08:27.368+0000] {dagbag.py:538} INFO - Filling up the DagBag from /home/airflow/.local/lib/python3.8/site-packages/airflow/example_dags/tutorial_dag.py
[2025-05-19T17:08:27.392+0000] {processor.py:840} INFO - DAG(s) 'tutorial_dag' retrieved from /home/airflow/.local/lib/python3.8/site-packages/airflow/example_dags/tutorial_dag.py
[2025-05-19T17:08:27.457+0000] {logging_mixin.py:188} INFO - [2025-05-19T17:08:27.456+0000] {dag.py:3036} INFO - Sync 1 DAGs
[2025-05-19T17:08:27.502+0000] {logging_mixin.py:188} INFO - [2025-05-19T17:08:27.501+0000] {dag.py:3823} INFO - Setting next_dagrun for tutorial_dag to None, run_after=None
[2025-05-19T17:08:27.551+0000] {processor.py:183} INFO - Processing /home/airflow/.local/lib/python3.8/site-packages/airflow/example_dags/tutorial_dag.py took 0.210 seconds
