[2025-05-19T17:06:23.748+0000] {processor.py:161} INFO - Started process (PID=50) to work on /home/airflow/.local/lib/python3.8/site-packages/airflow/example_dags/tutorial.py
[2025-05-19T17:06:23.750+0000] {processor.py:830} INFO - Processing file /home/airflow/.local/lib/python3.8/site-packages/airflow/example_dags/tutorial.py for tasks to queue
[2025-05-19T17:06:23.752+0000] {logging_mixin.py:188} INFO - [2025-05-19T17:06:23.752+0000] {dagbag.py:538} INFO - Filling up the DagBag from /home/airflow/.local/lib/python3.8/site-packages/airflow/example_dags/tutorial.py
[2025-05-19T17:06:24.030+0000] {processor.py:840} INFO - DAG(s) 'tutorial' retrieved from /home/airflow/.local/lib/python3.8/site-packages/airflow/example_dags/tutorial.py
[2025-05-19T17:06:25.330+0000] {logging_mixin.py:188} INFO - [2025-05-19T17:06:25.328+0000] {dag.py:3036} INFO - Sync 1 DAGs
[2025-05-19T17:06:25.601+0000] {logging_mixin.py:188} INFO - [2025-05-19T17:06:25.601+0000] {dag.py:3823} INFO - Setting next_dagrun for tutorial to 2025-05-18 00:00:00+00:00, run_after=2025-05-19 00:00:00+00:00
[2025-05-19T17:06:26.015+0000] {processor.py:183} INFO - Processing /home/airflow/.local/lib/python3.8/site-packages/airflow/example_dags/tutorial.py took 2.271 seconds
[2025-05-19T17:06:56.407+0000] {processor.py:161} INFO - Started process (PID=105) to work on /home/airflow/.local/lib/python3.8/site-packages/airflow/example_dags/tutorial.py
[2025-05-19T17:06:56.410+0000] {processor.py:830} INFO - Processing file /home/airflow/.local/lib/python3.8/site-packages/airflow/example_dags/tutorial.py for tasks to queue
[2025-05-19T17:06:56.421+0000] {logging_mixin.py:188} INFO - [2025-05-19T17:06:56.416+0000] {dagbag.py:538} INFO - Filling up the DagBag from /home/airflow/.local/lib/python3.8/site-packages/airflow/example_dags/tutorial.py
[2025-05-19T17:06:56.433+0000] {processor.py:840} INFO - DAG(s) 'tutorial' retrieved from /home/airflow/.local/lib/python3.8/site-packages/airflow/example_dags/tutorial.py
[2025-05-19T17:06:56.484+0000] {logging_mixin.py:188} INFO - [2025-05-19T17:06:56.484+0000] {dag.py:3036} INFO - Sync 1 DAGs
[2025-05-19T17:06:56.551+0000] {logging_mixin.py:188} INFO - [2025-05-19T17:06:56.551+0000] {dag.py:3823} INFO - Setting next_dagrun for tutorial to 2025-05-18 00:00:00+00:00, run_after=2025-05-19 00:00:00+00:00
[2025-05-19T17:06:56.601+0000] {processor.py:183} INFO - Processing /home/airflow/.local/lib/python3.8/site-packages/airflow/example_dags/tutorial.py took 0.200 seconds
[2025-05-19T17:07:30.183+0000] {processor.py:161} INFO - Started process (PID=160) to work on /home/airflow/.local/lib/python3.8/site-packages/airflow/example_dags/tutorial.py
[2025-05-19T17:07:30.569+0000] {processor.py:830} INFO - Processing file /home/airflow/.local/lib/python3.8/site-packages/airflow/example_dags/tutorial.py for tasks to queue
[2025-05-19T17:07:30.577+0000] {logging_mixin.py:188} INFO - [2025-05-19T17:07:30.576+0000] {dagbag.py:538} INFO - Filling up the DagBag from /home/airflow/.local/lib/python3.8/site-packages/airflow/example_dags/tutorial.py
[2025-05-19T17:07:30.586+0000] {processor.py:840} INFO - DAG(s) 'tutorial' retrieved from /home/airflow/.local/lib/python3.8/site-packages/airflow/example_dags/tutorial.py
[2025-05-19T17:07:30.612+0000] {logging_mixin.py:188} INFO - [2025-05-19T17:07:30.611+0000] {dag.py:3036} INFO - Sync 1 DAGs
[2025-05-19T17:07:30.635+0000] {logging_mixin.py:188} INFO - [2025-05-19T17:07:30.634+0000] {dag.py:3823} INFO - Setting next_dagrun for tutorial to 2025-05-18 00:00:00+00:00, run_after=2025-05-19 00:00:00+00:00
[2025-05-19T17:07:31.061+0000] {processor.py:183} INFO - Processing /home/airflow/.local/lib/python3.8/site-packages/airflow/example_dags/tutorial.py took 0.883 seconds
[2025-05-19T17:08:02.507+0000] {processor.py:161} INFO - Started process (PID=215) to work on /home/airflow/.local/lib/python3.8/site-packages/airflow/example_dags/tutorial.py
[2025-05-19T17:08:02.511+0000] {processor.py:830} INFO - Processing file /home/airflow/.local/lib/python3.8/site-packages/airflow/example_dags/tutorial.py for tasks to queue
[2025-05-19T17:08:02.532+0000] {logging_mixin.py:188} INFO - [2025-05-19T17:08:02.530+0000] {dagbag.py:538} INFO - Filling up the DagBag from /home/airflow/.local/lib/python3.8/site-packages/airflow/example_dags/tutorial.py
[2025-05-19T17:08:02.560+0000] {processor.py:840} INFO - DAG(s) 'tutorial' retrieved from /home/airflow/.local/lib/python3.8/site-packages/airflow/example_dags/tutorial.py
[2025-05-19T17:08:02.625+0000] {logging_mixin.py:188} INFO - [2025-05-19T17:08:02.624+0000] {dag.py:3036} INFO - Sync 1 DAGs
[2025-05-19T17:08:02.924+0000] {logging_mixin.py:188} INFO - [2025-05-19T17:08:02.923+0000] {dag.py:3823} INFO - Setting next_dagrun for tutorial to 2025-05-18 00:00:00+00:00, run_after=2025-05-19 00:00:00+00:00
[2025-05-19T17:08:03.019+0000] {processor.py:183} INFO - Processing /home/airflow/.local/lib/python3.8/site-packages/airflow/example_dags/tutorial.py took 0.561 seconds
[2025-05-19T17:08:33.492+0000] {processor.py:161} INFO - Started process (PID=268) to work on /home/airflow/.local/lib/python3.8/site-packages/airflow/example_dags/tutorial.py
[2025-05-19T17:08:33.494+0000] {processor.py:830} INFO - Processing file /home/airflow/.local/lib/python3.8/site-packages/airflow/example_dags/tutorial.py for tasks to queue
[2025-05-19T17:08:33.496+0000] {logging_mixin.py:188} INFO - [2025-05-19T17:08:33.496+0000] {dagbag.py:538} INFO - Filling up the DagBag from /home/airflow/.local/lib/python3.8/site-packages/airflow/example_dags/tutorial.py
[2025-05-19T17:08:33.503+0000] {processor.py:840} INFO - DAG(s) 'tutorial' retrieved from /home/airflow/.local/lib/python3.8/site-packages/airflow/example_dags/tutorial.py
[2025-05-19T17:08:33.535+0000] {logging_mixin.py:188} INFO - [2025-05-19T17:08:33.534+0000] {dag.py:3036} INFO - Sync 1 DAGs
[2025-05-19T17:08:33.597+0000] {logging_mixin.py:188} INFO - [2025-05-19T17:08:33.596+0000] {dag.py:3823} INFO - Setting next_dagrun for tutorial to 2025-05-18 00:00:00+00:00, run_after=2025-05-19 00:00:00+00:00
[2025-05-19T17:08:33.642+0000] {processor.py:183} INFO - Processing /home/airflow/.local/lib/python3.8/site-packages/airflow/example_dags/tutorial.py took 0.154 seconds
