[2025-05-19T23:31:35.910+0000] {taskinstance.py:1956} INFO - Dependencies all met for dep_context=non-requeueable deps ti=<TaskInstance: flight_price_analysis.ingest_data manual__2025-05-19T23:31:33.488587+00:00 [queued]>
[2025-05-19T23:31:35.917+0000] {taskinstance.py:1956} INFO - Dependencies all met for dep_context=requeueable deps ti=<TaskInstance: flight_price_analysis.ingest_data manual__2025-05-19T23:31:33.488587+00:00 [queued]>
[2025-05-19T23:31:35.918+0000] {taskinstance.py:2170} INFO - Starting attempt 1 of 2
[2025-05-19T23:31:35.933+0000] {taskinstance.py:2191} INFO - Executing <Task(PythonOperator): ingest_data> on 2025-05-19 23:31:33.488587+00:00
[2025-05-19T23:31:35.938+0000] {standard_task_runner.py:60} INFO - Started process 821 to run task
[2025-05-19T23:31:35.941+0000] {standard_task_runner.py:87} INFO - Running: ['***', 'tasks', 'run', 'flight_price_analysis', 'ingest_data', 'manual__2025-05-19T23:31:33.488587+00:00', '--job-id', '6', '--raw', '--subdir', 'DAGS_FOLDER/flight_price_pipeline.py', '--cfg-path', '/tmp/tmpqjerbl81']
[2025-05-19T23:31:35.942+0000] {standard_task_runner.py:88} INFO - Job 6: Subtask ingest_data
[2025-05-19T23:31:35.985+0000] {task_command.py:423} INFO - Running <TaskInstance: flight_price_analysis.ingest_data manual__2025-05-19T23:31:33.488587+00:00 [running]> on host 7753327d0419
[2025-05-19T23:31:36.080+0000] {taskinstance.py:2480} INFO - Exporting env vars: AIRFLOW_CTX_DAG_OWNER='***' AIRFLOW_CTX_DAG_ID='flight_price_analysis' AIRFLOW_CTX_TASK_ID='ingest_data' AIRFLOW_CTX_EXECUTION_DATE='2025-05-19T23:31:33.488587+00:00' AIRFLOW_CTX_TRY_NUMBER='1' AIRFLOW_CTX_DAG_RUN_ID='manual__2025-05-19T23:31:33.488587+00:00'
[2025-05-19T23:31:36.095+0000] {data_ingestion.py:16} INFO - CSV validation successful for: /opt/***/dags/data/Flight_Price_Dataset_of_Bangladesh.csv
[2025-05-19T23:31:36.096+0000] {data_ingestion.py:17} INFO - Columns found: Airline, Source, Source Name, Destination, Destination Name, Departure Date & Time, Arrival Date & Time, Duration (hrs), Stopovers, Aircraft Type, Class, Booking Source, Base Fare (BDT), Tax & Surcharge (BDT), Total Fare (BDT), Seasonality, Days Before Departure
[2025-05-19T23:31:36.096+0000] {data_ingestion.py:37} INFO - Reading CSV file: /opt/***/dags/data/Flight_Price_Dataset_of_Bangladesh.csv
[2025-05-19T23:31:36.471+0000] {data_ingestion.py:53} INFO - CSV loaded with 57000 rows and 17 columns
[2025-05-19T23:31:36.471+0000] {data_ingestion.py:54} INFO - Columns after cleaning: Airline, Source, Source_Name, Destination, Destination_Name, Departure_Date_Time, Arrival_Date_Time, Duration_hrs, Stopovers, Aircraft_Type, Class, Booking_Source, Base_Fare_BDT, Tax_Surcharge_BDT, Total_Fare_BDT, Seasonality, Days_Before_Departure
[2025-05-19T23:31:37.584+0000] {data_ingestion.py:67} INFO - Inserting data into MySQL table: flight_data
[2025-05-19T23:31:37.593+0000] {base.py:83} INFO - Using connection ID 'mysql_conn' for task execution.
[2025-05-19T23:31:37.706+0000] {data_ingestion.py:86} INFO - Inserted chunk 1: 1000 rows
[2025-05-19T23:31:37.808+0000] {data_ingestion.py:86} INFO - Inserted chunk 2: 1000 rows
[2025-05-19T23:31:37.924+0000] {data_ingestion.py:86} INFO - Inserted chunk 3: 1000 rows
[2025-05-19T23:31:37.993+0000] {data_ingestion.py:86} INFO - Inserted chunk 4: 1000 rows
[2025-05-19T23:31:38.060+0000] {data_ingestion.py:86} INFO - Inserted chunk 5: 1000 rows
[2025-05-19T23:31:38.145+0000] {data_ingestion.py:86} INFO - Inserted chunk 6: 1000 rows
[2025-05-19T23:31:38.237+0000] {data_ingestion.py:86} INFO - Inserted chunk 7: 1000 rows
[2025-05-19T23:31:38.305+0000] {data_ingestion.py:86} INFO - Inserted chunk 8: 1000 rows
[2025-05-19T23:31:38.370+0000] {data_ingestion.py:86} INFO - Inserted chunk 9: 1000 rows
[2025-05-19T23:31:38.435+0000] {data_ingestion.py:86} INFO - Inserted chunk 10: 1000 rows
[2025-05-19T23:31:38.500+0000] {data_ingestion.py:86} INFO - Inserted chunk 11: 1000 rows
[2025-05-19T23:31:38.568+0000] {data_ingestion.py:86} INFO - Inserted chunk 12: 1000 rows
[2025-05-19T23:31:38.636+0000] {data_ingestion.py:86} INFO - Inserted chunk 13: 1000 rows
[2025-05-19T23:31:38.702+0000] {data_ingestion.py:86} INFO - Inserted chunk 14: 1000 rows
[2025-05-19T23:31:38.799+0000] {data_ingestion.py:86} INFO - Inserted chunk 15: 1000 rows
[2025-05-19T23:31:38.884+0000] {data_ingestion.py:86} INFO - Inserted chunk 16: 1000 rows
[2025-05-19T23:31:39.004+0000] {data_ingestion.py:86} INFO - Inserted chunk 17: 1000 rows
[2025-05-19T23:31:39.084+0000] {data_ingestion.py:86} INFO - Inserted chunk 18: 1000 rows
[2025-05-19T23:31:39.155+0000] {data_ingestion.py:86} INFO - Inserted chunk 19: 1000 rows
[2025-05-19T23:31:39.228+0000] {data_ingestion.py:86} INFO - Inserted chunk 20: 1000 rows
[2025-05-19T23:31:39.295+0000] {data_ingestion.py:86} INFO - Inserted chunk 21: 1000 rows
[2025-05-19T23:31:39.361+0000] {data_ingestion.py:86} INFO - Inserted chunk 22: 1000 rows
[2025-05-19T23:31:39.425+0000] {data_ingestion.py:86} INFO - Inserted chunk 23: 1000 rows
[2025-05-19T23:31:39.487+0000] {data_ingestion.py:86} INFO - Inserted chunk 24: 1000 rows
[2025-05-19T23:31:39.552+0000] {data_ingestion.py:86} INFO - Inserted chunk 25: 1000 rows
[2025-05-19T23:31:39.628+0000] {data_ingestion.py:86} INFO - Inserted chunk 26: 1000 rows
[2025-05-19T23:31:39.706+0000] {data_ingestion.py:86} INFO - Inserted chunk 27: 1000 rows
[2025-05-19T23:31:39.769+0000] {data_ingestion.py:86} INFO - Inserted chunk 28: 1000 rows
[2025-05-19T23:31:39.834+0000] {data_ingestion.py:86} INFO - Inserted chunk 29: 1000 rows
[2025-05-19T23:31:39.896+0000] {data_ingestion.py:86} INFO - Inserted chunk 30: 1000 rows
[2025-05-19T23:31:39.958+0000] {data_ingestion.py:86} INFO - Inserted chunk 31: 1000 rows
[2025-05-19T23:31:40.024+0000] {data_ingestion.py:86} INFO - Inserted chunk 32: 1000 rows
[2025-05-19T23:31:40.089+0000] {data_ingestion.py:86} INFO - Inserted chunk 33: 1000 rows
[2025-05-19T23:31:40.162+0000] {data_ingestion.py:86} INFO - Inserted chunk 34: 1000 rows
[2025-05-19T23:31:40.235+0000] {data_ingestion.py:86} INFO - Inserted chunk 35: 1000 rows
[2025-05-19T23:31:40.297+0000] {data_ingestion.py:86} INFO - Inserted chunk 36: 1000 rows
[2025-05-19T23:31:40.360+0000] {data_ingestion.py:86} INFO - Inserted chunk 37: 1000 rows
[2025-05-19T23:31:40.417+0000] {data_ingestion.py:86} INFO - Inserted chunk 38: 1000 rows
[2025-05-19T23:31:40.481+0000] {data_ingestion.py:86} INFO - Inserted chunk 39: 1000 rows
[2025-05-19T23:31:40.545+0000] {data_ingestion.py:86} INFO - Inserted chunk 40: 1000 rows
[2025-05-19T23:31:40.608+0000] {data_ingestion.py:86} INFO - Inserted chunk 41: 1000 rows
[2025-05-19T23:31:40.672+0000] {data_ingestion.py:86} INFO - Inserted chunk 42: 1000 rows
[2025-05-19T23:31:40.733+0000] {data_ingestion.py:86} INFO - Inserted chunk 43: 1000 rows
[2025-05-19T23:31:40.794+0000] {data_ingestion.py:86} INFO - Inserted chunk 44: 1000 rows
[2025-05-19T23:31:40.858+0000] {data_ingestion.py:86} INFO - Inserted chunk 45: 1000 rows
[2025-05-19T23:31:40.919+0000] {data_ingestion.py:86} INFO - Inserted chunk 46: 1000 rows
[2025-05-19T23:31:40.983+0000] {data_ingestion.py:86} INFO - Inserted chunk 47: 1000 rows
[2025-05-19T23:31:41.047+0000] {data_ingestion.py:86} INFO - Inserted chunk 48: 1000 rows
[2025-05-19T23:31:41.107+0000] {data_ingestion.py:86} INFO - Inserted chunk 49: 1000 rows
[2025-05-19T23:31:41.173+0000] {data_ingestion.py:86} INFO - Inserted chunk 50: 1000 rows
[2025-05-19T23:31:41.241+0000] {data_ingestion.py:86} INFO - Inserted chunk 51: 1000 rows
[2025-05-19T23:31:41.307+0000] {data_ingestion.py:86} INFO - Inserted chunk 52: 1000 rows
[2025-05-19T23:31:41.368+0000] {data_ingestion.py:86} INFO - Inserted chunk 53: 1000 rows
[2025-05-19T23:31:41.444+0000] {data_ingestion.py:86} INFO - Inserted chunk 54: 1000 rows
[2025-05-19T23:31:41.507+0000] {data_ingestion.py:86} INFO - Inserted chunk 55: 1000 rows
[2025-05-19T23:31:41.567+0000] {data_ingestion.py:86} INFO - Inserted chunk 56: 1000 rows
[2025-05-19T23:31:41.633+0000] {data_ingestion.py:86} INFO - Inserted chunk 57: 1000 rows
[2025-05-19T23:31:41.637+0000] {data_ingestion.py:95} INFO - Successfully loaded 57000 rows into flight_data
[2025-05-19T23:31:41.645+0000] {python.py:201} INFO - Done. Returned value was: True
[2025-05-19T23:31:41.664+0000] {taskinstance.py:1138} INFO - Marking task as SUCCESS. dag_id=flight_price_analysis, task_id=ingest_data, execution_date=20250519T233133, start_date=20250519T233135, end_date=20250519T233141
[2025-05-19T23:31:41.686+0000] {local_task_job_runner.py:234} INFO - Task exited with return code 0
[2025-05-19T23:31:41.707+0000] {taskinstance.py:3280} INFO - 1 downstream tasks scheduled from follow-on schedule check
