[2025-05-20T07:45:19.189+0000] {processor.py:161} INFO - Started process (PID=86) to work on /home/airflow/.local/lib/python3.8/site-packages/airflow/example_dags/example_params_ui_tutorial.py
[2025-05-20T07:45:19.191+0000] {processor.py:830} INFO - Processing file /home/airflow/.local/lib/python3.8/site-packages/airflow/example_dags/example_params_ui_tutorial.py for tasks to queue
[2025-05-20T07:45:19.194+0000] {logging_mixin.py:188} INFO - [2025-05-20T07:45:19.194+0000] {dagbag.py:538} INFO - Filling up the DagBag from /home/airflow/.local/lib/python3.8/site-packages/airflow/example_dags/example_params_ui_tutorial.py
[2025-05-20T07:45:19.219+0000] {processor.py:840} INFO - DAG(s) 'example_params_ui_tutorial' retrieved from /home/airflow/.local/lib/python3.8/site-packages/airflow/example_dags/example_params_ui_tutorial.py
[2025-05-20T07:45:19.481+0000] {logging_mixin.py:188} INFO - [2025-05-20T07:45:19.480+0000] {dag.py:3036} INFO - Sync 1 DAGs
[2025-05-20T07:45:19.498+0000] {logging_mixin.py:188} INFO - [2025-05-20T07:45:19.498+0000] {dag.py:3823} INFO - Setting next_dagrun for example_params_ui_tutorial to None, run_after=None
[2025-05-20T07:45:19.534+0000] {processor.py:183} INFO - Processing /home/airflow/.local/lib/python3.8/site-packages/airflow/example_dags/example_params_ui_tutorial.py took 0.350 seconds
[2025-05-20T07:45:49.832+0000] {processor.py:161} INFO - Started process (PID=151) to work on /home/airflow/.local/lib/python3.8/site-packages/airflow/example_dags/example_params_ui_tutorial.py
[2025-05-20T07:45:49.835+0000] {processor.py:830} INFO - Processing file /home/airflow/.local/lib/python3.8/site-packages/airflow/example_dags/example_params_ui_tutorial.py for tasks to queue
[2025-05-20T07:45:49.838+0000] {logging_mixin.py:188} INFO - [2025-05-20T07:45:49.838+0000] {dagbag.py:538} INFO - Filling up the DagBag from /home/airflow/.local/lib/python3.8/site-packages/airflow/example_dags/example_params_ui_tutorial.py
[2025-05-20T07:45:49.865+0000] {processor.py:840} INFO - DAG(s) 'example_params_ui_tutorial' retrieved from /home/airflow/.local/lib/python3.8/site-packages/airflow/example_dags/example_params_ui_tutorial.py
[2025-05-20T07:45:50.045+0000] {logging_mixin.py:188} INFO - [2025-05-20T07:45:50.044+0000] {dag.py:3036} INFO - Sync 1 DAGs
[2025-05-20T07:45:50.082+0000] {logging_mixin.py:188} INFO - [2025-05-20T07:45:50.082+0000] {dag.py:3823} INFO - Setting next_dagrun for example_params_ui_tutorial to None, run_after=None
[2025-05-20T07:45:50.139+0000] {processor.py:183} INFO - Processing /home/airflow/.local/lib/python3.8/site-packages/airflow/example_dags/example_params_ui_tutorial.py took 0.312 seconds
[2025-05-20T07:46:20.376+0000] {processor.py:161} INFO - Started process (PID=216) to work on /home/airflow/.local/lib/python3.8/site-packages/airflow/example_dags/example_params_ui_tutorial.py
[2025-05-20T07:46:20.377+0000] {processor.py:830} INFO - Processing file /home/airflow/.local/lib/python3.8/site-packages/airflow/example_dags/example_params_ui_tutorial.py for tasks to queue
[2025-05-20T07:46:20.380+0000] {logging_mixin.py:188} INFO - [2025-05-20T07:46:20.380+0000] {dagbag.py:538} INFO - Filling up the DagBag from /home/airflow/.local/lib/python3.8/site-packages/airflow/example_dags/example_params_ui_tutorial.py
[2025-05-20T07:46:20.402+0000] {processor.py:840} INFO - DAG(s) 'example_params_ui_tutorial' retrieved from /home/airflow/.local/lib/python3.8/site-packages/airflow/example_dags/example_params_ui_tutorial.py
[2025-05-20T07:46:20.535+0000] {logging_mixin.py:188} INFO - [2025-05-20T07:46:20.535+0000] {dag.py:3036} INFO - Sync 1 DAGs
[2025-05-20T07:46:20.558+0000] {logging_mixin.py:188} INFO - [2025-05-20T07:46:20.558+0000] {dag.py:3823} INFO - Setting next_dagrun for example_params_ui_tutorial to None, run_after=None
[2025-05-20T07:46:20.599+0000] {processor.py:183} INFO - Processing /home/airflow/.local/lib/python3.8/site-packages/airflow/example_dags/example_params_ui_tutorial.py took 0.228 seconds
[2025-05-20T07:46:51.959+0000] {processor.py:161} INFO - Started process (PID=281) to work on /home/airflow/.local/lib/python3.8/site-packages/airflow/example_dags/example_params_ui_tutorial.py
[2025-05-20T07:46:51.978+0000] {processor.py:830} INFO - Processing file /home/airflow/.local/lib/python3.8/site-packages/airflow/example_dags/example_params_ui_tutorial.py for tasks to queue
[2025-05-20T07:46:51.996+0000] {logging_mixin.py:188} INFO - [2025-05-20T07:46:51.995+0000] {dagbag.py:538} INFO - Filling up the DagBag from /home/airflow/.local/lib/python3.8/site-packages/airflow/example_dags/example_params_ui_tutorial.py
[2025-05-20T07:46:52.076+0000] {processor.py:840} INFO - DAG(s) 'example_params_ui_tutorial' retrieved from /home/airflow/.local/lib/python3.8/site-packages/airflow/example_dags/example_params_ui_tutorial.py
[2025-05-20T07:46:52.256+0000] {logging_mixin.py:188} INFO - [2025-05-20T07:46:52.256+0000] {dag.py:3036} INFO - Sync 1 DAGs
[2025-05-20T07:46:52.282+0000] {logging_mixin.py:188} INFO - [2025-05-20T07:46:52.282+0000] {dag.py:3823} INFO - Setting next_dagrun for example_params_ui_tutorial to None, run_after=None
[2025-05-20T07:46:52.326+0000] {processor.py:183} INFO - Processing /home/airflow/.local/lib/python3.8/site-packages/airflow/example_dags/example_params_ui_tutorial.py took 0.375 seconds
[2025-05-20T07:47:24.433+0000] {processor.py:161} INFO - Started process (PID=346) to work on /home/airflow/.local/lib/python3.8/site-packages/airflow/example_dags/example_params_ui_tutorial.py
[2025-05-20T07:47:24.436+0000] {processor.py:830} INFO - Processing file /home/airflow/.local/lib/python3.8/site-packages/airflow/example_dags/example_params_ui_tutorial.py for tasks to queue
[2025-05-20T07:47:24.440+0000] {logging_mixin.py:188} INFO - [2025-05-20T07:47:24.440+0000] {dagbag.py:538} INFO - Filling up the DagBag from /home/airflow/.local/lib/python3.8/site-packages/airflow/example_dags/example_params_ui_tutorial.py
[2025-05-20T07:47:24.489+0000] {processor.py:840} INFO - DAG(s) 'example_params_ui_tutorial' retrieved from /home/airflow/.local/lib/python3.8/site-packages/airflow/example_dags/example_params_ui_tutorial.py
[2025-05-20T07:47:24.717+0000] {logging_mixin.py:188} INFO - [2025-05-20T07:47:24.716+0000] {dag.py:3036} INFO - Sync 1 DAGs
[2025-05-20T07:47:24.764+0000] {logging_mixin.py:188} INFO - [2025-05-20T07:47:24.764+0000] {dag.py:3823} INFO - Setting next_dagrun for example_params_ui_tutorial to None, run_after=None
[2025-05-20T07:47:24.883+0000] {processor.py:183} INFO - Processing /home/airflow/.local/lib/python3.8/site-packages/airflow/example_dags/example_params_ui_tutorial.py took 0.463 seconds
[2025-05-20T07:47:55.458+0000] {processor.py:161} INFO - Started process (PID=411) to work on /home/airflow/.local/lib/python3.8/site-packages/airflow/example_dags/example_params_ui_tutorial.py
[2025-05-20T07:47:55.460+0000] {processor.py:830} INFO - Processing file /home/airflow/.local/lib/python3.8/site-packages/airflow/example_dags/example_params_ui_tutorial.py for tasks to queue
[2025-05-20T07:47:55.463+0000] {logging_mixin.py:188} INFO - [2025-05-20T07:47:55.463+0000] {dagbag.py:538} INFO - Filling up the DagBag from /home/airflow/.local/lib/python3.8/site-packages/airflow/example_dags/example_params_ui_tutorial.py
[2025-05-20T07:47:55.493+0000] {processor.py:840} INFO - DAG(s) 'example_params_ui_tutorial' retrieved from /home/airflow/.local/lib/python3.8/site-packages/airflow/example_dags/example_params_ui_tutorial.py
[2025-05-20T07:47:55.785+0000] {logging_mixin.py:188} INFO - [2025-05-20T07:47:55.785+0000] {dag.py:3036} INFO - Sync 1 DAGs
[2025-05-20T07:47:55.810+0000] {logging_mixin.py:188} INFO - [2025-05-20T07:47:55.810+0000] {dag.py:3823} INFO - Setting next_dagrun for example_params_ui_tutorial to None, run_after=None
[2025-05-20T07:47:55.852+0000] {processor.py:183} INFO - Processing /home/airflow/.local/lib/python3.8/site-packages/airflow/example_dags/example_params_ui_tutorial.py took 0.399 seconds
[2025-05-20T07:48:27.389+0000] {processor.py:161} INFO - Started process (PID=476) to work on /home/airflow/.local/lib/python3.8/site-packages/airflow/example_dags/example_params_ui_tutorial.py
[2025-05-20T07:48:27.393+0000] {processor.py:830} INFO - Processing file /home/airflow/.local/lib/python3.8/site-packages/airflow/example_dags/example_params_ui_tutorial.py for tasks to queue
[2025-05-20T07:48:27.402+0000] {logging_mixin.py:188} INFO - [2025-05-20T07:48:27.401+0000] {dagbag.py:538} INFO - Filling up the DagBag from /home/airflow/.local/lib/python3.8/site-packages/airflow/example_dags/example_params_ui_tutorial.py
[2025-05-20T07:48:27.452+0000] {processor.py:840} INFO - DAG(s) 'example_params_ui_tutorial' retrieved from /home/airflow/.local/lib/python3.8/site-packages/airflow/example_dags/example_params_ui_tutorial.py
[2025-05-20T07:48:27.759+0000] {logging_mixin.py:188} INFO - [2025-05-20T07:48:27.758+0000] {dag.py:3036} INFO - Sync 1 DAGs
[2025-05-20T07:48:27.789+0000] {logging_mixin.py:188} INFO - [2025-05-20T07:48:27.789+0000] {dag.py:3823} INFO - Setting next_dagrun for example_params_ui_tutorial to None, run_after=None
[2025-05-20T07:48:27.837+0000] {processor.py:183} INFO - Processing /home/airflow/.local/lib/python3.8/site-packages/airflow/example_dags/example_params_ui_tutorial.py took 0.464 seconds
[2025-05-20T07:48:58.096+0000] {processor.py:161} INFO - Started process (PID=541) to work on /home/airflow/.local/lib/python3.8/site-packages/airflow/example_dags/example_params_ui_tutorial.py
[2025-05-20T07:48:58.098+0000] {processor.py:830} INFO - Processing file /home/airflow/.local/lib/python3.8/site-packages/airflow/example_dags/example_params_ui_tutorial.py for tasks to queue
[2025-05-20T07:48:58.102+0000] {logging_mixin.py:188} INFO - [2025-05-20T07:48:58.101+0000] {dagbag.py:538} INFO - Filling up the DagBag from /home/airflow/.local/lib/python3.8/site-packages/airflow/example_dags/example_params_ui_tutorial.py
[2025-05-20T07:48:58.127+0000] {processor.py:840} INFO - DAG(s) 'example_params_ui_tutorial' retrieved from /home/airflow/.local/lib/python3.8/site-packages/airflow/example_dags/example_params_ui_tutorial.py
[2025-05-20T07:48:58.282+0000] {logging_mixin.py:188} INFO - [2025-05-20T07:48:58.282+0000] {dag.py:3036} INFO - Sync 1 DAGs
[2025-05-20T07:48:58.311+0000] {logging_mixin.py:188} INFO - [2025-05-20T07:48:58.310+0000] {dag.py:3823} INFO - Setting next_dagrun for example_params_ui_tutorial to None, run_after=None
[2025-05-20T07:48:58.357+0000] {processor.py:183} INFO - Processing /home/airflow/.local/lib/python3.8/site-packages/airflow/example_dags/example_params_ui_tutorial.py took 0.268 seconds
[2025-05-20T07:49:28.600+0000] {processor.py:161} INFO - Started process (PID=606) to work on /home/airflow/.local/lib/python3.8/site-packages/airflow/example_dags/example_params_ui_tutorial.py
[2025-05-20T07:49:28.602+0000] {processor.py:830} INFO - Processing file /home/airflow/.local/lib/python3.8/site-packages/airflow/example_dags/example_params_ui_tutorial.py for tasks to queue
[2025-05-20T07:49:28.607+0000] {logging_mixin.py:188} INFO - [2025-05-20T07:49:28.606+0000] {dagbag.py:538} INFO - Filling up the DagBag from /home/airflow/.local/lib/python3.8/site-packages/airflow/example_dags/example_params_ui_tutorial.py
[2025-05-20T07:49:28.633+0000] {processor.py:840} INFO - DAG(s) 'example_params_ui_tutorial' retrieved from /home/airflow/.local/lib/python3.8/site-packages/airflow/example_dags/example_params_ui_tutorial.py
[2025-05-20T07:49:28.801+0000] {logging_mixin.py:188} INFO - [2025-05-20T07:49:28.801+0000] {dag.py:3036} INFO - Sync 1 DAGs
[2025-05-20T07:49:28.831+0000] {logging_mixin.py:188} INFO - [2025-05-20T07:49:28.830+0000] {dag.py:3823} INFO - Setting next_dagrun for example_params_ui_tutorial to None, run_after=None
[2025-05-20T07:49:28.869+0000] {processor.py:183} INFO - Processing /home/airflow/.local/lib/python3.8/site-packages/airflow/example_dags/example_params_ui_tutorial.py took 0.276 seconds
[2025-05-20T07:50:00.101+0000] {processor.py:161} INFO - Started process (PID=671) to work on /home/airflow/.local/lib/python3.8/site-packages/airflow/example_dags/example_params_ui_tutorial.py
[2025-05-20T07:50:00.104+0000] {processor.py:830} INFO - Processing file /home/airflow/.local/lib/python3.8/site-packages/airflow/example_dags/example_params_ui_tutorial.py for tasks to queue
[2025-05-20T07:50:00.108+0000] {logging_mixin.py:188} INFO - [2025-05-20T07:50:00.108+0000] {dagbag.py:538} INFO - Filling up the DagBag from /home/airflow/.local/lib/python3.8/site-packages/airflow/example_dags/example_params_ui_tutorial.py
[2025-05-20T07:50:00.139+0000] {processor.py:840} INFO - DAG(s) 'example_params_ui_tutorial' retrieved from /home/airflow/.local/lib/python3.8/site-packages/airflow/example_dags/example_params_ui_tutorial.py
[2025-05-20T07:50:00.320+0000] {logging_mixin.py:188} INFO - [2025-05-20T07:50:00.319+0000] {dag.py:3036} INFO - Sync 1 DAGs
[2025-05-20T07:50:00.352+0000] {logging_mixin.py:188} INFO - [2025-05-20T07:50:00.352+0000] {dag.py:3823} INFO - Setting next_dagrun for example_params_ui_tutorial to None, run_after=None
[2025-05-20T07:50:00.406+0000] {processor.py:183} INFO - Processing /home/airflow/.local/lib/python3.8/site-packages/airflow/example_dags/example_params_ui_tutorial.py took 0.312 seconds
[2025-05-20T07:50:31.072+0000] {processor.py:161} INFO - Started process (PID=736) to work on /home/airflow/.local/lib/python3.8/site-packages/airflow/example_dags/example_params_ui_tutorial.py
[2025-05-20T07:50:31.074+0000] {processor.py:830} INFO - Processing file /home/airflow/.local/lib/python3.8/site-packages/airflow/example_dags/example_params_ui_tutorial.py for tasks to queue
[2025-05-20T07:50:31.079+0000] {logging_mixin.py:188} INFO - [2025-05-20T07:50:31.078+0000] {dagbag.py:538} INFO - Filling up the DagBag from /home/airflow/.local/lib/python3.8/site-packages/airflow/example_dags/example_params_ui_tutorial.py
[2025-05-20T07:50:31.116+0000] {processor.py:840} INFO - DAG(s) 'example_params_ui_tutorial' retrieved from /home/airflow/.local/lib/python3.8/site-packages/airflow/example_dags/example_params_ui_tutorial.py
[2025-05-20T07:50:31.262+0000] {logging_mixin.py:188} INFO - [2025-05-20T07:50:31.262+0000] {dag.py:3036} INFO - Sync 1 DAGs
[2025-05-20T07:50:31.281+0000] {logging_mixin.py:188} INFO - [2025-05-20T07:50:31.281+0000] {dag.py:3823} INFO - Setting next_dagrun for example_params_ui_tutorial to None, run_after=None
[2025-05-20T07:50:31.317+0000] {processor.py:183} INFO - Processing /home/airflow/.local/lib/python3.8/site-packages/airflow/example_dags/example_params_ui_tutorial.py took 0.254 seconds
[2025-05-20T07:51:03.389+0000] {processor.py:161} INFO - Started process (PID=807) to work on /home/airflow/.local/lib/python3.8/site-packages/airflow/example_dags/example_params_ui_tutorial.py
[2025-05-20T07:51:03.391+0000] {processor.py:830} INFO - Processing file /home/airflow/.local/lib/python3.8/site-packages/airflow/example_dags/example_params_ui_tutorial.py for tasks to queue
[2025-05-20T07:51:03.395+0000] {logging_mixin.py:188} INFO - [2025-05-20T07:51:03.395+0000] {dagbag.py:538} INFO - Filling up the DagBag from /home/airflow/.local/lib/python3.8/site-packages/airflow/example_dags/example_params_ui_tutorial.py
[2025-05-20T07:51:03.419+0000] {processor.py:840} INFO - DAG(s) 'example_params_ui_tutorial' retrieved from /home/airflow/.local/lib/python3.8/site-packages/airflow/example_dags/example_params_ui_tutorial.py
[2025-05-20T07:51:03.575+0000] {logging_mixin.py:188} INFO - [2025-05-20T07:51:03.574+0000] {dag.py:3036} INFO - Sync 1 DAGs
[2025-05-20T07:51:03.609+0000] {logging_mixin.py:188} INFO - [2025-05-20T07:51:03.609+0000] {dag.py:3823} INFO - Setting next_dagrun for example_params_ui_tutorial to None, run_after=None
[2025-05-20T07:51:03.652+0000] {processor.py:183} INFO - Processing /home/airflow/.local/lib/python3.8/site-packages/airflow/example_dags/example_params_ui_tutorial.py took 0.270 seconds
[2025-05-20T07:51:35.714+0000] {processor.py:161} INFO - Started process (PID=872) to work on /home/airflow/.local/lib/python3.8/site-packages/airflow/example_dags/example_params_ui_tutorial.py
[2025-05-20T07:51:35.716+0000] {processor.py:830} INFO - Processing file /home/airflow/.local/lib/python3.8/site-packages/airflow/example_dags/example_params_ui_tutorial.py for tasks to queue
[2025-05-20T07:51:35.721+0000] {logging_mixin.py:188} INFO - [2025-05-20T07:51:35.720+0000] {dagbag.py:538} INFO - Filling up the DagBag from /home/airflow/.local/lib/python3.8/site-packages/airflow/example_dags/example_params_ui_tutorial.py
[2025-05-20T07:51:35.748+0000] {processor.py:840} INFO - DAG(s) 'example_params_ui_tutorial' retrieved from /home/airflow/.local/lib/python3.8/site-packages/airflow/example_dags/example_params_ui_tutorial.py
[2025-05-20T07:51:35.908+0000] {logging_mixin.py:188} INFO - [2025-05-20T07:51:35.907+0000] {dag.py:3036} INFO - Sync 1 DAGs
[2025-05-20T07:51:35.928+0000] {logging_mixin.py:188} INFO - [2025-05-20T07:51:35.928+0000] {dag.py:3823} INFO - Setting next_dagrun for example_params_ui_tutorial to None, run_after=None
[2025-05-20T07:51:35.963+0000] {processor.py:183} INFO - Processing /home/airflow/.local/lib/python3.8/site-packages/airflow/example_dags/example_params_ui_tutorial.py took 0.256 seconds
[2025-05-20T07:52:06.564+0000] {processor.py:161} INFO - Started process (PID=937) to work on /home/airflow/.local/lib/python3.8/site-packages/airflow/example_dags/example_params_ui_tutorial.py
[2025-05-20T07:52:06.566+0000] {processor.py:830} INFO - Processing file /home/airflow/.local/lib/python3.8/site-packages/airflow/example_dags/example_params_ui_tutorial.py for tasks to queue
[2025-05-20T07:52:06.570+0000] {logging_mixin.py:188} INFO - [2025-05-20T07:52:06.569+0000] {dagbag.py:538} INFO - Filling up the DagBag from /home/airflow/.local/lib/python3.8/site-packages/airflow/example_dags/example_params_ui_tutorial.py
[2025-05-20T07:52:06.592+0000] {processor.py:840} INFO - DAG(s) 'example_params_ui_tutorial' retrieved from /home/airflow/.local/lib/python3.8/site-packages/airflow/example_dags/example_params_ui_tutorial.py
[2025-05-20T07:52:06.739+0000] {logging_mixin.py:188} INFO - [2025-05-20T07:52:06.738+0000] {dag.py:3036} INFO - Sync 1 DAGs
[2025-05-20T07:52:06.765+0000] {logging_mixin.py:188} INFO - [2025-05-20T07:52:06.764+0000] {dag.py:3823} INFO - Setting next_dagrun for example_params_ui_tutorial to None, run_after=None
[2025-05-20T07:52:06.810+0000] {processor.py:183} INFO - Processing /home/airflow/.local/lib/python3.8/site-packages/airflow/example_dags/example_params_ui_tutorial.py took 0.253 seconds
[2025-05-20T07:52:37.947+0000] {processor.py:161} INFO - Started process (PID=1002) to work on /home/airflow/.local/lib/python3.8/site-packages/airflow/example_dags/example_params_ui_tutorial.py
[2025-05-20T07:52:37.951+0000] {processor.py:830} INFO - Processing file /home/airflow/.local/lib/python3.8/site-packages/airflow/example_dags/example_params_ui_tutorial.py for tasks to queue
[2025-05-20T07:52:37.955+0000] {logging_mixin.py:188} INFO - [2025-05-20T07:52:37.955+0000] {dagbag.py:538} INFO - Filling up the DagBag from /home/airflow/.local/lib/python3.8/site-packages/airflow/example_dags/example_params_ui_tutorial.py
[2025-05-20T07:52:37.982+0000] {processor.py:840} INFO - DAG(s) 'example_params_ui_tutorial' retrieved from /home/airflow/.local/lib/python3.8/site-packages/airflow/example_dags/example_params_ui_tutorial.py
[2025-05-20T07:52:38.116+0000] {logging_mixin.py:188} INFO - [2025-05-20T07:52:38.116+0000] {dag.py:3036} INFO - Sync 1 DAGs
[2025-05-20T07:52:38.140+0000] {logging_mixin.py:188} INFO - [2025-05-20T07:52:38.140+0000] {dag.py:3823} INFO - Setting next_dagrun for example_params_ui_tutorial to None, run_after=None
[2025-05-20T07:52:38.178+0000] {processor.py:183} INFO - Processing /home/airflow/.local/lib/python3.8/site-packages/airflow/example_dags/example_params_ui_tutorial.py took 0.241 seconds
[2025-05-20T07:53:08.604+0000] {processor.py:161} INFO - Started process (PID=1067) to work on /home/airflow/.local/lib/python3.8/site-packages/airflow/example_dags/example_params_ui_tutorial.py
[2025-05-20T07:53:08.608+0000] {processor.py:830} INFO - Processing file /home/airflow/.local/lib/python3.8/site-packages/airflow/example_dags/example_params_ui_tutorial.py for tasks to queue
[2025-05-20T07:53:08.616+0000] {logging_mixin.py:188} INFO - [2025-05-20T07:53:08.615+0000] {dagbag.py:538} INFO - Filling up the DagBag from /home/airflow/.local/lib/python3.8/site-packages/airflow/example_dags/example_params_ui_tutorial.py
[2025-05-20T07:53:08.663+0000] {processor.py:840} INFO - DAG(s) 'example_params_ui_tutorial' retrieved from /home/airflow/.local/lib/python3.8/site-packages/airflow/example_dags/example_params_ui_tutorial.py
[2025-05-20T07:53:08.956+0000] {logging_mixin.py:188} INFO - [2025-05-20T07:53:08.955+0000] {dag.py:3036} INFO - Sync 1 DAGs
[2025-05-20T07:53:09.006+0000] {logging_mixin.py:188} INFO - [2025-05-20T07:53:09.005+0000] {dag.py:3823} INFO - Setting next_dagrun for example_params_ui_tutorial to None, run_after=None
[2025-05-20T07:53:09.096+0000] {processor.py:183} INFO - Processing /home/airflow/.local/lib/python3.8/site-packages/airflow/example_dags/example_params_ui_tutorial.py took 0.505 seconds
[2025-05-20T07:53:42.024+0000] {processor.py:161} INFO - Started process (PID=1132) to work on /home/airflow/.local/lib/python3.8/site-packages/airflow/example_dags/example_params_ui_tutorial.py
[2025-05-20T07:53:42.027+0000] {processor.py:830} INFO - Processing file /home/airflow/.local/lib/python3.8/site-packages/airflow/example_dags/example_params_ui_tutorial.py for tasks to queue
[2025-05-20T07:53:42.031+0000] {logging_mixin.py:188} INFO - [2025-05-20T07:53:42.030+0000] {dagbag.py:538} INFO - Filling up the DagBag from /home/airflow/.local/lib/python3.8/site-packages/airflow/example_dags/example_params_ui_tutorial.py
[2025-05-20T07:53:42.056+0000] {processor.py:840} INFO - DAG(s) 'example_params_ui_tutorial' retrieved from /home/airflow/.local/lib/python3.8/site-packages/airflow/example_dags/example_params_ui_tutorial.py
[2025-05-20T07:53:42.270+0000] {logging_mixin.py:188} INFO - [2025-05-20T07:53:42.270+0000] {dag.py:3036} INFO - Sync 1 DAGs
[2025-05-20T07:53:42.295+0000] {logging_mixin.py:188} INFO - [2025-05-20T07:53:42.294+0000] {dag.py:3823} INFO - Setting next_dagrun for example_params_ui_tutorial to None, run_after=None
[2025-05-20T07:53:42.331+0000] {processor.py:183} INFO - Processing /home/airflow/.local/lib/python3.8/site-packages/airflow/example_dags/example_params_ui_tutorial.py took 0.314 seconds
[2025-05-20T07:54:14.926+0000] {processor.py:161} INFO - Started process (PID=1197) to work on /home/airflow/.local/lib/python3.8/site-packages/airflow/example_dags/example_params_ui_tutorial.py
[2025-05-20T07:54:14.928+0000] {processor.py:830} INFO - Processing file /home/airflow/.local/lib/python3.8/site-packages/airflow/example_dags/example_params_ui_tutorial.py for tasks to queue
[2025-05-20T07:54:14.932+0000] {logging_mixin.py:188} INFO - [2025-05-20T07:54:14.932+0000] {dagbag.py:538} INFO - Filling up the DagBag from /home/airflow/.local/lib/python3.8/site-packages/airflow/example_dags/example_params_ui_tutorial.py
[2025-05-20T07:54:14.971+0000] {processor.py:840} INFO - DAG(s) 'example_params_ui_tutorial' retrieved from /home/airflow/.local/lib/python3.8/site-packages/airflow/example_dags/example_params_ui_tutorial.py
[2025-05-20T07:54:15.197+0000] {logging_mixin.py:188} INFO - [2025-05-20T07:54:15.196+0000] {dag.py:3036} INFO - Sync 1 DAGs
[2025-05-20T07:54:15.230+0000] {logging_mixin.py:188} INFO - [2025-05-20T07:54:15.229+0000] {dag.py:3823} INFO - Setting next_dagrun for example_params_ui_tutorial to None, run_after=None
[2025-05-20T07:54:15.287+0000] {processor.py:183} INFO - Processing /home/airflow/.local/lib/python3.8/site-packages/airflow/example_dags/example_params_ui_tutorial.py took 0.369 seconds
[2025-05-20T07:54:45.698+0000] {processor.py:161} INFO - Started process (PID=1262) to work on /home/airflow/.local/lib/python3.8/site-packages/airflow/example_dags/example_params_ui_tutorial.py
[2025-05-20T07:54:45.700+0000] {processor.py:830} INFO - Processing file /home/airflow/.local/lib/python3.8/site-packages/airflow/example_dags/example_params_ui_tutorial.py for tasks to queue
[2025-05-20T07:54:45.704+0000] {logging_mixin.py:188} INFO - [2025-05-20T07:54:45.703+0000] {dagbag.py:538} INFO - Filling up the DagBag from /home/airflow/.local/lib/python3.8/site-packages/airflow/example_dags/example_params_ui_tutorial.py
[2025-05-20T07:54:45.731+0000] {processor.py:840} INFO - DAG(s) 'example_params_ui_tutorial' retrieved from /home/airflow/.local/lib/python3.8/site-packages/airflow/example_dags/example_params_ui_tutorial.py
[2025-05-20T07:54:45.900+0000] {logging_mixin.py:188} INFO - [2025-05-20T07:54:45.900+0000] {dag.py:3036} INFO - Sync 1 DAGs
[2025-05-20T07:54:45.936+0000] {logging_mixin.py:188} INFO - [2025-05-20T07:54:45.935+0000] {dag.py:3823} INFO - Setting next_dagrun for example_params_ui_tutorial to None, run_after=None
[2025-05-20T07:54:45.981+0000] {processor.py:183} INFO - Processing /home/airflow/.local/lib/python3.8/site-packages/airflow/example_dags/example_params_ui_tutorial.py took 0.288 seconds
[2025-05-20T07:55:16.152+0000] {processor.py:161} INFO - Started process (PID=1327) to work on /home/airflow/.local/lib/python3.8/site-packages/airflow/example_dags/example_params_ui_tutorial.py
[2025-05-20T07:55:16.153+0000] {processor.py:830} INFO - Processing file /home/airflow/.local/lib/python3.8/site-packages/airflow/example_dags/example_params_ui_tutorial.py for tasks to queue
[2025-05-20T07:55:16.157+0000] {logging_mixin.py:188} INFO - [2025-05-20T07:55:16.156+0000] {dagbag.py:538} INFO - Filling up the DagBag from /home/airflow/.local/lib/python3.8/site-packages/airflow/example_dags/example_params_ui_tutorial.py
[2025-05-20T07:55:16.176+0000] {processor.py:840} INFO - DAG(s) 'example_params_ui_tutorial' retrieved from /home/airflow/.local/lib/python3.8/site-packages/airflow/example_dags/example_params_ui_tutorial.py
[2025-05-20T07:55:16.301+0000] {logging_mixin.py:188} INFO - [2025-05-20T07:55:16.301+0000] {dag.py:3036} INFO - Sync 1 DAGs
[2025-05-20T07:55:16.322+0000] {logging_mixin.py:188} INFO - [2025-05-20T07:55:16.322+0000] {dag.py:3823} INFO - Setting next_dagrun for example_params_ui_tutorial to None, run_after=None
[2025-05-20T07:55:16.359+0000] {processor.py:183} INFO - Processing /home/airflow/.local/lib/python3.8/site-packages/airflow/example_dags/example_params_ui_tutorial.py took 0.213 seconds
[2025-05-20T07:55:46.816+0000] {processor.py:161} INFO - Started process (PID=1392) to work on /home/airflow/.local/lib/python3.8/site-packages/airflow/example_dags/example_params_ui_tutorial.py
[2025-05-20T07:55:46.821+0000] {processor.py:830} INFO - Processing file /home/airflow/.local/lib/python3.8/site-packages/airflow/example_dags/example_params_ui_tutorial.py for tasks to queue
[2025-05-20T07:55:46.831+0000] {logging_mixin.py:188} INFO - [2025-05-20T07:55:46.829+0000] {dagbag.py:538} INFO - Filling up the DagBag from /home/airflow/.local/lib/python3.8/site-packages/airflow/example_dags/example_params_ui_tutorial.py
[2025-05-20T07:55:46.895+0000] {processor.py:840} INFO - DAG(s) 'example_params_ui_tutorial' retrieved from /home/airflow/.local/lib/python3.8/site-packages/airflow/example_dags/example_params_ui_tutorial.py
[2025-05-20T07:55:47.119+0000] {logging_mixin.py:188} INFO - [2025-05-20T07:55:47.118+0000] {dag.py:3036} INFO - Sync 1 DAGs
[2025-05-20T07:55:47.148+0000] {logging_mixin.py:188} INFO - [2025-05-20T07:55:47.148+0000] {dag.py:3823} INFO - Setting next_dagrun for example_params_ui_tutorial to None, run_after=None
[2025-05-20T07:55:47.246+0000] {processor.py:183} INFO - Processing /home/airflow/.local/lib/python3.8/site-packages/airflow/example_dags/example_params_ui_tutorial.py took 0.445 seconds
[2025-05-20T07:56:18.742+0000] {processor.py:161} INFO - Started process (PID=1457) to work on /home/airflow/.local/lib/python3.8/site-packages/airflow/example_dags/example_params_ui_tutorial.py
[2025-05-20T07:56:18.743+0000] {processor.py:830} INFO - Processing file /home/airflow/.local/lib/python3.8/site-packages/airflow/example_dags/example_params_ui_tutorial.py for tasks to queue
[2025-05-20T07:56:18.747+0000] {logging_mixin.py:188} INFO - [2025-05-20T07:56:18.746+0000] {dagbag.py:538} INFO - Filling up the DagBag from /home/airflow/.local/lib/python3.8/site-packages/airflow/example_dags/example_params_ui_tutorial.py
[2025-05-20T07:56:18.770+0000] {processor.py:840} INFO - DAG(s) 'example_params_ui_tutorial' retrieved from /home/airflow/.local/lib/python3.8/site-packages/airflow/example_dags/example_params_ui_tutorial.py
[2025-05-20T07:56:18.911+0000] {logging_mixin.py:188} INFO - [2025-05-20T07:56:18.911+0000] {dag.py:3036} INFO - Sync 1 DAGs
[2025-05-20T07:56:18.932+0000] {logging_mixin.py:188} INFO - [2025-05-20T07:56:18.932+0000] {dag.py:3823} INFO - Setting next_dagrun for example_params_ui_tutorial to None, run_after=None
[2025-05-20T07:56:18.964+0000] {processor.py:183} INFO - Processing /home/airflow/.local/lib/python3.8/site-packages/airflow/example_dags/example_params_ui_tutorial.py took 0.227 seconds
[2025-05-20T07:56:50.999+0000] {processor.py:161} INFO - Started process (PID=1522) to work on /home/airflow/.local/lib/python3.8/site-packages/airflow/example_dags/example_params_ui_tutorial.py
[2025-05-20T07:56:51.001+0000] {processor.py:830} INFO - Processing file /home/airflow/.local/lib/python3.8/site-packages/airflow/example_dags/example_params_ui_tutorial.py for tasks to queue
[2025-05-20T07:56:51.007+0000] {logging_mixin.py:188} INFO - [2025-05-20T07:56:51.006+0000] {dagbag.py:538} INFO - Filling up the DagBag from /home/airflow/.local/lib/python3.8/site-packages/airflow/example_dags/example_params_ui_tutorial.py
[2025-05-20T07:56:51.043+0000] {processor.py:840} INFO - DAG(s) 'example_params_ui_tutorial' retrieved from /home/airflow/.local/lib/python3.8/site-packages/airflow/example_dags/example_params_ui_tutorial.py
[2025-05-20T07:56:51.249+0000] {logging_mixin.py:188} INFO - [2025-05-20T07:56:51.248+0000] {dag.py:3036} INFO - Sync 1 DAGs
[2025-05-20T07:56:51.277+0000] {logging_mixin.py:188} INFO - [2025-05-20T07:56:51.276+0000] {dag.py:3823} INFO - Setting next_dagrun for example_params_ui_tutorial to None, run_after=None
[2025-05-20T07:56:51.316+0000] {processor.py:183} INFO - Processing /home/airflow/.local/lib/python3.8/site-packages/airflow/example_dags/example_params_ui_tutorial.py took 0.326 seconds
[2025-05-20T07:57:22.185+0000] {processor.py:161} INFO - Started process (PID=1587) to work on /home/airflow/.local/lib/python3.8/site-packages/airflow/example_dags/example_params_ui_tutorial.py
[2025-05-20T07:57:22.187+0000] {processor.py:830} INFO - Processing file /home/airflow/.local/lib/python3.8/site-packages/airflow/example_dags/example_params_ui_tutorial.py for tasks to queue
[2025-05-20T07:57:22.193+0000] {logging_mixin.py:188} INFO - [2025-05-20T07:57:22.192+0000] {dagbag.py:538} INFO - Filling up the DagBag from /home/airflow/.local/lib/python3.8/site-packages/airflow/example_dags/example_params_ui_tutorial.py
[2025-05-20T07:57:22.225+0000] {processor.py:840} INFO - DAG(s) 'example_params_ui_tutorial' retrieved from /home/airflow/.local/lib/python3.8/site-packages/airflow/example_dags/example_params_ui_tutorial.py
[2025-05-20T07:57:22.636+0000] {logging_mixin.py:188} INFO - [2025-05-20T07:57:22.635+0000] {dag.py:3036} INFO - Sync 1 DAGs
[2025-05-20T07:57:22.674+0000] {logging_mixin.py:188} INFO - [2025-05-20T07:57:22.673+0000] {dag.py:3823} INFO - Setting next_dagrun for example_params_ui_tutorial to None, run_after=None
[2025-05-20T07:57:22.716+0000] {processor.py:183} INFO - Processing /home/airflow/.local/lib/python3.8/site-packages/airflow/example_dags/example_params_ui_tutorial.py took 0.538 seconds
[2025-05-20T07:57:53.384+0000] {processor.py:161} INFO - Started process (PID=1652) to work on /home/airflow/.local/lib/python3.8/site-packages/airflow/example_dags/example_params_ui_tutorial.py
[2025-05-20T07:57:53.386+0000] {processor.py:830} INFO - Processing file /home/airflow/.local/lib/python3.8/site-packages/airflow/example_dags/example_params_ui_tutorial.py for tasks to queue
[2025-05-20T07:57:53.390+0000] {logging_mixin.py:188} INFO - [2025-05-20T07:57:53.389+0000] {dagbag.py:538} INFO - Filling up the DagBag from /home/airflow/.local/lib/python3.8/site-packages/airflow/example_dags/example_params_ui_tutorial.py
[2025-05-20T07:57:53.411+0000] {processor.py:840} INFO - DAG(s) 'example_params_ui_tutorial' retrieved from /home/airflow/.local/lib/python3.8/site-packages/airflow/example_dags/example_params_ui_tutorial.py
[2025-05-20T07:57:53.544+0000] {logging_mixin.py:188} INFO - [2025-05-20T07:57:53.543+0000] {dag.py:3036} INFO - Sync 1 DAGs
[2025-05-20T07:57:53.568+0000] {logging_mixin.py:188} INFO - [2025-05-20T07:57:53.567+0000] {dag.py:3823} INFO - Setting next_dagrun for example_params_ui_tutorial to None, run_after=None
[2025-05-20T07:57:53.615+0000] {processor.py:183} INFO - Processing /home/airflow/.local/lib/python3.8/site-packages/airflow/example_dags/example_params_ui_tutorial.py took 0.236 seconds
[2025-05-20T07:58:25.569+0000] {processor.py:161} INFO - Started process (PID=1717) to work on /home/airflow/.local/lib/python3.8/site-packages/airflow/example_dags/example_params_ui_tutorial.py
[2025-05-20T07:58:25.571+0000] {processor.py:830} INFO - Processing file /home/airflow/.local/lib/python3.8/site-packages/airflow/example_dags/example_params_ui_tutorial.py for tasks to queue
[2025-05-20T07:58:25.574+0000] {logging_mixin.py:188} INFO - [2025-05-20T07:58:25.574+0000] {dagbag.py:538} INFO - Filling up the DagBag from /home/airflow/.local/lib/python3.8/site-packages/airflow/example_dags/example_params_ui_tutorial.py
[2025-05-20T07:58:25.595+0000] {processor.py:840} INFO - DAG(s) 'example_params_ui_tutorial' retrieved from /home/airflow/.local/lib/python3.8/site-packages/airflow/example_dags/example_params_ui_tutorial.py
[2025-05-20T07:58:25.735+0000] {logging_mixin.py:188} INFO - [2025-05-20T07:58:25.734+0000] {dag.py:3036} INFO - Sync 1 DAGs
[2025-05-20T07:58:25.760+0000] {logging_mixin.py:188} INFO - [2025-05-20T07:58:25.760+0000] {dag.py:3823} INFO - Setting next_dagrun for example_params_ui_tutorial to None, run_after=None
[2025-05-20T07:58:25.800+0000] {processor.py:183} INFO - Processing /home/airflow/.local/lib/python3.8/site-packages/airflow/example_dags/example_params_ui_tutorial.py took 0.237 seconds
[2025-05-20T07:58:57.357+0000] {processor.py:161} INFO - Started process (PID=1782) to work on /home/airflow/.local/lib/python3.8/site-packages/airflow/example_dags/example_params_ui_tutorial.py
[2025-05-20T07:58:57.363+0000] {processor.py:830} INFO - Processing file /home/airflow/.local/lib/python3.8/site-packages/airflow/example_dags/example_params_ui_tutorial.py for tasks to queue
[2025-05-20T07:58:57.367+0000] {logging_mixin.py:188} INFO - [2025-05-20T07:58:57.367+0000] {dagbag.py:538} INFO - Filling up the DagBag from /home/airflow/.local/lib/python3.8/site-packages/airflow/example_dags/example_params_ui_tutorial.py
[2025-05-20T07:58:57.395+0000] {processor.py:840} INFO - DAG(s) 'example_params_ui_tutorial' retrieved from /home/airflow/.local/lib/python3.8/site-packages/airflow/example_dags/example_params_ui_tutorial.py
[2025-05-20T07:58:57.608+0000] {logging_mixin.py:188} INFO - [2025-05-20T07:58:57.608+0000] {dag.py:3036} INFO - Sync 1 DAGs
[2025-05-20T07:58:57.631+0000] {logging_mixin.py:188} INFO - [2025-05-20T07:58:57.630+0000] {dag.py:3823} INFO - Setting next_dagrun for example_params_ui_tutorial to None, run_after=None
[2025-05-20T07:58:57.669+0000] {processor.py:183} INFO - Processing /home/airflow/.local/lib/python3.8/site-packages/airflow/example_dags/example_params_ui_tutorial.py took 0.318 seconds
[2025-05-20T07:59:28.696+0000] {processor.py:161} INFO - Started process (PID=1847) to work on /home/airflow/.local/lib/python3.8/site-packages/airflow/example_dags/example_params_ui_tutorial.py
[2025-05-20T07:59:28.698+0000] {processor.py:830} INFO - Processing file /home/airflow/.local/lib/python3.8/site-packages/airflow/example_dags/example_params_ui_tutorial.py for tasks to queue
[2025-05-20T07:59:28.702+0000] {logging_mixin.py:188} INFO - [2025-05-20T07:59:28.701+0000] {dagbag.py:538} INFO - Filling up the DagBag from /home/airflow/.local/lib/python3.8/site-packages/airflow/example_dags/example_params_ui_tutorial.py
[2025-05-20T07:59:28.724+0000] {processor.py:840} INFO - DAG(s) 'example_params_ui_tutorial' retrieved from /home/airflow/.local/lib/python3.8/site-packages/airflow/example_dags/example_params_ui_tutorial.py
[2025-05-20T07:59:28.845+0000] {logging_mixin.py:188} INFO - [2025-05-20T07:59:28.844+0000] {dag.py:3036} INFO - Sync 1 DAGs
[2025-05-20T07:59:28.871+0000] {logging_mixin.py:188} INFO - [2025-05-20T07:59:28.871+0000] {dag.py:3823} INFO - Setting next_dagrun for example_params_ui_tutorial to None, run_after=None
[2025-05-20T07:59:28.948+0000] {processor.py:183} INFO - Processing /home/airflow/.local/lib/python3.8/site-packages/airflow/example_dags/example_params_ui_tutorial.py took 0.259 seconds
[2025-05-20T08:00:00.327+0000] {processor.py:161} INFO - Started process (PID=1912) to work on /home/airflow/.local/lib/python3.8/site-packages/airflow/example_dags/example_params_ui_tutorial.py
[2025-05-20T08:00:00.329+0000] {processor.py:830} INFO - Processing file /home/airflow/.local/lib/python3.8/site-packages/airflow/example_dags/example_params_ui_tutorial.py for tasks to queue
[2025-05-20T08:00:00.334+0000] {logging_mixin.py:188} INFO - [2025-05-20T08:00:00.333+0000] {dagbag.py:538} INFO - Filling up the DagBag from /home/airflow/.local/lib/python3.8/site-packages/airflow/example_dags/example_params_ui_tutorial.py
[2025-05-20T08:00:00.357+0000] {processor.py:840} INFO - DAG(s) 'example_params_ui_tutorial' retrieved from /home/airflow/.local/lib/python3.8/site-packages/airflow/example_dags/example_params_ui_tutorial.py
[2025-05-20T08:00:00.537+0000] {logging_mixin.py:188} INFO - [2025-05-20T08:00:00.537+0000] {dag.py:3036} INFO - Sync 1 DAGs
[2025-05-20T08:00:00.566+0000] {logging_mixin.py:188} INFO - [2025-05-20T08:00:00.566+0000] {dag.py:3823} INFO - Setting next_dagrun for example_params_ui_tutorial to None, run_after=None
[2025-05-20T08:00:00.608+0000] {processor.py:183} INFO - Processing /home/airflow/.local/lib/python3.8/site-packages/airflow/example_dags/example_params_ui_tutorial.py took 0.288 seconds
[2025-05-20T08:00:33.040+0000] {processor.py:161} INFO - Started process (PID=1977) to work on /home/airflow/.local/lib/python3.8/site-packages/airflow/example_dags/example_params_ui_tutorial.py
[2025-05-20T08:00:33.043+0000] {processor.py:830} INFO - Processing file /home/airflow/.local/lib/python3.8/site-packages/airflow/example_dags/example_params_ui_tutorial.py for tasks to queue
[2025-05-20T08:00:33.051+0000] {logging_mixin.py:188} INFO - [2025-05-20T08:00:33.050+0000] {dagbag.py:538} INFO - Filling up the DagBag from /home/airflow/.local/lib/python3.8/site-packages/airflow/example_dags/example_params_ui_tutorial.py
[2025-05-20T08:00:33.079+0000] {processor.py:840} INFO - DAG(s) 'example_params_ui_tutorial' retrieved from /home/airflow/.local/lib/python3.8/site-packages/airflow/example_dags/example_params_ui_tutorial.py
[2025-05-20T08:00:33.232+0000] {logging_mixin.py:188} INFO - [2025-05-20T08:00:33.232+0000] {dag.py:3036} INFO - Sync 1 DAGs
[2025-05-20T08:00:33.257+0000] {logging_mixin.py:188} INFO - [2025-05-20T08:00:33.257+0000] {dag.py:3823} INFO - Setting next_dagrun for example_params_ui_tutorial to None, run_after=None
[2025-05-20T08:00:33.298+0000] {processor.py:183} INFO - Processing /home/airflow/.local/lib/python3.8/site-packages/airflow/example_dags/example_params_ui_tutorial.py took 0.268 seconds
[2025-05-20T08:01:05.070+0000] {processor.py:161} INFO - Started process (PID=2048) to work on /home/airflow/.local/lib/python3.8/site-packages/airflow/example_dags/example_params_ui_tutorial.py
[2025-05-20T08:01:05.072+0000] {processor.py:830} INFO - Processing file /home/airflow/.local/lib/python3.8/site-packages/airflow/example_dags/example_params_ui_tutorial.py for tasks to queue
[2025-05-20T08:01:05.077+0000] {logging_mixin.py:188} INFO - [2025-05-20T08:01:05.076+0000] {dagbag.py:538} INFO - Filling up the DagBag from /home/airflow/.local/lib/python3.8/site-packages/airflow/example_dags/example_params_ui_tutorial.py
[2025-05-20T08:01:05.157+0000] {processor.py:840} INFO - DAG(s) 'example_params_ui_tutorial' retrieved from /home/airflow/.local/lib/python3.8/site-packages/airflow/example_dags/example_params_ui_tutorial.py
[2025-05-20T08:01:05.329+0000] {logging_mixin.py:188} INFO - [2025-05-20T08:01:05.329+0000] {dag.py:3036} INFO - Sync 1 DAGs
[2025-05-20T08:01:05.354+0000] {logging_mixin.py:188} INFO - [2025-05-20T08:01:05.354+0000] {dag.py:3823} INFO - Setting next_dagrun for example_params_ui_tutorial to None, run_after=None
[2025-05-20T08:01:05.421+0000] {processor.py:183} INFO - Processing /home/airflow/.local/lib/python3.8/site-packages/airflow/example_dags/example_params_ui_tutorial.py took 0.357 seconds
[2025-05-20T08:01:35.528+0000] {processor.py:161} INFO - Started process (PID=2113) to work on /home/airflow/.local/lib/python3.8/site-packages/airflow/example_dags/example_params_ui_tutorial.py
[2025-05-20T08:01:35.531+0000] {processor.py:830} INFO - Processing file /home/airflow/.local/lib/python3.8/site-packages/airflow/example_dags/example_params_ui_tutorial.py for tasks to queue
[2025-05-20T08:01:35.536+0000] {logging_mixin.py:188} INFO - [2025-05-20T08:01:35.535+0000] {dagbag.py:538} INFO - Filling up the DagBag from /home/airflow/.local/lib/python3.8/site-packages/airflow/example_dags/example_params_ui_tutorial.py
[2025-05-20T08:01:35.570+0000] {processor.py:840} INFO - DAG(s) 'example_params_ui_tutorial' retrieved from /home/airflow/.local/lib/python3.8/site-packages/airflow/example_dags/example_params_ui_tutorial.py
[2025-05-20T08:01:35.730+0000] {logging_mixin.py:188} INFO - [2025-05-20T08:01:35.730+0000] {dag.py:3036} INFO - Sync 1 DAGs
[2025-05-20T08:01:35.754+0000] {logging_mixin.py:188} INFO - [2025-05-20T08:01:35.754+0000] {dag.py:3823} INFO - Setting next_dagrun for example_params_ui_tutorial to None, run_after=None
[2025-05-20T08:01:35.794+0000] {processor.py:183} INFO - Processing /home/airflow/.local/lib/python3.8/site-packages/airflow/example_dags/example_params_ui_tutorial.py took 0.272 seconds
[2025-05-20T08:02:06.050+0000] {processor.py:161} INFO - Started process (PID=2178) to work on /home/airflow/.local/lib/python3.8/site-packages/airflow/example_dags/example_params_ui_tutorial.py
[2025-05-20T08:02:06.052+0000] {processor.py:830} INFO - Processing file /home/airflow/.local/lib/python3.8/site-packages/airflow/example_dags/example_params_ui_tutorial.py for tasks to queue
[2025-05-20T08:02:06.056+0000] {logging_mixin.py:188} INFO - [2025-05-20T08:02:06.055+0000] {dagbag.py:538} INFO - Filling up the DagBag from /home/airflow/.local/lib/python3.8/site-packages/airflow/example_dags/example_params_ui_tutorial.py
[2025-05-20T08:02:06.080+0000] {processor.py:840} INFO - DAG(s) 'example_params_ui_tutorial' retrieved from /home/airflow/.local/lib/python3.8/site-packages/airflow/example_dags/example_params_ui_tutorial.py
[2025-05-20T08:02:06.228+0000] {logging_mixin.py:188} INFO - [2025-05-20T08:02:06.228+0000] {dag.py:3036} INFO - Sync 1 DAGs
[2025-05-20T08:02:06.257+0000] {logging_mixin.py:188} INFO - [2025-05-20T08:02:06.256+0000] {dag.py:3823} INFO - Setting next_dagrun for example_params_ui_tutorial to None, run_after=None
[2025-05-20T08:02:06.294+0000] {processor.py:183} INFO - Processing /home/airflow/.local/lib/python3.8/site-packages/airflow/example_dags/example_params_ui_tutorial.py took 0.250 seconds
[2025-05-20T08:02:36.968+0000] {processor.py:161} INFO - Started process (PID=2244) to work on /home/airflow/.local/lib/python3.8/site-packages/airflow/example_dags/example_params_ui_tutorial.py
[2025-05-20T08:02:36.970+0000] {processor.py:830} INFO - Processing file /home/airflow/.local/lib/python3.8/site-packages/airflow/example_dags/example_params_ui_tutorial.py for tasks to queue
[2025-05-20T08:02:36.975+0000] {logging_mixin.py:188} INFO - [2025-05-20T08:02:36.974+0000] {dagbag.py:538} INFO - Filling up the DagBag from /home/airflow/.local/lib/python3.8/site-packages/airflow/example_dags/example_params_ui_tutorial.py
[2025-05-20T08:02:37.009+0000] {processor.py:840} INFO - DAG(s) 'example_params_ui_tutorial' retrieved from /home/airflow/.local/lib/python3.8/site-packages/airflow/example_dags/example_params_ui_tutorial.py
[2025-05-20T08:02:37.214+0000] {logging_mixin.py:188} INFO - [2025-05-20T08:02:37.213+0000] {dag.py:3036} INFO - Sync 1 DAGs
[2025-05-20T08:02:37.247+0000] {logging_mixin.py:188} INFO - [2025-05-20T08:02:37.245+0000] {dag.py:3823} INFO - Setting next_dagrun for example_params_ui_tutorial to None, run_after=None
[2025-05-20T08:02:37.300+0000] {processor.py:183} INFO - Processing /home/airflow/.local/lib/python3.8/site-packages/airflow/example_dags/example_params_ui_tutorial.py took 0.340 seconds
[2025-05-20T08:03:07.521+0000] {processor.py:161} INFO - Started process (PID=2309) to work on /home/airflow/.local/lib/python3.8/site-packages/airflow/example_dags/example_params_ui_tutorial.py
[2025-05-20T08:03:07.523+0000] {processor.py:830} INFO - Processing file /home/airflow/.local/lib/python3.8/site-packages/airflow/example_dags/example_params_ui_tutorial.py for tasks to queue
[2025-05-20T08:03:07.526+0000] {logging_mixin.py:188} INFO - [2025-05-20T08:03:07.525+0000] {dagbag.py:538} INFO - Filling up the DagBag from /home/airflow/.local/lib/python3.8/site-packages/airflow/example_dags/example_params_ui_tutorial.py
[2025-05-20T08:03:07.547+0000] {processor.py:840} INFO - DAG(s) 'example_params_ui_tutorial' retrieved from /home/airflow/.local/lib/python3.8/site-packages/airflow/example_dags/example_params_ui_tutorial.py
[2025-05-20T08:03:07.706+0000] {logging_mixin.py:188} INFO - [2025-05-20T08:03:07.705+0000] {dag.py:3036} INFO - Sync 1 DAGs
[2025-05-20T08:03:07.744+0000] {logging_mixin.py:188} INFO - [2025-05-20T08:03:07.743+0000] {dag.py:3823} INFO - Setting next_dagrun for example_params_ui_tutorial to None, run_after=None
[2025-05-20T08:03:07.792+0000] {processor.py:183} INFO - Processing /home/airflow/.local/lib/python3.8/site-packages/airflow/example_dags/example_params_ui_tutorial.py took 0.275 seconds
[2025-05-20T08:03:38.538+0000] {processor.py:161} INFO - Started process (PID=2374) to work on /home/airflow/.local/lib/python3.8/site-packages/airflow/example_dags/example_params_ui_tutorial.py
[2025-05-20T08:03:38.540+0000] {processor.py:830} INFO - Processing file /home/airflow/.local/lib/python3.8/site-packages/airflow/example_dags/example_params_ui_tutorial.py for tasks to queue
[2025-05-20T08:03:38.543+0000] {logging_mixin.py:188} INFO - [2025-05-20T08:03:38.543+0000] {dagbag.py:538} INFO - Filling up the DagBag from /home/airflow/.local/lib/python3.8/site-packages/airflow/example_dags/example_params_ui_tutorial.py
[2025-05-20T08:03:38.566+0000] {processor.py:840} INFO - DAG(s) 'example_params_ui_tutorial' retrieved from /home/airflow/.local/lib/python3.8/site-packages/airflow/example_dags/example_params_ui_tutorial.py
[2025-05-20T08:03:38.723+0000] {logging_mixin.py:188} INFO - [2025-05-20T08:03:38.723+0000] {dag.py:3036} INFO - Sync 1 DAGs
[2025-05-20T08:03:38.749+0000] {logging_mixin.py:188} INFO - [2025-05-20T08:03:38.748+0000] {dag.py:3823} INFO - Setting next_dagrun for example_params_ui_tutorial to None, run_after=None
[2025-05-20T08:03:38.785+0000] {processor.py:183} INFO - Processing /home/airflow/.local/lib/python3.8/site-packages/airflow/example_dags/example_params_ui_tutorial.py took 0.252 seconds
[2025-05-20T08:04:10.347+0000] {processor.py:161} INFO - Started process (PID=2442) to work on /home/airflow/.local/lib/python3.8/site-packages/airflow/example_dags/example_params_ui_tutorial.py
[2025-05-20T08:04:10.349+0000] {processor.py:830} INFO - Processing file /home/airflow/.local/lib/python3.8/site-packages/airflow/example_dags/example_params_ui_tutorial.py for tasks to queue
[2025-05-20T08:04:10.354+0000] {logging_mixin.py:188} INFO - [2025-05-20T08:04:10.353+0000] {dagbag.py:538} INFO - Filling up the DagBag from /home/airflow/.local/lib/python3.8/site-packages/airflow/example_dags/example_params_ui_tutorial.py
[2025-05-20T08:04:10.380+0000] {processor.py:840} INFO - DAG(s) 'example_params_ui_tutorial' retrieved from /home/airflow/.local/lib/python3.8/site-packages/airflow/example_dags/example_params_ui_tutorial.py
[2025-05-20T08:04:10.541+0000] {logging_mixin.py:188} INFO - [2025-05-20T08:04:10.540+0000] {dag.py:3036} INFO - Sync 1 DAGs
[2025-05-20T08:04:10.569+0000] {logging_mixin.py:188} INFO - [2025-05-20T08:04:10.569+0000] {dag.py:3823} INFO - Setting next_dagrun for example_params_ui_tutorial to None, run_after=None
[2025-05-20T08:04:10.608+0000] {processor.py:183} INFO - Processing /home/airflow/.local/lib/python3.8/site-packages/airflow/example_dags/example_params_ui_tutorial.py took 0.266 seconds
