[2025-05-20T07:45:13.599+0000] {processor.py:161} INFO - Started process (PID=59) to work on /home/airflow/.local/lib/python3.8/site-packages/airflow/example_dags/example_dag_decorator.py
[2025-05-20T07:45:13.601+0000] {processor.py:830} INFO - Processing file /home/airflow/.local/lib/python3.8/site-packages/airflow/example_dags/example_dag_decorator.py for tasks to queue
[2025-05-20T07:45:13.604+0000] {logging_mixin.py:188} INFO - [2025-05-20T07:45:13.604+0000] {dagbag.py:538} INFO - Filling up the DagBag from /home/airflow/.local/lib/python3.8/site-packages/airflow/example_dags/example_dag_decorator.py
[2025-05-20T07:45:14.013+0000] {processor.py:840} INFO - DAG(s) 'example_dag_decorator' retrieved from /home/airflow/.local/lib/python3.8/site-packages/airflow/example_dags/example_dag_decorator.py
[2025-05-20T07:45:14.264+0000] {logging_mixin.py:188} INFO - [2025-05-20T07:45:14.263+0000] {dag.py:3036} INFO - Sync 1 DAGs
[2025-05-20T07:45:14.288+0000] {logging_mixin.py:188} INFO - [2025-05-20T07:45:14.287+0000] {dag.py:3823} INFO - Setting next_dagrun for example_dag_decorator to None, run_after=None
[2025-05-20T07:45:14.335+0000] {processor.py:183} INFO - Processing /home/airflow/.local/lib/python3.8/site-packages/airflow/example_dags/example_dag_decorator.py took 0.740 seconds
[2025-05-20T07:45:44.533+0000] {processor.py:161} INFO - Started process (PID=125) to work on /home/airflow/.local/lib/python3.8/site-packages/airflow/example_dags/example_dag_decorator.py
[2025-05-20T07:45:44.535+0000] {processor.py:830} INFO - Processing file /home/airflow/.local/lib/python3.8/site-packages/airflow/example_dags/example_dag_decorator.py for tasks to queue
[2025-05-20T07:45:44.540+0000] {logging_mixin.py:188} INFO - [2025-05-20T07:45:44.539+0000] {dagbag.py:538} INFO - Filling up the DagBag from /home/airflow/.local/lib/python3.8/site-packages/airflow/example_dags/example_dag_decorator.py
[2025-05-20T07:45:44.819+0000] {processor.py:840} INFO - DAG(s) 'example_dag_decorator' retrieved from /home/airflow/.local/lib/python3.8/site-packages/airflow/example_dags/example_dag_decorator.py
[2025-05-20T07:45:45.014+0000] {logging_mixin.py:188} INFO - [2025-05-20T07:45:45.013+0000] {dag.py:3036} INFO - Sync 1 DAGs
[2025-05-20T07:45:45.032+0000] {logging_mixin.py:188} INFO - [2025-05-20T07:45:45.032+0000] {dag.py:3823} INFO - Setting next_dagrun for example_dag_decorator to None, run_after=None
[2025-05-20T07:45:45.072+0000] {processor.py:183} INFO - Processing /home/airflow/.local/lib/python3.8/site-packages/airflow/example_dags/example_dag_decorator.py took 0.545 seconds
[2025-05-20T07:46:15.772+0000] {processor.py:161} INFO - Started process (PID=189) to work on /home/airflow/.local/lib/python3.8/site-packages/airflow/example_dags/example_dag_decorator.py
[2025-05-20T07:46:15.774+0000] {processor.py:830} INFO - Processing file /home/airflow/.local/lib/python3.8/site-packages/airflow/example_dags/example_dag_decorator.py for tasks to queue
[2025-05-20T07:46:15.778+0000] {logging_mixin.py:188} INFO - [2025-05-20T07:46:15.777+0000] {dagbag.py:538} INFO - Filling up the DagBag from /home/airflow/.local/lib/python3.8/site-packages/airflow/example_dags/example_dag_decorator.py
[2025-05-20T07:46:16.016+0000] {processor.py:840} INFO - DAG(s) 'example_dag_decorator' retrieved from /home/airflow/.local/lib/python3.8/site-packages/airflow/example_dags/example_dag_decorator.py
[2025-05-20T07:46:16.237+0000] {logging_mixin.py:188} INFO - [2025-05-20T07:46:16.236+0000] {dag.py:3036} INFO - Sync 1 DAGs
[2025-05-20T07:46:16.257+0000] {logging_mixin.py:188} INFO - [2025-05-20T07:46:16.257+0000] {dag.py:3823} INFO - Setting next_dagrun for example_dag_decorator to None, run_after=None
[2025-05-20T07:46:16.296+0000] {processor.py:183} INFO - Processing /home/airflow/.local/lib/python3.8/site-packages/airflow/example_dags/example_dag_decorator.py took 0.529 seconds
[2025-05-20T07:46:47.393+0000] {processor.py:161} INFO - Started process (PID=254) to work on /home/airflow/.local/lib/python3.8/site-packages/airflow/example_dags/example_dag_decorator.py
[2025-05-20T07:46:47.395+0000] {processor.py:830} INFO - Processing file /home/airflow/.local/lib/python3.8/site-packages/airflow/example_dags/example_dag_decorator.py for tasks to queue
[2025-05-20T07:46:47.398+0000] {logging_mixin.py:188} INFO - [2025-05-20T07:46:47.397+0000] {dagbag.py:538} INFO - Filling up the DagBag from /home/airflow/.local/lib/python3.8/site-packages/airflow/example_dags/example_dag_decorator.py
[2025-05-20T07:46:47.598+0000] {processor.py:840} INFO - DAG(s) 'example_dag_decorator' retrieved from /home/airflow/.local/lib/python3.8/site-packages/airflow/example_dags/example_dag_decorator.py
[2025-05-20T07:46:48.003+0000] {logging_mixin.py:188} INFO - [2025-05-20T07:46:48.002+0000] {dag.py:3036} INFO - Sync 1 DAGs
[2025-05-20T07:46:48.047+0000] {logging_mixin.py:188} INFO - [2025-05-20T07:46:48.046+0000] {dag.py:3823} INFO - Setting next_dagrun for example_dag_decorator to None, run_after=None
[2025-05-20T07:46:48.137+0000] {processor.py:183} INFO - Processing /home/airflow/.local/lib/python3.8/site-packages/airflow/example_dags/example_dag_decorator.py took 0.753 seconds
[2025-05-20T07:47:19.885+0000] {processor.py:161} INFO - Started process (PID=319) to work on /home/airflow/.local/lib/python3.8/site-packages/airflow/example_dags/example_dag_decorator.py
[2025-05-20T07:47:19.887+0000] {processor.py:830} INFO - Processing file /home/airflow/.local/lib/python3.8/site-packages/airflow/example_dags/example_dag_decorator.py for tasks to queue
[2025-05-20T07:47:19.890+0000] {logging_mixin.py:188} INFO - [2025-05-20T07:47:19.890+0000] {dagbag.py:538} INFO - Filling up the DagBag from /home/airflow/.local/lib/python3.8/site-packages/airflow/example_dags/example_dag_decorator.py
[2025-05-20T07:47:20.109+0000] {processor.py:840} INFO - DAG(s) 'example_dag_decorator' retrieved from /home/airflow/.local/lib/python3.8/site-packages/airflow/example_dags/example_dag_decorator.py
[2025-05-20T07:47:20.360+0000] {logging_mixin.py:188} INFO - [2025-05-20T07:47:20.359+0000] {dag.py:3036} INFO - Sync 1 DAGs
[2025-05-20T07:47:20.386+0000] {logging_mixin.py:188} INFO - [2025-05-20T07:47:20.386+0000] {dag.py:3823} INFO - Setting next_dagrun for example_dag_decorator to None, run_after=None
[2025-05-20T07:47:20.436+0000] {processor.py:183} INFO - Processing /home/airflow/.local/lib/python3.8/site-packages/airflow/example_dags/example_dag_decorator.py took 0.557 seconds
[2025-05-20T07:47:51.364+0000] {processor.py:161} INFO - Started process (PID=384) to work on /home/airflow/.local/lib/python3.8/site-packages/airflow/example_dags/example_dag_decorator.py
[2025-05-20T07:47:51.366+0000] {processor.py:830} INFO - Processing file /home/airflow/.local/lib/python3.8/site-packages/airflow/example_dags/example_dag_decorator.py for tasks to queue
[2025-05-20T07:47:51.369+0000] {logging_mixin.py:188} INFO - [2025-05-20T07:47:51.368+0000] {dagbag.py:538} INFO - Filling up the DagBag from /home/airflow/.local/lib/python3.8/site-packages/airflow/example_dags/example_dag_decorator.py
[2025-05-20T07:47:51.611+0000] {processor.py:840} INFO - DAG(s) 'example_dag_decorator' retrieved from /home/airflow/.local/lib/python3.8/site-packages/airflow/example_dags/example_dag_decorator.py
[2025-05-20T07:47:51.974+0000] {logging_mixin.py:188} INFO - [2025-05-20T07:47:51.973+0000] {dag.py:3036} INFO - Sync 1 DAGs
[2025-05-20T07:47:52.004+0000] {logging_mixin.py:188} INFO - [2025-05-20T07:47:52.003+0000] {dag.py:3823} INFO - Setting next_dagrun for example_dag_decorator to None, run_after=None
[2025-05-20T07:47:52.044+0000] {processor.py:183} INFO - Processing /home/airflow/.local/lib/python3.8/site-packages/airflow/example_dags/example_dag_decorator.py took 0.686 seconds
[2025-05-20T07:48:23.279+0000] {processor.py:161} INFO - Started process (PID=449) to work on /home/airflow/.local/lib/python3.8/site-packages/airflow/example_dags/example_dag_decorator.py
[2025-05-20T07:48:23.282+0000] {processor.py:830} INFO - Processing file /home/airflow/.local/lib/python3.8/site-packages/airflow/example_dags/example_dag_decorator.py for tasks to queue
[2025-05-20T07:48:23.286+0000] {logging_mixin.py:188} INFO - [2025-05-20T07:48:23.285+0000] {dagbag.py:538} INFO - Filling up the DagBag from /home/airflow/.local/lib/python3.8/site-packages/airflow/example_dags/example_dag_decorator.py
[2025-05-20T07:48:23.544+0000] {processor.py:840} INFO - DAG(s) 'example_dag_decorator' retrieved from /home/airflow/.local/lib/python3.8/site-packages/airflow/example_dags/example_dag_decorator.py
[2025-05-20T07:48:23.782+0000] {logging_mixin.py:188} INFO - [2025-05-20T07:48:23.781+0000] {dag.py:3036} INFO - Sync 1 DAGs
[2025-05-20T07:48:23.802+0000] {logging_mixin.py:188} INFO - [2025-05-20T07:48:23.801+0000] {dag.py:3823} INFO - Setting next_dagrun for example_dag_decorator to None, run_after=None
[2025-05-20T07:48:23.852+0000] {processor.py:183} INFO - Processing /home/airflow/.local/lib/python3.8/site-packages/airflow/example_dags/example_dag_decorator.py took 0.581 seconds
[2025-05-20T07:48:54.293+0000] {processor.py:161} INFO - Started process (PID=515) to work on /home/airflow/.local/lib/python3.8/site-packages/airflow/example_dags/example_dag_decorator.py
[2025-05-20T07:48:54.296+0000] {processor.py:830} INFO - Processing file /home/airflow/.local/lib/python3.8/site-packages/airflow/example_dags/example_dag_decorator.py for tasks to queue
[2025-05-20T07:48:54.310+0000] {logging_mixin.py:188} INFO - [2025-05-20T07:48:54.309+0000] {dagbag.py:538} INFO - Filling up the DagBag from /home/airflow/.local/lib/python3.8/site-packages/airflow/example_dags/example_dag_decorator.py
[2025-05-20T07:48:54.511+0000] {processor.py:840} INFO - DAG(s) 'example_dag_decorator' retrieved from /home/airflow/.local/lib/python3.8/site-packages/airflow/example_dags/example_dag_decorator.py
[2025-05-20T07:48:54.730+0000] {logging_mixin.py:188} INFO - [2025-05-20T07:48:54.729+0000] {dag.py:3036} INFO - Sync 1 DAGs
[2025-05-20T07:48:54.753+0000] {logging_mixin.py:188} INFO - [2025-05-20T07:48:54.753+0000] {dag.py:3823} INFO - Setting next_dagrun for example_dag_decorator to None, run_after=None
[2025-05-20T07:48:54.786+0000] {processor.py:183} INFO - Processing /home/airflow/.local/lib/python3.8/site-packages/airflow/example_dags/example_dag_decorator.py took 0.500 seconds
[2025-05-20T07:49:25.081+0000] {processor.py:161} INFO - Started process (PID=581) to work on /home/airflow/.local/lib/python3.8/site-packages/airflow/example_dags/example_dag_decorator.py
[2025-05-20T07:49:25.083+0000] {processor.py:830} INFO - Processing file /home/airflow/.local/lib/python3.8/site-packages/airflow/example_dags/example_dag_decorator.py for tasks to queue
[2025-05-20T07:49:25.087+0000] {logging_mixin.py:188} INFO - [2025-05-20T07:49:25.086+0000] {dagbag.py:538} INFO - Filling up the DagBag from /home/airflow/.local/lib/python3.8/site-packages/airflow/example_dags/example_dag_decorator.py
[2025-05-20T07:49:25.290+0000] {processor.py:840} INFO - DAG(s) 'example_dag_decorator' retrieved from /home/airflow/.local/lib/python3.8/site-packages/airflow/example_dags/example_dag_decorator.py
[2025-05-20T07:49:25.483+0000] {logging_mixin.py:188} INFO - [2025-05-20T07:49:25.482+0000] {dag.py:3036} INFO - Sync 1 DAGs
[2025-05-20T07:49:25.511+0000] {logging_mixin.py:188} INFO - [2025-05-20T07:49:25.510+0000] {dag.py:3823} INFO - Setting next_dagrun for example_dag_decorator to None, run_after=None
[2025-05-20T07:49:25.563+0000] {processor.py:183} INFO - Processing /home/airflow/.local/lib/python3.8/site-packages/airflow/example_dags/example_dag_decorator.py took 0.489 seconds
[2025-05-20T07:49:56.073+0000] {processor.py:161} INFO - Started process (PID=644) to work on /home/airflow/.local/lib/python3.8/site-packages/airflow/example_dags/example_dag_decorator.py
[2025-05-20T07:49:56.076+0000] {processor.py:830} INFO - Processing file /home/airflow/.local/lib/python3.8/site-packages/airflow/example_dags/example_dag_decorator.py for tasks to queue
[2025-05-20T07:49:56.080+0000] {logging_mixin.py:188} INFO - [2025-05-20T07:49:56.079+0000] {dagbag.py:538} INFO - Filling up the DagBag from /home/airflow/.local/lib/python3.8/site-packages/airflow/example_dags/example_dag_decorator.py
[2025-05-20T07:49:56.267+0000] {processor.py:840} INFO - DAG(s) 'example_dag_decorator' retrieved from /home/airflow/.local/lib/python3.8/site-packages/airflow/example_dags/example_dag_decorator.py
[2025-05-20T07:49:56.562+0000] {logging_mixin.py:188} INFO - [2025-05-20T07:49:56.561+0000] {dag.py:3036} INFO - Sync 1 DAGs
[2025-05-20T07:49:56.582+0000] {logging_mixin.py:188} INFO - [2025-05-20T07:49:56.582+0000] {dag.py:3823} INFO - Setting next_dagrun for example_dag_decorator to None, run_after=None
[2025-05-20T07:49:56.621+0000] {processor.py:183} INFO - Processing /home/airflow/.local/lib/python3.8/site-packages/airflow/example_dags/example_dag_decorator.py took 0.555 seconds
[2025-05-20T07:50:28.050+0000] {processor.py:161} INFO - Started process (PID=709) to work on /home/airflow/.local/lib/python3.8/site-packages/airflow/example_dags/example_dag_decorator.py
[2025-05-20T07:50:28.052+0000] {processor.py:830} INFO - Processing file /home/airflow/.local/lib/python3.8/site-packages/airflow/example_dags/example_dag_decorator.py for tasks to queue
[2025-05-20T07:50:28.055+0000] {logging_mixin.py:188} INFO - [2025-05-20T07:50:28.055+0000] {dagbag.py:538} INFO - Filling up the DagBag from /home/airflow/.local/lib/python3.8/site-packages/airflow/example_dags/example_dag_decorator.py
[2025-05-20T07:50:28.259+0000] {processor.py:840} INFO - DAG(s) 'example_dag_decorator' retrieved from /home/airflow/.local/lib/python3.8/site-packages/airflow/example_dags/example_dag_decorator.py
[2025-05-20T07:50:28.443+0000] {logging_mixin.py:188} INFO - [2025-05-20T07:50:28.442+0000] {dag.py:3036} INFO - Sync 1 DAGs
[2025-05-20T07:50:28.463+0000] {logging_mixin.py:188} INFO - [2025-05-20T07:50:28.462+0000] {dag.py:3823} INFO - Setting next_dagrun for example_dag_decorator to None, run_after=None
[2025-05-20T07:50:28.500+0000] {processor.py:183} INFO - Processing /home/airflow/.local/lib/python3.8/site-packages/airflow/example_dags/example_dag_decorator.py took 0.455 seconds
[2025-05-20T07:50:59.542+0000] {processor.py:161} INFO - Started process (PID=774) to work on /home/airflow/.local/lib/python3.8/site-packages/airflow/example_dags/example_dag_decorator.py
[2025-05-20T07:50:59.544+0000] {processor.py:830} INFO - Processing file /home/airflow/.local/lib/python3.8/site-packages/airflow/example_dags/example_dag_decorator.py for tasks to queue
[2025-05-20T07:50:59.547+0000] {logging_mixin.py:188} INFO - [2025-05-20T07:50:59.546+0000] {dagbag.py:538} INFO - Filling up the DagBag from /home/airflow/.local/lib/python3.8/site-packages/airflow/example_dags/example_dag_decorator.py
[2025-05-20T07:50:59.773+0000] {processor.py:840} INFO - DAG(s) 'example_dag_decorator' retrieved from /home/airflow/.local/lib/python3.8/site-packages/airflow/example_dags/example_dag_decorator.py
[2025-05-20T07:51:00.008+0000] {logging_mixin.py:188} INFO - [2025-05-20T07:51:00.007+0000] {dag.py:3036} INFO - Sync 1 DAGs
[2025-05-20T07:51:00.035+0000] {logging_mixin.py:188} INFO - [2025-05-20T07:51:00.035+0000] {dag.py:3823} INFO - Setting next_dagrun for example_dag_decorator to None, run_after=None
[2025-05-20T07:51:00.070+0000] {processor.py:183} INFO - Processing /home/airflow/.local/lib/python3.8/site-packages/airflow/example_dags/example_dag_decorator.py took 0.533 seconds
[2025-05-20T07:51:31.295+0000] {processor.py:161} INFO - Started process (PID=840) to work on /home/airflow/.local/lib/python3.8/site-packages/airflow/example_dags/example_dag_decorator.py
[2025-05-20T07:51:31.296+0000] {processor.py:830} INFO - Processing file /home/airflow/.local/lib/python3.8/site-packages/airflow/example_dags/example_dag_decorator.py for tasks to queue
[2025-05-20T07:51:31.300+0000] {logging_mixin.py:188} INFO - [2025-05-20T07:51:31.299+0000] {dagbag.py:538} INFO - Filling up the DagBag from /home/airflow/.local/lib/python3.8/site-packages/airflow/example_dags/example_dag_decorator.py
[2025-05-20T07:51:31.494+0000] {processor.py:840} INFO - DAG(s) 'example_dag_decorator' retrieved from /home/airflow/.local/lib/python3.8/site-packages/airflow/example_dags/example_dag_decorator.py
[2025-05-20T07:51:31.851+0000] {logging_mixin.py:188} INFO - [2025-05-20T07:51:31.850+0000] {dag.py:3036} INFO - Sync 1 DAGs
[2025-05-20T07:51:31.885+0000] {logging_mixin.py:188} INFO - [2025-05-20T07:51:31.884+0000] {dag.py:3823} INFO - Setting next_dagrun for example_dag_decorator to None, run_after=None
[2025-05-20T07:51:31.975+0000] {processor.py:183} INFO - Processing /home/airflow/.local/lib/python3.8/site-packages/airflow/example_dags/example_dag_decorator.py took 0.686 seconds
[2025-05-20T07:52:03.246+0000] {processor.py:161} INFO - Started process (PID=912) to work on /home/airflow/.local/lib/python3.8/site-packages/airflow/example_dags/example_dag_decorator.py
[2025-05-20T07:52:03.248+0000] {processor.py:830} INFO - Processing file /home/airflow/.local/lib/python3.8/site-packages/airflow/example_dags/example_dag_decorator.py for tasks to queue
[2025-05-20T07:52:03.252+0000] {logging_mixin.py:188} INFO - [2025-05-20T07:52:03.251+0000] {dagbag.py:538} INFO - Filling up the DagBag from /home/airflow/.local/lib/python3.8/site-packages/airflow/example_dags/example_dag_decorator.py
[2025-05-20T07:52:03.453+0000] {processor.py:840} INFO - DAG(s) 'example_dag_decorator' retrieved from /home/airflow/.local/lib/python3.8/site-packages/airflow/example_dags/example_dag_decorator.py
[2025-05-20T07:52:03.682+0000] {logging_mixin.py:188} INFO - [2025-05-20T07:52:03.681+0000] {dag.py:3036} INFO - Sync 1 DAGs
[2025-05-20T07:52:03.700+0000] {logging_mixin.py:188} INFO - [2025-05-20T07:52:03.700+0000] {dag.py:3823} INFO - Setting next_dagrun for example_dag_decorator to None, run_after=None
[2025-05-20T07:52:03.738+0000] {processor.py:183} INFO - Processing /home/airflow/.local/lib/python3.8/site-packages/airflow/example_dags/example_dag_decorator.py took 0.496 seconds
[2025-05-20T07:52:34.561+0000] {processor.py:161} INFO - Started process (PID=977) to work on /home/airflow/.local/lib/python3.8/site-packages/airflow/example_dags/example_dag_decorator.py
[2025-05-20T07:52:34.563+0000] {processor.py:830} INFO - Processing file /home/airflow/.local/lib/python3.8/site-packages/airflow/example_dags/example_dag_decorator.py for tasks to queue
[2025-05-20T07:52:34.566+0000] {logging_mixin.py:188} INFO - [2025-05-20T07:52:34.566+0000] {dagbag.py:538} INFO - Filling up the DagBag from /home/airflow/.local/lib/python3.8/site-packages/airflow/example_dags/example_dag_decorator.py
[2025-05-20T07:52:34.806+0000] {processor.py:840} INFO - DAG(s) 'example_dag_decorator' retrieved from /home/airflow/.local/lib/python3.8/site-packages/airflow/example_dags/example_dag_decorator.py
[2025-05-20T07:52:35.008+0000] {logging_mixin.py:188} INFO - [2025-05-20T07:52:35.008+0000] {dag.py:3036} INFO - Sync 1 DAGs
[2025-05-20T07:52:35.028+0000] {logging_mixin.py:188} INFO - [2025-05-20T07:52:35.028+0000] {dag.py:3823} INFO - Setting next_dagrun for example_dag_decorator to None, run_after=None
[2025-05-20T07:52:35.093+0000] {processor.py:183} INFO - Processing /home/airflow/.local/lib/python3.8/site-packages/airflow/example_dags/example_dag_decorator.py took 0.536 seconds
[2025-05-20T07:53:05.455+0000] {processor.py:161} INFO - Started process (PID=1042) to work on /home/airflow/.local/lib/python3.8/site-packages/airflow/example_dags/example_dag_decorator.py
[2025-05-20T07:53:05.457+0000] {processor.py:830} INFO - Processing file /home/airflow/.local/lib/python3.8/site-packages/airflow/example_dags/example_dag_decorator.py for tasks to queue
[2025-05-20T07:53:05.462+0000] {logging_mixin.py:188} INFO - [2025-05-20T07:53:05.462+0000] {dagbag.py:538} INFO - Filling up the DagBag from /home/airflow/.local/lib/python3.8/site-packages/airflow/example_dags/example_dag_decorator.py
[2025-05-20T07:53:05.744+0000] {processor.py:840} INFO - DAG(s) 'example_dag_decorator' retrieved from /home/airflow/.local/lib/python3.8/site-packages/airflow/example_dags/example_dag_decorator.py
[2025-05-20T07:53:06.090+0000] {logging_mixin.py:188} INFO - [2025-05-20T07:53:06.089+0000] {dag.py:3036} INFO - Sync 1 DAGs
[2025-05-20T07:53:06.120+0000] {logging_mixin.py:188} INFO - [2025-05-20T07:53:06.119+0000] {dag.py:3823} INFO - Setting next_dagrun for example_dag_decorator to None, run_after=None
[2025-05-20T07:53:06.158+0000] {processor.py:183} INFO - Processing /home/airflow/.local/lib/python3.8/site-packages/airflow/example_dags/example_dag_decorator.py took 0.712 seconds
[2025-05-20T07:53:38.036+0000] {processor.py:161} INFO - Started process (PID=1107) to work on /home/airflow/.local/lib/python3.8/site-packages/airflow/example_dags/example_dag_decorator.py
[2025-05-20T07:53:38.038+0000] {processor.py:830} INFO - Processing file /home/airflow/.local/lib/python3.8/site-packages/airflow/example_dags/example_dag_decorator.py for tasks to queue
[2025-05-20T07:53:38.042+0000] {logging_mixin.py:188} INFO - [2025-05-20T07:53:38.041+0000] {dagbag.py:538} INFO - Filling up the DagBag from /home/airflow/.local/lib/python3.8/site-packages/airflow/example_dags/example_dag_decorator.py
[2025-05-20T07:53:38.244+0000] {processor.py:840} INFO - DAG(s) 'example_dag_decorator' retrieved from /home/airflow/.local/lib/python3.8/site-packages/airflow/example_dags/example_dag_decorator.py
[2025-05-20T07:53:38.442+0000] {logging_mixin.py:188} INFO - [2025-05-20T07:53:38.442+0000] {dag.py:3036} INFO - Sync 1 DAGs
[2025-05-20T07:53:38.464+0000] {logging_mixin.py:188} INFO - [2025-05-20T07:53:38.463+0000] {dag.py:3823} INFO - Setting next_dagrun for example_dag_decorator to None, run_after=None
[2025-05-20T07:53:38.522+0000] {processor.py:183} INFO - Processing /home/airflow/.local/lib/python3.8/site-packages/airflow/example_dags/example_dag_decorator.py took 0.492 seconds
[2025-05-20T07:54:09.741+0000] {processor.py:161} INFO - Started process (PID=1170) to work on /home/airflow/.local/lib/python3.8/site-packages/airflow/example_dags/example_dag_decorator.py
[2025-05-20T07:54:09.746+0000] {processor.py:830} INFO - Processing file /home/airflow/.local/lib/python3.8/site-packages/airflow/example_dags/example_dag_decorator.py for tasks to queue
[2025-05-20T07:54:09.754+0000] {logging_mixin.py:188} INFO - [2025-05-20T07:54:09.752+0000] {dagbag.py:538} INFO - Filling up the DagBag from /home/airflow/.local/lib/python3.8/site-packages/airflow/example_dags/example_dag_decorator.py
[2025-05-20T07:54:10.061+0000] {processor.py:840} INFO - DAG(s) 'example_dag_decorator' retrieved from /home/airflow/.local/lib/python3.8/site-packages/airflow/example_dags/example_dag_decorator.py
[2025-05-20T07:54:10.644+0000] {logging_mixin.py:188} INFO - [2025-05-20T07:54:10.644+0000] {dag.py:3036} INFO - Sync 1 DAGs
[2025-05-20T07:54:10.671+0000] {logging_mixin.py:188} INFO - [2025-05-20T07:54:10.670+0000] {dag.py:3823} INFO - Setting next_dagrun for example_dag_decorator to None, run_after=None
[2025-05-20T07:54:10.705+0000] {processor.py:183} INFO - Processing /home/airflow/.local/lib/python3.8/site-packages/airflow/example_dags/example_dag_decorator.py took 0.980 seconds
[2025-05-20T07:54:41.683+0000] {processor.py:161} INFO - Started process (PID=1237) to work on /home/airflow/.local/lib/python3.8/site-packages/airflow/example_dags/example_dag_decorator.py
[2025-05-20T07:54:41.686+0000] {processor.py:830} INFO - Processing file /home/airflow/.local/lib/python3.8/site-packages/airflow/example_dags/example_dag_decorator.py for tasks to queue
[2025-05-20T07:54:41.689+0000] {logging_mixin.py:188} INFO - [2025-05-20T07:54:41.688+0000] {dagbag.py:538} INFO - Filling up the DagBag from /home/airflow/.local/lib/python3.8/site-packages/airflow/example_dags/example_dag_decorator.py
[2025-05-20T07:54:41.972+0000] {processor.py:840} INFO - DAG(s) 'example_dag_decorator' retrieved from /home/airflow/.local/lib/python3.8/site-packages/airflow/example_dags/example_dag_decorator.py
[2025-05-20T07:54:42.491+0000] {logging_mixin.py:188} INFO - [2025-05-20T07:54:42.491+0000] {dag.py:3036} INFO - Sync 1 DAGs
[2025-05-20T07:54:42.516+0000] {logging_mixin.py:188} INFO - [2025-05-20T07:54:42.515+0000] {dag.py:3823} INFO - Setting next_dagrun for example_dag_decorator to None, run_after=None
[2025-05-20T07:54:42.568+0000] {processor.py:183} INFO - Processing /home/airflow/.local/lib/python3.8/site-packages/airflow/example_dags/example_dag_decorator.py took 0.890 seconds
[2025-05-20T07:55:12.748+0000] {processor.py:161} INFO - Started process (PID=1302) to work on /home/airflow/.local/lib/python3.8/site-packages/airflow/example_dags/example_dag_decorator.py
[2025-05-20T07:55:12.750+0000] {processor.py:830} INFO - Processing file /home/airflow/.local/lib/python3.8/site-packages/airflow/example_dags/example_dag_decorator.py for tasks to queue
[2025-05-20T07:55:12.754+0000] {logging_mixin.py:188} INFO - [2025-05-20T07:55:12.753+0000] {dagbag.py:538} INFO - Filling up the DagBag from /home/airflow/.local/lib/python3.8/site-packages/airflow/example_dags/example_dag_decorator.py
[2025-05-20T07:55:12.928+0000] {processor.py:840} INFO - DAG(s) 'example_dag_decorator' retrieved from /home/airflow/.local/lib/python3.8/site-packages/airflow/example_dags/example_dag_decorator.py
[2025-05-20T07:55:13.338+0000] {logging_mixin.py:188} INFO - [2025-05-20T07:55:13.337+0000] {dag.py:3036} INFO - Sync 1 DAGs
[2025-05-20T07:55:13.357+0000] {logging_mixin.py:188} INFO - [2025-05-20T07:55:13.356+0000] {dag.py:3823} INFO - Setting next_dagrun for example_dag_decorator to None, run_after=None
[2025-05-20T07:55:13.402+0000] {processor.py:183} INFO - Processing /home/airflow/.local/lib/python3.8/site-packages/airflow/example_dags/example_dag_decorator.py took 0.659 seconds
[2025-05-20T07:55:43.677+0000] {processor.py:161} INFO - Started process (PID=1367) to work on /home/airflow/.local/lib/python3.8/site-packages/airflow/example_dags/example_dag_decorator.py
[2025-05-20T07:55:43.679+0000] {processor.py:830} INFO - Processing file /home/airflow/.local/lib/python3.8/site-packages/airflow/example_dags/example_dag_decorator.py for tasks to queue
[2025-05-20T07:55:43.683+0000] {logging_mixin.py:188} INFO - [2025-05-20T07:55:43.682+0000] {dagbag.py:538} INFO - Filling up the DagBag from /home/airflow/.local/lib/python3.8/site-packages/airflow/example_dags/example_dag_decorator.py
[2025-05-20T07:55:43.850+0000] {processor.py:840} INFO - DAG(s) 'example_dag_decorator' retrieved from /home/airflow/.local/lib/python3.8/site-packages/airflow/example_dags/example_dag_decorator.py
[2025-05-20T07:55:44.219+0000] {logging_mixin.py:188} INFO - [2025-05-20T07:55:44.219+0000] {dag.py:3036} INFO - Sync 1 DAGs
[2025-05-20T07:55:44.236+0000] {logging_mixin.py:188} INFO - [2025-05-20T07:55:44.236+0000] {dag.py:3823} INFO - Setting next_dagrun for example_dag_decorator to None, run_after=None
[2025-05-20T07:55:44.273+0000] {processor.py:183} INFO - Processing /home/airflow/.local/lib/python3.8/site-packages/airflow/example_dags/example_dag_decorator.py took 0.603 seconds
[2025-05-20T07:56:15.346+0000] {processor.py:161} INFO - Started process (PID=1432) to work on /home/airflow/.local/lib/python3.8/site-packages/airflow/example_dags/example_dag_decorator.py
[2025-05-20T07:56:15.348+0000] {processor.py:830} INFO - Processing file /home/airflow/.local/lib/python3.8/site-packages/airflow/example_dags/example_dag_decorator.py for tasks to queue
[2025-05-20T07:56:15.352+0000] {logging_mixin.py:188} INFO - [2025-05-20T07:56:15.351+0000] {dagbag.py:538} INFO - Filling up the DagBag from /home/airflow/.local/lib/python3.8/site-packages/airflow/example_dags/example_dag_decorator.py
[2025-05-20T07:56:15.528+0000] {processor.py:840} INFO - DAG(s) 'example_dag_decorator' retrieved from /home/airflow/.local/lib/python3.8/site-packages/airflow/example_dags/example_dag_decorator.py
[2025-05-20T07:56:15.918+0000] {logging_mixin.py:188} INFO - [2025-05-20T07:56:15.917+0000] {dag.py:3036} INFO - Sync 1 DAGs
[2025-05-20T07:56:15.943+0000] {logging_mixin.py:188} INFO - [2025-05-20T07:56:15.943+0000] {dag.py:3823} INFO - Setting next_dagrun for example_dag_decorator to None, run_after=None
[2025-05-20T07:56:15.995+0000] {processor.py:183} INFO - Processing /home/airflow/.local/lib/python3.8/site-packages/airflow/example_dags/example_dag_decorator.py took 0.654 seconds
[2025-05-20T07:56:46.304+0000] {processor.py:161} INFO - Started process (PID=1495) to work on /home/airflow/.local/lib/python3.8/site-packages/airflow/example_dags/example_dag_decorator.py
[2025-05-20T07:56:46.306+0000] {processor.py:830} INFO - Processing file /home/airflow/.local/lib/python3.8/site-packages/airflow/example_dags/example_dag_decorator.py for tasks to queue
[2025-05-20T07:56:46.309+0000] {logging_mixin.py:188} INFO - [2025-05-20T07:56:46.309+0000] {dagbag.py:538} INFO - Filling up the DagBag from /home/airflow/.local/lib/python3.8/site-packages/airflow/example_dags/example_dag_decorator.py
[2025-05-20T07:56:46.536+0000] {processor.py:840} INFO - DAG(s) 'example_dag_decorator' retrieved from /home/airflow/.local/lib/python3.8/site-packages/airflow/example_dags/example_dag_decorator.py
[2025-05-20T07:56:46.937+0000] {logging_mixin.py:188} INFO - [2025-05-20T07:56:46.936+0000] {dag.py:3036} INFO - Sync 1 DAGs
[2025-05-20T07:56:46.959+0000] {logging_mixin.py:188} INFO - [2025-05-20T07:56:46.958+0000] {dag.py:3823} INFO - Setting next_dagrun for example_dag_decorator to None, run_after=None
[2025-05-20T07:56:47.001+0000] {processor.py:183} INFO - Processing /home/airflow/.local/lib/python3.8/site-packages/airflow/example_dags/example_dag_decorator.py took 0.703 seconds
[2025-05-20T07:57:17.702+0000] {processor.py:161} INFO - Started process (PID=1560) to work on /home/airflow/.local/lib/python3.8/site-packages/airflow/example_dags/example_dag_decorator.py
[2025-05-20T07:57:17.706+0000] {processor.py:830} INFO - Processing file /home/airflow/.local/lib/python3.8/site-packages/airflow/example_dags/example_dag_decorator.py for tasks to queue
[2025-05-20T07:57:17.715+0000] {logging_mixin.py:188} INFO - [2025-05-20T07:57:17.714+0000] {dagbag.py:538} INFO - Filling up the DagBag from /home/airflow/.local/lib/python3.8/site-packages/airflow/example_dags/example_dag_decorator.py
[2025-05-20T07:57:18.307+0000] {processor.py:840} INFO - DAG(s) 'example_dag_decorator' retrieved from /home/airflow/.local/lib/python3.8/site-packages/airflow/example_dags/example_dag_decorator.py
[2025-05-20T07:57:18.644+0000] {logging_mixin.py:188} INFO - [2025-05-20T07:57:18.643+0000] {dag.py:3036} INFO - Sync 1 DAGs
[2025-05-20T07:57:18.665+0000] {logging_mixin.py:188} INFO - [2025-05-20T07:57:18.665+0000] {dag.py:3823} INFO - Setting next_dagrun for example_dag_decorator to None, run_after=None
[2025-05-20T07:57:18.701+0000] {processor.py:183} INFO - Processing /home/airflow/.local/lib/python3.8/site-packages/airflow/example_dags/example_dag_decorator.py took 1.018 seconds
[2025-05-20T07:57:49.141+0000] {processor.py:161} INFO - Started process (PID=1625) to work on /home/airflow/.local/lib/python3.8/site-packages/airflow/example_dags/example_dag_decorator.py
[2025-05-20T07:57:49.144+0000] {processor.py:830} INFO - Processing file /home/airflow/.local/lib/python3.8/site-packages/airflow/example_dags/example_dag_decorator.py for tasks to queue
[2025-05-20T07:57:49.148+0000] {logging_mixin.py:188} INFO - [2025-05-20T07:57:49.147+0000] {dagbag.py:538} INFO - Filling up the DagBag from /home/airflow/.local/lib/python3.8/site-packages/airflow/example_dags/example_dag_decorator.py
[2025-05-20T07:57:49.682+0000] {processor.py:840} INFO - DAG(s) 'example_dag_decorator' retrieved from /home/airflow/.local/lib/python3.8/site-packages/airflow/example_dags/example_dag_decorator.py
[2025-05-20T07:57:49.916+0000] {logging_mixin.py:188} INFO - [2025-05-20T07:57:49.915+0000] {dag.py:3036} INFO - Sync 1 DAGs
[2025-05-20T07:57:49.937+0000] {logging_mixin.py:188} INFO - [2025-05-20T07:57:49.936+0000] {dag.py:3823} INFO - Setting next_dagrun for example_dag_decorator to None, run_after=None
[2025-05-20T07:57:49.977+0000] {processor.py:183} INFO - Processing /home/airflow/.local/lib/python3.8/site-packages/airflow/example_dags/example_dag_decorator.py took 0.844 seconds
[2025-05-20T07:58:20.227+0000] {processor.py:161} INFO - Started process (PID=1689) to work on /home/airflow/.local/lib/python3.8/site-packages/airflow/example_dags/example_dag_decorator.py
[2025-05-20T07:58:20.229+0000] {processor.py:830} INFO - Processing file /home/airflow/.local/lib/python3.8/site-packages/airflow/example_dags/example_dag_decorator.py for tasks to queue
[2025-05-20T07:58:20.232+0000] {logging_mixin.py:188} INFO - [2025-05-20T07:58:20.232+0000] {dagbag.py:538} INFO - Filling up the DagBag from /home/airflow/.local/lib/python3.8/site-packages/airflow/example_dags/example_dag_decorator.py
[2025-05-20T07:58:20.639+0000] {processor.py:840} INFO - DAG(s) 'example_dag_decorator' retrieved from /home/airflow/.local/lib/python3.8/site-packages/airflow/example_dags/example_dag_decorator.py
[2025-05-20T07:58:21.057+0000] {logging_mixin.py:188} INFO - [2025-05-20T07:58:21.056+0000] {dag.py:3036} INFO - Sync 1 DAGs
[2025-05-20T07:58:21.087+0000] {logging_mixin.py:188} INFO - [2025-05-20T07:58:21.087+0000] {dag.py:3823} INFO - Setting next_dagrun for example_dag_decorator to None, run_after=None
[2025-05-20T07:58:21.128+0000] {processor.py:183} INFO - Processing /home/airflow/.local/lib/python3.8/site-packages/airflow/example_dags/example_dag_decorator.py took 0.908 seconds
[2025-05-20T07:58:51.325+0000] {processor.py:161} INFO - Started process (PID=1753) to work on /home/airflow/.local/lib/python3.8/site-packages/airflow/example_dags/example_dag_decorator.py
[2025-05-20T07:58:51.327+0000] {processor.py:830} INFO - Processing file /home/airflow/.local/lib/python3.8/site-packages/airflow/example_dags/example_dag_decorator.py for tasks to queue
[2025-05-20T07:58:51.331+0000] {logging_mixin.py:188} INFO - [2025-05-20T07:58:51.331+0000] {dagbag.py:538} INFO - Filling up the DagBag from /home/airflow/.local/lib/python3.8/site-packages/airflow/example_dags/example_dag_decorator.py
[2025-05-20T07:58:51.734+0000] {processor.py:840} INFO - DAG(s) 'example_dag_decorator' retrieved from /home/airflow/.local/lib/python3.8/site-packages/airflow/example_dags/example_dag_decorator.py
[2025-05-20T07:58:51.961+0000] {logging_mixin.py:188} INFO - [2025-05-20T07:58:51.961+0000] {dag.py:3036} INFO - Sync 1 DAGs
[2025-05-20T07:58:51.991+0000] {logging_mixin.py:188} INFO - [2025-05-20T07:58:51.991+0000] {dag.py:3823} INFO - Setting next_dagrun for example_dag_decorator to None, run_after=None
[2025-05-20T07:58:52.035+0000] {processor.py:183} INFO - Processing /home/airflow/.local/lib/python3.8/site-packages/airflow/example_dags/example_dag_decorator.py took 0.717 seconds
[2025-05-20T07:59:22.728+0000] {processor.py:161} INFO - Started process (PID=1818) to work on /home/airflow/.local/lib/python3.8/site-packages/airflow/example_dags/example_dag_decorator.py
[2025-05-20T07:59:22.730+0000] {processor.py:830} INFO - Processing file /home/airflow/.local/lib/python3.8/site-packages/airflow/example_dags/example_dag_decorator.py for tasks to queue
[2025-05-20T07:59:22.733+0000] {logging_mixin.py:188} INFO - [2025-05-20T07:59:22.733+0000] {dagbag.py:538} INFO - Filling up the DagBag from /home/airflow/.local/lib/python3.8/site-packages/airflow/example_dags/example_dag_decorator.py
[2025-05-20T07:59:23.152+0000] {processor.py:840} INFO - DAG(s) 'example_dag_decorator' retrieved from /home/airflow/.local/lib/python3.8/site-packages/airflow/example_dags/example_dag_decorator.py
[2025-05-20T07:59:23.369+0000] {logging_mixin.py:188} INFO - [2025-05-20T07:59:23.369+0000] {dag.py:3036} INFO - Sync 1 DAGs
[2025-05-20T07:59:23.398+0000] {logging_mixin.py:188} INFO - [2025-05-20T07:59:23.398+0000] {dag.py:3823} INFO - Setting next_dagrun for example_dag_decorator to None, run_after=None
[2025-05-20T07:59:23.439+0000] {processor.py:183} INFO - Processing /home/airflow/.local/lib/python3.8/site-packages/airflow/example_dags/example_dag_decorator.py took 0.719 seconds
[2025-05-20T07:59:53.946+0000] {processor.py:161} INFO - Started process (PID=1883) to work on /home/airflow/.local/lib/python3.8/site-packages/airflow/example_dags/example_dag_decorator.py
[2025-05-20T07:59:53.948+0000] {processor.py:830} INFO - Processing file /home/airflow/.local/lib/python3.8/site-packages/airflow/example_dags/example_dag_decorator.py for tasks to queue
[2025-05-20T07:59:53.950+0000] {logging_mixin.py:188} INFO - [2025-05-20T07:59:53.950+0000] {dagbag.py:538} INFO - Filling up the DagBag from /home/airflow/.local/lib/python3.8/site-packages/airflow/example_dags/example_dag_decorator.py
[2025-05-20T07:59:54.317+0000] {processor.py:840} INFO - DAG(s) 'example_dag_decorator' retrieved from /home/airflow/.local/lib/python3.8/site-packages/airflow/example_dags/example_dag_decorator.py
[2025-05-20T07:59:54.611+0000] {logging_mixin.py:188} INFO - [2025-05-20T07:59:54.611+0000] {dag.py:3036} INFO - Sync 1 DAGs
[2025-05-20T07:59:54.630+0000] {logging_mixin.py:188} INFO - [2025-05-20T07:59:54.630+0000] {dag.py:3823} INFO - Setting next_dagrun for example_dag_decorator to None, run_after=None
[2025-05-20T07:59:54.681+0000] {processor.py:183} INFO - Processing /home/airflow/.local/lib/python3.8/site-packages/airflow/example_dags/example_dag_decorator.py took 0.741 seconds
[2025-05-20T08:00:26.418+0000] {processor.py:161} INFO - Started process (PID=1948) to work on /home/airflow/.local/lib/python3.8/site-packages/airflow/example_dags/example_dag_decorator.py
[2025-05-20T08:00:26.420+0000] {processor.py:830} INFO - Processing file /home/airflow/.local/lib/python3.8/site-packages/airflow/example_dags/example_dag_decorator.py for tasks to queue
[2025-05-20T08:00:26.424+0000] {logging_mixin.py:188} INFO - [2025-05-20T08:00:26.423+0000] {dagbag.py:538} INFO - Filling up the DagBag from /home/airflow/.local/lib/python3.8/site-packages/airflow/example_dags/example_dag_decorator.py
[2025-05-20T08:00:26.787+0000] {processor.py:840} INFO - DAG(s) 'example_dag_decorator' retrieved from /home/airflow/.local/lib/python3.8/site-packages/airflow/example_dags/example_dag_decorator.py
[2025-05-20T08:00:27.040+0000] {logging_mixin.py:188} INFO - [2025-05-20T08:00:27.040+0000] {dag.py:3036} INFO - Sync 1 DAGs
[2025-05-20T08:00:27.060+0000] {logging_mixin.py:188} INFO - [2025-05-20T08:00:27.059+0000] {dag.py:3823} INFO - Setting next_dagrun for example_dag_decorator to None, run_after=None
[2025-05-20T08:00:27.097+0000] {processor.py:183} INFO - Processing /home/airflow/.local/lib/python3.8/site-packages/airflow/example_dags/example_dag_decorator.py took 0.686 seconds
[2025-05-20T08:00:58.121+0000] {processor.py:161} INFO - Started process (PID=2013) to work on /home/airflow/.local/lib/python3.8/site-packages/airflow/example_dags/example_dag_decorator.py
[2025-05-20T08:00:58.123+0000] {processor.py:830} INFO - Processing file /home/airflow/.local/lib/python3.8/site-packages/airflow/example_dags/example_dag_decorator.py for tasks to queue
[2025-05-20T08:00:58.128+0000] {logging_mixin.py:188} INFO - [2025-05-20T08:00:58.127+0000] {dagbag.py:538} INFO - Filling up the DagBag from /home/airflow/.local/lib/python3.8/site-packages/airflow/example_dags/example_dag_decorator.py
[2025-05-20T08:00:58.498+0000] {processor.py:840} INFO - DAG(s) 'example_dag_decorator' retrieved from /home/airflow/.local/lib/python3.8/site-packages/airflow/example_dags/example_dag_decorator.py
[2025-05-20T08:00:58.705+0000] {logging_mixin.py:188} INFO - [2025-05-20T08:00:58.704+0000] {dag.py:3036} INFO - Sync 1 DAGs
[2025-05-20T08:00:58.727+0000] {logging_mixin.py:188} INFO - [2025-05-20T08:00:58.726+0000] {dag.py:3823} INFO - Setting next_dagrun for example_dag_decorator to None, run_after=None
[2025-05-20T08:00:58.769+0000] {processor.py:183} INFO - Processing /home/airflow/.local/lib/python3.8/site-packages/airflow/example_dags/example_dag_decorator.py took 0.653 seconds
[2025-05-20T08:01:29.595+0000] {processor.py:161} INFO - Started process (PID=2078) to work on /home/airflow/.local/lib/python3.8/site-packages/airflow/example_dags/example_dag_decorator.py
[2025-05-20T08:01:29.599+0000] {processor.py:830} INFO - Processing file /home/airflow/.local/lib/python3.8/site-packages/airflow/example_dags/example_dag_decorator.py for tasks to queue
[2025-05-20T08:01:29.607+0000] {logging_mixin.py:188} INFO - [2025-05-20T08:01:29.606+0000] {dagbag.py:538} INFO - Filling up the DagBag from /home/airflow/.local/lib/python3.8/site-packages/airflow/example_dags/example_dag_decorator.py
[2025-05-20T08:01:29.973+0000] {processor.py:840} INFO - DAG(s) 'example_dag_decorator' retrieved from /home/airflow/.local/lib/python3.8/site-packages/airflow/example_dags/example_dag_decorator.py
[2025-05-20T08:01:30.196+0000] {logging_mixin.py:188} INFO - [2025-05-20T08:01:30.195+0000] {dag.py:3036} INFO - Sync 1 DAGs
[2025-05-20T08:01:30.216+0000] {logging_mixin.py:188} INFO - [2025-05-20T08:01:30.216+0000] {dag.py:3823} INFO - Setting next_dagrun for example_dag_decorator to None, run_after=None
[2025-05-20T08:01:30.264+0000] {processor.py:183} INFO - Processing /home/airflow/.local/lib/python3.8/site-packages/airflow/example_dags/example_dag_decorator.py took 0.681 seconds
[2025-05-20T08:02:00.420+0000] {processor.py:161} INFO - Started process (PID=2144) to work on /home/airflow/.local/lib/python3.8/site-packages/airflow/example_dags/example_dag_decorator.py
[2025-05-20T08:02:00.421+0000] {processor.py:830} INFO - Processing file /home/airflow/.local/lib/python3.8/site-packages/airflow/example_dags/example_dag_decorator.py for tasks to queue
[2025-05-20T08:02:00.424+0000] {logging_mixin.py:188} INFO - [2025-05-20T08:02:00.424+0000] {dagbag.py:538} INFO - Filling up the DagBag from /home/airflow/.local/lib/python3.8/site-packages/airflow/example_dags/example_dag_decorator.py
[2025-05-20T08:02:00.652+0000] {processor.py:840} INFO - DAG(s) 'example_dag_decorator' retrieved from /home/airflow/.local/lib/python3.8/site-packages/airflow/example_dags/example_dag_decorator.py
[2025-05-20T08:02:00.734+0000] {logging_mixin.py:188} INFO - [2025-05-20T08:02:00.733+0000] {dag.py:3036} INFO - Sync 1 DAGs
[2025-05-20T08:02:00.772+0000] {logging_mixin.py:188} INFO - [2025-05-20T08:02:00.771+0000] {dag.py:3823} INFO - Setting next_dagrun for example_dag_decorator to None, run_after=None
[2025-05-20T08:02:00.826+0000] {processor.py:183} INFO - Processing /home/airflow/.local/lib/python3.8/site-packages/airflow/example_dags/example_dag_decorator.py took 0.411 seconds
[2025-05-20T08:02:31.103+0000] {processor.py:161} INFO - Started process (PID=2208) to work on /home/airflow/.local/lib/python3.8/site-packages/airflow/example_dags/example_dag_decorator.py
[2025-05-20T08:02:31.105+0000] {processor.py:830} INFO - Processing file /home/airflow/.local/lib/python3.8/site-packages/airflow/example_dags/example_dag_decorator.py for tasks to queue
[2025-05-20T08:02:31.109+0000] {logging_mixin.py:188} INFO - [2025-05-20T08:02:31.109+0000] {dagbag.py:538} INFO - Filling up the DagBag from /home/airflow/.local/lib/python3.8/site-packages/airflow/example_dags/example_dag_decorator.py
[2025-05-20T08:02:31.371+0000] {processor.py:840} INFO - DAG(s) 'example_dag_decorator' retrieved from /home/airflow/.local/lib/python3.8/site-packages/airflow/example_dags/example_dag_decorator.py
[2025-05-20T08:02:31.436+0000] {logging_mixin.py:188} INFO - [2025-05-20T08:02:31.435+0000] {dag.py:3036} INFO - Sync 1 DAGs
[2025-05-20T08:02:31.471+0000] {logging_mixin.py:188} INFO - [2025-05-20T08:02:31.470+0000] {dag.py:3823} INFO - Setting next_dagrun for example_dag_decorator to None, run_after=None
[2025-05-20T08:02:31.528+0000] {processor.py:183} INFO - Processing /home/airflow/.local/lib/python3.8/site-packages/airflow/example_dags/example_dag_decorator.py took 0.432 seconds
[2025-05-20T08:03:01.774+0000] {processor.py:161} INFO - Started process (PID=2274) to work on /home/airflow/.local/lib/python3.8/site-packages/airflow/example_dags/example_dag_decorator.py
[2025-05-20T08:03:01.776+0000] {processor.py:830} INFO - Processing file /home/airflow/.local/lib/python3.8/site-packages/airflow/example_dags/example_dag_decorator.py for tasks to queue
[2025-05-20T08:03:01.780+0000] {logging_mixin.py:188} INFO - [2025-05-20T08:03:01.779+0000] {dagbag.py:538} INFO - Filling up the DagBag from /home/airflow/.local/lib/python3.8/site-packages/airflow/example_dags/example_dag_decorator.py
[2025-05-20T08:03:02.007+0000] {processor.py:840} INFO - DAG(s) 'example_dag_decorator' retrieved from /home/airflow/.local/lib/python3.8/site-packages/airflow/example_dags/example_dag_decorator.py
[2025-05-20T08:03:02.046+0000] {logging_mixin.py:188} INFO - [2025-05-20T08:03:02.046+0000] {dag.py:3036} INFO - Sync 1 DAGs
[2025-05-20T08:03:02.071+0000] {logging_mixin.py:188} INFO - [2025-05-20T08:03:02.071+0000] {dag.py:3823} INFO - Setting next_dagrun for example_dag_decorator to None, run_after=None
[2025-05-20T08:03:02.108+0000] {processor.py:183} INFO - Processing /home/airflow/.local/lib/python3.8/site-packages/airflow/example_dags/example_dag_decorator.py took 0.339 seconds
[2025-05-20T08:03:33.345+0000] {processor.py:161} INFO - Started process (PID=2339) to work on /home/airflow/.local/lib/python3.8/site-packages/airflow/example_dags/example_dag_decorator.py
[2025-05-20T08:03:33.347+0000] {processor.py:830} INFO - Processing file /home/airflow/.local/lib/python3.8/site-packages/airflow/example_dags/example_dag_decorator.py for tasks to queue
[2025-05-20T08:03:33.350+0000] {logging_mixin.py:188} INFO - [2025-05-20T08:03:33.350+0000] {dagbag.py:538} INFO - Filling up the DagBag from /home/airflow/.local/lib/python3.8/site-packages/airflow/example_dags/example_dag_decorator.py
[2025-05-20T08:03:33.548+0000] {processor.py:840} INFO - DAG(s) 'example_dag_decorator' retrieved from /home/airflow/.local/lib/python3.8/site-packages/airflow/example_dags/example_dag_decorator.py
[2025-05-20T08:03:33.609+0000] {logging_mixin.py:188} INFO - [2025-05-20T08:03:33.608+0000] {dag.py:3036} INFO - Sync 1 DAGs
[2025-05-20T08:03:33.633+0000] {logging_mixin.py:188} INFO - [2025-05-20T08:03:33.633+0000] {dag.py:3823} INFO - Setting next_dagrun for example_dag_decorator to None, run_after=None
[2025-05-20T08:03:33.671+0000] {processor.py:183} INFO - Processing /home/airflow/.local/lib/python3.8/site-packages/airflow/example_dags/example_dag_decorator.py took 0.331 seconds
[2025-05-20T08:04:04.363+0000] {processor.py:161} INFO - Started process (PID=2404) to work on /home/airflow/.local/lib/python3.8/site-packages/airflow/example_dags/example_dag_decorator.py
[2025-05-20T08:04:04.365+0000] {processor.py:830} INFO - Processing file /home/airflow/.local/lib/python3.8/site-packages/airflow/example_dags/example_dag_decorator.py for tasks to queue
[2025-05-20T08:04:04.370+0000] {logging_mixin.py:188} INFO - [2025-05-20T08:04:04.369+0000] {dagbag.py:538} INFO - Filling up the DagBag from /home/airflow/.local/lib/python3.8/site-packages/airflow/example_dags/example_dag_decorator.py
[2025-05-20T08:04:04.655+0000] {processor.py:840} INFO - DAG(s) 'example_dag_decorator' retrieved from /home/airflow/.local/lib/python3.8/site-packages/airflow/example_dags/example_dag_decorator.py
[2025-05-20T08:04:04.723+0000] {logging_mixin.py:188} INFO - [2025-05-20T08:04:04.722+0000] {dag.py:3036} INFO - Sync 1 DAGs
[2025-05-20T08:04:04.753+0000] {logging_mixin.py:188} INFO - [2025-05-20T08:04:04.752+0000] {dag.py:3823} INFO - Setting next_dagrun for example_dag_decorator to None, run_after=None
[2025-05-20T08:04:04.799+0000] {processor.py:183} INFO - Processing /home/airflow/.local/lib/python3.8/site-packages/airflow/example_dags/example_dag_decorator.py took 0.443 seconds
