[2025-05-20T07:45:14.160+0000] {processor.py:161} INFO - Started process (PID=61) to work on /home/airflow/.local/lib/python3.8/site-packages/airflow/example_dags/example_short_circuit_operator.py
[2025-05-20T07:45:14.163+0000] {processor.py:830} INFO - Processing file /home/airflow/.local/lib/python3.8/site-packages/airflow/example_dags/example_short_circuit_operator.py for tasks to queue
[2025-05-20T07:45:14.167+0000] {logging_mixin.py:188} INFO - [2025-05-20T07:45:14.166+0000] {dagbag.py:538} INFO - Filling up the DagBag from /home/airflow/.local/lib/python3.8/site-packages/airflow/example_dags/example_short_circuit_operator.py
[2025-05-20T07:45:14.198+0000] {processor.py:840} INFO - DAG(s) 'example_short_circuit_operator' retrieved from /home/airflow/.local/lib/python3.8/site-packages/airflow/example_dags/example_short_circuit_operator.py
[2025-05-20T07:45:14.478+0000] {logging_mixin.py:188} INFO - [2025-05-20T07:45:14.477+0000] {dag.py:3036} INFO - Sync 1 DAGs
[2025-05-20T07:45:14.542+0000] {logging_mixin.py:188} INFO - [2025-05-20T07:45:14.541+0000] {dag.py:3823} INFO - Setting next_dagrun for example_short_circuit_operator to 2025-05-19 00:00:00+00:00, run_after=2025-05-20 00:00:00+00:00
[2025-05-20T07:45:14.592+0000] {processor.py:183} INFO - Processing /home/airflow/.local/lib/python3.8/site-packages/airflow/example_dags/example_short_circuit_operator.py took 0.439 seconds
[2025-05-20T07:45:45.145+0000] {processor.py:161} INFO - Started process (PID=126) to work on /home/airflow/.local/lib/python3.8/site-packages/airflow/example_dags/example_short_circuit_operator.py
[2025-05-20T07:45:45.147+0000] {processor.py:830} INFO - Processing file /home/airflow/.local/lib/python3.8/site-packages/airflow/example_dags/example_short_circuit_operator.py for tasks to queue
[2025-05-20T07:45:45.151+0000] {logging_mixin.py:188} INFO - [2025-05-20T07:45:45.150+0000] {dagbag.py:538} INFO - Filling up the DagBag from /home/airflow/.local/lib/python3.8/site-packages/airflow/example_dags/example_short_circuit_operator.py
[2025-05-20T07:45:45.171+0000] {processor.py:840} INFO - DAG(s) 'example_short_circuit_operator' retrieved from /home/airflow/.local/lib/python3.8/site-packages/airflow/example_dags/example_short_circuit_operator.py
[2025-05-20T07:45:45.213+0000] {logging_mixin.py:188} INFO - [2025-05-20T07:45:45.212+0000] {dag.py:3036} INFO - Sync 1 DAGs
[2025-05-20T07:45:45.255+0000] {logging_mixin.py:188} INFO - [2025-05-20T07:45:45.254+0000] {dag.py:3823} INFO - Setting next_dagrun for example_short_circuit_operator to 2025-05-19 00:00:00+00:00, run_after=2025-05-20 00:00:00+00:00
[2025-05-20T07:45:45.291+0000] {processor.py:183} INFO - Processing /home/airflow/.local/lib/python3.8/site-packages/airflow/example_dags/example_short_circuit_operator.py took 0.152 seconds
[2025-05-20T07:46:16.124+0000] {processor.py:161} INFO - Started process (PID=191) to work on /home/airflow/.local/lib/python3.8/site-packages/airflow/example_dags/example_short_circuit_operator.py
[2025-05-20T07:46:16.126+0000] {processor.py:830} INFO - Processing file /home/airflow/.local/lib/python3.8/site-packages/airflow/example_dags/example_short_circuit_operator.py for tasks to queue
[2025-05-20T07:46:16.130+0000] {logging_mixin.py:188} INFO - [2025-05-20T07:46:16.129+0000] {dagbag.py:538} INFO - Filling up the DagBag from /home/airflow/.local/lib/python3.8/site-packages/airflow/example_dags/example_short_circuit_operator.py
[2025-05-20T07:46:16.146+0000] {processor.py:840} INFO - DAG(s) 'example_short_circuit_operator' retrieved from /home/airflow/.local/lib/python3.8/site-packages/airflow/example_dags/example_short_circuit_operator.py
[2025-05-20T07:46:16.187+0000] {logging_mixin.py:188} INFO - [2025-05-20T07:46:16.186+0000] {dag.py:3036} INFO - Sync 1 DAGs
[2025-05-20T07:46:16.231+0000] {logging_mixin.py:188} INFO - [2025-05-20T07:46:16.231+0000] {dag.py:3823} INFO - Setting next_dagrun for example_short_circuit_operator to 2025-05-19 00:00:00+00:00, run_after=2025-05-20 00:00:00+00:00
[2025-05-20T07:46:16.270+0000] {processor.py:183} INFO - Processing /home/airflow/.local/lib/python3.8/site-packages/airflow/example_dags/example_short_circuit_operator.py took 0.153 seconds
[2025-05-20T07:46:47.855+0000] {processor.py:161} INFO - Started process (PID=256) to work on /home/airflow/.local/lib/python3.8/site-packages/airflow/example_dags/example_short_circuit_operator.py
[2025-05-20T07:46:47.859+0000] {processor.py:830} INFO - Processing file /home/airflow/.local/lib/python3.8/site-packages/airflow/example_dags/example_short_circuit_operator.py for tasks to queue
[2025-05-20T07:46:47.866+0000] {logging_mixin.py:188} INFO - [2025-05-20T07:46:47.865+0000] {dagbag.py:538} INFO - Filling up the DagBag from /home/airflow/.local/lib/python3.8/site-packages/airflow/example_dags/example_short_circuit_operator.py
[2025-05-20T07:46:47.904+0000] {processor.py:840} INFO - DAG(s) 'example_short_circuit_operator' retrieved from /home/airflow/.local/lib/python3.8/site-packages/airflow/example_dags/example_short_circuit_operator.py
[2025-05-20T07:46:48.003+0000] {logging_mixin.py:188} INFO - [2025-05-20T07:46:48.002+0000] {dag.py:3036} INFO - Sync 1 DAGs
[2025-05-20T07:46:48.094+0000] {logging_mixin.py:188} INFO - [2025-05-20T07:46:48.093+0000] {dag.py:3823} INFO - Setting next_dagrun for example_short_circuit_operator to 2025-05-19 00:00:00+00:00, run_after=2025-05-20 00:00:00+00:00
[2025-05-20T07:46:48.186+0000] {processor.py:183} INFO - Processing /home/airflow/.local/lib/python3.8/site-packages/airflow/example_dags/example_short_circuit_operator.py took 0.343 seconds
[2025-05-20T07:47:20.219+0000] {processor.py:161} INFO - Started process (PID=321) to work on /home/airflow/.local/lib/python3.8/site-packages/airflow/example_dags/example_short_circuit_operator.py
[2025-05-20T07:47:20.221+0000] {processor.py:830} INFO - Processing file /home/airflow/.local/lib/python3.8/site-packages/airflow/example_dags/example_short_circuit_operator.py for tasks to queue
[2025-05-20T07:47:20.224+0000] {logging_mixin.py:188} INFO - [2025-05-20T07:47:20.224+0000] {dagbag.py:538} INFO - Filling up the DagBag from /home/airflow/.local/lib/python3.8/site-packages/airflow/example_dags/example_short_circuit_operator.py
[2025-05-20T07:47:20.244+0000] {processor.py:840} INFO - DAG(s) 'example_short_circuit_operator' retrieved from /home/airflow/.local/lib/python3.8/site-packages/airflow/example_dags/example_short_circuit_operator.py
[2025-05-20T07:47:20.292+0000] {logging_mixin.py:188} INFO - [2025-05-20T07:47:20.292+0000] {dag.py:3036} INFO - Sync 1 DAGs
[2025-05-20T07:47:20.336+0000] {logging_mixin.py:188} INFO - [2025-05-20T07:47:20.335+0000] {dag.py:3823} INFO - Setting next_dagrun for example_short_circuit_operator to 2025-05-19 00:00:00+00:00, run_after=2025-05-20 00:00:00+00:00
[2025-05-20T07:47:20.386+0000] {processor.py:183} INFO - Processing /home/airflow/.local/lib/python3.8/site-packages/airflow/example_dags/example_short_circuit_operator.py took 0.174 seconds
[2025-05-20T07:47:51.700+0000] {processor.py:161} INFO - Started process (PID=386) to work on /home/airflow/.local/lib/python3.8/site-packages/airflow/example_dags/example_short_circuit_operator.py
[2025-05-20T07:47:51.702+0000] {processor.py:830} INFO - Processing file /home/airflow/.local/lib/python3.8/site-packages/airflow/example_dags/example_short_circuit_operator.py for tasks to queue
[2025-05-20T07:47:51.707+0000] {logging_mixin.py:188} INFO - [2025-05-20T07:47:51.706+0000] {dagbag.py:538} INFO - Filling up the DagBag from /home/airflow/.local/lib/python3.8/site-packages/airflow/example_dags/example_short_circuit_operator.py
[2025-05-20T07:47:51.741+0000] {processor.py:840} INFO - DAG(s) 'example_short_circuit_operator' retrieved from /home/airflow/.local/lib/python3.8/site-packages/airflow/example_dags/example_short_circuit_operator.py
[2025-05-20T07:47:51.820+0000] {logging_mixin.py:188} INFO - [2025-05-20T07:47:51.819+0000] {dag.py:3036} INFO - Sync 1 DAGs
[2025-05-20T07:47:51.912+0000] {logging_mixin.py:188} INFO - [2025-05-20T07:47:51.911+0000] {dag.py:3823} INFO - Setting next_dagrun for example_short_circuit_operator to 2025-05-19 00:00:00+00:00, run_after=2025-05-20 00:00:00+00:00
[2025-05-20T07:47:51.973+0000] {processor.py:183} INFO - Processing /home/airflow/.local/lib/python3.8/site-packages/airflow/example_dags/example_short_circuit_operator.py took 0.280 seconds
[2025-05-20T07:48:23.776+0000] {processor.py:161} INFO - Started process (PID=451) to work on /home/airflow/.local/lib/python3.8/site-packages/airflow/example_dags/example_short_circuit_operator.py
[2025-05-20T07:48:23.778+0000] {processor.py:830} INFO - Processing file /home/airflow/.local/lib/python3.8/site-packages/airflow/example_dags/example_short_circuit_operator.py for tasks to queue
[2025-05-20T07:48:23.782+0000] {logging_mixin.py:188} INFO - [2025-05-20T07:48:23.782+0000] {dagbag.py:538} INFO - Filling up the DagBag from /home/airflow/.local/lib/python3.8/site-packages/airflow/example_dags/example_short_circuit_operator.py
[2025-05-20T07:48:23.797+0000] {processor.py:840} INFO - DAG(s) 'example_short_circuit_operator' retrieved from /home/airflow/.local/lib/python3.8/site-packages/airflow/example_dags/example_short_circuit_operator.py
[2025-05-20T07:48:23.850+0000] {logging_mixin.py:188} INFO - [2025-05-20T07:48:23.850+0000] {dag.py:3036} INFO - Sync 1 DAGs
[2025-05-20T07:48:23.971+0000] {logging_mixin.py:188} INFO - [2025-05-20T07:48:23.970+0000] {dag.py:3823} INFO - Setting next_dagrun for example_short_circuit_operator to 2025-05-19 00:00:00+00:00, run_after=2025-05-20 00:00:00+00:00
[2025-05-20T07:48:24.037+0000] {processor.py:183} INFO - Processing /home/airflow/.local/lib/python3.8/site-packages/airflow/example_dags/example_short_circuit_operator.py took 0.266 seconds
[2025-05-20T07:48:54.293+0000] {processor.py:161} INFO - Started process (PID=516) to work on /home/airflow/.local/lib/python3.8/site-packages/airflow/example_dags/example_short_circuit_operator.py
[2025-05-20T07:48:54.296+0000] {processor.py:830} INFO - Processing file /home/airflow/.local/lib/python3.8/site-packages/airflow/example_dags/example_short_circuit_operator.py for tasks to queue
[2025-05-20T07:48:54.310+0000] {logging_mixin.py:188} INFO - [2025-05-20T07:48:54.310+0000] {dagbag.py:538} INFO - Filling up the DagBag from /home/airflow/.local/lib/python3.8/site-packages/airflow/example_dags/example_short_circuit_operator.py
[2025-05-20T07:48:54.331+0000] {processor.py:840} INFO - DAG(s) 'example_short_circuit_operator' retrieved from /home/airflow/.local/lib/python3.8/site-packages/airflow/example_dags/example_short_circuit_operator.py
[2025-05-20T07:48:54.385+0000] {logging_mixin.py:188} INFO - [2025-05-20T07:48:54.384+0000] {dag.py:3036} INFO - Sync 1 DAGs
[2025-05-20T07:48:54.432+0000] {logging_mixin.py:188} INFO - [2025-05-20T07:48:54.431+0000] {dag.py:3823} INFO - Setting next_dagrun for example_short_circuit_operator to 2025-05-19 00:00:00+00:00, run_after=2025-05-20 00:00:00+00:00
[2025-05-20T07:48:54.460+0000] {processor.py:183} INFO - Processing /home/airflow/.local/lib/python3.8/site-packages/airflow/example_dags/example_short_circuit_operator.py took 0.174 seconds
[2025-05-20T07:49:24.908+0000] {processor.py:161} INFO - Started process (PID=580) to work on /home/airflow/.local/lib/python3.8/site-packages/airflow/example_dags/example_short_circuit_operator.py
[2025-05-20T07:49:24.910+0000] {processor.py:830} INFO - Processing file /home/airflow/.local/lib/python3.8/site-packages/airflow/example_dags/example_short_circuit_operator.py for tasks to queue
[2025-05-20T07:49:24.914+0000] {logging_mixin.py:188} INFO - [2025-05-20T07:49:24.913+0000] {dagbag.py:538} INFO - Filling up the DagBag from /home/airflow/.local/lib/python3.8/site-packages/airflow/example_dags/example_short_circuit_operator.py
[2025-05-20T07:49:24.928+0000] {processor.py:840} INFO - DAG(s) 'example_short_circuit_operator' retrieved from /home/airflow/.local/lib/python3.8/site-packages/airflow/example_dags/example_short_circuit_operator.py
[2025-05-20T07:49:24.972+0000] {logging_mixin.py:188} INFO - [2025-05-20T07:49:24.972+0000] {dag.py:3036} INFO - Sync 1 DAGs
[2025-05-20T07:49:25.028+0000] {logging_mixin.py:188} INFO - [2025-05-20T07:49:25.027+0000] {dag.py:3823} INFO - Setting next_dagrun for example_short_circuit_operator to 2025-05-19 00:00:00+00:00, run_after=2025-05-20 00:00:00+00:00
[2025-05-20T07:49:25.078+0000] {processor.py:183} INFO - Processing /home/airflow/.local/lib/python3.8/site-packages/airflow/example_dags/example_short_circuit_operator.py took 0.175 seconds
[2025-05-20T07:49:56.454+0000] {processor.py:161} INFO - Started process (PID=646) to work on /home/airflow/.local/lib/python3.8/site-packages/airflow/example_dags/example_short_circuit_operator.py
[2025-05-20T07:49:56.457+0000] {processor.py:830} INFO - Processing file /home/airflow/.local/lib/python3.8/site-packages/airflow/example_dags/example_short_circuit_operator.py for tasks to queue
[2025-05-20T07:49:56.463+0000] {logging_mixin.py:188} INFO - [2025-05-20T07:49:56.462+0000] {dagbag.py:538} INFO - Filling up the DagBag from /home/airflow/.local/lib/python3.8/site-packages/airflow/example_dags/example_short_circuit_operator.py
[2025-05-20T07:49:56.489+0000] {processor.py:840} INFO - DAG(s) 'example_short_circuit_operator' retrieved from /home/airflow/.local/lib/python3.8/site-packages/airflow/example_dags/example_short_circuit_operator.py
[2025-05-20T07:49:56.562+0000] {logging_mixin.py:188} INFO - [2025-05-20T07:49:56.561+0000] {dag.py:3036} INFO - Sync 1 DAGs
[2025-05-20T07:49:56.604+0000] {logging_mixin.py:188} INFO - [2025-05-20T07:49:56.603+0000] {dag.py:3823} INFO - Setting next_dagrun for example_short_circuit_operator to 2025-05-19 00:00:00+00:00, run_after=2025-05-20 00:00:00+00:00
[2025-05-20T07:49:56.673+0000] {processor.py:183} INFO - Processing /home/airflow/.local/lib/python3.8/site-packages/airflow/example_dags/example_short_circuit_operator.py took 0.233 seconds
[2025-05-20T07:50:28.430+0000] {processor.py:161} INFO - Started process (PID=711) to work on /home/airflow/.local/lib/python3.8/site-packages/airflow/example_dags/example_short_circuit_operator.py
[2025-05-20T07:50:28.431+0000] {processor.py:830} INFO - Processing file /home/airflow/.local/lib/python3.8/site-packages/airflow/example_dags/example_short_circuit_operator.py for tasks to queue
[2025-05-20T07:50:28.434+0000] {logging_mixin.py:188} INFO - [2025-05-20T07:50:28.434+0000] {dagbag.py:538} INFO - Filling up the DagBag from /home/airflow/.local/lib/python3.8/site-packages/airflow/example_dags/example_short_circuit_operator.py
[2025-05-20T07:50:28.447+0000] {processor.py:840} INFO - DAG(s) 'example_short_circuit_operator' retrieved from /home/airflow/.local/lib/python3.8/site-packages/airflow/example_dags/example_short_circuit_operator.py
[2025-05-20T07:50:28.486+0000] {logging_mixin.py:188} INFO - [2025-05-20T07:50:28.485+0000] {dag.py:3036} INFO - Sync 1 DAGs
[2025-05-20T07:50:28.526+0000] {logging_mixin.py:188} INFO - [2025-05-20T07:50:28.526+0000] {dag.py:3823} INFO - Setting next_dagrun for example_short_circuit_operator to 2025-05-19 00:00:00+00:00, run_after=2025-05-20 00:00:00+00:00
[2025-05-20T07:50:28.566+0000] {processor.py:183} INFO - Processing /home/airflow/.local/lib/python3.8/site-packages/airflow/example_dags/example_short_circuit_operator.py took 0.141 seconds
[2025-05-20T07:50:59.970+0000] {processor.py:161} INFO - Started process (PID=776) to work on /home/airflow/.local/lib/python3.8/site-packages/airflow/example_dags/example_short_circuit_operator.py
[2025-05-20T07:50:59.971+0000] {processor.py:830} INFO - Processing file /home/airflow/.local/lib/python3.8/site-packages/airflow/example_dags/example_short_circuit_operator.py for tasks to queue
[2025-05-20T07:50:59.974+0000] {logging_mixin.py:188} INFO - [2025-05-20T07:50:59.973+0000] {dagbag.py:538} INFO - Filling up the DagBag from /home/airflow/.local/lib/python3.8/site-packages/airflow/example_dags/example_short_circuit_operator.py
[2025-05-20T07:50:59.986+0000] {processor.py:840} INFO - DAG(s) 'example_short_circuit_operator' retrieved from /home/airflow/.local/lib/python3.8/site-packages/airflow/example_dags/example_short_circuit_operator.py
[2025-05-20T07:51:00.040+0000] {logging_mixin.py:188} INFO - [2025-05-20T07:51:00.040+0000] {dag.py:3036} INFO - Sync 1 DAGs
[2025-05-20T07:51:00.081+0000] {logging_mixin.py:188} INFO - [2025-05-20T07:51:00.080+0000] {dag.py:3823} INFO - Setting next_dagrun for example_short_circuit_operator to 2025-05-19 00:00:00+00:00, run_after=2025-05-20 00:00:00+00:00
[2025-05-20T07:51:00.125+0000] {processor.py:183} INFO - Processing /home/airflow/.local/lib/python3.8/site-packages/airflow/example_dags/example_short_circuit_operator.py took 0.160 seconds
[2025-05-20T07:51:31.427+0000] {processor.py:161} INFO - Started process (PID=841) to work on /home/airflow/.local/lib/python3.8/site-packages/airflow/example_dags/example_short_circuit_operator.py
[2025-05-20T07:51:31.429+0000] {processor.py:830} INFO - Processing file /home/airflow/.local/lib/python3.8/site-packages/airflow/example_dags/example_short_circuit_operator.py for tasks to queue
[2025-05-20T07:51:31.433+0000] {logging_mixin.py:188} INFO - [2025-05-20T07:51:31.433+0000] {dagbag.py:538} INFO - Filling up the DagBag from /home/airflow/.local/lib/python3.8/site-packages/airflow/example_dags/example_short_circuit_operator.py
[2025-05-20T07:51:31.448+0000] {processor.py:840} INFO - DAG(s) 'example_short_circuit_operator' retrieved from /home/airflow/.local/lib/python3.8/site-packages/airflow/example_dags/example_short_circuit_operator.py
[2025-05-20T07:51:31.494+0000] {logging_mixin.py:188} INFO - [2025-05-20T07:51:31.493+0000] {dag.py:3036} INFO - Sync 1 DAGs
[2025-05-20T07:51:31.559+0000] {logging_mixin.py:188} INFO - [2025-05-20T07:51:31.558+0000] {dag.py:3823} INFO - Setting next_dagrun for example_short_circuit_operator to 2025-05-19 00:00:00+00:00, run_after=2025-05-20 00:00:00+00:00
[2025-05-20T07:51:31.630+0000] {processor.py:183} INFO - Processing /home/airflow/.local/lib/python3.8/site-packages/airflow/example_dags/example_short_circuit_operator.py took 0.209 seconds
[2025-05-20T07:52:03.099+0000] {processor.py:161} INFO - Started process (PID=911) to work on /home/airflow/.local/lib/python3.8/site-packages/airflow/example_dags/example_short_circuit_operator.py
[2025-05-20T07:52:03.101+0000] {processor.py:830} INFO - Processing file /home/airflow/.local/lib/python3.8/site-packages/airflow/example_dags/example_short_circuit_operator.py for tasks to queue
[2025-05-20T07:52:03.105+0000] {logging_mixin.py:188} INFO - [2025-05-20T07:52:03.104+0000] {dagbag.py:538} INFO - Filling up the DagBag from /home/airflow/.local/lib/python3.8/site-packages/airflow/example_dags/example_short_circuit_operator.py
[2025-05-20T07:52:03.119+0000] {processor.py:840} INFO - DAG(s) 'example_short_circuit_operator' retrieved from /home/airflow/.local/lib/python3.8/site-packages/airflow/example_dags/example_short_circuit_operator.py
[2025-05-20T07:52:03.171+0000] {logging_mixin.py:188} INFO - [2025-05-20T07:52:03.170+0000] {dag.py:3036} INFO - Sync 1 DAGs
[2025-05-20T07:52:03.213+0000] {logging_mixin.py:188} INFO - [2025-05-20T07:52:03.212+0000] {dag.py:3823} INFO - Setting next_dagrun for example_short_circuit_operator to 2025-05-19 00:00:00+00:00, run_after=2025-05-20 00:00:00+00:00
[2025-05-20T07:52:03.247+0000] {processor.py:183} INFO - Processing /home/airflow/.local/lib/python3.8/site-packages/airflow/example_dags/example_short_circuit_operator.py took 0.154 seconds
[2025-05-20T07:52:34.333+0000] {processor.py:161} INFO - Started process (PID=976) to work on /home/airflow/.local/lib/python3.8/site-packages/airflow/example_dags/example_short_circuit_operator.py
[2025-05-20T07:52:34.336+0000] {processor.py:830} INFO - Processing file /home/airflow/.local/lib/python3.8/site-packages/airflow/example_dags/example_short_circuit_operator.py for tasks to queue
[2025-05-20T07:52:34.340+0000] {logging_mixin.py:188} INFO - [2025-05-20T07:52:34.339+0000] {dagbag.py:538} INFO - Filling up the DagBag from /home/airflow/.local/lib/python3.8/site-packages/airflow/example_dags/example_short_circuit_operator.py
[2025-05-20T07:52:34.364+0000] {processor.py:840} INFO - DAG(s) 'example_short_circuit_operator' retrieved from /home/airflow/.local/lib/python3.8/site-packages/airflow/example_dags/example_short_circuit_operator.py
[2025-05-20T07:52:34.418+0000] {logging_mixin.py:188} INFO - [2025-05-20T07:52:34.417+0000] {dag.py:3036} INFO - Sync 1 DAGs
[2025-05-20T07:52:34.465+0000] {logging_mixin.py:188} INFO - [2025-05-20T07:52:34.465+0000] {dag.py:3823} INFO - Setting next_dagrun for example_short_circuit_operator to 2025-05-19 00:00:00+00:00, run_after=2025-05-20 00:00:00+00:00
[2025-05-20T07:52:34.499+0000] {processor.py:183} INFO - Processing /home/airflow/.local/lib/python3.8/site-packages/airflow/example_dags/example_short_circuit_operator.py took 0.173 seconds
[2025-05-20T07:53:05.247+0000] {processor.py:161} INFO - Started process (PID=1041) to work on /home/airflow/.local/lib/python3.8/site-packages/airflow/example_dags/example_short_circuit_operator.py
[2025-05-20T07:53:05.249+0000] {processor.py:830} INFO - Processing file /home/airflow/.local/lib/python3.8/site-packages/airflow/example_dags/example_short_circuit_operator.py for tasks to queue
[2025-05-20T07:53:05.252+0000] {logging_mixin.py:188} INFO - [2025-05-20T07:53:05.251+0000] {dagbag.py:538} INFO - Filling up the DagBag from /home/airflow/.local/lib/python3.8/site-packages/airflow/example_dags/example_short_circuit_operator.py
[2025-05-20T07:53:05.264+0000] {processor.py:840} INFO - DAG(s) 'example_short_circuit_operator' retrieved from /home/airflow/.local/lib/python3.8/site-packages/airflow/example_dags/example_short_circuit_operator.py
[2025-05-20T07:53:05.304+0000] {logging_mixin.py:188} INFO - [2025-05-20T07:53:05.303+0000] {dag.py:3036} INFO - Sync 1 DAGs
[2025-05-20T07:53:05.343+0000] {logging_mixin.py:188} INFO - [2025-05-20T07:53:05.343+0000] {dag.py:3823} INFO - Setting next_dagrun for example_short_circuit_operator to 2025-05-19 00:00:00+00:00, run_after=2025-05-20 00:00:00+00:00
[2025-05-20T07:53:05.380+0000] {processor.py:183} INFO - Processing /home/airflow/.local/lib/python3.8/site-packages/airflow/example_dags/example_short_circuit_operator.py took 0.138 seconds
[2025-05-20T07:53:37.968+0000] {processor.py:161} INFO - Started process (PID=1106) to work on /home/airflow/.local/lib/python3.8/site-packages/airflow/example_dags/example_short_circuit_operator.py
[2025-05-20T07:53:37.970+0000] {processor.py:830} INFO - Processing file /home/airflow/.local/lib/python3.8/site-packages/airflow/example_dags/example_short_circuit_operator.py for tasks to queue
[2025-05-20T07:53:37.973+0000] {logging_mixin.py:188} INFO - [2025-05-20T07:53:37.972+0000] {dagbag.py:538} INFO - Filling up the DagBag from /home/airflow/.local/lib/python3.8/site-packages/airflow/example_dags/example_short_circuit_operator.py
[2025-05-20T07:53:37.988+0000] {processor.py:840} INFO - DAG(s) 'example_short_circuit_operator' retrieved from /home/airflow/.local/lib/python3.8/site-packages/airflow/example_dags/example_short_circuit_operator.py
[2025-05-20T07:53:38.032+0000] {logging_mixin.py:188} INFO - [2025-05-20T07:53:38.031+0000] {dag.py:3036} INFO - Sync 1 DAGs
[2025-05-20T07:53:38.076+0000] {logging_mixin.py:188} INFO - [2025-05-20T07:53:38.076+0000] {dag.py:3823} INFO - Setting next_dagrun for example_short_circuit_operator to 2025-05-19 00:00:00+00:00, run_after=2025-05-20 00:00:00+00:00
[2025-05-20T07:53:38.118+0000] {processor.py:183} INFO - Processing /home/airflow/.local/lib/python3.8/site-packages/airflow/example_dags/example_short_circuit_operator.py took 0.156 seconds
[2025-05-20T07:54:10.152+0000] {processor.py:161} INFO - Started process (PID=1172) to work on /home/airflow/.local/lib/python3.8/site-packages/airflow/example_dags/example_short_circuit_operator.py
[2025-05-20T07:54:10.155+0000] {processor.py:830} INFO - Processing file /home/airflow/.local/lib/python3.8/site-packages/airflow/example_dags/example_short_circuit_operator.py for tasks to queue
[2025-05-20T07:54:10.160+0000] {logging_mixin.py:188} INFO - [2025-05-20T07:54:10.159+0000] {dagbag.py:538} INFO - Filling up the DagBag from /home/airflow/.local/lib/python3.8/site-packages/airflow/example_dags/example_short_circuit_operator.py
[2025-05-20T07:54:10.180+0000] {processor.py:840} INFO - DAG(s) 'example_short_circuit_operator' retrieved from /home/airflow/.local/lib/python3.8/site-packages/airflow/example_dags/example_short_circuit_operator.py
[2025-05-20T07:54:10.244+0000] {logging_mixin.py:188} INFO - [2025-05-20T07:54:10.244+0000] {dag.py:3036} INFO - Sync 1 DAGs
[2025-05-20T07:54:10.308+0000] {logging_mixin.py:188} INFO - [2025-05-20T07:54:10.308+0000] {dag.py:3823} INFO - Setting next_dagrun for example_short_circuit_operator to 2025-05-19 00:00:00+00:00, run_after=2025-05-20 00:00:00+00:00
[2025-05-20T07:54:10.370+0000] {processor.py:183} INFO - Processing /home/airflow/.local/lib/python3.8/site-packages/airflow/example_dags/example_short_circuit_operator.py took 0.225 seconds
[2025-05-20T07:54:41.501+0000] {processor.py:161} INFO - Started process (PID=1236) to work on /home/airflow/.local/lib/python3.8/site-packages/airflow/example_dags/example_short_circuit_operator.py
[2025-05-20T07:54:41.506+0000] {processor.py:830} INFO - Processing file /home/airflow/.local/lib/python3.8/site-packages/airflow/example_dags/example_short_circuit_operator.py for tasks to queue
[2025-05-20T07:54:41.513+0000] {logging_mixin.py:188} INFO - [2025-05-20T07:54:41.511+0000] {dagbag.py:538} INFO - Filling up the DagBag from /home/airflow/.local/lib/python3.8/site-packages/airflow/example_dags/example_short_circuit_operator.py
[2025-05-20T07:54:41.537+0000] {processor.py:840} INFO - DAG(s) 'example_short_circuit_operator' retrieved from /home/airflow/.local/lib/python3.8/site-packages/airflow/example_dags/example_short_circuit_operator.py
[2025-05-20T07:54:41.578+0000] {logging_mixin.py:188} INFO - [2025-05-20T07:54:41.578+0000] {dag.py:3036} INFO - Sync 1 DAGs
[2025-05-20T07:54:41.632+0000] {logging_mixin.py:188} INFO - [2025-05-20T07:54:41.631+0000] {dag.py:3823} INFO - Setting next_dagrun for example_short_circuit_operator to 2025-05-19 00:00:00+00:00, run_after=2025-05-20 00:00:00+00:00
[2025-05-20T07:54:41.683+0000] {processor.py:183} INFO - Processing /home/airflow/.local/lib/python3.8/site-packages/airflow/example_dags/example_short_circuit_operator.py took 0.188 seconds
[2025-05-20T07:55:12.532+0000] {processor.py:161} INFO - Started process (PID=1301) to work on /home/airflow/.local/lib/python3.8/site-packages/airflow/example_dags/example_short_circuit_operator.py
[2025-05-20T07:55:12.534+0000] {processor.py:830} INFO - Processing file /home/airflow/.local/lib/python3.8/site-packages/airflow/example_dags/example_short_circuit_operator.py for tasks to queue
[2025-05-20T07:55:12.537+0000] {logging_mixin.py:188} INFO - [2025-05-20T07:55:12.537+0000] {dagbag.py:538} INFO - Filling up the DagBag from /home/airflow/.local/lib/python3.8/site-packages/airflow/example_dags/example_short_circuit_operator.py
[2025-05-20T07:55:12.551+0000] {processor.py:840} INFO - DAG(s) 'example_short_circuit_operator' retrieved from /home/airflow/.local/lib/python3.8/site-packages/airflow/example_dags/example_short_circuit_operator.py
[2025-05-20T07:55:12.591+0000] {logging_mixin.py:188} INFO - [2025-05-20T07:55:12.590+0000] {dag.py:3036} INFO - Sync 1 DAGs
[2025-05-20T07:55:12.634+0000] {logging_mixin.py:188} INFO - [2025-05-20T07:55:12.633+0000] {dag.py:3823} INFO - Setting next_dagrun for example_short_circuit_operator to 2025-05-19 00:00:00+00:00, run_after=2025-05-20 00:00:00+00:00
[2025-05-20T07:55:12.680+0000] {processor.py:183} INFO - Processing /home/airflow/.local/lib/python3.8/site-packages/airflow/example_dags/example_short_circuit_operator.py took 0.153 seconds
[2025-05-20T07:55:43.577+0000] {processor.py:161} INFO - Started process (PID=1366) to work on /home/airflow/.local/lib/python3.8/site-packages/airflow/example_dags/example_short_circuit_operator.py
[2025-05-20T07:55:43.579+0000] {processor.py:830} INFO - Processing file /home/airflow/.local/lib/python3.8/site-packages/airflow/example_dags/example_short_circuit_operator.py for tasks to queue
[2025-05-20T07:55:43.582+0000] {logging_mixin.py:188} INFO - [2025-05-20T07:55:43.582+0000] {dagbag.py:538} INFO - Filling up the DagBag from /home/airflow/.local/lib/python3.8/site-packages/airflow/example_dags/example_short_circuit_operator.py
[2025-05-20T07:55:43.595+0000] {processor.py:840} INFO - DAG(s) 'example_short_circuit_operator' retrieved from /home/airflow/.local/lib/python3.8/site-packages/airflow/example_dags/example_short_circuit_operator.py
[2025-05-20T07:55:43.634+0000] {logging_mixin.py:188} INFO - [2025-05-20T07:55:43.633+0000] {dag.py:3036} INFO - Sync 1 DAGs
[2025-05-20T07:55:43.683+0000] {logging_mixin.py:188} INFO - [2025-05-20T07:55:43.683+0000] {dag.py:3823} INFO - Setting next_dagrun for example_short_circuit_operator to 2025-05-19 00:00:00+00:00, run_after=2025-05-20 00:00:00+00:00
[2025-05-20T07:55:43.717+0000] {processor.py:183} INFO - Processing /home/airflow/.local/lib/python3.8/site-packages/airflow/example_dags/example_short_circuit_operator.py took 0.145 seconds
[2025-05-20T07:56:15.241+0000] {processor.py:161} INFO - Started process (PID=1431) to work on /home/airflow/.local/lib/python3.8/site-packages/airflow/example_dags/example_short_circuit_operator.py
[2025-05-20T07:56:15.242+0000] {processor.py:830} INFO - Processing file /home/airflow/.local/lib/python3.8/site-packages/airflow/example_dags/example_short_circuit_operator.py for tasks to queue
[2025-05-20T07:56:15.246+0000] {logging_mixin.py:188} INFO - [2025-05-20T07:56:15.246+0000] {dagbag.py:538} INFO - Filling up the DagBag from /home/airflow/.local/lib/python3.8/site-packages/airflow/example_dags/example_short_circuit_operator.py
[2025-05-20T07:56:15.261+0000] {processor.py:840} INFO - DAG(s) 'example_short_circuit_operator' retrieved from /home/airflow/.local/lib/python3.8/site-packages/airflow/example_dags/example_short_circuit_operator.py
[2025-05-20T07:56:15.307+0000] {logging_mixin.py:188} INFO - [2025-05-20T07:56:15.307+0000] {dag.py:3036} INFO - Sync 1 DAGs
[2025-05-20T07:56:15.351+0000] {logging_mixin.py:188} INFO - [2025-05-20T07:56:15.350+0000] {dag.py:3823} INFO - Setting next_dagrun for example_short_circuit_operator to 2025-05-19 00:00:00+00:00, run_after=2025-05-20 00:00:00+00:00
[2025-05-20T07:56:15.394+0000] {processor.py:183} INFO - Processing /home/airflow/.local/lib/python3.8/site-packages/airflow/example_dags/example_short_circuit_operator.py took 0.160 seconds
[2025-05-20T07:56:46.790+0000] {processor.py:161} INFO - Started process (PID=1497) to work on /home/airflow/.local/lib/python3.8/site-packages/airflow/example_dags/example_short_circuit_operator.py
[2025-05-20T07:56:46.791+0000] {processor.py:830} INFO - Processing file /home/airflow/.local/lib/python3.8/site-packages/airflow/example_dags/example_short_circuit_operator.py for tasks to queue
[2025-05-20T07:56:46.795+0000] {logging_mixin.py:188} INFO - [2025-05-20T07:56:46.794+0000] {dagbag.py:538} INFO - Filling up the DagBag from /home/airflow/.local/lib/python3.8/site-packages/airflow/example_dags/example_short_circuit_operator.py
[2025-05-20T07:56:46.810+0000] {processor.py:840} INFO - DAG(s) 'example_short_circuit_operator' retrieved from /home/airflow/.local/lib/python3.8/site-packages/airflow/example_dags/example_short_circuit_operator.py
[2025-05-20T07:56:46.861+0000] {logging_mixin.py:188} INFO - [2025-05-20T07:56:46.861+0000] {dag.py:3036} INFO - Sync 1 DAGs
[2025-05-20T07:56:46.914+0000] {logging_mixin.py:188} INFO - [2025-05-20T07:56:46.914+0000] {dag.py:3823} INFO - Setting next_dagrun for example_short_circuit_operator to 2025-05-19 00:00:00+00:00, run_after=2025-05-20 00:00:00+00:00
[2025-05-20T07:56:46.959+0000] {processor.py:183} INFO - Processing /home/airflow/.local/lib/python3.8/site-packages/airflow/example_dags/example_short_circuit_operator.py took 0.175 seconds
[2025-05-20T07:57:18.576+0000] {processor.py:161} INFO - Started process (PID=1562) to work on /home/airflow/.local/lib/python3.8/site-packages/airflow/example_dags/example_short_circuit_operator.py
[2025-05-20T07:57:18.579+0000] {processor.py:830} INFO - Processing file /home/airflow/.local/lib/python3.8/site-packages/airflow/example_dags/example_short_circuit_operator.py for tasks to queue
[2025-05-20T07:57:18.583+0000] {logging_mixin.py:188} INFO - [2025-05-20T07:57:18.582+0000] {dagbag.py:538} INFO - Filling up the DagBag from /home/airflow/.local/lib/python3.8/site-packages/airflow/example_dags/example_short_circuit_operator.py
[2025-05-20T07:57:18.613+0000] {processor.py:840} INFO - DAG(s) 'example_short_circuit_operator' retrieved from /home/airflow/.local/lib/python3.8/site-packages/airflow/example_dags/example_short_circuit_operator.py
[2025-05-20T07:57:18.678+0000] {logging_mixin.py:188} INFO - [2025-05-20T07:57:18.678+0000] {dag.py:3036} INFO - Sync 1 DAGs
[2025-05-20T07:57:18.731+0000] {logging_mixin.py:188} INFO - [2025-05-20T07:57:18.730+0000] {dag.py:3823} INFO - Setting next_dagrun for example_short_circuit_operator to 2025-05-19 00:00:00+00:00, run_after=2025-05-20 00:00:00+00:00
[2025-05-20T07:57:18.771+0000] {processor.py:183} INFO - Processing /home/airflow/.local/lib/python3.8/site-packages/airflow/example_dags/example_short_circuit_operator.py took 0.202 seconds
[2025-05-20T07:57:49.917+0000] {processor.py:161} INFO - Started process (PID=1627) to work on /home/airflow/.local/lib/python3.8/site-packages/airflow/example_dags/example_short_circuit_operator.py
[2025-05-20T07:57:49.919+0000] {processor.py:830} INFO - Processing file /home/airflow/.local/lib/python3.8/site-packages/airflow/example_dags/example_short_circuit_operator.py for tasks to queue
[2025-05-20T07:57:49.922+0000] {logging_mixin.py:188} INFO - [2025-05-20T07:57:49.922+0000] {dagbag.py:538} INFO - Filling up the DagBag from /home/airflow/.local/lib/python3.8/site-packages/airflow/example_dags/example_short_circuit_operator.py
[2025-05-20T07:57:49.937+0000] {processor.py:840} INFO - DAG(s) 'example_short_circuit_operator' retrieved from /home/airflow/.local/lib/python3.8/site-packages/airflow/example_dags/example_short_circuit_operator.py
[2025-05-20T07:57:49.983+0000] {logging_mixin.py:188} INFO - [2025-05-20T07:57:49.983+0000] {dag.py:3036} INFO - Sync 1 DAGs
[2025-05-20T07:57:50.031+0000] {logging_mixin.py:188} INFO - [2025-05-20T07:57:50.031+0000] {dag.py:3823} INFO - Setting next_dagrun for example_short_circuit_operator to 2025-05-19 00:00:00+00:00, run_after=2025-05-20 00:00:00+00:00
[2025-05-20T07:57:50.074+0000] {processor.py:183} INFO - Processing /home/airflow/.local/lib/python3.8/site-packages/airflow/example_dags/example_short_circuit_operator.py took 0.163 seconds
[2025-05-20T07:58:21.412+0000] {processor.py:161} INFO - Started process (PID=1692) to work on /home/airflow/.local/lib/python3.8/site-packages/airflow/example_dags/example_short_circuit_operator.py
[2025-05-20T07:58:21.415+0000] {processor.py:830} INFO - Processing file /home/airflow/.local/lib/python3.8/site-packages/airflow/example_dags/example_short_circuit_operator.py for tasks to queue
[2025-05-20T07:58:21.421+0000] {logging_mixin.py:188} INFO - [2025-05-20T07:58:21.420+0000] {dagbag.py:538} INFO - Filling up the DagBag from /home/airflow/.local/lib/python3.8/site-packages/airflow/example_dags/example_short_circuit_operator.py
[2025-05-20T07:58:21.436+0000] {processor.py:840} INFO - DAG(s) 'example_short_circuit_operator' retrieved from /home/airflow/.local/lib/python3.8/site-packages/airflow/example_dags/example_short_circuit_operator.py
[2025-05-20T07:58:21.481+0000] {logging_mixin.py:188} INFO - [2025-05-20T07:58:21.480+0000] {dag.py:3036} INFO - Sync 1 DAGs
[2025-05-20T07:58:21.524+0000] {logging_mixin.py:188} INFO - [2025-05-20T07:58:21.524+0000] {dag.py:3823} INFO - Setting next_dagrun for example_short_circuit_operator to 2025-05-19 00:00:00+00:00, run_after=2025-05-20 00:00:00+00:00
[2025-05-20T07:58:21.561+0000] {processor.py:183} INFO - Processing /home/airflow/.local/lib/python3.8/site-packages/airflow/example_dags/example_short_circuit_operator.py took 0.154 seconds
[2025-05-20T07:58:52.461+0000] {processor.py:161} INFO - Started process (PID=1756) to work on /home/airflow/.local/lib/python3.8/site-packages/airflow/example_dags/example_short_circuit_operator.py
[2025-05-20T07:58:52.462+0000] {processor.py:830} INFO - Processing file /home/airflow/.local/lib/python3.8/site-packages/airflow/example_dags/example_short_circuit_operator.py for tasks to queue
[2025-05-20T07:58:52.465+0000] {logging_mixin.py:188} INFO - [2025-05-20T07:58:52.465+0000] {dagbag.py:538} INFO - Filling up the DagBag from /home/airflow/.local/lib/python3.8/site-packages/airflow/example_dags/example_short_circuit_operator.py
[2025-05-20T07:58:52.484+0000] {processor.py:840} INFO - DAG(s) 'example_short_circuit_operator' retrieved from /home/airflow/.local/lib/python3.8/site-packages/airflow/example_dags/example_short_circuit_operator.py
[2025-05-20T07:58:52.536+0000] {logging_mixin.py:188} INFO - [2025-05-20T07:58:52.536+0000] {dag.py:3036} INFO - Sync 1 DAGs
[2025-05-20T07:58:52.579+0000] {logging_mixin.py:188} INFO - [2025-05-20T07:58:52.578+0000] {dag.py:3823} INFO - Setting next_dagrun for example_short_circuit_operator to 2025-05-19 00:00:00+00:00, run_after=2025-05-20 00:00:00+00:00
[2025-05-20T07:58:52.616+0000] {processor.py:183} INFO - Processing /home/airflow/.local/lib/python3.8/site-packages/airflow/example_dags/example_short_circuit_operator.py took 0.161 seconds
[2025-05-20T07:59:23.068+0000] {processor.py:161} INFO - Started process (PID=1820) to work on /home/airflow/.local/lib/python3.8/site-packages/airflow/example_dags/example_short_circuit_operator.py
[2025-05-20T07:59:23.070+0000] {processor.py:830} INFO - Processing file /home/airflow/.local/lib/python3.8/site-packages/airflow/example_dags/example_short_circuit_operator.py for tasks to queue
[2025-05-20T07:59:23.072+0000] {logging_mixin.py:188} INFO - [2025-05-20T07:59:23.072+0000] {dagbag.py:538} INFO - Filling up the DagBag from /home/airflow/.local/lib/python3.8/site-packages/airflow/example_dags/example_short_circuit_operator.py
[2025-05-20T07:59:23.087+0000] {processor.py:840} INFO - DAG(s) 'example_short_circuit_operator' retrieved from /home/airflow/.local/lib/python3.8/site-packages/airflow/example_dags/example_short_circuit_operator.py
[2025-05-20T07:59:23.137+0000] {logging_mixin.py:188} INFO - [2025-05-20T07:59:23.136+0000] {dag.py:3036} INFO - Sync 1 DAGs
[2025-05-20T07:59:23.187+0000] {logging_mixin.py:188} INFO - [2025-05-20T07:59:23.186+0000] {dag.py:3823} INFO - Setting next_dagrun for example_short_circuit_operator to 2025-05-19 00:00:00+00:00, run_after=2025-05-20 00:00:00+00:00
[2025-05-20T07:59:23.390+0000] {processor.py:183} INFO - Processing /home/airflow/.local/lib/python3.8/site-packages/airflow/example_dags/example_short_circuit_operator.py took 0.327 seconds
[2025-05-20T07:59:54.590+0000] {processor.py:161} INFO - Started process (PID=1885) to work on /home/airflow/.local/lib/python3.8/site-packages/airflow/example_dags/example_short_circuit_operator.py
[2025-05-20T07:59:54.591+0000] {processor.py:830} INFO - Processing file /home/airflow/.local/lib/python3.8/site-packages/airflow/example_dags/example_short_circuit_operator.py for tasks to queue
[2025-05-20T07:59:54.594+0000] {logging_mixin.py:188} INFO - [2025-05-20T07:59:54.594+0000] {dagbag.py:538} INFO - Filling up the DagBag from /home/airflow/.local/lib/python3.8/site-packages/airflow/example_dags/example_short_circuit_operator.py
[2025-05-20T07:59:54.606+0000] {processor.py:840} INFO - DAG(s) 'example_short_circuit_operator' retrieved from /home/airflow/.local/lib/python3.8/site-packages/airflow/example_dags/example_short_circuit_operator.py
[2025-05-20T07:59:54.648+0000] {logging_mixin.py:188} INFO - [2025-05-20T07:59:54.647+0000] {dag.py:3036} INFO - Sync 1 DAGs
[2025-05-20T07:59:54.745+0000] {logging_mixin.py:188} INFO - [2025-05-20T07:59:54.744+0000] {dag.py:3823} INFO - Setting next_dagrun for example_short_circuit_operator to 2025-05-19 00:00:00+00:00, run_after=2025-05-20 00:00:00+00:00
[2025-05-20T07:59:55.164+0000] {processor.py:183} INFO - Processing /home/airflow/.local/lib/python3.8/site-packages/airflow/example_dags/example_short_circuit_operator.py took 0.579 seconds
[2025-05-20T08:00:27.151+0000] {processor.py:161} INFO - Started process (PID=1950) to work on /home/airflow/.local/lib/python3.8/site-packages/airflow/example_dags/example_short_circuit_operator.py
[2025-05-20T08:00:27.154+0000] {processor.py:830} INFO - Processing file /home/airflow/.local/lib/python3.8/site-packages/airflow/example_dags/example_short_circuit_operator.py for tasks to queue
[2025-05-20T08:00:27.158+0000] {logging_mixin.py:188} INFO - [2025-05-20T08:00:27.157+0000] {dagbag.py:538} INFO - Filling up the DagBag from /home/airflow/.local/lib/python3.8/site-packages/airflow/example_dags/example_short_circuit_operator.py
[2025-05-20T08:00:27.178+0000] {processor.py:840} INFO - DAG(s) 'example_short_circuit_operator' retrieved from /home/airflow/.local/lib/python3.8/site-packages/airflow/example_dags/example_short_circuit_operator.py
[2025-05-20T08:00:27.246+0000] {logging_mixin.py:188} INFO - [2025-05-20T08:00:27.245+0000] {dag.py:3036} INFO - Sync 1 DAGs
[2025-05-20T08:00:27.602+0000] {logging_mixin.py:188} INFO - [2025-05-20T08:00:27.602+0000] {dag.py:3823} INFO - Setting next_dagrun for example_short_circuit_operator to 2025-05-19 00:00:00+00:00, run_after=2025-05-20 00:00:00+00:00
[2025-05-20T08:00:27.658+0000] {processor.py:183} INFO - Processing /home/airflow/.local/lib/python3.8/site-packages/airflow/example_dags/example_short_circuit_operator.py took 0.513 seconds
[2025-05-20T08:00:58.909+0000] {processor.py:161} INFO - Started process (PID=2016) to work on /home/airflow/.local/lib/python3.8/site-packages/airflow/example_dags/example_short_circuit_operator.py
[2025-05-20T08:00:58.911+0000] {processor.py:830} INFO - Processing file /home/airflow/.local/lib/python3.8/site-packages/airflow/example_dags/example_short_circuit_operator.py for tasks to queue
[2025-05-20T08:00:58.914+0000] {logging_mixin.py:188} INFO - [2025-05-20T08:00:58.914+0000] {dagbag.py:538} INFO - Filling up the DagBag from /home/airflow/.local/lib/python3.8/site-packages/airflow/example_dags/example_short_circuit_operator.py
[2025-05-20T08:00:58.930+0000] {processor.py:840} INFO - DAG(s) 'example_short_circuit_operator' retrieved from /home/airflow/.local/lib/python3.8/site-packages/airflow/example_dags/example_short_circuit_operator.py
[2025-05-20T08:00:58.982+0000] {logging_mixin.py:188} INFO - [2025-05-20T08:00:58.981+0000] {dag.py:3036} INFO - Sync 1 DAGs
[2025-05-20T08:00:59.214+0000] {logging_mixin.py:188} INFO - [2025-05-20T08:00:59.213+0000] {dag.py:3823} INFO - Setting next_dagrun for example_short_circuit_operator to 2025-05-19 00:00:00+00:00, run_after=2025-05-20 00:00:00+00:00
[2025-05-20T08:00:59.251+0000] {processor.py:183} INFO - Processing /home/airflow/.local/lib/python3.8/site-packages/airflow/example_dags/example_short_circuit_operator.py took 0.348 seconds
[2025-05-20T08:01:30.335+0000] {processor.py:161} INFO - Started process (PID=2081) to work on /home/airflow/.local/lib/python3.8/site-packages/airflow/example_dags/example_short_circuit_operator.py
[2025-05-20T08:01:30.337+0000] {processor.py:830} INFO - Processing file /home/airflow/.local/lib/python3.8/site-packages/airflow/example_dags/example_short_circuit_operator.py for tasks to queue
[2025-05-20T08:01:30.342+0000] {logging_mixin.py:188} INFO - [2025-05-20T08:01:30.341+0000] {dagbag.py:538} INFO - Filling up the DagBag from /home/airflow/.local/lib/python3.8/site-packages/airflow/example_dags/example_short_circuit_operator.py
[2025-05-20T08:01:30.363+0000] {processor.py:840} INFO - DAG(s) 'example_short_circuit_operator' retrieved from /home/airflow/.local/lib/python3.8/site-packages/airflow/example_dags/example_short_circuit_operator.py
[2025-05-20T08:01:30.448+0000] {logging_mixin.py:188} INFO - [2025-05-20T08:01:30.447+0000] {dag.py:3036} INFO - Sync 1 DAGs
[2025-05-20T08:01:30.546+0000] {logging_mixin.py:188} INFO - [2025-05-20T08:01:30.545+0000] {dag.py:3823} INFO - Setting next_dagrun for example_short_circuit_operator to 2025-05-19 00:00:00+00:00, run_after=2025-05-20 00:00:00+00:00
[2025-05-20T08:01:30.608+0000] {processor.py:183} INFO - Processing /home/airflow/.local/lib/python3.8/site-packages/airflow/example_dags/example_short_circuit_operator.py took 0.281 seconds
[2025-05-20T08:02:00.951+0000] {processor.py:161} INFO - Started process (PID=2145) to work on /home/airflow/.local/lib/python3.8/site-packages/airflow/example_dags/example_short_circuit_operator.py
[2025-05-20T08:02:00.955+0000] {processor.py:830} INFO - Processing file /home/airflow/.local/lib/python3.8/site-packages/airflow/example_dags/example_short_circuit_operator.py for tasks to queue
[2025-05-20T08:02:00.960+0000] {logging_mixin.py:188} INFO - [2025-05-20T08:02:00.959+0000] {dagbag.py:538} INFO - Filling up the DagBag from /home/airflow/.local/lib/python3.8/site-packages/airflow/example_dags/example_short_circuit_operator.py
[2025-05-20T08:02:00.982+0000] {processor.py:840} INFO - DAG(s) 'example_short_circuit_operator' retrieved from /home/airflow/.local/lib/python3.8/site-packages/airflow/example_dags/example_short_circuit_operator.py
[2025-05-20T08:02:01.075+0000] {logging_mixin.py:188} INFO - [2025-05-20T08:02:01.074+0000] {dag.py:3036} INFO - Sync 1 DAGs
[2025-05-20T08:02:01.149+0000] {logging_mixin.py:188} INFO - [2025-05-20T08:02:01.148+0000] {dag.py:3823} INFO - Setting next_dagrun for example_short_circuit_operator to 2025-05-19 00:00:00+00:00, run_after=2025-05-20 00:00:00+00:00
[2025-05-20T08:02:01.196+0000] {processor.py:183} INFO - Processing /home/airflow/.local/lib/python3.8/site-packages/airflow/example_dags/example_short_circuit_operator.py took 0.254 seconds
[2025-05-20T08:02:31.609+0000] {processor.py:161} INFO - Started process (PID=2210) to work on /home/airflow/.local/lib/python3.8/site-packages/airflow/example_dags/example_short_circuit_operator.py
[2025-05-20T08:02:31.612+0000] {processor.py:830} INFO - Processing file /home/airflow/.local/lib/python3.8/site-packages/airflow/example_dags/example_short_circuit_operator.py for tasks to queue
[2025-05-20T08:02:31.616+0000] {logging_mixin.py:188} INFO - [2025-05-20T08:02:31.615+0000] {dagbag.py:538} INFO - Filling up the DagBag from /home/airflow/.local/lib/python3.8/site-packages/airflow/example_dags/example_short_circuit_operator.py
[2025-05-20T08:02:31.640+0000] {processor.py:840} INFO - DAG(s) 'example_short_circuit_operator' retrieved from /home/airflow/.local/lib/python3.8/site-packages/airflow/example_dags/example_short_circuit_operator.py
[2025-05-20T08:02:31.704+0000] {logging_mixin.py:188} INFO - [2025-05-20T08:02:31.703+0000] {dag.py:3036} INFO - Sync 1 DAGs
[2025-05-20T08:02:31.764+0000] {logging_mixin.py:188} INFO - [2025-05-20T08:02:31.764+0000] {dag.py:3823} INFO - Setting next_dagrun for example_short_circuit_operator to 2025-05-19 00:00:00+00:00, run_after=2025-05-20 00:00:00+00:00
[2025-05-20T08:02:31.810+0000] {processor.py:183} INFO - Processing /home/airflow/.local/lib/python3.8/site-packages/airflow/example_dags/example_short_circuit_operator.py took 0.209 seconds
[2025-05-20T08:03:02.174+0000] {processor.py:161} INFO - Started process (PID=2276) to work on /home/airflow/.local/lib/python3.8/site-packages/airflow/example_dags/example_short_circuit_operator.py
[2025-05-20T08:03:02.176+0000] {processor.py:830} INFO - Processing file /home/airflow/.local/lib/python3.8/site-packages/airflow/example_dags/example_short_circuit_operator.py for tasks to queue
[2025-05-20T08:03:02.182+0000] {logging_mixin.py:188} INFO - [2025-05-20T08:03:02.180+0000] {dagbag.py:538} INFO - Filling up the DagBag from /home/airflow/.local/lib/python3.8/site-packages/airflow/example_dags/example_short_circuit_operator.py
[2025-05-20T08:03:02.209+0000] {processor.py:840} INFO - DAG(s) 'example_short_circuit_operator' retrieved from /home/airflow/.local/lib/python3.8/site-packages/airflow/example_dags/example_short_circuit_operator.py
[2025-05-20T08:03:02.271+0000] {logging_mixin.py:188} INFO - [2025-05-20T08:03:02.271+0000] {dag.py:3036} INFO - Sync 1 DAGs
[2025-05-20T08:03:02.363+0000] {logging_mixin.py:188} INFO - [2025-05-20T08:03:02.362+0000] {dag.py:3823} INFO - Setting next_dagrun for example_short_circuit_operator to 2025-05-19 00:00:00+00:00, run_after=2025-05-20 00:00:00+00:00
[2025-05-20T08:03:02.465+0000] {processor.py:183} INFO - Processing /home/airflow/.local/lib/python3.8/site-packages/airflow/example_dags/example_short_circuit_operator.py took 0.297 seconds
[2025-05-20T08:03:33.750+0000] {processor.py:161} INFO - Started process (PID=2341) to work on /home/airflow/.local/lib/python3.8/site-packages/airflow/example_dags/example_short_circuit_operator.py
[2025-05-20T08:03:33.752+0000] {processor.py:830} INFO - Processing file /home/airflow/.local/lib/python3.8/site-packages/airflow/example_dags/example_short_circuit_operator.py for tasks to queue
[2025-05-20T08:03:33.757+0000] {logging_mixin.py:188} INFO - [2025-05-20T08:03:33.756+0000] {dagbag.py:538} INFO - Filling up the DagBag from /home/airflow/.local/lib/python3.8/site-packages/airflow/example_dags/example_short_circuit_operator.py
[2025-05-20T08:03:33.774+0000] {processor.py:840} INFO - DAG(s) 'example_short_circuit_operator' retrieved from /home/airflow/.local/lib/python3.8/site-packages/airflow/example_dags/example_short_circuit_operator.py
[2025-05-20T08:03:33.827+0000] {logging_mixin.py:188} INFO - [2025-05-20T08:03:33.826+0000] {dag.py:3036} INFO - Sync 1 DAGs
[2025-05-20T08:03:33.873+0000] {logging_mixin.py:188} INFO - [2025-05-20T08:03:33.872+0000] {dag.py:3823} INFO - Setting next_dagrun for example_short_circuit_operator to 2025-05-19 00:00:00+00:00, run_after=2025-05-20 00:00:00+00:00
[2025-05-20T08:03:33.923+0000] {processor.py:183} INFO - Processing /home/airflow/.local/lib/python3.8/site-packages/airflow/example_dags/example_short_circuit_operator.py took 0.181 seconds
[2025-05-20T08:04:04.872+0000] {processor.py:161} INFO - Started process (PID=2406) to work on /home/airflow/.local/lib/python3.8/site-packages/airflow/example_dags/example_short_circuit_operator.py
[2025-05-20T08:04:04.875+0000] {processor.py:830} INFO - Processing file /home/airflow/.local/lib/python3.8/site-packages/airflow/example_dags/example_short_circuit_operator.py for tasks to queue
[2025-05-20T08:04:04.881+0000] {logging_mixin.py:188} INFO - [2025-05-20T08:04:04.880+0000] {dagbag.py:538} INFO - Filling up the DagBag from /home/airflow/.local/lib/python3.8/site-packages/airflow/example_dags/example_short_circuit_operator.py
[2025-05-20T08:04:04.905+0000] {processor.py:840} INFO - DAG(s) 'example_short_circuit_operator' retrieved from /home/airflow/.local/lib/python3.8/site-packages/airflow/example_dags/example_short_circuit_operator.py
[2025-05-20T08:04:04.988+0000] {logging_mixin.py:188} INFO - [2025-05-20T08:04:04.987+0000] {dag.py:3036} INFO - Sync 1 DAGs
[2025-05-20T08:04:05.064+0000] {logging_mixin.py:188} INFO - [2025-05-20T08:04:05.063+0000] {dag.py:3823} INFO - Setting next_dagrun for example_short_circuit_operator to 2025-05-19 00:00:00+00:00, run_after=2025-05-20 00:00:00+00:00
[2025-05-20T08:04:05.131+0000] {processor.py:183} INFO - Processing /home/airflow/.local/lib/python3.8/site-packages/airflow/example_dags/example_short_circuit_operator.py took 0.269 seconds
