[2025-05-20T07:45:14.987+0000] {processor.py:161} INFO - Started process (PID=65) to work on /home/airflow/.local/lib/python3.8/site-packages/airflow/example_dags/example_branch_python_dop_operator_3.py
[2025-05-20T07:45:14.989+0000] {processor.py:830} INFO - Processing file /home/airflow/.local/lib/python3.8/site-packages/airflow/example_dags/example_branch_python_dop_operator_3.py for tasks to queue
[2025-05-20T07:45:14.992+0000] {logging_mixin.py:188} INFO - [2025-05-20T07:45:14.992+0000] {dagbag.py:538} INFO - Filling up the DagBag from /home/airflow/.local/lib/python3.8/site-packages/airflow/example_dags/example_branch_python_dop_operator_3.py
[2025-05-20T07:45:15.015+0000] {processor.py:840} INFO - DAG(s) 'example_branch_dop_operator_v3' retrieved from /home/airflow/.local/lib/python3.8/site-packages/airflow/example_dags/example_branch_python_dop_operator_3.py
[2025-05-20T07:45:15.204+0000] {logging_mixin.py:188} INFO - [2025-05-20T07:45:15.204+0000] {dag.py:3036} INFO - Sync 1 DAGs
[2025-05-20T07:45:15.244+0000] {logging_mixin.py:188} INFO - [2025-05-20T07:45:15.244+0000] {dag.py:3823} INFO - Setting next_dagrun for example_branch_dop_operator_v3 to 2025-05-20 07:44:00+00:00, run_after=2025-05-20 07:45:00+00:00
[2025-05-20T07:45:15.284+0000] {processor.py:183} INFO - Processing /home/airflow/.local/lib/python3.8/site-packages/airflow/example_dags/example_branch_python_dop_operator_3.py took 0.301 seconds
[2025-05-20T07:45:45.545+0000] {processor.py:161} INFO - Started process (PID=130) to work on /home/airflow/.local/lib/python3.8/site-packages/airflow/example_dags/example_branch_python_dop_operator_3.py
[2025-05-20T07:45:45.546+0000] {processor.py:830} INFO - Processing file /home/airflow/.local/lib/python3.8/site-packages/airflow/example_dags/example_branch_python_dop_operator_3.py for tasks to queue
[2025-05-20T07:45:45.550+0000] {logging_mixin.py:188} INFO - [2025-05-20T07:45:45.549+0000] {dagbag.py:538} INFO - Filling up the DagBag from /home/airflow/.local/lib/python3.8/site-packages/airflow/example_dags/example_branch_python_dop_operator_3.py
[2025-05-20T07:45:45.565+0000] {processor.py:840} INFO - DAG(s) 'example_branch_dop_operator_v3' retrieved from /home/airflow/.local/lib/python3.8/site-packages/airflow/example_dags/example_branch_python_dop_operator_3.py
[2025-05-20T07:45:45.603+0000] {logging_mixin.py:188} INFO - [2025-05-20T07:45:45.602+0000] {dag.py:3036} INFO - Sync 1 DAGs
[2025-05-20T07:45:45.653+0000] {logging_mixin.py:188} INFO - [2025-05-20T07:45:45.653+0000] {dag.py:3823} INFO - Setting next_dagrun for example_branch_dop_operator_v3 to 2025-05-20 07:44:00+00:00, run_after=2025-05-20 07:45:00+00:00
[2025-05-20T07:45:45.697+0000] {processor.py:183} INFO - Processing /home/airflow/.local/lib/python3.8/site-packages/airflow/example_dags/example_branch_python_dop_operator_3.py took 0.157 seconds
[2025-05-20T07:46:16.793+0000] {processor.py:161} INFO - Started process (PID=195) to work on /home/airflow/.local/lib/python3.8/site-packages/airflow/example_dags/example_branch_python_dop_operator_3.py
[2025-05-20T07:46:16.796+0000] {processor.py:830} INFO - Processing file /home/airflow/.local/lib/python3.8/site-packages/airflow/example_dags/example_branch_python_dop_operator_3.py for tasks to queue
[2025-05-20T07:46:16.800+0000] {logging_mixin.py:188} INFO - [2025-05-20T07:46:16.800+0000] {dagbag.py:538} INFO - Filling up the DagBag from /home/airflow/.local/lib/python3.8/site-packages/airflow/example_dags/example_branch_python_dop_operator_3.py
[2025-05-20T07:46:16.820+0000] {processor.py:840} INFO - DAG(s) 'example_branch_dop_operator_v3' retrieved from /home/airflow/.local/lib/python3.8/site-packages/airflow/example_dags/example_branch_python_dop_operator_3.py
[2025-05-20T07:46:16.862+0000] {logging_mixin.py:188} INFO - [2025-05-20T07:46:16.862+0000] {dag.py:3036} INFO - Sync 1 DAGs
[2025-05-20T07:46:16.931+0000] {logging_mixin.py:188} INFO - [2025-05-20T07:46:16.930+0000] {dag.py:3823} INFO - Setting next_dagrun for example_branch_dop_operator_v3 to 2025-05-20 07:45:00+00:00, run_after=2025-05-20 07:46:00+00:00
[2025-05-20T07:46:16.973+0000] {processor.py:183} INFO - Processing /home/airflow/.local/lib/python3.8/site-packages/airflow/example_dags/example_branch_python_dop_operator_3.py took 0.186 seconds
[2025-05-20T07:46:48.647+0000] {processor.py:161} INFO - Started process (PID=260) to work on /home/airflow/.local/lib/python3.8/site-packages/airflow/example_dags/example_branch_python_dop_operator_3.py
[2025-05-20T07:46:48.649+0000] {processor.py:830} INFO - Processing file /home/airflow/.local/lib/python3.8/site-packages/airflow/example_dags/example_branch_python_dop_operator_3.py for tasks to queue
[2025-05-20T07:46:48.653+0000] {logging_mixin.py:188} INFO - [2025-05-20T07:46:48.652+0000] {dagbag.py:538} INFO - Filling up the DagBag from /home/airflow/.local/lib/python3.8/site-packages/airflow/example_dags/example_branch_python_dop_operator_3.py
[2025-05-20T07:46:48.672+0000] {processor.py:840} INFO - DAG(s) 'example_branch_dop_operator_v3' retrieved from /home/airflow/.local/lib/python3.8/site-packages/airflow/example_dags/example_branch_python_dop_operator_3.py
[2025-05-20T07:46:48.707+0000] {logging_mixin.py:188} INFO - [2025-05-20T07:46:48.706+0000] {dag.py:3036} INFO - Sync 1 DAGs
[2025-05-20T07:46:48.759+0000] {logging_mixin.py:188} INFO - [2025-05-20T07:46:48.759+0000] {dag.py:3823} INFO - Setting next_dagrun for example_branch_dop_operator_v3 to 2025-05-20 07:45:00+00:00, run_after=2025-05-20 07:46:00+00:00
[2025-05-20T07:46:48.808+0000] {processor.py:183} INFO - Processing /home/airflow/.local/lib/python3.8/site-packages/airflow/example_dags/example_branch_python_dop_operator_3.py took 0.168 seconds
[2025-05-20T07:47:21.072+0000] {processor.py:161} INFO - Started process (PID=325) to work on /home/airflow/.local/lib/python3.8/site-packages/airflow/example_dags/example_branch_python_dop_operator_3.py
[2025-05-20T07:47:21.074+0000] {processor.py:830} INFO - Processing file /home/airflow/.local/lib/python3.8/site-packages/airflow/example_dags/example_branch_python_dop_operator_3.py for tasks to queue
[2025-05-20T07:47:21.078+0000] {logging_mixin.py:188} INFO - [2025-05-20T07:47:21.077+0000] {dagbag.py:538} INFO - Filling up the DagBag from /home/airflow/.local/lib/python3.8/site-packages/airflow/example_dags/example_branch_python_dop_operator_3.py
[2025-05-20T07:47:21.099+0000] {processor.py:840} INFO - DAG(s) 'example_branch_dop_operator_v3' retrieved from /home/airflow/.local/lib/python3.8/site-packages/airflow/example_dags/example_branch_python_dop_operator_3.py
[2025-05-20T07:47:21.155+0000] {logging_mixin.py:188} INFO - [2025-05-20T07:47:21.154+0000] {dag.py:3036} INFO - Sync 1 DAGs
[2025-05-20T07:47:21.222+0000] {logging_mixin.py:188} INFO - [2025-05-20T07:47:21.221+0000] {dag.py:3823} INFO - Setting next_dagrun for example_branch_dop_operator_v3 to 2025-05-20 07:46:00+00:00, run_after=2025-05-20 07:47:00+00:00
[2025-05-20T07:47:21.267+0000] {processor.py:183} INFO - Processing /home/airflow/.local/lib/python3.8/site-packages/airflow/example_dags/example_branch_python_dop_operator_3.py took 0.201 seconds
[2025-05-20T07:47:52.260+0000] {processor.py:161} INFO - Started process (PID=390) to work on /home/airflow/.local/lib/python3.8/site-packages/airflow/example_dags/example_branch_python_dop_operator_3.py
[2025-05-20T07:47:52.262+0000] {processor.py:830} INFO - Processing file /home/airflow/.local/lib/python3.8/site-packages/airflow/example_dags/example_branch_python_dop_operator_3.py for tasks to queue
[2025-05-20T07:47:52.265+0000] {logging_mixin.py:188} INFO - [2025-05-20T07:47:52.264+0000] {dagbag.py:538} INFO - Filling up the DagBag from /home/airflow/.local/lib/python3.8/site-packages/airflow/example_dags/example_branch_python_dop_operator_3.py
[2025-05-20T07:47:52.280+0000] {processor.py:840} INFO - DAG(s) 'example_branch_dop_operator_v3' retrieved from /home/airflow/.local/lib/python3.8/site-packages/airflow/example_dags/example_branch_python_dop_operator_3.py
[2025-05-20T07:47:52.312+0000] {logging_mixin.py:188} INFO - [2025-05-20T07:47:52.312+0000] {dag.py:3036} INFO - Sync 1 DAGs
[2025-05-20T07:47:52.361+0000] {logging_mixin.py:188} INFO - [2025-05-20T07:47:52.360+0000] {dag.py:3823} INFO - Setting next_dagrun for example_branch_dop_operator_v3 to 2025-05-20 07:46:00+00:00, run_after=2025-05-20 07:47:00+00:00
[2025-05-20T07:47:52.398+0000] {processor.py:183} INFO - Processing /home/airflow/.local/lib/python3.8/site-packages/airflow/example_dags/example_branch_python_dop_operator_3.py took 0.143 seconds
[2025-05-20T07:48:24.340+0000] {processor.py:161} INFO - Started process (PID=455) to work on /home/airflow/.local/lib/python3.8/site-packages/airflow/example_dags/example_branch_python_dop_operator_3.py
[2025-05-20T07:48:24.342+0000] {processor.py:830} INFO - Processing file /home/airflow/.local/lib/python3.8/site-packages/airflow/example_dags/example_branch_python_dop_operator_3.py for tasks to queue
[2025-05-20T07:48:24.345+0000] {logging_mixin.py:188} INFO - [2025-05-20T07:48:24.344+0000] {dagbag.py:538} INFO - Filling up the DagBag from /home/airflow/.local/lib/python3.8/site-packages/airflow/example_dags/example_branch_python_dop_operator_3.py
[2025-05-20T07:48:24.361+0000] {processor.py:840} INFO - DAG(s) 'example_branch_dop_operator_v3' retrieved from /home/airflow/.local/lib/python3.8/site-packages/airflow/example_dags/example_branch_python_dop_operator_3.py
[2025-05-20T07:48:24.398+0000] {logging_mixin.py:188} INFO - [2025-05-20T07:48:24.398+0000] {dag.py:3036} INFO - Sync 1 DAGs
[2025-05-20T07:48:24.450+0000] {logging_mixin.py:188} INFO - [2025-05-20T07:48:24.449+0000] {dag.py:3823} INFO - Setting next_dagrun for example_branch_dop_operator_v3 to 2025-05-20 07:47:00+00:00, run_after=2025-05-20 07:48:00+00:00
[2025-05-20T07:48:24.505+0000] {processor.py:183} INFO - Processing /home/airflow/.local/lib/python3.8/site-packages/airflow/example_dags/example_branch_python_dop_operator_3.py took 0.171 seconds
[2025-05-20T07:48:54.921+0000] {processor.py:161} INFO - Started process (PID=520) to work on /home/airflow/.local/lib/python3.8/site-packages/airflow/example_dags/example_branch_python_dop_operator_3.py
[2025-05-20T07:48:54.923+0000] {processor.py:830} INFO - Processing file /home/airflow/.local/lib/python3.8/site-packages/airflow/example_dags/example_branch_python_dop_operator_3.py for tasks to queue
[2025-05-20T07:48:54.926+0000] {logging_mixin.py:188} INFO - [2025-05-20T07:48:54.926+0000] {dagbag.py:538} INFO - Filling up the DagBag from /home/airflow/.local/lib/python3.8/site-packages/airflow/example_dags/example_branch_python_dop_operator_3.py
[2025-05-20T07:48:54.943+0000] {processor.py:840} INFO - DAG(s) 'example_branch_dop_operator_v3' retrieved from /home/airflow/.local/lib/python3.8/site-packages/airflow/example_dags/example_branch_python_dop_operator_3.py
[2025-05-20T07:48:54.981+0000] {logging_mixin.py:188} INFO - [2025-05-20T07:48:54.980+0000] {dag.py:3036} INFO - Sync 1 DAGs
[2025-05-20T07:48:55.032+0000] {logging_mixin.py:188} INFO - [2025-05-20T07:48:55.031+0000] {dag.py:3823} INFO - Setting next_dagrun for example_branch_dop_operator_v3 to 2025-05-20 07:47:00+00:00, run_after=2025-05-20 07:48:00+00:00
[2025-05-20T07:48:55.079+0000] {processor.py:183} INFO - Processing /home/airflow/.local/lib/python3.8/site-packages/airflow/example_dags/example_branch_python_dop_operator_3.py took 0.163 seconds
[2025-05-20T07:49:25.640+0000] {processor.py:161} INFO - Started process (PID=585) to work on /home/airflow/.local/lib/python3.8/site-packages/airflow/example_dags/example_branch_python_dop_operator_3.py
[2025-05-20T07:49:25.642+0000] {processor.py:830} INFO - Processing file /home/airflow/.local/lib/python3.8/site-packages/airflow/example_dags/example_branch_python_dop_operator_3.py for tasks to queue
[2025-05-20T07:49:25.647+0000] {logging_mixin.py:188} INFO - [2025-05-20T07:49:25.646+0000] {dagbag.py:538} INFO - Filling up the DagBag from /home/airflow/.local/lib/python3.8/site-packages/airflow/example_dags/example_branch_python_dop_operator_3.py
[2025-05-20T07:49:25.667+0000] {processor.py:840} INFO - DAG(s) 'example_branch_dop_operator_v3' retrieved from /home/airflow/.local/lib/python3.8/site-packages/airflow/example_dags/example_branch_python_dop_operator_3.py
[2025-05-20T07:49:25.712+0000] {logging_mixin.py:188} INFO - [2025-05-20T07:49:25.711+0000] {dag.py:3036} INFO - Sync 1 DAGs
[2025-05-20T07:49:25.793+0000] {logging_mixin.py:188} INFO - [2025-05-20T07:49:25.793+0000] {dag.py:3823} INFO - Setting next_dagrun for example_branch_dop_operator_v3 to 2025-05-20 07:48:00+00:00, run_after=2025-05-20 07:49:00+00:00
[2025-05-20T07:49:25.852+0000] {processor.py:183} INFO - Processing /home/airflow/.local/lib/python3.8/site-packages/airflow/example_dags/example_branch_python_dop_operator_3.py took 0.219 seconds
[2025-05-20T07:49:57.056+0000] {processor.py:161} INFO - Started process (PID=650) to work on /home/airflow/.local/lib/python3.8/site-packages/airflow/example_dags/example_branch_python_dop_operator_3.py
[2025-05-20T07:49:57.058+0000] {processor.py:830} INFO - Processing file /home/airflow/.local/lib/python3.8/site-packages/airflow/example_dags/example_branch_python_dop_operator_3.py for tasks to queue
[2025-05-20T07:49:57.062+0000] {logging_mixin.py:188} INFO - [2025-05-20T07:49:57.062+0000] {dagbag.py:538} INFO - Filling up the DagBag from /home/airflow/.local/lib/python3.8/site-packages/airflow/example_dags/example_branch_python_dop_operator_3.py
[2025-05-20T07:49:57.085+0000] {processor.py:840} INFO - DAG(s) 'example_branch_dop_operator_v3' retrieved from /home/airflow/.local/lib/python3.8/site-packages/airflow/example_dags/example_branch_python_dop_operator_3.py
[2025-05-20T07:49:57.118+0000] {logging_mixin.py:188} INFO - [2025-05-20T07:49:57.117+0000] {dag.py:3036} INFO - Sync 1 DAGs
[2025-05-20T07:49:57.172+0000] {logging_mixin.py:188} INFO - [2025-05-20T07:49:57.172+0000] {dag.py:3823} INFO - Setting next_dagrun for example_branch_dop_operator_v3 to 2025-05-20 07:48:00+00:00, run_after=2025-05-20 07:49:00+00:00
[2025-05-20T07:49:57.228+0000] {processor.py:183} INFO - Processing /home/airflow/.local/lib/python3.8/site-packages/airflow/example_dags/example_branch_python_dop_operator_3.py took 0.180 seconds
[2025-05-20T07:50:28.770+0000] {processor.py:161} INFO - Started process (PID=715) to work on /home/airflow/.local/lib/python3.8/site-packages/airflow/example_dags/example_branch_python_dop_operator_3.py
[2025-05-20T07:50:28.772+0000] {processor.py:830} INFO - Processing file /home/airflow/.local/lib/python3.8/site-packages/airflow/example_dags/example_branch_python_dop_operator_3.py for tasks to queue
[2025-05-20T07:50:28.776+0000] {logging_mixin.py:188} INFO - [2025-05-20T07:50:28.775+0000] {dagbag.py:538} INFO - Filling up the DagBag from /home/airflow/.local/lib/python3.8/site-packages/airflow/example_dags/example_branch_python_dop_operator_3.py
[2025-05-20T07:50:28.795+0000] {processor.py:840} INFO - DAG(s) 'example_branch_dop_operator_v3' retrieved from /home/airflow/.local/lib/python3.8/site-packages/airflow/example_dags/example_branch_python_dop_operator_3.py
[2025-05-20T07:50:28.828+0000] {logging_mixin.py:188} INFO - [2025-05-20T07:50:28.827+0000] {dag.py:3036} INFO - Sync 1 DAGs
[2025-05-20T07:50:28.875+0000] {logging_mixin.py:188} INFO - [2025-05-20T07:50:28.874+0000] {dag.py:3823} INFO - Setting next_dagrun for example_branch_dop_operator_v3 to 2025-05-20 07:49:00+00:00, run_after=2025-05-20 07:50:00+00:00
[2025-05-20T07:50:28.910+0000] {processor.py:183} INFO - Processing /home/airflow/.local/lib/python3.8/site-packages/airflow/example_dags/example_branch_python_dop_operator_3.py took 0.145 seconds
[2025-05-20T07:51:00.562+0000] {processor.py:161} INFO - Started process (PID=780) to work on /home/airflow/.local/lib/python3.8/site-packages/airflow/example_dags/example_branch_python_dop_operator_3.py
[2025-05-20T07:51:00.564+0000] {processor.py:830} INFO - Processing file /home/airflow/.local/lib/python3.8/site-packages/airflow/example_dags/example_branch_python_dop_operator_3.py for tasks to queue
[2025-05-20T07:51:00.568+0000] {logging_mixin.py:188} INFO - [2025-05-20T07:51:00.568+0000] {dagbag.py:538} INFO - Filling up the DagBag from /home/airflow/.local/lib/python3.8/site-packages/airflow/example_dags/example_branch_python_dop_operator_3.py
[2025-05-20T07:51:00.588+0000] {processor.py:840} INFO - DAG(s) 'example_branch_dop_operator_v3' retrieved from /home/airflow/.local/lib/python3.8/site-packages/airflow/example_dags/example_branch_python_dop_operator_3.py
[2025-05-20T07:51:00.627+0000] {logging_mixin.py:188} INFO - [2025-05-20T07:51:00.626+0000] {dag.py:3036} INFO - Sync 1 DAGs
[2025-05-20T07:51:00.685+0000] {logging_mixin.py:188} INFO - [2025-05-20T07:51:00.685+0000] {dag.py:3823} INFO - Setting next_dagrun for example_branch_dop_operator_v3 to 2025-05-20 07:50:00+00:00, run_after=2025-05-20 07:51:00+00:00
[2025-05-20T07:51:00.724+0000] {processor.py:183} INFO - Processing /home/airflow/.local/lib/python3.8/site-packages/airflow/example_dags/example_branch_python_dop_operator_3.py took 0.168 seconds
[2025-05-20T07:51:32.305+0000] {processor.py:161} INFO - Started process (PID=845) to work on /home/airflow/.local/lib/python3.8/site-packages/airflow/example_dags/example_branch_python_dop_operator_3.py
[2025-05-20T07:51:32.307+0000] {processor.py:830} INFO - Processing file /home/airflow/.local/lib/python3.8/site-packages/airflow/example_dags/example_branch_python_dop_operator_3.py for tasks to queue
[2025-05-20T07:51:32.311+0000] {logging_mixin.py:188} INFO - [2025-05-20T07:51:32.310+0000] {dagbag.py:538} INFO - Filling up the DagBag from /home/airflow/.local/lib/python3.8/site-packages/airflow/example_dags/example_branch_python_dop_operator_3.py
[2025-05-20T07:51:32.331+0000] {processor.py:840} INFO - DAG(s) 'example_branch_dop_operator_v3' retrieved from /home/airflow/.local/lib/python3.8/site-packages/airflow/example_dags/example_branch_python_dop_operator_3.py
[2025-05-20T07:51:32.380+0000] {logging_mixin.py:188} INFO - [2025-05-20T07:51:32.380+0000] {dag.py:3036} INFO - Sync 1 DAGs
[2025-05-20T07:51:32.436+0000] {logging_mixin.py:188} INFO - [2025-05-20T07:51:32.436+0000] {dag.py:3823} INFO - Setting next_dagrun for example_branch_dop_operator_v3 to 2025-05-20 07:50:00+00:00, run_after=2025-05-20 07:51:00+00:00
[2025-05-20T07:51:32.472+0000] {processor.py:183} INFO - Processing /home/airflow/.local/lib/python3.8/site-packages/airflow/example_dags/example_branch_python_dop_operator_3.py took 0.174 seconds
[2025-05-20T07:52:03.776+0000] {processor.py:161} INFO - Started process (PID=916) to work on /home/airflow/.local/lib/python3.8/site-packages/airflow/example_dags/example_branch_python_dop_operator_3.py
[2025-05-20T07:52:03.778+0000] {processor.py:830} INFO - Processing file /home/airflow/.local/lib/python3.8/site-packages/airflow/example_dags/example_branch_python_dop_operator_3.py for tasks to queue
[2025-05-20T07:52:03.781+0000] {logging_mixin.py:188} INFO - [2025-05-20T07:52:03.781+0000] {dagbag.py:538} INFO - Filling up the DagBag from /home/airflow/.local/lib/python3.8/site-packages/airflow/example_dags/example_branch_python_dop_operator_3.py
[2025-05-20T07:52:03.797+0000] {processor.py:840} INFO - DAG(s) 'example_branch_dop_operator_v3' retrieved from /home/airflow/.local/lib/python3.8/site-packages/airflow/example_dags/example_branch_python_dop_operator_3.py
[2025-05-20T07:52:03.831+0000] {logging_mixin.py:188} INFO - [2025-05-20T07:52:03.830+0000] {dag.py:3036} INFO - Sync 1 DAGs
[2025-05-20T07:52:03.900+0000] {logging_mixin.py:188} INFO - [2025-05-20T07:52:03.900+0000] {dag.py:3823} INFO - Setting next_dagrun for example_branch_dop_operator_v3 to 2025-05-20 07:51:00+00:00, run_after=2025-05-20 07:52:00+00:00
[2025-05-20T07:52:03.989+0000] {processor.py:183} INFO - Processing /home/airflow/.local/lib/python3.8/site-packages/airflow/example_dags/example_branch_python_dop_operator_3.py took 0.217 seconds
[2025-05-20T07:52:35.147+0000] {processor.py:161} INFO - Started process (PID=981) to work on /home/airflow/.local/lib/python3.8/site-packages/airflow/example_dags/example_branch_python_dop_operator_3.py
[2025-05-20T07:52:35.149+0000] {processor.py:830} INFO - Processing file /home/airflow/.local/lib/python3.8/site-packages/airflow/example_dags/example_branch_python_dop_operator_3.py for tasks to queue
[2025-05-20T07:52:35.152+0000] {logging_mixin.py:188} INFO - [2025-05-20T07:52:35.152+0000] {dagbag.py:538} INFO - Filling up the DagBag from /home/airflow/.local/lib/python3.8/site-packages/airflow/example_dags/example_branch_python_dop_operator_3.py
[2025-05-20T07:52:35.167+0000] {processor.py:840} INFO - DAG(s) 'example_branch_dop_operator_v3' retrieved from /home/airflow/.local/lib/python3.8/site-packages/airflow/example_dags/example_branch_python_dop_operator_3.py
[2025-05-20T07:52:35.198+0000] {logging_mixin.py:188} INFO - [2025-05-20T07:52:35.198+0000] {dag.py:3036} INFO - Sync 1 DAGs
[2025-05-20T07:52:35.245+0000] {logging_mixin.py:188} INFO - [2025-05-20T07:52:35.244+0000] {dag.py:3823} INFO - Setting next_dagrun for example_branch_dop_operator_v3 to 2025-05-20 07:51:00+00:00, run_after=2025-05-20 07:52:00+00:00
[2025-05-20T07:52:35.277+0000] {processor.py:183} INFO - Processing /home/airflow/.local/lib/python3.8/site-packages/airflow/example_dags/example_branch_python_dop_operator_3.py took 0.135 seconds
[2025-05-20T07:53:06.267+0000] {processor.py:161} INFO - Started process (PID=1046) to work on /home/airflow/.local/lib/python3.8/site-packages/airflow/example_dags/example_branch_python_dop_operator_3.py
[2025-05-20T07:53:06.269+0000] {processor.py:830} INFO - Processing file /home/airflow/.local/lib/python3.8/site-packages/airflow/example_dags/example_branch_python_dop_operator_3.py for tasks to queue
[2025-05-20T07:53:06.272+0000] {logging_mixin.py:188} INFO - [2025-05-20T07:53:06.272+0000] {dagbag.py:538} INFO - Filling up the DagBag from /home/airflow/.local/lib/python3.8/site-packages/airflow/example_dags/example_branch_python_dop_operator_3.py
[2025-05-20T07:53:06.294+0000] {processor.py:840} INFO - DAG(s) 'example_branch_dop_operator_v3' retrieved from /home/airflow/.local/lib/python3.8/site-packages/airflow/example_dags/example_branch_python_dop_operator_3.py
[2025-05-20T07:53:06.337+0000] {logging_mixin.py:188} INFO - [2025-05-20T07:53:06.337+0000] {dag.py:3036} INFO - Sync 1 DAGs
[2025-05-20T07:53:06.402+0000] {logging_mixin.py:188} INFO - [2025-05-20T07:53:06.402+0000] {dag.py:3823} INFO - Setting next_dagrun for example_branch_dop_operator_v3 to 2025-05-20 07:52:00+00:00, run_after=2025-05-20 07:53:00+00:00
[2025-05-20T07:53:06.440+0000] {processor.py:183} INFO - Processing /home/airflow/.local/lib/python3.8/site-packages/airflow/example_dags/example_branch_python_dop_operator_3.py took 0.179 seconds
[2025-05-20T07:53:39.081+0000] {processor.py:161} INFO - Started process (PID=1111) to work on /home/airflow/.local/lib/python3.8/site-packages/airflow/example_dags/example_branch_python_dop_operator_3.py
[2025-05-20T07:53:39.083+0000] {processor.py:830} INFO - Processing file /home/airflow/.local/lib/python3.8/site-packages/airflow/example_dags/example_branch_python_dop_operator_3.py for tasks to queue
[2025-05-20T07:53:39.088+0000] {logging_mixin.py:188} INFO - [2025-05-20T07:53:39.087+0000] {dagbag.py:538} INFO - Filling up the DagBag from /home/airflow/.local/lib/python3.8/site-packages/airflow/example_dags/example_branch_python_dop_operator_3.py
[2025-05-20T07:53:39.109+0000] {processor.py:840} INFO - DAG(s) 'example_branch_dop_operator_v3' retrieved from /home/airflow/.local/lib/python3.8/site-packages/airflow/example_dags/example_branch_python_dop_operator_3.py
[2025-05-20T07:53:39.147+0000] {logging_mixin.py:188} INFO - [2025-05-20T07:53:39.146+0000] {dag.py:3036} INFO - Sync 1 DAGs
[2025-05-20T07:53:39.210+0000] {logging_mixin.py:188} INFO - [2025-05-20T07:53:39.209+0000] {dag.py:3823} INFO - Setting next_dagrun for example_branch_dop_operator_v3 to 2025-05-20 07:52:00+00:00, run_after=2025-05-20 07:53:00+00:00
[2025-05-20T07:53:39.258+0000] {processor.py:183} INFO - Processing /home/airflow/.local/lib/python3.8/site-packages/airflow/example_dags/example_branch_python_dop_operator_3.py took 0.184 seconds
[2025-05-20T07:54:11.050+0000] {processor.py:161} INFO - Started process (PID=1176) to work on /home/airflow/.local/lib/python3.8/site-packages/airflow/example_dags/example_branch_python_dop_operator_3.py
[2025-05-20T07:54:11.052+0000] {processor.py:830} INFO - Processing file /home/airflow/.local/lib/python3.8/site-packages/airflow/example_dags/example_branch_python_dop_operator_3.py for tasks to queue
[2025-05-20T07:54:11.056+0000] {logging_mixin.py:188} INFO - [2025-05-20T07:54:11.056+0000] {dagbag.py:538} INFO - Filling up the DagBag from /home/airflow/.local/lib/python3.8/site-packages/airflow/example_dags/example_branch_python_dop_operator_3.py
[2025-05-20T07:54:11.083+0000] {processor.py:840} INFO - DAG(s) 'example_branch_dop_operator_v3' retrieved from /home/airflow/.local/lib/python3.8/site-packages/airflow/example_dags/example_branch_python_dop_operator_3.py
[2025-05-20T07:54:11.144+0000] {logging_mixin.py:188} INFO - [2025-05-20T07:54:11.143+0000] {dag.py:3036} INFO - Sync 1 DAGs
[2025-05-20T07:54:11.207+0000] {logging_mixin.py:188} INFO - [2025-05-20T07:54:11.207+0000] {dag.py:3823} INFO - Setting next_dagrun for example_branch_dop_operator_v3 to 2025-05-20 07:53:00+00:00, run_after=2025-05-20 07:54:00+00:00
[2025-05-20T07:54:11.259+0000] {processor.py:183} INFO - Processing /home/airflow/.local/lib/python3.8/site-packages/airflow/example_dags/example_branch_python_dop_operator_3.py took 0.219 seconds
[2025-05-20T07:54:42.485+0000] {processor.py:161} INFO - Started process (PID=1241) to work on /home/airflow/.local/lib/python3.8/site-packages/airflow/example_dags/example_branch_python_dop_operator_3.py
[2025-05-20T07:54:42.487+0000] {processor.py:830} INFO - Processing file /home/airflow/.local/lib/python3.8/site-packages/airflow/example_dags/example_branch_python_dop_operator_3.py for tasks to queue
[2025-05-20T07:54:42.490+0000] {logging_mixin.py:188} INFO - [2025-05-20T07:54:42.490+0000] {dagbag.py:538} INFO - Filling up the DagBag from /home/airflow/.local/lib/python3.8/site-packages/airflow/example_dags/example_branch_python_dop_operator_3.py
[2025-05-20T07:54:42.511+0000] {processor.py:840} INFO - DAG(s) 'example_branch_dop_operator_v3' retrieved from /home/airflow/.local/lib/python3.8/site-packages/airflow/example_dags/example_branch_python_dop_operator_3.py
[2025-05-20T07:54:42.551+0000] {logging_mixin.py:188} INFO - [2025-05-20T07:54:42.550+0000] {dag.py:3036} INFO - Sync 1 DAGs
[2025-05-20T07:54:42.617+0000] {logging_mixin.py:188} INFO - [2025-05-20T07:54:42.616+0000] {dag.py:3823} INFO - Setting next_dagrun for example_branch_dop_operator_v3 to 2025-05-20 07:53:00+00:00, run_after=2025-05-20 07:54:00+00:00
[2025-05-20T07:54:42.652+0000] {processor.py:183} INFO - Processing /home/airflow/.local/lib/python3.8/site-packages/airflow/example_dags/example_branch_python_dop_operator_3.py took 0.174 seconds
[2025-05-20T07:55:13.705+0000] {processor.py:161} INFO - Started process (PID=1306) to work on /home/airflow/.local/lib/python3.8/site-packages/airflow/example_dags/example_branch_python_dop_operator_3.py
[2025-05-20T07:55:13.707+0000] {processor.py:830} INFO - Processing file /home/airflow/.local/lib/python3.8/site-packages/airflow/example_dags/example_branch_python_dop_operator_3.py for tasks to queue
[2025-05-20T07:55:13.711+0000] {logging_mixin.py:188} INFO - [2025-05-20T07:55:13.710+0000] {dagbag.py:538} INFO - Filling up the DagBag from /home/airflow/.local/lib/python3.8/site-packages/airflow/example_dags/example_branch_python_dop_operator_3.py
[2025-05-20T07:55:13.727+0000] {processor.py:840} INFO - DAG(s) 'example_branch_dop_operator_v3' retrieved from /home/airflow/.local/lib/python3.8/site-packages/airflow/example_dags/example_branch_python_dop_operator_3.py
[2025-05-20T07:55:13.768+0000] {logging_mixin.py:188} INFO - [2025-05-20T07:55:13.767+0000] {dag.py:3036} INFO - Sync 1 DAGs
[2025-05-20T07:55:13.834+0000] {logging_mixin.py:188} INFO - [2025-05-20T07:55:13.834+0000] {dag.py:3823} INFO - Setting next_dagrun for example_branch_dop_operator_v3 to 2025-05-20 07:54:00+00:00, run_after=2025-05-20 07:55:00+00:00
[2025-05-20T07:55:13.883+0000] {processor.py:183} INFO - Processing /home/airflow/.local/lib/python3.8/site-packages/airflow/example_dags/example_branch_python_dop_operator_3.py took 0.183 seconds
[2025-05-20T07:55:44.346+0000] {processor.py:161} INFO - Started process (PID=1371) to work on /home/airflow/.local/lib/python3.8/site-packages/airflow/example_dags/example_branch_python_dop_operator_3.py
[2025-05-20T07:55:44.347+0000] {processor.py:830} INFO - Processing file /home/airflow/.local/lib/python3.8/site-packages/airflow/example_dags/example_branch_python_dop_operator_3.py for tasks to queue
[2025-05-20T07:55:44.351+0000] {logging_mixin.py:188} INFO - [2025-05-20T07:55:44.350+0000] {dagbag.py:538} INFO - Filling up the DagBag from /home/airflow/.local/lib/python3.8/site-packages/airflow/example_dags/example_branch_python_dop_operator_3.py
[2025-05-20T07:55:44.365+0000] {processor.py:840} INFO - DAG(s) 'example_branch_dop_operator_v3' retrieved from /home/airflow/.local/lib/python3.8/site-packages/airflow/example_dags/example_branch_python_dop_operator_3.py
[2025-05-20T07:55:44.396+0000] {logging_mixin.py:188} INFO - [2025-05-20T07:55:44.395+0000] {dag.py:3036} INFO - Sync 1 DAGs
[2025-05-20T07:55:44.442+0000] {logging_mixin.py:188} INFO - [2025-05-20T07:55:44.442+0000] {dag.py:3823} INFO - Setting next_dagrun for example_branch_dop_operator_v3 to 2025-05-20 07:54:00+00:00, run_after=2025-05-20 07:55:00+00:00
[2025-05-20T07:55:44.481+0000] {processor.py:183} INFO - Processing /home/airflow/.local/lib/python3.8/site-packages/airflow/example_dags/example_branch_python_dop_operator_3.py took 0.145 seconds
[2025-05-20T07:56:16.041+0000] {processor.py:161} INFO - Started process (PID=1436) to work on /home/airflow/.local/lib/python3.8/site-packages/airflow/example_dags/example_branch_python_dop_operator_3.py
[2025-05-20T07:56:16.044+0000] {processor.py:830} INFO - Processing file /home/airflow/.local/lib/python3.8/site-packages/airflow/example_dags/example_branch_python_dop_operator_3.py for tasks to queue
[2025-05-20T07:56:16.049+0000] {logging_mixin.py:188} INFO - [2025-05-20T07:56:16.048+0000] {dagbag.py:538} INFO - Filling up the DagBag from /home/airflow/.local/lib/python3.8/site-packages/airflow/example_dags/example_branch_python_dop_operator_3.py
[2025-05-20T07:56:16.075+0000] {processor.py:840} INFO - DAG(s) 'example_branch_dop_operator_v3' retrieved from /home/airflow/.local/lib/python3.8/site-packages/airflow/example_dags/example_branch_python_dop_operator_3.py
[2025-05-20T07:56:16.114+0000] {logging_mixin.py:188} INFO - [2025-05-20T07:56:16.114+0000] {dag.py:3036} INFO - Sync 1 DAGs
[2025-05-20T07:56:16.174+0000] {logging_mixin.py:188} INFO - [2025-05-20T07:56:16.174+0000] {dag.py:3823} INFO - Setting next_dagrun for example_branch_dop_operator_v3 to 2025-05-20 07:55:00+00:00, run_after=2025-05-20 07:56:00+00:00
[2025-05-20T07:56:16.216+0000] {processor.py:183} INFO - Processing /home/airflow/.local/lib/python3.8/site-packages/airflow/example_dags/example_branch_python_dop_operator_3.py took 0.184 seconds
[2025-05-20T07:56:47.668+0000] {processor.py:161} INFO - Started process (PID=1501) to work on /home/airflow/.local/lib/python3.8/site-packages/airflow/example_dags/example_branch_python_dop_operator_3.py
[2025-05-20T07:56:47.671+0000] {processor.py:830} INFO - Processing file /home/airflow/.local/lib/python3.8/site-packages/airflow/example_dags/example_branch_python_dop_operator_3.py for tasks to queue
[2025-05-20T07:56:47.675+0000] {logging_mixin.py:188} INFO - [2025-05-20T07:56:47.674+0000] {dagbag.py:538} INFO - Filling up the DagBag from /home/airflow/.local/lib/python3.8/site-packages/airflow/example_dags/example_branch_python_dop_operator_3.py
[2025-05-20T07:56:47.695+0000] {processor.py:840} INFO - DAG(s) 'example_branch_dop_operator_v3' retrieved from /home/airflow/.local/lib/python3.8/site-packages/airflow/example_dags/example_branch_python_dop_operator_3.py
[2025-05-20T07:56:47.757+0000] {logging_mixin.py:188} INFO - [2025-05-20T07:56:47.757+0000] {dag.py:3036} INFO - Sync 1 DAGs
[2025-05-20T07:56:47.844+0000] {logging_mixin.py:188} INFO - [2025-05-20T07:56:47.843+0000] {dag.py:3823} INFO - Setting next_dagrun for example_branch_dop_operator_v3 to 2025-05-20 07:55:00+00:00, run_after=2025-05-20 07:56:00+00:00
[2025-05-20T07:56:47.913+0000] {processor.py:183} INFO - Processing /home/airflow/.local/lib/python3.8/site-packages/airflow/example_dags/example_branch_python_dop_operator_3.py took 0.254 seconds
[2025-05-20T07:57:19.281+0000] {processor.py:161} INFO - Started process (PID=1566) to work on /home/airflow/.local/lib/python3.8/site-packages/airflow/example_dags/example_branch_python_dop_operator_3.py
[2025-05-20T07:57:19.284+0000] {processor.py:830} INFO - Processing file /home/airflow/.local/lib/python3.8/site-packages/airflow/example_dags/example_branch_python_dop_operator_3.py for tasks to queue
[2025-05-20T07:57:19.291+0000] {logging_mixin.py:188} INFO - [2025-05-20T07:57:19.289+0000] {dagbag.py:538} INFO - Filling up the DagBag from /home/airflow/.local/lib/python3.8/site-packages/airflow/example_dags/example_branch_python_dop_operator_3.py
[2025-05-20T07:57:19.313+0000] {processor.py:840} INFO - DAG(s) 'example_branch_dop_operator_v3' retrieved from /home/airflow/.local/lib/python3.8/site-packages/airflow/example_dags/example_branch_python_dop_operator_3.py
[2025-05-20T07:57:19.361+0000] {logging_mixin.py:188} INFO - [2025-05-20T07:57:19.360+0000] {dag.py:3036} INFO - Sync 1 DAGs
[2025-05-20T07:57:19.436+0000] {logging_mixin.py:188} INFO - [2025-05-20T07:57:19.436+0000] {dag.py:3823} INFO - Setting next_dagrun for example_branch_dop_operator_v3 to 2025-05-20 07:56:00+00:00, run_after=2025-05-20 07:57:00+00:00
[2025-05-20T07:57:19.486+0000] {processor.py:183} INFO - Processing /home/airflow/.local/lib/python3.8/site-packages/airflow/example_dags/example_branch_python_dop_operator_3.py took 0.215 seconds
[2025-05-20T07:57:50.447+0000] {processor.py:161} INFO - Started process (PID=1631) to work on /home/airflow/.local/lib/python3.8/site-packages/airflow/example_dags/example_branch_python_dop_operator_3.py
[2025-05-20T07:57:50.449+0000] {processor.py:830} INFO - Processing file /home/airflow/.local/lib/python3.8/site-packages/airflow/example_dags/example_branch_python_dop_operator_3.py for tasks to queue
[2025-05-20T07:57:50.456+0000] {logging_mixin.py:188} INFO - [2025-05-20T07:57:50.455+0000] {dagbag.py:538} INFO - Filling up the DagBag from /home/airflow/.local/lib/python3.8/site-packages/airflow/example_dags/example_branch_python_dop_operator_3.py
[2025-05-20T07:57:50.479+0000] {processor.py:840} INFO - DAG(s) 'example_branch_dop_operator_v3' retrieved from /home/airflow/.local/lib/python3.8/site-packages/airflow/example_dags/example_branch_python_dop_operator_3.py
[2025-05-20T07:57:50.524+0000] {logging_mixin.py:188} INFO - [2025-05-20T07:57:50.524+0000] {dag.py:3036} INFO - Sync 1 DAGs
[2025-05-20T07:57:50.595+0000] {logging_mixin.py:188} INFO - [2025-05-20T07:57:50.594+0000] {dag.py:3823} INFO - Setting next_dagrun for example_branch_dop_operator_v3 to 2025-05-20 07:56:00+00:00, run_after=2025-05-20 07:57:00+00:00
[2025-05-20T07:57:50.641+0000] {processor.py:183} INFO - Processing /home/airflow/.local/lib/python3.8/site-packages/airflow/example_dags/example_branch_python_dop_operator_3.py took 0.203 seconds
[2025-05-20T07:58:21.786+0000] {processor.py:161} INFO - Started process (PID=1696) to work on /home/airflow/.local/lib/python3.8/site-packages/airflow/example_dags/example_branch_python_dop_operator_3.py
[2025-05-20T07:58:21.788+0000] {processor.py:830} INFO - Processing file /home/airflow/.local/lib/python3.8/site-packages/airflow/example_dags/example_branch_python_dop_operator_3.py for tasks to queue
[2025-05-20T07:58:21.791+0000] {logging_mixin.py:188} INFO - [2025-05-20T07:58:21.790+0000] {dagbag.py:538} INFO - Filling up the DagBag from /home/airflow/.local/lib/python3.8/site-packages/airflow/example_dags/example_branch_python_dop_operator_3.py
[2025-05-20T07:58:21.808+0000] {processor.py:840} INFO - DAG(s) 'example_branch_dop_operator_v3' retrieved from /home/airflow/.local/lib/python3.8/site-packages/airflow/example_dags/example_branch_python_dop_operator_3.py
[2025-05-20T07:58:21.843+0000] {logging_mixin.py:188} INFO - [2025-05-20T07:58:21.843+0000] {dag.py:3036} INFO - Sync 1 DAGs
[2025-05-20T07:58:21.889+0000] {logging_mixin.py:188} INFO - [2025-05-20T07:58:21.889+0000] {dag.py:3823} INFO - Setting next_dagrun for example_branch_dop_operator_v3 to 2025-05-20 07:57:00+00:00, run_after=2025-05-20 07:58:00+00:00
[2025-05-20T07:58:21.926+0000] {processor.py:183} INFO - Processing /home/airflow/.local/lib/python3.8/site-packages/airflow/example_dags/example_branch_python_dop_operator_3.py took 0.146 seconds
[2025-05-20T07:58:53.208+0000] {processor.py:161} INFO - Started process (PID=1761) to work on /home/airflow/.local/lib/python3.8/site-packages/airflow/example_dags/example_branch_python_dop_operator_3.py
[2025-05-20T07:58:53.210+0000] {processor.py:830} INFO - Processing file /home/airflow/.local/lib/python3.8/site-packages/airflow/example_dags/example_branch_python_dop_operator_3.py for tasks to queue
[2025-05-20T07:58:53.213+0000] {logging_mixin.py:188} INFO - [2025-05-20T07:58:53.213+0000] {dagbag.py:538} INFO - Filling up the DagBag from /home/airflow/.local/lib/python3.8/site-packages/airflow/example_dags/example_branch_python_dop_operator_3.py
[2025-05-20T07:58:53.229+0000] {processor.py:840} INFO - DAG(s) 'example_branch_dop_operator_v3' retrieved from /home/airflow/.local/lib/python3.8/site-packages/airflow/example_dags/example_branch_python_dop_operator_3.py
[2025-05-20T07:58:53.262+0000] {logging_mixin.py:188} INFO - [2025-05-20T07:58:53.262+0000] {dag.py:3036} INFO - Sync 1 DAGs
[2025-05-20T07:58:53.318+0000] {logging_mixin.py:188} INFO - [2025-05-20T07:58:53.318+0000] {dag.py:3823} INFO - Setting next_dagrun for example_branch_dop_operator_v3 to 2025-05-20 07:57:00+00:00, run_after=2025-05-20 07:58:00+00:00
[2025-05-20T07:58:53.355+0000] {processor.py:183} INFO - Processing /home/airflow/.local/lib/python3.8/site-packages/airflow/example_dags/example_branch_python_dop_operator_3.py took 0.152 seconds
[2025-05-20T07:59:24.517+0000] {processor.py:161} INFO - Started process (PID=1826) to work on /home/airflow/.local/lib/python3.8/site-packages/airflow/example_dags/example_branch_python_dop_operator_3.py
[2025-05-20T07:59:24.519+0000] {processor.py:830} INFO - Processing file /home/airflow/.local/lib/python3.8/site-packages/airflow/example_dags/example_branch_python_dop_operator_3.py for tasks to queue
[2025-05-20T07:59:24.524+0000] {logging_mixin.py:188} INFO - [2025-05-20T07:59:24.523+0000] {dagbag.py:538} INFO - Filling up the DagBag from /home/airflow/.local/lib/python3.8/site-packages/airflow/example_dags/example_branch_python_dop_operator_3.py
[2025-05-20T07:59:24.547+0000] {processor.py:840} INFO - DAG(s) 'example_branch_dop_operator_v3' retrieved from /home/airflow/.local/lib/python3.8/site-packages/airflow/example_dags/example_branch_python_dop_operator_3.py
[2025-05-20T07:59:24.585+0000] {logging_mixin.py:188} INFO - [2025-05-20T07:59:24.584+0000] {dag.py:3036} INFO - Sync 1 DAGs
[2025-05-20T07:59:24.638+0000] {logging_mixin.py:188} INFO - [2025-05-20T07:59:24.638+0000] {dag.py:3823} INFO - Setting next_dagrun for example_branch_dop_operator_v3 to 2025-05-20 07:58:00+00:00, run_after=2025-05-20 07:59:00+00:00
[2025-05-20T07:59:24.873+0000] {processor.py:183} INFO - Processing /home/airflow/.local/lib/python3.8/site-packages/airflow/example_dags/example_branch_python_dop_operator_3.py took 0.362 seconds
[2025-05-20T07:59:56.297+0000] {processor.py:161} INFO - Started process (PID=1891) to work on /home/airflow/.local/lib/python3.8/site-packages/airflow/example_dags/example_branch_python_dop_operator_3.py
[2025-05-20T07:59:56.298+0000] {processor.py:830} INFO - Processing file /home/airflow/.local/lib/python3.8/site-packages/airflow/example_dags/example_branch_python_dop_operator_3.py for tasks to queue
[2025-05-20T07:59:56.302+0000] {logging_mixin.py:188} INFO - [2025-05-20T07:59:56.301+0000] {dagbag.py:538} INFO - Filling up the DagBag from /home/airflow/.local/lib/python3.8/site-packages/airflow/example_dags/example_branch_python_dop_operator_3.py
[2025-05-20T07:59:56.318+0000] {processor.py:840} INFO - DAG(s) 'example_branch_dop_operator_v3' retrieved from /home/airflow/.local/lib/python3.8/site-packages/airflow/example_dags/example_branch_python_dop_operator_3.py
[2025-05-20T07:59:56.352+0000] {logging_mixin.py:188} INFO - [2025-05-20T07:59:56.351+0000] {dag.py:3036} INFO - Sync 1 DAGs
[2025-05-20T07:59:56.417+0000] {logging_mixin.py:188} INFO - [2025-05-20T07:59:56.417+0000] {dag.py:3823} INFO - Setting next_dagrun for example_branch_dop_operator_v3 to 2025-05-20 07:58:00+00:00, run_after=2025-05-20 07:59:00+00:00
[2025-05-20T07:59:56.661+0000] {processor.py:183} INFO - Processing /home/airflow/.local/lib/python3.8/site-packages/airflow/example_dags/example_branch_python_dop_operator_3.py took 0.369 seconds
[2025-05-20T08:00:28.554+0000] {processor.py:161} INFO - Started process (PID=1956) to work on /home/airflow/.local/lib/python3.8/site-packages/airflow/example_dags/example_branch_python_dop_operator_3.py
[2025-05-20T08:00:28.557+0000] {processor.py:830} INFO - Processing file /home/airflow/.local/lib/python3.8/site-packages/airflow/example_dags/example_branch_python_dop_operator_3.py for tasks to queue
[2025-05-20T08:00:28.562+0000] {logging_mixin.py:188} INFO - [2025-05-20T08:00:28.561+0000] {dagbag.py:538} INFO - Filling up the DagBag from /home/airflow/.local/lib/python3.8/site-packages/airflow/example_dags/example_branch_python_dop_operator_3.py
[2025-05-20T08:00:28.584+0000] {processor.py:840} INFO - DAG(s) 'example_branch_dop_operator_v3' retrieved from /home/airflow/.local/lib/python3.8/site-packages/airflow/example_dags/example_branch_python_dop_operator_3.py
[2025-05-20T08:00:28.631+0000] {logging_mixin.py:188} INFO - [2025-05-20T08:00:28.630+0000] {dag.py:3036} INFO - Sync 1 DAGs
[2025-05-20T08:00:28.898+0000] {logging_mixin.py:188} INFO - [2025-05-20T08:00:28.898+0000] {dag.py:3823} INFO - Setting next_dagrun for example_branch_dop_operator_v3 to 2025-05-20 07:59:00+00:00, run_after=2025-05-20 08:00:00+00:00
[2025-05-20T08:00:28.947+0000] {processor.py:183} INFO - Processing /home/airflow/.local/lib/python3.8/site-packages/airflow/example_dags/example_branch_python_dop_operator_3.py took 0.400 seconds
[2025-05-20T08:01:00.056+0000] {processor.py:161} INFO - Started process (PID=2021) to work on /home/airflow/.local/lib/python3.8/site-packages/airflow/example_dags/example_branch_python_dop_operator_3.py
[2025-05-20T08:01:00.058+0000] {processor.py:830} INFO - Processing file /home/airflow/.local/lib/python3.8/site-packages/airflow/example_dags/example_branch_python_dop_operator_3.py for tasks to queue
[2025-05-20T08:01:00.061+0000] {logging_mixin.py:188} INFO - [2025-05-20T08:01:00.061+0000] {dagbag.py:538} INFO - Filling up the DagBag from /home/airflow/.local/lib/python3.8/site-packages/airflow/example_dags/example_branch_python_dop_operator_3.py
[2025-05-20T08:01:00.077+0000] {processor.py:840} INFO - DAG(s) 'example_branch_dop_operator_v3' retrieved from /home/airflow/.local/lib/python3.8/site-packages/airflow/example_dags/example_branch_python_dop_operator_3.py
[2025-05-20T08:01:00.111+0000] {logging_mixin.py:188} INFO - [2025-05-20T08:01:00.111+0000] {dag.py:3036} INFO - Sync 1 DAGs
[2025-05-20T08:01:00.343+0000] {logging_mixin.py:188} INFO - [2025-05-20T08:01:00.343+0000] {dag.py:3823} INFO - Setting next_dagrun for example_branch_dop_operator_v3 to 2025-05-20 08:00:00+00:00, run_after=2025-05-20 08:01:00+00:00
[2025-05-20T08:01:00.386+0000] {processor.py:183} INFO - Processing /home/airflow/.local/lib/python3.8/site-packages/airflow/example_dags/example_branch_python_dop_operator_3.py took 0.336 seconds
[2025-05-20T08:01:31.246+0000] {processor.py:161} INFO - Started process (PID=2086) to work on /home/airflow/.local/lib/python3.8/site-packages/airflow/example_dags/example_branch_python_dop_operator_3.py
[2025-05-20T08:01:31.249+0000] {processor.py:830} INFO - Processing file /home/airflow/.local/lib/python3.8/site-packages/airflow/example_dags/example_branch_python_dop_operator_3.py for tasks to queue
[2025-05-20T08:01:31.253+0000] {logging_mixin.py:188} INFO - [2025-05-20T08:01:31.252+0000] {dagbag.py:538} INFO - Filling up the DagBag from /home/airflow/.local/lib/python3.8/site-packages/airflow/example_dags/example_branch_python_dop_operator_3.py
[2025-05-20T08:01:31.275+0000] {processor.py:840} INFO - DAG(s) 'example_branch_dop_operator_v3' retrieved from /home/airflow/.local/lib/python3.8/site-packages/airflow/example_dags/example_branch_python_dop_operator_3.py
[2025-05-20T08:01:31.322+0000] {logging_mixin.py:188} INFO - [2025-05-20T08:01:31.321+0000] {dag.py:3036} INFO - Sync 1 DAGs
[2025-05-20T08:01:31.393+0000] {logging_mixin.py:188} INFO - [2025-05-20T08:01:31.392+0000] {dag.py:3823} INFO - Setting next_dagrun for example_branch_dop_operator_v3 to 2025-05-20 08:00:00+00:00, run_after=2025-05-20 08:01:00+00:00
[2025-05-20T08:01:31.442+0000] {processor.py:183} INFO - Processing /home/airflow/.local/lib/python3.8/site-packages/airflow/example_dags/example_branch_python_dop_operator_3.py took 0.203 seconds
[2025-05-20T08:02:02.090+0000] {processor.py:161} INFO - Started process (PID=2151) to work on /home/airflow/.local/lib/python3.8/site-packages/airflow/example_dags/example_branch_python_dop_operator_3.py
[2025-05-20T08:02:02.092+0000] {processor.py:830} INFO - Processing file /home/airflow/.local/lib/python3.8/site-packages/airflow/example_dags/example_branch_python_dop_operator_3.py for tasks to queue
[2025-05-20T08:02:02.095+0000] {logging_mixin.py:188} INFO - [2025-05-20T08:02:02.094+0000] {dagbag.py:538} INFO - Filling up the DagBag from /home/airflow/.local/lib/python3.8/site-packages/airflow/example_dags/example_branch_python_dop_operator_3.py
[2025-05-20T08:02:02.123+0000] {processor.py:840} INFO - DAG(s) 'example_branch_dop_operator_v3' retrieved from /home/airflow/.local/lib/python3.8/site-packages/airflow/example_dags/example_branch_python_dop_operator_3.py
[2025-05-20T08:02:02.188+0000] {logging_mixin.py:188} INFO - [2025-05-20T08:02:02.187+0000] {dag.py:3036} INFO - Sync 1 DAGs
[2025-05-20T08:02:02.277+0000] {logging_mixin.py:188} INFO - [2025-05-20T08:02:02.277+0000] {dag.py:3823} INFO - Setting next_dagrun for example_branch_dop_operator_v3 to 2025-05-20 08:01:00+00:00, run_after=2025-05-20 08:02:00+00:00
[2025-05-20T08:02:02.325+0000] {processor.py:183} INFO - Processing /home/airflow/.local/lib/python3.8/site-packages/airflow/example_dags/example_branch_python_dop_operator_3.py took 0.240 seconds
[2025-05-20T08:02:32.446+0000] {processor.py:161} INFO - Started process (PID=2214) to work on /home/airflow/.local/lib/python3.8/site-packages/airflow/example_dags/example_branch_python_dop_operator_3.py
[2025-05-20T08:02:32.454+0000] {processor.py:830} INFO - Processing file /home/airflow/.local/lib/python3.8/site-packages/airflow/example_dags/example_branch_python_dop_operator_3.py for tasks to queue
[2025-05-20T08:02:32.459+0000] {logging_mixin.py:188} INFO - [2025-05-20T08:02:32.458+0000] {dagbag.py:538} INFO - Filling up the DagBag from /home/airflow/.local/lib/python3.8/site-packages/airflow/example_dags/example_branch_python_dop_operator_3.py
[2025-05-20T08:02:32.504+0000] {processor.py:840} INFO - DAG(s) 'example_branch_dop_operator_v3' retrieved from /home/airflow/.local/lib/python3.8/site-packages/airflow/example_dags/example_branch_python_dop_operator_3.py
[2025-05-20T08:02:32.542+0000] {logging_mixin.py:188} INFO - [2025-05-20T08:02:32.541+0000] {dag.py:3036} INFO - Sync 1 DAGs
[2025-05-20T08:02:32.599+0000] {logging_mixin.py:188} INFO - [2025-05-20T08:02:32.598+0000] {dag.py:3823} INFO - Setting next_dagrun for example_branch_dop_operator_v3 to 2025-05-20 08:01:00+00:00, run_after=2025-05-20 08:02:00+00:00
[2025-05-20T08:02:32.645+0000] {processor.py:183} INFO - Processing /home/airflow/.local/lib/python3.8/site-packages/airflow/example_dags/example_branch_python_dop_operator_3.py took 0.208 seconds
[2025-05-20T08:03:02.997+0000] {processor.py:161} INFO - Started process (PID=2280) to work on /home/airflow/.local/lib/python3.8/site-packages/airflow/example_dags/example_branch_python_dop_operator_3.py
[2025-05-20T08:03:02.999+0000] {processor.py:830} INFO - Processing file /home/airflow/.local/lib/python3.8/site-packages/airflow/example_dags/example_branch_python_dop_operator_3.py for tasks to queue
[2025-05-20T08:03:03.002+0000] {logging_mixin.py:188} INFO - [2025-05-20T08:03:03.001+0000] {dagbag.py:538} INFO - Filling up the DagBag from /home/airflow/.local/lib/python3.8/site-packages/airflow/example_dags/example_branch_python_dop_operator_3.py
[2025-05-20T08:03:03.030+0000] {processor.py:840} INFO - DAG(s) 'example_branch_dop_operator_v3' retrieved from /home/airflow/.local/lib/python3.8/site-packages/airflow/example_dags/example_branch_python_dop_operator_3.py
[2025-05-20T08:03:03.072+0000] {logging_mixin.py:188} INFO - [2025-05-20T08:03:03.072+0000] {dag.py:3036} INFO - Sync 1 DAGs
[2025-05-20T08:03:03.132+0000] {logging_mixin.py:188} INFO - [2025-05-20T08:03:03.131+0000] {dag.py:3823} INFO - Setting next_dagrun for example_branch_dop_operator_v3 to 2025-05-20 08:02:00+00:00, run_after=2025-05-20 08:03:00+00:00
[2025-05-20T08:03:03.171+0000] {processor.py:183} INFO - Processing /home/airflow/.local/lib/python3.8/site-packages/airflow/example_dags/example_branch_python_dop_operator_3.py took 0.179 seconds
[2025-05-20T08:03:34.217+0000] {processor.py:161} INFO - Started process (PID=2345) to work on /home/airflow/.local/lib/python3.8/site-packages/airflow/example_dags/example_branch_python_dop_operator_3.py
[2025-05-20T08:03:34.219+0000] {processor.py:830} INFO - Processing file /home/airflow/.local/lib/python3.8/site-packages/airflow/example_dags/example_branch_python_dop_operator_3.py for tasks to queue
[2025-05-20T08:03:34.223+0000] {logging_mixin.py:188} INFO - [2025-05-20T08:03:34.223+0000] {dagbag.py:538} INFO - Filling up the DagBag from /home/airflow/.local/lib/python3.8/site-packages/airflow/example_dags/example_branch_python_dop_operator_3.py
[2025-05-20T08:03:34.237+0000] {processor.py:840} INFO - DAG(s) 'example_branch_dop_operator_v3' retrieved from /home/airflow/.local/lib/python3.8/site-packages/airflow/example_dags/example_branch_python_dop_operator_3.py
[2025-05-20T08:03:34.268+0000] {logging_mixin.py:188} INFO - [2025-05-20T08:03:34.268+0000] {dag.py:3036} INFO - Sync 1 DAGs
[2025-05-20T08:03:34.316+0000] {logging_mixin.py:188} INFO - [2025-05-20T08:03:34.316+0000] {dag.py:3823} INFO - Setting next_dagrun for example_branch_dop_operator_v3 to 2025-05-20 08:02:00+00:00, run_after=2025-05-20 08:03:00+00:00
[2025-05-20T08:03:34.357+0000] {processor.py:183} INFO - Processing /home/airflow/.local/lib/python3.8/site-packages/airflow/example_dags/example_branch_python_dop_operator_3.py took 0.145 seconds
[2025-05-20T08:04:05.526+0000] {processor.py:161} INFO - Started process (PID=2416) to work on /home/airflow/.local/lib/python3.8/site-packages/airflow/example_dags/example_branch_python_dop_operator_3.py
[2025-05-20T08:04:05.528+0000] {processor.py:830} INFO - Processing file /home/airflow/.local/lib/python3.8/site-packages/airflow/example_dags/example_branch_python_dop_operator_3.py for tasks to queue
[2025-05-20T08:04:05.531+0000] {logging_mixin.py:188} INFO - [2025-05-20T08:04:05.530+0000] {dagbag.py:538} INFO - Filling up the DagBag from /home/airflow/.local/lib/python3.8/site-packages/airflow/example_dags/example_branch_python_dop_operator_3.py
[2025-05-20T08:04:05.570+0000] {processor.py:840} INFO - DAG(s) 'example_branch_dop_operator_v3' retrieved from /home/airflow/.local/lib/python3.8/site-packages/airflow/example_dags/example_branch_python_dop_operator_3.py
[2025-05-20T08:04:05.617+0000] {logging_mixin.py:188} INFO - [2025-05-20T08:04:05.617+0000] {dag.py:3036} INFO - Sync 1 DAGs
[2025-05-20T08:04:05.675+0000] {logging_mixin.py:188} INFO - [2025-05-20T08:04:05.675+0000] {dag.py:3823} INFO - Setting next_dagrun for example_branch_dop_operator_v3 to 2025-05-20 08:03:00+00:00, run_after=2025-05-20 08:04:00+00:00
[2025-05-20T08:04:05.715+0000] {processor.py:183} INFO - Processing /home/airflow/.local/lib/python3.8/site-packages/airflow/example_dags/example_branch_python_dop_operator_3.py took 0.195 seconds
