[2025-05-20T07:45:14.647+0000] {processor.py:161} INFO - Started process (PID=63) to work on /home/airflow/.local/lib/python3.8/site-packages/airflow/example_dags/example_external_task_marker_dag.py
[2025-05-20T07:45:14.649+0000] {processor.py:830} INFO - Processing file /home/airflow/.local/lib/python3.8/site-packages/airflow/example_dags/example_external_task_marker_dag.py for tasks to queue
[2025-05-20T07:45:14.653+0000] {logging_mixin.py:188} INFO - [2025-05-20T07:45:14.653+0000] {dagbag.py:538} INFO - Filling up the DagBag from /home/airflow/.local/lib/python3.8/site-packages/airflow/example_dags/example_external_task_marker_dag.py
[2025-05-20T07:45:14.677+0000] {processor.py:840} INFO - DAG(s) 'example_external_task_marker_child', 'example_external_task_marker_parent' retrieved from /home/airflow/.local/lib/python3.8/site-packages/airflow/example_dags/example_external_task_marker_dag.py
[2025-05-20T07:45:14.891+0000] {logging_mixin.py:188} INFO - [2025-05-20T07:45:14.891+0000] {dag.py:3036} INFO - Sync 2 DAGs
[2025-05-20T07:45:14.908+0000] {logging_mixin.py:188} INFO - [2025-05-20T07:45:14.908+0000] {dag.py:3823} INFO - Setting next_dagrun for example_external_task_marker_child to None, run_after=None
[2025-05-20T07:45:14.914+0000] {logging_mixin.py:188} INFO - [2025-05-20T07:45:14.913+0000] {dag.py:3823} INFO - Setting next_dagrun for example_external_task_marker_parent to None, run_after=None
[2025-05-20T07:45:14.947+0000] {processor.py:183} INFO - Processing /home/airflow/.local/lib/python3.8/site-packages/airflow/example_dags/example_external_task_marker_dag.py took 0.306 seconds
[2025-05-20T07:45:45.340+0000] {processor.py:161} INFO - Started process (PID=128) to work on /home/airflow/.local/lib/python3.8/site-packages/airflow/example_dags/example_external_task_marker_dag.py
[2025-05-20T07:45:45.343+0000] {processor.py:830} INFO - Processing file /home/airflow/.local/lib/python3.8/site-packages/airflow/example_dags/example_external_task_marker_dag.py for tasks to queue
[2025-05-20T07:45:45.348+0000] {logging_mixin.py:188} INFO - [2025-05-20T07:45:45.348+0000] {dagbag.py:538} INFO - Filling up the DagBag from /home/airflow/.local/lib/python3.8/site-packages/airflow/example_dags/example_external_task_marker_dag.py
[2025-05-20T07:45:45.361+0000] {processor.py:840} INFO - DAG(s) 'example_external_task_marker_child', 'example_external_task_marker_parent' retrieved from /home/airflow/.local/lib/python3.8/site-packages/airflow/example_dags/example_external_task_marker_dag.py
[2025-05-20T07:45:45.412+0000] {logging_mixin.py:188} INFO - [2025-05-20T07:45:45.411+0000] {dag.py:3036} INFO - Sync 2 DAGs
[2025-05-20T07:45:45.450+0000] {logging_mixin.py:188} INFO - [2025-05-20T07:45:45.449+0000] {dag.py:3823} INFO - Setting next_dagrun for example_external_task_marker_child to None, run_after=None
[2025-05-20T07:45:45.460+0000] {logging_mixin.py:188} INFO - [2025-05-20T07:45:45.459+0000] {dag.py:3823} INFO - Setting next_dagrun for example_external_task_marker_parent to None, run_after=None
[2025-05-20T07:45:45.497+0000] {processor.py:183} INFO - Processing /home/airflow/.local/lib/python3.8/site-packages/airflow/example_dags/example_external_task_marker_dag.py took 0.164 seconds
[2025-05-20T07:46:16.359+0000] {processor.py:161} INFO - Started process (PID=193) to work on /home/airflow/.local/lib/python3.8/site-packages/airflow/example_dags/example_external_task_marker_dag.py
[2025-05-20T07:46:16.362+0000] {processor.py:830} INFO - Processing file /home/airflow/.local/lib/python3.8/site-packages/airflow/example_dags/example_external_task_marker_dag.py for tasks to queue
[2025-05-20T07:46:16.366+0000] {logging_mixin.py:188} INFO - [2025-05-20T07:46:16.366+0000] {dagbag.py:538} INFO - Filling up the DagBag from /home/airflow/.local/lib/python3.8/site-packages/airflow/example_dags/example_external_task_marker_dag.py
[2025-05-20T07:46:16.379+0000] {processor.py:840} INFO - DAG(s) 'example_external_task_marker_parent', 'example_external_task_marker_child' retrieved from /home/airflow/.local/lib/python3.8/site-packages/airflow/example_dags/example_external_task_marker_dag.py
[2025-05-20T07:46:16.426+0000] {logging_mixin.py:188} INFO - [2025-05-20T07:46:16.426+0000] {dag.py:3036} INFO - Sync 2 DAGs
[2025-05-20T07:46:16.460+0000] {logging_mixin.py:188} INFO - [2025-05-20T07:46:16.460+0000] {dag.py:3823} INFO - Setting next_dagrun for example_external_task_marker_child to None, run_after=None
[2025-05-20T07:46:16.469+0000] {logging_mixin.py:188} INFO - [2025-05-20T07:46:16.468+0000] {dag.py:3823} INFO - Setting next_dagrun for example_external_task_marker_parent to None, run_after=None
[2025-05-20T07:46:16.508+0000] {processor.py:183} INFO - Processing /home/airflow/.local/lib/python3.8/site-packages/airflow/example_dags/example_external_task_marker_dag.py took 0.158 seconds
[2025-05-20T07:46:48.311+0000] {processor.py:161} INFO - Started process (PID=258) to work on /home/airflow/.local/lib/python3.8/site-packages/airflow/example_dags/example_external_task_marker_dag.py
[2025-05-20T07:46:48.317+0000] {processor.py:830} INFO - Processing file /home/airflow/.local/lib/python3.8/site-packages/airflow/example_dags/example_external_task_marker_dag.py for tasks to queue
[2025-05-20T07:46:48.328+0000] {logging_mixin.py:188} INFO - [2025-05-20T07:46:48.326+0000] {dagbag.py:538} INFO - Filling up the DagBag from /home/airflow/.local/lib/python3.8/site-packages/airflow/example_dags/example_external_task_marker_dag.py
[2025-05-20T07:46:48.361+0000] {processor.py:840} INFO - DAG(s) 'example_external_task_marker_parent', 'example_external_task_marker_child' retrieved from /home/airflow/.local/lib/python3.8/site-packages/airflow/example_dags/example_external_task_marker_dag.py
[2025-05-20T07:46:48.491+0000] {logging_mixin.py:188} INFO - [2025-05-20T07:46:48.490+0000] {dag.py:3036} INFO - Sync 2 DAGs
[2025-05-20T07:46:48.519+0000] {logging_mixin.py:188} INFO - [2025-05-20T07:46:48.519+0000] {dag.py:3823} INFO - Setting next_dagrun for example_external_task_marker_child to None, run_after=None
[2025-05-20T07:46:48.529+0000] {logging_mixin.py:188} INFO - [2025-05-20T07:46:48.528+0000] {dag.py:3823} INFO - Setting next_dagrun for example_external_task_marker_parent to None, run_after=None
[2025-05-20T07:46:48.569+0000] {processor.py:183} INFO - Processing /home/airflow/.local/lib/python3.8/site-packages/airflow/example_dags/example_external_task_marker_dag.py took 0.276 seconds
[2025-05-20T07:47:20.579+0000] {processor.py:161} INFO - Started process (PID=323) to work on /home/airflow/.local/lib/python3.8/site-packages/airflow/example_dags/example_external_task_marker_dag.py
[2025-05-20T07:47:20.581+0000] {processor.py:830} INFO - Processing file /home/airflow/.local/lib/python3.8/site-packages/airflow/example_dags/example_external_task_marker_dag.py for tasks to queue
[2025-05-20T07:47:20.584+0000] {logging_mixin.py:188} INFO - [2025-05-20T07:47:20.584+0000] {dagbag.py:538} INFO - Filling up the DagBag from /home/airflow/.local/lib/python3.8/site-packages/airflow/example_dags/example_external_task_marker_dag.py
[2025-05-20T07:47:20.604+0000] {processor.py:840} INFO - DAG(s) 'example_external_task_marker_child', 'example_external_task_marker_parent' retrieved from /home/airflow/.local/lib/python3.8/site-packages/airflow/example_dags/example_external_task_marker_dag.py
[2025-05-20T07:47:20.674+0000] {logging_mixin.py:188} INFO - [2025-05-20T07:47:20.674+0000] {dag.py:3036} INFO - Sync 2 DAGs
[2025-05-20T07:47:20.699+0000] {logging_mixin.py:188} INFO - [2025-05-20T07:47:20.699+0000] {dag.py:3823} INFO - Setting next_dagrun for example_external_task_marker_child to None, run_after=None
[2025-05-20T07:47:20.705+0000] {logging_mixin.py:188} INFO - [2025-05-20T07:47:20.705+0000] {dag.py:3823} INFO - Setting next_dagrun for example_external_task_marker_parent to None, run_after=None
[2025-05-20T07:47:20.735+0000] {processor.py:183} INFO - Processing /home/airflow/.local/lib/python3.8/site-packages/airflow/example_dags/example_external_task_marker_dag.py took 0.164 seconds
[2025-05-20T07:47:52.087+0000] {processor.py:161} INFO - Started process (PID=388) to work on /home/airflow/.local/lib/python3.8/site-packages/airflow/example_dags/example_external_task_marker_dag.py
[2025-05-20T07:47:52.089+0000] {processor.py:830} INFO - Processing file /home/airflow/.local/lib/python3.8/site-packages/airflow/example_dags/example_external_task_marker_dag.py for tasks to queue
[2025-05-20T07:47:52.092+0000] {logging_mixin.py:188} INFO - [2025-05-20T07:47:52.092+0000] {dagbag.py:538} INFO - Filling up the DagBag from /home/airflow/.local/lib/python3.8/site-packages/airflow/example_dags/example_external_task_marker_dag.py
[2025-05-20T07:47:52.104+0000] {processor.py:840} INFO - DAG(s) 'example_external_task_marker_parent', 'example_external_task_marker_child' retrieved from /home/airflow/.local/lib/python3.8/site-packages/airflow/example_dags/example_external_task_marker_dag.py
[2025-05-20T07:47:52.148+0000] {logging_mixin.py:188} INFO - [2025-05-20T07:47:52.147+0000] {dag.py:3036} INFO - Sync 2 DAGs
[2025-05-20T07:47:52.175+0000] {logging_mixin.py:188} INFO - [2025-05-20T07:47:52.174+0000] {dag.py:3823} INFO - Setting next_dagrun for example_external_task_marker_child to None, run_after=None
[2025-05-20T07:47:52.181+0000] {logging_mixin.py:188} INFO - [2025-05-20T07:47:52.181+0000] {dag.py:3823} INFO - Setting next_dagrun for example_external_task_marker_parent to None, run_after=None
[2025-05-20T07:47:52.218+0000] {processor.py:183} INFO - Processing /home/airflow/.local/lib/python3.8/site-packages/airflow/example_dags/example_external_task_marker_dag.py took 0.136 seconds
[2025-05-20T07:48:24.109+0000] {processor.py:161} INFO - Started process (PID=453) to work on /home/airflow/.local/lib/python3.8/site-packages/airflow/example_dags/example_external_task_marker_dag.py
[2025-05-20T07:48:24.112+0000] {processor.py:830} INFO - Processing file /home/airflow/.local/lib/python3.8/site-packages/airflow/example_dags/example_external_task_marker_dag.py for tasks to queue
[2025-05-20T07:48:24.117+0000] {logging_mixin.py:188} INFO - [2025-05-20T07:48:24.117+0000] {dagbag.py:538} INFO - Filling up the DagBag from /home/airflow/.local/lib/python3.8/site-packages/airflow/example_dags/example_external_task_marker_dag.py
[2025-05-20T07:48:24.141+0000] {processor.py:840} INFO - DAG(s) 'example_external_task_marker_parent', 'example_external_task_marker_child' retrieved from /home/airflow/.local/lib/python3.8/site-packages/airflow/example_dags/example_external_task_marker_dag.py
[2025-05-20T07:48:24.224+0000] {logging_mixin.py:188} INFO - [2025-05-20T07:48:24.223+0000] {dag.py:3036} INFO - Sync 2 DAGs
[2025-05-20T07:48:24.254+0000] {logging_mixin.py:188} INFO - [2025-05-20T07:48:24.253+0000] {dag.py:3823} INFO - Setting next_dagrun for example_external_task_marker_child to None, run_after=None
[2025-05-20T07:48:24.262+0000] {logging_mixin.py:188} INFO - [2025-05-20T07:48:24.261+0000] {dag.py:3823} INFO - Setting next_dagrun for example_external_task_marker_parent to None, run_after=None
[2025-05-20T07:48:24.296+0000] {processor.py:183} INFO - Processing /home/airflow/.local/lib/python3.8/site-packages/airflow/example_dags/example_external_task_marker_dag.py took 0.197 seconds
[2025-05-20T07:48:54.737+0000] {processor.py:161} INFO - Started process (PID=518) to work on /home/airflow/.local/lib/python3.8/site-packages/airflow/example_dags/example_external_task_marker_dag.py
[2025-05-20T07:48:54.739+0000] {processor.py:830} INFO - Processing file /home/airflow/.local/lib/python3.8/site-packages/airflow/example_dags/example_external_task_marker_dag.py for tasks to queue
[2025-05-20T07:48:54.742+0000] {logging_mixin.py:188} INFO - [2025-05-20T07:48:54.741+0000] {dagbag.py:538} INFO - Filling up the DagBag from /home/airflow/.local/lib/python3.8/site-packages/airflow/example_dags/example_external_task_marker_dag.py
[2025-05-20T07:48:54.752+0000] {processor.py:840} INFO - DAG(s) 'example_external_task_marker_child', 'example_external_task_marker_parent' retrieved from /home/airflow/.local/lib/python3.8/site-packages/airflow/example_dags/example_external_task_marker_dag.py
[2025-05-20T07:48:54.790+0000] {logging_mixin.py:188} INFO - [2025-05-20T07:48:54.790+0000] {dag.py:3036} INFO - Sync 2 DAGs
[2025-05-20T07:48:54.814+0000] {logging_mixin.py:188} INFO - [2025-05-20T07:48:54.814+0000] {dag.py:3823} INFO - Setting next_dagrun for example_external_task_marker_child to None, run_after=None
[2025-05-20T07:48:54.820+0000] {logging_mixin.py:188} INFO - [2025-05-20T07:48:54.820+0000] {dag.py:3823} INFO - Setting next_dagrun for example_external_task_marker_parent to None, run_after=None
[2025-05-20T07:48:54.859+0000] {processor.py:183} INFO - Processing /home/airflow/.local/lib/python3.8/site-packages/airflow/example_dags/example_external_task_marker_dag.py took 0.127 seconds
[2025-05-20T07:49:25.352+0000] {processor.py:161} INFO - Started process (PID=583) to work on /home/airflow/.local/lib/python3.8/site-packages/airflow/example_dags/example_external_task_marker_dag.py
[2025-05-20T07:49:25.354+0000] {processor.py:830} INFO - Processing file /home/airflow/.local/lib/python3.8/site-packages/airflow/example_dags/example_external_task_marker_dag.py for tasks to queue
[2025-05-20T07:49:25.357+0000] {logging_mixin.py:188} INFO - [2025-05-20T07:49:25.357+0000] {dagbag.py:538} INFO - Filling up the DagBag from /home/airflow/.local/lib/python3.8/site-packages/airflow/example_dags/example_external_task_marker_dag.py
[2025-05-20T07:49:25.368+0000] {processor.py:840} INFO - DAG(s) 'example_external_task_marker_parent', 'example_external_task_marker_child' retrieved from /home/airflow/.local/lib/python3.8/site-packages/airflow/example_dags/example_external_task_marker_dag.py
[2025-05-20T07:49:25.412+0000] {logging_mixin.py:188} INFO - [2025-05-20T07:49:25.411+0000] {dag.py:3036} INFO - Sync 2 DAGs
[2025-05-20T07:49:25.436+0000] {logging_mixin.py:188} INFO - [2025-05-20T07:49:25.436+0000] {dag.py:3823} INFO - Setting next_dagrun for example_external_task_marker_child to None, run_after=None
[2025-05-20T07:49:25.444+0000] {logging_mixin.py:188} INFO - [2025-05-20T07:49:25.443+0000] {dag.py:3823} INFO - Setting next_dagrun for example_external_task_marker_parent to None, run_after=None
[2025-05-20T07:49:25.484+0000] {processor.py:183} INFO - Processing /home/airflow/.local/lib/python3.8/site-packages/airflow/example_dags/example_external_task_marker_dag.py took 0.138 seconds
[2025-05-20T07:49:56.786+0000] {processor.py:161} INFO - Started process (PID=648) to work on /home/airflow/.local/lib/python3.8/site-packages/airflow/example_dags/example_external_task_marker_dag.py
[2025-05-20T07:49:56.791+0000] {processor.py:830} INFO - Processing file /home/airflow/.local/lib/python3.8/site-packages/airflow/example_dags/example_external_task_marker_dag.py for tasks to queue
[2025-05-20T07:49:56.799+0000] {logging_mixin.py:188} INFO - [2025-05-20T07:49:56.798+0000] {dagbag.py:538} INFO - Filling up the DagBag from /home/airflow/.local/lib/python3.8/site-packages/airflow/example_dags/example_external_task_marker_dag.py
[2025-05-20T07:49:56.821+0000] {processor.py:840} INFO - DAG(s) 'example_external_task_marker_child', 'example_external_task_marker_parent' retrieved from /home/airflow/.local/lib/python3.8/site-packages/airflow/example_dags/example_external_task_marker_dag.py
[2025-05-20T07:49:56.884+0000] {logging_mixin.py:188} INFO - [2025-05-20T07:49:56.883+0000] {dag.py:3036} INFO - Sync 2 DAGs
[2025-05-20T07:49:56.912+0000] {logging_mixin.py:188} INFO - [2025-05-20T07:49:56.911+0000] {dag.py:3823} INFO - Setting next_dagrun for example_external_task_marker_child to None, run_after=None
[2025-05-20T07:49:56.918+0000] {logging_mixin.py:188} INFO - [2025-05-20T07:49:56.918+0000] {dag.py:3823} INFO - Setting next_dagrun for example_external_task_marker_parent to None, run_after=None
[2025-05-20T07:49:56.955+0000] {processor.py:183} INFO - Processing /home/airflow/.local/lib/python3.8/site-packages/airflow/example_dags/example_external_task_marker_dag.py took 0.187 seconds
[2025-05-20T07:50:28.609+0000] {processor.py:161} INFO - Started process (PID=713) to work on /home/airflow/.local/lib/python3.8/site-packages/airflow/example_dags/example_external_task_marker_dag.py
[2025-05-20T07:50:28.611+0000] {processor.py:830} INFO - Processing file /home/airflow/.local/lib/python3.8/site-packages/airflow/example_dags/example_external_task_marker_dag.py for tasks to queue
[2025-05-20T07:50:28.614+0000] {logging_mixin.py:188} INFO - [2025-05-20T07:50:28.613+0000] {dagbag.py:538} INFO - Filling up the DagBag from /home/airflow/.local/lib/python3.8/site-packages/airflow/example_dags/example_external_task_marker_dag.py
[2025-05-20T07:50:28.623+0000] {processor.py:840} INFO - DAG(s) 'example_external_task_marker_parent', 'example_external_task_marker_child' retrieved from /home/airflow/.local/lib/python3.8/site-packages/airflow/example_dags/example_external_task_marker_dag.py
[2025-05-20T07:50:28.664+0000] {logging_mixin.py:188} INFO - [2025-05-20T07:50:28.664+0000] {dag.py:3036} INFO - Sync 2 DAGs
[2025-05-20T07:50:28.686+0000] {logging_mixin.py:188} INFO - [2025-05-20T07:50:28.686+0000] {dag.py:3823} INFO - Setting next_dagrun for example_external_task_marker_child to None, run_after=None
[2025-05-20T07:50:28.695+0000] {logging_mixin.py:188} INFO - [2025-05-20T07:50:28.695+0000] {dag.py:3823} INFO - Setting next_dagrun for example_external_task_marker_parent to None, run_after=None
[2025-05-20T07:50:28.726+0000] {processor.py:183} INFO - Processing /home/airflow/.local/lib/python3.8/site-packages/airflow/example_dags/example_external_task_marker_dag.py took 0.122 seconds
[2025-05-20T07:51:00.172+0000] {processor.py:161} INFO - Started process (PID=778) to work on /home/airflow/.local/lib/python3.8/site-packages/airflow/example_dags/example_external_task_marker_dag.py
[2025-05-20T07:51:00.174+0000] {processor.py:830} INFO - Processing file /home/airflow/.local/lib/python3.8/site-packages/airflow/example_dags/example_external_task_marker_dag.py for tasks to queue
[2025-05-20T07:51:00.177+0000] {logging_mixin.py:188} INFO - [2025-05-20T07:51:00.176+0000] {dagbag.py:538} INFO - Filling up the DagBag from /home/airflow/.local/lib/python3.8/site-packages/airflow/example_dags/example_external_task_marker_dag.py
[2025-05-20T07:51:00.189+0000] {processor.py:840} INFO - DAG(s) 'example_external_task_marker_parent', 'example_external_task_marker_child' retrieved from /home/airflow/.local/lib/python3.8/site-packages/airflow/example_dags/example_external_task_marker_dag.py
[2025-05-20T07:51:00.236+0000] {logging_mixin.py:188} INFO - [2025-05-20T07:51:00.235+0000] {dag.py:3036} INFO - Sync 2 DAGs
[2025-05-20T07:51:00.260+0000] {logging_mixin.py:188} INFO - [2025-05-20T07:51:00.260+0000] {dag.py:3823} INFO - Setting next_dagrun for example_external_task_marker_child to None, run_after=None
[2025-05-20T07:51:00.267+0000] {logging_mixin.py:188} INFO - [2025-05-20T07:51:00.266+0000] {dag.py:3823} INFO - Setting next_dagrun for example_external_task_marker_parent to None, run_after=None
[2025-05-20T07:51:00.323+0000] {processor.py:183} INFO - Processing /home/airflow/.local/lib/python3.8/site-packages/airflow/example_dags/example_external_task_marker_dag.py took 0.156 seconds
[2025-05-20T07:51:32.082+0000] {processor.py:161} INFO - Started process (PID=843) to work on /home/airflow/.local/lib/python3.8/site-packages/airflow/example_dags/example_external_task_marker_dag.py
[2025-05-20T07:51:32.085+0000] {processor.py:830} INFO - Processing file /home/airflow/.local/lib/python3.8/site-packages/airflow/example_dags/example_external_task_marker_dag.py for tasks to queue
[2025-05-20T07:51:32.089+0000] {logging_mixin.py:188} INFO - [2025-05-20T07:51:32.089+0000] {dagbag.py:538} INFO - Filling up the DagBag from /home/airflow/.local/lib/python3.8/site-packages/airflow/example_dags/example_external_task_marker_dag.py
[2025-05-20T07:51:32.101+0000] {processor.py:840} INFO - DAG(s) 'example_external_task_marker_parent', 'example_external_task_marker_child' retrieved from /home/airflow/.local/lib/python3.8/site-packages/airflow/example_dags/example_external_task_marker_dag.py
[2025-05-20T07:51:32.160+0000] {logging_mixin.py:188} INFO - [2025-05-20T07:51:32.159+0000] {dag.py:3036} INFO - Sync 2 DAGs
[2025-05-20T07:51:32.194+0000] {logging_mixin.py:188} INFO - [2025-05-20T07:51:32.193+0000] {dag.py:3823} INFO - Setting next_dagrun for example_external_task_marker_child to None, run_after=None
[2025-05-20T07:51:32.205+0000] {logging_mixin.py:188} INFO - [2025-05-20T07:51:32.205+0000] {dag.py:3823} INFO - Setting next_dagrun for example_external_task_marker_parent to None, run_after=None
[2025-05-20T07:51:32.246+0000] {processor.py:183} INFO - Processing /home/airflow/.local/lib/python3.8/site-packages/airflow/example_dags/example_external_task_marker_dag.py took 0.174 seconds
[2025-05-20T07:52:03.521+0000] {processor.py:161} INFO - Started process (PID=914) to work on /home/airflow/.local/lib/python3.8/site-packages/airflow/example_dags/example_external_task_marker_dag.py
[2025-05-20T07:52:03.523+0000] {processor.py:830} INFO - Processing file /home/airflow/.local/lib/python3.8/site-packages/airflow/example_dags/example_external_task_marker_dag.py for tasks to queue
[2025-05-20T07:52:03.527+0000] {logging_mixin.py:188} INFO - [2025-05-20T07:52:03.526+0000] {dagbag.py:538} INFO - Filling up the DagBag from /home/airflow/.local/lib/python3.8/site-packages/airflow/example_dags/example_external_task_marker_dag.py
[2025-05-20T07:52:03.540+0000] {processor.py:840} INFO - DAG(s) 'example_external_task_marker_parent', 'example_external_task_marker_child' retrieved from /home/airflow/.local/lib/python3.8/site-packages/airflow/example_dags/example_external_task_marker_dag.py
[2025-05-20T07:52:03.583+0000] {logging_mixin.py:188} INFO - [2025-05-20T07:52:03.582+0000] {dag.py:3036} INFO - Sync 2 DAGs
[2025-05-20T07:52:03.613+0000] {logging_mixin.py:188} INFO - [2025-05-20T07:52:03.612+0000] {dag.py:3823} INFO - Setting next_dagrun for example_external_task_marker_child to None, run_after=None
[2025-05-20T07:52:03.621+0000] {logging_mixin.py:188} INFO - [2025-05-20T07:52:03.621+0000] {dag.py:3823} INFO - Setting next_dagrun for example_external_task_marker_parent to None, run_after=None
[2025-05-20T07:52:03.648+0000] {processor.py:183} INFO - Processing /home/airflow/.local/lib/python3.8/site-packages/airflow/example_dags/example_external_task_marker_dag.py took 0.134 seconds
[2025-05-20T07:52:34.891+0000] {processor.py:161} INFO - Started process (PID=979) to work on /home/airflow/.local/lib/python3.8/site-packages/airflow/example_dags/example_external_task_marker_dag.py
[2025-05-20T07:52:34.893+0000] {processor.py:830} INFO - Processing file /home/airflow/.local/lib/python3.8/site-packages/airflow/example_dags/example_external_task_marker_dag.py for tasks to queue
[2025-05-20T07:52:34.902+0000] {logging_mixin.py:188} INFO - [2025-05-20T07:52:34.896+0000] {dagbag.py:538} INFO - Filling up the DagBag from /home/airflow/.local/lib/python3.8/site-packages/airflow/example_dags/example_external_task_marker_dag.py
[2025-05-20T07:52:34.918+0000] {processor.py:840} INFO - DAG(s) 'example_external_task_marker_child', 'example_external_task_marker_parent' retrieved from /home/airflow/.local/lib/python3.8/site-packages/airflow/example_dags/example_external_task_marker_dag.py
[2025-05-20T07:52:34.966+0000] {logging_mixin.py:188} INFO - [2025-05-20T07:52:34.965+0000] {dag.py:3036} INFO - Sync 2 DAGs
[2025-05-20T07:52:34.987+0000] {logging_mixin.py:188} INFO - [2025-05-20T07:52:34.986+0000] {dag.py:3823} INFO - Setting next_dagrun for example_external_task_marker_child to None, run_after=None
[2025-05-20T07:52:34.993+0000] {logging_mixin.py:188} INFO - [2025-05-20T07:52:34.993+0000] {dag.py:3823} INFO - Setting next_dagrun for example_external_task_marker_parent to None, run_after=None
[2025-05-20T07:52:35.029+0000] {processor.py:183} INFO - Processing /home/airflow/.local/lib/python3.8/site-packages/airflow/example_dags/example_external_task_marker_dag.py took 0.142 seconds
[2025-05-20T07:53:06.074+0000] {processor.py:161} INFO - Started process (PID=1044) to work on /home/airflow/.local/lib/python3.8/site-packages/airflow/example_dags/example_external_task_marker_dag.py
[2025-05-20T07:53:06.076+0000] {processor.py:830} INFO - Processing file /home/airflow/.local/lib/python3.8/site-packages/airflow/example_dags/example_external_task_marker_dag.py for tasks to queue
[2025-05-20T07:53:06.080+0000] {logging_mixin.py:188} INFO - [2025-05-20T07:53:06.079+0000] {dagbag.py:538} INFO - Filling up the DagBag from /home/airflow/.local/lib/python3.8/site-packages/airflow/example_dags/example_external_task_marker_dag.py
[2025-05-20T07:53:06.093+0000] {processor.py:840} INFO - DAG(s) 'example_external_task_marker_parent', 'example_external_task_marker_child' retrieved from /home/airflow/.local/lib/python3.8/site-packages/airflow/example_dags/example_external_task_marker_dag.py
[2025-05-20T07:53:06.139+0000] {logging_mixin.py:188} INFO - [2025-05-20T07:53:06.138+0000] {dag.py:3036} INFO - Sync 2 DAGs
[2025-05-20T07:53:06.169+0000] {logging_mixin.py:188} INFO - [2025-05-20T07:53:06.169+0000] {dag.py:3823} INFO - Setting next_dagrun for example_external_task_marker_child to None, run_after=None
[2025-05-20T07:53:06.178+0000] {logging_mixin.py:188} INFO - [2025-05-20T07:53:06.177+0000] {dag.py:3823} INFO - Setting next_dagrun for example_external_task_marker_parent to None, run_after=None
[2025-05-20T07:53:06.214+0000] {processor.py:183} INFO - Processing /home/airflow/.local/lib/python3.8/site-packages/airflow/example_dags/example_external_task_marker_dag.py took 0.148 seconds
[2025-05-20T07:53:38.370+0000] {processor.py:161} INFO - Started process (PID=1109) to work on /home/airflow/.local/lib/python3.8/site-packages/airflow/example_dags/example_external_task_marker_dag.py
[2025-05-20T07:53:38.372+0000] {processor.py:830} INFO - Processing file /home/airflow/.local/lib/python3.8/site-packages/airflow/example_dags/example_external_task_marker_dag.py for tasks to queue
[2025-05-20T07:53:38.375+0000] {logging_mixin.py:188} INFO - [2025-05-20T07:53:38.374+0000] {dagbag.py:538} INFO - Filling up the DagBag from /home/airflow/.local/lib/python3.8/site-packages/airflow/example_dags/example_external_task_marker_dag.py
[2025-05-20T07:53:38.384+0000] {processor.py:840} INFO - DAG(s) 'example_external_task_marker_child', 'example_external_task_marker_parent' retrieved from /home/airflow/.local/lib/python3.8/site-packages/airflow/example_dags/example_external_task_marker_dag.py
[2025-05-20T07:53:38.428+0000] {logging_mixin.py:188} INFO - [2025-05-20T07:53:38.428+0000] {dag.py:3036} INFO - Sync 2 DAGs
[2025-05-20T07:53:38.450+0000] {logging_mixin.py:188} INFO - [2025-05-20T07:53:38.450+0000] {dag.py:3823} INFO - Setting next_dagrun for example_external_task_marker_child to None, run_after=None
[2025-05-20T07:53:38.459+0000] {logging_mixin.py:188} INFO - [2025-05-20T07:53:38.459+0000] {dag.py:3823} INFO - Setting next_dagrun for example_external_task_marker_parent to None, run_after=None
[2025-05-20T07:53:38.506+0000] {processor.py:183} INFO - Processing /home/airflow/.local/lib/python3.8/site-packages/airflow/example_dags/example_external_task_marker_dag.py took 0.141 seconds
[2025-05-20T07:54:10.760+0000] {processor.py:161} INFO - Started process (PID=1174) to work on /home/airflow/.local/lib/python3.8/site-packages/airflow/example_dags/example_external_task_marker_dag.py
[2025-05-20T07:54:10.762+0000] {processor.py:830} INFO - Processing file /home/airflow/.local/lib/python3.8/site-packages/airflow/example_dags/example_external_task_marker_dag.py for tasks to queue
[2025-05-20T07:54:10.766+0000] {logging_mixin.py:188} INFO - [2025-05-20T07:54:10.766+0000] {dagbag.py:538} INFO - Filling up the DagBag from /home/airflow/.local/lib/python3.8/site-packages/airflow/example_dags/example_external_task_marker_dag.py
[2025-05-20T07:54:10.780+0000] {processor.py:840} INFO - DAG(s) 'example_external_task_marker_child', 'example_external_task_marker_parent' retrieved from /home/airflow/.local/lib/python3.8/site-packages/airflow/example_dags/example_external_task_marker_dag.py
[2025-05-20T07:54:10.842+0000] {logging_mixin.py:188} INFO - [2025-05-20T07:54:10.841+0000] {dag.py:3036} INFO - Sync 2 DAGs
[2025-05-20T07:54:10.878+0000] {logging_mixin.py:188} INFO - [2025-05-20T07:54:10.877+0000] {dag.py:3823} INFO - Setting next_dagrun for example_external_task_marker_child to None, run_after=None
[2025-05-20T07:54:10.887+0000] {logging_mixin.py:188} INFO - [2025-05-20T07:54:10.887+0000] {dag.py:3823} INFO - Setting next_dagrun for example_external_task_marker_parent to None, run_after=None
[2025-05-20T07:54:10.936+0000] {processor.py:183} INFO - Processing /home/airflow/.local/lib/python3.8/site-packages/airflow/example_dags/example_external_task_marker_dag.py took 0.181 seconds
[2025-05-20T07:54:42.023+0000] {processor.py:161} INFO - Started process (PID=1239) to work on /home/airflow/.local/lib/python3.8/site-packages/airflow/example_dags/example_external_task_marker_dag.py
[2025-05-20T07:54:42.025+0000] {processor.py:830} INFO - Processing file /home/airflow/.local/lib/python3.8/site-packages/airflow/example_dags/example_external_task_marker_dag.py for tasks to queue
[2025-05-20T07:54:42.029+0000] {logging_mixin.py:188} INFO - [2025-05-20T07:54:42.028+0000] {dagbag.py:538} INFO - Filling up the DagBag from /home/airflow/.local/lib/python3.8/site-packages/airflow/example_dags/example_external_task_marker_dag.py
[2025-05-20T07:54:42.042+0000] {processor.py:840} INFO - DAG(s) 'example_external_task_marker_parent', 'example_external_task_marker_child' retrieved from /home/airflow/.local/lib/python3.8/site-packages/airflow/example_dags/example_external_task_marker_dag.py
[2025-05-20T07:54:42.107+0000] {logging_mixin.py:188} INFO - [2025-05-20T07:54:42.106+0000] {dag.py:3036} INFO - Sync 2 DAGs
[2025-05-20T07:54:42.145+0000] {logging_mixin.py:188} INFO - [2025-05-20T07:54:42.145+0000] {dag.py:3823} INFO - Setting next_dagrun for example_external_task_marker_child to None, run_after=None
[2025-05-20T07:54:42.154+0000] {logging_mixin.py:188} INFO - [2025-05-20T07:54:42.153+0000] {dag.py:3823} INFO - Setting next_dagrun for example_external_task_marker_parent to None, run_after=None
[2025-05-20T07:54:42.202+0000] {processor.py:183} INFO - Processing /home/airflow/.local/lib/python3.8/site-packages/airflow/example_dags/example_external_task_marker_dag.py took 0.185 seconds
[2025-05-20T07:55:13.463+0000] {processor.py:161} INFO - Started process (PID=1304) to work on /home/airflow/.local/lib/python3.8/site-packages/airflow/example_dags/example_external_task_marker_dag.py
[2025-05-20T07:55:13.465+0000] {processor.py:830} INFO - Processing file /home/airflow/.local/lib/python3.8/site-packages/airflow/example_dags/example_external_task_marker_dag.py for tasks to queue
[2025-05-20T07:55:13.469+0000] {logging_mixin.py:188} INFO - [2025-05-20T07:55:13.468+0000] {dagbag.py:538} INFO - Filling up the DagBag from /home/airflow/.local/lib/python3.8/site-packages/airflow/example_dags/example_external_task_marker_dag.py
[2025-05-20T07:55:13.481+0000] {processor.py:840} INFO - DAG(s) 'example_external_task_marker_parent', 'example_external_task_marker_child' retrieved from /home/airflow/.local/lib/python3.8/site-packages/airflow/example_dags/example_external_task_marker_dag.py
[2025-05-20T07:55:13.540+0000] {logging_mixin.py:188} INFO - [2025-05-20T07:55:13.539+0000] {dag.py:3036} INFO - Sync 2 DAGs
[2025-05-20T07:55:13.577+0000] {logging_mixin.py:188} INFO - [2025-05-20T07:55:13.576+0000] {dag.py:3823} INFO - Setting next_dagrun for example_external_task_marker_child to None, run_after=None
[2025-05-20T07:55:13.587+0000] {logging_mixin.py:188} INFO - [2025-05-20T07:55:13.587+0000] {dag.py:3823} INFO - Setting next_dagrun for example_external_task_marker_parent to None, run_after=None
[2025-05-20T07:55:13.629+0000] {processor.py:183} INFO - Processing /home/airflow/.local/lib/python3.8/site-packages/airflow/example_dags/example_external_task_marker_dag.py took 0.173 seconds
[2025-05-20T07:55:43.966+0000] {processor.py:161} INFO - Started process (PID=1369) to work on /home/airflow/.local/lib/python3.8/site-packages/airflow/example_dags/example_external_task_marker_dag.py
[2025-05-20T07:55:43.968+0000] {processor.py:830} INFO - Processing file /home/airflow/.local/lib/python3.8/site-packages/airflow/example_dags/example_external_task_marker_dag.py for tasks to queue
[2025-05-20T07:55:43.970+0000] {logging_mixin.py:188} INFO - [2025-05-20T07:55:43.970+0000] {dagbag.py:538} INFO - Filling up the DagBag from /home/airflow/.local/lib/python3.8/site-packages/airflow/example_dags/example_external_task_marker_dag.py
[2025-05-20T07:55:43.980+0000] {processor.py:840} INFO - DAG(s) 'example_external_task_marker_parent', 'example_external_task_marker_child' retrieved from /home/airflow/.local/lib/python3.8/site-packages/airflow/example_dags/example_external_task_marker_dag.py
[2025-05-20T07:55:44.018+0000] {logging_mixin.py:188} INFO - [2025-05-20T07:55:44.018+0000] {dag.py:3036} INFO - Sync 2 DAGs
[2025-05-20T07:55:44.040+0000] {logging_mixin.py:188} INFO - [2025-05-20T07:55:44.040+0000] {dag.py:3823} INFO - Setting next_dagrun for example_external_task_marker_child to None, run_after=None
[2025-05-20T07:55:44.047+0000] {logging_mixin.py:188} INFO - [2025-05-20T07:55:44.047+0000] {dag.py:3823} INFO - Setting next_dagrun for example_external_task_marker_parent to None, run_after=None
[2025-05-20T07:55:44.088+0000] {processor.py:183} INFO - Processing /home/airflow/.local/lib/python3.8/site-packages/airflow/example_dags/example_external_task_marker_dag.py took 0.127 seconds
[2025-05-20T07:56:15.621+0000] {processor.py:161} INFO - Started process (PID=1434) to work on /home/airflow/.local/lib/python3.8/site-packages/airflow/example_dags/example_external_task_marker_dag.py
[2025-05-20T07:56:15.623+0000] {processor.py:830} INFO - Processing file /home/airflow/.local/lib/python3.8/site-packages/airflow/example_dags/example_external_task_marker_dag.py for tasks to queue
[2025-05-20T07:56:15.625+0000] {logging_mixin.py:188} INFO - [2025-05-20T07:56:15.625+0000] {dagbag.py:538} INFO - Filling up the DagBag from /home/airflow/.local/lib/python3.8/site-packages/airflow/example_dags/example_external_task_marker_dag.py
[2025-05-20T07:56:15.634+0000] {processor.py:840} INFO - DAG(s) 'example_external_task_marker_parent', 'example_external_task_marker_child' retrieved from /home/airflow/.local/lib/python3.8/site-packages/airflow/example_dags/example_external_task_marker_dag.py
[2025-05-20T07:56:15.676+0000] {logging_mixin.py:188} INFO - [2025-05-20T07:56:15.675+0000] {dag.py:3036} INFO - Sync 2 DAGs
[2025-05-20T07:56:15.700+0000] {logging_mixin.py:188} INFO - [2025-05-20T07:56:15.700+0000] {dag.py:3823} INFO - Setting next_dagrun for example_external_task_marker_child to None, run_after=None
[2025-05-20T07:56:15.708+0000] {logging_mixin.py:188} INFO - [2025-05-20T07:56:15.708+0000] {dag.py:3823} INFO - Setting next_dagrun for example_external_task_marker_parent to None, run_after=None
[2025-05-20T07:56:15.748+0000] {processor.py:183} INFO - Processing /home/airflow/.local/lib/python3.8/site-packages/airflow/example_dags/example_external_task_marker_dag.py took 0.131 seconds
[2025-05-20T07:56:47.055+0000] {processor.py:161} INFO - Started process (PID=1499) to work on /home/airflow/.local/lib/python3.8/site-packages/airflow/example_dags/example_external_task_marker_dag.py
[2025-05-20T07:56:47.057+0000] {processor.py:830} INFO - Processing file /home/airflow/.local/lib/python3.8/site-packages/airflow/example_dags/example_external_task_marker_dag.py for tasks to queue
[2025-05-20T07:56:47.061+0000] {logging_mixin.py:188} INFO - [2025-05-20T07:56:47.060+0000] {dagbag.py:538} INFO - Filling up the DagBag from /home/airflow/.local/lib/python3.8/site-packages/airflow/example_dags/example_external_task_marker_dag.py
[2025-05-20T07:56:47.071+0000] {processor.py:840} INFO - DAG(s) 'example_external_task_marker_parent', 'example_external_task_marker_child' retrieved from /home/airflow/.local/lib/python3.8/site-packages/airflow/example_dags/example_external_task_marker_dag.py
[2025-05-20T07:56:47.121+0000] {logging_mixin.py:188} INFO - [2025-05-20T07:56:47.120+0000] {dag.py:3036} INFO - Sync 2 DAGs
[2025-05-20T07:56:47.174+0000] {logging_mixin.py:188} INFO - [2025-05-20T07:56:47.173+0000] {dag.py:3823} INFO - Setting next_dagrun for example_external_task_marker_child to None, run_after=None
[2025-05-20T07:56:47.189+0000] {logging_mixin.py:188} INFO - [2025-05-20T07:56:47.188+0000] {dag.py:3823} INFO - Setting next_dagrun for example_external_task_marker_parent to None, run_after=None
[2025-05-20T07:56:47.271+0000] {processor.py:183} INFO - Processing /home/airflow/.local/lib/python3.8/site-packages/airflow/example_dags/example_external_task_marker_dag.py took 0.221 seconds
[2025-05-20T07:57:18.813+0000] {processor.py:161} INFO - Started process (PID=1564) to work on /home/airflow/.local/lib/python3.8/site-packages/airflow/example_dags/example_external_task_marker_dag.py
[2025-05-20T07:57:18.815+0000] {processor.py:830} INFO - Processing file /home/airflow/.local/lib/python3.8/site-packages/airflow/example_dags/example_external_task_marker_dag.py for tasks to queue
[2025-05-20T07:57:18.818+0000] {logging_mixin.py:188} INFO - [2025-05-20T07:57:18.818+0000] {dagbag.py:538} INFO - Filling up the DagBag from /home/airflow/.local/lib/python3.8/site-packages/airflow/example_dags/example_external_task_marker_dag.py
[2025-05-20T07:57:18.830+0000] {processor.py:840} INFO - DAG(s) 'example_external_task_marker_child', 'example_external_task_marker_parent' retrieved from /home/airflow/.local/lib/python3.8/site-packages/airflow/example_dags/example_external_task_marker_dag.py
[2025-05-20T07:57:18.871+0000] {logging_mixin.py:188} INFO - [2025-05-20T07:57:18.870+0000] {dag.py:3036} INFO - Sync 2 DAGs
[2025-05-20T07:57:18.894+0000] {logging_mixin.py:188} INFO - [2025-05-20T07:57:18.894+0000] {dag.py:3823} INFO - Setting next_dagrun for example_external_task_marker_child to None, run_after=None
[2025-05-20T07:57:18.902+0000] {logging_mixin.py:188} INFO - [2025-05-20T07:57:18.902+0000] {dag.py:3823} INFO - Setting next_dagrun for example_external_task_marker_parent to None, run_after=None
[2025-05-20T07:57:18.940+0000] {processor.py:183} INFO - Processing /home/airflow/.local/lib/python3.8/site-packages/airflow/example_dags/example_external_task_marker_dag.py took 0.134 seconds
[2025-05-20T07:57:50.120+0000] {processor.py:161} INFO - Started process (PID=1629) to work on /home/airflow/.local/lib/python3.8/site-packages/airflow/example_dags/example_external_task_marker_dag.py
[2025-05-20T07:57:50.122+0000] {processor.py:830} INFO - Processing file /home/airflow/.local/lib/python3.8/site-packages/airflow/example_dags/example_external_task_marker_dag.py for tasks to queue
[2025-05-20T07:57:50.125+0000] {logging_mixin.py:188} INFO - [2025-05-20T07:57:50.125+0000] {dagbag.py:538} INFO - Filling up the DagBag from /home/airflow/.local/lib/python3.8/site-packages/airflow/example_dags/example_external_task_marker_dag.py
[2025-05-20T07:57:50.137+0000] {processor.py:840} INFO - DAG(s) 'example_external_task_marker_child', 'example_external_task_marker_parent' retrieved from /home/airflow/.local/lib/python3.8/site-packages/airflow/example_dags/example_external_task_marker_dag.py
[2025-05-20T07:57:50.180+0000] {logging_mixin.py:188} INFO - [2025-05-20T07:57:50.179+0000] {dag.py:3036} INFO - Sync 2 DAGs
[2025-05-20T07:57:50.226+0000] {logging_mixin.py:188} INFO - [2025-05-20T07:57:50.225+0000] {dag.py:3823} INFO - Setting next_dagrun for example_external_task_marker_child to None, run_after=None
[2025-05-20T07:57:50.287+0000] {logging_mixin.py:188} INFO - [2025-05-20T07:57:50.287+0000] {dag.py:3823} INFO - Setting next_dagrun for example_external_task_marker_parent to None, run_after=None
[2025-05-20T07:57:50.358+0000] {processor.py:183} INFO - Processing /home/airflow/.local/lib/python3.8/site-packages/airflow/example_dags/example_external_task_marker_dag.py took 0.244 seconds
[2025-05-20T07:58:21.604+0000] {processor.py:161} INFO - Started process (PID=1694) to work on /home/airflow/.local/lib/python3.8/site-packages/airflow/example_dags/example_external_task_marker_dag.py
[2025-05-20T07:58:21.606+0000] {processor.py:830} INFO - Processing file /home/airflow/.local/lib/python3.8/site-packages/airflow/example_dags/example_external_task_marker_dag.py for tasks to queue
[2025-05-20T07:58:21.609+0000] {logging_mixin.py:188} INFO - [2025-05-20T07:58:21.609+0000] {dagbag.py:538} INFO - Filling up the DagBag from /home/airflow/.local/lib/python3.8/site-packages/airflow/example_dags/example_external_task_marker_dag.py
[2025-05-20T07:58:21.619+0000] {processor.py:840} INFO - DAG(s) 'example_external_task_marker_parent', 'example_external_task_marker_child' retrieved from /home/airflow/.local/lib/python3.8/site-packages/airflow/example_dags/example_external_task_marker_dag.py
[2025-05-20T07:58:21.666+0000] {logging_mixin.py:188} INFO - [2025-05-20T07:58:21.665+0000] {dag.py:3036} INFO - Sync 2 DAGs
[2025-05-20T07:58:21.689+0000] {logging_mixin.py:188} INFO - [2025-05-20T07:58:21.689+0000] {dag.py:3823} INFO - Setting next_dagrun for example_external_task_marker_child to None, run_after=None
[2025-05-20T07:58:21.698+0000] {logging_mixin.py:188} INFO - [2025-05-20T07:58:21.697+0000] {dag.py:3823} INFO - Setting next_dagrun for example_external_task_marker_parent to None, run_after=None
[2025-05-20T07:58:21.738+0000] {processor.py:183} INFO - Processing /home/airflow/.local/lib/python3.8/site-packages/airflow/example_dags/example_external_task_marker_dag.py took 0.139 seconds
[2025-05-20T07:58:52.890+0000] {processor.py:161} INFO - Started process (PID=1759) to work on /home/airflow/.local/lib/python3.8/site-packages/airflow/example_dags/example_external_task_marker_dag.py
[2025-05-20T07:58:52.893+0000] {processor.py:830} INFO - Processing file /home/airflow/.local/lib/python3.8/site-packages/airflow/example_dags/example_external_task_marker_dag.py for tasks to queue
[2025-05-20T07:58:52.898+0000] {logging_mixin.py:188} INFO - [2025-05-20T07:58:52.897+0000] {dagbag.py:538} INFO - Filling up the DagBag from /home/airflow/.local/lib/python3.8/site-packages/airflow/example_dags/example_external_task_marker_dag.py
[2025-05-20T07:58:52.914+0000] {processor.py:840} INFO - DAG(s) 'example_external_task_marker_parent', 'example_external_task_marker_child' retrieved from /home/airflow/.local/lib/python3.8/site-packages/airflow/example_dags/example_external_task_marker_dag.py
[2025-05-20T07:58:52.967+0000] {logging_mixin.py:188} INFO - [2025-05-20T07:58:52.966+0000] {dag.py:3036} INFO - Sync 2 DAGs
[2025-05-20T07:58:52.997+0000] {logging_mixin.py:188} INFO - [2025-05-20T07:58:52.997+0000] {dag.py:3823} INFO - Setting next_dagrun for example_external_task_marker_child to None, run_after=None
[2025-05-20T07:58:53.005+0000] {logging_mixin.py:188} INFO - [2025-05-20T07:58:53.004+0000] {dag.py:3823} INFO - Setting next_dagrun for example_external_task_marker_parent to None, run_after=None
[2025-05-20T07:58:53.042+0000] {processor.py:183} INFO - Processing /home/airflow/.local/lib/python3.8/site-packages/airflow/example_dags/example_external_task_marker_dag.py took 0.157 seconds
[2025-05-20T07:59:23.897+0000] {processor.py:161} INFO - Started process (PID=1824) to work on /home/airflow/.local/lib/python3.8/site-packages/airflow/example_dags/example_external_task_marker_dag.py
[2025-05-20T07:59:23.899+0000] {processor.py:830} INFO - Processing file /home/airflow/.local/lib/python3.8/site-packages/airflow/example_dags/example_external_task_marker_dag.py for tasks to queue
[2025-05-20T07:59:23.902+0000] {logging_mixin.py:188} INFO - [2025-05-20T07:59:23.901+0000] {dagbag.py:538} INFO - Filling up the DagBag from /home/airflow/.local/lib/python3.8/site-packages/airflow/example_dags/example_external_task_marker_dag.py
[2025-05-20T07:59:23.917+0000] {processor.py:840} INFO - DAG(s) 'example_external_task_marker_parent', 'example_external_task_marker_child' retrieved from /home/airflow/.local/lib/python3.8/site-packages/airflow/example_dags/example_external_task_marker_dag.py
[2025-05-20T07:59:23.968+0000] {logging_mixin.py:188} INFO - [2025-05-20T07:59:23.967+0000] {dag.py:3036} INFO - Sync 2 DAGs
[2025-05-20T07:59:23.995+0000] {logging_mixin.py:188} INFO - [2025-05-20T07:59:23.995+0000] {dag.py:3823} INFO - Setting next_dagrun for example_external_task_marker_child to None, run_after=None
[2025-05-20T07:59:24.002+0000] {logging_mixin.py:188} INFO - [2025-05-20T07:59:24.002+0000] {dag.py:3823} INFO - Setting next_dagrun for example_external_task_marker_parent to None, run_after=None
[2025-05-20T07:59:24.044+0000] {processor.py:183} INFO - Processing /home/airflow/.local/lib/python3.8/site-packages/airflow/example_dags/example_external_task_marker_dag.py took 0.154 seconds
[2025-05-20T07:59:55.646+0000] {processor.py:161} INFO - Started process (PID=1889) to work on /home/airflow/.local/lib/python3.8/site-packages/airflow/example_dags/example_external_task_marker_dag.py
[2025-05-20T07:59:55.647+0000] {processor.py:830} INFO - Processing file /home/airflow/.local/lib/python3.8/site-packages/airflow/example_dags/example_external_task_marker_dag.py for tasks to queue
[2025-05-20T07:59:55.651+0000] {logging_mixin.py:188} INFO - [2025-05-20T07:59:55.650+0000] {dagbag.py:538} INFO - Filling up the DagBag from /home/airflow/.local/lib/python3.8/site-packages/airflow/example_dags/example_external_task_marker_dag.py
[2025-05-20T07:59:55.661+0000] {processor.py:840} INFO - DAG(s) 'example_external_task_marker_parent', 'example_external_task_marker_child' retrieved from /home/airflow/.local/lib/python3.8/site-packages/airflow/example_dags/example_external_task_marker_dag.py
[2025-05-20T07:59:55.716+0000] {logging_mixin.py:188} INFO - [2025-05-20T07:59:55.716+0000] {dag.py:3036} INFO - Sync 2 DAGs
[2025-05-20T07:59:55.759+0000] {logging_mixin.py:188} INFO - [2025-05-20T07:59:55.759+0000] {dag.py:3823} INFO - Setting next_dagrun for example_external_task_marker_child to None, run_after=None
[2025-05-20T07:59:55.770+0000] {logging_mixin.py:188} INFO - [2025-05-20T07:59:55.770+0000] {dag.py:3823} INFO - Setting next_dagrun for example_external_task_marker_parent to None, run_after=None
[2025-05-20T07:59:55.837+0000] {processor.py:183} INFO - Processing /home/airflow/.local/lib/python3.8/site-packages/airflow/example_dags/example_external_task_marker_dag.py took 0.197 seconds
[2025-05-20T08:00:28.187+0000] {processor.py:161} INFO - Started process (PID=1954) to work on /home/airflow/.local/lib/python3.8/site-packages/airflow/example_dags/example_external_task_marker_dag.py
[2025-05-20T08:00:28.189+0000] {processor.py:830} INFO - Processing file /home/airflow/.local/lib/python3.8/site-packages/airflow/example_dags/example_external_task_marker_dag.py for tasks to queue
[2025-05-20T08:00:28.192+0000] {logging_mixin.py:188} INFO - [2025-05-20T08:00:28.191+0000] {dagbag.py:538} INFO - Filling up the DagBag from /home/airflow/.local/lib/python3.8/site-packages/airflow/example_dags/example_external_task_marker_dag.py
[2025-05-20T08:00:28.203+0000] {processor.py:840} INFO - DAG(s) 'example_external_task_marker_child', 'example_external_task_marker_parent' retrieved from /home/airflow/.local/lib/python3.8/site-packages/airflow/example_dags/example_external_task_marker_dag.py
[2025-05-20T08:00:28.256+0000] {logging_mixin.py:188} INFO - [2025-05-20T08:00:28.255+0000] {dag.py:3036} INFO - Sync 2 DAGs
[2025-05-20T08:00:28.460+0000] {logging_mixin.py:188} INFO - [2025-05-20T08:00:28.460+0000] {dag.py:3823} INFO - Setting next_dagrun for example_external_task_marker_child to None, run_after=None
[2025-05-20T08:00:28.467+0000] {logging_mixin.py:188} INFO - [2025-05-20T08:00:28.467+0000] {dag.py:3823} INFO - Setting next_dagrun for example_external_task_marker_parent to None, run_after=None
[2025-05-20T08:00:28.500+0000] {processor.py:183} INFO - Processing /home/airflow/.local/lib/python3.8/site-packages/airflow/example_dags/example_external_task_marker_dag.py took 0.320 seconds
[2025-05-20T08:00:59.683+0000] {processor.py:161} INFO - Started process (PID=2019) to work on /home/airflow/.local/lib/python3.8/site-packages/airflow/example_dags/example_external_task_marker_dag.py
[2025-05-20T08:00:59.685+0000] {processor.py:830} INFO - Processing file /home/airflow/.local/lib/python3.8/site-packages/airflow/example_dags/example_external_task_marker_dag.py for tasks to queue
[2025-05-20T08:00:59.689+0000] {logging_mixin.py:188} INFO - [2025-05-20T08:00:59.689+0000] {dagbag.py:538} INFO - Filling up the DagBag from /home/airflow/.local/lib/python3.8/site-packages/airflow/example_dags/example_external_task_marker_dag.py
[2025-05-20T08:00:59.701+0000] {processor.py:840} INFO - DAG(s) 'example_external_task_marker_parent', 'example_external_task_marker_child' retrieved from /home/airflow/.local/lib/python3.8/site-packages/airflow/example_dags/example_external_task_marker_dag.py
[2025-05-20T08:00:59.751+0000] {logging_mixin.py:188} INFO - [2025-05-20T08:00:59.751+0000] {dag.py:3036} INFO - Sync 2 DAGs
[2025-05-20T08:00:59.958+0000] {logging_mixin.py:188} INFO - [2025-05-20T08:00:59.958+0000] {dag.py:3823} INFO - Setting next_dagrun for example_external_task_marker_child to None, run_after=None
[2025-05-20T08:00:59.967+0000] {logging_mixin.py:188} INFO - [2025-05-20T08:00:59.967+0000] {dag.py:3823} INFO - Setting next_dagrun for example_external_task_marker_parent to None, run_after=None
[2025-05-20T08:01:00.001+0000] {processor.py:183} INFO - Processing /home/airflow/.local/lib/python3.8/site-packages/airflow/example_dags/example_external_task_marker_dag.py took 0.324 seconds
[2025-05-20T08:01:30.903+0000] {processor.py:161} INFO - Started process (PID=2084) to work on /home/airflow/.local/lib/python3.8/site-packages/airflow/example_dags/example_external_task_marker_dag.py
[2025-05-20T08:01:30.904+0000] {processor.py:830} INFO - Processing file /home/airflow/.local/lib/python3.8/site-packages/airflow/example_dags/example_external_task_marker_dag.py for tasks to queue
[2025-05-20T08:01:30.908+0000] {logging_mixin.py:188} INFO - [2025-05-20T08:01:30.907+0000] {dagbag.py:538} INFO - Filling up the DagBag from /home/airflow/.local/lib/python3.8/site-packages/airflow/example_dags/example_external_task_marker_dag.py
[2025-05-20T08:01:30.921+0000] {processor.py:840} INFO - DAG(s) 'example_external_task_marker_child', 'example_external_task_marker_parent' retrieved from /home/airflow/.local/lib/python3.8/site-packages/airflow/example_dags/example_external_task_marker_dag.py
[2025-05-20T08:01:30.968+0000] {logging_mixin.py:188} INFO - [2025-05-20T08:01:30.967+0000] {dag.py:3036} INFO - Sync 2 DAGs
[2025-05-20T08:01:31.000+0000] {logging_mixin.py:188} INFO - [2025-05-20T08:01:31.000+0000] {dag.py:3823} INFO - Setting next_dagrun for example_external_task_marker_child to None, run_after=None
[2025-05-20T08:01:31.010+0000] {logging_mixin.py:188} INFO - [2025-05-20T08:01:31.009+0000] {dag.py:3823} INFO - Setting next_dagrun for example_external_task_marker_parent to None, run_after=None
[2025-05-20T08:01:31.061+0000] {processor.py:183} INFO - Processing /home/airflow/.local/lib/python3.8/site-packages/airflow/example_dags/example_external_task_marker_dag.py took 0.163 seconds
[2025-05-20T08:02:01.607+0000] {processor.py:161} INFO - Started process (PID=2149) to work on /home/airflow/.local/lib/python3.8/site-packages/airflow/example_dags/example_external_task_marker_dag.py
[2025-05-20T08:02:01.610+0000] {processor.py:830} INFO - Processing file /home/airflow/.local/lib/python3.8/site-packages/airflow/example_dags/example_external_task_marker_dag.py for tasks to queue
[2025-05-20T08:02:01.618+0000] {logging_mixin.py:188} INFO - [2025-05-20T08:02:01.617+0000] {dagbag.py:538} INFO - Filling up the DagBag from /home/airflow/.local/lib/python3.8/site-packages/airflow/example_dags/example_external_task_marker_dag.py
[2025-05-20T08:02:01.634+0000] {processor.py:840} INFO - DAG(s) 'example_external_task_marker_child', 'example_external_task_marker_parent' retrieved from /home/airflow/.local/lib/python3.8/site-packages/airflow/example_dags/example_external_task_marker_dag.py
[2025-05-20T08:02:01.683+0000] {logging_mixin.py:188} INFO - [2025-05-20T08:02:01.682+0000] {dag.py:3036} INFO - Sync 2 DAGs
[2025-05-20T08:02:01.717+0000] {logging_mixin.py:188} INFO - [2025-05-20T08:02:01.716+0000] {dag.py:3823} INFO - Setting next_dagrun for example_external_task_marker_child to None, run_after=None
[2025-05-20T08:02:01.725+0000] {logging_mixin.py:188} INFO - [2025-05-20T08:02:01.724+0000] {dag.py:3823} INFO - Setting next_dagrun for example_external_task_marker_parent to None, run_after=None
[2025-05-20T08:02:01.766+0000] {processor.py:183} INFO - Processing /home/airflow/.local/lib/python3.8/site-packages/airflow/example_dags/example_external_task_marker_dag.py took 0.169 seconds
[2025-05-20T08:02:31.889+0000] {processor.py:161} INFO - Started process (PID=2212) to work on /home/airflow/.local/lib/python3.8/site-packages/airflow/example_dags/example_external_task_marker_dag.py
[2025-05-20T08:02:31.892+0000] {processor.py:830} INFO - Processing file /home/airflow/.local/lib/python3.8/site-packages/airflow/example_dags/example_external_task_marker_dag.py for tasks to queue
[2025-05-20T08:02:31.897+0000] {logging_mixin.py:188} INFO - [2025-05-20T08:02:31.896+0000] {dagbag.py:538} INFO - Filling up the DagBag from /home/airflow/.local/lib/python3.8/site-packages/airflow/example_dags/example_external_task_marker_dag.py
[2025-05-20T08:02:31.914+0000] {processor.py:840} INFO - DAG(s) 'example_external_task_marker_child', 'example_external_task_marker_parent' retrieved from /home/airflow/.local/lib/python3.8/site-packages/airflow/example_dags/example_external_task_marker_dag.py
[2025-05-20T08:02:31.993+0000] {logging_mixin.py:188} INFO - [2025-05-20T08:02:31.992+0000] {dag.py:3036} INFO - Sync 2 DAGs
[2025-05-20T08:02:32.081+0000] {logging_mixin.py:188} INFO - [2025-05-20T08:02:32.080+0000] {dag.py:3823} INFO - Setting next_dagrun for example_external_task_marker_child to None, run_after=None
[2025-05-20T08:02:32.090+0000] {logging_mixin.py:188} INFO - [2025-05-20T08:02:32.090+0000] {dag.py:3823} INFO - Setting next_dagrun for example_external_task_marker_parent to None, run_after=None
[2025-05-20T08:02:32.135+0000] {processor.py:183} INFO - Processing /home/airflow/.local/lib/python3.8/site-packages/airflow/example_dags/example_external_task_marker_dag.py took 0.254 seconds
[2025-05-20T08:03:02.552+0000] {processor.py:161} INFO - Started process (PID=2278) to work on /home/airflow/.local/lib/python3.8/site-packages/airflow/example_dags/example_external_task_marker_dag.py
[2025-05-20T08:03:02.556+0000] {processor.py:830} INFO - Processing file /home/airflow/.local/lib/python3.8/site-packages/airflow/example_dags/example_external_task_marker_dag.py for tasks to queue
[2025-05-20T08:03:02.566+0000] {logging_mixin.py:188} INFO - [2025-05-20T08:03:02.566+0000] {dagbag.py:538} INFO - Filling up the DagBag from /home/airflow/.local/lib/python3.8/site-packages/airflow/example_dags/example_external_task_marker_dag.py
[2025-05-20T08:03:02.581+0000] {processor.py:840} INFO - DAG(s) 'example_external_task_marker_parent', 'example_external_task_marker_child' retrieved from /home/airflow/.local/lib/python3.8/site-packages/airflow/example_dags/example_external_task_marker_dag.py
[2025-05-20T08:03:02.672+0000] {logging_mixin.py:188} INFO - [2025-05-20T08:03:02.671+0000] {dag.py:3036} INFO - Sync 2 DAGs
[2025-05-20T08:03:02.729+0000] {logging_mixin.py:188} INFO - [2025-05-20T08:03:02.728+0000] {dag.py:3823} INFO - Setting next_dagrun for example_external_task_marker_child to None, run_after=None
[2025-05-20T08:03:02.745+0000] {logging_mixin.py:188} INFO - [2025-05-20T08:03:02.744+0000] {dag.py:3823} INFO - Setting next_dagrun for example_external_task_marker_parent to None, run_after=None
[2025-05-20T08:03:02.831+0000] {processor.py:183} INFO - Processing /home/airflow/.local/lib/python3.8/site-packages/airflow/example_dags/example_external_task_marker_dag.py took 0.288 seconds
[2025-05-20T08:03:33.983+0000] {processor.py:161} INFO - Started process (PID=2343) to work on /home/airflow/.local/lib/python3.8/site-packages/airflow/example_dags/example_external_task_marker_dag.py
[2025-05-20T08:03:33.985+0000] {processor.py:830} INFO - Processing file /home/airflow/.local/lib/python3.8/site-packages/airflow/example_dags/example_external_task_marker_dag.py for tasks to queue
[2025-05-20T08:03:33.989+0000] {logging_mixin.py:188} INFO - [2025-05-20T08:03:33.989+0000] {dagbag.py:538} INFO - Filling up the DagBag from /home/airflow/.local/lib/python3.8/site-packages/airflow/example_dags/example_external_task_marker_dag.py
[2025-05-20T08:03:34.001+0000] {processor.py:840} INFO - DAG(s) 'example_external_task_marker_parent', 'example_external_task_marker_child' retrieved from /home/airflow/.local/lib/python3.8/site-packages/airflow/example_dags/example_external_task_marker_dag.py
[2025-05-20T08:03:34.046+0000] {logging_mixin.py:188} INFO - [2025-05-20T08:03:34.046+0000] {dag.py:3036} INFO - Sync 2 DAGs
[2025-05-20T08:03:34.077+0000] {logging_mixin.py:188} INFO - [2025-05-20T08:03:34.077+0000] {dag.py:3823} INFO - Setting next_dagrun for example_external_task_marker_child to None, run_after=None
[2025-05-20T08:03:34.085+0000] {logging_mixin.py:188} INFO - [2025-05-20T08:03:34.085+0000] {dag.py:3823} INFO - Setting next_dagrun for example_external_task_marker_parent to None, run_after=None
[2025-05-20T08:03:34.130+0000] {processor.py:183} INFO - Processing /home/airflow/.local/lib/python3.8/site-packages/airflow/example_dags/example_external_task_marker_dag.py took 0.152 seconds
[2025-05-20T08:04:05.251+0000] {processor.py:161} INFO - Started process (PID=2408) to work on /home/airflow/.local/lib/python3.8/site-packages/airflow/example_dags/example_external_task_marker_dag.py
[2025-05-20T08:04:05.256+0000] {processor.py:830} INFO - Processing file /home/airflow/.local/lib/python3.8/site-packages/airflow/example_dags/example_external_task_marker_dag.py for tasks to queue
[2025-05-20T08:04:05.264+0000] {logging_mixin.py:188} INFO - [2025-05-20T08:04:05.263+0000] {dagbag.py:538} INFO - Filling up the DagBag from /home/airflow/.local/lib/python3.8/site-packages/airflow/example_dags/example_external_task_marker_dag.py
[2025-05-20T08:04:05.285+0000] {processor.py:840} INFO - DAG(s) 'example_external_task_marker_child', 'example_external_task_marker_parent' retrieved from /home/airflow/.local/lib/python3.8/site-packages/airflow/example_dags/example_external_task_marker_dag.py
[2025-05-20T08:04:05.342+0000] {logging_mixin.py:188} INFO - [2025-05-20T08:04:05.342+0000] {dag.py:3036} INFO - Sync 2 DAGs
[2025-05-20T08:04:05.390+0000] {logging_mixin.py:188} INFO - [2025-05-20T08:04:05.389+0000] {dag.py:3823} INFO - Setting next_dagrun for example_external_task_marker_child to None, run_after=None
[2025-05-20T08:04:05.400+0000] {logging_mixin.py:188} INFO - [2025-05-20T08:04:05.399+0000] {dag.py:3823} INFO - Setting next_dagrun for example_external_task_marker_parent to None, run_after=None
[2025-05-20T08:04:05.447+0000] {processor.py:183} INFO - Processing /home/airflow/.local/lib/python3.8/site-packages/airflow/example_dags/example_external_task_marker_dag.py took 0.214 seconds
