[2025-05-20T07:45:16.813+0000] {processor.py:161} INFO - Started process (PID=73) to work on /home/airflow/.local/lib/python3.8/site-packages/airflow/example_dags/example_short_circuit_decorator.py
[2025-05-20T07:45:16.815+0000] {processor.py:830} INFO - Processing file /home/airflow/.local/lib/python3.8/site-packages/airflow/example_dags/example_short_circuit_decorator.py for tasks to queue
[2025-05-20T07:45:16.818+0000] {logging_mixin.py:188} INFO - [2025-05-20T07:45:16.818+0000] {dagbag.py:538} INFO - Filling up the DagBag from /home/airflow/.local/lib/python3.8/site-packages/airflow/example_dags/example_short_circuit_decorator.py
[2025-05-20T07:45:16.842+0000] {processor.py:840} INFO - DAG(s) 'example_short_circuit_decorator' retrieved from /home/airflow/.local/lib/python3.8/site-packages/airflow/example_dags/example_short_circuit_decorator.py
[2025-05-20T07:45:17.028+0000] {logging_mixin.py:188} INFO - [2025-05-20T07:45:17.028+0000] {dag.py:3036} INFO - Sync 1 DAGs
[2025-05-20T07:45:17.065+0000] {logging_mixin.py:188} INFO - [2025-05-20T07:45:17.065+0000] {dag.py:3823} INFO - Setting next_dagrun for example_short_circuit_decorator to 2025-05-19 00:00:00+00:00, run_after=2025-05-20 00:00:00+00:00
[2025-05-20T07:45:17.104+0000] {processor.py:183} INFO - Processing /home/airflow/.local/lib/python3.8/site-packages/airflow/example_dags/example_short_circuit_decorator.py took 0.296 seconds
[2025-05-20T07:45:47.402+0000] {processor.py:161} INFO - Started process (PID=138) to work on /home/airflow/.local/lib/python3.8/site-packages/airflow/example_dags/example_short_circuit_decorator.py
[2025-05-20T07:45:47.404+0000] {processor.py:830} INFO - Processing file /home/airflow/.local/lib/python3.8/site-packages/airflow/example_dags/example_short_circuit_decorator.py for tasks to queue
[2025-05-20T07:45:47.407+0000] {logging_mixin.py:188} INFO - [2025-05-20T07:45:47.406+0000] {dagbag.py:538} INFO - Filling up the DagBag from /home/airflow/.local/lib/python3.8/site-packages/airflow/example_dags/example_short_circuit_decorator.py
[2025-05-20T07:45:47.425+0000] {processor.py:840} INFO - DAG(s) 'example_short_circuit_decorator' retrieved from /home/airflow/.local/lib/python3.8/site-packages/airflow/example_dags/example_short_circuit_decorator.py
[2025-05-20T07:45:47.482+0000] {logging_mixin.py:188} INFO - [2025-05-20T07:45:47.481+0000] {dag.py:3036} INFO - Sync 1 DAGs
[2025-05-20T07:45:47.537+0000] {logging_mixin.py:188} INFO - [2025-05-20T07:45:47.537+0000] {dag.py:3823} INFO - Setting next_dagrun for example_short_circuit_decorator to 2025-05-19 00:00:00+00:00, run_after=2025-05-20 00:00:00+00:00
[2025-05-20T07:45:47.582+0000] {processor.py:183} INFO - Processing /home/airflow/.local/lib/python3.8/site-packages/airflow/example_dags/example_short_circuit_decorator.py took 0.185 seconds
[2025-05-20T07:46:17.756+0000] {processor.py:161} INFO - Started process (PID=203) to work on /home/airflow/.local/lib/python3.8/site-packages/airflow/example_dags/example_short_circuit_decorator.py
[2025-05-20T07:46:17.758+0000] {processor.py:830} INFO - Processing file /home/airflow/.local/lib/python3.8/site-packages/airflow/example_dags/example_short_circuit_decorator.py for tasks to queue
[2025-05-20T07:46:17.762+0000] {logging_mixin.py:188} INFO - [2025-05-20T07:46:17.762+0000] {dagbag.py:538} INFO - Filling up the DagBag from /home/airflow/.local/lib/python3.8/site-packages/airflow/example_dags/example_short_circuit_decorator.py
[2025-05-20T07:46:17.783+0000] {processor.py:840} INFO - DAG(s) 'example_short_circuit_decorator' retrieved from /home/airflow/.local/lib/python3.8/site-packages/airflow/example_dags/example_short_circuit_decorator.py
[2025-05-20T07:46:17.829+0000] {logging_mixin.py:188} INFO - [2025-05-20T07:46:17.828+0000] {dag.py:3036} INFO - Sync 1 DAGs
[2025-05-20T07:46:17.886+0000] {logging_mixin.py:188} INFO - [2025-05-20T07:46:17.885+0000] {dag.py:3823} INFO - Setting next_dagrun for example_short_circuit_decorator to 2025-05-19 00:00:00+00:00, run_after=2025-05-20 00:00:00+00:00
[2025-05-20T07:46:17.927+0000] {processor.py:183} INFO - Processing /home/airflow/.local/lib/python3.8/site-packages/airflow/example_dags/example_short_circuit_decorator.py took 0.180 seconds
[2025-05-20T07:46:49.788+0000] {processor.py:161} INFO - Started process (PID=268) to work on /home/airflow/.local/lib/python3.8/site-packages/airflow/example_dags/example_short_circuit_decorator.py
[2025-05-20T07:46:49.791+0000] {processor.py:830} INFO - Processing file /home/airflow/.local/lib/python3.8/site-packages/airflow/example_dags/example_short_circuit_decorator.py for tasks to queue
[2025-05-20T07:46:49.796+0000] {logging_mixin.py:188} INFO - [2025-05-20T07:46:49.795+0000] {dagbag.py:538} INFO - Filling up the DagBag from /home/airflow/.local/lib/python3.8/site-packages/airflow/example_dags/example_short_circuit_decorator.py
[2025-05-20T07:46:49.822+0000] {processor.py:840} INFO - DAG(s) 'example_short_circuit_decorator' retrieved from /home/airflow/.local/lib/python3.8/site-packages/airflow/example_dags/example_short_circuit_decorator.py
[2025-05-20T07:46:49.893+0000] {logging_mixin.py:188} INFO - [2025-05-20T07:46:49.892+0000] {dag.py:3036} INFO - Sync 1 DAGs
[2025-05-20T07:46:49.961+0000] {logging_mixin.py:188} INFO - [2025-05-20T07:46:49.961+0000] {dag.py:3823} INFO - Setting next_dagrun for example_short_circuit_decorator to 2025-05-19 00:00:00+00:00, run_after=2025-05-20 00:00:00+00:00
[2025-05-20T07:46:50.043+0000] {processor.py:183} INFO - Processing /home/airflow/.local/lib/python3.8/site-packages/airflow/example_dags/example_short_circuit_decorator.py took 0.264 seconds
[2025-05-20T07:47:22.343+0000] {processor.py:161} INFO - Started process (PID=333) to work on /home/airflow/.local/lib/python3.8/site-packages/airflow/example_dags/example_short_circuit_decorator.py
[2025-05-20T07:47:22.347+0000] {processor.py:830} INFO - Processing file /home/airflow/.local/lib/python3.8/site-packages/airflow/example_dags/example_short_circuit_decorator.py for tasks to queue
[2025-05-20T07:47:22.354+0000] {logging_mixin.py:188} INFO - [2025-05-20T07:47:22.353+0000] {dagbag.py:538} INFO - Filling up the DagBag from /home/airflow/.local/lib/python3.8/site-packages/airflow/example_dags/example_short_circuit_decorator.py
[2025-05-20T07:47:22.389+0000] {processor.py:840} INFO - DAG(s) 'example_short_circuit_decorator' retrieved from /home/airflow/.local/lib/python3.8/site-packages/airflow/example_dags/example_short_circuit_decorator.py
[2025-05-20T07:47:22.447+0000] {logging_mixin.py:188} INFO - [2025-05-20T07:47:22.445+0000] {dag.py:3036} INFO - Sync 1 DAGs
[2025-05-20T07:47:22.500+0000] {logging_mixin.py:188} INFO - [2025-05-20T07:47:22.499+0000] {dag.py:3823} INFO - Setting next_dagrun for example_short_circuit_decorator to 2025-05-19 00:00:00+00:00, run_after=2025-05-20 00:00:00+00:00
[2025-05-20T07:47:22.548+0000] {processor.py:183} INFO - Processing /home/airflow/.local/lib/python3.8/site-packages/airflow/example_dags/example_short_circuit_decorator.py took 0.219 seconds
[2025-05-20T07:47:53.083+0000] {processor.py:161} INFO - Started process (PID=398) to work on /home/airflow/.local/lib/python3.8/site-packages/airflow/example_dags/example_short_circuit_decorator.py
[2025-05-20T07:47:53.085+0000] {processor.py:830} INFO - Processing file /home/airflow/.local/lib/python3.8/site-packages/airflow/example_dags/example_short_circuit_decorator.py for tasks to queue
[2025-05-20T07:47:53.088+0000] {logging_mixin.py:188} INFO - [2025-05-20T07:47:53.088+0000] {dagbag.py:538} INFO - Filling up the DagBag from /home/airflow/.local/lib/python3.8/site-packages/airflow/example_dags/example_short_circuit_decorator.py
[2025-05-20T07:47:53.107+0000] {processor.py:840} INFO - DAG(s) 'example_short_circuit_decorator' retrieved from /home/airflow/.local/lib/python3.8/site-packages/airflow/example_dags/example_short_circuit_decorator.py
[2025-05-20T07:47:53.172+0000] {logging_mixin.py:188} INFO - [2025-05-20T07:47:53.171+0000] {dag.py:3036} INFO - Sync 1 DAGs
[2025-05-20T07:47:53.215+0000] {logging_mixin.py:188} INFO - [2025-05-20T07:47:53.215+0000] {dag.py:3823} INFO - Setting next_dagrun for example_short_circuit_decorator to 2025-05-19 00:00:00+00:00, run_after=2025-05-20 00:00:00+00:00
[2025-05-20T07:47:53.249+0000] {processor.py:183} INFO - Processing /home/airflow/.local/lib/python3.8/site-packages/airflow/example_dags/example_short_circuit_decorator.py took 0.171 seconds
[2025-05-20T07:48:25.377+0000] {processor.py:161} INFO - Started process (PID=463) to work on /home/airflow/.local/lib/python3.8/site-packages/airflow/example_dags/example_short_circuit_decorator.py
[2025-05-20T07:48:25.380+0000] {processor.py:830} INFO - Processing file /home/airflow/.local/lib/python3.8/site-packages/airflow/example_dags/example_short_circuit_decorator.py for tasks to queue
[2025-05-20T07:48:25.385+0000] {logging_mixin.py:188} INFO - [2025-05-20T07:48:25.384+0000] {dagbag.py:538} INFO - Filling up the DagBag from /home/airflow/.local/lib/python3.8/site-packages/airflow/example_dags/example_short_circuit_decorator.py
[2025-05-20T07:48:25.408+0000] {processor.py:840} INFO - DAG(s) 'example_short_circuit_decorator' retrieved from /home/airflow/.local/lib/python3.8/site-packages/airflow/example_dags/example_short_circuit_decorator.py
[2025-05-20T07:48:25.467+0000] {logging_mixin.py:188} INFO - [2025-05-20T07:48:25.466+0000] {dag.py:3036} INFO - Sync 1 DAGs
[2025-05-20T07:48:25.528+0000] {logging_mixin.py:188} INFO - [2025-05-20T07:48:25.528+0000] {dag.py:3823} INFO - Setting next_dagrun for example_short_circuit_decorator to 2025-05-19 00:00:00+00:00, run_after=2025-05-20 00:00:00+00:00
[2025-05-20T07:48:25.573+0000] {processor.py:183} INFO - Processing /home/airflow/.local/lib/python3.8/site-packages/airflow/example_dags/example_short_circuit_decorator.py took 0.205 seconds
[2025-05-20T07:48:55.875+0000] {processor.py:161} INFO - Started process (PID=528) to work on /home/airflow/.local/lib/python3.8/site-packages/airflow/example_dags/example_short_circuit_decorator.py
[2025-05-20T07:48:55.878+0000] {processor.py:830} INFO - Processing file /home/airflow/.local/lib/python3.8/site-packages/airflow/example_dags/example_short_circuit_decorator.py for tasks to queue
[2025-05-20T07:48:55.883+0000] {logging_mixin.py:188} INFO - [2025-05-20T07:48:55.882+0000] {dagbag.py:538} INFO - Filling up the DagBag from /home/airflow/.local/lib/python3.8/site-packages/airflow/example_dags/example_short_circuit_decorator.py
[2025-05-20T07:48:55.908+0000] {processor.py:840} INFO - DAG(s) 'example_short_circuit_decorator' retrieved from /home/airflow/.local/lib/python3.8/site-packages/airflow/example_dags/example_short_circuit_decorator.py
[2025-05-20T07:48:55.977+0000] {logging_mixin.py:188} INFO - [2025-05-20T07:48:55.976+0000] {dag.py:3036} INFO - Sync 1 DAGs
[2025-05-20T07:48:56.044+0000] {logging_mixin.py:188} INFO - [2025-05-20T07:48:56.043+0000] {dag.py:3823} INFO - Setting next_dagrun for example_short_circuit_decorator to 2025-05-19 00:00:00+00:00, run_after=2025-05-20 00:00:00+00:00
[2025-05-20T07:48:56.110+0000] {processor.py:183} INFO - Processing /home/airflow/.local/lib/python3.8/site-packages/airflow/example_dags/example_short_circuit_decorator.py took 0.243 seconds
[2025-05-20T07:49:26.707+0000] {processor.py:161} INFO - Started process (PID=593) to work on /home/airflow/.local/lib/python3.8/site-packages/airflow/example_dags/example_short_circuit_decorator.py
[2025-05-20T07:49:26.709+0000] {processor.py:830} INFO - Processing file /home/airflow/.local/lib/python3.8/site-packages/airflow/example_dags/example_short_circuit_decorator.py for tasks to queue
[2025-05-20T07:49:26.714+0000] {logging_mixin.py:188} INFO - [2025-05-20T07:49:26.713+0000] {dagbag.py:538} INFO - Filling up the DagBag from /home/airflow/.local/lib/python3.8/site-packages/airflow/example_dags/example_short_circuit_decorator.py
[2025-05-20T07:49:26.740+0000] {processor.py:840} INFO - DAG(s) 'example_short_circuit_decorator' retrieved from /home/airflow/.local/lib/python3.8/site-packages/airflow/example_dags/example_short_circuit_decorator.py
[2025-05-20T07:49:26.803+0000] {logging_mixin.py:188} INFO - [2025-05-20T07:49:26.803+0000] {dag.py:3036} INFO - Sync 1 DAGs
[2025-05-20T07:49:26.869+0000] {logging_mixin.py:188} INFO - [2025-05-20T07:49:26.869+0000] {dag.py:3823} INFO - Setting next_dagrun for example_short_circuit_decorator to 2025-05-19 00:00:00+00:00, run_after=2025-05-20 00:00:00+00:00
[2025-05-20T07:49:26.918+0000] {processor.py:183} INFO - Processing /home/airflow/.local/lib/python3.8/site-packages/airflow/example_dags/example_short_circuit_decorator.py took 0.217 seconds
[2025-05-20T07:49:58.411+0000] {processor.py:161} INFO - Started process (PID=658) to work on /home/airflow/.local/lib/python3.8/site-packages/airflow/example_dags/example_short_circuit_decorator.py
[2025-05-20T07:49:58.413+0000] {processor.py:830} INFO - Processing file /home/airflow/.local/lib/python3.8/site-packages/airflow/example_dags/example_short_circuit_decorator.py for tasks to queue
[2025-05-20T07:49:58.416+0000] {logging_mixin.py:188} INFO - [2025-05-20T07:49:58.415+0000] {dagbag.py:538} INFO - Filling up the DagBag from /home/airflow/.local/lib/python3.8/site-packages/airflow/example_dags/example_short_circuit_decorator.py
[2025-05-20T07:49:58.433+0000] {processor.py:840} INFO - DAG(s) 'example_short_circuit_decorator' retrieved from /home/airflow/.local/lib/python3.8/site-packages/airflow/example_dags/example_short_circuit_decorator.py
[2025-05-20T07:49:58.475+0000] {logging_mixin.py:188} INFO - [2025-05-20T07:49:58.475+0000] {dag.py:3036} INFO - Sync 1 DAGs
[2025-05-20T07:49:58.516+0000] {logging_mixin.py:188} INFO - [2025-05-20T07:49:58.516+0000] {dag.py:3823} INFO - Setting next_dagrun for example_short_circuit_decorator to 2025-05-19 00:00:00+00:00, run_after=2025-05-20 00:00:00+00:00
[2025-05-20T07:49:58.548+0000] {processor.py:183} INFO - Processing /home/airflow/.local/lib/python3.8/site-packages/airflow/example_dags/example_short_circuit_decorator.py took 0.141 seconds
[2025-05-20T07:50:29.582+0000] {processor.py:161} INFO - Started process (PID=723) to work on /home/airflow/.local/lib/python3.8/site-packages/airflow/example_dags/example_short_circuit_decorator.py
[2025-05-20T07:50:29.584+0000] {processor.py:830} INFO - Processing file /home/airflow/.local/lib/python3.8/site-packages/airflow/example_dags/example_short_circuit_decorator.py for tasks to queue
[2025-05-20T07:50:29.587+0000] {logging_mixin.py:188} INFO - [2025-05-20T07:50:29.587+0000] {dagbag.py:538} INFO - Filling up the DagBag from /home/airflow/.local/lib/python3.8/site-packages/airflow/example_dags/example_short_circuit_decorator.py
[2025-05-20T07:50:29.607+0000] {processor.py:840} INFO - DAG(s) 'example_short_circuit_decorator' retrieved from /home/airflow/.local/lib/python3.8/site-packages/airflow/example_dags/example_short_circuit_decorator.py
[2025-05-20T07:50:29.659+0000] {logging_mixin.py:188} INFO - [2025-05-20T07:50:29.657+0000] {dag.py:3036} INFO - Sync 1 DAGs
[2025-05-20T07:50:29.709+0000] {logging_mixin.py:188} INFO - [2025-05-20T07:50:29.709+0000] {dag.py:3823} INFO - Setting next_dagrun for example_short_circuit_decorator to 2025-05-19 00:00:00+00:00, run_after=2025-05-20 00:00:00+00:00
[2025-05-20T07:50:29.750+0000] {processor.py:183} INFO - Processing /home/airflow/.local/lib/python3.8/site-packages/airflow/example_dags/example_short_circuit_decorator.py took 0.174 seconds
[2025-05-20T07:51:01.558+0000] {processor.py:161} INFO - Started process (PID=788) to work on /home/airflow/.local/lib/python3.8/site-packages/airflow/example_dags/example_short_circuit_decorator.py
[2025-05-20T07:51:01.562+0000] {processor.py:830} INFO - Processing file /home/airflow/.local/lib/python3.8/site-packages/airflow/example_dags/example_short_circuit_decorator.py for tasks to queue
[2025-05-20T07:51:01.569+0000] {logging_mixin.py:188} INFO - [2025-05-20T07:51:01.569+0000] {dagbag.py:538} INFO - Filling up the DagBag from /home/airflow/.local/lib/python3.8/site-packages/airflow/example_dags/example_short_circuit_decorator.py
[2025-05-20T07:51:01.598+0000] {processor.py:840} INFO - DAG(s) 'example_short_circuit_decorator' retrieved from /home/airflow/.local/lib/python3.8/site-packages/airflow/example_dags/example_short_circuit_decorator.py
[2025-05-20T07:51:01.674+0000] {logging_mixin.py:188} INFO - [2025-05-20T07:51:01.673+0000] {dag.py:3036} INFO - Sync 1 DAGs
[2025-05-20T07:51:01.742+0000] {logging_mixin.py:188} INFO - [2025-05-20T07:51:01.741+0000] {dag.py:3823} INFO - Setting next_dagrun for example_short_circuit_decorator to 2025-05-19 00:00:00+00:00, run_after=2025-05-20 00:00:00+00:00
[2025-05-20T07:51:01.797+0000] {processor.py:183} INFO - Processing /home/airflow/.local/lib/python3.8/site-packages/airflow/example_dags/example_short_circuit_decorator.py took 0.247 seconds
[2025-05-20T07:51:33.691+0000] {processor.py:161} INFO - Started process (PID=859) to work on /home/airflow/.local/lib/python3.8/site-packages/airflow/example_dags/example_short_circuit_decorator.py
[2025-05-20T07:51:33.694+0000] {processor.py:830} INFO - Processing file /home/airflow/.local/lib/python3.8/site-packages/airflow/example_dags/example_short_circuit_decorator.py for tasks to queue
[2025-05-20T07:51:33.698+0000] {logging_mixin.py:188} INFO - [2025-05-20T07:51:33.697+0000] {dagbag.py:538} INFO - Filling up the DagBag from /home/airflow/.local/lib/python3.8/site-packages/airflow/example_dags/example_short_circuit_decorator.py
[2025-05-20T07:51:33.720+0000] {processor.py:840} INFO - DAG(s) 'example_short_circuit_decorator' retrieved from /home/airflow/.local/lib/python3.8/site-packages/airflow/example_dags/example_short_circuit_decorator.py
[2025-05-20T07:51:33.772+0000] {logging_mixin.py:188} INFO - [2025-05-20T07:51:33.772+0000] {dag.py:3036} INFO - Sync 1 DAGs
[2025-05-20T07:51:33.817+0000] {logging_mixin.py:188} INFO - [2025-05-20T07:51:33.817+0000] {dag.py:3823} INFO - Setting next_dagrun for example_short_circuit_decorator to 2025-05-19 00:00:00+00:00, run_after=2025-05-20 00:00:00+00:00
[2025-05-20T07:51:33.857+0000] {processor.py:183} INFO - Processing /home/airflow/.local/lib/python3.8/site-packages/airflow/example_dags/example_short_circuit_decorator.py took 0.174 seconds
[2025-05-20T07:52:04.747+0000] {processor.py:161} INFO - Started process (PID=924) to work on /home/airflow/.local/lib/python3.8/site-packages/airflow/example_dags/example_short_circuit_decorator.py
[2025-05-20T07:52:04.752+0000] {processor.py:830} INFO - Processing file /home/airflow/.local/lib/python3.8/site-packages/airflow/example_dags/example_short_circuit_decorator.py for tasks to queue
[2025-05-20T07:52:04.759+0000] {logging_mixin.py:188} INFO - [2025-05-20T07:52:04.758+0000] {dagbag.py:538} INFO - Filling up the DagBag from /home/airflow/.local/lib/python3.8/site-packages/airflow/example_dags/example_short_circuit_decorator.py
[2025-05-20T07:52:04.808+0000] {processor.py:840} INFO - DAG(s) 'example_short_circuit_decorator' retrieved from /home/airflow/.local/lib/python3.8/site-packages/airflow/example_dags/example_short_circuit_decorator.py
[2025-05-20T07:52:04.909+0000] {logging_mixin.py:188} INFO - [2025-05-20T07:52:04.908+0000] {dag.py:3036} INFO - Sync 1 DAGs
[2025-05-20T07:52:05.029+0000] {logging_mixin.py:188} INFO - [2025-05-20T07:52:05.028+0000] {dag.py:3823} INFO - Setting next_dagrun for example_short_circuit_decorator to 2025-05-19 00:00:00+00:00, run_after=2025-05-20 00:00:00+00:00
[2025-05-20T07:52:05.078+0000] {processor.py:183} INFO - Processing /home/airflow/.local/lib/python3.8/site-packages/airflow/example_dags/example_short_circuit_decorator.py took 0.339 seconds
[2025-05-20T07:52:36.286+0000] {processor.py:161} INFO - Started process (PID=989) to work on /home/airflow/.local/lib/python3.8/site-packages/airflow/example_dags/example_short_circuit_decorator.py
[2025-05-20T07:52:36.289+0000] {processor.py:830} INFO - Processing file /home/airflow/.local/lib/python3.8/site-packages/airflow/example_dags/example_short_circuit_decorator.py for tasks to queue
[2025-05-20T07:52:36.293+0000] {logging_mixin.py:188} INFO - [2025-05-20T07:52:36.292+0000] {dagbag.py:538} INFO - Filling up the DagBag from /home/airflow/.local/lib/python3.8/site-packages/airflow/example_dags/example_short_circuit_decorator.py
[2025-05-20T07:52:36.314+0000] {processor.py:840} INFO - DAG(s) 'example_short_circuit_decorator' retrieved from /home/airflow/.local/lib/python3.8/site-packages/airflow/example_dags/example_short_circuit_decorator.py
[2025-05-20T07:52:36.367+0000] {logging_mixin.py:188} INFO - [2025-05-20T07:52:36.366+0000] {dag.py:3036} INFO - Sync 1 DAGs
[2025-05-20T07:52:36.418+0000] {logging_mixin.py:188} INFO - [2025-05-20T07:52:36.417+0000] {dag.py:3823} INFO - Setting next_dagrun for example_short_circuit_decorator to 2025-05-19 00:00:00+00:00, run_after=2025-05-20 00:00:00+00:00
[2025-05-20T07:52:36.465+0000] {processor.py:183} INFO - Processing /home/airflow/.local/lib/python3.8/site-packages/airflow/example_dags/example_short_circuit_decorator.py took 0.186 seconds
[2025-05-20T07:53:07.261+0000] {processor.py:161} INFO - Started process (PID=1054) to work on /home/airflow/.local/lib/python3.8/site-packages/airflow/example_dags/example_short_circuit_decorator.py
[2025-05-20T07:53:07.263+0000] {processor.py:830} INFO - Processing file /home/airflow/.local/lib/python3.8/site-packages/airflow/example_dags/example_short_circuit_decorator.py for tasks to queue
[2025-05-20T07:53:07.266+0000] {logging_mixin.py:188} INFO - [2025-05-20T07:53:07.265+0000] {dagbag.py:538} INFO - Filling up the DagBag from /home/airflow/.local/lib/python3.8/site-packages/airflow/example_dags/example_short_circuit_decorator.py
[2025-05-20T07:53:07.285+0000] {processor.py:840} INFO - DAG(s) 'example_short_circuit_decorator' retrieved from /home/airflow/.local/lib/python3.8/site-packages/airflow/example_dags/example_short_circuit_decorator.py
[2025-05-20T07:53:07.327+0000] {logging_mixin.py:188} INFO - [2025-05-20T07:53:07.327+0000] {dag.py:3036} INFO - Sync 1 DAGs
[2025-05-20T07:53:07.371+0000] {logging_mixin.py:188} INFO - [2025-05-20T07:53:07.371+0000] {dag.py:3823} INFO - Setting next_dagrun for example_short_circuit_decorator to 2025-05-19 00:00:00+00:00, run_after=2025-05-20 00:00:00+00:00
[2025-05-20T07:53:07.413+0000] {processor.py:183} INFO - Processing /home/airflow/.local/lib/python3.8/site-packages/airflow/example_dags/example_short_circuit_decorator.py took 0.156 seconds
[2025-05-20T07:53:40.229+0000] {processor.py:161} INFO - Started process (PID=1119) to work on /home/airflow/.local/lib/python3.8/site-packages/airflow/example_dags/example_short_circuit_decorator.py
[2025-05-20T07:53:40.231+0000] {processor.py:830} INFO - Processing file /home/airflow/.local/lib/python3.8/site-packages/airflow/example_dags/example_short_circuit_decorator.py for tasks to queue
[2025-05-20T07:53:40.237+0000] {logging_mixin.py:188} INFO - [2025-05-20T07:53:40.236+0000] {dagbag.py:538} INFO - Filling up the DagBag from /home/airflow/.local/lib/python3.8/site-packages/airflow/example_dags/example_short_circuit_decorator.py
[2025-05-20T07:53:40.279+0000] {processor.py:840} INFO - DAG(s) 'example_short_circuit_decorator' retrieved from /home/airflow/.local/lib/python3.8/site-packages/airflow/example_dags/example_short_circuit_decorator.py
[2025-05-20T07:53:40.350+0000] {logging_mixin.py:188} INFO - [2025-05-20T07:53:40.350+0000] {dag.py:3036} INFO - Sync 1 DAGs
[2025-05-20T07:53:40.434+0000] {logging_mixin.py:188} INFO - [2025-05-20T07:53:40.433+0000] {dag.py:3823} INFO - Setting next_dagrun for example_short_circuit_decorator to 2025-05-19 00:00:00+00:00, run_after=2025-05-20 00:00:00+00:00
[2025-05-20T07:53:40.478+0000] {processor.py:183} INFO - Processing /home/airflow/.local/lib/python3.8/site-packages/airflow/example_dags/example_short_circuit_decorator.py took 0.257 seconds
[2025-05-20T07:54:12.517+0000] {processor.py:161} INFO - Started process (PID=1184) to work on /home/airflow/.local/lib/python3.8/site-packages/airflow/example_dags/example_short_circuit_decorator.py
[2025-05-20T07:54:12.520+0000] {processor.py:830} INFO - Processing file /home/airflow/.local/lib/python3.8/site-packages/airflow/example_dags/example_short_circuit_decorator.py for tasks to queue
[2025-05-20T07:54:12.524+0000] {logging_mixin.py:188} INFO - [2025-05-20T07:54:12.523+0000] {dagbag.py:538} INFO - Filling up the DagBag from /home/airflow/.local/lib/python3.8/site-packages/airflow/example_dags/example_short_circuit_decorator.py
[2025-05-20T07:54:12.557+0000] {processor.py:840} INFO - DAG(s) 'example_short_circuit_decorator' retrieved from /home/airflow/.local/lib/python3.8/site-packages/airflow/example_dags/example_short_circuit_decorator.py
[2025-05-20T07:54:12.635+0000] {logging_mixin.py:188} INFO - [2025-05-20T07:54:12.634+0000] {dag.py:3036} INFO - Sync 1 DAGs
[2025-05-20T07:54:12.687+0000] {logging_mixin.py:188} INFO - [2025-05-20T07:54:12.687+0000] {dag.py:3823} INFO - Setting next_dagrun for example_short_circuit_decorator to 2025-05-19 00:00:00+00:00, run_after=2025-05-20 00:00:00+00:00
[2025-05-20T07:54:12.731+0000] {processor.py:183} INFO - Processing /home/airflow/.local/lib/python3.8/site-packages/airflow/example_dags/example_short_circuit_decorator.py took 0.223 seconds
[2025-05-20T07:54:43.707+0000] {processor.py:161} INFO - Started process (PID=1249) to work on /home/airflow/.local/lib/python3.8/site-packages/airflow/example_dags/example_short_circuit_decorator.py
[2025-05-20T07:54:43.717+0000] {processor.py:830} INFO - Processing file /home/airflow/.local/lib/python3.8/site-packages/airflow/example_dags/example_short_circuit_decorator.py for tasks to queue
[2025-05-20T07:54:43.732+0000] {logging_mixin.py:188} INFO - [2025-05-20T07:54:43.730+0000] {dagbag.py:538} INFO - Filling up the DagBag from /home/airflow/.local/lib/python3.8/site-packages/airflow/example_dags/example_short_circuit_decorator.py
[2025-05-20T07:54:43.781+0000] {processor.py:840} INFO - DAG(s) 'example_short_circuit_decorator' retrieved from /home/airflow/.local/lib/python3.8/site-packages/airflow/example_dags/example_short_circuit_decorator.py
[2025-05-20T07:54:43.889+0000] {logging_mixin.py:188} INFO - [2025-05-20T07:54:43.888+0000] {dag.py:3036} INFO - Sync 1 DAGs
[2025-05-20T07:54:43.992+0000] {logging_mixin.py:188} INFO - [2025-05-20T07:54:43.991+0000] {dag.py:3823} INFO - Setting next_dagrun for example_short_circuit_decorator to 2025-05-19 00:00:00+00:00, run_after=2025-05-20 00:00:00+00:00
[2025-05-20T07:54:44.078+0000] {processor.py:183} INFO - Processing /home/airflow/.local/lib/python3.8/site-packages/airflow/example_dags/example_short_circuit_decorator.py took 0.396 seconds
[2025-05-20T07:55:14.679+0000] {processor.py:161} INFO - Started process (PID=1314) to work on /home/airflow/.local/lib/python3.8/site-packages/airflow/example_dags/example_short_circuit_decorator.py
[2025-05-20T07:55:14.681+0000] {processor.py:830} INFO - Processing file /home/airflow/.local/lib/python3.8/site-packages/airflow/example_dags/example_short_circuit_decorator.py for tasks to queue
[2025-05-20T07:55:14.684+0000] {logging_mixin.py:188} INFO - [2025-05-20T07:55:14.684+0000] {dagbag.py:538} INFO - Filling up the DagBag from /home/airflow/.local/lib/python3.8/site-packages/airflow/example_dags/example_short_circuit_decorator.py
[2025-05-20T07:55:14.703+0000] {processor.py:840} INFO - DAG(s) 'example_short_circuit_decorator' retrieved from /home/airflow/.local/lib/python3.8/site-packages/airflow/example_dags/example_short_circuit_decorator.py
[2025-05-20T07:55:14.759+0000] {logging_mixin.py:188} INFO - [2025-05-20T07:55:14.758+0000] {dag.py:3036} INFO - Sync 1 DAGs
[2025-05-20T07:55:14.814+0000] {logging_mixin.py:188} INFO - [2025-05-20T07:55:14.813+0000] {dag.py:3823} INFO - Setting next_dagrun for example_short_circuit_decorator to 2025-05-19 00:00:00+00:00, run_after=2025-05-20 00:00:00+00:00
[2025-05-20T07:55:14.868+0000] {processor.py:183} INFO - Processing /home/airflow/.local/lib/python3.8/site-packages/airflow/example_dags/example_short_circuit_decorator.py took 0.195 seconds
[2025-05-20T07:55:45.296+0000] {processor.py:161} INFO - Started process (PID=1379) to work on /home/airflow/.local/lib/python3.8/site-packages/airflow/example_dags/example_short_circuit_decorator.py
[2025-05-20T07:55:45.297+0000] {processor.py:830} INFO - Processing file /home/airflow/.local/lib/python3.8/site-packages/airflow/example_dags/example_short_circuit_decorator.py for tasks to queue
[2025-05-20T07:55:45.301+0000] {logging_mixin.py:188} INFO - [2025-05-20T07:55:45.300+0000] {dagbag.py:538} INFO - Filling up the DagBag from /home/airflow/.local/lib/python3.8/site-packages/airflow/example_dags/example_short_circuit_decorator.py
[2025-05-20T07:55:45.320+0000] {processor.py:840} INFO - DAG(s) 'example_short_circuit_decorator' retrieved from /home/airflow/.local/lib/python3.8/site-packages/airflow/example_dags/example_short_circuit_decorator.py
[2025-05-20T07:55:45.361+0000] {logging_mixin.py:188} INFO - [2025-05-20T07:55:45.360+0000] {dag.py:3036} INFO - Sync 1 DAGs
[2025-05-20T07:55:45.400+0000] {logging_mixin.py:188} INFO - [2025-05-20T07:55:45.400+0000] {dag.py:3823} INFO - Setting next_dagrun for example_short_circuit_decorator to 2025-05-19 00:00:00+00:00, run_after=2025-05-20 00:00:00+00:00
[2025-05-20T07:55:45.436+0000] {processor.py:183} INFO - Processing /home/airflow/.local/lib/python3.8/site-packages/airflow/example_dags/example_short_circuit_decorator.py took 0.146 seconds
[2025-05-20T07:56:17.026+0000] {processor.py:161} INFO - Started process (PID=1444) to work on /home/airflow/.local/lib/python3.8/site-packages/airflow/example_dags/example_short_circuit_decorator.py
[2025-05-20T07:56:17.027+0000] {processor.py:830} INFO - Processing file /home/airflow/.local/lib/python3.8/site-packages/airflow/example_dags/example_short_circuit_decorator.py for tasks to queue
[2025-05-20T07:56:17.031+0000] {logging_mixin.py:188} INFO - [2025-05-20T07:56:17.030+0000] {dagbag.py:538} INFO - Filling up the DagBag from /home/airflow/.local/lib/python3.8/site-packages/airflow/example_dags/example_short_circuit_decorator.py
[2025-05-20T07:56:17.047+0000] {processor.py:840} INFO - DAG(s) 'example_short_circuit_decorator' retrieved from /home/airflow/.local/lib/python3.8/site-packages/airflow/example_dags/example_short_circuit_decorator.py
[2025-05-20T07:56:17.090+0000] {logging_mixin.py:188} INFO - [2025-05-20T07:56:17.089+0000] {dag.py:3036} INFO - Sync 1 DAGs
[2025-05-20T07:56:17.130+0000] {logging_mixin.py:188} INFO - [2025-05-20T07:56:17.130+0000] {dag.py:3823} INFO - Setting next_dagrun for example_short_circuit_decorator to 2025-05-19 00:00:00+00:00, run_after=2025-05-20 00:00:00+00:00
[2025-05-20T07:56:17.164+0000] {processor.py:183} INFO - Processing /home/airflow/.local/lib/python3.8/site-packages/airflow/example_dags/example_short_circuit_decorator.py took 0.143 seconds
[2025-05-20T07:56:48.935+0000] {processor.py:161} INFO - Started process (PID=1509) to work on /home/airflow/.local/lib/python3.8/site-packages/airflow/example_dags/example_short_circuit_decorator.py
[2025-05-20T07:56:48.937+0000] {processor.py:830} INFO - Processing file /home/airflow/.local/lib/python3.8/site-packages/airflow/example_dags/example_short_circuit_decorator.py for tasks to queue
[2025-05-20T07:56:48.940+0000] {logging_mixin.py:188} INFO - [2025-05-20T07:56:48.939+0000] {dagbag.py:538} INFO - Filling up the DagBag from /home/airflow/.local/lib/python3.8/site-packages/airflow/example_dags/example_short_circuit_decorator.py
[2025-05-20T07:56:48.956+0000] {processor.py:840} INFO - DAG(s) 'example_short_circuit_decorator' retrieved from /home/airflow/.local/lib/python3.8/site-packages/airflow/example_dags/example_short_circuit_decorator.py
[2025-05-20T07:56:49.001+0000] {logging_mixin.py:188} INFO - [2025-05-20T07:56:49.001+0000] {dag.py:3036} INFO - Sync 1 DAGs
[2025-05-20T07:56:49.044+0000] {logging_mixin.py:188} INFO - [2025-05-20T07:56:49.043+0000] {dag.py:3823} INFO - Setting next_dagrun for example_short_circuit_decorator to 2025-05-19 00:00:00+00:00, run_after=2025-05-20 00:00:00+00:00
[2025-05-20T07:56:49.083+0000] {processor.py:183} INFO - Processing /home/airflow/.local/lib/python3.8/site-packages/airflow/example_dags/example_short_circuit_decorator.py took 0.153 seconds
[2025-05-20T07:57:20.388+0000] {processor.py:161} INFO - Started process (PID=1574) to work on /home/airflow/.local/lib/python3.8/site-packages/airflow/example_dags/example_short_circuit_decorator.py
[2025-05-20T07:57:20.391+0000] {processor.py:830} INFO - Processing file /home/airflow/.local/lib/python3.8/site-packages/airflow/example_dags/example_short_circuit_decorator.py for tasks to queue
[2025-05-20T07:57:20.395+0000] {logging_mixin.py:188} INFO - [2025-05-20T07:57:20.394+0000] {dagbag.py:538} INFO - Filling up the DagBag from /home/airflow/.local/lib/python3.8/site-packages/airflow/example_dags/example_short_circuit_decorator.py
[2025-05-20T07:57:20.421+0000] {processor.py:840} INFO - DAG(s) 'example_short_circuit_decorator' retrieved from /home/airflow/.local/lib/python3.8/site-packages/airflow/example_dags/example_short_circuit_decorator.py
[2025-05-20T07:57:20.483+0000] {logging_mixin.py:188} INFO - [2025-05-20T07:57:20.482+0000] {dag.py:3036} INFO - Sync 1 DAGs
[2025-05-20T07:57:20.543+0000] {logging_mixin.py:188} INFO - [2025-05-20T07:57:20.542+0000] {dag.py:3823} INFO - Setting next_dagrun for example_short_circuit_decorator to 2025-05-19 00:00:00+00:00, run_after=2025-05-20 00:00:00+00:00
[2025-05-20T07:57:20.591+0000] {processor.py:183} INFO - Processing /home/airflow/.local/lib/python3.8/site-packages/airflow/example_dags/example_short_circuit_decorator.py took 0.210 seconds
[2025-05-20T07:57:51.439+0000] {processor.py:161} INFO - Started process (PID=1639) to work on /home/airflow/.local/lib/python3.8/site-packages/airflow/example_dags/example_short_circuit_decorator.py
[2025-05-20T07:57:51.440+0000] {processor.py:830} INFO - Processing file /home/airflow/.local/lib/python3.8/site-packages/airflow/example_dags/example_short_circuit_decorator.py for tasks to queue
[2025-05-20T07:57:51.445+0000] {logging_mixin.py:188} INFO - [2025-05-20T07:57:51.444+0000] {dagbag.py:538} INFO - Filling up the DagBag from /home/airflow/.local/lib/python3.8/site-packages/airflow/example_dags/example_short_circuit_decorator.py
[2025-05-20T07:57:51.471+0000] {processor.py:840} INFO - DAG(s) 'example_short_circuit_decorator' retrieved from /home/airflow/.local/lib/python3.8/site-packages/airflow/example_dags/example_short_circuit_decorator.py
[2025-05-20T07:57:51.521+0000] {logging_mixin.py:188} INFO - [2025-05-20T07:57:51.520+0000] {dag.py:3036} INFO - Sync 1 DAGs
[2025-05-20T07:57:51.570+0000] {logging_mixin.py:188} INFO - [2025-05-20T07:57:51.570+0000] {dag.py:3823} INFO - Setting next_dagrun for example_short_circuit_decorator to 2025-05-19 00:00:00+00:00, run_after=2025-05-20 00:00:00+00:00
[2025-05-20T07:57:51.612+0000] {processor.py:183} INFO - Processing /home/airflow/.local/lib/python3.8/site-packages/airflow/example_dags/example_short_circuit_decorator.py took 0.181 seconds
[2025-05-20T07:58:23.113+0000] {processor.py:161} INFO - Started process (PID=1704) to work on /home/airflow/.local/lib/python3.8/site-packages/airflow/example_dags/example_short_circuit_decorator.py
[2025-05-20T07:58:23.115+0000] {processor.py:830} INFO - Processing file /home/airflow/.local/lib/python3.8/site-packages/airflow/example_dags/example_short_circuit_decorator.py for tasks to queue
[2025-05-20T07:58:23.119+0000] {logging_mixin.py:188} INFO - [2025-05-20T07:58:23.118+0000] {dagbag.py:538} INFO - Filling up the DagBag from /home/airflow/.local/lib/python3.8/site-packages/airflow/example_dags/example_short_circuit_decorator.py
[2025-05-20T07:58:23.136+0000] {processor.py:840} INFO - DAG(s) 'example_short_circuit_decorator' retrieved from /home/airflow/.local/lib/python3.8/site-packages/airflow/example_dags/example_short_circuit_decorator.py
[2025-05-20T07:58:23.182+0000] {logging_mixin.py:188} INFO - [2025-05-20T07:58:23.182+0000] {dag.py:3036} INFO - Sync 1 DAGs
[2025-05-20T07:58:23.222+0000] {logging_mixin.py:188} INFO - [2025-05-20T07:58:23.222+0000] {dag.py:3823} INFO - Setting next_dagrun for example_short_circuit_decorator to 2025-05-19 00:00:00+00:00, run_after=2025-05-20 00:00:00+00:00
[2025-05-20T07:58:23.465+0000] {processor.py:183} INFO - Processing /home/airflow/.local/lib/python3.8/site-packages/airflow/example_dags/example_short_circuit_decorator.py took 0.359 seconds
[2025-05-20T07:58:54.520+0000] {processor.py:161} INFO - Started process (PID=1769) to work on /home/airflow/.local/lib/python3.8/site-packages/airflow/example_dags/example_short_circuit_decorator.py
[2025-05-20T07:58:54.522+0000] {processor.py:830} INFO - Processing file /home/airflow/.local/lib/python3.8/site-packages/airflow/example_dags/example_short_circuit_decorator.py for tasks to queue
[2025-05-20T07:58:54.527+0000] {logging_mixin.py:188} INFO - [2025-05-20T07:58:54.526+0000] {dagbag.py:538} INFO - Filling up the DagBag from /home/airflow/.local/lib/python3.8/site-packages/airflow/example_dags/example_short_circuit_decorator.py
[2025-05-20T07:58:54.548+0000] {processor.py:840} INFO - DAG(s) 'example_short_circuit_decorator' retrieved from /home/airflow/.local/lib/python3.8/site-packages/airflow/example_dags/example_short_circuit_decorator.py
[2025-05-20T07:58:54.610+0000] {logging_mixin.py:188} INFO - [2025-05-20T07:58:54.609+0000] {dag.py:3036} INFO - Sync 1 DAGs
[2025-05-20T07:58:54.703+0000] {logging_mixin.py:188} INFO - [2025-05-20T07:58:54.702+0000] {dag.py:3823} INFO - Setting next_dagrun for example_short_circuit_decorator to 2025-05-19 00:00:00+00:00, run_after=2025-05-20 00:00:00+00:00
[2025-05-20T07:58:54.956+0000] {processor.py:183} INFO - Processing /home/airflow/.local/lib/python3.8/site-packages/airflow/example_dags/example_short_circuit_decorator.py took 0.443 seconds
[2025-05-20T07:59:26.307+0000] {processor.py:161} INFO - Started process (PID=1834) to work on /home/airflow/.local/lib/python3.8/site-packages/airflow/example_dags/example_short_circuit_decorator.py
[2025-05-20T07:59:26.309+0000] {processor.py:830} INFO - Processing file /home/airflow/.local/lib/python3.8/site-packages/airflow/example_dags/example_short_circuit_decorator.py for tasks to queue
[2025-05-20T07:59:26.312+0000] {logging_mixin.py:188} INFO - [2025-05-20T07:59:26.312+0000] {dagbag.py:538} INFO - Filling up the DagBag from /home/airflow/.local/lib/python3.8/site-packages/airflow/example_dags/example_short_circuit_decorator.py
[2025-05-20T07:59:26.332+0000] {processor.py:840} INFO - DAG(s) 'example_short_circuit_decorator' retrieved from /home/airflow/.local/lib/python3.8/site-packages/airflow/example_dags/example_short_circuit_decorator.py
[2025-05-20T07:59:26.374+0000] {logging_mixin.py:188} INFO - [2025-05-20T07:59:26.373+0000] {dag.py:3036} INFO - Sync 1 DAGs
[2025-05-20T07:59:26.422+0000] {logging_mixin.py:188} INFO - [2025-05-20T07:59:26.421+0000] {dag.py:3823} INFO - Setting next_dagrun for example_short_circuit_decorator to 2025-05-19 00:00:00+00:00, run_after=2025-05-20 00:00:00+00:00
[2025-05-20T07:59:26.501+0000] {processor.py:183} INFO - Processing /home/airflow/.local/lib/python3.8/site-packages/airflow/example_dags/example_short_circuit_decorator.py took 0.201 seconds
[2025-05-20T07:59:58.200+0000] {processor.py:161} INFO - Started process (PID=1899) to work on /home/airflow/.local/lib/python3.8/site-packages/airflow/example_dags/example_short_circuit_decorator.py
[2025-05-20T07:59:58.203+0000] {processor.py:830} INFO - Processing file /home/airflow/.local/lib/python3.8/site-packages/airflow/example_dags/example_short_circuit_decorator.py for tasks to queue
[2025-05-20T07:59:58.208+0000] {logging_mixin.py:188} INFO - [2025-05-20T07:59:58.207+0000] {dagbag.py:538} INFO - Filling up the DagBag from /home/airflow/.local/lib/python3.8/site-packages/airflow/example_dags/example_short_circuit_decorator.py
[2025-05-20T07:59:58.228+0000] {processor.py:840} INFO - DAG(s) 'example_short_circuit_decorator' retrieved from /home/airflow/.local/lib/python3.8/site-packages/airflow/example_dags/example_short_circuit_decorator.py
[2025-05-20T07:59:58.271+0000] {logging_mixin.py:188} INFO - [2025-05-20T07:59:58.270+0000] {dag.py:3036} INFO - Sync 1 DAGs
[2025-05-20T07:59:58.512+0000] {logging_mixin.py:188} INFO - [2025-05-20T07:59:58.512+0000] {dag.py:3823} INFO - Setting next_dagrun for example_short_circuit_decorator to 2025-05-19 00:00:00+00:00, run_after=2025-05-20 00:00:00+00:00
[2025-05-20T07:59:58.557+0000] {processor.py:183} INFO - Processing /home/airflow/.local/lib/python3.8/site-packages/airflow/example_dags/example_short_circuit_decorator.py took 0.364 seconds
[2025-05-20T08:00:30.770+0000] {processor.py:161} INFO - Started process (PID=1964) to work on /home/airflow/.local/lib/python3.8/site-packages/airflow/example_dags/example_short_circuit_decorator.py
[2025-05-20T08:00:30.774+0000] {processor.py:830} INFO - Processing file /home/airflow/.local/lib/python3.8/site-packages/airflow/example_dags/example_short_circuit_decorator.py for tasks to queue
[2025-05-20T08:00:30.779+0000] {logging_mixin.py:188} INFO - [2025-05-20T08:00:30.778+0000] {dagbag.py:538} INFO - Filling up the DagBag from /home/airflow/.local/lib/python3.8/site-packages/airflow/example_dags/example_short_circuit_decorator.py
[2025-05-20T08:00:30.812+0000] {processor.py:840} INFO - DAG(s) 'example_short_circuit_decorator' retrieved from /home/airflow/.local/lib/python3.8/site-packages/airflow/example_dags/example_short_circuit_decorator.py
[2025-05-20T08:00:31.116+0000] {logging_mixin.py:188} INFO - [2025-05-20T08:00:31.115+0000] {dag.py:3036} INFO - Sync 1 DAGs
[2025-05-20T08:00:31.170+0000] {logging_mixin.py:188} INFO - [2025-05-20T08:00:31.170+0000] {dag.py:3823} INFO - Setting next_dagrun for example_short_circuit_decorator to 2025-05-19 00:00:00+00:00, run_after=2025-05-20 00:00:00+00:00
[2025-05-20T08:00:31.223+0000] {processor.py:183} INFO - Processing /home/airflow/.local/lib/python3.8/site-packages/airflow/example_dags/example_short_circuit_decorator.py took 0.460 seconds
[2025-05-20T08:01:01.757+0000] {processor.py:161} INFO - Started process (PID=2029) to work on /home/airflow/.local/lib/python3.8/site-packages/airflow/example_dags/example_short_circuit_decorator.py
[2025-05-20T08:01:01.760+0000] {processor.py:830} INFO - Processing file /home/airflow/.local/lib/python3.8/site-packages/airflow/example_dags/example_short_circuit_decorator.py for tasks to queue
[2025-05-20T08:01:01.766+0000] {logging_mixin.py:188} INFO - [2025-05-20T08:01:01.765+0000] {dagbag.py:538} INFO - Filling up the DagBag from /home/airflow/.local/lib/python3.8/site-packages/airflow/example_dags/example_short_circuit_decorator.py
[2025-05-20T08:01:01.793+0000] {processor.py:840} INFO - DAG(s) 'example_short_circuit_decorator' retrieved from /home/airflow/.local/lib/python3.8/site-packages/airflow/example_dags/example_short_circuit_decorator.py
[2025-05-20T08:01:02.034+0000] {logging_mixin.py:188} INFO - [2025-05-20T08:01:02.033+0000] {dag.py:3036} INFO - Sync 1 DAGs
[2025-05-20T08:01:02.079+0000] {logging_mixin.py:188} INFO - [2025-05-20T08:01:02.079+0000] {dag.py:3823} INFO - Setting next_dagrun for example_short_circuit_decorator to 2025-05-19 00:00:00+00:00, run_after=2025-05-20 00:00:00+00:00
[2025-05-20T08:01:02.135+0000] {processor.py:183} INFO - Processing /home/airflow/.local/lib/python3.8/site-packages/airflow/example_dags/example_short_circuit_decorator.py took 0.386 seconds
[2025-05-20T08:01:32.361+0000] {processor.py:161} INFO - Started process (PID=2094) to work on /home/airflow/.local/lib/python3.8/site-packages/airflow/example_dags/example_short_circuit_decorator.py
[2025-05-20T08:01:32.364+0000] {processor.py:830} INFO - Processing file /home/airflow/.local/lib/python3.8/site-packages/airflow/example_dags/example_short_circuit_decorator.py for tasks to queue
[2025-05-20T08:01:32.370+0000] {logging_mixin.py:188} INFO - [2025-05-20T08:01:32.369+0000] {dagbag.py:538} INFO - Filling up the DagBag from /home/airflow/.local/lib/python3.8/site-packages/airflow/example_dags/example_short_circuit_decorator.py
[2025-05-20T08:01:32.395+0000] {processor.py:840} INFO - DAG(s) 'example_short_circuit_decorator' retrieved from /home/airflow/.local/lib/python3.8/site-packages/airflow/example_dags/example_short_circuit_decorator.py
[2025-05-20T08:01:32.477+0000] {logging_mixin.py:188} INFO - [2025-05-20T08:01:32.476+0000] {dag.py:3036} INFO - Sync 1 DAGs
[2025-05-20T08:01:32.539+0000] {logging_mixin.py:188} INFO - [2025-05-20T08:01:32.538+0000] {dag.py:3823} INFO - Setting next_dagrun for example_short_circuit_decorator to 2025-05-19 00:00:00+00:00, run_after=2025-05-20 00:00:00+00:00
[2025-05-20T08:01:32.585+0000] {processor.py:183} INFO - Processing /home/airflow/.local/lib/python3.8/site-packages/airflow/example_dags/example_short_circuit_decorator.py took 0.230 seconds
[2025-05-20T08:02:03.259+0000] {processor.py:161} INFO - Started process (PID=2159) to work on /home/airflow/.local/lib/python3.8/site-packages/airflow/example_dags/example_short_circuit_decorator.py
[2025-05-20T08:02:03.261+0000] {processor.py:830} INFO - Processing file /home/airflow/.local/lib/python3.8/site-packages/airflow/example_dags/example_short_circuit_decorator.py for tasks to queue
[2025-05-20T08:02:03.265+0000] {logging_mixin.py:188} INFO - [2025-05-20T08:02:03.264+0000] {dagbag.py:538} INFO - Filling up the DagBag from /home/airflow/.local/lib/python3.8/site-packages/airflow/example_dags/example_short_circuit_decorator.py
[2025-05-20T08:02:03.287+0000] {processor.py:840} INFO - DAG(s) 'example_short_circuit_decorator' retrieved from /home/airflow/.local/lib/python3.8/site-packages/airflow/example_dags/example_short_circuit_decorator.py
[2025-05-20T08:02:03.334+0000] {logging_mixin.py:188} INFO - [2025-05-20T08:02:03.333+0000] {dag.py:3036} INFO - Sync 1 DAGs
[2025-05-20T08:02:03.377+0000] {logging_mixin.py:188} INFO - [2025-05-20T08:02:03.377+0000] {dag.py:3823} INFO - Setting next_dagrun for example_short_circuit_decorator to 2025-05-19 00:00:00+00:00, run_after=2025-05-20 00:00:00+00:00
[2025-05-20T08:02:03.420+0000] {processor.py:183} INFO - Processing /home/airflow/.local/lib/python3.8/site-packages/airflow/example_dags/example_short_circuit_decorator.py took 0.168 seconds
[2025-05-20T08:02:34.598+0000] {processor.py:161} INFO - Started process (PID=2224) to work on /home/airflow/.local/lib/python3.8/site-packages/airflow/example_dags/example_short_circuit_decorator.py
[2025-05-20T08:02:34.600+0000] {processor.py:830} INFO - Processing file /home/airflow/.local/lib/python3.8/site-packages/airflow/example_dags/example_short_circuit_decorator.py for tasks to queue
[2025-05-20T08:02:34.604+0000] {logging_mixin.py:188} INFO - [2025-05-20T08:02:34.603+0000] {dagbag.py:538} INFO - Filling up the DagBag from /home/airflow/.local/lib/python3.8/site-packages/airflow/example_dags/example_short_circuit_decorator.py
[2025-05-20T08:02:34.631+0000] {processor.py:840} INFO - DAG(s) 'example_short_circuit_decorator' retrieved from /home/airflow/.local/lib/python3.8/site-packages/airflow/example_dags/example_short_circuit_decorator.py
[2025-05-20T08:02:34.704+0000] {logging_mixin.py:188} INFO - [2025-05-20T08:02:34.704+0000] {dag.py:3036} INFO - Sync 1 DAGs
[2025-05-20T08:02:34.777+0000] {logging_mixin.py:188} INFO - [2025-05-20T08:02:34.776+0000] {dag.py:3823} INFO - Setting next_dagrun for example_short_circuit_decorator to 2025-05-19 00:00:00+00:00, run_after=2025-05-20 00:00:00+00:00
[2025-05-20T08:02:34.856+0000] {processor.py:183} INFO - Processing /home/airflow/.local/lib/python3.8/site-packages/airflow/example_dags/example_short_circuit_decorator.py took 0.265 seconds
[2025-05-20T08:03:05.945+0000] {processor.py:161} INFO - Started process (PID=2296) to work on /home/airflow/.local/lib/python3.8/site-packages/airflow/example_dags/example_short_circuit_decorator.py
[2025-05-20T08:03:05.946+0000] {processor.py:830} INFO - Processing file /home/airflow/.local/lib/python3.8/site-packages/airflow/example_dags/example_short_circuit_decorator.py for tasks to queue
[2025-05-20T08:03:05.953+0000] {logging_mixin.py:188} INFO - [2025-05-20T08:03:05.952+0000] {dagbag.py:538} INFO - Filling up the DagBag from /home/airflow/.local/lib/python3.8/site-packages/airflow/example_dags/example_short_circuit_decorator.py
[2025-05-20T08:03:05.975+0000] {processor.py:840} INFO - DAG(s) 'example_short_circuit_decorator' retrieved from /home/airflow/.local/lib/python3.8/site-packages/airflow/example_dags/example_short_circuit_decorator.py
[2025-05-20T08:03:06.033+0000] {logging_mixin.py:188} INFO - [2025-05-20T08:03:06.033+0000] {dag.py:3036} INFO - Sync 1 DAGs
[2025-05-20T08:03:06.100+0000] {logging_mixin.py:188} INFO - [2025-05-20T08:03:06.099+0000] {dag.py:3823} INFO - Setting next_dagrun for example_short_circuit_decorator to 2025-05-19 00:00:00+00:00, run_after=2025-05-20 00:00:00+00:00
[2025-05-20T08:03:06.158+0000] {processor.py:183} INFO - Processing /home/airflow/.local/lib/python3.8/site-packages/airflow/example_dags/example_short_circuit_decorator.py took 0.219 seconds
[2025-05-20T08:03:37.166+0000] {processor.py:161} INFO - Started process (PID=2361) to work on /home/airflow/.local/lib/python3.8/site-packages/airflow/example_dags/example_short_circuit_decorator.py
[2025-05-20T08:03:37.169+0000] {processor.py:830} INFO - Processing file /home/airflow/.local/lib/python3.8/site-packages/airflow/example_dags/example_short_circuit_decorator.py for tasks to queue
[2025-05-20T08:03:37.175+0000] {logging_mixin.py:188} INFO - [2025-05-20T08:03:37.174+0000] {dagbag.py:538} INFO - Filling up the DagBag from /home/airflow/.local/lib/python3.8/site-packages/airflow/example_dags/example_short_circuit_decorator.py
[2025-05-20T08:03:37.213+0000] {processor.py:840} INFO - DAG(s) 'example_short_circuit_decorator' retrieved from /home/airflow/.local/lib/python3.8/site-packages/airflow/example_dags/example_short_circuit_decorator.py
[2025-05-20T08:03:37.269+0000] {logging_mixin.py:188} INFO - [2025-05-20T08:03:37.268+0000] {dag.py:3036} INFO - Sync 1 DAGs
[2025-05-20T08:03:37.314+0000] {logging_mixin.py:188} INFO - [2025-05-20T08:03:37.314+0000] {dag.py:3823} INFO - Setting next_dagrun for example_short_circuit_decorator to 2025-05-19 00:00:00+00:00, run_after=2025-05-20 00:00:00+00:00
[2025-05-20T08:03:37.359+0000] {processor.py:183} INFO - Processing /home/airflow/.local/lib/python3.8/site-packages/airflow/example_dags/example_short_circuit_decorator.py took 0.205 seconds
[2025-05-20T08:04:08.559+0000] {processor.py:161} INFO - Started process (PID=2426) to work on /home/airflow/.local/lib/python3.8/site-packages/airflow/example_dags/example_short_circuit_decorator.py
[2025-05-20T08:04:08.561+0000] {processor.py:830} INFO - Processing file /home/airflow/.local/lib/python3.8/site-packages/airflow/example_dags/example_short_circuit_decorator.py for tasks to queue
[2025-05-20T08:04:08.566+0000] {logging_mixin.py:188} INFO - [2025-05-20T08:04:08.565+0000] {dagbag.py:538} INFO - Filling up the DagBag from /home/airflow/.local/lib/python3.8/site-packages/airflow/example_dags/example_short_circuit_decorator.py
[2025-05-20T08:04:08.591+0000] {processor.py:840} INFO - DAG(s) 'example_short_circuit_decorator' retrieved from /home/airflow/.local/lib/python3.8/site-packages/airflow/example_dags/example_short_circuit_decorator.py
[2025-05-20T08:04:08.634+0000] {logging_mixin.py:188} INFO - [2025-05-20T08:04:08.633+0000] {dag.py:3036} INFO - Sync 1 DAGs
[2025-05-20T08:04:08.675+0000] {logging_mixin.py:188} INFO - [2025-05-20T08:04:08.675+0000] {dag.py:3823} INFO - Setting next_dagrun for example_short_circuit_decorator to 2025-05-19 00:00:00+00:00, run_after=2025-05-20 00:00:00+00:00
[2025-05-20T08:04:08.715+0000] {processor.py:183} INFO - Processing /home/airflow/.local/lib/python3.8/site-packages/airflow/example_dags/example_short_circuit_decorator.py took 0.163 seconds
