[2025-05-20T07:45:17.968+0000] {processor.py:161} INFO - Started process (PID=79) to work on /home/airflow/.local/lib/python3.8/site-packages/airflow/example_dags/example_task_group_decorator.py
[2025-05-20T07:45:17.971+0000] {processor.py:830} INFO - Processing file /home/airflow/.local/lib/python3.8/site-packages/airflow/example_dags/example_task_group_decorator.py for tasks to queue
[2025-05-20T07:45:17.974+0000] {logging_mixin.py:188} INFO - [2025-05-20T07:45:17.974+0000] {dagbag.py:538} INFO - Filling up the DagBag from /home/airflow/.local/lib/python3.8/site-packages/airflow/example_dags/example_task_group_decorator.py
[2025-05-20T07:45:18.015+0000] {processor.py:840} INFO - DAG(s) 'example_task_group_decorator' retrieved from /home/airflow/.local/lib/python3.8/site-packages/airflow/example_dags/example_task_group_decorator.py
[2025-05-20T07:45:18.210+0000] {logging_mixin.py:188} INFO - [2025-05-20T07:45:18.210+0000] {dag.py:3036} INFO - Sync 1 DAGs
[2025-05-20T07:45:18.249+0000] {logging_mixin.py:188} INFO - [2025-05-20T07:45:18.249+0000] {dag.py:3823} INFO - Setting next_dagrun for example_task_group_decorator to 2025-05-19 00:00:00+00:00, run_after=2025-05-20 00:00:00+00:00
[2025-05-20T07:45:18.284+0000] {processor.py:183} INFO - Processing /home/airflow/.local/lib/python3.8/site-packages/airflow/example_dags/example_task_group_decorator.py took 0.323 seconds
[2025-05-20T07:45:48.668+0000] {processor.py:161} INFO - Started process (PID=144) to work on /home/airflow/.local/lib/python3.8/site-packages/airflow/example_dags/example_task_group_decorator.py
[2025-05-20T07:45:48.672+0000] {processor.py:830} INFO - Processing file /home/airflow/.local/lib/python3.8/site-packages/airflow/example_dags/example_task_group_decorator.py for tasks to queue
[2025-05-20T07:45:48.678+0000] {logging_mixin.py:188} INFO - [2025-05-20T07:45:48.677+0000] {dagbag.py:538} INFO - Filling up the DagBag from /home/airflow/.local/lib/python3.8/site-packages/airflow/example_dags/example_task_group_decorator.py
[2025-05-20T07:45:48.739+0000] {processor.py:840} INFO - DAG(s) 'example_task_group_decorator' retrieved from /home/airflow/.local/lib/python3.8/site-packages/airflow/example_dags/example_task_group_decorator.py
[2025-05-20T07:45:48.865+0000] {logging_mixin.py:188} INFO - [2025-05-20T07:45:48.864+0000] {dag.py:3036} INFO - Sync 1 DAGs
[2025-05-20T07:45:48.952+0000] {logging_mixin.py:188} INFO - [2025-05-20T07:45:48.951+0000] {dag.py:3823} INFO - Setting next_dagrun for example_task_group_decorator to 2025-05-19 00:00:00+00:00, run_after=2025-05-20 00:00:00+00:00
[2025-05-20T07:45:49.020+0000] {processor.py:183} INFO - Processing /home/airflow/.local/lib/python3.8/site-packages/airflow/example_dags/example_task_group_decorator.py took 0.363 seconds
[2025-05-20T07:46:19.577+0000] {processor.py:161} INFO - Started process (PID=209) to work on /home/airflow/.local/lib/python3.8/site-packages/airflow/example_dags/example_task_group_decorator.py
[2025-05-20T07:46:19.579+0000] {processor.py:830} INFO - Processing file /home/airflow/.local/lib/python3.8/site-packages/airflow/example_dags/example_task_group_decorator.py for tasks to queue
[2025-05-20T07:46:19.584+0000] {logging_mixin.py:188} INFO - [2025-05-20T07:46:19.583+0000] {dagbag.py:538} INFO - Filling up the DagBag from /home/airflow/.local/lib/python3.8/site-packages/airflow/example_dags/example_task_group_decorator.py
[2025-05-20T07:46:19.619+0000] {processor.py:840} INFO - DAG(s) 'example_task_group_decorator' retrieved from /home/airflow/.local/lib/python3.8/site-packages/airflow/example_dags/example_task_group_decorator.py
[2025-05-20T07:46:19.670+0000] {logging_mixin.py:188} INFO - [2025-05-20T07:46:19.670+0000] {dag.py:3036} INFO - Sync 1 DAGs
[2025-05-20T07:46:19.723+0000] {logging_mixin.py:188} INFO - [2025-05-20T07:46:19.722+0000] {dag.py:3823} INFO - Setting next_dagrun for example_task_group_decorator to 2025-05-19 00:00:00+00:00, run_after=2025-05-20 00:00:00+00:00
[2025-05-20T07:46:19.765+0000] {processor.py:183} INFO - Processing /home/airflow/.local/lib/python3.8/site-packages/airflow/example_dags/example_task_group_decorator.py took 0.195 seconds
[2025-05-20T07:46:50.767+0000] {processor.py:161} INFO - Started process (PID=274) to work on /home/airflow/.local/lib/python3.8/site-packages/airflow/example_dags/example_task_group_decorator.py
[2025-05-20T07:46:50.769+0000] {processor.py:830} INFO - Processing file /home/airflow/.local/lib/python3.8/site-packages/airflow/example_dags/example_task_group_decorator.py for tasks to queue
[2025-05-20T07:46:50.773+0000] {logging_mixin.py:188} INFO - [2025-05-20T07:46:50.772+0000] {dagbag.py:538} INFO - Filling up the DagBag from /home/airflow/.local/lib/python3.8/site-packages/airflow/example_dags/example_task_group_decorator.py
[2025-05-20T07:46:50.811+0000] {processor.py:840} INFO - DAG(s) 'example_task_group_decorator' retrieved from /home/airflow/.local/lib/python3.8/site-packages/airflow/example_dags/example_task_group_decorator.py
[2025-05-20T07:46:50.871+0000] {logging_mixin.py:188} INFO - [2025-05-20T07:46:50.871+0000] {dag.py:3036} INFO - Sync 1 DAGs
[2025-05-20T07:46:50.931+0000] {logging_mixin.py:188} INFO - [2025-05-20T07:46:50.930+0000] {dag.py:3823} INFO - Setting next_dagrun for example_task_group_decorator to 2025-05-19 00:00:00+00:00, run_after=2025-05-20 00:00:00+00:00
[2025-05-20T07:46:50.984+0000] {processor.py:183} INFO - Processing /home/airflow/.local/lib/python3.8/site-packages/airflow/example_dags/example_task_group_decorator.py took 0.224 seconds
[2025-05-20T07:47:23.043+0000] {processor.py:161} INFO - Started process (PID=339) to work on /home/airflow/.local/lib/python3.8/site-packages/airflow/example_dags/example_task_group_decorator.py
[2025-05-20T07:47:23.045+0000] {processor.py:830} INFO - Processing file /home/airflow/.local/lib/python3.8/site-packages/airflow/example_dags/example_task_group_decorator.py for tasks to queue
[2025-05-20T07:47:23.049+0000] {logging_mixin.py:188} INFO - [2025-05-20T07:47:23.048+0000] {dagbag.py:538} INFO - Filling up the DagBag from /home/airflow/.local/lib/python3.8/site-packages/airflow/example_dags/example_task_group_decorator.py
[2025-05-20T07:47:23.087+0000] {processor.py:840} INFO - DAG(s) 'example_task_group_decorator' retrieved from /home/airflow/.local/lib/python3.8/site-packages/airflow/example_dags/example_task_group_decorator.py
[2025-05-20T07:47:23.157+0000] {logging_mixin.py:188} INFO - [2025-05-20T07:47:23.156+0000] {dag.py:3036} INFO - Sync 1 DAGs
[2025-05-20T07:47:23.228+0000] {logging_mixin.py:188} INFO - [2025-05-20T07:47:23.228+0000] {dag.py:3823} INFO - Setting next_dagrun for example_task_group_decorator to 2025-05-19 00:00:00+00:00, run_after=2025-05-20 00:00:00+00:00
[2025-05-20T07:47:23.267+0000] {processor.py:183} INFO - Processing /home/airflow/.local/lib/python3.8/site-packages/airflow/example_dags/example_task_group_decorator.py took 0.229 seconds
[2025-05-20T07:47:54.116+0000] {processor.py:161} INFO - Started process (PID=404) to work on /home/airflow/.local/lib/python3.8/site-packages/airflow/example_dags/example_task_group_decorator.py
[2025-05-20T07:47:54.118+0000] {processor.py:830} INFO - Processing file /home/airflow/.local/lib/python3.8/site-packages/airflow/example_dags/example_task_group_decorator.py for tasks to queue
[2025-05-20T07:47:54.121+0000] {logging_mixin.py:188} INFO - [2025-05-20T07:47:54.121+0000] {dagbag.py:538} INFO - Filling up the DagBag from /home/airflow/.local/lib/python3.8/site-packages/airflow/example_dags/example_task_group_decorator.py
[2025-05-20T07:47:54.156+0000] {processor.py:840} INFO - DAG(s) 'example_task_group_decorator' retrieved from /home/airflow/.local/lib/python3.8/site-packages/airflow/example_dags/example_task_group_decorator.py
[2025-05-20T07:47:54.219+0000] {logging_mixin.py:188} INFO - [2025-05-20T07:47:54.218+0000] {dag.py:3036} INFO - Sync 1 DAGs
[2025-05-20T07:47:54.309+0000] {logging_mixin.py:188} INFO - [2025-05-20T07:47:54.308+0000] {dag.py:3823} INFO - Setting next_dagrun for example_task_group_decorator to 2025-05-19 00:00:00+00:00, run_after=2025-05-20 00:00:00+00:00
[2025-05-20T07:47:54.397+0000] {processor.py:183} INFO - Processing /home/airflow/.local/lib/python3.8/site-packages/airflow/example_dags/example_task_group_decorator.py took 0.286 seconds
[2025-05-20T07:48:26.237+0000] {processor.py:161} INFO - Started process (PID=469) to work on /home/airflow/.local/lib/python3.8/site-packages/airflow/example_dags/example_task_group_decorator.py
[2025-05-20T07:48:26.239+0000] {processor.py:830} INFO - Processing file /home/airflow/.local/lib/python3.8/site-packages/airflow/example_dags/example_task_group_decorator.py for tasks to queue
[2025-05-20T07:48:26.243+0000] {logging_mixin.py:188} INFO - [2025-05-20T07:48:26.242+0000] {dagbag.py:538} INFO - Filling up the DagBag from /home/airflow/.local/lib/python3.8/site-packages/airflow/example_dags/example_task_group_decorator.py
[2025-05-20T07:48:26.273+0000] {processor.py:840} INFO - DAG(s) 'example_task_group_decorator' retrieved from /home/airflow/.local/lib/python3.8/site-packages/airflow/example_dags/example_task_group_decorator.py
[2025-05-20T07:48:26.322+0000] {logging_mixin.py:188} INFO - [2025-05-20T07:48:26.321+0000] {dag.py:3036} INFO - Sync 1 DAGs
[2025-05-20T07:48:26.374+0000] {logging_mixin.py:188} INFO - [2025-05-20T07:48:26.374+0000] {dag.py:3823} INFO - Setting next_dagrun for example_task_group_decorator to 2025-05-19 00:00:00+00:00, run_after=2025-05-20 00:00:00+00:00
[2025-05-20T07:48:26.423+0000] {processor.py:183} INFO - Processing /home/airflow/.local/lib/python3.8/site-packages/airflow/example_dags/example_task_group_decorator.py took 0.191 seconds
[2025-05-20T07:48:57.069+0000] {processor.py:161} INFO - Started process (PID=534) to work on /home/airflow/.local/lib/python3.8/site-packages/airflow/example_dags/example_task_group_decorator.py
[2025-05-20T07:48:57.072+0000] {processor.py:830} INFO - Processing file /home/airflow/.local/lib/python3.8/site-packages/airflow/example_dags/example_task_group_decorator.py for tasks to queue
[2025-05-20T07:48:57.076+0000] {logging_mixin.py:188} INFO - [2025-05-20T07:48:57.075+0000] {dagbag.py:538} INFO - Filling up the DagBag from /home/airflow/.local/lib/python3.8/site-packages/airflow/example_dags/example_task_group_decorator.py
[2025-05-20T07:48:57.117+0000] {processor.py:840} INFO - DAG(s) 'example_task_group_decorator' retrieved from /home/airflow/.local/lib/python3.8/site-packages/airflow/example_dags/example_task_group_decorator.py
[2025-05-20T07:48:57.173+0000] {logging_mixin.py:188} INFO - [2025-05-20T07:48:57.173+0000] {dag.py:3036} INFO - Sync 1 DAGs
[2025-05-20T07:48:57.224+0000] {logging_mixin.py:188} INFO - [2025-05-20T07:48:57.224+0000] {dag.py:3823} INFO - Setting next_dagrun for example_task_group_decorator to 2025-05-19 00:00:00+00:00, run_after=2025-05-20 00:00:00+00:00
[2025-05-20T07:48:57.268+0000] {processor.py:183} INFO - Processing /home/airflow/.local/lib/python3.8/site-packages/airflow/example_dags/example_task_group_decorator.py took 0.206 seconds
[2025-05-20T07:49:27.719+0000] {processor.py:161} INFO - Started process (PID=599) to work on /home/airflow/.local/lib/python3.8/site-packages/airflow/example_dags/example_task_group_decorator.py
[2025-05-20T07:49:27.722+0000] {processor.py:830} INFO - Processing file /home/airflow/.local/lib/python3.8/site-packages/airflow/example_dags/example_task_group_decorator.py for tasks to queue
[2025-05-20T07:49:27.727+0000] {logging_mixin.py:188} INFO - [2025-05-20T07:49:27.726+0000] {dagbag.py:538} INFO - Filling up the DagBag from /home/airflow/.local/lib/python3.8/site-packages/airflow/example_dags/example_task_group_decorator.py
[2025-05-20T07:49:27.767+0000] {processor.py:840} INFO - DAG(s) 'example_task_group_decorator' retrieved from /home/airflow/.local/lib/python3.8/site-packages/airflow/example_dags/example_task_group_decorator.py
[2025-05-20T07:49:27.827+0000] {logging_mixin.py:188} INFO - [2025-05-20T07:49:27.826+0000] {dag.py:3036} INFO - Sync 1 DAGs
[2025-05-20T07:49:27.884+0000] {logging_mixin.py:188} INFO - [2025-05-20T07:49:27.883+0000] {dag.py:3823} INFO - Setting next_dagrun for example_task_group_decorator to 2025-05-19 00:00:00+00:00, run_after=2025-05-20 00:00:00+00:00
[2025-05-20T07:49:27.933+0000] {processor.py:183} INFO - Processing /home/airflow/.local/lib/python3.8/site-packages/airflow/example_dags/example_task_group_decorator.py took 0.221 seconds
[2025-05-20T07:49:59.095+0000] {processor.py:161} INFO - Started process (PID=664) to work on /home/airflow/.local/lib/python3.8/site-packages/airflow/example_dags/example_task_group_decorator.py
[2025-05-20T07:49:59.099+0000] {processor.py:830} INFO - Processing file /home/airflow/.local/lib/python3.8/site-packages/airflow/example_dags/example_task_group_decorator.py for tasks to queue
[2025-05-20T07:49:59.105+0000] {logging_mixin.py:188} INFO - [2025-05-20T07:49:59.104+0000] {dagbag.py:538} INFO - Filling up the DagBag from /home/airflow/.local/lib/python3.8/site-packages/airflow/example_dags/example_task_group_decorator.py
[2025-05-20T07:49:59.166+0000] {processor.py:840} INFO - DAG(s) 'example_task_group_decorator' retrieved from /home/airflow/.local/lib/python3.8/site-packages/airflow/example_dags/example_task_group_decorator.py
[2025-05-20T07:49:59.250+0000] {logging_mixin.py:188} INFO - [2025-05-20T07:49:59.249+0000] {dag.py:3036} INFO - Sync 1 DAGs
[2025-05-20T07:49:59.303+0000] {logging_mixin.py:188} INFO - [2025-05-20T07:49:59.303+0000] {dag.py:3823} INFO - Setting next_dagrun for example_task_group_decorator to 2025-05-19 00:00:00+00:00, run_after=2025-05-20 00:00:00+00:00
[2025-05-20T07:49:59.337+0000] {processor.py:183} INFO - Processing /home/airflow/.local/lib/python3.8/site-packages/airflow/example_dags/example_task_group_decorator.py took 0.253 seconds
[2025-05-20T07:50:30.206+0000] {processor.py:161} INFO - Started process (PID=729) to work on /home/airflow/.local/lib/python3.8/site-packages/airflow/example_dags/example_task_group_decorator.py
[2025-05-20T07:50:30.209+0000] {processor.py:830} INFO - Processing file /home/airflow/.local/lib/python3.8/site-packages/airflow/example_dags/example_task_group_decorator.py for tasks to queue
[2025-05-20T07:50:30.213+0000] {logging_mixin.py:188} INFO - [2025-05-20T07:50:30.212+0000] {dagbag.py:538} INFO - Filling up the DagBag from /home/airflow/.local/lib/python3.8/site-packages/airflow/example_dags/example_task_group_decorator.py
[2025-05-20T07:50:30.246+0000] {processor.py:840} INFO - DAG(s) 'example_task_group_decorator' retrieved from /home/airflow/.local/lib/python3.8/site-packages/airflow/example_dags/example_task_group_decorator.py
[2025-05-20T07:50:30.298+0000] {logging_mixin.py:188} INFO - [2025-05-20T07:50:30.298+0000] {dag.py:3036} INFO - Sync 1 DAGs
[2025-05-20T07:50:30.332+0000] {logging_mixin.py:188} INFO - [2025-05-20T07:50:30.332+0000] {dag.py:3823} INFO - Setting next_dagrun for example_task_group_decorator to 2025-05-19 00:00:00+00:00, run_after=2025-05-20 00:00:00+00:00
[2025-05-20T07:50:30.366+0000] {processor.py:183} INFO - Processing /home/airflow/.local/lib/python3.8/site-packages/airflow/example_dags/example_task_group_decorator.py took 0.166 seconds
[2025-05-20T07:51:02.445+0000] {processor.py:161} INFO - Started process (PID=794) to work on /home/airflow/.local/lib/python3.8/site-packages/airflow/example_dags/example_task_group_decorator.py
[2025-05-20T07:51:02.447+0000] {processor.py:830} INFO - Processing file /home/airflow/.local/lib/python3.8/site-packages/airflow/example_dags/example_task_group_decorator.py for tasks to queue
[2025-05-20T07:51:02.452+0000] {logging_mixin.py:188} INFO - [2025-05-20T07:51:02.451+0000] {dagbag.py:538} INFO - Filling up the DagBag from /home/airflow/.local/lib/python3.8/site-packages/airflow/example_dags/example_task_group_decorator.py
[2025-05-20T07:51:02.502+0000] {processor.py:840} INFO - DAG(s) 'example_task_group_decorator' retrieved from /home/airflow/.local/lib/python3.8/site-packages/airflow/example_dags/example_task_group_decorator.py
[2025-05-20T07:51:02.563+0000] {logging_mixin.py:188} INFO - [2025-05-20T07:51:02.562+0000] {dag.py:3036} INFO - Sync 1 DAGs
[2025-05-20T07:51:02.625+0000] {logging_mixin.py:188} INFO - [2025-05-20T07:51:02.624+0000] {dag.py:3823} INFO - Setting next_dagrun for example_task_group_decorator to 2025-05-19 00:00:00+00:00, run_after=2025-05-20 00:00:00+00:00
[2025-05-20T07:51:02.673+0000] {processor.py:183} INFO - Processing /home/airflow/.local/lib/python3.8/site-packages/airflow/example_dags/example_task_group_decorator.py took 0.237 seconds
[2025-05-20T07:51:34.519+0000] {processor.py:161} INFO - Started process (PID=865) to work on /home/airflow/.local/lib/python3.8/site-packages/airflow/example_dags/example_task_group_decorator.py
[2025-05-20T07:51:34.521+0000] {processor.py:830} INFO - Processing file /home/airflow/.local/lib/python3.8/site-packages/airflow/example_dags/example_task_group_decorator.py for tasks to queue
[2025-05-20T07:51:34.529+0000] {logging_mixin.py:188} INFO - [2025-05-20T07:51:34.528+0000] {dagbag.py:538} INFO - Filling up the DagBag from /home/airflow/.local/lib/python3.8/site-packages/airflow/example_dags/example_task_group_decorator.py
[2025-05-20T07:51:34.565+0000] {processor.py:840} INFO - DAG(s) 'example_task_group_decorator' retrieved from /home/airflow/.local/lib/python3.8/site-packages/airflow/example_dags/example_task_group_decorator.py
[2025-05-20T07:51:34.627+0000] {logging_mixin.py:188} INFO - [2025-05-20T07:51:34.626+0000] {dag.py:3036} INFO - Sync 1 DAGs
[2025-05-20T07:51:34.665+0000] {logging_mixin.py:188} INFO - [2025-05-20T07:51:34.665+0000] {dag.py:3823} INFO - Setting next_dagrun for example_task_group_decorator to 2025-05-19 00:00:00+00:00, run_after=2025-05-20 00:00:00+00:00
[2025-05-20T07:51:34.700+0000] {processor.py:183} INFO - Processing /home/airflow/.local/lib/python3.8/site-packages/airflow/example_dags/example_task_group_decorator.py took 0.187 seconds
[2025-05-20T07:52:05.663+0000] {processor.py:161} INFO - Started process (PID=930) to work on /home/airflow/.local/lib/python3.8/site-packages/airflow/example_dags/example_task_group_decorator.py
[2025-05-20T07:52:05.667+0000] {processor.py:830} INFO - Processing file /home/airflow/.local/lib/python3.8/site-packages/airflow/example_dags/example_task_group_decorator.py for tasks to queue
[2025-05-20T07:52:05.674+0000] {logging_mixin.py:188} INFO - [2025-05-20T07:52:05.673+0000] {dagbag.py:538} INFO - Filling up the DagBag from /home/airflow/.local/lib/python3.8/site-packages/airflow/example_dags/example_task_group_decorator.py
[2025-05-20T07:52:05.719+0000] {processor.py:840} INFO - DAG(s) 'example_task_group_decorator' retrieved from /home/airflow/.local/lib/python3.8/site-packages/airflow/example_dags/example_task_group_decorator.py
[2025-05-20T07:52:05.767+0000] {logging_mixin.py:188} INFO - [2025-05-20T07:52:05.767+0000] {dag.py:3036} INFO - Sync 1 DAGs
[2025-05-20T07:52:05.827+0000] {logging_mixin.py:188} INFO - [2025-05-20T07:52:05.826+0000] {dag.py:3823} INFO - Setting next_dagrun for example_task_group_decorator to 2025-05-19 00:00:00+00:00, run_after=2025-05-20 00:00:00+00:00
[2025-05-20T07:52:05.913+0000] {processor.py:183} INFO - Processing /home/airflow/.local/lib/python3.8/site-packages/airflow/example_dags/example_task_group_decorator.py took 0.262 seconds
[2025-05-20T07:52:37.184+0000] {processor.py:161} INFO - Started process (PID=995) to work on /home/airflow/.local/lib/python3.8/site-packages/airflow/example_dags/example_task_group_decorator.py
[2025-05-20T07:52:37.185+0000] {processor.py:830} INFO - Processing file /home/airflow/.local/lib/python3.8/site-packages/airflow/example_dags/example_task_group_decorator.py for tasks to queue
[2025-05-20T07:52:37.188+0000] {logging_mixin.py:188} INFO - [2025-05-20T07:52:37.188+0000] {dagbag.py:538} INFO - Filling up the DagBag from /home/airflow/.local/lib/python3.8/site-packages/airflow/example_dags/example_task_group_decorator.py
[2025-05-20T07:52:37.220+0000] {processor.py:840} INFO - DAG(s) 'example_task_group_decorator' retrieved from /home/airflow/.local/lib/python3.8/site-packages/airflow/example_dags/example_task_group_decorator.py
[2025-05-20T07:52:37.266+0000] {logging_mixin.py:188} INFO - [2025-05-20T07:52:37.266+0000] {dag.py:3036} INFO - Sync 1 DAGs
[2025-05-20T07:52:37.303+0000] {logging_mixin.py:188} INFO - [2025-05-20T07:52:37.303+0000] {dag.py:3823} INFO - Setting next_dagrun for example_task_group_decorator to 2025-05-19 00:00:00+00:00, run_after=2025-05-20 00:00:00+00:00
[2025-05-20T07:52:37.339+0000] {processor.py:183} INFO - Processing /home/airflow/.local/lib/python3.8/site-packages/airflow/example_dags/example_task_group_decorator.py took 0.160 seconds
[2025-05-20T07:53:07.828+0000] {processor.py:161} INFO - Started process (PID=1060) to work on /home/airflow/.local/lib/python3.8/site-packages/airflow/example_dags/example_task_group_decorator.py
[2025-05-20T07:53:07.830+0000] {processor.py:830} INFO - Processing file /home/airflow/.local/lib/python3.8/site-packages/airflow/example_dags/example_task_group_decorator.py for tasks to queue
[2025-05-20T07:53:07.833+0000] {logging_mixin.py:188} INFO - [2025-05-20T07:53:07.832+0000] {dagbag.py:538} INFO - Filling up the DagBag from /home/airflow/.local/lib/python3.8/site-packages/airflow/example_dags/example_task_group_decorator.py
[2025-05-20T07:53:07.861+0000] {processor.py:840} INFO - DAG(s) 'example_task_group_decorator' retrieved from /home/airflow/.local/lib/python3.8/site-packages/airflow/example_dags/example_task_group_decorator.py
[2025-05-20T07:53:07.911+0000] {logging_mixin.py:188} INFO - [2025-05-20T07:53:07.910+0000] {dag.py:3036} INFO - Sync 1 DAGs
[2025-05-20T07:53:07.960+0000] {logging_mixin.py:188} INFO - [2025-05-20T07:53:07.959+0000] {dag.py:3823} INFO - Setting next_dagrun for example_task_group_decorator to 2025-05-19 00:00:00+00:00, run_after=2025-05-20 00:00:00+00:00
[2025-05-20T07:53:08.001+0000] {processor.py:183} INFO - Processing /home/airflow/.local/lib/python3.8/site-packages/airflow/example_dags/example_task_group_decorator.py took 0.179 seconds
[2025-05-20T07:53:41.008+0000] {processor.py:161} INFO - Started process (PID=1125) to work on /home/airflow/.local/lib/python3.8/site-packages/airflow/example_dags/example_task_group_decorator.py
[2025-05-20T07:53:41.011+0000] {processor.py:830} INFO - Processing file /home/airflow/.local/lib/python3.8/site-packages/airflow/example_dags/example_task_group_decorator.py for tasks to queue
[2025-05-20T07:53:41.016+0000] {logging_mixin.py:188} INFO - [2025-05-20T07:53:41.014+0000] {dagbag.py:538} INFO - Filling up the DagBag from /home/airflow/.local/lib/python3.8/site-packages/airflow/example_dags/example_task_group_decorator.py
[2025-05-20T07:53:41.053+0000] {processor.py:840} INFO - DAG(s) 'example_task_group_decorator' retrieved from /home/airflow/.local/lib/python3.8/site-packages/airflow/example_dags/example_task_group_decorator.py
[2025-05-20T07:53:41.110+0000] {logging_mixin.py:188} INFO - [2025-05-20T07:53:41.109+0000] {dag.py:3036} INFO - Sync 1 DAGs
[2025-05-20T07:53:41.167+0000] {logging_mixin.py:188} INFO - [2025-05-20T07:53:41.166+0000] {dag.py:3823} INFO - Setting next_dagrun for example_task_group_decorator to 2025-05-19 00:00:00+00:00, run_after=2025-05-20 00:00:00+00:00
[2025-05-20T07:53:41.212+0000] {processor.py:183} INFO - Processing /home/airflow/.local/lib/python3.8/site-packages/airflow/example_dags/example_task_group_decorator.py took 0.211 seconds
[2025-05-20T07:54:14.011+0000] {processor.py:161} INFO - Started process (PID=1190) to work on /home/airflow/.local/lib/python3.8/site-packages/airflow/example_dags/example_task_group_decorator.py
[2025-05-20T07:54:14.015+0000] {processor.py:830} INFO - Processing file /home/airflow/.local/lib/python3.8/site-packages/airflow/example_dags/example_task_group_decorator.py for tasks to queue
[2025-05-20T07:54:14.022+0000] {logging_mixin.py:188} INFO - [2025-05-20T07:54:14.020+0000] {dagbag.py:538} INFO - Filling up the DagBag from /home/airflow/.local/lib/python3.8/site-packages/airflow/example_dags/example_task_group_decorator.py
[2025-05-20T07:54:14.102+0000] {processor.py:840} INFO - DAG(s) 'example_task_group_decorator' retrieved from /home/airflow/.local/lib/python3.8/site-packages/airflow/example_dags/example_task_group_decorator.py
[2025-05-20T07:54:14.199+0000] {logging_mixin.py:188} INFO - [2025-05-20T07:54:14.199+0000] {dag.py:3036} INFO - Sync 1 DAGs
[2025-05-20T07:54:14.274+0000] {logging_mixin.py:188} INFO - [2025-05-20T07:54:14.273+0000] {dag.py:3823} INFO - Setting next_dagrun for example_task_group_decorator to 2025-05-19 00:00:00+00:00, run_after=2025-05-20 00:00:00+00:00
[2025-05-20T07:54:14.315+0000] {processor.py:183} INFO - Processing /home/airflow/.local/lib/python3.8/site-packages/airflow/example_dags/example_task_group_decorator.py took 0.316 seconds
[2025-05-20T07:54:44.745+0000] {processor.py:161} INFO - Started process (PID=1255) to work on /home/airflow/.local/lib/python3.8/site-packages/airflow/example_dags/example_task_group_decorator.py
[2025-05-20T07:54:44.748+0000] {processor.py:830} INFO - Processing file /home/airflow/.local/lib/python3.8/site-packages/airflow/example_dags/example_task_group_decorator.py for tasks to queue
[2025-05-20T07:54:44.755+0000] {logging_mixin.py:188} INFO - [2025-05-20T07:54:44.754+0000] {dagbag.py:538} INFO - Filling up the DagBag from /home/airflow/.local/lib/python3.8/site-packages/airflow/example_dags/example_task_group_decorator.py
[2025-05-20T07:54:44.852+0000] {processor.py:840} INFO - DAG(s) 'example_task_group_decorator' retrieved from /home/airflow/.local/lib/python3.8/site-packages/airflow/example_dags/example_task_group_decorator.py
[2025-05-20T07:54:44.917+0000] {logging_mixin.py:188} INFO - [2025-05-20T07:54:44.916+0000] {dag.py:3036} INFO - Sync 1 DAGs
[2025-05-20T07:54:44.982+0000] {logging_mixin.py:188} INFO - [2025-05-20T07:54:44.981+0000] {dag.py:3823} INFO - Setting next_dagrun for example_task_group_decorator to 2025-05-19 00:00:00+00:00, run_after=2025-05-20 00:00:00+00:00
[2025-05-20T07:54:45.052+0000] {processor.py:183} INFO - Processing /home/airflow/.local/lib/python3.8/site-packages/airflow/example_dags/example_task_group_decorator.py took 0.325 seconds
[2025-05-20T07:55:15.346+0000] {processor.py:161} INFO - Started process (PID=1320) to work on /home/airflow/.local/lib/python3.8/site-packages/airflow/example_dags/example_task_group_decorator.py
[2025-05-20T07:55:15.348+0000] {processor.py:830} INFO - Processing file /home/airflow/.local/lib/python3.8/site-packages/airflow/example_dags/example_task_group_decorator.py for tasks to queue
[2025-05-20T07:55:15.352+0000] {logging_mixin.py:188} INFO - [2025-05-20T07:55:15.351+0000] {dagbag.py:538} INFO - Filling up the DagBag from /home/airflow/.local/lib/python3.8/site-packages/airflow/example_dags/example_task_group_decorator.py
[2025-05-20T07:55:15.378+0000] {processor.py:840} INFO - DAG(s) 'example_task_group_decorator' retrieved from /home/airflow/.local/lib/python3.8/site-packages/airflow/example_dags/example_task_group_decorator.py
[2025-05-20T07:55:15.427+0000] {logging_mixin.py:188} INFO - [2025-05-20T07:55:15.426+0000] {dag.py:3036} INFO - Sync 1 DAGs
[2025-05-20T07:55:15.469+0000] {logging_mixin.py:188} INFO - [2025-05-20T07:55:15.468+0000] {dag.py:3823} INFO - Setting next_dagrun for example_task_group_decorator to 2025-05-19 00:00:00+00:00, run_after=2025-05-20 00:00:00+00:00
[2025-05-20T07:55:15.506+0000] {processor.py:183} INFO - Processing /home/airflow/.local/lib/python3.8/site-packages/airflow/example_dags/example_task_group_decorator.py took 0.165 seconds
[2025-05-20T07:55:45.843+0000] {processor.py:161} INFO - Started process (PID=1385) to work on /home/airflow/.local/lib/python3.8/site-packages/airflow/example_dags/example_task_group_decorator.py
[2025-05-20T07:55:45.845+0000] {processor.py:830} INFO - Processing file /home/airflow/.local/lib/python3.8/site-packages/airflow/example_dags/example_task_group_decorator.py for tasks to queue
[2025-05-20T07:55:45.848+0000] {logging_mixin.py:188} INFO - [2025-05-20T07:55:45.848+0000] {dagbag.py:538} INFO - Filling up the DagBag from /home/airflow/.local/lib/python3.8/site-packages/airflow/example_dags/example_task_group_decorator.py
[2025-05-20T07:55:45.876+0000] {processor.py:840} INFO - DAG(s) 'example_task_group_decorator' retrieved from /home/airflow/.local/lib/python3.8/site-packages/airflow/example_dags/example_task_group_decorator.py
[2025-05-20T07:55:45.920+0000] {logging_mixin.py:188} INFO - [2025-05-20T07:55:45.920+0000] {dag.py:3036} INFO - Sync 1 DAGs
[2025-05-20T07:55:45.964+0000] {logging_mixin.py:188} INFO - [2025-05-20T07:55:45.963+0000] {dag.py:3823} INFO - Setting next_dagrun for example_task_group_decorator to 2025-05-19 00:00:00+00:00, run_after=2025-05-20 00:00:00+00:00
[2025-05-20T07:55:46.000+0000] {processor.py:183} INFO - Processing /home/airflow/.local/lib/python3.8/site-packages/airflow/example_dags/example_task_group_decorator.py took 0.163 seconds
[2025-05-20T07:56:17.858+0000] {processor.py:161} INFO - Started process (PID=1450) to work on /home/airflow/.local/lib/python3.8/site-packages/airflow/example_dags/example_task_group_decorator.py
[2025-05-20T07:56:17.860+0000] {processor.py:830} INFO - Processing file /home/airflow/.local/lib/python3.8/site-packages/airflow/example_dags/example_task_group_decorator.py for tasks to queue
[2025-05-20T07:56:17.864+0000] {logging_mixin.py:188} INFO - [2025-05-20T07:56:17.864+0000] {dagbag.py:538} INFO - Filling up the DagBag from /home/airflow/.local/lib/python3.8/site-packages/airflow/example_dags/example_task_group_decorator.py
[2025-05-20T07:56:17.894+0000] {processor.py:840} INFO - DAG(s) 'example_task_group_decorator' retrieved from /home/airflow/.local/lib/python3.8/site-packages/airflow/example_dags/example_task_group_decorator.py
[2025-05-20T07:56:17.937+0000] {logging_mixin.py:188} INFO - [2025-05-20T07:56:17.936+0000] {dag.py:3036} INFO - Sync 1 DAGs
[2025-05-20T07:56:17.988+0000] {logging_mixin.py:188} INFO - [2025-05-20T07:56:17.987+0000] {dag.py:3823} INFO - Setting next_dagrun for example_task_group_decorator to 2025-05-19 00:00:00+00:00, run_after=2025-05-20 00:00:00+00:00
[2025-05-20T07:56:18.054+0000] {processor.py:183} INFO - Processing /home/airflow/.local/lib/python3.8/site-packages/airflow/example_dags/example_task_group_decorator.py took 0.204 seconds
[2025-05-20T07:56:49.704+0000] {processor.py:161} INFO - Started process (PID=1515) to work on /home/airflow/.local/lib/python3.8/site-packages/airflow/example_dags/example_task_group_decorator.py
[2025-05-20T07:56:49.706+0000] {processor.py:830} INFO - Processing file /home/airflow/.local/lib/python3.8/site-packages/airflow/example_dags/example_task_group_decorator.py for tasks to queue
[2025-05-20T07:56:49.709+0000] {logging_mixin.py:188} INFO - [2025-05-20T07:56:49.709+0000] {dagbag.py:538} INFO - Filling up the DagBag from /home/airflow/.local/lib/python3.8/site-packages/airflow/example_dags/example_task_group_decorator.py
[2025-05-20T07:56:49.735+0000] {processor.py:840} INFO - DAG(s) 'example_task_group_decorator' retrieved from /home/airflow/.local/lib/python3.8/site-packages/airflow/example_dags/example_task_group_decorator.py
[2025-05-20T07:56:49.776+0000] {logging_mixin.py:188} INFO - [2025-05-20T07:56:49.775+0000] {dag.py:3036} INFO - Sync 1 DAGs
[2025-05-20T07:56:49.821+0000] {logging_mixin.py:188} INFO - [2025-05-20T07:56:49.821+0000] {dag.py:3823} INFO - Setting next_dagrun for example_task_group_decorator to 2025-05-19 00:00:00+00:00, run_after=2025-05-20 00:00:00+00:00
[2025-05-20T07:56:49.881+0000] {processor.py:183} INFO - Processing /home/airflow/.local/lib/python3.8/site-packages/airflow/example_dags/example_task_group_decorator.py took 0.181 seconds
[2025-05-20T07:57:21.296+0000] {processor.py:161} INFO - Started process (PID=1580) to work on /home/airflow/.local/lib/python3.8/site-packages/airflow/example_dags/example_task_group_decorator.py
[2025-05-20T07:57:21.298+0000] {processor.py:830} INFO - Processing file /home/airflow/.local/lib/python3.8/site-packages/airflow/example_dags/example_task_group_decorator.py for tasks to queue
[2025-05-20T07:57:21.302+0000] {logging_mixin.py:188} INFO - [2025-05-20T07:57:21.301+0000] {dagbag.py:538} INFO - Filling up the DagBag from /home/airflow/.local/lib/python3.8/site-packages/airflow/example_dags/example_task_group_decorator.py
[2025-05-20T07:57:21.344+0000] {processor.py:840} INFO - DAG(s) 'example_task_group_decorator' retrieved from /home/airflow/.local/lib/python3.8/site-packages/airflow/example_dags/example_task_group_decorator.py
[2025-05-20T07:57:21.404+0000] {logging_mixin.py:188} INFO - [2025-05-20T07:57:21.403+0000] {dag.py:3036} INFO - Sync 1 DAGs
[2025-05-20T07:57:21.451+0000] {logging_mixin.py:188} INFO - [2025-05-20T07:57:21.451+0000] {dag.py:3823} INFO - Setting next_dagrun for example_task_group_decorator to 2025-05-19 00:00:00+00:00, run_after=2025-05-20 00:00:00+00:00
[2025-05-20T07:57:21.493+0000] {processor.py:183} INFO - Processing /home/airflow/.local/lib/python3.8/site-packages/airflow/example_dags/example_task_group_decorator.py took 0.205 seconds
[2025-05-20T07:57:52.248+0000] {processor.py:161} INFO - Started process (PID=1645) to work on /home/airflow/.local/lib/python3.8/site-packages/airflow/example_dags/example_task_group_decorator.py
[2025-05-20T07:57:52.251+0000] {processor.py:830} INFO - Processing file /home/airflow/.local/lib/python3.8/site-packages/airflow/example_dags/example_task_group_decorator.py for tasks to queue
[2025-05-20T07:57:52.258+0000] {logging_mixin.py:188} INFO - [2025-05-20T07:57:52.257+0000] {dagbag.py:538} INFO - Filling up the DagBag from /home/airflow/.local/lib/python3.8/site-packages/airflow/example_dags/example_task_group_decorator.py
[2025-05-20T07:57:52.329+0000] {processor.py:840} INFO - DAG(s) 'example_task_group_decorator' retrieved from /home/airflow/.local/lib/python3.8/site-packages/airflow/example_dags/example_task_group_decorator.py
[2025-05-20T07:57:52.415+0000] {logging_mixin.py:188} INFO - [2025-05-20T07:57:52.414+0000] {dag.py:3036} INFO - Sync 1 DAGs
[2025-05-20T07:57:52.460+0000] {logging_mixin.py:188} INFO - [2025-05-20T07:57:52.460+0000] {dag.py:3823} INFO - Setting next_dagrun for example_task_group_decorator to 2025-05-19 00:00:00+00:00, run_after=2025-05-20 00:00:00+00:00
[2025-05-20T07:57:52.499+0000] {processor.py:183} INFO - Processing /home/airflow/.local/lib/python3.8/site-packages/airflow/example_dags/example_task_group_decorator.py took 0.262 seconds
[2025-05-20T07:58:24.224+0000] {processor.py:161} INFO - Started process (PID=1710) to work on /home/airflow/.local/lib/python3.8/site-packages/airflow/example_dags/example_task_group_decorator.py
[2025-05-20T07:58:24.228+0000] {processor.py:830} INFO - Processing file /home/airflow/.local/lib/python3.8/site-packages/airflow/example_dags/example_task_group_decorator.py for tasks to queue
[2025-05-20T07:58:24.235+0000] {logging_mixin.py:188} INFO - [2025-05-20T07:58:24.234+0000] {dagbag.py:538} INFO - Filling up the DagBag from /home/airflow/.local/lib/python3.8/site-packages/airflow/example_dags/example_task_group_decorator.py
[2025-05-20T07:58:24.297+0000] {processor.py:840} INFO - DAG(s) 'example_task_group_decorator' retrieved from /home/airflow/.local/lib/python3.8/site-packages/airflow/example_dags/example_task_group_decorator.py
[2025-05-20T07:58:24.406+0000] {logging_mixin.py:188} INFO - [2025-05-20T07:58:24.406+0000] {dag.py:3036} INFO - Sync 1 DAGs
[2025-05-20T07:58:24.673+0000] {logging_mixin.py:188} INFO - [2025-05-20T07:58:24.672+0000] {dag.py:3823} INFO - Setting next_dagrun for example_task_group_decorator to 2025-05-19 00:00:00+00:00, run_after=2025-05-20 00:00:00+00:00
[2025-05-20T07:58:24.757+0000] {processor.py:183} INFO - Processing /home/airflow/.local/lib/python3.8/site-packages/airflow/example_dags/example_task_group_decorator.py took 0.543 seconds
[2025-05-20T07:58:55.864+0000] {processor.py:161} INFO - Started process (PID=1775) to work on /home/airflow/.local/lib/python3.8/site-packages/airflow/example_dags/example_task_group_decorator.py
[2025-05-20T07:58:55.866+0000] {processor.py:830} INFO - Processing file /home/airflow/.local/lib/python3.8/site-packages/airflow/example_dags/example_task_group_decorator.py for tasks to queue
[2025-05-20T07:58:55.869+0000] {logging_mixin.py:188} INFO - [2025-05-20T07:58:55.869+0000] {dagbag.py:538} INFO - Filling up the DagBag from /home/airflow/.local/lib/python3.8/site-packages/airflow/example_dags/example_task_group_decorator.py
[2025-05-20T07:58:55.900+0000] {processor.py:840} INFO - DAG(s) 'example_task_group_decorator' retrieved from /home/airflow/.local/lib/python3.8/site-packages/airflow/example_dags/example_task_group_decorator.py
[2025-05-20T07:58:55.945+0000] {logging_mixin.py:188} INFO - [2025-05-20T07:58:55.945+0000] {dag.py:3036} INFO - Sync 1 DAGs
[2025-05-20T07:58:56.183+0000] {logging_mixin.py:188} INFO - [2025-05-20T07:58:56.183+0000] {dag.py:3823} INFO - Setting next_dagrun for example_task_group_decorator to 2025-05-19 00:00:00+00:00, run_after=2025-05-20 00:00:00+00:00
[2025-05-20T07:58:56.224+0000] {processor.py:183} INFO - Processing /home/airflow/.local/lib/python3.8/site-packages/airflow/example_dags/example_task_group_decorator.py took 0.367 seconds
[2025-05-20T07:59:27.538+0000] {processor.py:161} INFO - Started process (PID=1840) to work on /home/airflow/.local/lib/python3.8/site-packages/airflow/example_dags/example_task_group_decorator.py
[2025-05-20T07:59:27.540+0000] {processor.py:830} INFO - Processing file /home/airflow/.local/lib/python3.8/site-packages/airflow/example_dags/example_task_group_decorator.py for tasks to queue
[2025-05-20T07:59:27.545+0000] {logging_mixin.py:188} INFO - [2025-05-20T07:59:27.545+0000] {dagbag.py:538} INFO - Filling up the DagBag from /home/airflow/.local/lib/python3.8/site-packages/airflow/example_dags/example_task_group_decorator.py
[2025-05-20T07:59:27.594+0000] {processor.py:840} INFO - DAG(s) 'example_task_group_decorator' retrieved from /home/airflow/.local/lib/python3.8/site-packages/airflow/example_dags/example_task_group_decorator.py
[2025-05-20T07:59:27.662+0000] {logging_mixin.py:188} INFO - [2025-05-20T07:59:27.661+0000] {dag.py:3036} INFO - Sync 1 DAGs
[2025-05-20T07:59:27.745+0000] {logging_mixin.py:188} INFO - [2025-05-20T07:59:27.745+0000] {dag.py:3823} INFO - Setting next_dagrun for example_task_group_decorator to 2025-05-19 00:00:00+00:00, run_after=2025-05-20 00:00:00+00:00
[2025-05-20T07:59:27.797+0000] {processor.py:183} INFO - Processing /home/airflow/.local/lib/python3.8/site-packages/airflow/example_dags/example_task_group_decorator.py took 0.267 seconds
[2025-05-20T07:59:59.403+0000] {processor.py:161} INFO - Started process (PID=1905) to work on /home/airflow/.local/lib/python3.8/site-packages/airflow/example_dags/example_task_group_decorator.py
[2025-05-20T07:59:59.405+0000] {processor.py:830} INFO - Processing file /home/airflow/.local/lib/python3.8/site-packages/airflow/example_dags/example_task_group_decorator.py for tasks to queue
[2025-05-20T07:59:59.409+0000] {logging_mixin.py:188} INFO - [2025-05-20T07:59:59.408+0000] {dagbag.py:538} INFO - Filling up the DagBag from /home/airflow/.local/lib/python3.8/site-packages/airflow/example_dags/example_task_group_decorator.py
[2025-05-20T07:59:59.444+0000] {processor.py:840} INFO - DAG(s) 'example_task_group_decorator' retrieved from /home/airflow/.local/lib/python3.8/site-packages/airflow/example_dags/example_task_group_decorator.py
[2025-05-20T07:59:59.494+0000] {logging_mixin.py:188} INFO - [2025-05-20T07:59:59.494+0000] {dag.py:3036} INFO - Sync 1 DAGs
[2025-05-20T07:59:59.534+0000] {logging_mixin.py:188} INFO - [2025-05-20T07:59:59.534+0000] {dag.py:3823} INFO - Setting next_dagrun for example_task_group_decorator to 2025-05-19 00:00:00+00:00, run_after=2025-05-20 00:00:00+00:00
[2025-05-20T07:59:59.579+0000] {processor.py:183} INFO - Processing /home/airflow/.local/lib/python3.8/site-packages/airflow/example_dags/example_task_group_decorator.py took 0.181 seconds
[2025-05-20T08:00:31.958+0000] {processor.py:161} INFO - Started process (PID=1970) to work on /home/airflow/.local/lib/python3.8/site-packages/airflow/example_dags/example_task_group_decorator.py
[2025-05-20T08:00:31.960+0000] {processor.py:830} INFO - Processing file /home/airflow/.local/lib/python3.8/site-packages/airflow/example_dags/example_task_group_decorator.py for tasks to queue
[2025-05-20T08:00:31.964+0000] {logging_mixin.py:188} INFO - [2025-05-20T08:00:31.964+0000] {dagbag.py:538} INFO - Filling up the DagBag from /home/airflow/.local/lib/python3.8/site-packages/airflow/example_dags/example_task_group_decorator.py
[2025-05-20T08:00:32.003+0000] {processor.py:840} INFO - DAG(s) 'example_task_group_decorator' retrieved from /home/airflow/.local/lib/python3.8/site-packages/airflow/example_dags/example_task_group_decorator.py
[2025-05-20T08:00:32.134+0000] {logging_mixin.py:188} INFO - [2025-05-20T08:00:32.133+0000] {dag.py:3036} INFO - Sync 1 DAGs
[2025-05-20T08:00:32.223+0000] {logging_mixin.py:188} INFO - [2025-05-20T08:00:32.222+0000] {dag.py:3823} INFO - Setting next_dagrun for example_task_group_decorator to 2025-05-19 00:00:00+00:00, run_after=2025-05-20 00:00:00+00:00
[2025-05-20T08:00:32.269+0000] {processor.py:183} INFO - Processing /home/airflow/.local/lib/python3.8/site-packages/airflow/example_dags/example_task_group_decorator.py took 0.318 seconds
[2025-05-20T08:01:03.115+0000] {processor.py:161} INFO - Started process (PID=2035) to work on /home/airflow/.local/lib/python3.8/site-packages/airflow/example_dags/example_task_group_decorator.py
[2025-05-20T08:01:03.117+0000] {processor.py:830} INFO - Processing file /home/airflow/.local/lib/python3.8/site-packages/airflow/example_dags/example_task_group_decorator.py for tasks to queue
[2025-05-20T08:01:03.121+0000] {logging_mixin.py:188} INFO - [2025-05-20T08:01:03.120+0000] {dagbag.py:538} INFO - Filling up the DagBag from /home/airflow/.local/lib/python3.8/site-packages/airflow/example_dags/example_task_group_decorator.py
[2025-05-20T08:01:03.377+0000] {processor.py:840} INFO - DAG(s) 'example_task_group_decorator' retrieved from /home/airflow/.local/lib/python3.8/site-packages/airflow/example_dags/example_task_group_decorator.py
[2025-05-20T08:01:03.413+0000] {logging_mixin.py:188} INFO - [2025-05-20T08:01:03.412+0000] {dag.py:3036} INFO - Sync 1 DAGs
[2025-05-20T08:01:03.446+0000] {logging_mixin.py:188} INFO - [2025-05-20T08:01:03.446+0000] {dag.py:3823} INFO - Setting next_dagrun for example_task_group_decorator to 2025-05-19 00:00:00+00:00, run_after=2025-05-20 00:00:00+00:00
[2025-05-20T08:01:03.488+0000] {processor.py:183} INFO - Processing /home/airflow/.local/lib/python3.8/site-packages/airflow/example_dags/example_task_group_decorator.py took 0.379 seconds
[2025-05-20T08:01:33.577+0000] {processor.py:161} INFO - Started process (PID=2100) to work on /home/airflow/.local/lib/python3.8/site-packages/airflow/example_dags/example_task_group_decorator.py
[2025-05-20T08:01:33.579+0000] {processor.py:830} INFO - Processing file /home/airflow/.local/lib/python3.8/site-packages/airflow/example_dags/example_task_group_decorator.py for tasks to queue
[2025-05-20T08:01:33.582+0000] {logging_mixin.py:188} INFO - [2025-05-20T08:01:33.582+0000] {dagbag.py:538} INFO - Filling up the DagBag from /home/airflow/.local/lib/python3.8/site-packages/airflow/example_dags/example_task_group_decorator.py
[2025-05-20T08:01:33.619+0000] {processor.py:840} INFO - DAG(s) 'example_task_group_decorator' retrieved from /home/airflow/.local/lib/python3.8/site-packages/airflow/example_dags/example_task_group_decorator.py
[2025-05-20T08:01:33.670+0000] {logging_mixin.py:188} INFO - [2025-05-20T08:01:33.670+0000] {dag.py:3036} INFO - Sync 1 DAGs
[2025-05-20T08:01:33.713+0000] {logging_mixin.py:188} INFO - [2025-05-20T08:01:33.713+0000] {dag.py:3823} INFO - Setting next_dagrun for example_task_group_decorator to 2025-05-19 00:00:00+00:00, run_after=2025-05-20 00:00:00+00:00
[2025-05-20T08:01:33.759+0000] {processor.py:183} INFO - Processing /home/airflow/.local/lib/python3.8/site-packages/airflow/example_dags/example_task_group_decorator.py took 0.188 seconds
[2025-05-20T08:02:03.943+0000] {processor.py:161} INFO - Started process (PID=2165) to work on /home/airflow/.local/lib/python3.8/site-packages/airflow/example_dags/example_task_group_decorator.py
[2025-05-20T08:02:03.945+0000] {processor.py:830} INFO - Processing file /home/airflow/.local/lib/python3.8/site-packages/airflow/example_dags/example_task_group_decorator.py for tasks to queue
[2025-05-20T08:02:03.949+0000] {logging_mixin.py:188} INFO - [2025-05-20T08:02:03.948+0000] {dagbag.py:538} INFO - Filling up the DagBag from /home/airflow/.local/lib/python3.8/site-packages/airflow/example_dags/example_task_group_decorator.py
[2025-05-20T08:02:03.993+0000] {processor.py:840} INFO - DAG(s) 'example_task_group_decorator' retrieved from /home/airflow/.local/lib/python3.8/site-packages/airflow/example_dags/example_task_group_decorator.py
[2025-05-20T08:02:04.061+0000] {logging_mixin.py:188} INFO - [2025-05-20T08:02:04.060+0000] {dag.py:3036} INFO - Sync 1 DAGs
[2025-05-20T08:02:04.115+0000] {logging_mixin.py:188} INFO - [2025-05-20T08:02:04.115+0000] {dag.py:3823} INFO - Setting next_dagrun for example_task_group_decorator to 2025-05-19 00:00:00+00:00, run_after=2025-05-20 00:00:00+00:00
[2025-05-20T08:02:04.163+0000] {processor.py:183} INFO - Processing /home/airflow/.local/lib/python3.8/site-packages/airflow/example_dags/example_task_group_decorator.py took 0.226 seconds
[2025-05-20T08:02:35.636+0000] {processor.py:161} INFO - Started process (PID=2237) to work on /home/airflow/.local/lib/python3.8/site-packages/airflow/example_dags/example_task_group_decorator.py
[2025-05-20T08:02:35.638+0000] {processor.py:830} INFO - Processing file /home/airflow/.local/lib/python3.8/site-packages/airflow/example_dags/example_task_group_decorator.py for tasks to queue
[2025-05-20T08:02:35.642+0000] {logging_mixin.py:188} INFO - [2025-05-20T08:02:35.641+0000] {dagbag.py:538} INFO - Filling up the DagBag from /home/airflow/.local/lib/python3.8/site-packages/airflow/example_dags/example_task_group_decorator.py
[2025-05-20T08:02:35.681+0000] {processor.py:840} INFO - DAG(s) 'example_task_group_decorator' retrieved from /home/airflow/.local/lib/python3.8/site-packages/airflow/example_dags/example_task_group_decorator.py
[2025-05-20T08:02:35.728+0000] {logging_mixin.py:188} INFO - [2025-05-20T08:02:35.727+0000] {dag.py:3036} INFO - Sync 1 DAGs
[2025-05-20T08:02:35.770+0000] {logging_mixin.py:188} INFO - [2025-05-20T08:02:35.770+0000] {dag.py:3823} INFO - Setting next_dagrun for example_task_group_decorator to 2025-05-19 00:00:00+00:00, run_after=2025-05-20 00:00:00+00:00
[2025-05-20T08:02:35.815+0000] {processor.py:183} INFO - Processing /home/airflow/.local/lib/python3.8/site-packages/airflow/example_dags/example_task_group_decorator.py took 0.184 seconds
[2025-05-20T08:03:06.713+0000] {processor.py:161} INFO - Started process (PID=2302) to work on /home/airflow/.local/lib/python3.8/site-packages/airflow/example_dags/example_task_group_decorator.py
[2025-05-20T08:03:06.716+0000] {processor.py:830} INFO - Processing file /home/airflow/.local/lib/python3.8/site-packages/airflow/example_dags/example_task_group_decorator.py for tasks to queue
[2025-05-20T08:03:06.721+0000] {logging_mixin.py:188} INFO - [2025-05-20T08:03:06.720+0000] {dagbag.py:538} INFO - Filling up the DagBag from /home/airflow/.local/lib/python3.8/site-packages/airflow/example_dags/example_task_group_decorator.py
[2025-05-20T08:03:06.763+0000] {processor.py:840} INFO - DAG(s) 'example_task_group_decorator' retrieved from /home/airflow/.local/lib/python3.8/site-packages/airflow/example_dags/example_task_group_decorator.py
[2025-05-20T08:03:06.814+0000] {logging_mixin.py:188} INFO - [2025-05-20T08:03:06.814+0000] {dag.py:3036} INFO - Sync 1 DAGs
[2025-05-20T08:03:06.861+0000] {logging_mixin.py:188} INFO - [2025-05-20T08:03:06.860+0000] {dag.py:3823} INFO - Setting next_dagrun for example_task_group_decorator to 2025-05-19 00:00:00+00:00, run_after=2025-05-20 00:00:00+00:00
[2025-05-20T08:03:06.905+0000] {processor.py:183} INFO - Processing /home/airflow/.local/lib/python3.8/site-packages/airflow/example_dags/example_task_group_decorator.py took 0.201 seconds
[2025-05-20T08:03:37.803+0000] {processor.py:161} INFO - Started process (PID=2367) to work on /home/airflow/.local/lib/python3.8/site-packages/airflow/example_dags/example_task_group_decorator.py
[2025-05-20T08:03:37.804+0000] {processor.py:830} INFO - Processing file /home/airflow/.local/lib/python3.8/site-packages/airflow/example_dags/example_task_group_decorator.py for tasks to queue
[2025-05-20T08:03:37.807+0000] {logging_mixin.py:188} INFO - [2025-05-20T08:03:37.807+0000] {dagbag.py:538} INFO - Filling up the DagBag from /home/airflow/.local/lib/python3.8/site-packages/airflow/example_dags/example_task_group_decorator.py
[2025-05-20T08:03:37.834+0000] {processor.py:840} INFO - DAG(s) 'example_task_group_decorator' retrieved from /home/airflow/.local/lib/python3.8/site-packages/airflow/example_dags/example_task_group_decorator.py
[2025-05-20T08:03:37.877+0000] {logging_mixin.py:188} INFO - [2025-05-20T08:03:37.877+0000] {dag.py:3036} INFO - Sync 1 DAGs
[2025-05-20T08:03:37.917+0000] {logging_mixin.py:188} INFO - [2025-05-20T08:03:37.917+0000] {dag.py:3823} INFO - Setting next_dagrun for example_task_group_decorator to 2025-05-19 00:00:00+00:00, run_after=2025-05-20 00:00:00+00:00
[2025-05-20T08:03:37.957+0000] {processor.py:183} INFO - Processing /home/airflow/.local/lib/python3.8/site-packages/airflow/example_dags/example_task_group_decorator.py took 0.160 seconds
[2025-05-20T08:04:09.178+0000] {processor.py:161} INFO - Started process (PID=2432) to work on /home/airflow/.local/lib/python3.8/site-packages/airflow/example_dags/example_task_group_decorator.py
[2025-05-20T08:04:09.181+0000] {processor.py:830} INFO - Processing file /home/airflow/.local/lib/python3.8/site-packages/airflow/example_dags/example_task_group_decorator.py for tasks to queue
[2025-05-20T08:04:09.187+0000] {logging_mixin.py:188} INFO - [2025-05-20T08:04:09.185+0000] {dagbag.py:538} INFO - Filling up the DagBag from /home/airflow/.local/lib/python3.8/site-packages/airflow/example_dags/example_task_group_decorator.py
[2025-05-20T08:04:09.233+0000] {processor.py:840} INFO - DAG(s) 'example_task_group_decorator' retrieved from /home/airflow/.local/lib/python3.8/site-packages/airflow/example_dags/example_task_group_decorator.py
[2025-05-20T08:04:09.283+0000] {logging_mixin.py:188} INFO - [2025-05-20T08:04:09.283+0000] {dag.py:3036} INFO - Sync 1 DAGs
[2025-05-20T08:04:09.338+0000] {logging_mixin.py:188} INFO - [2025-05-20T08:04:09.335+0000] {dag.py:3823} INFO - Setting next_dagrun for example_task_group_decorator to 2025-05-19 00:00:00+00:00, run_after=2025-05-20 00:00:00+00:00
[2025-05-20T08:04:09.381+0000] {processor.py:183} INFO - Processing /home/airflow/.local/lib/python3.8/site-packages/airflow/example_dags/example_task_group_decorator.py took 0.210 seconds
