[2025-05-20T07:45:15.147+0000] {processor.py:161} INFO - Started process (PID=66) to work on /home/airflow/.local/lib/python3.8/site-packages/airflow/example_dags/example_branch_operator.py
[2025-05-20T07:45:15.149+0000] {processor.py:830} INFO - Processing file /home/airflow/.local/lib/python3.8/site-packages/airflow/example_dags/example_branch_operator.py for tasks to queue
[2025-05-20T07:45:15.152+0000] {logging_mixin.py:188} INFO - [2025-05-20T07:45:15.151+0000] {dagbag.py:538} INFO - Filling up the DagBag from /home/airflow/.local/lib/python3.8/site-packages/airflow/example_dags/example_branch_operator.py
[2025-05-20T07:45:15.190+0000] {processor.py:840} INFO - DAG(s) 'example_branch_operator' retrieved from /home/airflow/.local/lib/python3.8/site-packages/airflow/example_dags/example_branch_operator.py
[2025-05-20T07:45:15.383+0000] {logging_mixin.py:188} INFO - [2025-05-20T07:45:15.383+0000] {dag.py:3036} INFO - Sync 1 DAGs
[2025-05-20T07:45:15.425+0000] {logging_mixin.py:188} INFO - [2025-05-20T07:45:15.425+0000] {dag.py:3823} INFO - Setting next_dagrun for example_branch_operator to 2025-05-19 00:00:00+00:00, run_after=2025-05-20 00:00:00+00:00
[2025-05-20T07:45:15.461+0000] {processor.py:183} INFO - Processing /home/airflow/.local/lib/python3.8/site-packages/airflow/example_dags/example_branch_operator.py took 0.318 seconds
[2025-05-20T07:45:45.622+0000] {processor.py:161} INFO - Started process (PID=131) to work on /home/airflow/.local/lib/python3.8/site-packages/airflow/example_dags/example_branch_operator.py
[2025-05-20T07:45:45.623+0000] {processor.py:830} INFO - Processing file /home/airflow/.local/lib/python3.8/site-packages/airflow/example_dags/example_branch_operator.py for tasks to queue
[2025-05-20T07:45:45.627+0000] {logging_mixin.py:188} INFO - [2025-05-20T07:45:45.626+0000] {dagbag.py:538} INFO - Filling up the DagBag from /home/airflow/.local/lib/python3.8/site-packages/airflow/example_dags/example_branch_operator.py
[2025-05-20T07:45:45.660+0000] {processor.py:840} INFO - DAG(s) 'example_branch_operator' retrieved from /home/airflow/.local/lib/python3.8/site-packages/airflow/example_dags/example_branch_operator.py
[2025-05-20T07:45:45.710+0000] {logging_mixin.py:188} INFO - [2025-05-20T07:45:45.710+0000] {dag.py:3036} INFO - Sync 1 DAGs
[2025-05-20T07:45:45.757+0000] {logging_mixin.py:188} INFO - [2025-05-20T07:45:45.756+0000] {dag.py:3823} INFO - Setting next_dagrun for example_branch_operator to 2025-05-19 00:00:00+00:00, run_after=2025-05-20 00:00:00+00:00
[2025-05-20T07:45:45.798+0000] {processor.py:183} INFO - Processing /home/airflow/.local/lib/python3.8/site-packages/airflow/example_dags/example_branch_operator.py took 0.181 seconds
[2025-05-20T07:46:16.797+0000] {processor.py:161} INFO - Started process (PID=196) to work on /home/airflow/.local/lib/python3.8/site-packages/airflow/example_dags/example_branch_operator.py
[2025-05-20T07:46:16.799+0000] {processor.py:830} INFO - Processing file /home/airflow/.local/lib/python3.8/site-packages/airflow/example_dags/example_branch_operator.py for tasks to queue
[2025-05-20T07:46:16.804+0000] {logging_mixin.py:188} INFO - [2025-05-20T07:46:16.803+0000] {dagbag.py:538} INFO - Filling up the DagBag from /home/airflow/.local/lib/python3.8/site-packages/airflow/example_dags/example_branch_operator.py
[2025-05-20T07:46:16.844+0000] {processor.py:840} INFO - DAG(s) 'example_branch_operator' retrieved from /home/airflow/.local/lib/python3.8/site-packages/airflow/example_dags/example_branch_operator.py
[2025-05-20T07:46:16.909+0000] {logging_mixin.py:188} INFO - [2025-05-20T07:46:16.908+0000] {dag.py:3036} INFO - Sync 1 DAGs
[2025-05-20T07:46:16.962+0000] {logging_mixin.py:188} INFO - [2025-05-20T07:46:16.962+0000] {dag.py:3823} INFO - Setting next_dagrun for example_branch_operator to 2025-05-19 00:00:00+00:00, run_after=2025-05-20 00:00:00+00:00
[2025-05-20T07:46:17.009+0000] {processor.py:183} INFO - Processing /home/airflow/.local/lib/python3.8/site-packages/airflow/example_dags/example_branch_operator.py took 0.220 seconds
[2025-05-20T07:46:48.832+0000] {processor.py:161} INFO - Started process (PID=261) to work on /home/airflow/.local/lib/python3.8/site-packages/airflow/example_dags/example_branch_operator.py
[2025-05-20T07:46:48.835+0000] {processor.py:830} INFO - Processing file /home/airflow/.local/lib/python3.8/site-packages/airflow/example_dags/example_branch_operator.py for tasks to queue
[2025-05-20T07:46:48.839+0000] {logging_mixin.py:188} INFO - [2025-05-20T07:46:48.839+0000] {dagbag.py:538} INFO - Filling up the DagBag from /home/airflow/.local/lib/python3.8/site-packages/airflow/example_dags/example_branch_operator.py
[2025-05-20T07:46:48.891+0000] {processor.py:840} INFO - DAG(s) 'example_branch_operator' retrieved from /home/airflow/.local/lib/python3.8/site-packages/airflow/example_dags/example_branch_operator.py
[2025-05-20T07:46:48.938+0000] {logging_mixin.py:188} INFO - [2025-05-20T07:46:48.938+0000] {dag.py:3036} INFO - Sync 1 DAGs
[2025-05-20T07:46:48.977+0000] {logging_mixin.py:188} INFO - [2025-05-20T07:46:48.977+0000] {dag.py:3823} INFO - Setting next_dagrun for example_branch_operator to 2025-05-19 00:00:00+00:00, run_after=2025-05-20 00:00:00+00:00
[2025-05-20T07:46:49.028+0000] {processor.py:183} INFO - Processing /home/airflow/.local/lib/python3.8/site-packages/airflow/example_dags/example_branch_operator.py took 0.203 seconds
[2025-05-20T07:47:21.074+0000] {processor.py:161} INFO - Started process (PID=326) to work on /home/airflow/.local/lib/python3.8/site-packages/airflow/example_dags/example_branch_operator.py
[2025-05-20T07:47:21.076+0000] {processor.py:830} INFO - Processing file /home/airflow/.local/lib/python3.8/site-packages/airflow/example_dags/example_branch_operator.py for tasks to queue
[2025-05-20T07:47:21.080+0000] {logging_mixin.py:188} INFO - [2025-05-20T07:47:21.079+0000] {dagbag.py:538} INFO - Filling up the DagBag from /home/airflow/.local/lib/python3.8/site-packages/airflow/example_dags/example_branch_operator.py
[2025-05-20T07:47:21.137+0000] {processor.py:840} INFO - DAG(s) 'example_branch_operator' retrieved from /home/airflow/.local/lib/python3.8/site-packages/airflow/example_dags/example_branch_operator.py
[2025-05-20T07:47:21.217+0000] {logging_mixin.py:188} INFO - [2025-05-20T07:47:21.216+0000] {dag.py:3036} INFO - Sync 1 DAGs
[2025-05-20T07:47:21.270+0000] {logging_mixin.py:188} INFO - [2025-05-20T07:47:21.270+0000] {dag.py:3823} INFO - Setting next_dagrun for example_branch_operator to 2025-05-19 00:00:00+00:00, run_after=2025-05-20 00:00:00+00:00
[2025-05-20T07:47:21.322+0000] {processor.py:183} INFO - Processing /home/airflow/.local/lib/python3.8/site-packages/airflow/example_dags/example_branch_operator.py took 0.254 seconds
[2025-05-20T07:47:52.409+0000] {processor.py:161} INFO - Started process (PID=391) to work on /home/airflow/.local/lib/python3.8/site-packages/airflow/example_dags/example_branch_operator.py
[2025-05-20T07:47:52.411+0000] {processor.py:830} INFO - Processing file /home/airflow/.local/lib/python3.8/site-packages/airflow/example_dags/example_branch_operator.py for tasks to queue
[2025-05-20T07:47:52.415+0000] {logging_mixin.py:188} INFO - [2025-05-20T07:47:52.414+0000] {dagbag.py:538} INFO - Filling up the DagBag from /home/airflow/.local/lib/python3.8/site-packages/airflow/example_dags/example_branch_operator.py
[2025-05-20T07:47:52.446+0000] {processor.py:840} INFO - DAG(s) 'example_branch_operator' retrieved from /home/airflow/.local/lib/python3.8/site-packages/airflow/example_dags/example_branch_operator.py
[2025-05-20T07:47:52.491+0000] {logging_mixin.py:188} INFO - [2025-05-20T07:47:52.491+0000] {dag.py:3036} INFO - Sync 1 DAGs
[2025-05-20T07:47:52.531+0000] {logging_mixin.py:188} INFO - [2025-05-20T07:47:52.530+0000] {dag.py:3823} INFO - Setting next_dagrun for example_branch_operator to 2025-05-19 00:00:00+00:00, run_after=2025-05-20 00:00:00+00:00
[2025-05-20T07:47:52.578+0000] {processor.py:183} INFO - Processing /home/airflow/.local/lib/python3.8/site-packages/airflow/example_dags/example_branch_operator.py took 0.175 seconds
[2025-05-20T07:48:24.486+0000] {processor.py:161} INFO - Started process (PID=456) to work on /home/airflow/.local/lib/python3.8/site-packages/airflow/example_dags/example_branch_operator.py
[2025-05-20T07:48:24.489+0000] {processor.py:830} INFO - Processing file /home/airflow/.local/lib/python3.8/site-packages/airflow/example_dags/example_branch_operator.py for tasks to queue
[2025-05-20T07:48:24.493+0000] {logging_mixin.py:188} INFO - [2025-05-20T07:48:24.492+0000] {dagbag.py:538} INFO - Filling up the DagBag from /home/airflow/.local/lib/python3.8/site-packages/airflow/example_dags/example_branch_operator.py
[2025-05-20T07:48:24.549+0000] {processor.py:840} INFO - DAG(s) 'example_branch_operator' retrieved from /home/airflow/.local/lib/python3.8/site-packages/airflow/example_dags/example_branch_operator.py
[2025-05-20T07:48:24.625+0000] {logging_mixin.py:188} INFO - [2025-05-20T07:48:24.617+0000] {dag.py:3036} INFO - Sync 1 DAGs
[2025-05-20T07:48:24.700+0000] {logging_mixin.py:188} INFO - [2025-05-20T07:48:24.699+0000] {dag.py:3823} INFO - Setting next_dagrun for example_branch_operator to 2025-05-19 00:00:00+00:00, run_after=2025-05-20 00:00:00+00:00
[2025-05-20T07:48:24.744+0000] {processor.py:183} INFO - Processing /home/airflow/.local/lib/python3.8/site-packages/airflow/example_dags/example_branch_operator.py took 0.270 seconds
[2025-05-20T07:48:55.013+0000] {processor.py:161} INFO - Started process (PID=521) to work on /home/airflow/.local/lib/python3.8/site-packages/airflow/example_dags/example_branch_operator.py
[2025-05-20T07:48:55.015+0000] {processor.py:830} INFO - Processing file /home/airflow/.local/lib/python3.8/site-packages/airflow/example_dags/example_branch_operator.py for tasks to queue
[2025-05-20T07:48:55.018+0000] {logging_mixin.py:188} INFO - [2025-05-20T07:48:55.018+0000] {dagbag.py:538} INFO - Filling up the DagBag from /home/airflow/.local/lib/python3.8/site-packages/airflow/example_dags/example_branch_operator.py
[2025-05-20T07:48:55.053+0000] {processor.py:840} INFO - DAG(s) 'example_branch_operator' retrieved from /home/airflow/.local/lib/python3.8/site-packages/airflow/example_dags/example_branch_operator.py
[2025-05-20T07:48:55.122+0000] {logging_mixin.py:188} INFO - [2025-05-20T07:48:55.122+0000] {dag.py:3036} INFO - Sync 1 DAGs
[2025-05-20T07:48:55.169+0000] {logging_mixin.py:188} INFO - [2025-05-20T07:48:55.169+0000] {dag.py:3823} INFO - Setting next_dagrun for example_branch_operator to 2025-05-19 00:00:00+00:00, run_after=2025-05-20 00:00:00+00:00
[2025-05-20T07:48:55.209+0000] {processor.py:183} INFO - Processing /home/airflow/.local/lib/python3.8/site-packages/airflow/example_dags/example_branch_operator.py took 0.203 seconds
[2025-05-20T07:49:25.764+0000] {processor.py:161} INFO - Started process (PID=586) to work on /home/airflow/.local/lib/python3.8/site-packages/airflow/example_dags/example_branch_operator.py
[2025-05-20T07:49:25.767+0000] {processor.py:830} INFO - Processing file /home/airflow/.local/lib/python3.8/site-packages/airflow/example_dags/example_branch_operator.py for tasks to queue
[2025-05-20T07:49:25.773+0000] {logging_mixin.py:188} INFO - [2025-05-20T07:49:25.772+0000] {dagbag.py:538} INFO - Filling up the DagBag from /home/airflow/.local/lib/python3.8/site-packages/airflow/example_dags/example_branch_operator.py
[2025-05-20T07:49:25.824+0000] {processor.py:840} INFO - DAG(s) 'example_branch_operator' retrieved from /home/airflow/.local/lib/python3.8/site-packages/airflow/example_dags/example_branch_operator.py
[2025-05-20T07:49:25.904+0000] {logging_mixin.py:188} INFO - [2025-05-20T07:49:25.903+0000] {dag.py:3036} INFO - Sync 1 DAGs
[2025-05-20T07:49:25.976+0000] {logging_mixin.py:188} INFO - [2025-05-20T07:49:25.975+0000] {dag.py:3823} INFO - Setting next_dagrun for example_branch_operator to 2025-05-19 00:00:00+00:00, run_after=2025-05-20 00:00:00+00:00
[2025-05-20T07:49:26.031+0000] {processor.py:183} INFO - Processing /home/airflow/.local/lib/python3.8/site-packages/airflow/example_dags/example_branch_operator.py took 0.275 seconds
[2025-05-20T07:49:57.209+0000] {processor.py:161} INFO - Started process (PID=651) to work on /home/airflow/.local/lib/python3.8/site-packages/airflow/example_dags/example_branch_operator.py
[2025-05-20T07:49:57.213+0000] {processor.py:830} INFO - Processing file /home/airflow/.local/lib/python3.8/site-packages/airflow/example_dags/example_branch_operator.py for tasks to queue
[2025-05-20T07:49:57.219+0000] {logging_mixin.py:188} INFO - [2025-05-20T07:49:57.218+0000] {dagbag.py:538} INFO - Filling up the DagBag from /home/airflow/.local/lib/python3.8/site-packages/airflow/example_dags/example_branch_operator.py
[2025-05-20T07:49:57.292+0000] {processor.py:840} INFO - DAG(s) 'example_branch_operator' retrieved from /home/airflow/.local/lib/python3.8/site-packages/airflow/example_dags/example_branch_operator.py
[2025-05-20T07:49:57.399+0000] {logging_mixin.py:188} INFO - [2025-05-20T07:49:57.398+0000] {dag.py:3036} INFO - Sync 1 DAGs
[2025-05-20T07:49:57.487+0000] {logging_mixin.py:188} INFO - [2025-05-20T07:49:57.486+0000] {dag.py:3823} INFO - Setting next_dagrun for example_branch_operator to 2025-05-19 00:00:00+00:00, run_after=2025-05-20 00:00:00+00:00
[2025-05-20T07:49:57.547+0000] {processor.py:183} INFO - Processing /home/airflow/.local/lib/python3.8/site-packages/airflow/example_dags/example_branch_operator.py took 0.347 seconds
[2025-05-20T07:50:28.903+0000] {processor.py:161} INFO - Started process (PID=716) to work on /home/airflow/.local/lib/python3.8/site-packages/airflow/example_dags/example_branch_operator.py
[2025-05-20T07:50:28.905+0000] {processor.py:830} INFO - Processing file /home/airflow/.local/lib/python3.8/site-packages/airflow/example_dags/example_branch_operator.py for tasks to queue
[2025-05-20T07:50:28.908+0000] {logging_mixin.py:188} INFO - [2025-05-20T07:50:28.908+0000] {dagbag.py:538} INFO - Filling up the DagBag from /home/airflow/.local/lib/python3.8/site-packages/airflow/example_dags/example_branch_operator.py
[2025-05-20T07:50:28.946+0000] {processor.py:840} INFO - DAG(s) 'example_branch_operator' retrieved from /home/airflow/.local/lib/python3.8/site-packages/airflow/example_dags/example_branch_operator.py
[2025-05-20T07:50:28.997+0000] {logging_mixin.py:188} INFO - [2025-05-20T07:50:28.996+0000] {dag.py:3036} INFO - Sync 1 DAGs
[2025-05-20T07:50:29.038+0000] {logging_mixin.py:188} INFO - [2025-05-20T07:50:29.038+0000] {dag.py:3823} INFO - Setting next_dagrun for example_branch_operator to 2025-05-19 00:00:00+00:00, run_after=2025-05-20 00:00:00+00:00
[2025-05-20T07:50:29.075+0000] {processor.py:183} INFO - Processing /home/airflow/.local/lib/python3.8/site-packages/airflow/example_dags/example_branch_operator.py took 0.177 seconds
[2025-05-20T07:51:00.565+0000] {processor.py:161} INFO - Started process (PID=781) to work on /home/airflow/.local/lib/python3.8/site-packages/airflow/example_dags/example_branch_operator.py
[2025-05-20T07:51:00.567+0000] {processor.py:830} INFO - Processing file /home/airflow/.local/lib/python3.8/site-packages/airflow/example_dags/example_branch_operator.py for tasks to queue
[2025-05-20T07:51:00.570+0000] {logging_mixin.py:188} INFO - [2025-05-20T07:51:00.569+0000] {dagbag.py:538} INFO - Filling up the DagBag from /home/airflow/.local/lib/python3.8/site-packages/airflow/example_dags/example_branch_operator.py
[2025-05-20T07:51:00.609+0000] {processor.py:840} INFO - DAG(s) 'example_branch_operator' retrieved from /home/airflow/.local/lib/python3.8/site-packages/airflow/example_dags/example_branch_operator.py
[2025-05-20T07:51:00.667+0000] {logging_mixin.py:188} INFO - [2025-05-20T07:51:00.667+0000] {dag.py:3036} INFO - Sync 1 DAGs
[2025-05-20T07:51:00.716+0000] {logging_mixin.py:188} INFO - [2025-05-20T07:51:00.715+0000] {dag.py:3823} INFO - Setting next_dagrun for example_branch_operator to 2025-05-19 00:00:00+00:00, run_after=2025-05-20 00:00:00+00:00
[2025-05-20T07:51:00.757+0000] {processor.py:183} INFO - Processing /home/airflow/.local/lib/python3.8/site-packages/airflow/example_dags/example_branch_operator.py took 0.200 seconds
[2025-05-20T07:51:32.527+0000] {processor.py:161} INFO - Started process (PID=846) to work on /home/airflow/.local/lib/python3.8/site-packages/airflow/example_dags/example_branch_operator.py
[2025-05-20T07:51:32.529+0000] {processor.py:830} INFO - Processing file /home/airflow/.local/lib/python3.8/site-packages/airflow/example_dags/example_branch_operator.py for tasks to queue
[2025-05-20T07:51:32.533+0000] {logging_mixin.py:188} INFO - [2025-05-20T07:51:32.533+0000] {dagbag.py:538} INFO - Filling up the DagBag from /home/airflow/.local/lib/python3.8/site-packages/airflow/example_dags/example_branch_operator.py
[2025-05-20T07:51:32.576+0000] {processor.py:840} INFO - DAG(s) 'example_branch_operator' retrieved from /home/airflow/.local/lib/python3.8/site-packages/airflow/example_dags/example_branch_operator.py
[2025-05-20T07:51:32.642+0000] {logging_mixin.py:188} INFO - [2025-05-20T07:51:32.642+0000] {dag.py:3036} INFO - Sync 1 DAGs
[2025-05-20T07:51:32.735+0000] {logging_mixin.py:188} INFO - [2025-05-20T07:51:32.734+0000] {dag.py:3823} INFO - Setting next_dagrun for example_branch_operator to 2025-05-19 00:00:00+00:00, run_after=2025-05-20 00:00:00+00:00
[2025-05-20T07:51:32.810+0000] {processor.py:183} INFO - Processing /home/airflow/.local/lib/python3.8/site-packages/airflow/example_dags/example_branch_operator.py took 0.289 seconds
[2025-05-20T07:52:03.857+0000] {processor.py:161} INFO - Started process (PID=917) to work on /home/airflow/.local/lib/python3.8/site-packages/airflow/example_dags/example_branch_operator.py
[2025-05-20T07:52:03.859+0000] {processor.py:830} INFO - Processing file /home/airflow/.local/lib/python3.8/site-packages/airflow/example_dags/example_branch_operator.py for tasks to queue
[2025-05-20T07:52:03.864+0000] {logging_mixin.py:188} INFO - [2025-05-20T07:52:03.863+0000] {dagbag.py:538} INFO - Filling up the DagBag from /home/airflow/.local/lib/python3.8/site-packages/airflow/example_dags/example_branch_operator.py
[2025-05-20T07:52:03.942+0000] {processor.py:840} INFO - DAG(s) 'example_branch_operator' retrieved from /home/airflow/.local/lib/python3.8/site-packages/airflow/example_dags/example_branch_operator.py
[2025-05-20T07:52:04.015+0000] {logging_mixin.py:188} INFO - [2025-05-20T07:52:04.014+0000] {dag.py:3036} INFO - Sync 1 DAGs
[2025-05-20T07:52:04.056+0000] {logging_mixin.py:188} INFO - [2025-05-20T07:52:04.056+0000] {dag.py:3823} INFO - Setting next_dagrun for example_branch_operator to 2025-05-19 00:00:00+00:00, run_after=2025-05-20 00:00:00+00:00
[2025-05-20T07:52:04.087+0000] {processor.py:183} INFO - Processing /home/airflow/.local/lib/python3.8/site-packages/airflow/example_dags/example_branch_operator.py took 0.235 seconds
[2025-05-20T07:52:35.263+0000] {processor.py:161} INFO - Started process (PID=982) to work on /home/airflow/.local/lib/python3.8/site-packages/airflow/example_dags/example_branch_operator.py
[2025-05-20T07:52:35.264+0000] {processor.py:830} INFO - Processing file /home/airflow/.local/lib/python3.8/site-packages/airflow/example_dags/example_branch_operator.py for tasks to queue
[2025-05-20T07:52:35.267+0000] {logging_mixin.py:188} INFO - [2025-05-20T07:52:35.267+0000] {dagbag.py:538} INFO - Filling up the DagBag from /home/airflow/.local/lib/python3.8/site-packages/airflow/example_dags/example_branch_operator.py
[2025-05-20T07:52:35.300+0000] {processor.py:840} INFO - DAG(s) 'example_branch_operator' retrieved from /home/airflow/.local/lib/python3.8/site-packages/airflow/example_dags/example_branch_operator.py
[2025-05-20T07:52:35.357+0000] {logging_mixin.py:188} INFO - [2025-05-20T07:52:35.356+0000] {dag.py:3036} INFO - Sync 1 DAGs
[2025-05-20T07:52:35.466+0000] {logging_mixin.py:188} INFO - [2025-05-20T07:52:35.465+0000] {dag.py:3823} INFO - Setting next_dagrun for example_branch_operator to 2025-05-19 00:00:00+00:00, run_after=2025-05-20 00:00:00+00:00
[2025-05-20T07:52:35.554+0000] {processor.py:183} INFO - Processing /home/airflow/.local/lib/python3.8/site-packages/airflow/example_dags/example_branch_operator.py took 0.296 seconds
[2025-05-20T07:53:06.418+0000] {processor.py:161} INFO - Started process (PID=1047) to work on /home/airflow/.local/lib/python3.8/site-packages/airflow/example_dags/example_branch_operator.py
[2025-05-20T07:53:06.419+0000] {processor.py:830} INFO - Processing file /home/airflow/.local/lib/python3.8/site-packages/airflow/example_dags/example_branch_operator.py for tasks to queue
[2025-05-20T07:53:06.423+0000] {logging_mixin.py:188} INFO - [2025-05-20T07:53:06.422+0000] {dagbag.py:538} INFO - Filling up the DagBag from /home/airflow/.local/lib/python3.8/site-packages/airflow/example_dags/example_branch_operator.py
[2025-05-20T07:53:06.485+0000] {processor.py:840} INFO - DAG(s) 'example_branch_operator' retrieved from /home/airflow/.local/lib/python3.8/site-packages/airflow/example_dags/example_branch_operator.py
[2025-05-20T07:53:06.551+0000] {logging_mixin.py:188} INFO - [2025-05-20T07:53:06.551+0000] {dag.py:3036} INFO - Sync 1 DAGs
[2025-05-20T07:53:06.603+0000] {logging_mixin.py:188} INFO - [2025-05-20T07:53:06.602+0000] {dag.py:3823} INFO - Setting next_dagrun for example_branch_operator to 2025-05-19 00:00:00+00:00, run_after=2025-05-20 00:00:00+00:00
[2025-05-20T07:53:06.639+0000] {processor.py:183} INFO - Processing /home/airflow/.local/lib/python3.8/site-packages/airflow/example_dags/example_branch_operator.py took 0.227 seconds
[2025-05-20T07:53:39.089+0000] {processor.py:161} INFO - Started process (PID=1112) to work on /home/airflow/.local/lib/python3.8/site-packages/airflow/example_dags/example_branch_operator.py
[2025-05-20T07:53:39.091+0000] {processor.py:830} INFO - Processing file /home/airflow/.local/lib/python3.8/site-packages/airflow/example_dags/example_branch_operator.py for tasks to queue
[2025-05-20T07:53:39.096+0000] {logging_mixin.py:188} INFO - [2025-05-20T07:53:39.095+0000] {dagbag.py:538} INFO - Filling up the DagBag from /home/airflow/.local/lib/python3.8/site-packages/airflow/example_dags/example_branch_operator.py
[2025-05-20T07:53:39.136+0000] {processor.py:840} INFO - DAG(s) 'example_branch_operator' retrieved from /home/airflow/.local/lib/python3.8/site-packages/airflow/example_dags/example_branch_operator.py
[2025-05-20T07:53:39.188+0000] {logging_mixin.py:188} INFO - [2025-05-20T07:53:39.187+0000] {dag.py:3036} INFO - Sync 1 DAGs
[2025-05-20T07:53:39.253+0000] {logging_mixin.py:188} INFO - [2025-05-20T07:53:39.253+0000] {dag.py:3823} INFO - Setting next_dagrun for example_branch_operator to 2025-05-19 00:00:00+00:00, run_after=2025-05-20 00:00:00+00:00
[2025-05-20T07:53:39.307+0000] {processor.py:183} INFO - Processing /home/airflow/.local/lib/python3.8/site-packages/airflow/example_dags/example_branch_operator.py took 0.228 seconds
[2025-05-20T07:54:11.319+0000] {processor.py:161} INFO - Started process (PID=1177) to work on /home/airflow/.local/lib/python3.8/site-packages/airflow/example_dags/example_branch_operator.py
[2025-05-20T07:54:11.323+0000] {processor.py:830} INFO - Processing file /home/airflow/.local/lib/python3.8/site-packages/airflow/example_dags/example_branch_operator.py for tasks to queue
[2025-05-20T07:54:11.328+0000] {logging_mixin.py:188} INFO - [2025-05-20T07:54:11.327+0000] {dagbag.py:538} INFO - Filling up the DagBag from /home/airflow/.local/lib/python3.8/site-packages/airflow/example_dags/example_branch_operator.py
[2025-05-20T07:54:11.373+0000] {processor.py:840} INFO - DAG(s) 'example_branch_operator' retrieved from /home/airflow/.local/lib/python3.8/site-packages/airflow/example_dags/example_branch_operator.py
[2025-05-20T07:54:11.438+0000] {logging_mixin.py:188} INFO - [2025-05-20T07:54:11.438+0000] {dag.py:3036} INFO - Sync 1 DAGs
[2025-05-20T07:54:11.521+0000] {logging_mixin.py:188} INFO - [2025-05-20T07:54:11.521+0000] {dag.py:3823} INFO - Setting next_dagrun for example_branch_operator to 2025-05-19 00:00:00+00:00, run_after=2025-05-20 00:00:00+00:00
[2025-05-20T07:54:11.578+0000] {processor.py:183} INFO - Processing /home/airflow/.local/lib/python3.8/site-packages/airflow/example_dags/example_branch_operator.py took 0.264 seconds
[2025-05-20T07:54:42.625+0000] {processor.py:161} INFO - Started process (PID=1242) to work on /home/airflow/.local/lib/python3.8/site-packages/airflow/example_dags/example_branch_operator.py
[2025-05-20T07:54:42.627+0000] {processor.py:830} INFO - Processing file /home/airflow/.local/lib/python3.8/site-packages/airflow/example_dags/example_branch_operator.py for tasks to queue
[2025-05-20T07:54:42.630+0000] {logging_mixin.py:188} INFO - [2025-05-20T07:54:42.630+0000] {dagbag.py:538} INFO - Filling up the DagBag from /home/airflow/.local/lib/python3.8/site-packages/airflow/example_dags/example_branch_operator.py
[2025-05-20T07:54:42.664+0000] {processor.py:840} INFO - DAG(s) 'example_branch_operator' retrieved from /home/airflow/.local/lib/python3.8/site-packages/airflow/example_dags/example_branch_operator.py
[2025-05-20T07:54:42.718+0000] {logging_mixin.py:188} INFO - [2025-05-20T07:54:42.718+0000] {dag.py:3036} INFO - Sync 1 DAGs
[2025-05-20T07:54:42.785+0000] {logging_mixin.py:188} INFO - [2025-05-20T07:54:42.785+0000] {dag.py:3823} INFO - Setting next_dagrun for example_branch_operator to 2025-05-19 00:00:00+00:00, run_after=2025-05-20 00:00:00+00:00
[2025-05-20T07:54:42.848+0000] {processor.py:183} INFO - Processing /home/airflow/.local/lib/python3.8/site-packages/airflow/example_dags/example_branch_operator.py took 0.227 seconds
[2025-05-20T07:55:13.882+0000] {processor.py:161} INFO - Started process (PID=1307) to work on /home/airflow/.local/lib/python3.8/site-packages/airflow/example_dags/example_branch_operator.py
[2025-05-20T07:55:13.884+0000] {processor.py:830} INFO - Processing file /home/airflow/.local/lib/python3.8/site-packages/airflow/example_dags/example_branch_operator.py for tasks to queue
[2025-05-20T07:55:13.890+0000] {logging_mixin.py:188} INFO - [2025-05-20T07:55:13.890+0000] {dagbag.py:538} INFO - Filling up the DagBag from /home/airflow/.local/lib/python3.8/site-packages/airflow/example_dags/example_branch_operator.py
[2025-05-20T07:55:13.932+0000] {processor.py:840} INFO - DAG(s) 'example_branch_operator' retrieved from /home/airflow/.local/lib/python3.8/site-packages/airflow/example_dags/example_branch_operator.py
[2025-05-20T07:55:13.983+0000] {logging_mixin.py:188} INFO - [2025-05-20T07:55:13.983+0000] {dag.py:3036} INFO - Sync 1 DAGs
[2025-05-20T07:55:14.054+0000] {logging_mixin.py:188} INFO - [2025-05-20T07:55:14.054+0000] {dag.py:3823} INFO - Setting next_dagrun for example_branch_operator to 2025-05-19 00:00:00+00:00, run_after=2025-05-20 00:00:00+00:00
[2025-05-20T07:55:14.102+0000] {processor.py:183} INFO - Processing /home/airflow/.local/lib/python3.8/site-packages/airflow/example_dags/example_branch_operator.py took 0.226 seconds
[2025-05-20T07:55:44.553+0000] {processor.py:161} INFO - Started process (PID=1372) to work on /home/airflow/.local/lib/python3.8/site-packages/airflow/example_dags/example_branch_operator.py
[2025-05-20T07:55:44.555+0000] {processor.py:830} INFO - Processing file /home/airflow/.local/lib/python3.8/site-packages/airflow/example_dags/example_branch_operator.py for tasks to queue
[2025-05-20T07:55:44.560+0000] {logging_mixin.py:188} INFO - [2025-05-20T07:55:44.559+0000] {dagbag.py:538} INFO - Filling up the DagBag from /home/airflow/.local/lib/python3.8/site-packages/airflow/example_dags/example_branch_operator.py
[2025-05-20T07:55:44.602+0000] {processor.py:840} INFO - DAG(s) 'example_branch_operator' retrieved from /home/airflow/.local/lib/python3.8/site-packages/airflow/example_dags/example_branch_operator.py
[2025-05-20T07:55:44.670+0000] {logging_mixin.py:188} INFO - [2025-05-20T07:55:44.669+0000] {dag.py:3036} INFO - Sync 1 DAGs
[2025-05-20T07:55:44.724+0000] {logging_mixin.py:188} INFO - [2025-05-20T07:55:44.723+0000] {dag.py:3823} INFO - Setting next_dagrun for example_branch_operator to 2025-05-19 00:00:00+00:00, run_after=2025-05-20 00:00:00+00:00
[2025-05-20T07:55:44.769+0000] {processor.py:183} INFO - Processing /home/airflow/.local/lib/python3.8/site-packages/airflow/example_dags/example_branch_operator.py took 0.222 seconds
[2025-05-20T07:56:16.075+0000] {processor.py:161} INFO - Started process (PID=1437) to work on /home/airflow/.local/lib/python3.8/site-packages/airflow/example_dags/example_branch_operator.py
[2025-05-20T07:56:16.077+0000] {processor.py:830} INFO - Processing file /home/airflow/.local/lib/python3.8/site-packages/airflow/example_dags/example_branch_operator.py for tasks to queue
[2025-05-20T07:56:16.082+0000] {logging_mixin.py:188} INFO - [2025-05-20T07:56:16.081+0000] {dagbag.py:538} INFO - Filling up the DagBag from /home/airflow/.local/lib/python3.8/site-packages/airflow/example_dags/example_branch_operator.py
[2025-05-20T07:56:16.119+0000] {processor.py:840} INFO - DAG(s) 'example_branch_operator' retrieved from /home/airflow/.local/lib/python3.8/site-packages/airflow/example_dags/example_branch_operator.py
[2025-05-20T07:56:16.173+0000] {logging_mixin.py:188} INFO - [2025-05-20T07:56:16.172+0000] {dag.py:3036} INFO - Sync 1 DAGs
[2025-05-20T07:56:16.216+0000] {logging_mixin.py:188} INFO - [2025-05-20T07:56:16.216+0000] {dag.py:3823} INFO - Setting next_dagrun for example_branch_operator to 2025-05-19 00:00:00+00:00, run_after=2025-05-20 00:00:00+00:00
[2025-05-20T07:56:16.273+0000] {processor.py:183} INFO - Processing /home/airflow/.local/lib/python3.8/site-packages/airflow/example_dags/example_branch_operator.py took 0.205 seconds
[2025-05-20T07:56:48.038+0000] {processor.py:161} INFO - Started process (PID=1502) to work on /home/airflow/.local/lib/python3.8/site-packages/airflow/example_dags/example_branch_operator.py
[2025-05-20T07:56:48.041+0000] {processor.py:830} INFO - Processing file /home/airflow/.local/lib/python3.8/site-packages/airflow/example_dags/example_branch_operator.py for tasks to queue
[2025-05-20T07:56:48.046+0000] {logging_mixin.py:188} INFO - [2025-05-20T07:56:48.045+0000] {dagbag.py:538} INFO - Filling up the DagBag from /home/airflow/.local/lib/python3.8/site-packages/airflow/example_dags/example_branch_operator.py
[2025-05-20T07:56:48.103+0000] {processor.py:840} INFO - DAG(s) 'example_branch_operator' retrieved from /home/airflow/.local/lib/python3.8/site-packages/airflow/example_dags/example_branch_operator.py
[2025-05-20T07:56:48.181+0000] {logging_mixin.py:188} INFO - [2025-05-20T07:56:48.181+0000] {dag.py:3036} INFO - Sync 1 DAGs
[2025-05-20T07:56:48.236+0000] {logging_mixin.py:188} INFO - [2025-05-20T07:56:48.236+0000] {dag.py:3823} INFO - Setting next_dagrun for example_branch_operator to 2025-05-19 00:00:00+00:00, run_after=2025-05-20 00:00:00+00:00
[2025-05-20T07:56:48.283+0000] {processor.py:183} INFO - Processing /home/airflow/.local/lib/python3.8/site-packages/airflow/example_dags/example_branch_operator.py took 0.257 seconds
[2025-05-20T07:57:19.283+0000] {processor.py:161} INFO - Started process (PID=1567) to work on /home/airflow/.local/lib/python3.8/site-packages/airflow/example_dags/example_branch_operator.py
[2025-05-20T07:57:19.286+0000] {processor.py:830} INFO - Processing file /home/airflow/.local/lib/python3.8/site-packages/airflow/example_dags/example_branch_operator.py for tasks to queue
[2025-05-20T07:57:19.292+0000] {logging_mixin.py:188} INFO - [2025-05-20T07:57:19.291+0000] {dagbag.py:538} INFO - Filling up the DagBag from /home/airflow/.local/lib/python3.8/site-packages/airflow/example_dags/example_branch_operator.py
[2025-05-20T07:57:19.339+0000] {processor.py:840} INFO - DAG(s) 'example_branch_operator' retrieved from /home/airflow/.local/lib/python3.8/site-packages/airflow/example_dags/example_branch_operator.py
[2025-05-20T07:57:19.416+0000] {logging_mixin.py:188} INFO - [2025-05-20T07:57:19.415+0000] {dag.py:3036} INFO - Sync 1 DAGs
[2025-05-20T07:57:19.481+0000] {logging_mixin.py:188} INFO - [2025-05-20T07:57:19.481+0000] {dag.py:3823} INFO - Setting next_dagrun for example_branch_operator to 2025-05-19 00:00:00+00:00, run_after=2025-05-20 00:00:00+00:00
[2025-05-20T07:57:19.530+0000] {processor.py:183} INFO - Processing /home/airflow/.local/lib/python3.8/site-packages/airflow/example_dags/example_branch_operator.py took 0.256 seconds
[2025-05-20T07:57:50.639+0000] {processor.py:161} INFO - Started process (PID=1632) to work on /home/airflow/.local/lib/python3.8/site-packages/airflow/example_dags/example_branch_operator.py
[2025-05-20T07:57:50.641+0000] {processor.py:830} INFO - Processing file /home/airflow/.local/lib/python3.8/site-packages/airflow/example_dags/example_branch_operator.py for tasks to queue
[2025-05-20T07:57:50.645+0000] {logging_mixin.py:188} INFO - [2025-05-20T07:57:50.644+0000] {dagbag.py:538} INFO - Filling up the DagBag from /home/airflow/.local/lib/python3.8/site-packages/airflow/example_dags/example_branch_operator.py
[2025-05-20T07:57:50.683+0000] {processor.py:840} INFO - DAG(s) 'example_branch_operator' retrieved from /home/airflow/.local/lib/python3.8/site-packages/airflow/example_dags/example_branch_operator.py
[2025-05-20T07:57:50.737+0000] {logging_mixin.py:188} INFO - [2025-05-20T07:57:50.736+0000] {dag.py:3036} INFO - Sync 1 DAGs
[2025-05-20T07:57:50.788+0000] {logging_mixin.py:188} INFO - [2025-05-20T07:57:50.788+0000] {dag.py:3823} INFO - Setting next_dagrun for example_branch_operator to 2025-05-19 00:00:00+00:00, run_after=2025-05-20 00:00:00+00:00
[2025-05-20T07:57:50.838+0000] {processor.py:183} INFO - Processing /home/airflow/.local/lib/python3.8/site-packages/airflow/example_dags/example_branch_operator.py took 0.205 seconds
[2025-05-20T07:58:21.937+0000] {processor.py:161} INFO - Started process (PID=1697) to work on /home/airflow/.local/lib/python3.8/site-packages/airflow/example_dags/example_branch_operator.py
[2025-05-20T07:58:21.939+0000] {processor.py:830} INFO - Processing file /home/airflow/.local/lib/python3.8/site-packages/airflow/example_dags/example_branch_operator.py for tasks to queue
[2025-05-20T07:58:21.944+0000] {logging_mixin.py:188} INFO - [2025-05-20T07:58:21.943+0000] {dagbag.py:538} INFO - Filling up the DagBag from /home/airflow/.local/lib/python3.8/site-packages/airflow/example_dags/example_branch_operator.py
[2025-05-20T07:58:21.996+0000] {processor.py:840} INFO - DAG(s) 'example_branch_operator' retrieved from /home/airflow/.local/lib/python3.8/site-packages/airflow/example_dags/example_branch_operator.py
[2025-05-20T07:58:22.060+0000] {logging_mixin.py:188} INFO - [2025-05-20T07:58:22.060+0000] {dag.py:3036} INFO - Sync 1 DAGs
[2025-05-20T07:58:22.117+0000] {logging_mixin.py:188} INFO - [2025-05-20T07:58:22.116+0000] {dag.py:3823} INFO - Setting next_dagrun for example_branch_operator to 2025-05-19 00:00:00+00:00, run_after=2025-05-20 00:00:00+00:00
[2025-05-20T07:58:22.409+0000] {processor.py:183} INFO - Processing /home/airflow/.local/lib/python3.8/site-packages/airflow/example_dags/example_branch_operator.py took 0.478 seconds
[2025-05-20T07:58:53.278+0000] {processor.py:161} INFO - Started process (PID=1762) to work on /home/airflow/.local/lib/python3.8/site-packages/airflow/example_dags/example_branch_operator.py
[2025-05-20T07:58:53.280+0000] {processor.py:830} INFO - Processing file /home/airflow/.local/lib/python3.8/site-packages/airflow/example_dags/example_branch_operator.py for tasks to queue
[2025-05-20T07:58:53.284+0000] {logging_mixin.py:188} INFO - [2025-05-20T07:58:53.283+0000] {dagbag.py:538} INFO - Filling up the DagBag from /home/airflow/.local/lib/python3.8/site-packages/airflow/example_dags/example_branch_operator.py
[2025-05-20T07:58:53.322+0000] {processor.py:840} INFO - DAG(s) 'example_branch_operator' retrieved from /home/airflow/.local/lib/python3.8/site-packages/airflow/example_dags/example_branch_operator.py
[2025-05-20T07:58:53.372+0000] {logging_mixin.py:188} INFO - [2025-05-20T07:58:53.371+0000] {dag.py:3036} INFO - Sync 1 DAGs
[2025-05-20T07:58:53.618+0000] {logging_mixin.py:188} INFO - [2025-05-20T07:58:53.618+0000] {dag.py:3823} INFO - Setting next_dagrun for example_branch_operator to 2025-05-19 00:00:00+00:00, run_after=2025-05-20 00:00:00+00:00
[2025-05-20T07:58:53.657+0000] {processor.py:183} INFO - Processing /home/airflow/.local/lib/python3.8/site-packages/airflow/example_dags/example_branch_operator.py took 0.383 seconds
[2025-05-20T07:59:24.567+0000] {processor.py:161} INFO - Started process (PID=1827) to work on /home/airflow/.local/lib/python3.8/site-packages/airflow/example_dags/example_branch_operator.py
[2025-05-20T07:59:24.568+0000] {processor.py:830} INFO - Processing file /home/airflow/.local/lib/python3.8/site-packages/airflow/example_dags/example_branch_operator.py for tasks to queue
[2025-05-20T07:59:24.571+0000] {logging_mixin.py:188} INFO - [2025-05-20T07:59:24.571+0000] {dagbag.py:538} INFO - Filling up the DagBag from /home/airflow/.local/lib/python3.8/site-packages/airflow/example_dags/example_branch_operator.py
[2025-05-20T07:59:24.607+0000] {processor.py:840} INFO - DAG(s) 'example_branch_operator' retrieved from /home/airflow/.local/lib/python3.8/site-packages/airflow/example_dags/example_branch_operator.py
[2025-05-20T07:59:24.660+0000] {logging_mixin.py:188} INFO - [2025-05-20T07:59:24.659+0000] {dag.py:3036} INFO - Sync 1 DAGs
[2025-05-20T07:59:24.894+0000] {logging_mixin.py:188} INFO - [2025-05-20T07:59:24.893+0000] {dag.py:3823} INFO - Setting next_dagrun for example_branch_operator to 2025-05-19 00:00:00+00:00, run_after=2025-05-20 00:00:00+00:00
[2025-05-20T07:59:24.940+0000] {processor.py:183} INFO - Processing /home/airflow/.local/lib/python3.8/site-packages/airflow/example_dags/example_branch_operator.py took 0.379 seconds
[2025-05-20T07:59:56.470+0000] {processor.py:161} INFO - Started process (PID=1892) to work on /home/airflow/.local/lib/python3.8/site-packages/airflow/example_dags/example_branch_operator.py
[2025-05-20T07:59:56.472+0000] {processor.py:830} INFO - Processing file /home/airflow/.local/lib/python3.8/site-packages/airflow/example_dags/example_branch_operator.py for tasks to queue
[2025-05-20T07:59:56.475+0000] {logging_mixin.py:188} INFO - [2025-05-20T07:59:56.474+0000] {dagbag.py:538} INFO - Filling up the DagBag from /home/airflow/.local/lib/python3.8/site-packages/airflow/example_dags/example_branch_operator.py
[2025-05-20T07:59:56.519+0000] {processor.py:840} INFO - DAG(s) 'example_branch_operator' retrieved from /home/airflow/.local/lib/python3.8/site-packages/airflow/example_dags/example_branch_operator.py
[2025-05-20T07:59:56.589+0000] {logging_mixin.py:188} INFO - [2025-05-20T07:59:56.588+0000] {dag.py:3036} INFO - Sync 1 DAGs
[2025-05-20T07:59:56.899+0000] {logging_mixin.py:188} INFO - [2025-05-20T07:59:56.899+0000] {dag.py:3823} INFO - Setting next_dagrun for example_branch_operator to 2025-05-19 00:00:00+00:00, run_after=2025-05-20 00:00:00+00:00
[2025-05-20T07:59:56.960+0000] {processor.py:183} INFO - Processing /home/airflow/.local/lib/python3.8/site-packages/airflow/example_dags/example_branch_operator.py took 0.496 seconds
[2025-05-20T08:00:28.885+0000] {processor.py:161} INFO - Started process (PID=1957) to work on /home/airflow/.local/lib/python3.8/site-packages/airflow/example_dags/example_branch_operator.py
[2025-05-20T08:00:28.887+0000] {processor.py:830} INFO - Processing file /home/airflow/.local/lib/python3.8/site-packages/airflow/example_dags/example_branch_operator.py for tasks to queue
[2025-05-20T08:00:28.890+0000] {logging_mixin.py:188} INFO - [2025-05-20T08:00:28.890+0000] {dagbag.py:538} INFO - Filling up the DagBag from /home/airflow/.local/lib/python3.8/site-packages/airflow/example_dags/example_branch_operator.py
[2025-05-20T08:00:28.931+0000] {processor.py:840} INFO - DAG(s) 'example_branch_operator' retrieved from /home/airflow/.local/lib/python3.8/site-packages/airflow/example_dags/example_branch_operator.py
[2025-05-20T08:00:29.390+0000] {logging_mixin.py:188} INFO - [2025-05-20T08:00:29.389+0000] {dag.py:3036} INFO - Sync 1 DAGs
[2025-05-20T08:00:29.469+0000] {logging_mixin.py:188} INFO - [2025-05-20T08:00:29.469+0000] {dag.py:3823} INFO - Setting next_dagrun for example_branch_operator to 2025-05-19 00:00:00+00:00, run_after=2025-05-20 00:00:00+00:00
[2025-05-20T08:00:29.510+0000] {processor.py:183} INFO - Processing /home/airflow/.local/lib/python3.8/site-packages/airflow/example_dags/example_branch_operator.py took 0.632 seconds
[2025-05-20T08:01:00.236+0000] {processor.py:161} INFO - Started process (PID=2022) to work on /home/airflow/.local/lib/python3.8/site-packages/airflow/example_dags/example_branch_operator.py
[2025-05-20T08:01:00.237+0000] {processor.py:830} INFO - Processing file /home/airflow/.local/lib/python3.8/site-packages/airflow/example_dags/example_branch_operator.py for tasks to queue
[2025-05-20T08:01:00.241+0000] {logging_mixin.py:188} INFO - [2025-05-20T08:01:00.240+0000] {dagbag.py:538} INFO - Filling up the DagBag from /home/airflow/.local/lib/python3.8/site-packages/airflow/example_dags/example_branch_operator.py
[2025-05-20T08:01:00.271+0000] {processor.py:840} INFO - DAG(s) 'example_branch_operator' retrieved from /home/airflow/.local/lib/python3.8/site-packages/airflow/example_dags/example_branch_operator.py
[2025-05-20T08:01:00.495+0000] {logging_mixin.py:188} INFO - [2025-05-20T08:01:00.494+0000] {dag.py:3036} INFO - Sync 1 DAGs
[2025-05-20T08:01:00.548+0000] {logging_mixin.py:188} INFO - [2025-05-20T08:01:00.547+0000] {dag.py:3823} INFO - Setting next_dagrun for example_branch_operator to 2025-05-19 00:00:00+00:00, run_after=2025-05-20 00:00:00+00:00
[2025-05-20T08:01:00.591+0000] {processor.py:183} INFO - Processing /home/airflow/.local/lib/python3.8/site-packages/airflow/example_dags/example_branch_operator.py took 0.360 seconds
[2025-05-20T08:01:31.388+0000] {processor.py:161} INFO - Started process (PID=2087) to work on /home/airflow/.local/lib/python3.8/site-packages/airflow/example_dags/example_branch_operator.py
[2025-05-20T08:01:31.390+0000] {processor.py:830} INFO - Processing file /home/airflow/.local/lib/python3.8/site-packages/airflow/example_dags/example_branch_operator.py for tasks to queue
[2025-05-20T08:01:31.394+0000] {logging_mixin.py:188} INFO - [2025-05-20T08:01:31.394+0000] {dagbag.py:538} INFO - Filling up the DagBag from /home/airflow/.local/lib/python3.8/site-packages/airflow/example_dags/example_branch_operator.py
[2025-05-20T08:01:31.438+0000] {processor.py:840} INFO - DAG(s) 'example_branch_operator' retrieved from /home/airflow/.local/lib/python3.8/site-packages/airflow/example_dags/example_branch_operator.py
[2025-05-20T08:01:31.509+0000] {logging_mixin.py:188} INFO - [2025-05-20T08:01:31.509+0000] {dag.py:3036} INFO - Sync 1 DAGs
[2025-05-20T08:01:31.565+0000] {logging_mixin.py:188} INFO - [2025-05-20T08:01:31.565+0000] {dag.py:3823} INFO - Setting next_dagrun for example_branch_operator to 2025-05-19 00:00:00+00:00, run_after=2025-05-20 00:00:00+00:00
[2025-05-20T08:01:31.623+0000] {processor.py:183} INFO - Processing /home/airflow/.local/lib/python3.8/site-packages/airflow/example_dags/example_branch_operator.py took 0.242 seconds
[2025-05-20T08:02:02.412+0000] {processor.py:161} INFO - Started process (PID=2152) to work on /home/airflow/.local/lib/python3.8/site-packages/airflow/example_dags/example_branch_operator.py
[2025-05-20T08:02:02.416+0000] {processor.py:830} INFO - Processing file /home/airflow/.local/lib/python3.8/site-packages/airflow/example_dags/example_branch_operator.py for tasks to queue
[2025-05-20T08:02:02.434+0000] {logging_mixin.py:188} INFO - [2025-05-20T08:02:02.434+0000] {dagbag.py:538} INFO - Filling up the DagBag from /home/airflow/.local/lib/python3.8/site-packages/airflow/example_dags/example_branch_operator.py
[2025-05-20T08:02:02.482+0000] {processor.py:840} INFO - DAG(s) 'example_branch_operator' retrieved from /home/airflow/.local/lib/python3.8/site-packages/airflow/example_dags/example_branch_operator.py
[2025-05-20T08:02:02.599+0000] {logging_mixin.py:188} INFO - [2025-05-20T08:02:02.599+0000] {dag.py:3036} INFO - Sync 1 DAGs
[2025-05-20T08:02:02.669+0000] {logging_mixin.py:188} INFO - [2025-05-20T08:02:02.668+0000] {dag.py:3823} INFO - Setting next_dagrun for example_branch_operator to 2025-05-19 00:00:00+00:00, run_after=2025-05-20 00:00:00+00:00
[2025-05-20T08:02:02.724+0000] {processor.py:183} INFO - Processing /home/airflow/.local/lib/python3.8/site-packages/airflow/example_dags/example_branch_operator.py took 0.321 seconds
[2025-05-20T08:02:33.467+0000] {processor.py:161} INFO - Started process (PID=2217) to work on /home/airflow/.local/lib/python3.8/site-packages/airflow/example_dags/example_branch_operator.py
[2025-05-20T08:02:33.469+0000] {processor.py:830} INFO - Processing file /home/airflow/.local/lib/python3.8/site-packages/airflow/example_dags/example_branch_operator.py for tasks to queue
[2025-05-20T08:02:33.474+0000] {logging_mixin.py:188} INFO - [2025-05-20T08:02:33.473+0000] {dagbag.py:538} INFO - Filling up the DagBag from /home/airflow/.local/lib/python3.8/site-packages/airflow/example_dags/example_branch_operator.py
[2025-05-20T08:02:33.527+0000] {processor.py:840} INFO - DAG(s) 'example_branch_operator' retrieved from /home/airflow/.local/lib/python3.8/site-packages/airflow/example_dags/example_branch_operator.py
[2025-05-20T08:02:33.605+0000] {logging_mixin.py:188} INFO - [2025-05-20T08:02:33.604+0000] {dag.py:3036} INFO - Sync 1 DAGs
[2025-05-20T08:02:33.675+0000] {logging_mixin.py:188} INFO - [2025-05-20T08:02:33.674+0000] {dag.py:3823} INFO - Setting next_dagrun for example_branch_operator to 2025-05-19 00:00:00+00:00, run_after=2025-05-20 00:00:00+00:00
[2025-05-20T08:02:33.757+0000] {processor.py:183} INFO - Processing /home/airflow/.local/lib/python3.8/site-packages/airflow/example_dags/example_branch_operator.py took 0.297 seconds
[2025-05-20T08:03:04.050+0000] {processor.py:161} INFO - Started process (PID=2281) to work on /home/airflow/.local/lib/python3.8/site-packages/airflow/example_dags/example_branch_operator.py
[2025-05-20T08:03:04.053+0000] {processor.py:830} INFO - Processing file /home/airflow/.local/lib/python3.8/site-packages/airflow/example_dags/example_branch_operator.py for tasks to queue
[2025-05-20T08:03:04.058+0000] {logging_mixin.py:188} INFO - [2025-05-20T08:03:04.057+0000] {dagbag.py:538} INFO - Filling up the DagBag from /home/airflow/.local/lib/python3.8/site-packages/airflow/example_dags/example_branch_operator.py
[2025-05-20T08:03:04.108+0000] {processor.py:840} INFO - DAG(s) 'example_branch_operator' retrieved from /home/airflow/.local/lib/python3.8/site-packages/airflow/example_dags/example_branch_operator.py
[2025-05-20T08:03:04.190+0000] {logging_mixin.py:188} INFO - [2025-05-20T08:03:04.190+0000] {dag.py:3036} INFO - Sync 1 DAGs
[2025-05-20T08:03:04.260+0000] {logging_mixin.py:188} INFO - [2025-05-20T08:03:04.259+0000] {dag.py:3823} INFO - Setting next_dagrun for example_branch_operator to 2025-05-19 00:00:00+00:00, run_after=2025-05-20 00:00:00+00:00
[2025-05-20T08:03:04.299+0000] {processor.py:183} INFO - Processing /home/airflow/.local/lib/python3.8/site-packages/airflow/example_dags/example_branch_operator.py took 0.256 seconds
[2025-05-20T08:03:34.371+0000] {processor.py:161} INFO - Started process (PID=2346) to work on /home/airflow/.local/lib/python3.8/site-packages/airflow/example_dags/example_branch_operator.py
[2025-05-20T08:03:34.373+0000] {processor.py:830} INFO - Processing file /home/airflow/.local/lib/python3.8/site-packages/airflow/example_dags/example_branch_operator.py for tasks to queue
[2025-05-20T08:03:34.377+0000] {logging_mixin.py:188} INFO - [2025-05-20T08:03:34.377+0000] {dagbag.py:538} INFO - Filling up the DagBag from /home/airflow/.local/lib/python3.8/site-packages/airflow/example_dags/example_branch_operator.py
[2025-05-20T08:03:34.409+0000] {processor.py:840} INFO - DAG(s) 'example_branch_operator' retrieved from /home/airflow/.local/lib/python3.8/site-packages/airflow/example_dags/example_branch_operator.py
[2025-05-20T08:03:34.458+0000] {logging_mixin.py:188} INFO - [2025-05-20T08:03:34.457+0000] {dag.py:3036} INFO - Sync 1 DAGs
[2025-05-20T08:03:34.501+0000] {logging_mixin.py:188} INFO - [2025-05-20T08:03:34.501+0000] {dag.py:3823} INFO - Setting next_dagrun for example_branch_operator to 2025-05-19 00:00:00+00:00, run_after=2025-05-20 00:00:00+00:00
[2025-05-20T08:03:34.546+0000] {processor.py:183} INFO - Processing /home/airflow/.local/lib/python3.8/site-packages/airflow/example_dags/example_branch_operator.py took 0.180 seconds
[2025-05-20T08:04:05.721+0000] {processor.py:161} INFO - Started process (PID=2417) to work on /home/airflow/.local/lib/python3.8/site-packages/airflow/example_dags/example_branch_operator.py
[2025-05-20T08:04:05.722+0000] {processor.py:830} INFO - Processing file /home/airflow/.local/lib/python3.8/site-packages/airflow/example_dags/example_branch_operator.py for tasks to queue
[2025-05-20T08:04:05.726+0000] {logging_mixin.py:188} INFO - [2025-05-20T08:04:05.725+0000] {dagbag.py:538} INFO - Filling up the DagBag from /home/airflow/.local/lib/python3.8/site-packages/airflow/example_dags/example_branch_operator.py
[2025-05-20T08:04:05.764+0000] {processor.py:840} INFO - DAG(s) 'example_branch_operator' retrieved from /home/airflow/.local/lib/python3.8/site-packages/airflow/example_dags/example_branch_operator.py
[2025-05-20T08:04:05.810+0000] {logging_mixin.py:188} INFO - [2025-05-20T08:04:05.810+0000] {dag.py:3036} INFO - Sync 1 DAGs
[2025-05-20T08:04:05.849+0000] {logging_mixin.py:188} INFO - [2025-05-20T08:04:05.849+0000] {dag.py:3823} INFO - Setting next_dagrun for example_branch_operator to 2025-05-19 00:00:00+00:00, run_after=2025-05-20 00:00:00+00:00
[2025-05-20T08:04:05.888+0000] {processor.py:183} INFO - Processing /home/airflow/.local/lib/python3.8/site-packages/airflow/example_dags/example_branch_operator.py took 0.174 seconds
