[2025-05-20T07:45:13.208+0000] {processor.py:161} INFO - Started process (PID=57) to work on /home/airflow/.local/lib/python3.8/site-packages/airflow/example_dags/example_latest_only.py
[2025-05-20T07:45:13.210+0000] {processor.py:830} INFO - Processing file /home/airflow/.local/lib/python3.8/site-packages/airflow/example_dags/example_latest_only.py for tasks to queue
[2025-05-20T07:45:13.213+0000] {logging_mixin.py:188} INFO - [2025-05-20T07:45:13.212+0000] {dagbag.py:538} INFO - Filling up the DagBag from /home/airflow/.local/lib/python3.8/site-packages/airflow/example_dags/example_latest_only.py
[2025-05-20T07:45:13.232+0000] {processor.py:840} INFO - DAG(s) 'latest_only' retrieved from /home/airflow/.local/lib/python3.8/site-packages/airflow/example_dags/example_latest_only.py
[2025-05-20T07:45:13.469+0000] {logging_mixin.py:188} INFO - [2025-05-20T07:45:13.469+0000] {dag.py:3036} INFO - Sync 1 DAGs
[2025-05-20T07:45:13.513+0000] {logging_mixin.py:188} INFO - [2025-05-20T07:45:13.513+0000] {dag.py:3823} INFO - Setting next_dagrun for latest_only to 2025-05-20 00:00:00+00:00, run_after=2025-05-20 04:00:00+00:00
[2025-05-20T07:45:13.552+0000] {processor.py:183} INFO - Processing /home/airflow/.local/lib/python3.8/site-packages/airflow/example_dags/example_latest_only.py took 0.352 seconds
[2025-05-20T07:45:44.010+0000] {processor.py:161} INFO - Started process (PID=122) to work on /home/airflow/.local/lib/python3.8/site-packages/airflow/example_dags/example_latest_only.py
[2025-05-20T07:45:44.012+0000] {processor.py:830} INFO - Processing file /home/airflow/.local/lib/python3.8/site-packages/airflow/example_dags/example_latest_only.py for tasks to queue
[2025-05-20T07:45:44.016+0000] {logging_mixin.py:188} INFO - [2025-05-20T07:45:44.016+0000] {dagbag.py:538} INFO - Filling up the DagBag from /home/airflow/.local/lib/python3.8/site-packages/airflow/example_dags/example_latest_only.py
[2025-05-20T07:45:44.025+0000] {processor.py:840} INFO - DAG(s) 'latest_only' retrieved from /home/airflow/.local/lib/python3.8/site-packages/airflow/example_dags/example_latest_only.py
[2025-05-20T07:45:44.072+0000] {logging_mixin.py:188} INFO - [2025-05-20T07:45:44.071+0000] {dag.py:3036} INFO - Sync 1 DAGs
[2025-05-20T07:45:44.126+0000] {logging_mixin.py:188} INFO - [2025-05-20T07:45:44.126+0000] {dag.py:3823} INFO - Setting next_dagrun for latest_only to 2025-05-20 00:00:00+00:00, run_after=2025-05-20 04:00:00+00:00
[2025-05-20T07:45:44.175+0000] {processor.py:183} INFO - Processing /home/airflow/.local/lib/python3.8/site-packages/airflow/example_dags/example_latest_only.py took 0.172 seconds
[2025-05-20T07:46:15.590+0000] {processor.py:161} INFO - Started process (PID=187) to work on /home/airflow/.local/lib/python3.8/site-packages/airflow/example_dags/example_latest_only.py
[2025-05-20T07:46:15.592+0000] {processor.py:830} INFO - Processing file /home/airflow/.local/lib/python3.8/site-packages/airflow/example_dags/example_latest_only.py for tasks to queue
[2025-05-20T07:46:15.596+0000] {logging_mixin.py:188} INFO - [2025-05-20T07:46:15.595+0000] {dagbag.py:538} INFO - Filling up the DagBag from /home/airflow/.local/lib/python3.8/site-packages/airflow/example_dags/example_latest_only.py
[2025-05-20T07:46:15.605+0000] {processor.py:840} INFO - DAG(s) 'latest_only' retrieved from /home/airflow/.local/lib/python3.8/site-packages/airflow/example_dags/example_latest_only.py
[2025-05-20T07:46:15.643+0000] {logging_mixin.py:188} INFO - [2025-05-20T07:46:15.642+0000] {dag.py:3036} INFO - Sync 1 DAGs
[2025-05-20T07:46:15.690+0000] {logging_mixin.py:188} INFO - [2025-05-20T07:46:15.689+0000] {dag.py:3823} INFO - Setting next_dagrun for latest_only to 2025-05-20 00:00:00+00:00, run_after=2025-05-20 04:00:00+00:00
[2025-05-20T07:46:15.727+0000] {processor.py:183} INFO - Processing /home/airflow/.local/lib/python3.8/site-packages/airflow/example_dags/example_latest_only.py took 0.144 seconds
[2025-05-20T07:46:47.155+0000] {processor.py:161} INFO - Started process (PID=252) to work on /home/airflow/.local/lib/python3.8/site-packages/airflow/example_dags/example_latest_only.py
[2025-05-20T07:46:47.157+0000] {processor.py:830} INFO - Processing file /home/airflow/.local/lib/python3.8/site-packages/airflow/example_dags/example_latest_only.py for tasks to queue
[2025-05-20T07:46:47.161+0000] {logging_mixin.py:188} INFO - [2025-05-20T07:46:47.161+0000] {dagbag.py:538} INFO - Filling up the DagBag from /home/airflow/.local/lib/python3.8/site-packages/airflow/example_dags/example_latest_only.py
[2025-05-20T07:46:47.171+0000] {processor.py:840} INFO - DAG(s) 'latest_only' retrieved from /home/airflow/.local/lib/python3.8/site-packages/airflow/example_dags/example_latest_only.py
[2025-05-20T07:46:47.218+0000] {logging_mixin.py:188} INFO - [2025-05-20T07:46:47.218+0000] {dag.py:3036} INFO - Sync 1 DAGs
[2025-05-20T07:46:47.302+0000] {logging_mixin.py:188} INFO - [2025-05-20T07:46:47.301+0000] {dag.py:3823} INFO - Setting next_dagrun for latest_only to 2025-05-20 00:00:00+00:00, run_after=2025-05-20 04:00:00+00:00
[2025-05-20T07:46:47.352+0000] {processor.py:183} INFO - Processing /home/airflow/.local/lib/python3.8/site-packages/airflow/example_dags/example_latest_only.py took 0.203 seconds
[2025-05-20T07:47:19.592+0000] {processor.py:161} INFO - Started process (PID=317) to work on /home/airflow/.local/lib/python3.8/site-packages/airflow/example_dags/example_latest_only.py
[2025-05-20T07:47:19.595+0000] {processor.py:830} INFO - Processing file /home/airflow/.local/lib/python3.8/site-packages/airflow/example_dags/example_latest_only.py for tasks to queue
[2025-05-20T07:47:19.601+0000] {logging_mixin.py:188} INFO - [2025-05-20T07:47:19.600+0000] {dagbag.py:538} INFO - Filling up the DagBag from /home/airflow/.local/lib/python3.8/site-packages/airflow/example_dags/example_latest_only.py
[2025-05-20T07:47:19.615+0000] {processor.py:840} INFO - DAG(s) 'latest_only' retrieved from /home/airflow/.local/lib/python3.8/site-packages/airflow/example_dags/example_latest_only.py
[2025-05-20T07:47:19.687+0000] {logging_mixin.py:188} INFO - [2025-05-20T07:47:19.685+0000] {dag.py:3036} INFO - Sync 1 DAGs
[2025-05-20T07:47:19.786+0000] {logging_mixin.py:188} INFO - [2025-05-20T07:47:19.785+0000] {dag.py:3823} INFO - Setting next_dagrun for latest_only to 2025-05-20 00:00:00+00:00, run_after=2025-05-20 04:00:00+00:00
[2025-05-20T07:47:19.828+0000] {processor.py:183} INFO - Processing /home/airflow/.local/lib/python3.8/site-packages/airflow/example_dags/example_latest_only.py took 0.244 seconds
[2025-05-20T07:47:51.190+0000] {processor.py:161} INFO - Started process (PID=382) to work on /home/airflow/.local/lib/python3.8/site-packages/airflow/example_dags/example_latest_only.py
[2025-05-20T07:47:51.192+0000] {processor.py:830} INFO - Processing file /home/airflow/.local/lib/python3.8/site-packages/airflow/example_dags/example_latest_only.py for tasks to queue
[2025-05-20T07:47:51.196+0000] {logging_mixin.py:188} INFO - [2025-05-20T07:47:51.196+0000] {dagbag.py:538} INFO - Filling up the DagBag from /home/airflow/.local/lib/python3.8/site-packages/airflow/example_dags/example_latest_only.py
[2025-05-20T07:47:51.206+0000] {processor.py:840} INFO - DAG(s) 'latest_only' retrieved from /home/airflow/.local/lib/python3.8/site-packages/airflow/example_dags/example_latest_only.py
[2025-05-20T07:47:51.238+0000] {logging_mixin.py:188} INFO - [2025-05-20T07:47:51.238+0000] {dag.py:3036} INFO - Sync 1 DAGs
[2025-05-20T07:47:51.282+0000] {logging_mixin.py:188} INFO - [2025-05-20T07:47:51.282+0000] {dag.py:3823} INFO - Setting next_dagrun for latest_only to 2025-05-20 00:00:00+00:00, run_after=2025-05-20 04:00:00+00:00
[2025-05-20T07:47:51.321+0000] {processor.py:183} INFO - Processing /home/airflow/.local/lib/python3.8/site-packages/airflow/example_dags/example_latest_only.py took 0.135 seconds
[2025-05-20T07:48:23.042+0000] {processor.py:161} INFO - Started process (PID=447) to work on /home/airflow/.local/lib/python3.8/site-packages/airflow/example_dags/example_latest_only.py
[2025-05-20T07:48:23.044+0000] {processor.py:830} INFO - Processing file /home/airflow/.local/lib/python3.8/site-packages/airflow/example_dags/example_latest_only.py for tasks to queue
[2025-05-20T07:48:23.048+0000] {logging_mixin.py:188} INFO - [2025-05-20T07:48:23.047+0000] {dagbag.py:538} INFO - Filling up the DagBag from /home/airflow/.local/lib/python3.8/site-packages/airflow/example_dags/example_latest_only.py
[2025-05-20T07:48:23.059+0000] {processor.py:840} INFO - DAG(s) 'latest_only' retrieved from /home/airflow/.local/lib/python3.8/site-packages/airflow/example_dags/example_latest_only.py
[2025-05-20T07:48:23.102+0000] {logging_mixin.py:188} INFO - [2025-05-20T07:48:23.102+0000] {dag.py:3036} INFO - Sync 1 DAGs
[2025-05-20T07:48:23.170+0000] {logging_mixin.py:188} INFO - [2025-05-20T07:48:23.169+0000] {dag.py:3823} INFO - Setting next_dagrun for latest_only to 2025-05-20 00:00:00+00:00, run_after=2025-05-20 04:00:00+00:00
[2025-05-20T07:48:23.212+0000] {processor.py:183} INFO - Processing /home/airflow/.local/lib/python3.8/site-packages/airflow/example_dags/example_latest_only.py took 0.176 seconds
[2025-05-20T07:48:53.476+0000] {processor.py:161} INFO - Started process (PID=512) to work on /home/airflow/.local/lib/python3.8/site-packages/airflow/example_dags/example_latest_only.py
[2025-05-20T07:48:53.478+0000] {processor.py:830} INFO - Processing file /home/airflow/.local/lib/python3.8/site-packages/airflow/example_dags/example_latest_only.py for tasks to queue
[2025-05-20T07:48:53.481+0000] {logging_mixin.py:188} INFO - [2025-05-20T07:48:53.480+0000] {dagbag.py:538} INFO - Filling up the DagBag from /home/airflow/.local/lib/python3.8/site-packages/airflow/example_dags/example_latest_only.py
[2025-05-20T07:48:53.489+0000] {processor.py:840} INFO - DAG(s) 'latest_only' retrieved from /home/airflow/.local/lib/python3.8/site-packages/airflow/example_dags/example_latest_only.py
[2025-05-20T07:48:53.521+0000] {logging_mixin.py:188} INFO - [2025-05-20T07:48:53.521+0000] {dag.py:3036} INFO - Sync 1 DAGs
[2025-05-20T07:48:53.559+0000] {logging_mixin.py:188} INFO - [2025-05-20T07:48:53.559+0000] {dag.py:3823} INFO - Setting next_dagrun for latest_only to 2025-05-20 00:00:00+00:00, run_after=2025-05-20 04:00:00+00:00
[2025-05-20T07:48:53.595+0000] {processor.py:183} INFO - Processing /home/airflow/.local/lib/python3.8/site-packages/airflow/example_dags/example_latest_only.py took 0.124 seconds
[2025-05-20T07:49:24.636+0000] {processor.py:161} INFO - Started process (PID=577) to work on /home/airflow/.local/lib/python3.8/site-packages/airflow/example_dags/example_latest_only.py
[2025-05-20T07:49:24.637+0000] {processor.py:830} INFO - Processing file /home/airflow/.local/lib/python3.8/site-packages/airflow/example_dags/example_latest_only.py for tasks to queue
[2025-05-20T07:49:24.641+0000] {logging_mixin.py:188} INFO - [2025-05-20T07:49:24.640+0000] {dagbag.py:538} INFO - Filling up the DagBag from /home/airflow/.local/lib/python3.8/site-packages/airflow/example_dags/example_latest_only.py
[2025-05-20T07:49:24.650+0000] {processor.py:840} INFO - DAG(s) 'latest_only' retrieved from /home/airflow/.local/lib/python3.8/site-packages/airflow/example_dags/example_latest_only.py
[2025-05-20T07:49:24.687+0000] {logging_mixin.py:188} INFO - [2025-05-20T07:49:24.686+0000] {dag.py:3036} INFO - Sync 1 DAGs
[2025-05-20T07:49:24.728+0000] {logging_mixin.py:188} INFO - [2025-05-20T07:49:24.728+0000] {dag.py:3823} INFO - Setting next_dagrun for latest_only to 2025-05-20 00:00:00+00:00, run_after=2025-05-20 04:00:00+00:00
[2025-05-20T07:49:24.783+0000] {processor.py:183} INFO - Processing /home/airflow/.local/lib/python3.8/site-packages/airflow/example_dags/example_latest_only.py took 0.154 seconds
[2025-05-20T07:49:55.847+0000] {processor.py:161} INFO - Started process (PID=642) to work on /home/airflow/.local/lib/python3.8/site-packages/airflow/example_dags/example_latest_only.py
[2025-05-20T07:49:55.849+0000] {processor.py:830} INFO - Processing file /home/airflow/.local/lib/python3.8/site-packages/airflow/example_dags/example_latest_only.py for tasks to queue
[2025-05-20T07:49:55.854+0000] {logging_mixin.py:188} INFO - [2025-05-20T07:49:55.853+0000] {dagbag.py:538} INFO - Filling up the DagBag from /home/airflow/.local/lib/python3.8/site-packages/airflow/example_dags/example_latest_only.py
[2025-05-20T07:49:55.865+0000] {processor.py:840} INFO - DAG(s) 'latest_only' retrieved from /home/airflow/.local/lib/python3.8/site-packages/airflow/example_dags/example_latest_only.py
[2025-05-20T07:49:55.911+0000] {logging_mixin.py:188} INFO - [2025-05-20T07:49:55.910+0000] {dag.py:3036} INFO - Sync 1 DAGs
[2025-05-20T07:49:55.968+0000] {logging_mixin.py:188} INFO - [2025-05-20T07:49:55.967+0000] {dag.py:3823} INFO - Setting next_dagrun for latest_only to 2025-05-20 00:00:00+00:00, run_after=2025-05-20 04:00:00+00:00
[2025-05-20T07:49:56.015+0000] {processor.py:183} INFO - Processing /home/airflow/.local/lib/python3.8/site-packages/airflow/example_dags/example_latest_only.py took 0.176 seconds
[2025-05-20T07:50:27.848+0000] {processor.py:161} INFO - Started process (PID=707) to work on /home/airflow/.local/lib/python3.8/site-packages/airflow/example_dags/example_latest_only.py
[2025-05-20T07:50:27.850+0000] {processor.py:830} INFO - Processing file /home/airflow/.local/lib/python3.8/site-packages/airflow/example_dags/example_latest_only.py for tasks to queue
[2025-05-20T07:50:27.853+0000] {logging_mixin.py:188} INFO - [2025-05-20T07:50:27.852+0000] {dagbag.py:538} INFO - Filling up the DagBag from /home/airflow/.local/lib/python3.8/site-packages/airflow/example_dags/example_latest_only.py
[2025-05-20T07:50:27.864+0000] {processor.py:840} INFO - DAG(s) 'latest_only' retrieved from /home/airflow/.local/lib/python3.8/site-packages/airflow/example_dags/example_latest_only.py
[2025-05-20T07:50:27.901+0000] {logging_mixin.py:188} INFO - [2025-05-20T07:50:27.901+0000] {dag.py:3036} INFO - Sync 1 DAGs
[2025-05-20T07:50:27.954+0000] {logging_mixin.py:188} INFO - [2025-05-20T07:50:27.953+0000] {dag.py:3823} INFO - Setting next_dagrun for latest_only to 2025-05-20 00:00:00+00:00, run_after=2025-05-20 04:00:00+00:00
[2025-05-20T07:50:27.995+0000] {processor.py:183} INFO - Processing /home/airflow/.local/lib/python3.8/site-packages/airflow/example_dags/example_latest_only.py took 0.152 seconds
[2025-05-20T07:50:59.284+0000] {processor.py:161} INFO - Started process (PID=772) to work on /home/airflow/.local/lib/python3.8/site-packages/airflow/example_dags/example_latest_only.py
[2025-05-20T07:50:59.287+0000] {processor.py:830} INFO - Processing file /home/airflow/.local/lib/python3.8/site-packages/airflow/example_dags/example_latest_only.py for tasks to queue
[2025-05-20T07:50:59.291+0000] {logging_mixin.py:188} INFO - [2025-05-20T07:50:59.291+0000] {dagbag.py:538} INFO - Filling up the DagBag from /home/airflow/.local/lib/python3.8/site-packages/airflow/example_dags/example_latest_only.py
[2025-05-20T07:50:59.300+0000] {processor.py:840} INFO - DAG(s) 'latest_only' retrieved from /home/airflow/.local/lib/python3.8/site-packages/airflow/example_dags/example_latest_only.py
[2025-05-20T07:50:59.341+0000] {logging_mixin.py:188} INFO - [2025-05-20T07:50:59.341+0000] {dag.py:3036} INFO - Sync 1 DAGs
[2025-05-20T07:50:59.394+0000] {logging_mixin.py:188} INFO - [2025-05-20T07:50:59.394+0000] {dag.py:3823} INFO - Setting next_dagrun for latest_only to 2025-05-20 00:00:00+00:00, run_after=2025-05-20 04:00:00+00:00
[2025-05-20T07:50:59.438+0000] {processor.py:183} INFO - Processing /home/airflow/.local/lib/python3.8/site-packages/airflow/example_dags/example_latest_only.py took 0.163 seconds
[2025-05-20T07:51:30.727+0000] {processor.py:161} INFO - Started process (PID=837) to work on /home/airflow/.local/lib/python3.8/site-packages/airflow/example_dags/example_latest_only.py
[2025-05-20T07:51:30.729+0000] {processor.py:830} INFO - Processing file /home/airflow/.local/lib/python3.8/site-packages/airflow/example_dags/example_latest_only.py for tasks to queue
[2025-05-20T07:51:30.733+0000] {logging_mixin.py:188} INFO - [2025-05-20T07:51:30.733+0000] {dagbag.py:538} INFO - Filling up the DagBag from /home/airflow/.local/lib/python3.8/site-packages/airflow/example_dags/example_latest_only.py
[2025-05-20T07:51:30.744+0000] {processor.py:840} INFO - DAG(s) 'latest_only' retrieved from /home/airflow/.local/lib/python3.8/site-packages/airflow/example_dags/example_latest_only.py
[2025-05-20T07:51:30.788+0000] {logging_mixin.py:188} INFO - [2025-05-20T07:51:30.787+0000] {dag.py:3036} INFO - Sync 1 DAGs
[2025-05-20T07:51:30.840+0000] {logging_mixin.py:188} INFO - [2025-05-20T07:51:30.840+0000] {dag.py:3823} INFO - Setting next_dagrun for latest_only to 2025-05-20 00:00:00+00:00, run_after=2025-05-20 04:00:00+00:00
[2025-05-20T07:51:30.889+0000] {processor.py:183} INFO - Processing /home/airflow/.local/lib/python3.8/site-packages/airflow/example_dags/example_latest_only.py took 0.169 seconds
[2025-05-20T07:52:02.568+0000] {processor.py:161} INFO - Started process (PID=902) to work on /home/airflow/.local/lib/python3.8/site-packages/airflow/example_dags/example_latest_only.py
[2025-05-20T07:52:02.569+0000] {processor.py:830} INFO - Processing file /home/airflow/.local/lib/python3.8/site-packages/airflow/example_dags/example_latest_only.py for tasks to queue
[2025-05-20T07:52:02.572+0000] {logging_mixin.py:188} INFO - [2025-05-20T07:52:02.572+0000] {dagbag.py:538} INFO - Filling up the DagBag from /home/airflow/.local/lib/python3.8/site-packages/airflow/example_dags/example_latest_only.py
[2025-05-20T07:52:02.580+0000] {processor.py:840} INFO - DAG(s) 'latest_only' retrieved from /home/airflow/.local/lib/python3.8/site-packages/airflow/example_dags/example_latest_only.py
[2025-05-20T07:52:02.613+0000] {logging_mixin.py:188} INFO - [2025-05-20T07:52:02.612+0000] {dag.py:3036} INFO - Sync 1 DAGs
[2025-05-20T07:52:02.666+0000] {logging_mixin.py:188} INFO - [2025-05-20T07:52:02.666+0000] {dag.py:3823} INFO - Setting next_dagrun for latest_only to 2025-05-20 00:00:00+00:00, run_after=2025-05-20 04:00:00+00:00
[2025-05-20T07:52:02.722+0000] {processor.py:183} INFO - Processing /home/airflow/.local/lib/python3.8/site-packages/airflow/example_dags/example_latest_only.py took 0.160 seconds
[2025-05-20T07:52:33.106+0000] {processor.py:161} INFO - Started process (PID=971) to work on /home/airflow/.local/lib/python3.8/site-packages/airflow/example_dags/example_latest_only.py
[2025-05-20T07:52:33.107+0000] {processor.py:830} INFO - Processing file /home/airflow/.local/lib/python3.8/site-packages/airflow/example_dags/example_latest_only.py for tasks to queue
[2025-05-20T07:52:33.110+0000] {logging_mixin.py:188} INFO - [2025-05-20T07:52:33.110+0000] {dagbag.py:538} INFO - Filling up the DagBag from /home/airflow/.local/lib/python3.8/site-packages/airflow/example_dags/example_latest_only.py
[2025-05-20T07:52:33.119+0000] {processor.py:840} INFO - DAG(s) 'latest_only' retrieved from /home/airflow/.local/lib/python3.8/site-packages/airflow/example_dags/example_latest_only.py
[2025-05-20T07:52:33.150+0000] {logging_mixin.py:188} INFO - [2025-05-20T07:52:33.150+0000] {dag.py:3036} INFO - Sync 1 DAGs
[2025-05-20T07:52:33.192+0000] {logging_mixin.py:188} INFO - [2025-05-20T07:52:33.191+0000] {dag.py:3823} INFO - Setting next_dagrun for latest_only to 2025-05-20 00:00:00+00:00, run_after=2025-05-20 04:00:00+00:00
[2025-05-20T07:52:33.259+0000] {processor.py:183} INFO - Processing /home/airflow/.local/lib/python3.8/site-packages/airflow/example_dags/example_latest_only.py took 0.158 seconds
[2025-05-20T07:53:04.051+0000] {processor.py:161} INFO - Started process (PID=1034) to work on /home/airflow/.local/lib/python3.8/site-packages/airflow/example_dags/example_latest_only.py
[2025-05-20T07:53:04.061+0000] {processor.py:830} INFO - Processing file /home/airflow/.local/lib/python3.8/site-packages/airflow/example_dags/example_latest_only.py for tasks to queue
[2025-05-20T07:53:04.073+0000] {logging_mixin.py:188} INFO - [2025-05-20T07:53:04.072+0000] {dagbag.py:538} INFO - Filling up the DagBag from /home/airflow/.local/lib/python3.8/site-packages/airflow/example_dags/example_latest_only.py
[2025-05-20T07:53:04.093+0000] {processor.py:840} INFO - DAG(s) 'latest_only' retrieved from /home/airflow/.local/lib/python3.8/site-packages/airflow/example_dags/example_latest_only.py
[2025-05-20T07:53:04.136+0000] {logging_mixin.py:188} INFO - [2025-05-20T07:53:04.135+0000] {dag.py:3036} INFO - Sync 1 DAGs
[2025-05-20T07:53:04.185+0000] {logging_mixin.py:188} INFO - [2025-05-20T07:53:04.184+0000] {dag.py:3823} INFO - Setting next_dagrun for latest_only to 2025-05-20 00:00:00+00:00, run_after=2025-05-20 04:00:00+00:00
[2025-05-20T07:53:04.230+0000] {processor.py:183} INFO - Processing /home/airflow/.local/lib/python3.8/site-packages/airflow/example_dags/example_latest_only.py took 0.215 seconds
[2025-05-20T07:53:37.557+0000] {processor.py:161} INFO - Started process (PID=1103) to work on /home/airflow/.local/lib/python3.8/site-packages/airflow/example_dags/example_latest_only.py
[2025-05-20T07:53:37.560+0000] {processor.py:830} INFO - Processing file /home/airflow/.local/lib/python3.8/site-packages/airflow/example_dags/example_latest_only.py for tasks to queue
[2025-05-20T07:53:37.564+0000] {logging_mixin.py:188} INFO - [2025-05-20T07:53:37.563+0000] {dagbag.py:538} INFO - Filling up the DagBag from /home/airflow/.local/lib/python3.8/site-packages/airflow/example_dags/example_latest_only.py
[2025-05-20T07:53:37.578+0000] {processor.py:840} INFO - DAG(s) 'latest_only' retrieved from /home/airflow/.local/lib/python3.8/site-packages/airflow/example_dags/example_latest_only.py
[2025-05-20T07:53:37.625+0000] {logging_mixin.py:188} INFO - [2025-05-20T07:53:37.625+0000] {dag.py:3036} INFO - Sync 1 DAGs
[2025-05-20T07:53:37.680+0000] {logging_mixin.py:188} INFO - [2025-05-20T07:53:37.679+0000] {dag.py:3823} INFO - Setting next_dagrun for latest_only to 2025-05-20 00:00:00+00:00, run_after=2025-05-20 04:00:00+00:00
[2025-05-20T07:53:37.727+0000] {processor.py:183} INFO - Processing /home/airflow/.local/lib/python3.8/site-packages/airflow/example_dags/example_latest_only.py took 0.179 seconds
[2025-05-20T07:54:09.329+0000] {processor.py:161} INFO - Started process (PID=1168) to work on /home/airflow/.local/lib/python3.8/site-packages/airflow/example_dags/example_latest_only.py
[2025-05-20T07:54:09.333+0000] {processor.py:830} INFO - Processing file /home/airflow/.local/lib/python3.8/site-packages/airflow/example_dags/example_latest_only.py for tasks to queue
[2025-05-20T07:54:09.341+0000] {logging_mixin.py:188} INFO - [2025-05-20T07:54:09.340+0000] {dagbag.py:538} INFO - Filling up the DagBag from /home/airflow/.local/lib/python3.8/site-packages/airflow/example_dags/example_latest_only.py
[2025-05-20T07:54:09.364+0000] {processor.py:840} INFO - DAG(s) 'latest_only' retrieved from /home/airflow/.local/lib/python3.8/site-packages/airflow/example_dags/example_latest_only.py
[2025-05-20T07:54:09.444+0000] {logging_mixin.py:188} INFO - [2025-05-20T07:54:09.443+0000] {dag.py:3036} INFO - Sync 1 DAGs
[2025-05-20T07:54:09.550+0000] {logging_mixin.py:188} INFO - [2025-05-20T07:54:09.549+0000] {dag.py:3823} INFO - Setting next_dagrun for latest_only to 2025-05-20 00:00:00+00:00, run_after=2025-05-20 04:00:00+00:00
[2025-05-20T07:54:09.625+0000] {processor.py:183} INFO - Processing /home/airflow/.local/lib/python3.8/site-packages/airflow/example_dags/example_latest_only.py took 0.310 seconds
[2025-05-20T07:54:40.943+0000] {processor.py:161} INFO - Started process (PID=1233) to work on /home/airflow/.local/lib/python3.8/site-packages/airflow/example_dags/example_latest_only.py
[2025-05-20T07:54:40.944+0000] {processor.py:830} INFO - Processing file /home/airflow/.local/lib/python3.8/site-packages/airflow/example_dags/example_latest_only.py for tasks to queue
[2025-05-20T07:54:40.947+0000] {logging_mixin.py:188} INFO - [2025-05-20T07:54:40.947+0000] {dagbag.py:538} INFO - Filling up the DagBag from /home/airflow/.local/lib/python3.8/site-packages/airflow/example_dags/example_latest_only.py
[2025-05-20T07:54:40.955+0000] {processor.py:840} INFO - DAG(s) 'latest_only' retrieved from /home/airflow/.local/lib/python3.8/site-packages/airflow/example_dags/example_latest_only.py
[2025-05-20T07:54:40.989+0000] {logging_mixin.py:188} INFO - [2025-05-20T07:54:40.989+0000] {dag.py:3036} INFO - Sync 1 DAGs
[2025-05-20T07:54:41.038+0000] {logging_mixin.py:188} INFO - [2025-05-20T07:54:41.038+0000] {dag.py:3823} INFO - Setting next_dagrun for latest_only to 2025-05-20 00:00:00+00:00, run_after=2025-05-20 04:00:00+00:00
[2025-05-20T07:54:41.210+0000] {processor.py:183} INFO - Processing /home/airflow/.local/lib/python3.8/site-packages/airflow/example_dags/example_latest_only.py took 0.272 seconds
[2025-05-20T07:55:12.298+0000] {processor.py:161} INFO - Started process (PID=1298) to work on /home/airflow/.local/lib/python3.8/site-packages/airflow/example_dags/example_latest_only.py
[2025-05-20T07:55:12.299+0000] {processor.py:830} INFO - Processing file /home/airflow/.local/lib/python3.8/site-packages/airflow/example_dags/example_latest_only.py for tasks to queue
[2025-05-20T07:55:12.303+0000] {logging_mixin.py:188} INFO - [2025-05-20T07:55:12.302+0000] {dagbag.py:538} INFO - Filling up the DagBag from /home/airflow/.local/lib/python3.8/site-packages/airflow/example_dags/example_latest_only.py
[2025-05-20T07:55:12.311+0000] {processor.py:840} INFO - DAG(s) 'latest_only' retrieved from /home/airflow/.local/lib/python3.8/site-packages/airflow/example_dags/example_latest_only.py
[2025-05-20T07:55:12.355+0000] {logging_mixin.py:188} INFO - [2025-05-20T07:55:12.354+0000] {dag.py:3036} INFO - Sync 1 DAGs
[2025-05-20T07:55:12.417+0000] {logging_mixin.py:188} INFO - [2025-05-20T07:55:12.416+0000] {dag.py:3823} INFO - Setting next_dagrun for latest_only to 2025-05-20 00:00:00+00:00, run_after=2025-05-20 04:00:00+00:00
[2025-05-20T07:55:12.452+0000] {processor.py:183} INFO - Processing /home/airflow/.local/lib/python3.8/site-packages/airflow/example_dags/example_latest_only.py took 0.160 seconds
[2025-05-20T07:55:43.297+0000] {processor.py:161} INFO - Started process (PID=1363) to work on /home/airflow/.local/lib/python3.8/site-packages/airflow/example_dags/example_latest_only.py
[2025-05-20T07:55:43.299+0000] {processor.py:830} INFO - Processing file /home/airflow/.local/lib/python3.8/site-packages/airflow/example_dags/example_latest_only.py for tasks to queue
[2025-05-20T07:55:43.302+0000] {logging_mixin.py:188} INFO - [2025-05-20T07:55:43.302+0000] {dagbag.py:538} INFO - Filling up the DagBag from /home/airflow/.local/lib/python3.8/site-packages/airflow/example_dags/example_latest_only.py
[2025-05-20T07:55:43.310+0000] {processor.py:840} INFO - DAG(s) 'latest_only' retrieved from /home/airflow/.local/lib/python3.8/site-packages/airflow/example_dags/example_latest_only.py
[2025-05-20T07:55:43.341+0000] {logging_mixin.py:188} INFO - [2025-05-20T07:55:43.341+0000] {dag.py:3036} INFO - Sync 1 DAGs
[2025-05-20T07:55:43.379+0000] {logging_mixin.py:188} INFO - [2025-05-20T07:55:43.379+0000] {dag.py:3823} INFO - Setting next_dagrun for latest_only to 2025-05-20 00:00:00+00:00, run_after=2025-05-20 04:00:00+00:00
[2025-05-20T07:55:43.415+0000] {processor.py:183} INFO - Processing /home/airflow/.local/lib/python3.8/site-packages/airflow/example_dags/example_latest_only.py took 0.123 seconds
[2025-05-20T07:56:14.766+0000] {processor.py:161} INFO - Started process (PID=1428) to work on /home/airflow/.local/lib/python3.8/site-packages/airflow/example_dags/example_latest_only.py
[2025-05-20T07:56:14.769+0000] {processor.py:830} INFO - Processing file /home/airflow/.local/lib/python3.8/site-packages/airflow/example_dags/example_latest_only.py for tasks to queue
[2025-05-20T07:56:14.773+0000] {logging_mixin.py:188} INFO - [2025-05-20T07:56:14.772+0000] {dagbag.py:538} INFO - Filling up the DagBag from /home/airflow/.local/lib/python3.8/site-packages/airflow/example_dags/example_latest_only.py
[2025-05-20T07:56:14.784+0000] {processor.py:840} INFO - DAG(s) 'latest_only' retrieved from /home/airflow/.local/lib/python3.8/site-packages/airflow/example_dags/example_latest_only.py
[2025-05-20T07:56:14.845+0000] {logging_mixin.py:188} INFO - [2025-05-20T07:56:14.844+0000] {dag.py:3036} INFO - Sync 1 DAGs
[2025-05-20T07:56:14.923+0000] {logging_mixin.py:188} INFO - [2025-05-20T07:56:14.922+0000] {dag.py:3823} INFO - Setting next_dagrun for latest_only to 2025-05-20 00:00:00+00:00, run_after=2025-05-20 04:00:00+00:00
[2025-05-20T07:56:14.970+0000] {processor.py:183} INFO - Processing /home/airflow/.local/lib/python3.8/site-packages/airflow/example_dags/example_latest_only.py took 0.210 seconds
[2025-05-20T07:56:45.730+0000] {processor.py:161} INFO - Started process (PID=1493) to work on /home/airflow/.local/lib/python3.8/site-packages/airflow/example_dags/example_latest_only.py
[2025-05-20T07:56:45.732+0000] {processor.py:830} INFO - Processing file /home/airflow/.local/lib/python3.8/site-packages/airflow/example_dags/example_latest_only.py for tasks to queue
[2025-05-20T07:56:45.736+0000] {logging_mixin.py:188} INFO - [2025-05-20T07:56:45.735+0000] {dagbag.py:538} INFO - Filling up the DagBag from /home/airflow/.local/lib/python3.8/site-packages/airflow/example_dags/example_latest_only.py
[2025-05-20T07:56:45.746+0000] {processor.py:840} INFO - DAG(s) 'latest_only' retrieved from /home/airflow/.local/lib/python3.8/site-packages/airflow/example_dags/example_latest_only.py
[2025-05-20T07:56:45.793+0000] {logging_mixin.py:188} INFO - [2025-05-20T07:56:45.792+0000] {dag.py:3036} INFO - Sync 1 DAGs
[2025-05-20T07:56:45.859+0000] {logging_mixin.py:188} INFO - [2025-05-20T07:56:45.858+0000] {dag.py:3823} INFO - Setting next_dagrun for latest_only to 2025-05-20 00:00:00+00:00, run_after=2025-05-20 04:00:00+00:00
[2025-05-20T07:56:45.917+0000] {processor.py:183} INFO - Processing /home/airflow/.local/lib/python3.8/site-packages/airflow/example_dags/example_latest_only.py took 0.195 seconds
[2025-05-20T07:57:17.055+0000] {processor.py:161} INFO - Started process (PID=1558) to work on /home/airflow/.local/lib/python3.8/site-packages/airflow/example_dags/example_latest_only.py
[2025-05-20T07:57:17.057+0000] {processor.py:830} INFO - Processing file /home/airflow/.local/lib/python3.8/site-packages/airflow/example_dags/example_latest_only.py for tasks to queue
[2025-05-20T07:57:17.063+0000] {logging_mixin.py:188} INFO - [2025-05-20T07:57:17.062+0000] {dagbag.py:538} INFO - Filling up the DagBag from /home/airflow/.local/lib/python3.8/site-packages/airflow/example_dags/example_latest_only.py
[2025-05-20T07:57:17.074+0000] {processor.py:840} INFO - DAG(s) 'latest_only' retrieved from /home/airflow/.local/lib/python3.8/site-packages/airflow/example_dags/example_latest_only.py
[2025-05-20T07:57:17.124+0000] {logging_mixin.py:188} INFO - [2025-05-20T07:57:17.123+0000] {dag.py:3036} INFO - Sync 1 DAGs
[2025-05-20T07:57:17.179+0000] {logging_mixin.py:188} INFO - [2025-05-20T07:57:17.179+0000] {dag.py:3823} INFO - Setting next_dagrun for latest_only to 2025-05-20 00:00:00+00:00, run_after=2025-05-20 04:00:00+00:00
[2025-05-20T07:57:17.227+0000] {processor.py:183} INFO - Processing /home/airflow/.local/lib/python3.8/site-packages/airflow/example_dags/example_latest_only.py took 0.179 seconds
[2025-05-20T07:57:47.835+0000] {processor.py:161} INFO - Started process (PID=1621) to work on /home/airflow/.local/lib/python3.8/site-packages/airflow/example_dags/example_latest_only.py
[2025-05-20T07:57:47.836+0000] {processor.py:830} INFO - Processing file /home/airflow/.local/lib/python3.8/site-packages/airflow/example_dags/example_latest_only.py for tasks to queue
[2025-05-20T07:57:47.839+0000] {logging_mixin.py:188} INFO - [2025-05-20T07:57:47.839+0000] {dagbag.py:538} INFO - Filling up the DagBag from /home/airflow/.local/lib/python3.8/site-packages/airflow/example_dags/example_latest_only.py
[2025-05-20T07:57:47.847+0000] {processor.py:840} INFO - DAG(s) 'latest_only' retrieved from /home/airflow/.local/lib/python3.8/site-packages/airflow/example_dags/example_latest_only.py
[2025-05-20T07:57:47.885+0000] {logging_mixin.py:188} INFO - [2025-05-20T07:57:47.884+0000] {dag.py:3036} INFO - Sync 1 DAGs
[2025-05-20T07:57:47.938+0000] {logging_mixin.py:188} INFO - [2025-05-20T07:57:47.938+0000] {dag.py:3823} INFO - Setting next_dagrun for latest_only to 2025-05-20 00:00:00+00:00, run_after=2025-05-20 04:00:00+00:00
[2025-05-20T07:57:47.977+0000] {processor.py:183} INFO - Processing /home/airflow/.local/lib/python3.8/site-packages/airflow/example_dags/example_latest_only.py took 0.147 seconds
[2025-05-20T07:58:19.888+0000] {processor.py:161} INFO - Started process (PID=1686) to work on /home/airflow/.local/lib/python3.8/site-packages/airflow/example_dags/example_latest_only.py
[2025-05-20T07:58:19.890+0000] {processor.py:830} INFO - Processing file /home/airflow/.local/lib/python3.8/site-packages/airflow/example_dags/example_latest_only.py for tasks to queue
[2025-05-20T07:58:19.894+0000] {logging_mixin.py:188} INFO - [2025-05-20T07:58:19.893+0000] {dagbag.py:538} INFO - Filling up the DagBag from /home/airflow/.local/lib/python3.8/site-packages/airflow/example_dags/example_latest_only.py
[2025-05-20T07:58:19.906+0000] {processor.py:840} INFO - DAG(s) 'latest_only' retrieved from /home/airflow/.local/lib/python3.8/site-packages/airflow/example_dags/example_latest_only.py
[2025-05-20T07:58:19.949+0000] {logging_mixin.py:188} INFO - [2025-05-20T07:58:19.949+0000] {dag.py:3036} INFO - Sync 1 DAGs
[2025-05-20T07:58:20.007+0000] {logging_mixin.py:188} INFO - [2025-05-20T07:58:20.007+0000] {dag.py:3823} INFO - Setting next_dagrun for latest_only to 2025-05-20 00:00:00+00:00, run_after=2025-05-20 04:00:00+00:00
[2025-05-20T07:58:20.100+0000] {processor.py:183} INFO - Processing /home/airflow/.local/lib/python3.8/site-packages/airflow/example_dags/example_latest_only.py took 0.219 seconds
[2025-05-20T07:58:51.105+0000] {processor.py:161} INFO - Started process (PID=1751) to work on /home/airflow/.local/lib/python3.8/site-packages/airflow/example_dags/example_latest_only.py
[2025-05-20T07:58:51.107+0000] {processor.py:830} INFO - Processing file /home/airflow/.local/lib/python3.8/site-packages/airflow/example_dags/example_latest_only.py for tasks to queue
[2025-05-20T07:58:51.111+0000] {logging_mixin.py:188} INFO - [2025-05-20T07:58:51.110+0000] {dagbag.py:538} INFO - Filling up the DagBag from /home/airflow/.local/lib/python3.8/site-packages/airflow/example_dags/example_latest_only.py
[2025-05-20T07:58:51.119+0000] {processor.py:840} INFO - DAG(s) 'latest_only' retrieved from /home/airflow/.local/lib/python3.8/site-packages/airflow/example_dags/example_latest_only.py
[2025-05-20T07:58:51.154+0000] {logging_mixin.py:188} INFO - [2025-05-20T07:58:51.154+0000] {dag.py:3036} INFO - Sync 1 DAGs
[2025-05-20T07:58:51.195+0000] {logging_mixin.py:188} INFO - [2025-05-20T07:58:51.194+0000] {dag.py:3823} INFO - Setting next_dagrun for latest_only to 2025-05-20 00:00:00+00:00, run_after=2025-05-20 04:00:00+00:00
[2025-05-20T07:58:51.234+0000] {processor.py:183} INFO - Processing /home/airflow/.local/lib/python3.8/site-packages/airflow/example_dags/example_latest_only.py took 0.141 seconds
[2025-05-20T07:59:22.516+0000] {processor.py:161} INFO - Started process (PID=1816) to work on /home/airflow/.local/lib/python3.8/site-packages/airflow/example_dags/example_latest_only.py
[2025-05-20T07:59:22.517+0000] {processor.py:830} INFO - Processing file /home/airflow/.local/lib/python3.8/site-packages/airflow/example_dags/example_latest_only.py for tasks to queue
[2025-05-20T07:59:22.521+0000] {logging_mixin.py:188} INFO - [2025-05-20T07:59:22.521+0000] {dagbag.py:538} INFO - Filling up the DagBag from /home/airflow/.local/lib/python3.8/site-packages/airflow/example_dags/example_latest_only.py
[2025-05-20T07:59:22.530+0000] {processor.py:840} INFO - DAG(s) 'latest_only' retrieved from /home/airflow/.local/lib/python3.8/site-packages/airflow/example_dags/example_latest_only.py
[2025-05-20T07:59:22.582+0000] {logging_mixin.py:188} INFO - [2025-05-20T07:59:22.581+0000] {dag.py:3036} INFO - Sync 1 DAGs
[2025-05-20T07:59:22.631+0000] {logging_mixin.py:188} INFO - [2025-05-20T07:59:22.631+0000] {dag.py:3823} INFO - Setting next_dagrun for latest_only to 2025-05-20 00:00:00+00:00, run_after=2025-05-20 04:00:00+00:00
[2025-05-20T07:59:22.672+0000] {processor.py:183} INFO - Processing /home/airflow/.local/lib/python3.8/site-packages/airflow/example_dags/example_latest_only.py took 0.164 seconds
[2025-05-20T07:59:53.453+0000] {processor.py:161} INFO - Started process (PID=1881) to work on /home/airflow/.local/lib/python3.8/site-packages/airflow/example_dags/example_latest_only.py
[2025-05-20T07:59:53.455+0000] {processor.py:830} INFO - Processing file /home/airflow/.local/lib/python3.8/site-packages/airflow/example_dags/example_latest_only.py for tasks to queue
[2025-05-20T07:59:53.458+0000] {logging_mixin.py:188} INFO - [2025-05-20T07:59:53.457+0000] {dagbag.py:538} INFO - Filling up the DagBag from /home/airflow/.local/lib/python3.8/site-packages/airflow/example_dags/example_latest_only.py
[2025-05-20T07:59:53.466+0000] {processor.py:840} INFO - DAG(s) 'latest_only' retrieved from /home/airflow/.local/lib/python3.8/site-packages/airflow/example_dags/example_latest_only.py
[2025-05-20T07:59:53.498+0000] {logging_mixin.py:188} INFO - [2025-05-20T07:59:53.498+0000] {dag.py:3036} INFO - Sync 1 DAGs
[2025-05-20T07:59:53.537+0000] {logging_mixin.py:188} INFO - [2025-05-20T07:59:53.536+0000] {dag.py:3823} INFO - Setting next_dagrun for latest_only to 2025-05-20 00:00:00+00:00, run_after=2025-05-20 04:00:00+00:00
[2025-05-20T07:59:53.897+0000] {processor.py:183} INFO - Processing /home/airflow/.local/lib/python3.8/site-packages/airflow/example_dags/example_latest_only.py took 0.448 seconds
[2025-05-20T08:00:26.062+0000] {processor.py:161} INFO - Started process (PID=1946) to work on /home/airflow/.local/lib/python3.8/site-packages/airflow/example_dags/example_latest_only.py
[2025-05-20T08:00:26.063+0000] {processor.py:830} INFO - Processing file /home/airflow/.local/lib/python3.8/site-packages/airflow/example_dags/example_latest_only.py for tasks to queue
[2025-05-20T08:00:26.066+0000] {logging_mixin.py:188} INFO - [2025-05-20T08:00:26.066+0000] {dagbag.py:538} INFO - Filling up the DagBag from /home/airflow/.local/lib/python3.8/site-packages/airflow/example_dags/example_latest_only.py
[2025-05-20T08:00:26.074+0000] {processor.py:840} INFO - DAG(s) 'latest_only' retrieved from /home/airflow/.local/lib/python3.8/site-packages/airflow/example_dags/example_latest_only.py
[2025-05-20T08:00:26.107+0000] {logging_mixin.py:188} INFO - [2025-05-20T08:00:26.106+0000] {dag.py:3036} INFO - Sync 1 DAGs
[2025-05-20T08:00:26.316+0000] {logging_mixin.py:188} INFO - [2025-05-20T08:00:26.315+0000] {dag.py:3823} INFO - Setting next_dagrun for latest_only to 2025-05-20 04:00:00+00:00, run_after=2025-05-20 08:00:00+00:00
[2025-05-20T08:00:26.356+0000] {processor.py:183} INFO - Processing /home/airflow/.local/lib/python3.8/site-packages/airflow/example_dags/example_latest_only.py took 0.300 seconds
[2025-05-20T08:00:57.703+0000] {processor.py:161} INFO - Started process (PID=2011) to work on /home/airflow/.local/lib/python3.8/site-packages/airflow/example_dags/example_latest_only.py
[2025-05-20T08:00:57.704+0000] {processor.py:830} INFO - Processing file /home/airflow/.local/lib/python3.8/site-packages/airflow/example_dags/example_latest_only.py for tasks to queue
[2025-05-20T08:00:57.708+0000] {logging_mixin.py:188} INFO - [2025-05-20T08:00:57.708+0000] {dagbag.py:538} INFO - Filling up the DagBag from /home/airflow/.local/lib/python3.8/site-packages/airflow/example_dags/example_latest_only.py
[2025-05-20T08:00:57.717+0000] {processor.py:840} INFO - DAG(s) 'latest_only' retrieved from /home/airflow/.local/lib/python3.8/site-packages/airflow/example_dags/example_latest_only.py
[2025-05-20T08:00:57.755+0000] {logging_mixin.py:188} INFO - [2025-05-20T08:00:57.755+0000] {dag.py:3036} INFO - Sync 1 DAGs
[2025-05-20T08:00:58.029+0000] {logging_mixin.py:188} INFO - [2025-05-20T08:00:58.029+0000] {dag.py:3823} INFO - Setting next_dagrun for latest_only to 2025-05-20 04:00:00+00:00, run_after=2025-05-20 08:00:00+00:00
[2025-05-20T08:00:58.070+0000] {processor.py:183} INFO - Processing /home/airflow/.local/lib/python3.8/site-packages/airflow/example_dags/example_latest_only.py took 0.373 seconds
[2025-05-20T08:01:29.222+0000] {processor.py:161} INFO - Started process (PID=2076) to work on /home/airflow/.local/lib/python3.8/site-packages/airflow/example_dags/example_latest_only.py
[2025-05-20T08:01:29.226+0000] {processor.py:830} INFO - Processing file /home/airflow/.local/lib/python3.8/site-packages/airflow/example_dags/example_latest_only.py for tasks to queue
[2025-05-20T08:01:29.233+0000] {logging_mixin.py:188} INFO - [2025-05-20T08:01:29.232+0000] {dagbag.py:538} INFO - Filling up the DagBag from /home/airflow/.local/lib/python3.8/site-packages/airflow/example_dags/example_latest_only.py
[2025-05-20T08:01:29.252+0000] {processor.py:840} INFO - DAG(s) 'latest_only' retrieved from /home/airflow/.local/lib/python3.8/site-packages/airflow/example_dags/example_latest_only.py
[2025-05-20T08:01:29.327+0000] {logging_mixin.py:188} INFO - [2025-05-20T08:01:29.326+0000] {dag.py:3036} INFO - Sync 1 DAGs
[2025-05-20T08:01:29.424+0000] {logging_mixin.py:188} INFO - [2025-05-20T08:01:29.423+0000] {dag.py:3823} INFO - Setting next_dagrun for latest_only to 2025-05-20 04:00:00+00:00, run_after=2025-05-20 08:00:00+00:00
[2025-05-20T08:01:29.503+0000] {processor.py:183} INFO - Processing /home/airflow/.local/lib/python3.8/site-packages/airflow/example_dags/example_latest_only.py took 0.294 seconds
[2025-05-20T08:01:59.839+0000] {processor.py:161} INFO - Started process (PID=2141) to work on /home/airflow/.local/lib/python3.8/site-packages/airflow/example_dags/example_latest_only.py
[2025-05-20T08:01:59.841+0000] {processor.py:830} INFO - Processing file /home/airflow/.local/lib/python3.8/site-packages/airflow/example_dags/example_latest_only.py for tasks to queue
[2025-05-20T08:01:59.846+0000] {logging_mixin.py:188} INFO - [2025-05-20T08:01:59.845+0000] {dagbag.py:538} INFO - Filling up the DagBag from /home/airflow/.local/lib/python3.8/site-packages/airflow/example_dags/example_latest_only.py
[2025-05-20T08:01:59.857+0000] {processor.py:840} INFO - DAG(s) 'latest_only' retrieved from /home/airflow/.local/lib/python3.8/site-packages/airflow/example_dags/example_latest_only.py
[2025-05-20T08:01:59.906+0000] {logging_mixin.py:188} INFO - [2025-05-20T08:01:59.905+0000] {dag.py:3036} INFO - Sync 1 DAGs
[2025-05-20T08:01:59.965+0000] {logging_mixin.py:188} INFO - [2025-05-20T08:01:59.965+0000] {dag.py:3823} INFO - Setting next_dagrun for latest_only to 2025-05-20 04:00:00+00:00, run_after=2025-05-20 08:00:00+00:00
[2025-05-20T08:02:00.016+0000] {processor.py:183} INFO - Processing /home/airflow/.local/lib/python3.8/site-packages/airflow/example_dags/example_latest_only.py took 0.183 seconds
[2025-05-20T08:02:30.131+0000] {processor.py:161} INFO - Started process (PID=2204) to work on /home/airflow/.local/lib/python3.8/site-packages/airflow/example_dags/example_latest_only.py
[2025-05-20T08:02:30.134+0000] {processor.py:830} INFO - Processing file /home/airflow/.local/lib/python3.8/site-packages/airflow/example_dags/example_latest_only.py for tasks to queue
[2025-05-20T08:02:30.138+0000] {logging_mixin.py:188} INFO - [2025-05-20T08:02:30.137+0000] {dagbag.py:538} INFO - Filling up the DagBag from /home/airflow/.local/lib/python3.8/site-packages/airflow/example_dags/example_latest_only.py
[2025-05-20T08:02:30.149+0000] {processor.py:840} INFO - DAG(s) 'latest_only' retrieved from /home/airflow/.local/lib/python3.8/site-packages/airflow/example_dags/example_latest_only.py
[2025-05-20T08:02:30.192+0000] {logging_mixin.py:188} INFO - [2025-05-20T08:02:30.191+0000] {dag.py:3036} INFO - Sync 1 DAGs
[2025-05-20T08:02:30.247+0000] {logging_mixin.py:188} INFO - [2025-05-20T08:02:30.246+0000] {dag.py:3823} INFO - Setting next_dagrun for latest_only to 2025-05-20 04:00:00+00:00, run_after=2025-05-20 08:00:00+00:00
[2025-05-20T08:02:30.290+0000] {processor.py:183} INFO - Processing /home/airflow/.local/lib/python3.8/site-packages/airflow/example_dags/example_latest_only.py took 0.167 seconds
[2025-05-20T08:03:01.373+0000] {processor.py:161} INFO - Started process (PID=2271) to work on /home/airflow/.local/lib/python3.8/site-packages/airflow/example_dags/example_latest_only.py
[2025-05-20T08:03:01.375+0000] {processor.py:830} INFO - Processing file /home/airflow/.local/lib/python3.8/site-packages/airflow/example_dags/example_latest_only.py for tasks to queue
[2025-05-20T08:03:01.379+0000] {logging_mixin.py:188} INFO - [2025-05-20T08:03:01.379+0000] {dagbag.py:538} INFO - Filling up the DagBag from /home/airflow/.local/lib/python3.8/site-packages/airflow/example_dags/example_latest_only.py
[2025-05-20T08:03:01.391+0000] {processor.py:840} INFO - DAG(s) 'latest_only' retrieved from /home/airflow/.local/lib/python3.8/site-packages/airflow/example_dags/example_latest_only.py
[2025-05-20T08:03:01.427+0000] {logging_mixin.py:188} INFO - [2025-05-20T08:03:01.426+0000] {dag.py:3036} INFO - Sync 1 DAGs
[2025-05-20T08:03:01.468+0000] {logging_mixin.py:188} INFO - [2025-05-20T08:03:01.468+0000] {dag.py:3823} INFO - Setting next_dagrun for latest_only to 2025-05-20 04:00:00+00:00, run_after=2025-05-20 08:00:00+00:00
[2025-05-20T08:03:01.505+0000] {processor.py:183} INFO - Processing /home/airflow/.local/lib/python3.8/site-packages/airflow/example_dags/example_latest_only.py took 0.138 seconds
[2025-05-20T08:03:33.171+0000] {processor.py:161} INFO - Started process (PID=2337) to work on /home/airflow/.local/lib/python3.8/site-packages/airflow/example_dags/example_latest_only.py
[2025-05-20T08:03:33.173+0000] {processor.py:830} INFO - Processing file /home/airflow/.local/lib/python3.8/site-packages/airflow/example_dags/example_latest_only.py for tasks to queue
[2025-05-20T08:03:33.176+0000] {logging_mixin.py:188} INFO - [2025-05-20T08:03:33.176+0000] {dagbag.py:538} INFO - Filling up the DagBag from /home/airflow/.local/lib/python3.8/site-packages/airflow/example_dags/example_latest_only.py
[2025-05-20T08:03:33.184+0000] {processor.py:840} INFO - DAG(s) 'latest_only' retrieved from /home/airflow/.local/lib/python3.8/site-packages/airflow/example_dags/example_latest_only.py
[2025-05-20T08:03:33.220+0000] {logging_mixin.py:188} INFO - [2025-05-20T08:03:33.220+0000] {dag.py:3036} INFO - Sync 1 DAGs
[2025-05-20T08:03:33.265+0000] {logging_mixin.py:188} INFO - [2025-05-20T08:03:33.264+0000] {dag.py:3823} INFO - Setting next_dagrun for latest_only to 2025-05-20 04:00:00+00:00, run_after=2025-05-20 08:00:00+00:00
[2025-05-20T08:03:33.304+0000] {processor.py:183} INFO - Processing /home/airflow/.local/lib/python3.8/site-packages/airflow/example_dags/example_latest_only.py took 0.138 seconds
[2025-05-20T08:04:03.985+0000] {processor.py:161} INFO - Started process (PID=2402) to work on /home/airflow/.local/lib/python3.8/site-packages/airflow/example_dags/example_latest_only.py
[2025-05-20T08:04:03.988+0000] {processor.py:830} INFO - Processing file /home/airflow/.local/lib/python3.8/site-packages/airflow/example_dags/example_latest_only.py for tasks to queue
[2025-05-20T08:04:03.992+0000] {logging_mixin.py:188} INFO - [2025-05-20T08:04:03.992+0000] {dagbag.py:538} INFO - Filling up the DagBag from /home/airflow/.local/lib/python3.8/site-packages/airflow/example_dags/example_latest_only.py
[2025-05-20T08:04:04.005+0000] {processor.py:840} INFO - DAG(s) 'latest_only' retrieved from /home/airflow/.local/lib/python3.8/site-packages/airflow/example_dags/example_latest_only.py
[2025-05-20T08:04:04.057+0000] {logging_mixin.py:188} INFO - [2025-05-20T08:04:04.056+0000] {dag.py:3036} INFO - Sync 1 DAGs
[2025-05-20T08:04:04.121+0000] {logging_mixin.py:188} INFO - [2025-05-20T08:04:04.120+0000] {dag.py:3823} INFO - Setting next_dagrun for latest_only to 2025-05-20 04:00:00+00:00, run_after=2025-05-20 08:00:00+00:00
[2025-05-20T08:04:04.172+0000] {processor.py:183} INFO - Processing /home/airflow/.local/lib/python3.8/site-packages/airflow/example_dags/example_latest_only.py took 0.196 seconds
