[2025-05-20T07:45:17.476+0000] {processor.py:161} INFO - Started process (PID=77) to work on /home/airflow/.local/lib/python3.8/site-packages/airflow/example_dags/example_complex.py
[2025-05-20T07:45:17.478+0000] {processor.py:830} INFO - Processing file /home/airflow/.local/lib/python3.8/site-packages/airflow/example_dags/example_complex.py for tasks to queue
[2025-05-20T07:45:17.483+0000] {logging_mixin.py:188} INFO - [2025-05-20T07:45:17.482+0000] {dagbag.py:538} INFO - Filling up the DagBag from /home/airflow/.local/lib/python3.8/site-packages/airflow/example_dags/example_complex.py
[2025-05-20T07:45:17.518+0000] {processor.py:840} INFO - DAG(s) 'example_complex' retrieved from /home/airflow/.local/lib/python3.8/site-packages/airflow/example_dags/example_complex.py
[2025-05-20T07:45:17.769+0000] {logging_mixin.py:188} INFO - [2025-05-20T07:45:17.769+0000] {dag.py:3036} INFO - Sync 1 DAGs
[2025-05-20T07:45:17.793+0000] {logging_mixin.py:188} INFO - [2025-05-20T07:45:17.792+0000] {dag.py:3823} INFO - Setting next_dagrun for example_complex to None, run_after=None
[2025-05-20T07:45:17.904+0000] {processor.py:183} INFO - Processing /home/airflow/.local/lib/python3.8/site-packages/airflow/example_dags/example_complex.py took 0.439 seconds
[2025-05-20T07:45:48.255+0000] {processor.py:161} INFO - Started process (PID=142) to work on /home/airflow/.local/lib/python3.8/site-packages/airflow/example_dags/example_complex.py
[2025-05-20T07:45:48.259+0000] {processor.py:830} INFO - Processing file /home/airflow/.local/lib/python3.8/site-packages/airflow/example_dags/example_complex.py for tasks to queue
[2025-05-20T07:45:48.265+0000] {logging_mixin.py:188} INFO - [2025-05-20T07:45:48.264+0000] {dagbag.py:538} INFO - Filling up the DagBag from /home/airflow/.local/lib/python3.8/site-packages/airflow/example_dags/example_complex.py
[2025-05-20T07:45:48.302+0000] {processor.py:840} INFO - DAG(s) 'example_complex' retrieved from /home/airflow/.local/lib/python3.8/site-packages/airflow/example_dags/example_complex.py
[2025-05-20T07:45:48.405+0000] {logging_mixin.py:188} INFO - [2025-05-20T07:45:48.404+0000] {dag.py:3036} INFO - Sync 1 DAGs
[2025-05-20T07:45:48.448+0000] {logging_mixin.py:188} INFO - [2025-05-20T07:45:48.447+0000] {dag.py:3823} INFO - Setting next_dagrun for example_complex to None, run_after=None
[2025-05-20T07:45:48.516+0000] {processor.py:183} INFO - Processing /home/airflow/.local/lib/python3.8/site-packages/airflow/example_dags/example_complex.py took 0.280 seconds
[2025-05-20T07:46:19.302+0000] {processor.py:161} INFO - Started process (PID=207) to work on /home/airflow/.local/lib/python3.8/site-packages/airflow/example_dags/example_complex.py
[2025-05-20T07:46:19.306+0000] {processor.py:830} INFO - Processing file /home/airflow/.local/lib/python3.8/site-packages/airflow/example_dags/example_complex.py for tasks to queue
[2025-05-20T07:46:19.314+0000] {logging_mixin.py:188} INFO - [2025-05-20T07:46:19.313+0000] {dagbag.py:538} INFO - Filling up the DagBag from /home/airflow/.local/lib/python3.8/site-packages/airflow/example_dags/example_complex.py
[2025-05-20T07:46:19.387+0000] {processor.py:840} INFO - DAG(s) 'example_complex' retrieved from /home/airflow/.local/lib/python3.8/site-packages/airflow/example_dags/example_complex.py
[2025-05-20T07:46:19.456+0000] {logging_mixin.py:188} INFO - [2025-05-20T07:46:19.455+0000] {dag.py:3036} INFO - Sync 1 DAGs
[2025-05-20T07:46:19.504+0000] {logging_mixin.py:188} INFO - [2025-05-20T07:46:19.503+0000] {dag.py:3823} INFO - Setting next_dagrun for example_complex to None, run_after=None
[2025-05-20T07:46:19.557+0000] {processor.py:183} INFO - Processing /home/airflow/.local/lib/python3.8/site-packages/airflow/example_dags/example_complex.py took 0.269 seconds
[2025-05-20T07:46:50.485+0000] {processor.py:161} INFO - Started process (PID=272) to work on /home/airflow/.local/lib/python3.8/site-packages/airflow/example_dags/example_complex.py
[2025-05-20T07:46:50.487+0000] {processor.py:830} INFO - Processing file /home/airflow/.local/lib/python3.8/site-packages/airflow/example_dags/example_complex.py for tasks to queue
[2025-05-20T07:46:50.490+0000] {logging_mixin.py:188} INFO - [2025-05-20T07:46:50.489+0000] {dagbag.py:538} INFO - Filling up the DagBag from /home/airflow/.local/lib/python3.8/site-packages/airflow/example_dags/example_complex.py
[2025-05-20T07:46:50.512+0000] {processor.py:840} INFO - DAG(s) 'example_complex' retrieved from /home/airflow/.local/lib/python3.8/site-packages/airflow/example_dags/example_complex.py
[2025-05-20T07:46:50.590+0000] {logging_mixin.py:188} INFO - [2025-05-20T07:46:50.589+0000] {dag.py:3036} INFO - Sync 1 DAGs
[2025-05-20T07:46:50.627+0000] {logging_mixin.py:188} INFO - [2025-05-20T07:46:50.627+0000] {dag.py:3823} INFO - Setting next_dagrun for example_complex to None, run_after=None
[2025-05-20T07:46:50.683+0000] {processor.py:183} INFO - Processing /home/airflow/.local/lib/python3.8/site-packages/airflow/example_dags/example_complex.py took 0.203 seconds
[2025-05-20T07:47:22.837+0000] {processor.py:161} INFO - Started process (PID=337) to work on /home/airflow/.local/lib/python3.8/site-packages/airflow/example_dags/example_complex.py
[2025-05-20T07:47:22.839+0000] {processor.py:830} INFO - Processing file /home/airflow/.local/lib/python3.8/site-packages/airflow/example_dags/example_complex.py for tasks to queue
[2025-05-20T07:47:22.843+0000] {logging_mixin.py:188} INFO - [2025-05-20T07:47:22.842+0000] {dagbag.py:538} INFO - Filling up the DagBag from /home/airflow/.local/lib/python3.8/site-packages/airflow/example_dags/example_complex.py
[2025-05-20T07:47:22.876+0000] {processor.py:840} INFO - DAG(s) 'example_complex' retrieved from /home/airflow/.local/lib/python3.8/site-packages/airflow/example_dags/example_complex.py
[2025-05-20T07:47:22.934+0000] {logging_mixin.py:188} INFO - [2025-05-20T07:47:22.934+0000] {dag.py:3036} INFO - Sync 1 DAGs
[2025-05-20T07:47:22.964+0000] {logging_mixin.py:188} INFO - [2025-05-20T07:47:22.964+0000] {dag.py:3823} INFO - Setting next_dagrun for example_complex to None, run_after=None
[2025-05-20T07:47:23.002+0000] {processor.py:183} INFO - Processing /home/airflow/.local/lib/python3.8/site-packages/airflow/example_dags/example_complex.py took 0.171 seconds
[2025-05-20T07:47:53.924+0000] {processor.py:161} INFO - Started process (PID=402) to work on /home/airflow/.local/lib/python3.8/site-packages/airflow/example_dags/example_complex.py
[2025-05-20T07:47:53.927+0000] {processor.py:830} INFO - Processing file /home/airflow/.local/lib/python3.8/site-packages/airflow/example_dags/example_complex.py for tasks to queue
[2025-05-20T07:47:53.931+0000] {logging_mixin.py:188} INFO - [2025-05-20T07:47:53.930+0000] {dagbag.py:538} INFO - Filling up the DagBag from /home/airflow/.local/lib/python3.8/site-packages/airflow/example_dags/example_complex.py
[2025-05-20T07:47:53.959+0000] {processor.py:840} INFO - DAG(s) 'example_complex' retrieved from /home/airflow/.local/lib/python3.8/site-packages/airflow/example_dags/example_complex.py
[2025-05-20T07:47:54.010+0000] {logging_mixin.py:188} INFO - [2025-05-20T07:47:54.009+0000] {dag.py:3036} INFO - Sync 1 DAGs
[2025-05-20T07:47:54.030+0000] {logging_mixin.py:188} INFO - [2025-05-20T07:47:54.030+0000] {dag.py:3823} INFO - Setting next_dagrun for example_complex to None, run_after=None
[2025-05-20T07:47:54.063+0000] {processor.py:183} INFO - Processing /home/airflow/.local/lib/python3.8/site-packages/airflow/example_dags/example_complex.py took 0.156 seconds
[2025-05-20T07:48:25.914+0000] {processor.py:161} INFO - Started process (PID=467) to work on /home/airflow/.local/lib/python3.8/site-packages/airflow/example_dags/example_complex.py
[2025-05-20T07:48:25.918+0000] {processor.py:830} INFO - Processing file /home/airflow/.local/lib/python3.8/site-packages/airflow/example_dags/example_complex.py for tasks to queue
[2025-05-20T07:48:25.926+0000] {logging_mixin.py:188} INFO - [2025-05-20T07:48:25.925+0000] {dagbag.py:538} INFO - Filling up the DagBag from /home/airflow/.local/lib/python3.8/site-packages/airflow/example_dags/example_complex.py
[2025-05-20T07:48:25.995+0000] {processor.py:840} INFO - DAG(s) 'example_complex' retrieved from /home/airflow/.local/lib/python3.8/site-packages/airflow/example_dags/example_complex.py
[2025-05-20T07:48:26.121+0000] {logging_mixin.py:188} INFO - [2025-05-20T07:48:26.121+0000] {dag.py:3036} INFO - Sync 1 DAGs
[2025-05-20T07:48:26.150+0000] {logging_mixin.py:188} INFO - [2025-05-20T07:48:26.150+0000] {dag.py:3823} INFO - Setting next_dagrun for example_complex to None, run_after=None
[2025-05-20T07:48:26.193+0000] {processor.py:183} INFO - Processing /home/airflow/.local/lib/python3.8/site-packages/airflow/example_dags/example_complex.py took 0.291 seconds
[2025-05-20T07:48:56.824+0000] {processor.py:161} INFO - Started process (PID=532) to work on /home/airflow/.local/lib/python3.8/site-packages/airflow/example_dags/example_complex.py
[2025-05-20T07:48:56.826+0000] {processor.py:830} INFO - Processing file /home/airflow/.local/lib/python3.8/site-packages/airflow/example_dags/example_complex.py for tasks to queue
[2025-05-20T07:48:56.831+0000] {logging_mixin.py:188} INFO - [2025-05-20T07:48:56.830+0000] {dagbag.py:538} INFO - Filling up the DagBag from /home/airflow/.local/lib/python3.8/site-packages/airflow/example_dags/example_complex.py
[2025-05-20T07:48:56.857+0000] {processor.py:840} INFO - DAG(s) 'example_complex' retrieved from /home/airflow/.local/lib/python3.8/site-packages/airflow/example_dags/example_complex.py
[2025-05-20T07:48:56.929+0000] {logging_mixin.py:188} INFO - [2025-05-20T07:48:56.928+0000] {dag.py:3036} INFO - Sync 1 DAGs
[2025-05-20T07:48:56.958+0000] {logging_mixin.py:188} INFO - [2025-05-20T07:48:56.957+0000] {dag.py:3823} INFO - Setting next_dagrun for example_complex to None, run_after=None
[2025-05-20T07:48:57.006+0000] {processor.py:183} INFO - Processing /home/airflow/.local/lib/python3.8/site-packages/airflow/example_dags/example_complex.py took 0.188 seconds
[2025-05-20T07:49:27.422+0000] {processor.py:161} INFO - Started process (PID=597) to work on /home/airflow/.local/lib/python3.8/site-packages/airflow/example_dags/example_complex.py
[2025-05-20T07:49:27.425+0000] {processor.py:830} INFO - Processing file /home/airflow/.local/lib/python3.8/site-packages/airflow/example_dags/example_complex.py for tasks to queue
[2025-05-20T07:49:27.432+0000] {logging_mixin.py:188} INFO - [2025-05-20T07:49:27.431+0000] {dagbag.py:538} INFO - Filling up the DagBag from /home/airflow/.local/lib/python3.8/site-packages/airflow/example_dags/example_complex.py
[2025-05-20T07:49:27.476+0000] {processor.py:840} INFO - DAG(s) 'example_complex' retrieved from /home/airflow/.local/lib/python3.8/site-packages/airflow/example_dags/example_complex.py
[2025-05-20T07:49:27.596+0000] {logging_mixin.py:188} INFO - [2025-05-20T07:49:27.595+0000] {dag.py:3036} INFO - Sync 1 DAGs
[2025-05-20T07:49:27.627+0000] {logging_mixin.py:188} INFO - [2025-05-20T07:49:27.627+0000] {dag.py:3823} INFO - Setting next_dagrun for example_complex to None, run_after=None
[2025-05-20T07:49:27.668+0000] {processor.py:183} INFO - Processing /home/airflow/.local/lib/python3.8/site-packages/airflow/example_dags/example_complex.py took 0.257 seconds
[2025-05-20T07:49:58.768+0000] {processor.py:161} INFO - Started process (PID=662) to work on /home/airflow/.local/lib/python3.8/site-packages/airflow/example_dags/example_complex.py
[2025-05-20T07:49:58.770+0000] {processor.py:830} INFO - Processing file /home/airflow/.local/lib/python3.8/site-packages/airflow/example_dags/example_complex.py for tasks to queue
[2025-05-20T07:49:58.775+0000] {logging_mixin.py:188} INFO - [2025-05-20T07:49:58.774+0000] {dagbag.py:538} INFO - Filling up the DagBag from /home/airflow/.local/lib/python3.8/site-packages/airflow/example_dags/example_complex.py
[2025-05-20T07:49:58.802+0000] {processor.py:840} INFO - DAG(s) 'example_complex' retrieved from /home/airflow/.local/lib/python3.8/site-packages/airflow/example_dags/example_complex.py
[2025-05-20T07:49:58.888+0000] {logging_mixin.py:188} INFO - [2025-05-20T07:49:58.887+0000] {dag.py:3036} INFO - Sync 1 DAGs
[2025-05-20T07:49:58.933+0000] {logging_mixin.py:188} INFO - [2025-05-20T07:49:58.933+0000] {dag.py:3823} INFO - Setting next_dagrun for example_complex to None, run_after=None
[2025-05-20T07:49:59.014+0000] {processor.py:183} INFO - Processing /home/airflow/.local/lib/python3.8/site-packages/airflow/example_dags/example_complex.py took 0.252 seconds
[2025-05-20T07:50:29.971+0000] {processor.py:161} INFO - Started process (PID=727) to work on /home/airflow/.local/lib/python3.8/site-packages/airflow/example_dags/example_complex.py
[2025-05-20T07:50:29.973+0000] {processor.py:830} INFO - Processing file /home/airflow/.local/lib/python3.8/site-packages/airflow/example_dags/example_complex.py for tasks to queue
[2025-05-20T07:50:29.977+0000] {logging_mixin.py:188} INFO - [2025-05-20T07:50:29.976+0000] {dagbag.py:538} INFO - Filling up the DagBag from /home/airflow/.local/lib/python3.8/site-packages/airflow/example_dags/example_complex.py
[2025-05-20T07:50:30.008+0000] {processor.py:840} INFO - DAG(s) 'example_complex' retrieved from /home/airflow/.local/lib/python3.8/site-packages/airflow/example_dags/example_complex.py
[2025-05-20T07:50:30.088+0000] {logging_mixin.py:188} INFO - [2025-05-20T07:50:30.087+0000] {dag.py:3036} INFO - Sync 1 DAGs
[2025-05-20T07:50:30.115+0000] {logging_mixin.py:188} INFO - [2025-05-20T07:50:30.114+0000] {dag.py:3823} INFO - Setting next_dagrun for example_complex to None, run_after=None
[2025-05-20T07:50:30.157+0000] {processor.py:183} INFO - Processing /home/airflow/.local/lib/python3.8/site-packages/airflow/example_dags/example_complex.py took 0.191 seconds
[2025-05-20T07:51:02.191+0000] {processor.py:161} INFO - Started process (PID=792) to work on /home/airflow/.local/lib/python3.8/site-packages/airflow/example_dags/example_complex.py
[2025-05-20T07:51:02.192+0000] {processor.py:830} INFO - Processing file /home/airflow/.local/lib/python3.8/site-packages/airflow/example_dags/example_complex.py for tasks to queue
[2025-05-20T07:51:02.195+0000] {logging_mixin.py:188} INFO - [2025-05-20T07:51:02.195+0000] {dagbag.py:538} INFO - Filling up the DagBag from /home/airflow/.local/lib/python3.8/site-packages/airflow/example_dags/example_complex.py
[2025-05-20T07:51:02.230+0000] {processor.py:840} INFO - DAG(s) 'example_complex' retrieved from /home/airflow/.local/lib/python3.8/site-packages/airflow/example_dags/example_complex.py
[2025-05-20T07:51:02.304+0000] {logging_mixin.py:188} INFO - [2025-05-20T07:51:02.303+0000] {dag.py:3036} INFO - Sync 1 DAGs
[2025-05-20T07:51:02.333+0000] {logging_mixin.py:188} INFO - [2025-05-20T07:51:02.332+0000] {dag.py:3823} INFO - Setting next_dagrun for example_complex to None, run_after=None
[2025-05-20T07:51:02.390+0000] {processor.py:183} INFO - Processing /home/airflow/.local/lib/python3.8/site-packages/airflow/example_dags/example_complex.py took 0.206 seconds
[2025-05-20T07:51:34.289+0000] {processor.py:161} INFO - Started process (PID=863) to work on /home/airflow/.local/lib/python3.8/site-packages/airflow/example_dags/example_complex.py
[2025-05-20T07:51:34.291+0000] {processor.py:830} INFO - Processing file /home/airflow/.local/lib/python3.8/site-packages/airflow/example_dags/example_complex.py for tasks to queue
[2025-05-20T07:51:34.296+0000] {logging_mixin.py:188} INFO - [2025-05-20T07:51:34.295+0000] {dagbag.py:538} INFO - Filling up the DagBag from /home/airflow/.local/lib/python3.8/site-packages/airflow/example_dags/example_complex.py
[2025-05-20T07:51:34.328+0000] {processor.py:840} INFO - DAG(s) 'example_complex' retrieved from /home/airflow/.local/lib/python3.8/site-packages/airflow/example_dags/example_complex.py
[2025-05-20T07:51:34.389+0000] {logging_mixin.py:188} INFO - [2025-05-20T07:51:34.388+0000] {dag.py:3036} INFO - Sync 1 DAGs
[2025-05-20T07:51:34.420+0000] {logging_mixin.py:188} INFO - [2025-05-20T07:51:34.419+0000] {dag.py:3823} INFO - Setting next_dagrun for example_complex to None, run_after=None
[2025-05-20T07:51:34.459+0000] {processor.py:183} INFO - Processing /home/airflow/.local/lib/python3.8/site-packages/airflow/example_dags/example_complex.py took 0.184 seconds
[2025-05-20T07:52:05.416+0000] {processor.py:161} INFO - Started process (PID=928) to work on /home/airflow/.local/lib/python3.8/site-packages/airflow/example_dags/example_complex.py
[2025-05-20T07:52:05.418+0000] {processor.py:830} INFO - Processing file /home/airflow/.local/lib/python3.8/site-packages/airflow/example_dags/example_complex.py for tasks to queue
[2025-05-20T07:52:05.421+0000] {logging_mixin.py:188} INFO - [2025-05-20T07:52:05.420+0000] {dagbag.py:538} INFO - Filling up the DagBag from /home/airflow/.local/lib/python3.8/site-packages/airflow/example_dags/example_complex.py
[2025-05-20T07:52:05.441+0000] {processor.py:840} INFO - DAG(s) 'example_complex' retrieved from /home/airflow/.local/lib/python3.8/site-packages/airflow/example_dags/example_complex.py
[2025-05-20T07:52:05.498+0000] {logging_mixin.py:188} INFO - [2025-05-20T07:52:05.498+0000] {dag.py:3036} INFO - Sync 1 DAGs
[2025-05-20T07:52:05.521+0000] {logging_mixin.py:188} INFO - [2025-05-20T07:52:05.520+0000] {dag.py:3823} INFO - Setting next_dagrun for example_complex to None, run_after=None
[2025-05-20T07:52:05.568+0000] {processor.py:183} INFO - Processing /home/airflow/.local/lib/python3.8/site-packages/airflow/example_dags/example_complex.py took 0.157 seconds
[2025-05-20T07:52:36.997+0000] {processor.py:161} INFO - Started process (PID=993) to work on /home/airflow/.local/lib/python3.8/site-packages/airflow/example_dags/example_complex.py
[2025-05-20T07:52:36.999+0000] {processor.py:830} INFO - Processing file /home/airflow/.local/lib/python3.8/site-packages/airflow/example_dags/example_complex.py for tasks to queue
[2025-05-20T07:52:37.003+0000] {logging_mixin.py:188} INFO - [2025-05-20T07:52:37.002+0000] {dagbag.py:538} INFO - Filling up the DagBag from /home/airflow/.local/lib/python3.8/site-packages/airflow/example_dags/example_complex.py
[2025-05-20T07:52:37.025+0000] {processor.py:840} INFO - DAG(s) 'example_complex' retrieved from /home/airflow/.local/lib/python3.8/site-packages/airflow/example_dags/example_complex.py
[2025-05-20T07:52:37.087+0000] {logging_mixin.py:188} INFO - [2025-05-20T07:52:37.087+0000] {dag.py:3036} INFO - Sync 1 DAGs
[2025-05-20T07:52:37.114+0000] {logging_mixin.py:188} INFO - [2025-05-20T07:52:37.113+0000] {dag.py:3823} INFO - Setting next_dagrun for example_complex to None, run_after=None
[2025-05-20T07:52:37.144+0000] {processor.py:183} INFO - Processing /home/airflow/.local/lib/python3.8/site-packages/airflow/example_dags/example_complex.py took 0.152 seconds
[2025-05-20T07:53:07.625+0000] {processor.py:161} INFO - Started process (PID=1058) to work on /home/airflow/.local/lib/python3.8/site-packages/airflow/example_dags/example_complex.py
[2025-05-20T07:53:07.627+0000] {processor.py:830} INFO - Processing file /home/airflow/.local/lib/python3.8/site-packages/airflow/example_dags/example_complex.py for tasks to queue
[2025-05-20T07:53:07.630+0000] {logging_mixin.py:188} INFO - [2025-05-20T07:53:07.630+0000] {dagbag.py:538} INFO - Filling up the DagBag from /home/airflow/.local/lib/python3.8/site-packages/airflow/example_dags/example_complex.py
[2025-05-20T07:53:07.655+0000] {processor.py:840} INFO - DAG(s) 'example_complex' retrieved from /home/airflow/.local/lib/python3.8/site-packages/airflow/example_dags/example_complex.py
[2025-05-20T07:53:07.716+0000] {logging_mixin.py:188} INFO - [2025-05-20T07:53:07.715+0000] {dag.py:3036} INFO - Sync 1 DAGs
[2025-05-20T07:53:07.737+0000] {logging_mixin.py:188} INFO - [2025-05-20T07:53:07.737+0000] {dag.py:3823} INFO - Setting next_dagrun for example_complex to None, run_after=None
[2025-05-20T07:53:07.774+0000] {processor.py:183} INFO - Processing /home/airflow/.local/lib/python3.8/site-packages/airflow/example_dags/example_complex.py took 0.156 seconds
[2025-05-20T07:53:40.784+0000] {processor.py:161} INFO - Started process (PID=1123) to work on /home/airflow/.local/lib/python3.8/site-packages/airflow/example_dags/example_complex.py
[2025-05-20T07:53:40.786+0000] {processor.py:830} INFO - Processing file /home/airflow/.local/lib/python3.8/site-packages/airflow/example_dags/example_complex.py for tasks to queue
[2025-05-20T07:53:40.790+0000] {logging_mixin.py:188} INFO - [2025-05-20T07:53:40.789+0000] {dagbag.py:538} INFO - Filling up the DagBag from /home/airflow/.local/lib/python3.8/site-packages/airflow/example_dags/example_complex.py
[2025-05-20T07:53:40.811+0000] {processor.py:840} INFO - DAG(s) 'example_complex' retrieved from /home/airflow/.local/lib/python3.8/site-packages/airflow/example_dags/example_complex.py
[2025-05-20T07:53:40.869+0000] {logging_mixin.py:188} INFO - [2025-05-20T07:53:40.869+0000] {dag.py:3036} INFO - Sync 1 DAGs
[2025-05-20T07:53:40.896+0000] {logging_mixin.py:188} INFO - [2025-05-20T07:53:40.895+0000] {dag.py:3823} INFO - Setting next_dagrun for example_complex to None, run_after=None
[2025-05-20T07:53:40.932+0000] {processor.py:183} INFO - Processing /home/airflow/.local/lib/python3.8/site-packages/airflow/example_dags/example_complex.py took 0.155 seconds
[2025-05-20T07:54:13.619+0000] {processor.py:161} INFO - Started process (PID=1188) to work on /home/airflow/.local/lib/python3.8/site-packages/airflow/example_dags/example_complex.py
[2025-05-20T07:54:13.622+0000] {processor.py:830} INFO - Processing file /home/airflow/.local/lib/python3.8/site-packages/airflow/example_dags/example_complex.py for tasks to queue
[2025-05-20T07:54:13.628+0000] {logging_mixin.py:188} INFO - [2025-05-20T07:54:13.627+0000] {dagbag.py:538} INFO - Filling up the DagBag from /home/airflow/.local/lib/python3.8/site-packages/airflow/example_dags/example_complex.py
[2025-05-20T07:54:13.671+0000] {processor.py:840} INFO - DAG(s) 'example_complex' retrieved from /home/airflow/.local/lib/python3.8/site-packages/airflow/example_dags/example_complex.py
[2025-05-20T07:54:13.774+0000] {logging_mixin.py:188} INFO - [2025-05-20T07:54:13.774+0000] {dag.py:3036} INFO - Sync 1 DAGs
[2025-05-20T07:54:13.817+0000] {logging_mixin.py:188} INFO - [2025-05-20T07:54:13.816+0000] {dag.py:3823} INFO - Setting next_dagrun for example_complex to None, run_after=None
[2025-05-20T07:54:13.887+0000] {processor.py:183} INFO - Processing /home/airflow/.local/lib/python3.8/site-packages/airflow/example_dags/example_complex.py took 0.276 seconds
[2025-05-20T07:54:44.395+0000] {processor.py:161} INFO - Started process (PID=1253) to work on /home/airflow/.local/lib/python3.8/site-packages/airflow/example_dags/example_complex.py
[2025-05-20T07:54:44.397+0000] {processor.py:830} INFO - Processing file /home/airflow/.local/lib/python3.8/site-packages/airflow/example_dags/example_complex.py for tasks to queue
[2025-05-20T07:54:44.401+0000] {logging_mixin.py:188} INFO - [2025-05-20T07:54:44.401+0000] {dagbag.py:538} INFO - Filling up the DagBag from /home/airflow/.local/lib/python3.8/site-packages/airflow/example_dags/example_complex.py
[2025-05-20T07:54:44.429+0000] {processor.py:840} INFO - DAG(s) 'example_complex' retrieved from /home/airflow/.local/lib/python3.8/site-packages/airflow/example_dags/example_complex.py
[2025-05-20T07:54:44.523+0000] {logging_mixin.py:188} INFO - [2025-05-20T07:54:44.522+0000] {dag.py:3036} INFO - Sync 1 DAGs
[2025-05-20T07:54:44.581+0000] {logging_mixin.py:188} INFO - [2025-05-20T07:54:44.580+0000] {dag.py:3823} INFO - Setting next_dagrun for example_complex to None, run_after=None
[2025-05-20T07:54:44.655+0000] {processor.py:183} INFO - Processing /home/airflow/.local/lib/python3.8/site-packages/airflow/example_dags/example_complex.py took 0.267 seconds
[2025-05-20T07:55:15.137+0000] {processor.py:161} INFO - Started process (PID=1318) to work on /home/airflow/.local/lib/python3.8/site-packages/airflow/example_dags/example_complex.py
[2025-05-20T07:55:15.139+0000] {processor.py:830} INFO - Processing file /home/airflow/.local/lib/python3.8/site-packages/airflow/example_dags/example_complex.py for tasks to queue
[2025-05-20T07:55:15.143+0000] {logging_mixin.py:188} INFO - [2025-05-20T07:55:15.142+0000] {dagbag.py:538} INFO - Filling up the DagBag from /home/airflow/.local/lib/python3.8/site-packages/airflow/example_dags/example_complex.py
[2025-05-20T07:55:15.163+0000] {processor.py:840} INFO - DAG(s) 'example_complex' retrieved from /home/airflow/.local/lib/python3.8/site-packages/airflow/example_dags/example_complex.py
[2025-05-20T07:55:15.230+0000] {logging_mixin.py:188} INFO - [2025-05-20T07:55:15.230+0000] {dag.py:3036} INFO - Sync 1 DAGs
[2025-05-20T07:55:15.258+0000] {logging_mixin.py:188} INFO - [2025-05-20T07:55:15.258+0000] {dag.py:3823} INFO - Setting next_dagrun for example_complex to None, run_after=None
[2025-05-20T07:55:15.302+0000] {processor.py:183} INFO - Processing /home/airflow/.local/lib/python3.8/site-packages/airflow/example_dags/example_complex.py took 0.171 seconds
[2025-05-20T07:55:45.639+0000] {processor.py:161} INFO - Started process (PID=1383) to work on /home/airflow/.local/lib/python3.8/site-packages/airflow/example_dags/example_complex.py
[2025-05-20T07:55:45.641+0000] {processor.py:830} INFO - Processing file /home/airflow/.local/lib/python3.8/site-packages/airflow/example_dags/example_complex.py for tasks to queue
[2025-05-20T07:55:45.644+0000] {logging_mixin.py:188} INFO - [2025-05-20T07:55:45.643+0000] {dagbag.py:538} INFO - Filling up the DagBag from /home/airflow/.local/lib/python3.8/site-packages/airflow/example_dags/example_complex.py
[2025-05-20T07:55:45.669+0000] {processor.py:840} INFO - DAG(s) 'example_complex' retrieved from /home/airflow/.local/lib/python3.8/site-packages/airflow/example_dags/example_complex.py
[2025-05-20T07:55:45.733+0000] {logging_mixin.py:188} INFO - [2025-05-20T07:55:45.732+0000] {dag.py:3036} INFO - Sync 1 DAGs
[2025-05-20T07:55:45.760+0000] {logging_mixin.py:188} INFO - [2025-05-20T07:55:45.759+0000] {dag.py:3823} INFO - Setting next_dagrun for example_complex to None, run_after=None
[2025-05-20T07:55:45.797+0000] {processor.py:183} INFO - Processing /home/airflow/.local/lib/python3.8/site-packages/airflow/example_dags/example_complex.py took 0.165 seconds
[2025-05-20T07:56:17.585+0000] {processor.py:161} INFO - Started process (PID=1448) to work on /home/airflow/.local/lib/python3.8/site-packages/airflow/example_dags/example_complex.py
[2025-05-20T07:56:17.587+0000] {processor.py:830} INFO - Processing file /home/airflow/.local/lib/python3.8/site-packages/airflow/example_dags/example_complex.py for tasks to queue
[2025-05-20T07:56:17.591+0000] {logging_mixin.py:188} INFO - [2025-05-20T07:56:17.591+0000] {dagbag.py:538} INFO - Filling up the DagBag from /home/airflow/.local/lib/python3.8/site-packages/airflow/example_dags/example_complex.py
[2025-05-20T07:56:17.621+0000] {processor.py:840} INFO - DAG(s) 'example_complex' retrieved from /home/airflow/.local/lib/python3.8/site-packages/airflow/example_dags/example_complex.py
[2025-05-20T07:56:17.696+0000] {logging_mixin.py:188} INFO - [2025-05-20T07:56:17.696+0000] {dag.py:3036} INFO - Sync 1 DAGs
[2025-05-20T07:56:17.731+0000] {logging_mixin.py:188} INFO - [2025-05-20T07:56:17.730+0000] {dag.py:3823} INFO - Setting next_dagrun for example_complex to None, run_after=None
[2025-05-20T07:56:17.783+0000] {processor.py:183} INFO - Processing /home/airflow/.local/lib/python3.8/site-packages/airflow/example_dags/example_complex.py took 0.206 seconds
[2025-05-20T07:56:49.345+0000] {processor.py:161} INFO - Started process (PID=1513) to work on /home/airflow/.local/lib/python3.8/site-packages/airflow/example_dags/example_complex.py
[2025-05-20T07:56:49.347+0000] {processor.py:830} INFO - Processing file /home/airflow/.local/lib/python3.8/site-packages/airflow/example_dags/example_complex.py for tasks to queue
[2025-05-20T07:56:49.353+0000] {logging_mixin.py:188} INFO - [2025-05-20T07:56:49.352+0000] {dagbag.py:538} INFO - Filling up the DagBag from /home/airflow/.local/lib/python3.8/site-packages/airflow/example_dags/example_complex.py
[2025-05-20T07:56:49.396+0000] {processor.py:840} INFO - DAG(s) 'example_complex' retrieved from /home/airflow/.local/lib/python3.8/site-packages/airflow/example_dags/example_complex.py
[2025-05-20T07:56:49.560+0000] {logging_mixin.py:188} INFO - [2025-05-20T07:56:49.559+0000] {dag.py:3036} INFO - Sync 1 DAGs
[2025-05-20T07:56:49.604+0000] {logging_mixin.py:188} INFO - [2025-05-20T07:56:49.604+0000] {dag.py:3823} INFO - Setting next_dagrun for example_complex to None, run_after=None
[2025-05-20T07:56:49.644+0000] {processor.py:183} INFO - Processing /home/airflow/.local/lib/python3.8/site-packages/airflow/example_dags/example_complex.py took 0.308 seconds
[2025-05-20T07:57:21.052+0000] {processor.py:161} INFO - Started process (PID=1578) to work on /home/airflow/.local/lib/python3.8/site-packages/airflow/example_dags/example_complex.py
[2025-05-20T07:57:21.054+0000] {processor.py:830} INFO - Processing file /home/airflow/.local/lib/python3.8/site-packages/airflow/example_dags/example_complex.py for tasks to queue
[2025-05-20T07:57:21.059+0000] {logging_mixin.py:188} INFO - [2025-05-20T07:57:21.058+0000] {dagbag.py:538} INFO - Filling up the DagBag from /home/airflow/.local/lib/python3.8/site-packages/airflow/example_dags/example_complex.py
[2025-05-20T07:57:21.085+0000] {processor.py:840} INFO - DAG(s) 'example_complex' retrieved from /home/airflow/.local/lib/python3.8/site-packages/airflow/example_dags/example_complex.py
[2025-05-20T07:57:21.155+0000] {logging_mixin.py:188} INFO - [2025-05-20T07:57:21.154+0000] {dag.py:3036} INFO - Sync 1 DAGs
[2025-05-20T07:57:21.182+0000] {logging_mixin.py:188} INFO - [2025-05-20T07:57:21.182+0000] {dag.py:3823} INFO - Setting next_dagrun for example_complex to None, run_after=None
[2025-05-20T07:57:21.231+0000] {processor.py:183} INFO - Processing /home/airflow/.local/lib/python3.8/site-packages/airflow/example_dags/example_complex.py took 0.184 seconds
[2025-05-20T07:57:51.989+0000] {processor.py:161} INFO - Started process (PID=1643) to work on /home/airflow/.local/lib/python3.8/site-packages/airflow/example_dags/example_complex.py
[2025-05-20T07:57:51.991+0000] {processor.py:830} INFO - Processing file /home/airflow/.local/lib/python3.8/site-packages/airflow/example_dags/example_complex.py for tasks to queue
[2025-05-20T07:57:51.996+0000] {logging_mixin.py:188} INFO - [2025-05-20T07:57:51.996+0000] {dagbag.py:538} INFO - Filling up the DagBag from /home/airflow/.local/lib/python3.8/site-packages/airflow/example_dags/example_complex.py
[2025-05-20T07:57:52.028+0000] {processor.py:840} INFO - DAG(s) 'example_complex' retrieved from /home/airflow/.local/lib/python3.8/site-packages/airflow/example_dags/example_complex.py
[2025-05-20T07:57:52.105+0000] {logging_mixin.py:188} INFO - [2025-05-20T07:57:52.105+0000] {dag.py:3036} INFO - Sync 1 DAGs
[2025-05-20T07:57:52.135+0000] {logging_mixin.py:188} INFO - [2025-05-20T07:57:52.134+0000] {dag.py:3823} INFO - Setting next_dagrun for example_complex to None, run_after=None
[2025-05-20T07:57:52.188+0000] {processor.py:183} INFO - Processing /home/airflow/.local/lib/python3.8/site-packages/airflow/example_dags/example_complex.py took 0.205 seconds
[2025-05-20T07:58:23.785+0000] {processor.py:161} INFO - Started process (PID=1708) to work on /home/airflow/.local/lib/python3.8/site-packages/airflow/example_dags/example_complex.py
[2025-05-20T07:58:23.787+0000] {processor.py:830} INFO - Processing file /home/airflow/.local/lib/python3.8/site-packages/airflow/example_dags/example_complex.py for tasks to queue
[2025-05-20T07:58:23.792+0000] {logging_mixin.py:188} INFO - [2025-05-20T07:58:23.791+0000] {dagbag.py:538} INFO - Filling up the DagBag from /home/airflow/.local/lib/python3.8/site-packages/airflow/example_dags/example_complex.py
[2025-05-20T07:58:23.828+0000] {processor.py:840} INFO - DAG(s) 'example_complex' retrieved from /home/airflow/.local/lib/python3.8/site-packages/airflow/example_dags/example_complex.py
[2025-05-20T07:58:23.902+0000] {logging_mixin.py:188} INFO - [2025-05-20T07:58:23.902+0000] {dag.py:3036} INFO - Sync 1 DAGs
[2025-05-20T07:58:23.925+0000] {logging_mixin.py:188} INFO - [2025-05-20T07:58:23.924+0000] {dag.py:3823} INFO - Setting next_dagrun for example_complex to None, run_after=None
[2025-05-20T07:58:24.156+0000] {processor.py:183} INFO - Processing /home/airflow/.local/lib/python3.8/site-packages/airflow/example_dags/example_complex.py took 0.377 seconds
[2025-05-20T07:58:55.453+0000] {processor.py:161} INFO - Started process (PID=1773) to work on /home/airflow/.local/lib/python3.8/site-packages/airflow/example_dags/example_complex.py
[2025-05-20T07:58:55.455+0000] {processor.py:830} INFO - Processing file /home/airflow/.local/lib/python3.8/site-packages/airflow/example_dags/example_complex.py for tasks to queue
[2025-05-20T07:58:55.458+0000] {logging_mixin.py:188} INFO - [2025-05-20T07:58:55.457+0000] {dagbag.py:538} INFO - Filling up the DagBag from /home/airflow/.local/lib/python3.8/site-packages/airflow/example_dags/example_complex.py
[2025-05-20T07:58:55.491+0000] {processor.py:840} INFO - DAG(s) 'example_complex' retrieved from /home/airflow/.local/lib/python3.8/site-packages/airflow/example_dags/example_complex.py
[2025-05-20T07:58:55.550+0000] {logging_mixin.py:188} INFO - [2025-05-20T07:58:55.550+0000] {dag.py:3036} INFO - Sync 1 DAGs
[2025-05-20T07:58:55.764+0000] {logging_mixin.py:188} INFO - [2025-05-20T07:58:55.764+0000] {dag.py:3823} INFO - Setting next_dagrun for example_complex to None, run_after=None
[2025-05-20T07:58:55.810+0000] {processor.py:183} INFO - Processing /home/airflow/.local/lib/python3.8/site-packages/airflow/example_dags/example_complex.py took 0.362 seconds
[2025-05-20T07:59:27.197+0000] {processor.py:161} INFO - Started process (PID=1838) to work on /home/airflow/.local/lib/python3.8/site-packages/airflow/example_dags/example_complex.py
[2025-05-20T07:59:27.200+0000] {processor.py:830} INFO - Processing file /home/airflow/.local/lib/python3.8/site-packages/airflow/example_dags/example_complex.py for tasks to queue
[2025-05-20T07:59:27.206+0000] {logging_mixin.py:188} INFO - [2025-05-20T07:59:27.205+0000] {dagbag.py:538} INFO - Filling up the DagBag from /home/airflow/.local/lib/python3.8/site-packages/airflow/example_dags/example_complex.py
[2025-05-20T07:59:27.249+0000] {processor.py:840} INFO - DAG(s) 'example_complex' retrieved from /home/airflow/.local/lib/python3.8/site-packages/airflow/example_dags/example_complex.py
[2025-05-20T07:59:27.353+0000] {logging_mixin.py:188} INFO - [2025-05-20T07:59:27.353+0000] {dag.py:3036} INFO - Sync 1 DAGs
[2025-05-20T07:59:27.386+0000] {logging_mixin.py:188} INFO - [2025-05-20T07:59:27.386+0000] {dag.py:3823} INFO - Setting next_dagrun for example_complex to None, run_after=None
[2025-05-20T07:59:27.438+0000] {processor.py:183} INFO - Processing /home/airflow/.local/lib/python3.8/site-packages/airflow/example_dags/example_complex.py took 0.251 seconds
[2025-05-20T07:59:58.974+0000] {processor.py:161} INFO - Started process (PID=1903) to work on /home/airflow/.local/lib/python3.8/site-packages/airflow/example_dags/example_complex.py
[2025-05-20T07:59:58.976+0000] {processor.py:830} INFO - Processing file /home/airflow/.local/lib/python3.8/site-packages/airflow/example_dags/example_complex.py for tasks to queue
[2025-05-20T07:59:58.979+0000] {logging_mixin.py:188} INFO - [2025-05-20T07:59:58.979+0000] {dagbag.py:538} INFO - Filling up the DagBag from /home/airflow/.local/lib/python3.8/site-packages/airflow/example_dags/example_complex.py
[2025-05-20T07:59:59.004+0000] {processor.py:840} INFO - DAG(s) 'example_complex' retrieved from /home/airflow/.local/lib/python3.8/site-packages/airflow/example_dags/example_complex.py
[2025-05-20T07:59:59.274+0000] {logging_mixin.py:188} INFO - [2025-05-20T07:59:59.274+0000] {dag.py:3036} INFO - Sync 1 DAGs
[2025-05-20T07:59:59.298+0000] {logging_mixin.py:188} INFO - [2025-05-20T07:59:59.298+0000] {dag.py:3823} INFO - Setting next_dagrun for example_complex to None, run_after=None
[2025-05-20T07:59:59.338+0000] {processor.py:183} INFO - Processing /home/airflow/.local/lib/python3.8/site-packages/airflow/example_dags/example_complex.py took 0.369 seconds
[2025-05-20T08:00:31.615+0000] {processor.py:161} INFO - Started process (PID=1968) to work on /home/airflow/.local/lib/python3.8/site-packages/airflow/example_dags/example_complex.py
[2025-05-20T08:00:31.617+0000] {processor.py:830} INFO - Processing file /home/airflow/.local/lib/python3.8/site-packages/airflow/example_dags/example_complex.py for tasks to queue
[2025-05-20T08:00:31.622+0000] {logging_mixin.py:188} INFO - [2025-05-20T08:00:31.621+0000] {dagbag.py:538} INFO - Filling up the DagBag from /home/airflow/.local/lib/python3.8/site-packages/airflow/example_dags/example_complex.py
[2025-05-20T08:00:31.651+0000] {processor.py:840} INFO - DAG(s) 'example_complex' retrieved from /home/airflow/.local/lib/python3.8/site-packages/airflow/example_dags/example_complex.py
[2025-05-20T08:00:31.727+0000] {logging_mixin.py:188} INFO - [2025-05-20T08:00:31.727+0000] {dag.py:3036} INFO - Sync 1 DAGs
[2025-05-20T08:00:31.759+0000] {logging_mixin.py:188} INFO - [2025-05-20T08:00:31.758+0000] {dag.py:3823} INFO - Setting next_dagrun for example_complex to None, run_after=None
[2025-05-20T08:00:31.805+0000] {processor.py:183} INFO - Processing /home/airflow/.local/lib/python3.8/site-packages/airflow/example_dags/example_complex.py took 0.197 seconds
[2025-05-20T08:01:02.699+0000] {processor.py:161} INFO - Started process (PID=2033) to work on /home/airflow/.local/lib/python3.8/site-packages/airflow/example_dags/example_complex.py
[2025-05-20T08:01:02.701+0000] {processor.py:830} INFO - Processing file /home/airflow/.local/lib/python3.8/site-packages/airflow/example_dags/example_complex.py for tasks to queue
[2025-05-20T08:01:02.704+0000] {logging_mixin.py:188} INFO - [2025-05-20T08:01:02.704+0000] {dagbag.py:538} INFO - Filling up the DagBag from /home/airflow/.local/lib/python3.8/site-packages/airflow/example_dags/example_complex.py
[2025-05-20T08:01:02.728+0000] {processor.py:840} INFO - DAG(s) 'example_complex' retrieved from /home/airflow/.local/lib/python3.8/site-packages/airflow/example_dags/example_complex.py
[2025-05-20T08:01:02.979+0000] {logging_mixin.py:188} INFO - [2025-05-20T08:01:02.979+0000] {dag.py:3036} INFO - Sync 1 DAGs
[2025-05-20T08:01:03.008+0000] {logging_mixin.py:188} INFO - [2025-05-20T08:01:03.006+0000] {dag.py:3823} INFO - Setting next_dagrun for example_complex to None, run_after=None
[2025-05-20T08:01:03.060+0000] {processor.py:183} INFO - Processing /home/airflow/.local/lib/python3.8/site-packages/airflow/example_dags/example_complex.py took 0.369 seconds
[2025-05-20T08:01:33.151+0000] {processor.py:161} INFO - Started process (PID=2098) to work on /home/airflow/.local/lib/python3.8/site-packages/airflow/example_dags/example_complex.py
[2025-05-20T08:01:33.153+0000] {processor.py:830} INFO - Processing file /home/airflow/.local/lib/python3.8/site-packages/airflow/example_dags/example_complex.py for tasks to queue
[2025-05-20T08:01:33.158+0000] {logging_mixin.py:188} INFO - [2025-05-20T08:01:33.157+0000] {dagbag.py:538} INFO - Filling up the DagBag from /home/airflow/.local/lib/python3.8/site-packages/airflow/example_dags/example_complex.py
[2025-05-20T08:01:33.185+0000] {processor.py:840} INFO - DAG(s) 'example_complex' retrieved from /home/airflow/.local/lib/python3.8/site-packages/airflow/example_dags/example_complex.py
[2025-05-20T08:01:33.257+0000] {logging_mixin.py:188} INFO - [2025-05-20T08:01:33.257+0000] {dag.py:3036} INFO - Sync 1 DAGs
[2025-05-20T08:01:33.277+0000] {logging_mixin.py:188} INFO - [2025-05-20T08:01:33.277+0000] {dag.py:3823} INFO - Setting next_dagrun for example_complex to None, run_after=None
[2025-05-20T08:01:33.308+0000] {processor.py:183} INFO - Processing /home/airflow/.local/lib/python3.8/site-packages/airflow/example_dags/example_complex.py took 0.164 seconds
[2025-05-20T08:02:03.674+0000] {processor.py:161} INFO - Started process (PID=2163) to work on /home/airflow/.local/lib/python3.8/site-packages/airflow/example_dags/example_complex.py
[2025-05-20T08:02:03.676+0000] {processor.py:830} INFO - Processing file /home/airflow/.local/lib/python3.8/site-packages/airflow/example_dags/example_complex.py for tasks to queue
[2025-05-20T08:02:03.682+0000] {logging_mixin.py:188} INFO - [2025-05-20T08:02:03.681+0000] {dagbag.py:538} INFO - Filling up the DagBag from /home/airflow/.local/lib/python3.8/site-packages/airflow/example_dags/example_complex.py
[2025-05-20T08:02:03.710+0000] {processor.py:840} INFO - DAG(s) 'example_complex' retrieved from /home/airflow/.local/lib/python3.8/site-packages/airflow/example_dags/example_complex.py
[2025-05-20T08:02:03.786+0000] {logging_mixin.py:188} INFO - [2025-05-20T08:02:03.786+0000] {dag.py:3036} INFO - Sync 1 DAGs
[2025-05-20T08:02:03.821+0000] {logging_mixin.py:188} INFO - [2025-05-20T08:02:03.820+0000] {dag.py:3823} INFO - Setting next_dagrun for example_complex to None, run_after=None
[2025-05-20T08:02:03.870+0000] {processor.py:183} INFO - Processing /home/airflow/.local/lib/python3.8/site-packages/airflow/example_dags/example_complex.py took 0.204 seconds
[2025-05-20T08:02:35.392+0000] {processor.py:161} INFO - Started process (PID=2235) to work on /home/airflow/.local/lib/python3.8/site-packages/airflow/example_dags/example_complex.py
[2025-05-20T08:02:35.394+0000] {processor.py:830} INFO - Processing file /home/airflow/.local/lib/python3.8/site-packages/airflow/example_dags/example_complex.py for tasks to queue
[2025-05-20T08:02:35.397+0000] {logging_mixin.py:188} INFO - [2025-05-20T08:02:35.397+0000] {dagbag.py:538} INFO - Filling up the DagBag from /home/airflow/.local/lib/python3.8/site-packages/airflow/example_dags/example_complex.py
[2025-05-20T08:02:35.420+0000] {processor.py:840} INFO - DAG(s) 'example_complex' retrieved from /home/airflow/.local/lib/python3.8/site-packages/airflow/example_dags/example_complex.py
[2025-05-20T08:02:35.516+0000] {logging_mixin.py:188} INFO - [2025-05-20T08:02:35.516+0000] {dag.py:3036} INFO - Sync 1 DAGs
[2025-05-20T08:02:35.541+0000] {logging_mixin.py:188} INFO - [2025-05-20T08:02:35.540+0000] {dag.py:3823} INFO - Setting next_dagrun for example_complex to None, run_after=None
[2025-05-20T08:02:35.588+0000] {processor.py:183} INFO - Processing /home/airflow/.local/lib/python3.8/site-packages/airflow/example_dags/example_complex.py took 0.201 seconds
[2025-05-20T08:03:06.497+0000] {processor.py:161} INFO - Started process (PID=2300) to work on /home/airflow/.local/lib/python3.8/site-packages/airflow/example_dags/example_complex.py
[2025-05-20T08:03:06.499+0000] {processor.py:830} INFO - Processing file /home/airflow/.local/lib/python3.8/site-packages/airflow/example_dags/example_complex.py for tasks to queue
[2025-05-20T08:03:06.502+0000] {logging_mixin.py:188} INFO - [2025-05-20T08:03:06.502+0000] {dagbag.py:538} INFO - Filling up the DagBag from /home/airflow/.local/lib/python3.8/site-packages/airflow/example_dags/example_complex.py
[2025-05-20T08:03:06.526+0000] {processor.py:840} INFO - DAG(s) 'example_complex' retrieved from /home/airflow/.local/lib/python3.8/site-packages/airflow/example_dags/example_complex.py
[2025-05-20T08:03:06.589+0000] {logging_mixin.py:188} INFO - [2025-05-20T08:03:06.589+0000] {dag.py:3036} INFO - Sync 1 DAGs
[2025-05-20T08:03:06.614+0000] {logging_mixin.py:188} INFO - [2025-05-20T08:03:06.614+0000] {dag.py:3823} INFO - Setting next_dagrun for example_complex to None, run_after=None
[2025-05-20T08:03:06.659+0000] {processor.py:183} INFO - Processing /home/airflow/.local/lib/python3.8/site-packages/airflow/example_dags/example_complex.py took 0.169 seconds
[2025-05-20T08:03:37.627+0000] {processor.py:161} INFO - Started process (PID=2365) to work on /home/airflow/.local/lib/python3.8/site-packages/airflow/example_dags/example_complex.py
[2025-05-20T08:03:37.629+0000] {processor.py:830} INFO - Processing file /home/airflow/.local/lib/python3.8/site-packages/airflow/example_dags/example_complex.py for tasks to queue
[2025-05-20T08:03:37.632+0000] {logging_mixin.py:188} INFO - [2025-05-20T08:03:37.632+0000] {dagbag.py:538} INFO - Filling up the DagBag from /home/airflow/.local/lib/python3.8/site-packages/airflow/example_dags/example_complex.py
[2025-05-20T08:03:37.656+0000] {processor.py:840} INFO - DAG(s) 'example_complex' retrieved from /home/airflow/.local/lib/python3.8/site-packages/airflow/example_dags/example_complex.py
[2025-05-20T08:03:37.712+0000] {logging_mixin.py:188} INFO - [2025-05-20T08:03:37.711+0000] {dag.py:3036} INFO - Sync 1 DAGs
[2025-05-20T08:03:37.732+0000] {logging_mixin.py:188} INFO - [2025-05-20T08:03:37.732+0000] {dag.py:3823} INFO - Setting next_dagrun for example_complex to None, run_after=None
[2025-05-20T08:03:37.766+0000] {processor.py:183} INFO - Processing /home/airflow/.local/lib/python3.8/site-packages/airflow/example_dags/example_complex.py took 0.144 seconds
[2025-05-20T08:04:08.947+0000] {processor.py:161} INFO - Started process (PID=2430) to work on /home/airflow/.local/lib/python3.8/site-packages/airflow/example_dags/example_complex.py
[2025-05-20T08:04:08.949+0000] {processor.py:830} INFO - Processing file /home/airflow/.local/lib/python3.8/site-packages/airflow/example_dags/example_complex.py for tasks to queue
[2025-05-20T08:04:08.952+0000] {logging_mixin.py:188} INFO - [2025-05-20T08:04:08.951+0000] {dagbag.py:538} INFO - Filling up the DagBag from /home/airflow/.local/lib/python3.8/site-packages/airflow/example_dags/example_complex.py
[2025-05-20T08:04:08.975+0000] {processor.py:840} INFO - DAG(s) 'example_complex' retrieved from /home/airflow/.local/lib/python3.8/site-packages/airflow/example_dags/example_complex.py
[2025-05-20T08:04:09.046+0000] {logging_mixin.py:188} INFO - [2025-05-20T08:04:09.045+0000] {dag.py:3036} INFO - Sync 1 DAGs
[2025-05-20T08:04:09.078+0000] {logging_mixin.py:188} INFO - [2025-05-20T08:04:09.078+0000] {dag.py:3823} INFO - Setting next_dagrun for example_complex to None, run_after=None
[2025-05-20T08:04:09.121+0000] {processor.py:183} INFO - Processing /home/airflow/.local/lib/python3.8/site-packages/airflow/example_dags/example_complex.py took 0.180 seconds
