[2025-05-20T07:45:15.501+0000] {processor.py:161} INFO - Started process (PID=68) to work on /home/airflow/.local/lib/python3.8/site-packages/airflow/example_dags/example_xcomargs.py
[2025-05-20T07:45:15.503+0000] {processor.py:830} INFO - Processing file /home/airflow/.local/lib/python3.8/site-packages/airflow/example_dags/example_xcomargs.py for tasks to queue
[2025-05-20T07:45:15.506+0000] {logging_mixin.py:188} INFO - [2025-05-20T07:45:15.505+0000] {dagbag.py:538} INFO - Filling up the DagBag from /home/airflow/.local/lib/python3.8/site-packages/airflow/example_dags/example_xcomargs.py
[2025-05-20T07:45:15.528+0000] {processor.py:840} INFO - DAG(s) 'example_xcom_args_with_operators', 'example_xcom_args' retrieved from /home/airflow/.local/lib/python3.8/site-packages/airflow/example_dags/example_xcomargs.py
[2025-05-20T07:45:15.729+0000] {logging_mixin.py:188} INFO - [2025-05-20T07:45:15.728+0000] {dag.py:3036} INFO - Sync 2 DAGs
[2025-05-20T07:45:15.748+0000] {logging_mixin.py:188} INFO - [2025-05-20T07:45:15.747+0000] {dag.py:3823} INFO - Setting next_dagrun for example_xcom_args to None, run_after=None
[2025-05-20T07:45:15.754+0000] {logging_mixin.py:188} INFO - [2025-05-20T07:45:15.754+0000] {dag.py:3823} INFO - Setting next_dagrun for example_xcom_args_with_operators to None, run_after=None
[2025-05-20T07:45:15.786+0000] {processor.py:183} INFO - Processing /home/airflow/.local/lib/python3.8/site-packages/airflow/example_dags/example_xcomargs.py took 0.291 seconds
[2025-05-20T07:45:45.857+0000] {processor.py:161} INFO - Started process (PID=133) to work on /home/airflow/.local/lib/python3.8/site-packages/airflow/example_dags/example_xcomargs.py
[2025-05-20T07:45:45.858+0000] {processor.py:830} INFO - Processing file /home/airflow/.local/lib/python3.8/site-packages/airflow/example_dags/example_xcomargs.py for tasks to queue
[2025-05-20T07:45:45.862+0000] {logging_mixin.py:188} INFO - [2025-05-20T07:45:45.861+0000] {dagbag.py:538} INFO - Filling up the DagBag from /home/airflow/.local/lib/python3.8/site-packages/airflow/example_dags/example_xcomargs.py
[2025-05-20T07:45:45.877+0000] {processor.py:840} INFO - DAG(s) 'example_xcom_args', 'example_xcom_args_with_operators' retrieved from /home/airflow/.local/lib/python3.8/site-packages/airflow/example_dags/example_xcomargs.py
[2025-05-20T07:45:45.926+0000] {logging_mixin.py:188} INFO - [2025-05-20T07:45:45.926+0000] {dag.py:3036} INFO - Sync 2 DAGs
[2025-05-20T07:45:45.959+0000] {logging_mixin.py:188} INFO - [2025-05-20T07:45:45.959+0000] {dag.py:3823} INFO - Setting next_dagrun for example_xcom_args to None, run_after=None
[2025-05-20T07:45:45.966+0000] {logging_mixin.py:188} INFO - [2025-05-20T07:45:45.966+0000] {dag.py:3823} INFO - Setting next_dagrun for example_xcom_args_with_operators to None, run_after=None
[2025-05-20T07:45:46.000+0000] {processor.py:183} INFO - Processing /home/airflow/.local/lib/python3.8/site-packages/airflow/example_dags/example_xcomargs.py took 0.150 seconds
[2025-05-20T07:46:17.057+0000] {processor.py:161} INFO - Started process (PID=198) to work on /home/airflow/.local/lib/python3.8/site-packages/airflow/example_dags/example_xcomargs.py
[2025-05-20T07:46:17.059+0000] {processor.py:830} INFO - Processing file /home/airflow/.local/lib/python3.8/site-packages/airflow/example_dags/example_xcomargs.py for tasks to queue
[2025-05-20T07:46:17.064+0000] {logging_mixin.py:188} INFO - [2025-05-20T07:46:17.063+0000] {dagbag.py:538} INFO - Filling up the DagBag from /home/airflow/.local/lib/python3.8/site-packages/airflow/example_dags/example_xcomargs.py
[2025-05-20T07:46:17.082+0000] {processor.py:840} INFO - DAG(s) 'example_xcom_args_with_operators', 'example_xcom_args' retrieved from /home/airflow/.local/lib/python3.8/site-packages/airflow/example_dags/example_xcomargs.py
[2025-05-20T07:46:17.133+0000] {logging_mixin.py:188} INFO - [2025-05-20T07:46:17.133+0000] {dag.py:3036} INFO - Sync 2 DAGs
[2025-05-20T07:46:17.163+0000] {logging_mixin.py:188} INFO - [2025-05-20T07:46:17.162+0000] {dag.py:3823} INFO - Setting next_dagrun for example_xcom_args to None, run_after=None
[2025-05-20T07:46:17.171+0000] {logging_mixin.py:188} INFO - [2025-05-20T07:46:17.170+0000] {dag.py:3823} INFO - Setting next_dagrun for example_xcom_args_with_operators to None, run_after=None
[2025-05-20T07:46:17.209+0000] {processor.py:183} INFO - Processing /home/airflow/.local/lib/python3.8/site-packages/airflow/example_dags/example_xcomargs.py took 0.157 seconds
[2025-05-20T07:46:49.097+0000] {processor.py:161} INFO - Started process (PID=263) to work on /home/airflow/.local/lib/python3.8/site-packages/airflow/example_dags/example_xcomargs.py
[2025-05-20T07:46:49.100+0000] {processor.py:830} INFO - Processing file /home/airflow/.local/lib/python3.8/site-packages/airflow/example_dags/example_xcomargs.py for tasks to queue
[2025-05-20T07:46:49.105+0000] {logging_mixin.py:188} INFO - [2025-05-20T07:46:49.104+0000] {dagbag.py:538} INFO - Filling up the DagBag from /home/airflow/.local/lib/python3.8/site-packages/airflow/example_dags/example_xcomargs.py
[2025-05-20T07:46:49.129+0000] {processor.py:840} INFO - DAG(s) 'example_xcom_args_with_operators', 'example_xcom_args' retrieved from /home/airflow/.local/lib/python3.8/site-packages/airflow/example_dags/example_xcomargs.py
[2025-05-20T07:46:49.198+0000] {logging_mixin.py:188} INFO - [2025-05-20T07:46:49.197+0000] {dag.py:3036} INFO - Sync 2 DAGs
[2025-05-20T07:46:49.241+0000] {logging_mixin.py:188} INFO - [2025-05-20T07:46:49.240+0000] {dag.py:3823} INFO - Setting next_dagrun for example_xcom_args to None, run_after=None
[2025-05-20T07:46:49.253+0000] {logging_mixin.py:188} INFO - [2025-05-20T07:46:49.252+0000] {dag.py:3823} INFO - Setting next_dagrun for example_xcom_args_with_operators to None, run_after=None
[2025-05-20T07:46:49.308+0000] {processor.py:183} INFO - Processing /home/airflow/.local/lib/python3.8/site-packages/airflow/example_dags/example_xcomargs.py took 0.219 seconds
[2025-05-20T07:47:21.399+0000] {processor.py:161} INFO - Started process (PID=328) to work on /home/airflow/.local/lib/python3.8/site-packages/airflow/example_dags/example_xcomargs.py
[2025-05-20T07:47:21.401+0000] {processor.py:830} INFO - Processing file /home/airflow/.local/lib/python3.8/site-packages/airflow/example_dags/example_xcomargs.py for tasks to queue
[2025-05-20T07:47:21.409+0000] {logging_mixin.py:188} INFO - [2025-05-20T07:47:21.408+0000] {dagbag.py:538} INFO - Filling up the DagBag from /home/airflow/.local/lib/python3.8/site-packages/airflow/example_dags/example_xcomargs.py
[2025-05-20T07:47:21.430+0000] {processor.py:840} INFO - DAG(s) 'example_xcom_args_with_operators', 'example_xcom_args' retrieved from /home/airflow/.local/lib/python3.8/site-packages/airflow/example_dags/example_xcomargs.py
[2025-05-20T07:47:21.487+0000] {logging_mixin.py:188} INFO - [2025-05-20T07:47:21.486+0000] {dag.py:3036} INFO - Sync 2 DAGs
[2025-05-20T07:47:21.525+0000] {logging_mixin.py:188} INFO - [2025-05-20T07:47:21.524+0000] {dag.py:3823} INFO - Setting next_dagrun for example_xcom_args to None, run_after=None
[2025-05-20T07:47:21.535+0000] {logging_mixin.py:188} INFO - [2025-05-20T07:47:21.534+0000] {dag.py:3823} INFO - Setting next_dagrun for example_xcom_args_with_operators to None, run_after=None
[2025-05-20T07:47:21.580+0000] {processor.py:183} INFO - Processing /home/airflow/.local/lib/python3.8/site-packages/airflow/example_dags/example_xcomargs.py took 0.189 seconds
[2025-05-20T07:47:52.623+0000] {processor.py:161} INFO - Started process (PID=393) to work on /home/airflow/.local/lib/python3.8/site-packages/airflow/example_dags/example_xcomargs.py
[2025-05-20T07:47:52.625+0000] {processor.py:830} INFO - Processing file /home/airflow/.local/lib/python3.8/site-packages/airflow/example_dags/example_xcomargs.py for tasks to queue
[2025-05-20T07:47:52.629+0000] {logging_mixin.py:188} INFO - [2025-05-20T07:47:52.628+0000] {dagbag.py:538} INFO - Filling up the DagBag from /home/airflow/.local/lib/python3.8/site-packages/airflow/example_dags/example_xcomargs.py
[2025-05-20T07:47:52.645+0000] {processor.py:840} INFO - DAG(s) 'example_xcom_args', 'example_xcom_args_with_operators' retrieved from /home/airflow/.local/lib/python3.8/site-packages/airflow/example_dags/example_xcomargs.py
[2025-05-20T07:47:52.684+0000] {logging_mixin.py:188} INFO - [2025-05-20T07:47:52.684+0000] {dag.py:3036} INFO - Sync 2 DAGs
[2025-05-20T07:47:52.706+0000] {logging_mixin.py:188} INFO - [2025-05-20T07:47:52.705+0000] {dag.py:3823} INFO - Setting next_dagrun for example_xcom_args to None, run_after=None
[2025-05-20T07:47:52.712+0000] {logging_mixin.py:188} INFO - [2025-05-20T07:47:52.712+0000] {dag.py:3823} INFO - Setting next_dagrun for example_xcom_args_with_operators to None, run_after=None
[2025-05-20T07:47:52.751+0000] {processor.py:183} INFO - Processing /home/airflow/.local/lib/python3.8/site-packages/airflow/example_dags/example_xcomargs.py took 0.135 seconds
[2025-05-20T07:48:24.815+0000] {processor.py:161} INFO - Started process (PID=458) to work on /home/airflow/.local/lib/python3.8/site-packages/airflow/example_dags/example_xcomargs.py
[2025-05-20T07:48:24.817+0000] {processor.py:830} INFO - Processing file /home/airflow/.local/lib/python3.8/site-packages/airflow/example_dags/example_xcomargs.py for tasks to queue
[2025-05-20T07:48:24.822+0000] {logging_mixin.py:188} INFO - [2025-05-20T07:48:24.821+0000] {dagbag.py:538} INFO - Filling up the DagBag from /home/airflow/.local/lib/python3.8/site-packages/airflow/example_dags/example_xcomargs.py
[2025-05-20T07:48:24.843+0000] {processor.py:840} INFO - DAG(s) 'example_xcom_args', 'example_xcom_args_with_operators' retrieved from /home/airflow/.local/lib/python3.8/site-packages/airflow/example_dags/example_xcomargs.py
[2025-05-20T07:48:24.895+0000] {logging_mixin.py:188} INFO - [2025-05-20T07:48:24.895+0000] {dag.py:3036} INFO - Sync 2 DAGs
[2025-05-20T07:48:24.923+0000] {logging_mixin.py:188} INFO - [2025-05-20T07:48:24.922+0000] {dag.py:3823} INFO - Setting next_dagrun for example_xcom_args to None, run_after=None
[2025-05-20T07:48:24.931+0000] {logging_mixin.py:188} INFO - [2025-05-20T07:48:24.931+0000] {dag.py:3823} INFO - Setting next_dagrun for example_xcom_args_with_operators to None, run_after=None
[2025-05-20T07:48:24.964+0000] {processor.py:183} INFO - Processing /home/airflow/.local/lib/python3.8/site-packages/airflow/example_dags/example_xcomargs.py took 0.157 seconds
[2025-05-20T07:48:55.264+0000] {processor.py:161} INFO - Started process (PID=523) to work on /home/airflow/.local/lib/python3.8/site-packages/airflow/example_dags/example_xcomargs.py
[2025-05-20T07:48:55.266+0000] {processor.py:830} INFO - Processing file /home/airflow/.local/lib/python3.8/site-packages/airflow/example_dags/example_xcomargs.py for tasks to queue
[2025-05-20T07:48:55.271+0000] {logging_mixin.py:188} INFO - [2025-05-20T07:48:55.270+0000] {dagbag.py:538} INFO - Filling up the DagBag from /home/airflow/.local/lib/python3.8/site-packages/airflow/example_dags/example_xcomargs.py
[2025-05-20T07:48:55.287+0000] {processor.py:840} INFO - DAG(s) 'example_xcom_args', 'example_xcom_args_with_operators' retrieved from /home/airflow/.local/lib/python3.8/site-packages/airflow/example_dags/example_xcomargs.py
[2025-05-20T07:48:55.328+0000] {logging_mixin.py:188} INFO - [2025-05-20T07:48:55.327+0000] {dag.py:3036} INFO - Sync 2 DAGs
[2025-05-20T07:48:55.352+0000] {logging_mixin.py:188} INFO - [2025-05-20T07:48:55.352+0000] {dag.py:3823} INFO - Setting next_dagrun for example_xcom_args to None, run_after=None
[2025-05-20T07:48:55.359+0000] {logging_mixin.py:188} INFO - [2025-05-20T07:48:55.359+0000] {dag.py:3823} INFO - Setting next_dagrun for example_xcom_args_with_operators to None, run_after=None
[2025-05-20T07:48:55.394+0000] {processor.py:183} INFO - Processing /home/airflow/.local/lib/python3.8/site-packages/airflow/example_dags/example_xcomargs.py took 0.135 seconds
[2025-05-20T07:49:26.095+0000] {processor.py:161} INFO - Started process (PID=588) to work on /home/airflow/.local/lib/python3.8/site-packages/airflow/example_dags/example_xcomargs.py
[2025-05-20T07:49:26.098+0000] {processor.py:830} INFO - Processing file /home/airflow/.local/lib/python3.8/site-packages/airflow/example_dags/example_xcomargs.py for tasks to queue
[2025-05-20T07:49:26.104+0000] {logging_mixin.py:188} INFO - [2025-05-20T07:49:26.103+0000] {dagbag.py:538} INFO - Filling up the DagBag from /home/airflow/.local/lib/python3.8/site-packages/airflow/example_dags/example_xcomargs.py
[2025-05-20T07:49:26.124+0000] {processor.py:840} INFO - DAG(s) 'example_xcom_args_with_operators', 'example_xcom_args' retrieved from /home/airflow/.local/lib/python3.8/site-packages/airflow/example_dags/example_xcomargs.py
[2025-05-20T07:49:26.175+0000] {logging_mixin.py:188} INFO - [2025-05-20T07:49:26.175+0000] {dag.py:3036} INFO - Sync 2 DAGs
[2025-05-20T07:49:26.205+0000] {logging_mixin.py:188} INFO - [2025-05-20T07:49:26.205+0000] {dag.py:3823} INFO - Setting next_dagrun for example_xcom_args to None, run_after=None
[2025-05-20T07:49:26.214+0000] {logging_mixin.py:188} INFO - [2025-05-20T07:49:26.213+0000] {dag.py:3823} INFO - Setting next_dagrun for example_xcom_args_with_operators to None, run_after=None
[2025-05-20T07:49:26.259+0000] {processor.py:183} INFO - Processing /home/airflow/.local/lib/python3.8/site-packages/airflow/example_dags/example_xcomargs.py took 0.174 seconds
[2025-05-20T07:49:57.624+0000] {processor.py:161} INFO - Started process (PID=653) to work on /home/airflow/.local/lib/python3.8/site-packages/airflow/example_dags/example_xcomargs.py
[2025-05-20T07:49:57.628+0000] {processor.py:830} INFO - Processing file /home/airflow/.local/lib/python3.8/site-packages/airflow/example_dags/example_xcomargs.py for tasks to queue
[2025-05-20T07:49:57.636+0000] {logging_mixin.py:188} INFO - [2025-05-20T07:49:57.635+0000] {dagbag.py:538} INFO - Filling up the DagBag from /home/airflow/.local/lib/python3.8/site-packages/airflow/example_dags/example_xcomargs.py
[2025-05-20T07:49:57.665+0000] {processor.py:840} INFO - DAG(s) 'example_xcom_args', 'example_xcom_args_with_operators' retrieved from /home/airflow/.local/lib/python3.8/site-packages/airflow/example_dags/example_xcomargs.py
[2025-05-20T07:49:57.744+0000] {logging_mixin.py:188} INFO - [2025-05-20T07:49:57.744+0000] {dag.py:3036} INFO - Sync 2 DAGs
[2025-05-20T07:49:57.787+0000] {logging_mixin.py:188} INFO - [2025-05-20T07:49:57.786+0000] {dag.py:3823} INFO - Setting next_dagrun for example_xcom_args to None, run_after=None
[2025-05-20T07:49:57.805+0000] {logging_mixin.py:188} INFO - [2025-05-20T07:49:57.804+0000] {dag.py:3823} INFO - Setting next_dagrun for example_xcom_args_with_operators to None, run_after=None
[2025-05-20T07:49:57.868+0000] {processor.py:183} INFO - Processing /home/airflow/.local/lib/python3.8/site-packages/airflow/example_dags/example_xcomargs.py took 0.257 seconds
[2025-05-20T07:50:29.134+0000] {processor.py:161} INFO - Started process (PID=718) to work on /home/airflow/.local/lib/python3.8/site-packages/airflow/example_dags/example_xcomargs.py
[2025-05-20T07:50:29.136+0000] {processor.py:830} INFO - Processing file /home/airflow/.local/lib/python3.8/site-packages/airflow/example_dags/example_xcomargs.py for tasks to queue
[2025-05-20T07:50:29.139+0000] {logging_mixin.py:188} INFO - [2025-05-20T07:50:29.138+0000] {dagbag.py:538} INFO - Filling up the DagBag from /home/airflow/.local/lib/python3.8/site-packages/airflow/example_dags/example_xcomargs.py
[2025-05-20T07:50:29.152+0000] {processor.py:840} INFO - DAG(s) 'example_xcom_args', 'example_xcom_args_with_operators' retrieved from /home/airflow/.local/lib/python3.8/site-packages/airflow/example_dags/example_xcomargs.py
[2025-05-20T07:50:29.195+0000] {logging_mixin.py:188} INFO - [2025-05-20T07:50:29.195+0000] {dag.py:3036} INFO - Sync 2 DAGs
[2025-05-20T07:50:29.228+0000] {logging_mixin.py:188} INFO - [2025-05-20T07:50:29.228+0000] {dag.py:3823} INFO - Setting next_dagrun for example_xcom_args to None, run_after=None
[2025-05-20T07:50:29.238+0000] {logging_mixin.py:188} INFO - [2025-05-20T07:50:29.238+0000] {dag.py:3823} INFO - Setting next_dagrun for example_xcom_args_with_operators to None, run_after=None
[2025-05-20T07:50:29.279+0000] {processor.py:183} INFO - Processing /home/airflow/.local/lib/python3.8/site-packages/airflow/example_dags/example_xcomargs.py took 0.151 seconds
[2025-05-20T07:51:00.804+0000] {processor.py:161} INFO - Started process (PID=783) to work on /home/airflow/.local/lib/python3.8/site-packages/airflow/example_dags/example_xcomargs.py
[2025-05-20T07:51:00.806+0000] {processor.py:830} INFO - Processing file /home/airflow/.local/lib/python3.8/site-packages/airflow/example_dags/example_xcomargs.py for tasks to queue
[2025-05-20T07:51:00.810+0000] {logging_mixin.py:188} INFO - [2025-05-20T07:51:00.810+0000] {dagbag.py:538} INFO - Filling up the DagBag from /home/airflow/.local/lib/python3.8/site-packages/airflow/example_dags/example_xcomargs.py
[2025-05-20T07:51:00.831+0000] {processor.py:840} INFO - DAG(s) 'example_xcom_args', 'example_xcom_args_with_operators' retrieved from /home/airflow/.local/lib/python3.8/site-packages/airflow/example_dags/example_xcomargs.py
[2025-05-20T07:51:00.880+0000] {logging_mixin.py:188} INFO - [2025-05-20T07:51:00.879+0000] {dag.py:3036} INFO - Sync 2 DAGs
[2025-05-20T07:51:00.904+0000] {logging_mixin.py:188} INFO - [2025-05-20T07:51:00.903+0000] {dag.py:3823} INFO - Setting next_dagrun for example_xcom_args to None, run_after=None
[2025-05-20T07:51:00.912+0000] {logging_mixin.py:188} INFO - [2025-05-20T07:51:00.912+0000] {dag.py:3823} INFO - Setting next_dagrun for example_xcom_args_with_operators to None, run_after=None
[2025-05-20T07:51:00.955+0000] {processor.py:183} INFO - Processing /home/airflow/.local/lib/python3.8/site-packages/airflow/example_dags/example_xcomargs.py took 0.157 seconds
[2025-05-20T07:51:32.875+0000] {processor.py:161} INFO - Started process (PID=854) to work on /home/airflow/.local/lib/python3.8/site-packages/airflow/example_dags/example_xcomargs.py
[2025-05-20T07:51:32.877+0000] {processor.py:830} INFO - Processing file /home/airflow/.local/lib/python3.8/site-packages/airflow/example_dags/example_xcomargs.py for tasks to queue
[2025-05-20T07:51:32.880+0000] {logging_mixin.py:188} INFO - [2025-05-20T07:51:32.879+0000] {dagbag.py:538} INFO - Filling up the DagBag from /home/airflow/.local/lib/python3.8/site-packages/airflow/example_dags/example_xcomargs.py
[2025-05-20T07:51:32.894+0000] {processor.py:840} INFO - DAG(s) 'example_xcom_args', 'example_xcom_args_with_operators' retrieved from /home/airflow/.local/lib/python3.8/site-packages/airflow/example_dags/example_xcomargs.py
[2025-05-20T07:51:32.936+0000] {logging_mixin.py:188} INFO - [2025-05-20T07:51:32.936+0000] {dag.py:3036} INFO - Sync 2 DAGs
[2025-05-20T07:51:32.968+0000] {logging_mixin.py:188} INFO - [2025-05-20T07:51:32.968+0000] {dag.py:3823} INFO - Setting next_dagrun for example_xcom_args to None, run_after=None
[2025-05-20T07:51:32.976+0000] {logging_mixin.py:188} INFO - [2025-05-20T07:51:32.976+0000] {dag.py:3823} INFO - Setting next_dagrun for example_xcom_args_with_operators to None, run_after=None
[2025-05-20T07:51:33.012+0000] {processor.py:183} INFO - Processing /home/airflow/.local/lib/python3.8/site-packages/airflow/example_dags/example_xcomargs.py took 0.143 seconds
[2025-05-20T07:52:04.125+0000] {processor.py:161} INFO - Started process (PID=919) to work on /home/airflow/.local/lib/python3.8/site-packages/airflow/example_dags/example_xcomargs.py
[2025-05-20T07:52:04.127+0000] {processor.py:830} INFO - Processing file /home/airflow/.local/lib/python3.8/site-packages/airflow/example_dags/example_xcomargs.py for tasks to queue
[2025-05-20T07:52:04.130+0000] {logging_mixin.py:188} INFO - [2025-05-20T07:52:04.129+0000] {dagbag.py:538} INFO - Filling up the DagBag from /home/airflow/.local/lib/python3.8/site-packages/airflow/example_dags/example_xcomargs.py
[2025-05-20T07:52:04.147+0000] {processor.py:840} INFO - DAG(s) 'example_xcom_args_with_operators', 'example_xcom_args' retrieved from /home/airflow/.local/lib/python3.8/site-packages/airflow/example_dags/example_xcomargs.py
[2025-05-20T07:52:04.207+0000] {logging_mixin.py:188} INFO - [2025-05-20T07:52:04.207+0000] {dag.py:3036} INFO - Sync 2 DAGs
[2025-05-20T07:52:04.235+0000] {logging_mixin.py:188} INFO - [2025-05-20T07:52:04.235+0000] {dag.py:3823} INFO - Setting next_dagrun for example_xcom_args to None, run_after=None
[2025-05-20T07:52:04.242+0000] {logging_mixin.py:188} INFO - [2025-05-20T07:52:04.242+0000] {dag.py:3823} INFO - Setting next_dagrun for example_xcom_args_with_operators to None, run_after=None
[2025-05-20T07:52:04.273+0000] {processor.py:183} INFO - Processing /home/airflow/.local/lib/python3.8/site-packages/airflow/example_dags/example_xcomargs.py took 0.154 seconds
[2025-05-20T07:52:35.668+0000] {processor.py:161} INFO - Started process (PID=984) to work on /home/airflow/.local/lib/python3.8/site-packages/airflow/example_dags/example_xcomargs.py
[2025-05-20T07:52:35.675+0000] {processor.py:830} INFO - Processing file /home/airflow/.local/lib/python3.8/site-packages/airflow/example_dags/example_xcomargs.py for tasks to queue
[2025-05-20T07:52:35.682+0000] {logging_mixin.py:188} INFO - [2025-05-20T07:52:35.681+0000] {dagbag.py:538} INFO - Filling up the DagBag from /home/airflow/.local/lib/python3.8/site-packages/airflow/example_dags/example_xcomargs.py
[2025-05-20T07:52:35.703+0000] {processor.py:840} INFO - DAG(s) 'example_xcom_args', 'example_xcom_args_with_operators' retrieved from /home/airflow/.local/lib/python3.8/site-packages/airflow/example_dags/example_xcomargs.py
[2025-05-20T07:52:35.754+0000] {logging_mixin.py:188} INFO - [2025-05-20T07:52:35.754+0000] {dag.py:3036} INFO - Sync 2 DAGs
[2025-05-20T07:52:35.782+0000] {logging_mixin.py:188} INFO - [2025-05-20T07:52:35.781+0000] {dag.py:3823} INFO - Setting next_dagrun for example_xcom_args to None, run_after=None
[2025-05-20T07:52:35.790+0000] {logging_mixin.py:188} INFO - [2025-05-20T07:52:35.790+0000] {dag.py:3823} INFO - Setting next_dagrun for example_xcom_args_with_operators to None, run_after=None
[2025-05-20T07:52:35.831+0000] {processor.py:183} INFO - Processing /home/airflow/.local/lib/python3.8/site-packages/airflow/example_dags/example_xcomargs.py took 0.189 seconds
[2025-05-20T07:53:06.685+0000] {processor.py:161} INFO - Started process (PID=1049) to work on /home/airflow/.local/lib/python3.8/site-packages/airflow/example_dags/example_xcomargs.py
[2025-05-20T07:53:06.688+0000] {processor.py:830} INFO - Processing file /home/airflow/.local/lib/python3.8/site-packages/airflow/example_dags/example_xcomargs.py for tasks to queue
[2025-05-20T07:53:06.692+0000] {logging_mixin.py:188} INFO - [2025-05-20T07:53:06.691+0000] {dagbag.py:538} INFO - Filling up the DagBag from /home/airflow/.local/lib/python3.8/site-packages/airflow/example_dags/example_xcomargs.py
[2025-05-20T07:53:06.710+0000] {processor.py:840} INFO - DAG(s) 'example_xcom_args_with_operators', 'example_xcom_args' retrieved from /home/airflow/.local/lib/python3.8/site-packages/airflow/example_dags/example_xcomargs.py
[2025-05-20T07:53:06.764+0000] {logging_mixin.py:188} INFO - [2025-05-20T07:53:06.764+0000] {dag.py:3036} INFO - Sync 2 DAGs
[2025-05-20T07:53:06.792+0000] {logging_mixin.py:188} INFO - [2025-05-20T07:53:06.792+0000] {dag.py:3823} INFO - Setting next_dagrun for example_xcom_args to None, run_after=None
[2025-05-20T07:53:06.802+0000] {logging_mixin.py:188} INFO - [2025-05-20T07:53:06.802+0000] {dag.py:3823} INFO - Setting next_dagrun for example_xcom_args_with_operators to None, run_after=None
[2025-05-20T07:53:06.845+0000] {processor.py:183} INFO - Processing /home/airflow/.local/lib/python3.8/site-packages/airflow/example_dags/example_xcomargs.py took 0.165 seconds
[2025-05-20T07:53:39.362+0000] {processor.py:161} INFO - Started process (PID=1114) to work on /home/airflow/.local/lib/python3.8/site-packages/airflow/example_dags/example_xcomargs.py
[2025-05-20T07:53:39.365+0000] {processor.py:830} INFO - Processing file /home/airflow/.local/lib/python3.8/site-packages/airflow/example_dags/example_xcomargs.py for tasks to queue
[2025-05-20T07:53:39.369+0000] {logging_mixin.py:188} INFO - [2025-05-20T07:53:39.368+0000] {dagbag.py:538} INFO - Filling up the DagBag from /home/airflow/.local/lib/python3.8/site-packages/airflow/example_dags/example_xcomargs.py
[2025-05-20T07:53:39.387+0000] {processor.py:840} INFO - DAG(s) 'example_xcom_args', 'example_xcom_args_with_operators' retrieved from /home/airflow/.local/lib/python3.8/site-packages/airflow/example_dags/example_xcomargs.py
[2025-05-20T07:53:39.435+0000] {logging_mixin.py:188} INFO - [2025-05-20T07:53:39.434+0000] {dag.py:3036} INFO - Sync 2 DAGs
[2025-05-20T07:53:39.461+0000] {logging_mixin.py:188} INFO - [2025-05-20T07:53:39.461+0000] {dag.py:3823} INFO - Setting next_dagrun for example_xcom_args to None, run_after=None
[2025-05-20T07:53:39.471+0000] {logging_mixin.py:188} INFO - [2025-05-20T07:53:39.471+0000] {dag.py:3823} INFO - Setting next_dagrun for example_xcom_args_with_operators to None, run_after=None
[2025-05-20T07:53:39.510+0000] {processor.py:183} INFO - Processing /home/airflow/.local/lib/python3.8/site-packages/airflow/example_dags/example_xcomargs.py took 0.154 seconds
[2025-05-20T07:54:11.646+0000] {processor.py:161} INFO - Started process (PID=1179) to work on /home/airflow/.local/lib/python3.8/site-packages/airflow/example_dags/example_xcomargs.py
[2025-05-20T07:54:11.648+0000] {processor.py:830} INFO - Processing file /home/airflow/.local/lib/python3.8/site-packages/airflow/example_dags/example_xcomargs.py for tasks to queue
[2025-05-20T07:54:11.651+0000] {logging_mixin.py:188} INFO - [2025-05-20T07:54:11.651+0000] {dagbag.py:538} INFO - Filling up the DagBag from /home/airflow/.local/lib/python3.8/site-packages/airflow/example_dags/example_xcomargs.py
[2025-05-20T07:54:11.666+0000] {processor.py:840} INFO - DAG(s) 'example_xcom_args', 'example_xcom_args_with_operators' retrieved from /home/airflow/.local/lib/python3.8/site-packages/airflow/example_dags/example_xcomargs.py
[2025-05-20T07:54:11.710+0000] {logging_mixin.py:188} INFO - [2025-05-20T07:54:11.709+0000] {dag.py:3036} INFO - Sync 2 DAGs
[2025-05-20T07:54:11.736+0000] {logging_mixin.py:188} INFO - [2025-05-20T07:54:11.735+0000] {dag.py:3823} INFO - Setting next_dagrun for example_xcom_args to None, run_after=None
[2025-05-20T07:54:11.747+0000] {logging_mixin.py:188} INFO - [2025-05-20T07:54:11.746+0000] {dag.py:3823} INFO - Setting next_dagrun for example_xcom_args_with_operators to None, run_after=None
[2025-05-20T07:54:11.798+0000] {processor.py:183} INFO - Processing /home/airflow/.local/lib/python3.8/site-packages/airflow/example_dags/example_xcomargs.py took 0.159 seconds
[2025-05-20T07:54:42.967+0000] {processor.py:161} INFO - Started process (PID=1244) to work on /home/airflow/.local/lib/python3.8/site-packages/airflow/example_dags/example_xcomargs.py
[2025-05-20T07:54:42.969+0000] {processor.py:830} INFO - Processing file /home/airflow/.local/lib/python3.8/site-packages/airflow/example_dags/example_xcomargs.py for tasks to queue
[2025-05-20T07:54:42.973+0000] {logging_mixin.py:188} INFO - [2025-05-20T07:54:42.972+0000] {dagbag.py:538} INFO - Filling up the DagBag from /home/airflow/.local/lib/python3.8/site-packages/airflow/example_dags/example_xcomargs.py
[2025-05-20T07:54:42.987+0000] {processor.py:840} INFO - DAG(s) 'example_xcom_args', 'example_xcom_args_with_operators' retrieved from /home/airflow/.local/lib/python3.8/site-packages/airflow/example_dags/example_xcomargs.py
[2025-05-20T07:54:43.028+0000] {logging_mixin.py:188} INFO - [2025-05-20T07:54:43.027+0000] {dag.py:3036} INFO - Sync 2 DAGs
[2025-05-20T07:54:43.051+0000] {logging_mixin.py:188} INFO - [2025-05-20T07:54:43.051+0000] {dag.py:3823} INFO - Setting next_dagrun for example_xcom_args to None, run_after=None
[2025-05-20T07:54:43.059+0000] {logging_mixin.py:188} INFO - [2025-05-20T07:54:43.059+0000] {dag.py:3823} INFO - Setting next_dagrun for example_xcom_args_with_operators to None, run_after=None
[2025-05-20T07:54:43.093+0000] {processor.py:183} INFO - Processing /home/airflow/.local/lib/python3.8/site-packages/airflow/example_dags/example_xcomargs.py took 0.132 seconds
[2025-05-20T07:55:14.150+0000] {processor.py:161} INFO - Started process (PID=1309) to work on /home/airflow/.local/lib/python3.8/site-packages/airflow/example_dags/example_xcomargs.py
[2025-05-20T07:55:14.153+0000] {processor.py:830} INFO - Processing file /home/airflow/.local/lib/python3.8/site-packages/airflow/example_dags/example_xcomargs.py for tasks to queue
[2025-05-20T07:55:14.157+0000] {logging_mixin.py:188} INFO - [2025-05-20T07:55:14.156+0000] {dagbag.py:538} INFO - Filling up the DagBag from /home/airflow/.local/lib/python3.8/site-packages/airflow/example_dags/example_xcomargs.py
[2025-05-20T07:55:14.179+0000] {processor.py:840} INFO - DAG(s) 'example_xcom_args', 'example_xcom_args_with_operators' retrieved from /home/airflow/.local/lib/python3.8/site-packages/airflow/example_dags/example_xcomargs.py
[2025-05-20T07:55:14.241+0000] {logging_mixin.py:188} INFO - [2025-05-20T07:55:14.240+0000] {dag.py:3036} INFO - Sync 2 DAGs
[2025-05-20T07:55:14.263+0000] {logging_mixin.py:188} INFO - [2025-05-20T07:55:14.263+0000] {dag.py:3823} INFO - Setting next_dagrun for example_xcom_args to None, run_after=None
[2025-05-20T07:55:14.270+0000] {logging_mixin.py:188} INFO - [2025-05-20T07:55:14.270+0000] {dag.py:3823} INFO - Setting next_dagrun for example_xcom_args_with_operators to None, run_after=None
[2025-05-20T07:55:14.314+0000] {processor.py:183} INFO - Processing /home/airflow/.local/lib/python3.8/site-packages/airflow/example_dags/example_xcomargs.py took 0.171 seconds
[2025-05-20T07:55:44.789+0000] {processor.py:161} INFO - Started process (PID=1374) to work on /home/airflow/.local/lib/python3.8/site-packages/airflow/example_dags/example_xcomargs.py
[2025-05-20T07:55:44.791+0000] {processor.py:830} INFO - Processing file /home/airflow/.local/lib/python3.8/site-packages/airflow/example_dags/example_xcomargs.py for tasks to queue
[2025-05-20T07:55:44.795+0000] {logging_mixin.py:188} INFO - [2025-05-20T07:55:44.794+0000] {dagbag.py:538} INFO - Filling up the DagBag from /home/airflow/.local/lib/python3.8/site-packages/airflow/example_dags/example_xcomargs.py
[2025-05-20T07:55:44.815+0000] {processor.py:840} INFO - DAG(s) 'example_xcom_args', 'example_xcom_args_with_operators' retrieved from /home/airflow/.local/lib/python3.8/site-packages/airflow/example_dags/example_xcomargs.py
[2025-05-20T07:55:44.866+0000] {logging_mixin.py:188} INFO - [2025-05-20T07:55:44.865+0000] {dag.py:3036} INFO - Sync 2 DAGs
[2025-05-20T07:55:44.896+0000] {logging_mixin.py:188} INFO - [2025-05-20T07:55:44.896+0000] {dag.py:3823} INFO - Setting next_dagrun for example_xcom_args to None, run_after=None
[2025-05-20T07:55:44.905+0000] {logging_mixin.py:188} INFO - [2025-05-20T07:55:44.905+0000] {dag.py:3823} INFO - Setting next_dagrun for example_xcom_args_with_operators to None, run_after=None
[2025-05-20T07:55:44.944+0000] {processor.py:183} INFO - Processing /home/airflow/.local/lib/python3.8/site-packages/airflow/example_dags/example_xcomargs.py took 0.162 seconds
[2025-05-20T07:56:16.325+0000] {processor.py:161} INFO - Started process (PID=1439) to work on /home/airflow/.local/lib/python3.8/site-packages/airflow/example_dags/example_xcomargs.py
[2025-05-20T07:56:16.327+0000] {processor.py:830} INFO - Processing file /home/airflow/.local/lib/python3.8/site-packages/airflow/example_dags/example_xcomargs.py for tasks to queue
[2025-05-20T07:56:16.332+0000] {logging_mixin.py:188} INFO - [2025-05-20T07:56:16.331+0000] {dagbag.py:538} INFO - Filling up the DagBag from /home/airflow/.local/lib/python3.8/site-packages/airflow/example_dags/example_xcomargs.py
[2025-05-20T07:56:16.345+0000] {processor.py:840} INFO - DAG(s) 'example_xcom_args', 'example_xcom_args_with_operators' retrieved from /home/airflow/.local/lib/python3.8/site-packages/airflow/example_dags/example_xcomargs.py
[2025-05-20T07:56:16.384+0000] {logging_mixin.py:188} INFO - [2025-05-20T07:56:16.383+0000] {dag.py:3036} INFO - Sync 2 DAGs
[2025-05-20T07:56:16.406+0000] {logging_mixin.py:188} INFO - [2025-05-20T07:56:16.406+0000] {dag.py:3823} INFO - Setting next_dagrun for example_xcom_args to None, run_after=None
[2025-05-20T07:56:16.413+0000] {logging_mixin.py:188} INFO - [2025-05-20T07:56:16.413+0000] {dag.py:3823} INFO - Setting next_dagrun for example_xcom_args_with_operators to None, run_after=None
[2025-05-20T07:56:16.444+0000] {processor.py:183} INFO - Processing /home/airflow/.local/lib/python3.8/site-packages/airflow/example_dags/example_xcomargs.py took 0.129 seconds
[2025-05-20T07:56:48.349+0000] {processor.py:161} INFO - Started process (PID=1504) to work on /home/airflow/.local/lib/python3.8/site-packages/airflow/example_dags/example_xcomargs.py
[2025-05-20T07:56:48.351+0000] {processor.py:830} INFO - Processing file /home/airflow/.local/lib/python3.8/site-packages/airflow/example_dags/example_xcomargs.py for tasks to queue
[2025-05-20T07:56:48.355+0000] {logging_mixin.py:188} INFO - [2025-05-20T07:56:48.355+0000] {dagbag.py:538} INFO - Filling up the DagBag from /home/airflow/.local/lib/python3.8/site-packages/airflow/example_dags/example_xcomargs.py
[2025-05-20T07:56:48.374+0000] {processor.py:840} INFO - DAG(s) 'example_xcom_args', 'example_xcom_args_with_operators' retrieved from /home/airflow/.local/lib/python3.8/site-packages/airflow/example_dags/example_xcomargs.py
[2025-05-20T07:56:48.439+0000] {logging_mixin.py:188} INFO - [2025-05-20T07:56:48.438+0000] {dag.py:3036} INFO - Sync 2 DAGs
[2025-05-20T07:56:48.474+0000] {logging_mixin.py:188} INFO - [2025-05-20T07:56:48.473+0000] {dag.py:3823} INFO - Setting next_dagrun for example_xcom_args to None, run_after=None
[2025-05-20T07:56:48.484+0000] {logging_mixin.py:188} INFO - [2025-05-20T07:56:48.483+0000] {dag.py:3823} INFO - Setting next_dagrun for example_xcom_args_with_operators to None, run_after=None
[2025-05-20T07:56:48.527+0000] {processor.py:183} INFO - Processing /home/airflow/.local/lib/python3.8/site-packages/airflow/example_dags/example_xcomargs.py took 0.185 seconds
[2025-05-20T07:57:19.581+0000] {processor.py:161} INFO - Started process (PID=1569) to work on /home/airflow/.local/lib/python3.8/site-packages/airflow/example_dags/example_xcomargs.py
[2025-05-20T07:57:19.584+0000] {processor.py:830} INFO - Processing file /home/airflow/.local/lib/python3.8/site-packages/airflow/example_dags/example_xcomargs.py for tasks to queue
[2025-05-20T07:57:19.588+0000] {logging_mixin.py:188} INFO - [2025-05-20T07:57:19.588+0000] {dagbag.py:538} INFO - Filling up the DagBag from /home/airflow/.local/lib/python3.8/site-packages/airflow/example_dags/example_xcomargs.py
[2025-05-20T07:57:19.612+0000] {processor.py:840} INFO - DAG(s) 'example_xcom_args', 'example_xcom_args_with_operators' retrieved from /home/airflow/.local/lib/python3.8/site-packages/airflow/example_dags/example_xcomargs.py
[2025-05-20T07:57:19.670+0000] {logging_mixin.py:188} INFO - [2025-05-20T07:57:19.670+0000] {dag.py:3036} INFO - Sync 2 DAGs
[2025-05-20T07:57:19.700+0000] {logging_mixin.py:188} INFO - [2025-05-20T07:57:19.700+0000] {dag.py:3823} INFO - Setting next_dagrun for example_xcom_args to None, run_after=None
[2025-05-20T07:57:19.710+0000] {logging_mixin.py:188} INFO - [2025-05-20T07:57:19.709+0000] {dag.py:3823} INFO - Setting next_dagrun for example_xcom_args_with_operators to None, run_after=None
[2025-05-20T07:57:19.755+0000] {processor.py:183} INFO - Processing /home/airflow/.local/lib/python3.8/site-packages/airflow/example_dags/example_xcomargs.py took 0.181 seconds
[2025-05-20T07:57:50.886+0000] {processor.py:161} INFO - Started process (PID=1634) to work on /home/airflow/.local/lib/python3.8/site-packages/airflow/example_dags/example_xcomargs.py
[2025-05-20T07:57:50.888+0000] {processor.py:830} INFO - Processing file /home/airflow/.local/lib/python3.8/site-packages/airflow/example_dags/example_xcomargs.py for tasks to queue
[2025-05-20T07:57:50.892+0000] {logging_mixin.py:188} INFO - [2025-05-20T07:57:50.891+0000] {dagbag.py:538} INFO - Filling up the DagBag from /home/airflow/.local/lib/python3.8/site-packages/airflow/example_dags/example_xcomargs.py
[2025-05-20T07:57:50.909+0000] {processor.py:840} INFO - DAG(s) 'example_xcom_args_with_operators', 'example_xcom_args' retrieved from /home/airflow/.local/lib/python3.8/site-packages/airflow/example_dags/example_xcomargs.py
[2025-05-20T07:57:50.957+0000] {logging_mixin.py:188} INFO - [2025-05-20T07:57:50.957+0000] {dag.py:3036} INFO - Sync 2 DAGs
[2025-05-20T07:57:50.981+0000] {logging_mixin.py:188} INFO - [2025-05-20T07:57:50.981+0000] {dag.py:3823} INFO - Setting next_dagrun for example_xcom_args to None, run_after=None
[2025-05-20T07:57:50.989+0000] {logging_mixin.py:188} INFO - [2025-05-20T07:57:50.989+0000] {dag.py:3823} INFO - Setting next_dagrun for example_xcom_args_with_operators to None, run_after=None
[2025-05-20T07:57:51.027+0000] {processor.py:183} INFO - Processing /home/airflow/.local/lib/python3.8/site-packages/airflow/example_dags/example_xcomargs.py took 0.150 seconds
[2025-05-20T07:58:22.249+0000] {processor.py:161} INFO - Started process (PID=1699) to work on /home/airflow/.local/lib/python3.8/site-packages/airflow/example_dags/example_xcomargs.py
[2025-05-20T07:58:22.252+0000] {processor.py:830} INFO - Processing file /home/airflow/.local/lib/python3.8/site-packages/airflow/example_dags/example_xcomargs.py for tasks to queue
[2025-05-20T07:58:22.260+0000] {logging_mixin.py:188} INFO - [2025-05-20T07:58:22.259+0000] {dagbag.py:538} INFO - Filling up the DagBag from /home/airflow/.local/lib/python3.8/site-packages/airflow/example_dags/example_xcomargs.py
[2025-05-20T07:58:22.290+0000] {processor.py:840} INFO - DAG(s) 'example_xcom_args_with_operators', 'example_xcom_args' retrieved from /home/airflow/.local/lib/python3.8/site-packages/airflow/example_dags/example_xcomargs.py
[2025-05-20T07:58:22.383+0000] {logging_mixin.py:188} INFO - [2025-05-20T07:58:22.382+0000] {dag.py:3036} INFO - Sync 2 DAGs
[2025-05-20T07:58:22.418+0000] {logging_mixin.py:188} INFO - [2025-05-20T07:58:22.418+0000] {dag.py:3823} INFO - Setting next_dagrun for example_xcom_args to None, run_after=None
[2025-05-20T07:58:22.426+0000] {logging_mixin.py:188} INFO - [2025-05-20T07:58:22.426+0000] {dag.py:3823} INFO - Setting next_dagrun for example_xcom_args_with_operators to None, run_after=None
[2025-05-20T07:58:22.465+0000] {processor.py:183} INFO - Processing /home/airflow/.local/lib/python3.8/site-packages/airflow/example_dags/example_xcomargs.py took 0.222 seconds
[2025-05-20T07:58:53.703+0000] {processor.py:161} INFO - Started process (PID=1764) to work on /home/airflow/.local/lib/python3.8/site-packages/airflow/example_dags/example_xcomargs.py
[2025-05-20T07:58:53.705+0000] {processor.py:830} INFO - Processing file /home/airflow/.local/lib/python3.8/site-packages/airflow/example_dags/example_xcomargs.py for tasks to queue
[2025-05-20T07:58:53.708+0000] {logging_mixin.py:188} INFO - [2025-05-20T07:58:53.708+0000] {dagbag.py:538} INFO - Filling up the DagBag from /home/airflow/.local/lib/python3.8/site-packages/airflow/example_dags/example_xcomargs.py
[2025-05-20T07:58:53.723+0000] {processor.py:840} INFO - DAG(s) 'example_xcom_args', 'example_xcom_args_with_operators' retrieved from /home/airflow/.local/lib/python3.8/site-packages/airflow/example_dags/example_xcomargs.py
[2025-05-20T07:58:53.765+0000] {logging_mixin.py:188} INFO - [2025-05-20T07:58:53.764+0000] {dag.py:3036} INFO - Sync 2 DAGs
[2025-05-20T07:58:53.790+0000] {logging_mixin.py:188} INFO - [2025-05-20T07:58:53.790+0000] {dag.py:3823} INFO - Setting next_dagrun for example_xcom_args to None, run_after=None
[2025-05-20T07:58:53.799+0000] {logging_mixin.py:188} INFO - [2025-05-20T07:58:53.798+0000] {dag.py:3823} INFO - Setting next_dagrun for example_xcom_args_with_operators to None, run_after=None
[2025-05-20T07:58:53.844+0000] {processor.py:183} INFO - Processing /home/airflow/.local/lib/python3.8/site-packages/airflow/example_dags/example_xcomargs.py took 0.147 seconds
[2025-05-20T07:59:24.995+0000] {processor.py:161} INFO - Started process (PID=1829) to work on /home/airflow/.local/lib/python3.8/site-packages/airflow/example_dags/example_xcomargs.py
[2025-05-20T07:59:24.997+0000] {processor.py:830} INFO - Processing file /home/airflow/.local/lib/python3.8/site-packages/airflow/example_dags/example_xcomargs.py for tasks to queue
[2025-05-20T07:59:25.000+0000] {logging_mixin.py:188} INFO - [2025-05-20T07:59:25.000+0000] {dagbag.py:538} INFO - Filling up the DagBag from /home/airflow/.local/lib/python3.8/site-packages/airflow/example_dags/example_xcomargs.py
[2025-05-20T07:59:25.016+0000] {processor.py:840} INFO - DAG(s) 'example_xcom_args_with_operators', 'example_xcom_args' retrieved from /home/airflow/.local/lib/python3.8/site-packages/airflow/example_dags/example_xcomargs.py
[2025-05-20T07:59:25.064+0000] {logging_mixin.py:188} INFO - [2025-05-20T07:59:25.063+0000] {dag.py:3036} INFO - Sync 2 DAGs
[2025-05-20T07:59:25.112+0000] {logging_mixin.py:188} INFO - [2025-05-20T07:59:25.111+0000] {dag.py:3823} INFO - Setting next_dagrun for example_xcom_args to None, run_after=None
[2025-05-20T07:59:25.343+0000] {logging_mixin.py:188} INFO - [2025-05-20T07:59:25.342+0000] {dag.py:3823} INFO - Setting next_dagrun for example_xcom_args_with_operators to None, run_after=None
[2025-05-20T07:59:25.390+0000] {processor.py:183} INFO - Processing /home/airflow/.local/lib/python3.8/site-packages/airflow/example_dags/example_xcomargs.py took 0.401 seconds
[2025-05-20T07:59:57.025+0000] {processor.py:161} INFO - Started process (PID=1894) to work on /home/airflow/.local/lib/python3.8/site-packages/airflow/example_dags/example_xcomargs.py
[2025-05-20T07:59:57.028+0000] {processor.py:830} INFO - Processing file /home/airflow/.local/lib/python3.8/site-packages/airflow/example_dags/example_xcomargs.py for tasks to queue
[2025-05-20T07:59:57.033+0000] {logging_mixin.py:188} INFO - [2025-05-20T07:59:57.032+0000] {dagbag.py:538} INFO - Filling up the DagBag from /home/airflow/.local/lib/python3.8/site-packages/airflow/example_dags/example_xcomargs.py
[2025-05-20T07:59:57.053+0000] {processor.py:840} INFO - DAG(s) 'example_xcom_args', 'example_xcom_args_with_operators' retrieved from /home/airflow/.local/lib/python3.8/site-packages/airflow/example_dags/example_xcomargs.py
[2025-05-20T07:59:57.110+0000] {logging_mixin.py:188} INFO - [2025-05-20T07:59:57.109+0000] {dag.py:3036} INFO - Sync 2 DAGs
[2025-05-20T07:59:57.143+0000] {logging_mixin.py:188} INFO - [2025-05-20T07:59:57.142+0000] {dag.py:3823} INFO - Setting next_dagrun for example_xcom_args to None, run_after=None
[2025-05-20T07:59:57.380+0000] {logging_mixin.py:188} INFO - [2025-05-20T07:59:57.380+0000] {dag.py:3823} INFO - Setting next_dagrun for example_xcom_args_with_operators to None, run_after=None
[2025-05-20T07:59:57.424+0000] {processor.py:183} INFO - Processing /home/airflow/.local/lib/python3.8/site-packages/airflow/example_dags/example_xcomargs.py took 0.405 seconds
[2025-05-20T08:00:29.561+0000] {processor.py:161} INFO - Started process (PID=1959) to work on /home/airflow/.local/lib/python3.8/site-packages/airflow/example_dags/example_xcomargs.py
[2025-05-20T08:00:29.563+0000] {processor.py:830} INFO - Processing file /home/airflow/.local/lib/python3.8/site-packages/airflow/example_dags/example_xcomargs.py for tasks to queue
[2025-05-20T08:00:29.566+0000] {logging_mixin.py:188} INFO - [2025-05-20T08:00:29.566+0000] {dagbag.py:538} INFO - Filling up the DagBag from /home/airflow/.local/lib/python3.8/site-packages/airflow/example_dags/example_xcomargs.py
[2025-05-20T08:00:29.581+0000] {processor.py:840} INFO - DAG(s) 'example_xcom_args_with_operators', 'example_xcom_args' retrieved from /home/airflow/.local/lib/python3.8/site-packages/airflow/example_dags/example_xcomargs.py
[2025-05-20T08:00:29.630+0000] {logging_mixin.py:188} INFO - [2025-05-20T08:00:29.630+0000] {dag.py:3036} INFO - Sync 2 DAGs
[2025-05-20T08:00:29.850+0000] {logging_mixin.py:188} INFO - [2025-05-20T08:00:29.849+0000] {dag.py:3823} INFO - Setting next_dagrun for example_xcom_args to None, run_after=None
[2025-05-20T08:00:29.859+0000] {logging_mixin.py:188} INFO - [2025-05-20T08:00:29.859+0000] {dag.py:3823} INFO - Setting next_dagrun for example_xcom_args_with_operators to None, run_after=None
[2025-05-20T08:00:29.916+0000] {processor.py:183} INFO - Processing /home/airflow/.local/lib/python3.8/site-packages/airflow/example_dags/example_xcomargs.py took 0.361 seconds
[2025-05-20T08:01:00.665+0000] {processor.py:161} INFO - Started process (PID=2024) to work on /home/airflow/.local/lib/python3.8/site-packages/airflow/example_dags/example_xcomargs.py
[2025-05-20T08:01:00.668+0000] {processor.py:830} INFO - Processing file /home/airflow/.local/lib/python3.8/site-packages/airflow/example_dags/example_xcomargs.py for tasks to queue
[2025-05-20T08:01:00.671+0000] {logging_mixin.py:188} INFO - [2025-05-20T08:01:00.671+0000] {dagbag.py:538} INFO - Filling up the DagBag from /home/airflow/.local/lib/python3.8/site-packages/airflow/example_dags/example_xcomargs.py
[2025-05-20T08:01:00.687+0000] {processor.py:840} INFO - DAG(s) 'example_xcom_args', 'example_xcom_args_with_operators' retrieved from /home/airflow/.local/lib/python3.8/site-packages/airflow/example_dags/example_xcomargs.py
[2025-05-20T08:01:00.734+0000] {logging_mixin.py:188} INFO - [2025-05-20T08:01:00.733+0000] {dag.py:3036} INFO - Sync 2 DAGs
[2025-05-20T08:01:00.934+0000] {logging_mixin.py:188} INFO - [2025-05-20T08:01:00.933+0000] {dag.py:3823} INFO - Setting next_dagrun for example_xcom_args to None, run_after=None
[2025-05-20T08:01:00.942+0000] {logging_mixin.py:188} INFO - [2025-05-20T08:01:00.941+0000] {dag.py:3823} INFO - Setting next_dagrun for example_xcom_args_with_operators to None, run_after=None
[2025-05-20T08:01:00.976+0000] {processor.py:183} INFO - Processing /home/airflow/.local/lib/python3.8/site-packages/airflow/example_dags/example_xcomargs.py took 0.319 seconds
[2025-05-20T08:01:31.717+0000] {processor.py:161} INFO - Started process (PID=2089) to work on /home/airflow/.local/lib/python3.8/site-packages/airflow/example_dags/example_xcomargs.py
[2025-05-20T08:01:31.721+0000] {processor.py:830} INFO - Processing file /home/airflow/.local/lib/python3.8/site-packages/airflow/example_dags/example_xcomargs.py for tasks to queue
[2025-05-20T08:01:31.731+0000] {logging_mixin.py:188} INFO - [2025-05-20T08:01:31.729+0000] {dagbag.py:538} INFO - Filling up the DagBag from /home/airflow/.local/lib/python3.8/site-packages/airflow/example_dags/example_xcomargs.py
[2025-05-20T08:01:31.785+0000] {processor.py:840} INFO - DAG(s) 'example_xcom_args', 'example_xcom_args_with_operators' retrieved from /home/airflow/.local/lib/python3.8/site-packages/airflow/example_dags/example_xcomargs.py
[2025-05-20T08:01:31.870+0000] {logging_mixin.py:188} INFO - [2025-05-20T08:01:31.870+0000] {dag.py:3036} INFO - Sync 2 DAGs
[2025-05-20T08:01:31.896+0000] {logging_mixin.py:188} INFO - [2025-05-20T08:01:31.895+0000] {dag.py:3823} INFO - Setting next_dagrun for example_xcom_args to None, run_after=None
[2025-05-20T08:01:31.903+0000] {logging_mixin.py:188} INFO - [2025-05-20T08:01:31.903+0000] {dag.py:3823} INFO - Setting next_dagrun for example_xcom_args_with_operators to None, run_after=None
[2025-05-20T08:01:31.933+0000] {processor.py:183} INFO - Processing /home/airflow/.local/lib/python3.8/site-packages/airflow/example_dags/example_xcomargs.py took 0.229 seconds
[2025-05-20T08:02:02.764+0000] {processor.py:161} INFO - Started process (PID=2154) to work on /home/airflow/.local/lib/python3.8/site-packages/airflow/example_dags/example_xcomargs.py
[2025-05-20T08:02:02.766+0000] {processor.py:830} INFO - Processing file /home/airflow/.local/lib/python3.8/site-packages/airflow/example_dags/example_xcomargs.py for tasks to queue
[2025-05-20T08:02:02.769+0000] {logging_mixin.py:188} INFO - [2025-05-20T08:02:02.769+0000] {dagbag.py:538} INFO - Filling up the DagBag from /home/airflow/.local/lib/python3.8/site-packages/airflow/example_dags/example_xcomargs.py
[2025-05-20T08:02:02.784+0000] {processor.py:840} INFO - DAG(s) 'example_xcom_args', 'example_xcom_args_with_operators' retrieved from /home/airflow/.local/lib/python3.8/site-packages/airflow/example_dags/example_xcomargs.py
[2025-05-20T08:02:02.828+0000] {logging_mixin.py:188} INFO - [2025-05-20T08:02:02.827+0000] {dag.py:3036} INFO - Sync 2 DAGs
[2025-05-20T08:02:02.851+0000] {logging_mixin.py:188} INFO - [2025-05-20T08:02:02.851+0000] {dag.py:3823} INFO - Setting next_dagrun for example_xcom_args to None, run_after=None
[2025-05-20T08:02:02.858+0000] {logging_mixin.py:188} INFO - [2025-05-20T08:02:02.858+0000] {dag.py:3823} INFO - Setting next_dagrun for example_xcom_args_with_operators to None, run_after=None
[2025-05-20T08:02:02.899+0000] {processor.py:183} INFO - Processing /home/airflow/.local/lib/python3.8/site-packages/airflow/example_dags/example_xcomargs.py took 0.141 seconds
[2025-05-20T08:02:34.029+0000] {processor.py:161} INFO - Started process (PID=2219) to work on /home/airflow/.local/lib/python3.8/site-packages/airflow/example_dags/example_xcomargs.py
[2025-05-20T08:02:34.031+0000] {processor.py:830} INFO - Processing file /home/airflow/.local/lib/python3.8/site-packages/airflow/example_dags/example_xcomargs.py for tasks to queue
[2025-05-20T08:02:34.035+0000] {logging_mixin.py:188} INFO - [2025-05-20T08:02:34.034+0000] {dagbag.py:538} INFO - Filling up the DagBag from /home/airflow/.local/lib/python3.8/site-packages/airflow/example_dags/example_xcomargs.py
[2025-05-20T08:02:34.052+0000] {processor.py:840} INFO - DAG(s) 'example_xcom_args_with_operators', 'example_xcom_args' retrieved from /home/airflow/.local/lib/python3.8/site-packages/airflow/example_dags/example_xcomargs.py
[2025-05-20T08:02:34.101+0000] {logging_mixin.py:188} INFO - [2025-05-20T08:02:34.100+0000] {dag.py:3036} INFO - Sync 2 DAGs
[2025-05-20T08:02:34.135+0000] {logging_mixin.py:188} INFO - [2025-05-20T08:02:34.134+0000] {dag.py:3823} INFO - Setting next_dagrun for example_xcom_args to None, run_after=None
[2025-05-20T08:02:34.143+0000] {logging_mixin.py:188} INFO - [2025-05-20T08:02:34.143+0000] {dag.py:3823} INFO - Setting next_dagrun for example_xcom_args_with_operators to None, run_after=None
[2025-05-20T08:02:34.175+0000] {processor.py:183} INFO - Processing /home/airflow/.local/lib/python3.8/site-packages/airflow/example_dags/example_xcomargs.py took 0.154 seconds
[2025-05-20T08:03:04.617+0000] {processor.py:161} INFO - Started process (PID=2285) to work on /home/airflow/.local/lib/python3.8/site-packages/airflow/example_dags/example_xcomargs.py
[2025-05-20T08:03:04.619+0000] {processor.py:830} INFO - Processing file /home/airflow/.local/lib/python3.8/site-packages/airflow/example_dags/example_xcomargs.py for tasks to queue
[2025-05-20T08:03:04.622+0000] {logging_mixin.py:188} INFO - [2025-05-20T08:03:04.621+0000] {dagbag.py:538} INFO - Filling up the DagBag from /home/airflow/.local/lib/python3.8/site-packages/airflow/example_dags/example_xcomargs.py
[2025-05-20T08:03:04.634+0000] {processor.py:840} INFO - DAG(s) 'example_xcom_args', 'example_xcom_args_with_operators' retrieved from /home/airflow/.local/lib/python3.8/site-packages/airflow/example_dags/example_xcomargs.py
[2025-05-20T08:03:04.675+0000] {logging_mixin.py:188} INFO - [2025-05-20T08:03:04.675+0000] {dag.py:3036} INFO - Sync 2 DAGs
[2025-05-20T08:03:04.697+0000] {logging_mixin.py:188} INFO - [2025-05-20T08:03:04.696+0000] {dag.py:3823} INFO - Setting next_dagrun for example_xcom_args to None, run_after=None
[2025-05-20T08:03:04.704+0000] {logging_mixin.py:188} INFO - [2025-05-20T08:03:04.703+0000] {dag.py:3823} INFO - Setting next_dagrun for example_xcom_args_with_operators to None, run_after=None
[2025-05-20T08:03:04.740+0000] {processor.py:183} INFO - Processing /home/airflow/.local/lib/python3.8/site-packages/airflow/example_dags/example_xcomargs.py took 0.127 seconds
[2025-05-20T08:03:36.042+0000] {processor.py:161} INFO - Started process (PID=2356) to work on /home/airflow/.local/lib/python3.8/site-packages/airflow/example_dags/example_xcomargs.py
[2025-05-20T08:03:36.051+0000] {processor.py:830} INFO - Processing file /home/airflow/.local/lib/python3.8/site-packages/airflow/example_dags/example_xcomargs.py for tasks to queue
[2025-05-20T08:03:36.069+0000] {logging_mixin.py:188} INFO - [2025-05-20T08:03:36.068+0000] {dagbag.py:538} INFO - Filling up the DagBag from /home/airflow/.local/lib/python3.8/site-packages/airflow/example_dags/example_xcomargs.py
[2025-05-20T08:03:36.108+0000] {processor.py:840} INFO - DAG(s) 'example_xcom_args_with_operators', 'example_xcom_args' retrieved from /home/airflow/.local/lib/python3.8/site-packages/airflow/example_dags/example_xcomargs.py
[2025-05-20T08:03:36.172+0000] {logging_mixin.py:188} INFO - [2025-05-20T08:03:36.172+0000] {dag.py:3036} INFO - Sync 2 DAGs
[2025-05-20T08:03:36.202+0000] {logging_mixin.py:188} INFO - [2025-05-20T08:03:36.202+0000] {dag.py:3823} INFO - Setting next_dagrun for example_xcom_args to None, run_after=None
[2025-05-20T08:03:36.212+0000] {logging_mixin.py:188} INFO - [2025-05-20T08:03:36.211+0000] {dag.py:3823} INFO - Setting next_dagrun for example_xcom_args_with_operators to None, run_after=None
[2025-05-20T08:03:36.251+0000] {processor.py:183} INFO - Processing /home/airflow/.local/lib/python3.8/site-packages/airflow/example_dags/example_xcomargs.py took 0.219 seconds
[2025-05-20T08:04:06.808+0000] {processor.py:161} INFO - Started process (PID=2419) to work on /home/airflow/.local/lib/python3.8/site-packages/airflow/example_dags/example_xcomargs.py
[2025-05-20T08:04:06.810+0000] {processor.py:830} INFO - Processing file /home/airflow/.local/lib/python3.8/site-packages/airflow/example_dags/example_xcomargs.py for tasks to queue
[2025-05-20T08:04:06.814+0000] {logging_mixin.py:188} INFO - [2025-05-20T08:04:06.813+0000] {dagbag.py:538} INFO - Filling up the DagBag from /home/airflow/.local/lib/python3.8/site-packages/airflow/example_dags/example_xcomargs.py
[2025-05-20T08:04:06.829+0000] {processor.py:840} INFO - DAG(s) 'example_xcom_args_with_operators', 'example_xcom_args' retrieved from /home/airflow/.local/lib/python3.8/site-packages/airflow/example_dags/example_xcomargs.py
[2025-05-20T08:04:06.891+0000] {logging_mixin.py:188} INFO - [2025-05-20T08:04:06.891+0000] {dag.py:3036} INFO - Sync 2 DAGs
[2025-05-20T08:04:06.942+0000] {logging_mixin.py:188} INFO - [2025-05-20T08:04:06.941+0000] {dag.py:3823} INFO - Setting next_dagrun for example_xcom_args to None, run_after=None
[2025-05-20T08:04:06.954+0000] {logging_mixin.py:188} INFO - [2025-05-20T08:04:06.953+0000] {dag.py:3823} INFO - Setting next_dagrun for example_xcom_args_with_operators to None, run_after=None
[2025-05-20T08:04:06.994+0000] {processor.py:183} INFO - Processing /home/airflow/.local/lib/python3.8/site-packages/airflow/example_dags/example_xcomargs.py took 0.192 seconds
