[2025-05-20T07:45:14.394+0000] {processor.py:161} INFO - Started process (PID=62) to work on /home/airflow/.local/lib/python3.8/site-packages/airflow/example_dags/example_kubernetes_executor.py
[2025-05-20T07:45:14.396+0000] {processor.py:830} INFO - Processing file /home/airflow/.local/lib/python3.8/site-packages/airflow/example_dags/example_kubernetes_executor.py for tasks to queue
[2025-05-20T07:45:14.399+0000] {logging_mixin.py:188} INFO - [2025-05-20T07:45:14.399+0000] {dagbag.py:538} INFO - Filling up the DagBag from /home/airflow/.local/lib/python3.8/site-packages/airflow/example_dags/example_kubernetes_executor.py
[2025-05-20T07:45:14.443+0000] {processor.py:840} INFO - DAG(s) 'example_kubernetes_executor' retrieved from /home/airflow/.local/lib/python3.8/site-packages/airflow/example_dags/example_kubernetes_executor.py
[2025-05-20T07:45:14.724+0000] {logging_mixin.py:188} INFO - [2025-05-20T07:45:14.723+0000] {dag.py:3036} INFO - Sync 1 DAGs
[2025-05-20T07:45:14.744+0000] {logging_mixin.py:188} INFO - [2025-05-20T07:45:14.744+0000] {dag.py:3823} INFO - Setting next_dagrun for example_kubernetes_executor to None, run_after=None
[2025-05-20T07:45:14.783+0000] {processor.py:183} INFO - Processing /home/airflow/.local/lib/python3.8/site-packages/airflow/example_dags/example_kubernetes_executor.py took 0.396 seconds
[2025-05-20T07:45:45.146+0000] {processor.py:161} INFO - Started process (PID=127) to work on /home/airflow/.local/lib/python3.8/site-packages/airflow/example_dags/example_kubernetes_executor.py
[2025-05-20T07:45:45.148+0000] {processor.py:830} INFO - Processing file /home/airflow/.local/lib/python3.8/site-packages/airflow/example_dags/example_kubernetes_executor.py for tasks to queue
[2025-05-20T07:45:45.152+0000] {logging_mixin.py:188} INFO - [2025-05-20T07:45:45.151+0000] {dagbag.py:538} INFO - Filling up the DagBag from /home/airflow/.local/lib/python3.8/site-packages/airflow/example_dags/example_kubernetes_executor.py
[2025-05-20T07:45:45.187+0000] {processor.py:840} INFO - DAG(s) 'example_kubernetes_executor' retrieved from /home/airflow/.local/lib/python3.8/site-packages/airflow/example_dags/example_kubernetes_executor.py
[2025-05-20T07:45:45.265+0000] {logging_mixin.py:188} INFO - [2025-05-20T07:45:45.264+0000] {dag.py:3036} INFO - Sync 1 DAGs
[2025-05-20T07:45:45.289+0000] {logging_mixin.py:188} INFO - [2025-05-20T07:45:45.289+0000] {dag.py:3823} INFO - Setting next_dagrun for example_kubernetes_executor to None, run_after=None
[2025-05-20T07:45:45.333+0000] {processor.py:183} INFO - Processing /home/airflow/.local/lib/python3.8/site-packages/airflow/example_dags/example_kubernetes_executor.py took 0.192 seconds
[2025-05-20T07:46:16.318+0000] {processor.py:161} INFO - Started process (PID=192) to work on /home/airflow/.local/lib/python3.8/site-packages/airflow/example_dags/example_kubernetes_executor.py
[2025-05-20T07:46:16.321+0000] {processor.py:830} INFO - Processing file /home/airflow/.local/lib/python3.8/site-packages/airflow/example_dags/example_kubernetes_executor.py for tasks to queue
[2025-05-20T07:46:16.326+0000] {logging_mixin.py:188} INFO - [2025-05-20T07:46:16.325+0000] {dagbag.py:538} INFO - Filling up the DagBag from /home/airflow/.local/lib/python3.8/site-packages/airflow/example_dags/example_kubernetes_executor.py
[2025-05-20T07:46:16.359+0000] {processor.py:840} INFO - DAG(s) 'example_kubernetes_executor' retrieved from /home/airflow/.local/lib/python3.8/site-packages/airflow/example_dags/example_kubernetes_executor.py
[2025-05-20T07:46:16.437+0000] {logging_mixin.py:188} INFO - [2025-05-20T07:46:16.436+0000] {dag.py:3036} INFO - Sync 1 DAGs
[2025-05-20T07:46:16.463+0000] {logging_mixin.py:188} INFO - [2025-05-20T07:46:16.463+0000] {dag.py:3823} INFO - Setting next_dagrun for example_kubernetes_executor to None, run_after=None
[2025-05-20T07:46:16.506+0000] {processor.py:183} INFO - Processing /home/airflow/.local/lib/python3.8/site-packages/airflow/example_dags/example_kubernetes_executor.py took 0.195 seconds
[2025-05-20T07:46:48.250+0000] {processor.py:161} INFO - Started process (PID=257) to work on /home/airflow/.local/lib/python3.8/site-packages/airflow/example_dags/example_kubernetes_executor.py
[2025-05-20T07:46:48.255+0000] {processor.py:830} INFO - Processing file /home/airflow/.local/lib/python3.8/site-packages/airflow/example_dags/example_kubernetes_executor.py for tasks to queue
[2025-05-20T07:46:48.265+0000] {logging_mixin.py:188} INFO - [2025-05-20T07:46:48.263+0000] {dagbag.py:538} INFO - Filling up the DagBag from /home/airflow/.local/lib/python3.8/site-packages/airflow/example_dags/example_kubernetes_executor.py
[2025-05-20T07:46:48.356+0000] {processor.py:840} INFO - DAG(s) 'example_kubernetes_executor' retrieved from /home/airflow/.local/lib/python3.8/site-packages/airflow/example_dags/example_kubernetes_executor.py
[2025-05-20T07:46:48.520+0000] {logging_mixin.py:188} INFO - [2025-05-20T07:46:48.520+0000] {dag.py:3036} INFO - Sync 1 DAGs
[2025-05-20T07:46:48.546+0000] {logging_mixin.py:188} INFO - [2025-05-20T07:46:48.546+0000] {dag.py:3823} INFO - Setting next_dagrun for example_kubernetes_executor to None, run_after=None
[2025-05-20T07:46:48.582+0000] {processor.py:183} INFO - Processing /home/airflow/.local/lib/python3.8/site-packages/airflow/example_dags/example_kubernetes_executor.py took 0.348 seconds
[2025-05-20T07:47:20.443+0000] {processor.py:161} INFO - Started process (PID=322) to work on /home/airflow/.local/lib/python3.8/site-packages/airflow/example_dags/example_kubernetes_executor.py
[2025-05-20T07:47:20.446+0000] {processor.py:830} INFO - Processing file /home/airflow/.local/lib/python3.8/site-packages/airflow/example_dags/example_kubernetes_executor.py for tasks to queue
[2025-05-20T07:47:20.452+0000] {logging_mixin.py:188} INFO - [2025-05-20T07:47:20.451+0000] {dagbag.py:538} INFO - Filling up the DagBag from /home/airflow/.local/lib/python3.8/site-packages/airflow/example_dags/example_kubernetes_executor.py
[2025-05-20T07:47:20.555+0000] {processor.py:840} INFO - DAG(s) 'example_kubernetes_executor' retrieved from /home/airflow/.local/lib/python3.8/site-packages/airflow/example_dags/example_kubernetes_executor.py
[2025-05-20T07:47:20.669+0000] {logging_mixin.py:188} INFO - [2025-05-20T07:47:20.669+0000] {dag.py:3036} INFO - Sync 1 DAGs
[2025-05-20T07:47:20.695+0000] {logging_mixin.py:188} INFO - [2025-05-20T07:47:20.695+0000] {dag.py:3823} INFO - Setting next_dagrun for example_kubernetes_executor to None, run_after=None
[2025-05-20T07:47:20.729+0000] {processor.py:183} INFO - Processing /home/airflow/.local/lib/python3.8/site-packages/airflow/example_dags/example_kubernetes_executor.py took 0.294 seconds
[2025-05-20T07:47:52.022+0000] {processor.py:161} INFO - Started process (PID=387) to work on /home/airflow/.local/lib/python3.8/site-packages/airflow/example_dags/example_kubernetes_executor.py
[2025-05-20T07:47:52.024+0000] {processor.py:830} INFO - Processing file /home/airflow/.local/lib/python3.8/site-packages/airflow/example_dags/example_kubernetes_executor.py for tasks to queue
[2025-05-20T07:47:52.028+0000] {logging_mixin.py:188} INFO - [2025-05-20T07:47:52.027+0000] {dagbag.py:538} INFO - Filling up the DagBag from /home/airflow/.local/lib/python3.8/site-packages/airflow/example_dags/example_kubernetes_executor.py
[2025-05-20T07:47:52.052+0000] {processor.py:840} INFO - DAG(s) 'example_kubernetes_executor' retrieved from /home/airflow/.local/lib/python3.8/site-packages/airflow/example_dags/example_kubernetes_executor.py
[2025-05-20T07:47:52.124+0000] {logging_mixin.py:188} INFO - [2025-05-20T07:47:52.124+0000] {dag.py:3036} INFO - Sync 1 DAGs
[2025-05-20T07:47:52.147+0000] {logging_mixin.py:188} INFO - [2025-05-20T07:47:52.146+0000] {dag.py:3823} INFO - Setting next_dagrun for example_kubernetes_executor to None, run_after=None
[2025-05-20T07:47:52.185+0000] {processor.py:183} INFO - Processing /home/airflow/.local/lib/python3.8/site-packages/airflow/example_dags/example_kubernetes_executor.py took 0.167 seconds
[2025-05-20T07:48:23.959+0000] {processor.py:161} INFO - Started process (PID=452) to work on /home/airflow/.local/lib/python3.8/site-packages/airflow/example_dags/example_kubernetes_executor.py
[2025-05-20T07:48:23.962+0000] {processor.py:830} INFO - Processing file /home/airflow/.local/lib/python3.8/site-packages/airflow/example_dags/example_kubernetes_executor.py for tasks to queue
[2025-05-20T07:48:23.973+0000] {logging_mixin.py:188} INFO - [2025-05-20T07:48:23.972+0000] {dagbag.py:538} INFO - Filling up the DagBag from /home/airflow/.local/lib/python3.8/site-packages/airflow/example_dags/example_kubernetes_executor.py
[2025-05-20T07:48:24.019+0000] {processor.py:840} INFO - DAG(s) 'example_kubernetes_executor' retrieved from /home/airflow/.local/lib/python3.8/site-packages/airflow/example_dags/example_kubernetes_executor.py
[2025-05-20T07:48:24.139+0000] {logging_mixin.py:188} INFO - [2025-05-20T07:48:24.138+0000] {dag.py:3036} INFO - Sync 1 DAGs
[2025-05-20T07:48:24.191+0000] {logging_mixin.py:188} INFO - [2025-05-20T07:48:24.190+0000] {dag.py:3823} INFO - Setting next_dagrun for example_kubernetes_executor to None, run_after=None
[2025-05-20T07:48:24.246+0000] {processor.py:183} INFO - Processing /home/airflow/.local/lib/python3.8/site-packages/airflow/example_dags/example_kubernetes_executor.py took 0.301 seconds
[2025-05-20T07:48:54.523+0000] {processor.py:161} INFO - Started process (PID=517) to work on /home/airflow/.local/lib/python3.8/site-packages/airflow/example_dags/example_kubernetes_executor.py
[2025-05-20T07:48:54.525+0000] {processor.py:830} INFO - Processing file /home/airflow/.local/lib/python3.8/site-packages/airflow/example_dags/example_kubernetes_executor.py for tasks to queue
[2025-05-20T07:48:54.528+0000] {logging_mixin.py:188} INFO - [2025-05-20T07:48:54.528+0000] {dagbag.py:538} INFO - Filling up the DagBag from /home/airflow/.local/lib/python3.8/site-packages/airflow/example_dags/example_kubernetes_executor.py
[2025-05-20T07:48:54.552+0000] {processor.py:840} INFO - DAG(s) 'example_kubernetes_executor' retrieved from /home/airflow/.local/lib/python3.8/site-packages/airflow/example_dags/example_kubernetes_executor.py
[2025-05-20T07:48:54.613+0000] {logging_mixin.py:188} INFO - [2025-05-20T07:48:54.613+0000] {dag.py:3036} INFO - Sync 1 DAGs
[2025-05-20T07:48:54.634+0000] {logging_mixin.py:188} INFO - [2025-05-20T07:48:54.633+0000] {dag.py:3823} INFO - Setting next_dagrun for example_kubernetes_executor to None, run_after=None
[2025-05-20T07:48:54.690+0000] {processor.py:183} INFO - Processing /home/airflow/.local/lib/python3.8/site-packages/airflow/example_dags/example_kubernetes_executor.py took 0.174 seconds
[2025-05-20T07:49:25.135+0000] {processor.py:161} INFO - Started process (PID=582) to work on /home/airflow/.local/lib/python3.8/site-packages/airflow/example_dags/example_kubernetes_executor.py
[2025-05-20T07:49:25.137+0000] {processor.py:830} INFO - Processing file /home/airflow/.local/lib/python3.8/site-packages/airflow/example_dags/example_kubernetes_executor.py for tasks to queue
[2025-05-20T07:49:25.141+0000] {logging_mixin.py:188} INFO - [2025-05-20T07:49:25.141+0000] {dagbag.py:538} INFO - Filling up the DagBag from /home/airflow/.local/lib/python3.8/site-packages/airflow/example_dags/example_kubernetes_executor.py
[2025-05-20T07:49:25.174+0000] {processor.py:840} INFO - DAG(s) 'example_kubernetes_executor' retrieved from /home/airflow/.local/lib/python3.8/site-packages/airflow/example_dags/example_kubernetes_executor.py
[2025-05-20T07:49:25.254+0000] {logging_mixin.py:188} INFO - [2025-05-20T07:49:25.253+0000] {dag.py:3036} INFO - Sync 1 DAGs
[2025-05-20T07:49:25.273+0000] {logging_mixin.py:188} INFO - [2025-05-20T07:49:25.273+0000] {dag.py:3823} INFO - Setting next_dagrun for example_kubernetes_executor to None, run_after=None
[2025-05-20T07:49:25.311+0000] {processor.py:183} INFO - Processing /home/airflow/.local/lib/python3.8/site-packages/airflow/example_dags/example_kubernetes_executor.py took 0.183 seconds
[2025-05-20T07:49:56.731+0000] {processor.py:161} INFO - Started process (PID=647) to work on /home/airflow/.local/lib/python3.8/site-packages/airflow/example_dags/example_kubernetes_executor.py
[2025-05-20T07:49:56.735+0000] {processor.py:830} INFO - Processing file /home/airflow/.local/lib/python3.8/site-packages/airflow/example_dags/example_kubernetes_executor.py for tasks to queue
[2025-05-20T07:49:56.743+0000] {logging_mixin.py:188} INFO - [2025-05-20T07:49:56.742+0000] {dagbag.py:538} INFO - Filling up the DagBag from /home/airflow/.local/lib/python3.8/site-packages/airflow/example_dags/example_kubernetes_executor.py
[2025-05-20T07:49:56.817+0000] {processor.py:840} INFO - DAG(s) 'example_kubernetes_executor' retrieved from /home/airflow/.local/lib/python3.8/site-packages/airflow/example_dags/example_kubernetes_executor.py
[2025-05-20T07:49:56.911+0000] {logging_mixin.py:188} INFO - [2025-05-20T07:49:56.910+0000] {dag.py:3036} INFO - Sync 1 DAGs
[2025-05-20T07:49:56.935+0000] {logging_mixin.py:188} INFO - [2025-05-20T07:49:56.934+0000] {dag.py:3823} INFO - Setting next_dagrun for example_kubernetes_executor to None, run_after=None
[2025-05-20T07:49:56.973+0000] {processor.py:183} INFO - Processing /home/airflow/.local/lib/python3.8/site-packages/airflow/example_dags/example_kubernetes_executor.py took 0.255 seconds
[2025-05-20T07:50:28.543+0000] {processor.py:161} INFO - Started process (PID=712) to work on /home/airflow/.local/lib/python3.8/site-packages/airflow/example_dags/example_kubernetes_executor.py
[2025-05-20T07:50:28.545+0000] {processor.py:830} INFO - Processing file /home/airflow/.local/lib/python3.8/site-packages/airflow/example_dags/example_kubernetes_executor.py for tasks to queue
[2025-05-20T07:50:28.548+0000] {logging_mixin.py:188} INFO - [2025-05-20T07:50:28.548+0000] {dagbag.py:538} INFO - Filling up the DagBag from /home/airflow/.local/lib/python3.8/site-packages/airflow/example_dags/example_kubernetes_executor.py
[2025-05-20T07:50:28.572+0000] {processor.py:840} INFO - DAG(s) 'example_kubernetes_executor' retrieved from /home/airflow/.local/lib/python3.8/site-packages/airflow/example_dags/example_kubernetes_executor.py
[2025-05-20T07:50:28.642+0000] {logging_mixin.py:188} INFO - [2025-05-20T07:50:28.641+0000] {dag.py:3036} INFO - Sync 1 DAGs
[2025-05-20T07:50:28.664+0000] {logging_mixin.py:188} INFO - [2025-05-20T07:50:28.664+0000] {dag.py:3823} INFO - Setting next_dagrun for example_kubernetes_executor to None, run_after=None
[2025-05-20T07:50:28.704+0000] {processor.py:183} INFO - Processing /home/airflow/.local/lib/python3.8/site-packages/airflow/example_dags/example_kubernetes_executor.py took 0.167 seconds
[2025-05-20T07:51:00.132+0000] {processor.py:161} INFO - Started process (PID=777) to work on /home/airflow/.local/lib/python3.8/site-packages/airflow/example_dags/example_kubernetes_executor.py
[2025-05-20T07:51:00.134+0000] {processor.py:830} INFO - Processing file /home/airflow/.local/lib/python3.8/site-packages/airflow/example_dags/example_kubernetes_executor.py for tasks to queue
[2025-05-20T07:51:00.138+0000] {logging_mixin.py:188} INFO - [2025-05-20T07:51:00.138+0000] {dagbag.py:538} INFO - Filling up the DagBag from /home/airflow/.local/lib/python3.8/site-packages/airflow/example_dags/example_kubernetes_executor.py
[2025-05-20T07:51:00.169+0000] {processor.py:840} INFO - DAG(s) 'example_kubernetes_executor' retrieved from /home/airflow/.local/lib/python3.8/site-packages/airflow/example_dags/example_kubernetes_executor.py
[2025-05-20T07:51:00.237+0000] {logging_mixin.py:188} INFO - [2025-05-20T07:51:00.236+0000] {dag.py:3036} INFO - Sync 1 DAGs
[2025-05-20T07:51:00.259+0000] {logging_mixin.py:188} INFO - [2025-05-20T07:51:00.259+0000] {dag.py:3823} INFO - Setting next_dagrun for example_kubernetes_executor to None, run_after=None
[2025-05-20T07:51:00.309+0000] {processor.py:183} INFO - Processing /home/airflow/.local/lib/python3.8/site-packages/airflow/example_dags/example_kubernetes_executor.py took 0.183 seconds
[2025-05-20T07:51:31.692+0000] {processor.py:161} INFO - Started process (PID=842) to work on /home/airflow/.local/lib/python3.8/site-packages/airflow/example_dags/example_kubernetes_executor.py
[2025-05-20T07:51:31.694+0000] {processor.py:830} INFO - Processing file /home/airflow/.local/lib/python3.8/site-packages/airflow/example_dags/example_kubernetes_executor.py for tasks to queue
[2025-05-20T07:51:31.699+0000] {logging_mixin.py:188} INFO - [2025-05-20T07:51:31.698+0000] {dagbag.py:538} INFO - Filling up the DagBag from /home/airflow/.local/lib/python3.8/site-packages/airflow/example_dags/example_kubernetes_executor.py
[2025-05-20T07:51:31.747+0000] {processor.py:840} INFO - DAG(s) 'example_kubernetes_executor' retrieved from /home/airflow/.local/lib/python3.8/site-packages/airflow/example_dags/example_kubernetes_executor.py
[2025-05-20T07:51:31.863+0000] {logging_mixin.py:188} INFO - [2025-05-20T07:51:31.862+0000] {dag.py:3036} INFO - Sync 1 DAGs
[2025-05-20T07:51:31.889+0000] {logging_mixin.py:188} INFO - [2025-05-20T07:51:31.889+0000] {dag.py:3823} INFO - Setting next_dagrun for example_kubernetes_executor to None, run_after=None
[2025-05-20T07:51:31.965+0000] {processor.py:183} INFO - Processing /home/airflow/.local/lib/python3.8/site-packages/airflow/example_dags/example_kubernetes_executor.py took 0.279 seconds
[2025-05-20T07:52:03.295+0000] {processor.py:161} INFO - Started process (PID=913) to work on /home/airflow/.local/lib/python3.8/site-packages/airflow/example_dags/example_kubernetes_executor.py
[2025-05-20T07:52:03.296+0000] {processor.py:830} INFO - Processing file /home/airflow/.local/lib/python3.8/site-packages/airflow/example_dags/example_kubernetes_executor.py for tasks to queue
[2025-05-20T07:52:03.299+0000] {logging_mixin.py:188} INFO - [2025-05-20T07:52:03.299+0000] {dagbag.py:538} INFO - Filling up the DagBag from /home/airflow/.local/lib/python3.8/site-packages/airflow/example_dags/example_kubernetes_executor.py
[2025-05-20T07:52:03.325+0000] {processor.py:840} INFO - DAG(s) 'example_kubernetes_executor' retrieved from /home/airflow/.local/lib/python3.8/site-packages/airflow/example_dags/example_kubernetes_executor.py
[2025-05-20T07:52:03.391+0000] {logging_mixin.py:188} INFO - [2025-05-20T07:52:03.390+0000] {dag.py:3036} INFO - Sync 1 DAGs
[2025-05-20T07:52:03.419+0000] {logging_mixin.py:188} INFO - [2025-05-20T07:52:03.419+0000] {dag.py:3823} INFO - Setting next_dagrun for example_kubernetes_executor to None, run_after=None
[2025-05-20T07:52:03.470+0000] {processor.py:183} INFO - Processing /home/airflow/.local/lib/python3.8/site-packages/airflow/example_dags/example_kubernetes_executor.py took 0.180 seconds
[2025-05-20T07:52:34.650+0000] {processor.py:161} INFO - Started process (PID=978) to work on /home/airflow/.local/lib/python3.8/site-packages/airflow/example_dags/example_kubernetes_executor.py
[2025-05-20T07:52:34.653+0000] {processor.py:830} INFO - Processing file /home/airflow/.local/lib/python3.8/site-packages/airflow/example_dags/example_kubernetes_executor.py for tasks to queue
[2025-05-20T07:52:34.659+0000] {logging_mixin.py:188} INFO - [2025-05-20T07:52:34.658+0000] {dagbag.py:538} INFO - Filling up the DagBag from /home/airflow/.local/lib/python3.8/site-packages/airflow/example_dags/example_kubernetes_executor.py
[2025-05-20T07:52:34.694+0000] {processor.py:840} INFO - DAG(s) 'example_kubernetes_executor' retrieved from /home/airflow/.local/lib/python3.8/site-packages/airflow/example_dags/example_kubernetes_executor.py
[2025-05-20T07:52:34.792+0000] {logging_mixin.py:188} INFO - [2025-05-20T07:52:34.792+0000] {dag.py:3036} INFO - Sync 1 DAGs
[2025-05-20T07:52:34.814+0000] {logging_mixin.py:188} INFO - [2025-05-20T07:52:34.814+0000] {dag.py:3823} INFO - Setting next_dagrun for example_kubernetes_executor to None, run_after=None
[2025-05-20T07:52:34.851+0000] {processor.py:183} INFO - Processing /home/airflow/.local/lib/python3.8/site-packages/airflow/example_dags/example_kubernetes_executor.py took 0.209 seconds
[2025-05-20T07:53:05.738+0000] {processor.py:161} INFO - Started process (PID=1043) to work on /home/airflow/.local/lib/python3.8/site-packages/airflow/example_dags/example_kubernetes_executor.py
[2025-05-20T07:53:05.741+0000] {processor.py:830} INFO - Processing file /home/airflow/.local/lib/python3.8/site-packages/airflow/example_dags/example_kubernetes_executor.py for tasks to queue
[2025-05-20T07:53:05.748+0000] {logging_mixin.py:188} INFO - [2025-05-20T07:53:05.747+0000] {dagbag.py:538} INFO - Filling up the DagBag from /home/airflow/.local/lib/python3.8/site-packages/airflow/example_dags/example_kubernetes_executor.py
[2025-05-20T07:53:05.789+0000] {processor.py:840} INFO - DAG(s) 'example_kubernetes_executor' retrieved from /home/airflow/.local/lib/python3.8/site-packages/airflow/example_dags/example_kubernetes_executor.py
[2025-05-20T07:53:05.901+0000] {logging_mixin.py:188} INFO - [2025-05-20T07:53:05.900+0000] {dag.py:3036} INFO - Sync 1 DAGs
[2025-05-20T07:53:05.936+0000] {logging_mixin.py:188} INFO - [2025-05-20T07:53:05.936+0000] {dag.py:3823} INFO - Setting next_dagrun for example_kubernetes_executor to None, run_after=None
[2025-05-20T07:53:06.025+0000] {processor.py:183} INFO - Processing /home/airflow/.local/lib/python3.8/site-packages/airflow/example_dags/example_kubernetes_executor.py took 0.294 seconds
[2025-05-20T07:53:38.167+0000] {processor.py:161} INFO - Started process (PID=1108) to work on /home/airflow/.local/lib/python3.8/site-packages/airflow/example_dags/example_kubernetes_executor.py
[2025-05-20T07:53:38.169+0000] {processor.py:830} INFO - Processing file /home/airflow/.local/lib/python3.8/site-packages/airflow/example_dags/example_kubernetes_executor.py for tasks to queue
[2025-05-20T07:53:38.173+0000] {logging_mixin.py:188} INFO - [2025-05-20T07:53:38.172+0000] {dagbag.py:538} INFO - Filling up the DagBag from /home/airflow/.local/lib/python3.8/site-packages/airflow/example_dags/example_kubernetes_executor.py
[2025-05-20T07:53:38.199+0000] {processor.py:840} INFO - DAG(s) 'example_kubernetes_executor' retrieved from /home/airflow/.local/lib/python3.8/site-packages/airflow/example_dags/example_kubernetes_executor.py
[2025-05-20T07:53:38.271+0000] {logging_mixin.py:188} INFO - [2025-05-20T07:53:38.271+0000] {dag.py:3036} INFO - Sync 1 DAGs
[2025-05-20T07:53:38.299+0000] {logging_mixin.py:188} INFO - [2025-05-20T07:53:38.298+0000] {dag.py:3823} INFO - Setting next_dagrun for example_kubernetes_executor to None, run_after=None
[2025-05-20T07:53:38.333+0000] {processor.py:183} INFO - Processing /home/airflow/.local/lib/python3.8/site-packages/airflow/example_dags/example_kubernetes_executor.py took 0.172 seconds
[2025-05-20T07:54:10.434+0000] {processor.py:161} INFO - Started process (PID=1173) to work on /home/airflow/.local/lib/python3.8/site-packages/airflow/example_dags/example_kubernetes_executor.py
[2025-05-20T07:54:10.437+0000] {processor.py:830} INFO - Processing file /home/airflow/.local/lib/python3.8/site-packages/airflow/example_dags/example_kubernetes_executor.py for tasks to queue
[2025-05-20T07:54:10.442+0000] {logging_mixin.py:188} INFO - [2025-05-20T07:54:10.441+0000] {dagbag.py:538} INFO - Filling up the DagBag from /home/airflow/.local/lib/python3.8/site-packages/airflow/example_dags/example_kubernetes_executor.py
[2025-05-20T07:54:10.502+0000] {processor.py:840} INFO - DAG(s) 'example_kubernetes_executor' retrieved from /home/airflow/.local/lib/python3.8/site-packages/airflow/example_dags/example_kubernetes_executor.py
[2025-05-20T07:54:10.633+0000] {logging_mixin.py:188} INFO - [2025-05-20T07:54:10.633+0000] {dag.py:3036} INFO - Sync 1 DAGs
[2025-05-20T07:54:10.661+0000] {logging_mixin.py:188} INFO - [2025-05-20T07:54:10.661+0000] {dag.py:3823} INFO - Setting next_dagrun for example_kubernetes_executor to None, run_after=None
[2025-05-20T07:54:10.702+0000] {processor.py:183} INFO - Processing /home/airflow/.local/lib/python3.8/site-packages/airflow/example_dags/example_kubernetes_executor.py took 0.276 seconds
[2025-05-20T07:54:41.734+0000] {processor.py:161} INFO - Started process (PID=1238) to work on /home/airflow/.local/lib/python3.8/site-packages/airflow/example_dags/example_kubernetes_executor.py
[2025-05-20T07:54:41.736+0000] {processor.py:830} INFO - Processing file /home/airflow/.local/lib/python3.8/site-packages/airflow/example_dags/example_kubernetes_executor.py for tasks to queue
[2025-05-20T07:54:41.739+0000] {logging_mixin.py:188} INFO - [2025-05-20T07:54:41.739+0000] {dagbag.py:538} INFO - Filling up the DagBag from /home/airflow/.local/lib/python3.8/site-packages/airflow/example_dags/example_kubernetes_executor.py
[2025-05-20T07:54:41.789+0000] {processor.py:840} INFO - DAG(s) 'example_kubernetes_executor' retrieved from /home/airflow/.local/lib/python3.8/site-packages/airflow/example_dags/example_kubernetes_executor.py
[2025-05-20T07:54:41.884+0000] {logging_mixin.py:188} INFO - [2025-05-20T07:54:41.884+0000] {dag.py:3036} INFO - Sync 1 DAGs
[2025-05-20T07:54:41.918+0000] {logging_mixin.py:188} INFO - [2025-05-20T07:54:41.917+0000] {dag.py:3823} INFO - Setting next_dagrun for example_kubernetes_executor to None, run_after=None
[2025-05-20T07:54:41.968+0000] {processor.py:183} INFO - Processing /home/airflow/.local/lib/python3.8/site-packages/airflow/example_dags/example_kubernetes_executor.py took 0.241 seconds
[2025-05-20T07:55:13.463+0000] {processor.py:161} INFO - Started process (PID=1303) to work on /home/airflow/.local/lib/python3.8/site-packages/airflow/example_dags/example_kubernetes_executor.py
[2025-05-20T07:55:13.465+0000] {processor.py:830} INFO - Processing file /home/airflow/.local/lib/python3.8/site-packages/airflow/example_dags/example_kubernetes_executor.py for tasks to queue
[2025-05-20T07:55:13.468+0000] {logging_mixin.py:188} INFO - [2025-05-20T07:55:13.468+0000] {dagbag.py:538} INFO - Filling up the DagBag from /home/airflow/.local/lib/python3.8/site-packages/airflow/example_dags/example_kubernetes_executor.py
[2025-05-20T07:55:13.504+0000] {processor.py:840} INFO - DAG(s) 'example_kubernetes_executor' retrieved from /home/airflow/.local/lib/python3.8/site-packages/airflow/example_dags/example_kubernetes_executor.py
[2025-05-20T07:55:13.591+0000] {logging_mixin.py:188} INFO - [2025-05-20T07:55:13.591+0000] {dag.py:3036} INFO - Sync 1 DAGs
[2025-05-20T07:55:13.619+0000] {logging_mixin.py:188} INFO - [2025-05-20T07:55:13.619+0000] {dag.py:3823} INFO - Setting next_dagrun for example_kubernetes_executor to None, run_after=None
[2025-05-20T07:55:13.662+0000] {processor.py:183} INFO - Processing /home/airflow/.local/lib/python3.8/site-packages/airflow/example_dags/example_kubernetes_executor.py took 0.206 seconds
[2025-05-20T07:55:43.773+0000] {processor.py:161} INFO - Started process (PID=1368) to work on /home/airflow/.local/lib/python3.8/site-packages/airflow/example_dags/example_kubernetes_executor.py
[2025-05-20T07:55:43.775+0000] {processor.py:830} INFO - Processing file /home/airflow/.local/lib/python3.8/site-packages/airflow/example_dags/example_kubernetes_executor.py for tasks to queue
[2025-05-20T07:55:43.778+0000] {logging_mixin.py:188} INFO - [2025-05-20T07:55:43.778+0000] {dagbag.py:538} INFO - Filling up the DagBag from /home/airflow/.local/lib/python3.8/site-packages/airflow/example_dags/example_kubernetes_executor.py
[2025-05-20T07:55:43.801+0000] {processor.py:840} INFO - DAG(s) 'example_kubernetes_executor' retrieved from /home/airflow/.local/lib/python3.8/site-packages/airflow/example_dags/example_kubernetes_executor.py
[2025-05-20T07:55:43.868+0000] {logging_mixin.py:188} INFO - [2025-05-20T07:55:43.868+0000] {dag.py:3036} INFO - Sync 1 DAGs
[2025-05-20T07:55:43.889+0000] {logging_mixin.py:188} INFO - [2025-05-20T07:55:43.888+0000] {dag.py:3823} INFO - Setting next_dagrun for example_kubernetes_executor to None, run_after=None
[2025-05-20T07:55:43.927+0000] {processor.py:183} INFO - Processing /home/airflow/.local/lib/python3.8/site-packages/airflow/example_dags/example_kubernetes_executor.py took 0.159 seconds
[2025-05-20T07:56:15.435+0000] {processor.py:161} INFO - Started process (PID=1433) to work on /home/airflow/.local/lib/python3.8/site-packages/airflow/example_dags/example_kubernetes_executor.py
[2025-05-20T07:56:15.437+0000] {processor.py:830} INFO - Processing file /home/airflow/.local/lib/python3.8/site-packages/airflow/example_dags/example_kubernetes_executor.py for tasks to queue
[2025-05-20T07:56:15.440+0000] {logging_mixin.py:188} INFO - [2025-05-20T07:56:15.439+0000] {dagbag.py:538} INFO - Filling up the DagBag from /home/airflow/.local/lib/python3.8/site-packages/airflow/example_dags/example_kubernetes_executor.py
[2025-05-20T07:56:15.464+0000] {processor.py:840} INFO - DAG(s) 'example_kubernetes_executor' retrieved from /home/airflow/.local/lib/python3.8/site-packages/airflow/example_dags/example_kubernetes_executor.py
[2025-05-20T07:56:15.527+0000] {logging_mixin.py:188} INFO - [2025-05-20T07:56:15.527+0000] {dag.py:3036} INFO - Sync 1 DAGs
[2025-05-20T07:56:15.550+0000] {logging_mixin.py:188} INFO - [2025-05-20T07:56:15.549+0000] {dag.py:3823} INFO - Setting next_dagrun for example_kubernetes_executor to None, run_after=None
[2025-05-20T07:56:15.585+0000] {processor.py:183} INFO - Processing /home/airflow/.local/lib/python3.8/site-packages/airflow/example_dags/example_kubernetes_executor.py took 0.155 seconds
[2025-05-20T07:56:47.013+0000] {processor.py:161} INFO - Started process (PID=1498) to work on /home/airflow/.local/lib/python3.8/site-packages/airflow/example_dags/example_kubernetes_executor.py
[2025-05-20T07:56:47.015+0000] {processor.py:830} INFO - Processing file /home/airflow/.local/lib/python3.8/site-packages/airflow/example_dags/example_kubernetes_executor.py for tasks to queue
[2025-05-20T07:56:47.019+0000] {logging_mixin.py:188} INFO - [2025-05-20T07:56:47.018+0000] {dagbag.py:538} INFO - Filling up the DagBag from /home/airflow/.local/lib/python3.8/site-packages/airflow/example_dags/example_kubernetes_executor.py
[2025-05-20T07:56:47.046+0000] {processor.py:840} INFO - DAG(s) 'example_kubernetes_executor' retrieved from /home/airflow/.local/lib/python3.8/site-packages/airflow/example_dags/example_kubernetes_executor.py
[2025-05-20T07:56:47.117+0000] {logging_mixin.py:188} INFO - [2025-05-20T07:56:47.117+0000] {dag.py:3036} INFO - Sync 1 DAGs
[2025-05-20T07:56:47.168+0000] {logging_mixin.py:188} INFO - [2025-05-20T07:56:47.167+0000] {dag.py:3823} INFO - Setting next_dagrun for example_kubernetes_executor to None, run_after=None
[2025-05-20T07:56:47.252+0000] {processor.py:183} INFO - Processing /home/airflow/.local/lib/python3.8/site-packages/airflow/example_dags/example_kubernetes_executor.py took 0.246 seconds
[2025-05-20T07:57:18.753+0000] {processor.py:161} INFO - Started process (PID=1563) to work on /home/airflow/.local/lib/python3.8/site-packages/airflow/example_dags/example_kubernetes_executor.py
[2025-05-20T07:57:18.754+0000] {processor.py:830} INFO - Processing file /home/airflow/.local/lib/python3.8/site-packages/airflow/example_dags/example_kubernetes_executor.py for tasks to queue
[2025-05-20T07:57:18.758+0000] {logging_mixin.py:188} INFO - [2025-05-20T07:57:18.757+0000] {dagbag.py:538} INFO - Filling up the DagBag from /home/airflow/.local/lib/python3.8/site-packages/airflow/example_dags/example_kubernetes_executor.py
[2025-05-20T07:57:18.788+0000] {processor.py:840} INFO - DAG(s) 'example_kubernetes_executor' retrieved from /home/airflow/.local/lib/python3.8/site-packages/airflow/example_dags/example_kubernetes_executor.py
[2025-05-20T07:57:18.857+0000] {logging_mixin.py:188} INFO - [2025-05-20T07:57:18.856+0000] {dag.py:3036} INFO - Sync 1 DAGs
[2025-05-20T07:57:18.878+0000] {logging_mixin.py:188} INFO - [2025-05-20T07:57:18.878+0000] {dag.py:3823} INFO - Setting next_dagrun for example_kubernetes_executor to None, run_after=None
[2025-05-20T07:57:18.915+0000] {processor.py:183} INFO - Processing /home/airflow/.local/lib/python3.8/site-packages/airflow/example_dags/example_kubernetes_executor.py took 0.167 seconds
[2025-05-20T07:57:50.029+0000] {processor.py:161} INFO - Started process (PID=1628) to work on /home/airflow/.local/lib/python3.8/site-packages/airflow/example_dags/example_kubernetes_executor.py
[2025-05-20T07:57:50.031+0000] {processor.py:830} INFO - Processing file /home/airflow/.local/lib/python3.8/site-packages/airflow/example_dags/example_kubernetes_executor.py for tasks to queue
[2025-05-20T07:57:50.035+0000] {logging_mixin.py:188} INFO - [2025-05-20T07:57:50.034+0000] {dagbag.py:538} INFO - Filling up the DagBag from /home/airflow/.local/lib/python3.8/site-packages/airflow/example_dags/example_kubernetes_executor.py
[2025-05-20T07:57:50.060+0000] {processor.py:840} INFO - DAG(s) 'example_kubernetes_executor' retrieved from /home/airflow/.local/lib/python3.8/site-packages/airflow/example_dags/example_kubernetes_executor.py
[2025-05-20T07:57:50.136+0000] {logging_mixin.py:188} INFO - [2025-05-20T07:57:50.136+0000] {dag.py:3036} INFO - Sync 1 DAGs
[2025-05-20T07:57:50.159+0000] {logging_mixin.py:188} INFO - [2025-05-20T07:57:50.159+0000] {dag.py:3823} INFO - Setting next_dagrun for example_kubernetes_executor to None, run_after=None
[2025-05-20T07:57:50.197+0000] {processor.py:183} INFO - Processing /home/airflow/.local/lib/python3.8/site-packages/airflow/example_dags/example_kubernetes_executor.py took 0.172 seconds
[2025-05-20T07:58:21.547+0000] {processor.py:161} INFO - Started process (PID=1693) to work on /home/airflow/.local/lib/python3.8/site-packages/airflow/example_dags/example_kubernetes_executor.py
[2025-05-20T07:58:21.548+0000] {processor.py:830} INFO - Processing file /home/airflow/.local/lib/python3.8/site-packages/airflow/example_dags/example_kubernetes_executor.py for tasks to queue
[2025-05-20T07:58:21.552+0000] {logging_mixin.py:188} INFO - [2025-05-20T07:58:21.551+0000] {dagbag.py:538} INFO - Filling up the DagBag from /home/airflow/.local/lib/python3.8/site-packages/airflow/example_dags/example_kubernetes_executor.py
[2025-05-20T07:58:21.587+0000] {processor.py:840} INFO - DAG(s) 'example_kubernetes_executor' retrieved from /home/airflow/.local/lib/python3.8/site-packages/airflow/example_dags/example_kubernetes_executor.py
[2025-05-20T07:58:21.653+0000] {logging_mixin.py:188} INFO - [2025-05-20T07:58:21.652+0000] {dag.py:3036} INFO - Sync 1 DAGs
[2025-05-20T07:58:21.677+0000] {logging_mixin.py:188} INFO - [2025-05-20T07:58:21.676+0000] {dag.py:3823} INFO - Setting next_dagrun for example_kubernetes_executor to None, run_after=None
[2025-05-20T07:58:21.722+0000] {processor.py:183} INFO - Processing /home/airflow/.local/lib/python3.8/site-packages/airflow/example_dags/example_kubernetes_executor.py took 0.181 seconds
[2025-05-20T07:58:52.662+0000] {processor.py:161} INFO - Started process (PID=1758) to work on /home/airflow/.local/lib/python3.8/site-packages/airflow/example_dags/example_kubernetes_executor.py
[2025-05-20T07:58:52.664+0000] {processor.py:830} INFO - Processing file /home/airflow/.local/lib/python3.8/site-packages/airflow/example_dags/example_kubernetes_executor.py for tasks to queue
[2025-05-20T07:58:52.668+0000] {logging_mixin.py:188} INFO - [2025-05-20T07:58:52.667+0000] {dagbag.py:538} INFO - Filling up the DagBag from /home/airflow/.local/lib/python3.8/site-packages/airflow/example_dags/example_kubernetes_executor.py
[2025-05-20T07:58:52.703+0000] {processor.py:840} INFO - DAG(s) 'example_kubernetes_executor' retrieved from /home/airflow/.local/lib/python3.8/site-packages/airflow/example_dags/example_kubernetes_executor.py
[2025-05-20T07:58:52.772+0000] {logging_mixin.py:188} INFO - [2025-05-20T07:58:52.771+0000] {dag.py:3036} INFO - Sync 1 DAGs
[2025-05-20T07:58:52.795+0000] {logging_mixin.py:188} INFO - [2025-05-20T07:58:52.794+0000] {dag.py:3823} INFO - Setting next_dagrun for example_kubernetes_executor to None, run_after=None
[2025-05-20T07:58:52.838+0000] {processor.py:183} INFO - Processing /home/airflow/.local/lib/python3.8/site-packages/airflow/example_dags/example_kubernetes_executor.py took 0.180 seconds
[2025-05-20T07:59:23.502+0000] {processor.py:161} INFO - Started process (PID=1822) to work on /home/airflow/.local/lib/python3.8/site-packages/airflow/example_dags/example_kubernetes_executor.py
[2025-05-20T07:59:23.504+0000] {processor.py:830} INFO - Processing file /home/airflow/.local/lib/python3.8/site-packages/airflow/example_dags/example_kubernetes_executor.py for tasks to queue
[2025-05-20T07:59:23.508+0000] {logging_mixin.py:188} INFO - [2025-05-20T07:59:23.507+0000] {dagbag.py:538} INFO - Filling up the DagBag from /home/airflow/.local/lib/python3.8/site-packages/airflow/example_dags/example_kubernetes_executor.py
[2025-05-20T07:59:23.533+0000] {processor.py:840} INFO - DAG(s) 'example_kubernetes_executor' retrieved from /home/airflow/.local/lib/python3.8/site-packages/airflow/example_dags/example_kubernetes_executor.py
[2025-05-20T07:59:23.598+0000] {logging_mixin.py:188} INFO - [2025-05-20T07:59:23.598+0000] {dag.py:3036} INFO - Sync 1 DAGs
[2025-05-20T07:59:23.792+0000] {logging_mixin.py:188} INFO - [2025-05-20T07:59:23.792+0000] {dag.py:3823} INFO - Setting next_dagrun for example_kubernetes_executor to None, run_after=None
[2025-05-20T07:59:23.834+0000] {processor.py:183} INFO - Processing /home/airflow/.local/lib/python3.8/site-packages/airflow/example_dags/example_kubernetes_executor.py took 0.337 seconds
[2025-05-20T07:59:55.222+0000] {processor.py:161} INFO - Started process (PID=1887) to work on /home/airflow/.local/lib/python3.8/site-packages/airflow/example_dags/example_kubernetes_executor.py
[2025-05-20T07:59:55.225+0000] {processor.py:830} INFO - Processing file /home/airflow/.local/lib/python3.8/site-packages/airflow/example_dags/example_kubernetes_executor.py for tasks to queue
[2025-05-20T07:59:55.229+0000] {logging_mixin.py:188} INFO - [2025-05-20T07:59:55.229+0000] {dagbag.py:538} INFO - Filling up the DagBag from /home/airflow/.local/lib/python3.8/site-packages/airflow/example_dags/example_kubernetes_executor.py
[2025-05-20T07:59:55.265+0000] {processor.py:840} INFO - DAG(s) 'example_kubernetes_executor' retrieved from /home/airflow/.local/lib/python3.8/site-packages/airflow/example_dags/example_kubernetes_executor.py
[2025-05-20T07:59:55.359+0000] {logging_mixin.py:188} INFO - [2025-05-20T07:59:55.359+0000] {dag.py:3036} INFO - Sync 1 DAGs
[2025-05-20T07:59:55.557+0000] {logging_mixin.py:188} INFO - [2025-05-20T07:59:55.556+0000] {dag.py:3823} INFO - Setting next_dagrun for example_kubernetes_executor to None, run_after=None
[2025-05-20T07:59:55.590+0000] {processor.py:183} INFO - Processing /home/airflow/.local/lib/python3.8/site-packages/airflow/example_dags/example_kubernetes_executor.py took 0.376 seconds
[2025-05-20T08:00:27.734+0000] {processor.py:161} INFO - Started process (PID=1952) to work on /home/airflow/.local/lib/python3.8/site-packages/airflow/example_dags/example_kubernetes_executor.py
[2025-05-20T08:00:27.736+0000] {processor.py:830} INFO - Processing file /home/airflow/.local/lib/python3.8/site-packages/airflow/example_dags/example_kubernetes_executor.py for tasks to queue
[2025-05-20T08:00:27.740+0000] {logging_mixin.py:188} INFO - [2025-05-20T08:00:27.739+0000] {dagbag.py:538} INFO - Filling up the DagBag from /home/airflow/.local/lib/python3.8/site-packages/airflow/example_dags/example_kubernetes_executor.py
[2025-05-20T08:00:27.771+0000] {processor.py:840} INFO - DAG(s) 'example_kubernetes_executor' retrieved from /home/airflow/.local/lib/python3.8/site-packages/airflow/example_dags/example_kubernetes_executor.py
[2025-05-20T08:00:28.041+0000] {logging_mixin.py:188} INFO - [2025-05-20T08:00:28.040+0000] {dag.py:3036} INFO - Sync 1 DAGs
[2025-05-20T08:00:28.059+0000] {logging_mixin.py:188} INFO - [2025-05-20T08:00:28.058+0000] {dag.py:3823} INFO - Setting next_dagrun for example_kubernetes_executor to None, run_after=None
[2025-05-20T08:00:28.116+0000] {processor.py:183} INFO - Processing /home/airflow/.local/lib/python3.8/site-packages/airflow/example_dags/example_kubernetes_executor.py took 0.388 seconds
[2025-05-20T08:00:59.303+0000] {processor.py:161} INFO - Started process (PID=2018) to work on /home/airflow/.local/lib/python3.8/site-packages/airflow/example_dags/example_kubernetes_executor.py
[2025-05-20T08:00:59.305+0000] {processor.py:830} INFO - Processing file /home/airflow/.local/lib/python3.8/site-packages/airflow/example_dags/example_kubernetes_executor.py for tasks to queue
[2025-05-20T08:00:59.308+0000] {logging_mixin.py:188} INFO - [2025-05-20T08:00:59.307+0000] {dagbag.py:538} INFO - Filling up the DagBag from /home/airflow/.local/lib/python3.8/site-packages/airflow/example_dags/example_kubernetes_executor.py
[2025-05-20T08:00:59.331+0000] {processor.py:840} INFO - DAG(s) 'example_kubernetes_executor' retrieved from /home/airflow/.local/lib/python3.8/site-packages/airflow/example_dags/example_kubernetes_executor.py
[2025-05-20T08:00:59.550+0000] {logging_mixin.py:188} INFO - [2025-05-20T08:00:59.549+0000] {dag.py:3036} INFO - Sync 1 DAGs
[2025-05-20T08:00:59.571+0000] {logging_mixin.py:188} INFO - [2025-05-20T08:00:59.571+0000] {dag.py:3823} INFO - Setting next_dagrun for example_kubernetes_executor to None, run_after=None
[2025-05-20T08:00:59.617+0000] {processor.py:183} INFO - Processing /home/airflow/.local/lib/python3.8/site-packages/airflow/example_dags/example_kubernetes_executor.py took 0.319 seconds
[2025-05-20T08:01:30.666+0000] {processor.py:161} INFO - Started process (PID=2083) to work on /home/airflow/.local/lib/python3.8/site-packages/airflow/example_dags/example_kubernetes_executor.py
[2025-05-20T08:01:30.669+0000] {processor.py:830} INFO - Processing file /home/airflow/.local/lib/python3.8/site-packages/airflow/example_dags/example_kubernetes_executor.py for tasks to queue
[2025-05-20T08:01:30.673+0000] {logging_mixin.py:188} INFO - [2025-05-20T08:01:30.673+0000] {dagbag.py:538} INFO - Filling up the DagBag from /home/airflow/.local/lib/python3.8/site-packages/airflow/example_dags/example_kubernetes_executor.py
[2025-05-20T08:01:30.705+0000] {processor.py:840} INFO - DAG(s) 'example_kubernetes_executor' retrieved from /home/airflow/.local/lib/python3.8/site-packages/airflow/example_dags/example_kubernetes_executor.py
[2025-05-20T08:01:30.785+0000] {logging_mixin.py:188} INFO - [2025-05-20T08:01:30.784+0000] {dag.py:3036} INFO - Sync 1 DAGs
[2025-05-20T08:01:30.808+0000] {logging_mixin.py:188} INFO - [2025-05-20T08:01:30.808+0000] {dag.py:3823} INFO - Setting next_dagrun for example_kubernetes_executor to None, run_after=None
[2025-05-20T08:01:30.848+0000] {processor.py:183} INFO - Processing /home/airflow/.local/lib/python3.8/site-packages/airflow/example_dags/example_kubernetes_executor.py took 0.189 seconds
[2025-05-20T08:02:01.315+0000] {processor.py:161} INFO - Started process (PID=2147) to work on /home/airflow/.local/lib/python3.8/site-packages/airflow/example_dags/example_kubernetes_executor.py
[2025-05-20T08:02:01.318+0000] {processor.py:830} INFO - Processing file /home/airflow/.local/lib/python3.8/site-packages/airflow/example_dags/example_kubernetes_executor.py for tasks to queue
[2025-05-20T08:02:01.323+0000] {logging_mixin.py:188} INFO - [2025-05-20T08:02:01.322+0000] {dagbag.py:538} INFO - Filling up the DagBag from /home/airflow/.local/lib/python3.8/site-packages/airflow/example_dags/example_kubernetes_executor.py
[2025-05-20T08:02:01.365+0000] {processor.py:840} INFO - DAG(s) 'example_kubernetes_executor' retrieved from /home/airflow/.local/lib/python3.8/site-packages/airflow/example_dags/example_kubernetes_executor.py
[2025-05-20T08:02:01.468+0000] {logging_mixin.py:188} INFO - [2025-05-20T08:02:01.467+0000] {dag.py:3036} INFO - Sync 1 DAGs
[2025-05-20T08:02:01.497+0000] {logging_mixin.py:188} INFO - [2025-05-20T08:02:01.496+0000] {dag.py:3823} INFO - Setting next_dagrun for example_kubernetes_executor to None, run_after=None
[2025-05-20T08:02:01.545+0000] {processor.py:183} INFO - Processing /home/airflow/.local/lib/python3.8/site-packages/airflow/example_dags/example_kubernetes_executor.py took 0.241 seconds
[2025-05-20T08:02:31.698+0000] {processor.py:161} INFO - Started process (PID=2211) to work on /home/airflow/.local/lib/python3.8/site-packages/airflow/example_dags/example_kubernetes_executor.py
[2025-05-20T08:02:31.700+0000] {processor.py:830} INFO - Processing file /home/airflow/.local/lib/python3.8/site-packages/airflow/example_dags/example_kubernetes_executor.py for tasks to queue
[2025-05-20T08:02:31.705+0000] {logging_mixin.py:188} INFO - [2025-05-20T08:02:31.704+0000] {dagbag.py:538} INFO - Filling up the DagBag from /home/airflow/.local/lib/python3.8/site-packages/airflow/example_dags/example_kubernetes_executor.py
[2025-05-20T08:02:31.744+0000] {processor.py:840} INFO - DAG(s) 'example_kubernetes_executor' retrieved from /home/airflow/.local/lib/python3.8/site-packages/airflow/example_dags/example_kubernetes_executor.py
[2025-05-20T08:02:31.832+0000] {logging_mixin.py:188} INFO - [2025-05-20T08:02:31.831+0000] {dag.py:3036} INFO - Sync 1 DAGs
[2025-05-20T08:02:31.863+0000] {logging_mixin.py:188} INFO - [2025-05-20T08:02:31.863+0000] {dag.py:3823} INFO - Setting next_dagrun for example_kubernetes_executor to None, run_after=None
[2025-05-20T08:02:31.913+0000] {processor.py:183} INFO - Processing /home/airflow/.local/lib/python3.8/site-packages/airflow/example_dags/example_kubernetes_executor.py took 0.223 seconds
[2025-05-20T08:03:02.205+0000] {processor.py:161} INFO - Started process (PID=2277) to work on /home/airflow/.local/lib/python3.8/site-packages/airflow/example_dags/example_kubernetes_executor.py
[2025-05-20T08:03:02.208+0000] {processor.py:830} INFO - Processing file /home/airflow/.local/lib/python3.8/site-packages/airflow/example_dags/example_kubernetes_executor.py for tasks to queue
[2025-05-20T08:03:02.213+0000] {logging_mixin.py:188} INFO - [2025-05-20T08:03:02.212+0000] {dagbag.py:538} INFO - Filling up the DagBag from /home/airflow/.local/lib/python3.8/site-packages/airflow/example_dags/example_kubernetes_executor.py
[2025-05-20T08:03:02.256+0000] {processor.py:840} INFO - DAG(s) 'example_kubernetes_executor' retrieved from /home/airflow/.local/lib/python3.8/site-packages/airflow/example_dags/example_kubernetes_executor.py
[2025-05-20T08:03:02.416+0000] {logging_mixin.py:188} INFO - [2025-05-20T08:03:02.416+0000] {dag.py:3036} INFO - Sync 1 DAGs
[2025-05-20T08:03:02.465+0000] {logging_mixin.py:188} INFO - [2025-05-20T08:03:02.465+0000] {dag.py:3823} INFO - Setting next_dagrun for example_kubernetes_executor to None, run_after=None
[2025-05-20T08:03:02.536+0000] {processor.py:183} INFO - Processing /home/airflow/.local/lib/python3.8/site-packages/airflow/example_dags/example_kubernetes_executor.py took 0.340 seconds
[2025-05-20T08:03:33.983+0000] {processor.py:161} INFO - Started process (PID=2342) to work on /home/airflow/.local/lib/python3.8/site-packages/airflow/example_dags/example_kubernetes_executor.py
[2025-05-20T08:03:33.985+0000] {processor.py:830} INFO - Processing file /home/airflow/.local/lib/python3.8/site-packages/airflow/example_dags/example_kubernetes_executor.py for tasks to queue
[2025-05-20T08:03:33.989+0000] {logging_mixin.py:188} INFO - [2025-05-20T08:03:33.988+0000] {dagbag.py:538} INFO - Filling up the DagBag from /home/airflow/.local/lib/python3.8/site-packages/airflow/example_dags/example_kubernetes_executor.py
[2025-05-20T08:03:34.017+0000] {processor.py:840} INFO - DAG(s) 'example_kubernetes_executor' retrieved from /home/airflow/.local/lib/python3.8/site-packages/airflow/example_dags/example_kubernetes_executor.py
[2025-05-20T08:03:34.101+0000] {logging_mixin.py:188} INFO - [2025-05-20T08:03:34.101+0000] {dag.py:3036} INFO - Sync 1 DAGs
[2025-05-20T08:03:34.130+0000] {logging_mixin.py:188} INFO - [2025-05-20T08:03:34.130+0000] {dag.py:3823} INFO - Setting next_dagrun for example_kubernetes_executor to None, run_after=None
[2025-05-20T08:03:34.171+0000] {processor.py:183} INFO - Processing /home/airflow/.local/lib/python3.8/site-packages/airflow/example_dags/example_kubernetes_executor.py took 0.194 seconds
[2025-05-20T08:04:05.249+0000] {processor.py:161} INFO - Started process (PID=2407) to work on /home/airflow/.local/lib/python3.8/site-packages/airflow/example_dags/example_kubernetes_executor.py
[2025-05-20T08:04:05.253+0000] {processor.py:830} INFO - Processing file /home/airflow/.local/lib/python3.8/site-packages/airflow/example_dags/example_kubernetes_executor.py for tasks to queue
[2025-05-20T08:04:05.263+0000] {logging_mixin.py:188} INFO - [2025-05-20T08:04:05.261+0000] {dagbag.py:538} INFO - Filling up the DagBag from /home/airflow/.local/lib/python3.8/site-packages/airflow/example_dags/example_kubernetes_executor.py
[2025-05-20T08:04:05.308+0000] {processor.py:840} INFO - DAG(s) 'example_kubernetes_executor' retrieved from /home/airflow/.local/lib/python3.8/site-packages/airflow/example_dags/example_kubernetes_executor.py
[2025-05-20T08:04:05.405+0000] {logging_mixin.py:188} INFO - [2025-05-20T08:04:05.404+0000] {dag.py:3036} INFO - Sync 1 DAGs
[2025-05-20T08:04:05.434+0000] {logging_mixin.py:188} INFO - [2025-05-20T08:04:05.434+0000] {dag.py:3823} INFO - Setting next_dagrun for example_kubernetes_executor to None, run_after=None
[2025-05-20T08:04:05.481+0000] {processor.py:183} INFO - Processing /home/airflow/.local/lib/python3.8/site-packages/airflow/example_dags/example_kubernetes_executor.py took 0.250 seconds
