[2025-05-20T07:45:18.673+0000] {processor.py:161} INFO - Started process (PID=83) to work on /home/airflow/.local/lib/python3.8/site-packages/airflow/example_dags/example_skip_dag.py
[2025-05-20T07:45:18.675+0000] {processor.py:830} INFO - Processing file /home/airflow/.local/lib/python3.8/site-packages/airflow/example_dags/example_skip_dag.py for tasks to queue
[2025-05-20T07:45:18.678+0000] {logging_mixin.py:188} INFO - [2025-05-20T07:45:18.678+0000] {dagbag.py:538} INFO - Filling up the DagBag from /home/airflow/.local/lib/python3.8/site-packages/airflow/example_dags/example_skip_dag.py
[2025-05-20T07:45:18.694+0000] {processor.py:840} INFO - DAG(s) 'example_skip_dag' retrieved from /home/airflow/.local/lib/python3.8/site-packages/airflow/example_dags/example_skip_dag.py
[2025-05-20T07:45:18.877+0000] {logging_mixin.py:188} INFO - [2025-05-20T07:45:18.877+0000] {dag.py:3036} INFO - Sync 1 DAGs
[2025-05-20T07:45:18.911+0000] {logging_mixin.py:188} INFO - [2025-05-20T07:45:18.911+0000] {dag.py:3823} INFO - Setting next_dagrun for example_skip_dag to 2025-05-19 00:00:00+00:00, run_after=2025-05-20 00:00:00+00:00
[2025-05-20T07:45:18.944+0000] {processor.py:183} INFO - Processing /home/airflow/.local/lib/python3.8/site-packages/airflow/example_dags/example_skip_dag.py took 0.276 seconds
[2025-05-20T07:45:49.599+0000] {processor.py:161} INFO - Started process (PID=148) to work on /home/airflow/.local/lib/python3.8/site-packages/airflow/example_dags/example_skip_dag.py
[2025-05-20T07:45:49.601+0000] {processor.py:830} INFO - Processing file /home/airflow/.local/lib/python3.8/site-packages/airflow/example_dags/example_skip_dag.py for tasks to queue
[2025-05-20T07:45:49.604+0000] {logging_mixin.py:188} INFO - [2025-05-20T07:45:49.604+0000] {dagbag.py:538} INFO - Filling up the DagBag from /home/airflow/.local/lib/python3.8/site-packages/airflow/example_dags/example_skip_dag.py
[2025-05-20T07:45:49.614+0000] {processor.py:840} INFO - DAG(s) 'example_skip_dag' retrieved from /home/airflow/.local/lib/python3.8/site-packages/airflow/example_dags/example_skip_dag.py
[2025-05-20T07:45:49.652+0000] {logging_mixin.py:188} INFO - [2025-05-20T07:45:49.651+0000] {dag.py:3036} INFO - Sync 1 DAGs
[2025-05-20T07:45:49.690+0000] {logging_mixin.py:188} INFO - [2025-05-20T07:45:49.690+0000] {dag.py:3823} INFO - Setting next_dagrun for example_skip_dag to 2025-05-19 00:00:00+00:00, run_after=2025-05-20 00:00:00+00:00
[2025-05-20T07:45:49.729+0000] {processor.py:183} INFO - Processing /home/airflow/.local/lib/python3.8/site-packages/airflow/example_dags/example_skip_dag.py took 0.135 seconds
[2025-05-20T07:46:20.019+0000] {processor.py:161} INFO - Started process (PID=213) to work on /home/airflow/.local/lib/python3.8/site-packages/airflow/example_dags/example_skip_dag.py
[2025-05-20T07:46:20.021+0000] {processor.py:830} INFO - Processing file /home/airflow/.local/lib/python3.8/site-packages/airflow/example_dags/example_skip_dag.py for tasks to queue
[2025-05-20T07:46:20.025+0000] {logging_mixin.py:188} INFO - [2025-05-20T07:46:20.024+0000] {dagbag.py:538} INFO - Filling up the DagBag from /home/airflow/.local/lib/python3.8/site-packages/airflow/example_dags/example_skip_dag.py
[2025-05-20T07:46:20.036+0000] {processor.py:840} INFO - DAG(s) 'example_skip_dag' retrieved from /home/airflow/.local/lib/python3.8/site-packages/airflow/example_dags/example_skip_dag.py
[2025-05-20T07:46:20.076+0000] {logging_mixin.py:188} INFO - [2025-05-20T07:46:20.076+0000] {dag.py:3036} INFO - Sync 1 DAGs
[2025-05-20T07:46:20.118+0000] {logging_mixin.py:188} INFO - [2025-05-20T07:46:20.118+0000] {dag.py:3823} INFO - Setting next_dagrun for example_skip_dag to 2025-05-19 00:00:00+00:00, run_after=2025-05-20 00:00:00+00:00
[2025-05-20T07:46:20.162+0000] {processor.py:183} INFO - Processing /home/airflow/.local/lib/python3.8/site-packages/airflow/example_dags/example_skip_dag.py took 0.151 seconds
[2025-05-20T07:46:51.288+0000] {processor.py:161} INFO - Started process (PID=278) to work on /home/airflow/.local/lib/python3.8/site-packages/airflow/example_dags/example_skip_dag.py
[2025-05-20T07:46:51.290+0000] {processor.py:830} INFO - Processing file /home/airflow/.local/lib/python3.8/site-packages/airflow/example_dags/example_skip_dag.py for tasks to queue
[2025-05-20T07:46:51.293+0000] {logging_mixin.py:188} INFO - [2025-05-20T07:46:51.293+0000] {dagbag.py:538} INFO - Filling up the DagBag from /home/airflow/.local/lib/python3.8/site-packages/airflow/example_dags/example_skip_dag.py
[2025-05-20T07:46:51.306+0000] {processor.py:840} INFO - DAG(s) 'example_skip_dag' retrieved from /home/airflow/.local/lib/python3.8/site-packages/airflow/example_dags/example_skip_dag.py
[2025-05-20T07:46:51.361+0000] {logging_mixin.py:188} INFO - [2025-05-20T07:46:51.361+0000] {dag.py:3036} INFO - Sync 1 DAGs
[2025-05-20T07:46:51.428+0000] {logging_mixin.py:188} INFO - [2025-05-20T07:46:51.428+0000] {dag.py:3823} INFO - Setting next_dagrun for example_skip_dag to 2025-05-19 00:00:00+00:00, run_after=2025-05-20 00:00:00+00:00
[2025-05-20T07:46:51.484+0000] {processor.py:183} INFO - Processing /home/airflow/.local/lib/python3.8/site-packages/airflow/example_dags/example_skip_dag.py took 0.202 seconds
[2025-05-20T07:47:23.541+0000] {processor.py:161} INFO - Started process (PID=343) to work on /home/airflow/.local/lib/python3.8/site-packages/airflow/example_dags/example_skip_dag.py
[2025-05-20T07:47:23.545+0000] {processor.py:830} INFO - Processing file /home/airflow/.local/lib/python3.8/site-packages/airflow/example_dags/example_skip_dag.py for tasks to queue
[2025-05-20T07:47:23.563+0000] {logging_mixin.py:188} INFO - [2025-05-20T07:47:23.562+0000] {dagbag.py:538} INFO - Filling up the DagBag from /home/airflow/.local/lib/python3.8/site-packages/airflow/example_dags/example_skip_dag.py
[2025-05-20T07:47:23.597+0000] {processor.py:840} INFO - DAG(s) 'example_skip_dag' retrieved from /home/airflow/.local/lib/python3.8/site-packages/airflow/example_dags/example_skip_dag.py
[2025-05-20T07:47:23.673+0000] {logging_mixin.py:188} INFO - [2025-05-20T07:47:23.673+0000] {dag.py:3036} INFO - Sync 1 DAGs
[2025-05-20T07:47:23.799+0000] {logging_mixin.py:188} INFO - [2025-05-20T07:47:23.798+0000] {dag.py:3823} INFO - Setting next_dagrun for example_skip_dag to 2025-05-19 00:00:00+00:00, run_after=2025-05-20 00:00:00+00:00
[2025-05-20T07:47:23.913+0000] {processor.py:183} INFO - Processing /home/airflow/.local/lib/python3.8/site-packages/airflow/example_dags/example_skip_dag.py took 0.379 seconds
[2025-05-20T07:47:55.194+0000] {processor.py:161} INFO - Started process (PID=408) to work on /home/airflow/.local/lib/python3.8/site-packages/airflow/example_dags/example_skip_dag.py
[2025-05-20T07:47:55.196+0000] {processor.py:830} INFO - Processing file /home/airflow/.local/lib/python3.8/site-packages/airflow/example_dags/example_skip_dag.py for tasks to queue
[2025-05-20T07:47:55.200+0000] {logging_mixin.py:188} INFO - [2025-05-20T07:47:55.199+0000] {dagbag.py:538} INFO - Filling up the DagBag from /home/airflow/.local/lib/python3.8/site-packages/airflow/example_dags/example_skip_dag.py
[2025-05-20T07:47:55.213+0000] {processor.py:840} INFO - DAG(s) 'example_skip_dag' retrieved from /home/airflow/.local/lib/python3.8/site-packages/airflow/example_dags/example_skip_dag.py
[2025-05-20T07:47:55.254+0000] {logging_mixin.py:188} INFO - [2025-05-20T07:47:55.254+0000] {dag.py:3036} INFO - Sync 1 DAGs
[2025-05-20T07:47:55.305+0000] {logging_mixin.py:188} INFO - [2025-05-20T07:47:55.304+0000] {dag.py:3823} INFO - Setting next_dagrun for example_skip_dag to 2025-05-19 00:00:00+00:00, run_after=2025-05-20 00:00:00+00:00
[2025-05-20T07:47:55.344+0000] {processor.py:183} INFO - Processing /home/airflow/.local/lib/python3.8/site-packages/airflow/example_dags/example_skip_dag.py took 0.158 seconds
[2025-05-20T07:48:26.771+0000] {processor.py:161} INFO - Started process (PID=473) to work on /home/airflow/.local/lib/python3.8/site-packages/airflow/example_dags/example_skip_dag.py
[2025-05-20T07:48:26.773+0000] {processor.py:830} INFO - Processing file /home/airflow/.local/lib/python3.8/site-packages/airflow/example_dags/example_skip_dag.py for tasks to queue
[2025-05-20T07:48:26.776+0000] {logging_mixin.py:188} INFO - [2025-05-20T07:48:26.776+0000] {dagbag.py:538} INFO - Filling up the DagBag from /home/airflow/.local/lib/python3.8/site-packages/airflow/example_dags/example_skip_dag.py
[2025-05-20T07:48:26.787+0000] {processor.py:840} INFO - DAG(s) 'example_skip_dag' retrieved from /home/airflow/.local/lib/python3.8/site-packages/airflow/example_dags/example_skip_dag.py
[2025-05-20T07:48:26.820+0000] {logging_mixin.py:188} INFO - [2025-05-20T07:48:26.820+0000] {dag.py:3036} INFO - Sync 1 DAGs
[2025-05-20T07:48:26.860+0000] {logging_mixin.py:188} INFO - [2025-05-20T07:48:26.859+0000] {dag.py:3823} INFO - Setting next_dagrun for example_skip_dag to 2025-05-19 00:00:00+00:00, run_after=2025-05-20 00:00:00+00:00
[2025-05-20T07:48:26.918+0000] {processor.py:183} INFO - Processing /home/airflow/.local/lib/python3.8/site-packages/airflow/example_dags/example_skip_dag.py took 0.152 seconds
[2025-05-20T07:48:57.795+0000] {processor.py:161} INFO - Started process (PID=538) to work on /home/airflow/.local/lib/python3.8/site-packages/airflow/example_dags/example_skip_dag.py
[2025-05-20T07:48:57.797+0000] {processor.py:830} INFO - Processing file /home/airflow/.local/lib/python3.8/site-packages/airflow/example_dags/example_skip_dag.py for tasks to queue
[2025-05-20T07:48:57.800+0000] {logging_mixin.py:188} INFO - [2025-05-20T07:48:57.799+0000] {dagbag.py:538} INFO - Filling up the DagBag from /home/airflow/.local/lib/python3.8/site-packages/airflow/example_dags/example_skip_dag.py
[2025-05-20T07:48:57.810+0000] {processor.py:840} INFO - DAG(s) 'example_skip_dag' retrieved from /home/airflow/.local/lib/python3.8/site-packages/airflow/example_dags/example_skip_dag.py
[2025-05-20T07:48:57.848+0000] {logging_mixin.py:188} INFO - [2025-05-20T07:48:57.847+0000] {dag.py:3036} INFO - Sync 1 DAGs
[2025-05-20T07:48:57.892+0000] {logging_mixin.py:188} INFO - [2025-05-20T07:48:57.892+0000] {dag.py:3823} INFO - Setting next_dagrun for example_skip_dag to 2025-05-19 00:00:00+00:00, run_after=2025-05-20 00:00:00+00:00
[2025-05-20T07:48:57.937+0000] {processor.py:183} INFO - Processing /home/airflow/.local/lib/python3.8/site-packages/airflow/example_dags/example_skip_dag.py took 0.146 seconds
[2025-05-20T07:49:28.237+0000] {processor.py:161} INFO - Started process (PID=603) to work on /home/airflow/.local/lib/python3.8/site-packages/airflow/example_dags/example_skip_dag.py
[2025-05-20T07:49:28.239+0000] {processor.py:830} INFO - Processing file /home/airflow/.local/lib/python3.8/site-packages/airflow/example_dags/example_skip_dag.py for tasks to queue
[2025-05-20T07:49:28.243+0000] {logging_mixin.py:188} INFO - [2025-05-20T07:49:28.242+0000] {dagbag.py:538} INFO - Filling up the DagBag from /home/airflow/.local/lib/python3.8/site-packages/airflow/example_dags/example_skip_dag.py
[2025-05-20T07:49:28.258+0000] {processor.py:840} INFO - DAG(s) 'example_skip_dag' retrieved from /home/airflow/.local/lib/python3.8/site-packages/airflow/example_dags/example_skip_dag.py
[2025-05-20T07:49:28.307+0000] {logging_mixin.py:188} INFO - [2025-05-20T07:49:28.307+0000] {dag.py:3036} INFO - Sync 1 DAGs
[2025-05-20T07:49:28.364+0000] {logging_mixin.py:188} INFO - [2025-05-20T07:49:28.363+0000] {dag.py:3823} INFO - Setting next_dagrun for example_skip_dag to 2025-05-19 00:00:00+00:00, run_after=2025-05-20 00:00:00+00:00
[2025-05-20T07:49:28.411+0000] {processor.py:183} INFO - Processing /home/airflow/.local/lib/python3.8/site-packages/airflow/example_dags/example_skip_dag.py took 0.182 seconds
[2025-05-20T07:49:59.555+0000] {processor.py:161} INFO - Started process (PID=668) to work on /home/airflow/.local/lib/python3.8/site-packages/airflow/example_dags/example_skip_dag.py
[2025-05-20T07:49:59.557+0000] {processor.py:830} INFO - Processing file /home/airflow/.local/lib/python3.8/site-packages/airflow/example_dags/example_skip_dag.py for tasks to queue
[2025-05-20T07:49:59.560+0000] {logging_mixin.py:188} INFO - [2025-05-20T07:49:59.559+0000] {dagbag.py:538} INFO - Filling up the DagBag from /home/airflow/.local/lib/python3.8/site-packages/airflow/example_dags/example_skip_dag.py
[2025-05-20T07:49:59.570+0000] {processor.py:840} INFO - DAG(s) 'example_skip_dag' retrieved from /home/airflow/.local/lib/python3.8/site-packages/airflow/example_dags/example_skip_dag.py
[2025-05-20T07:49:59.603+0000] {logging_mixin.py:188} INFO - [2025-05-20T07:49:59.603+0000] {dag.py:3036} INFO - Sync 1 DAGs
[2025-05-20T07:49:59.655+0000] {logging_mixin.py:188} INFO - [2025-05-20T07:49:59.654+0000] {dag.py:3823} INFO - Setting next_dagrun for example_skip_dag to 2025-05-19 00:00:00+00:00, run_after=2025-05-20 00:00:00+00:00
[2025-05-20T07:49:59.726+0000] {processor.py:183} INFO - Processing /home/airflow/.local/lib/python3.8/site-packages/airflow/example_dags/example_skip_dag.py took 0.175 seconds
[2025-05-20T07:50:30.622+0000] {processor.py:161} INFO - Started process (PID=733) to work on /home/airflow/.local/lib/python3.8/site-packages/airflow/example_dags/example_skip_dag.py
[2025-05-20T07:50:30.623+0000] {processor.py:830} INFO - Processing file /home/airflow/.local/lib/python3.8/site-packages/airflow/example_dags/example_skip_dag.py for tasks to queue
[2025-05-20T07:50:30.627+0000] {logging_mixin.py:188} INFO - [2025-05-20T07:50:30.626+0000] {dagbag.py:538} INFO - Filling up the DagBag from /home/airflow/.local/lib/python3.8/site-packages/airflow/example_dags/example_skip_dag.py
[2025-05-20T07:50:30.642+0000] {processor.py:840} INFO - DAG(s) 'example_skip_dag' retrieved from /home/airflow/.local/lib/python3.8/site-packages/airflow/example_dags/example_skip_dag.py
[2025-05-20T07:50:30.678+0000] {logging_mixin.py:188} INFO - [2025-05-20T07:50:30.677+0000] {dag.py:3036} INFO - Sync 1 DAGs
[2025-05-20T07:50:30.712+0000] {logging_mixin.py:188} INFO - [2025-05-20T07:50:30.711+0000] {dag.py:3823} INFO - Setting next_dagrun for example_skip_dag to 2025-05-19 00:00:00+00:00, run_after=2025-05-20 00:00:00+00:00
[2025-05-20T07:50:30.743+0000] {processor.py:183} INFO - Processing /home/airflow/.local/lib/python3.8/site-packages/airflow/example_dags/example_skip_dag.py took 0.126 seconds
[2025-05-20T07:51:02.952+0000] {processor.py:161} INFO - Started process (PID=804) to work on /home/airflow/.local/lib/python3.8/site-packages/airflow/example_dags/example_skip_dag.py
[2025-05-20T07:51:02.956+0000] {processor.py:830} INFO - Processing file /home/airflow/.local/lib/python3.8/site-packages/airflow/example_dags/example_skip_dag.py for tasks to queue
[2025-05-20T07:51:02.961+0000] {logging_mixin.py:188} INFO - [2025-05-20T07:51:02.960+0000] {dagbag.py:538} INFO - Filling up the DagBag from /home/airflow/.local/lib/python3.8/site-packages/airflow/example_dags/example_skip_dag.py
[2025-05-20T07:51:02.978+0000] {processor.py:840} INFO - DAG(s) 'example_skip_dag' retrieved from /home/airflow/.local/lib/python3.8/site-packages/airflow/example_dags/example_skip_dag.py
[2025-05-20T07:51:03.023+0000] {logging_mixin.py:188} INFO - [2025-05-20T07:51:03.022+0000] {dag.py:3036} INFO - Sync 1 DAGs
[2025-05-20T07:51:03.079+0000] {logging_mixin.py:188} INFO - [2025-05-20T07:51:03.079+0000] {dag.py:3823} INFO - Setting next_dagrun for example_skip_dag to 2025-05-19 00:00:00+00:00, run_after=2025-05-20 00:00:00+00:00
[2025-05-20T07:51:03.128+0000] {processor.py:183} INFO - Processing /home/airflow/.local/lib/python3.8/site-packages/airflow/example_dags/example_skip_dag.py took 0.184 seconds
[2025-05-20T07:51:35.261+0000] {processor.py:161} INFO - Started process (PID=869) to work on /home/airflow/.local/lib/python3.8/site-packages/airflow/example_dags/example_skip_dag.py
[2025-05-20T07:51:35.263+0000] {processor.py:830} INFO - Processing file /home/airflow/.local/lib/python3.8/site-packages/airflow/example_dags/example_skip_dag.py for tasks to queue
[2025-05-20T07:51:35.266+0000] {logging_mixin.py:188} INFO - [2025-05-20T07:51:35.266+0000] {dagbag.py:538} INFO - Filling up the DagBag from /home/airflow/.local/lib/python3.8/site-packages/airflow/example_dags/example_skip_dag.py
[2025-05-20T07:51:35.278+0000] {processor.py:840} INFO - DAG(s) 'example_skip_dag' retrieved from /home/airflow/.local/lib/python3.8/site-packages/airflow/example_dags/example_skip_dag.py
[2025-05-20T07:51:35.322+0000] {logging_mixin.py:188} INFO - [2025-05-20T07:51:35.322+0000] {dag.py:3036} INFO - Sync 1 DAGs
[2025-05-20T07:51:35.371+0000] {logging_mixin.py:188} INFO - [2025-05-20T07:51:35.370+0000] {dag.py:3823} INFO - Setting next_dagrun for example_skip_dag to 2025-05-19 00:00:00+00:00, run_after=2025-05-20 00:00:00+00:00
[2025-05-20T07:51:35.417+0000] {processor.py:183} INFO - Processing /home/airflow/.local/lib/python3.8/site-packages/airflow/example_dags/example_skip_dag.py took 0.161 seconds
[2025-05-20T07:52:06.301+0000] {processor.py:161} INFO - Started process (PID=934) to work on /home/airflow/.local/lib/python3.8/site-packages/airflow/example_dags/example_skip_dag.py
[2025-05-20T07:52:06.303+0000] {processor.py:830} INFO - Processing file /home/airflow/.local/lib/python3.8/site-packages/airflow/example_dags/example_skip_dag.py for tasks to queue
[2025-05-20T07:52:06.306+0000] {logging_mixin.py:188} INFO - [2025-05-20T07:52:06.306+0000] {dagbag.py:538} INFO - Filling up the DagBag from /home/airflow/.local/lib/python3.8/site-packages/airflow/example_dags/example_skip_dag.py
[2025-05-20T07:52:06.316+0000] {processor.py:840} INFO - DAG(s) 'example_skip_dag' retrieved from /home/airflow/.local/lib/python3.8/site-packages/airflow/example_dags/example_skip_dag.py
[2025-05-20T07:52:06.353+0000] {logging_mixin.py:188} INFO - [2025-05-20T07:52:06.352+0000] {dag.py:3036} INFO - Sync 1 DAGs
[2025-05-20T07:52:06.395+0000] {logging_mixin.py:188} INFO - [2025-05-20T07:52:06.395+0000] {dag.py:3823} INFO - Setting next_dagrun for example_skip_dag to 2025-05-19 00:00:00+00:00, run_after=2025-05-20 00:00:00+00:00
[2025-05-20T07:52:06.431+0000] {processor.py:183} INFO - Processing /home/airflow/.local/lib/python3.8/site-packages/airflow/example_dags/example_skip_dag.py took 0.135 seconds
[2025-05-20T07:52:37.585+0000] {processor.py:161} INFO - Started process (PID=999) to work on /home/airflow/.local/lib/python3.8/site-packages/airflow/example_dags/example_skip_dag.py
[2025-05-20T07:52:37.587+0000] {processor.py:830} INFO - Processing file /home/airflow/.local/lib/python3.8/site-packages/airflow/example_dags/example_skip_dag.py for tasks to queue
[2025-05-20T07:52:37.591+0000] {logging_mixin.py:188} INFO - [2025-05-20T07:52:37.590+0000] {dagbag.py:538} INFO - Filling up the DagBag from /home/airflow/.local/lib/python3.8/site-packages/airflow/example_dags/example_skip_dag.py
[2025-05-20T07:52:37.605+0000] {processor.py:840} INFO - DAG(s) 'example_skip_dag' retrieved from /home/airflow/.local/lib/python3.8/site-packages/airflow/example_dags/example_skip_dag.py
[2025-05-20T07:52:37.658+0000] {logging_mixin.py:188} INFO - [2025-05-20T07:52:37.657+0000] {dag.py:3036} INFO - Sync 1 DAGs
[2025-05-20T07:52:37.718+0000] {logging_mixin.py:188} INFO - [2025-05-20T07:52:37.717+0000] {dag.py:3823} INFO - Setting next_dagrun for example_skip_dag to 2025-05-19 00:00:00+00:00, run_after=2025-05-20 00:00:00+00:00
[2025-05-20T07:52:37.771+0000] {processor.py:183} INFO - Processing /home/airflow/.local/lib/python3.8/site-packages/airflow/example_dags/example_skip_dag.py took 0.193 seconds
[2025-05-20T07:53:08.246+0000] {processor.py:161} INFO - Started process (PID=1064) to work on /home/airflow/.local/lib/python3.8/site-packages/airflow/example_dags/example_skip_dag.py
[2025-05-20T07:53:08.248+0000] {processor.py:830} INFO - Processing file /home/airflow/.local/lib/python3.8/site-packages/airflow/example_dags/example_skip_dag.py for tasks to queue
[2025-05-20T07:53:08.251+0000] {logging_mixin.py:188} INFO - [2025-05-20T07:53:08.250+0000] {dagbag.py:538} INFO - Filling up the DagBag from /home/airflow/.local/lib/python3.8/site-packages/airflow/example_dags/example_skip_dag.py
[2025-05-20T07:53:08.261+0000] {processor.py:840} INFO - DAG(s) 'example_skip_dag' retrieved from /home/airflow/.local/lib/python3.8/site-packages/airflow/example_dags/example_skip_dag.py
[2025-05-20T07:53:08.299+0000] {logging_mixin.py:188} INFO - [2025-05-20T07:53:08.299+0000] {dag.py:3036} INFO - Sync 1 DAGs
[2025-05-20T07:53:08.339+0000] {logging_mixin.py:188} INFO - [2025-05-20T07:53:08.339+0000] {dag.py:3823} INFO - Setting next_dagrun for example_skip_dag to 2025-05-19 00:00:00+00:00, run_after=2025-05-20 00:00:00+00:00
[2025-05-20T07:53:08.371+0000] {processor.py:183} INFO - Processing /home/airflow/.local/lib/python3.8/site-packages/airflow/example_dags/example_skip_dag.py took 0.130 seconds
[2025-05-20T07:53:41.545+0000] {processor.py:161} INFO - Started process (PID=1129) to work on /home/airflow/.local/lib/python3.8/site-packages/airflow/example_dags/example_skip_dag.py
[2025-05-20T07:53:41.548+0000] {processor.py:830} INFO - Processing file /home/airflow/.local/lib/python3.8/site-packages/airflow/example_dags/example_skip_dag.py for tasks to queue
[2025-05-20T07:53:41.555+0000] {logging_mixin.py:188} INFO - [2025-05-20T07:53:41.554+0000] {dagbag.py:538} INFO - Filling up the DagBag from /home/airflow/.local/lib/python3.8/site-packages/airflow/example_dags/example_skip_dag.py
[2025-05-20T07:53:41.579+0000] {processor.py:840} INFO - DAG(s) 'example_skip_dag' retrieved from /home/airflow/.local/lib/python3.8/site-packages/airflow/example_dags/example_skip_dag.py
[2025-05-20T07:53:41.663+0000] {logging_mixin.py:188} INFO - [2025-05-20T07:53:41.662+0000] {dag.py:3036} INFO - Sync 1 DAGs
[2025-05-20T07:53:41.770+0000] {logging_mixin.py:188} INFO - [2025-05-20T07:53:41.770+0000] {dag.py:3823} INFO - Setting next_dagrun for example_skip_dag to 2025-05-19 00:00:00+00:00, run_after=2025-05-20 00:00:00+00:00
[2025-05-20T07:53:41.827+0000] {processor.py:183} INFO - Processing /home/airflow/.local/lib/python3.8/site-packages/airflow/example_dags/example_skip_dag.py took 0.292 seconds
[2025-05-20T07:54:14.544+0000] {processor.py:161} INFO - Started process (PID=1194) to work on /home/airflow/.local/lib/python3.8/site-packages/airflow/example_dags/example_skip_dag.py
[2025-05-20T07:54:14.546+0000] {processor.py:830} INFO - Processing file /home/airflow/.local/lib/python3.8/site-packages/airflow/example_dags/example_skip_dag.py for tasks to queue
[2025-05-20T07:54:14.549+0000] {logging_mixin.py:188} INFO - [2025-05-20T07:54:14.548+0000] {dagbag.py:538} INFO - Filling up the DagBag from /home/airflow/.local/lib/python3.8/site-packages/airflow/example_dags/example_skip_dag.py
[2025-05-20T07:54:14.559+0000] {processor.py:840} INFO - DAG(s) 'example_skip_dag' retrieved from /home/airflow/.local/lib/python3.8/site-packages/airflow/example_dags/example_skip_dag.py
[2025-05-20T07:54:14.594+0000] {logging_mixin.py:188} INFO - [2025-05-20T07:54:14.594+0000] {dag.py:3036} INFO - Sync 1 DAGs
[2025-05-20T07:54:14.631+0000] {logging_mixin.py:188} INFO - [2025-05-20T07:54:14.630+0000] {dag.py:3823} INFO - Setting next_dagrun for example_skip_dag to 2025-05-19 00:00:00+00:00, run_after=2025-05-20 00:00:00+00:00
[2025-05-20T07:54:14.673+0000] {processor.py:183} INFO - Processing /home/airflow/.local/lib/python3.8/site-packages/airflow/example_dags/example_skip_dag.py took 0.135 seconds
[2025-05-20T07:54:45.313+0000] {processor.py:161} INFO - Started process (PID=1259) to work on /home/airflow/.local/lib/python3.8/site-packages/airflow/example_dags/example_skip_dag.py
[2025-05-20T07:54:45.315+0000] {processor.py:830} INFO - Processing file /home/airflow/.local/lib/python3.8/site-packages/airflow/example_dags/example_skip_dag.py for tasks to queue
[2025-05-20T07:54:45.318+0000] {logging_mixin.py:188} INFO - [2025-05-20T07:54:45.318+0000] {dagbag.py:538} INFO - Filling up the DagBag from /home/airflow/.local/lib/python3.8/site-packages/airflow/example_dags/example_skip_dag.py
[2025-05-20T07:54:45.332+0000] {processor.py:840} INFO - DAG(s) 'example_skip_dag' retrieved from /home/airflow/.local/lib/python3.8/site-packages/airflow/example_dags/example_skip_dag.py
[2025-05-20T07:54:45.375+0000] {logging_mixin.py:188} INFO - [2025-05-20T07:54:45.374+0000] {dag.py:3036} INFO - Sync 1 DAGs
[2025-05-20T07:54:45.423+0000] {logging_mixin.py:188} INFO - [2025-05-20T07:54:45.422+0000] {dag.py:3823} INFO - Setting next_dagrun for example_skip_dag to 2025-05-19 00:00:00+00:00, run_after=2025-05-20 00:00:00+00:00
[2025-05-20T07:54:45.483+0000] {processor.py:183} INFO - Processing /home/airflow/.local/lib/python3.8/site-packages/airflow/example_dags/example_skip_dag.py took 0.177 seconds
[2025-05-20T07:55:15.756+0000] {processor.py:161} INFO - Started process (PID=1324) to work on /home/airflow/.local/lib/python3.8/site-packages/airflow/example_dags/example_skip_dag.py
[2025-05-20T07:55:15.758+0000] {processor.py:830} INFO - Processing file /home/airflow/.local/lib/python3.8/site-packages/airflow/example_dags/example_skip_dag.py for tasks to queue
[2025-05-20T07:55:15.761+0000] {logging_mixin.py:188} INFO - [2025-05-20T07:55:15.760+0000] {dagbag.py:538} INFO - Filling up the DagBag from /home/airflow/.local/lib/python3.8/site-packages/airflow/example_dags/example_skip_dag.py
[2025-05-20T07:55:15.772+0000] {processor.py:840} INFO - DAG(s) 'example_skip_dag' retrieved from /home/airflow/.local/lib/python3.8/site-packages/airflow/example_dags/example_skip_dag.py
[2025-05-20T07:55:15.814+0000] {logging_mixin.py:188} INFO - [2025-05-20T07:55:15.814+0000] {dag.py:3036} INFO - Sync 1 DAGs
[2025-05-20T07:55:15.880+0000] {logging_mixin.py:188} INFO - [2025-05-20T07:55:15.880+0000] {dag.py:3823} INFO - Setting next_dagrun for example_skip_dag to 2025-05-19 00:00:00+00:00, run_after=2025-05-20 00:00:00+00:00
[2025-05-20T07:55:15.924+0000] {processor.py:183} INFO - Processing /home/airflow/.local/lib/python3.8/site-packages/airflow/example_dags/example_skip_dag.py took 0.174 seconds
[2025-05-20T07:55:46.272+0000] {processor.py:161} INFO - Started process (PID=1389) to work on /home/airflow/.local/lib/python3.8/site-packages/airflow/example_dags/example_skip_dag.py
[2025-05-20T07:55:46.274+0000] {processor.py:830} INFO - Processing file /home/airflow/.local/lib/python3.8/site-packages/airflow/example_dags/example_skip_dag.py for tasks to queue
[2025-05-20T07:55:46.278+0000] {logging_mixin.py:188} INFO - [2025-05-20T07:55:46.277+0000] {dagbag.py:538} INFO - Filling up the DagBag from /home/airflow/.local/lib/python3.8/site-packages/airflow/example_dags/example_skip_dag.py
[2025-05-20T07:55:46.290+0000] {processor.py:840} INFO - DAG(s) 'example_skip_dag' retrieved from /home/airflow/.local/lib/python3.8/site-packages/airflow/example_dags/example_skip_dag.py
[2025-05-20T07:55:46.331+0000] {logging_mixin.py:188} INFO - [2025-05-20T07:55:46.331+0000] {dag.py:3036} INFO - Sync 1 DAGs
[2025-05-20T07:55:46.370+0000] {logging_mixin.py:188} INFO - [2025-05-20T07:55:46.370+0000] {dag.py:3823} INFO - Setting next_dagrun for example_skip_dag to 2025-05-19 00:00:00+00:00, run_after=2025-05-20 00:00:00+00:00
[2025-05-20T07:55:46.408+0000] {processor.py:183} INFO - Processing /home/airflow/.local/lib/python3.8/site-packages/airflow/example_dags/example_skip_dag.py took 0.141 seconds
[2025-05-20T07:56:18.375+0000] {processor.py:161} INFO - Started process (PID=1454) to work on /home/airflow/.local/lib/python3.8/site-packages/airflow/example_dags/example_skip_dag.py
[2025-05-20T07:56:18.377+0000] {processor.py:830} INFO - Processing file /home/airflow/.local/lib/python3.8/site-packages/airflow/example_dags/example_skip_dag.py for tasks to queue
[2025-05-20T07:56:18.380+0000] {logging_mixin.py:188} INFO - [2025-05-20T07:56:18.380+0000] {dagbag.py:538} INFO - Filling up the DagBag from /home/airflow/.local/lib/python3.8/site-packages/airflow/example_dags/example_skip_dag.py
[2025-05-20T07:56:18.392+0000] {processor.py:840} INFO - DAG(s) 'example_skip_dag' retrieved from /home/airflow/.local/lib/python3.8/site-packages/airflow/example_dags/example_skip_dag.py
[2025-05-20T07:56:18.434+0000] {logging_mixin.py:188} INFO - [2025-05-20T07:56:18.433+0000] {dag.py:3036} INFO - Sync 1 DAGs
[2025-05-20T07:56:18.474+0000] {logging_mixin.py:188} INFO - [2025-05-20T07:56:18.474+0000] {dag.py:3823} INFO - Setting next_dagrun for example_skip_dag to 2025-05-19 00:00:00+00:00, run_after=2025-05-20 00:00:00+00:00
[2025-05-20T07:56:18.514+0000] {processor.py:183} INFO - Processing /home/airflow/.local/lib/python3.8/site-packages/airflow/example_dags/example_skip_dag.py took 0.144 seconds
[2025-05-20T07:56:50.394+0000] {processor.py:161} INFO - Started process (PID=1519) to work on /home/airflow/.local/lib/python3.8/site-packages/airflow/example_dags/example_skip_dag.py
[2025-05-20T07:56:50.398+0000] {processor.py:830} INFO - Processing file /home/airflow/.local/lib/python3.8/site-packages/airflow/example_dags/example_skip_dag.py for tasks to queue
[2025-05-20T07:56:50.406+0000] {logging_mixin.py:188} INFO - [2025-05-20T07:56:50.405+0000] {dagbag.py:538} INFO - Filling up the DagBag from /home/airflow/.local/lib/python3.8/site-packages/airflow/example_dags/example_skip_dag.py
[2025-05-20T07:56:50.436+0000] {processor.py:840} INFO - DAG(s) 'example_skip_dag' retrieved from /home/airflow/.local/lib/python3.8/site-packages/airflow/example_dags/example_skip_dag.py
[2025-05-20T07:56:50.538+0000] {logging_mixin.py:188} INFO - [2025-05-20T07:56:50.537+0000] {dag.py:3036} INFO - Sync 1 DAGs
[2025-05-20T07:56:50.615+0000] {logging_mixin.py:188} INFO - [2025-05-20T07:56:50.614+0000] {dag.py:3823} INFO - Setting next_dagrun for example_skip_dag to 2025-05-19 00:00:00+00:00, run_after=2025-05-20 00:00:00+00:00
[2025-05-20T07:56:50.666+0000] {processor.py:183} INFO - Processing /home/airflow/.local/lib/python3.8/site-packages/airflow/example_dags/example_skip_dag.py took 0.286 seconds
[2025-05-20T07:57:21.812+0000] {processor.py:161} INFO - Started process (PID=1584) to work on /home/airflow/.local/lib/python3.8/site-packages/airflow/example_dags/example_skip_dag.py
[2025-05-20T07:57:21.814+0000] {processor.py:830} INFO - Processing file /home/airflow/.local/lib/python3.8/site-packages/airflow/example_dags/example_skip_dag.py for tasks to queue
[2025-05-20T07:57:21.818+0000] {logging_mixin.py:188} INFO - [2025-05-20T07:57:21.817+0000] {dagbag.py:538} INFO - Filling up the DagBag from /home/airflow/.local/lib/python3.8/site-packages/airflow/example_dags/example_skip_dag.py
[2025-05-20T07:57:21.830+0000] {processor.py:840} INFO - DAG(s) 'example_skip_dag' retrieved from /home/airflow/.local/lib/python3.8/site-packages/airflow/example_dags/example_skip_dag.py
[2025-05-20T07:57:21.869+0000] {logging_mixin.py:188} INFO - [2025-05-20T07:57:21.869+0000] {dag.py:3036} INFO - Sync 1 DAGs
[2025-05-20T07:57:21.942+0000] {logging_mixin.py:188} INFO - [2025-05-20T07:57:21.941+0000] {dag.py:3823} INFO - Setting next_dagrun for example_skip_dag to 2025-05-19 00:00:00+00:00, run_after=2025-05-20 00:00:00+00:00
[2025-05-20T07:57:22.006+0000] {processor.py:183} INFO - Processing /home/airflow/.local/lib/python3.8/site-packages/airflow/example_dags/example_skip_dag.py took 0.202 seconds
[2025-05-20T07:57:52.774+0000] {processor.py:161} INFO - Started process (PID=1649) to work on /home/airflow/.local/lib/python3.8/site-packages/airflow/example_dags/example_skip_dag.py
[2025-05-20T07:57:52.776+0000] {processor.py:830} INFO - Processing file /home/airflow/.local/lib/python3.8/site-packages/airflow/example_dags/example_skip_dag.py for tasks to queue
[2025-05-20T07:57:52.780+0000] {logging_mixin.py:188} INFO - [2025-05-20T07:57:52.779+0000] {dagbag.py:538} INFO - Filling up the DagBag from /home/airflow/.local/lib/python3.8/site-packages/airflow/example_dags/example_skip_dag.py
[2025-05-20T07:57:52.795+0000] {processor.py:840} INFO - DAG(s) 'example_skip_dag' retrieved from /home/airflow/.local/lib/python3.8/site-packages/airflow/example_dags/example_skip_dag.py
[2025-05-20T07:57:52.845+0000] {logging_mixin.py:188} INFO - [2025-05-20T07:57:52.845+0000] {dag.py:3036} INFO - Sync 1 DAGs
[2025-05-20T07:57:52.902+0000] {logging_mixin.py:188} INFO - [2025-05-20T07:57:52.901+0000] {dag.py:3823} INFO - Setting next_dagrun for example_skip_dag to 2025-05-19 00:00:00+00:00, run_after=2025-05-20 00:00:00+00:00
[2025-05-20T07:57:52.952+0000] {processor.py:183} INFO - Processing /home/airflow/.local/lib/python3.8/site-packages/airflow/example_dags/example_skip_dag.py took 0.185 seconds
[2025-05-20T07:58:25.207+0000] {processor.py:161} INFO - Started process (PID=1714) to work on /home/airflow/.local/lib/python3.8/site-packages/airflow/example_dags/example_skip_dag.py
[2025-05-20T07:58:25.209+0000] {processor.py:830} INFO - Processing file /home/airflow/.local/lib/python3.8/site-packages/airflow/example_dags/example_skip_dag.py for tasks to queue
[2025-05-20T07:58:25.212+0000] {logging_mixin.py:188} INFO - [2025-05-20T07:58:25.212+0000] {dagbag.py:538} INFO - Filling up the DagBag from /home/airflow/.local/lib/python3.8/site-packages/airflow/example_dags/example_skip_dag.py
[2025-05-20T07:58:25.237+0000] {processor.py:840} INFO - DAG(s) 'example_skip_dag' retrieved from /home/airflow/.local/lib/python3.8/site-packages/airflow/example_dags/example_skip_dag.py
[2025-05-20T07:58:25.289+0000] {logging_mixin.py:188} INFO - [2025-05-20T07:58:25.289+0000] {dag.py:3036} INFO - Sync 1 DAGs
[2025-05-20T07:58:25.341+0000] {logging_mixin.py:188} INFO - [2025-05-20T07:58:25.341+0000] {dag.py:3823} INFO - Setting next_dagrun for example_skip_dag to 2025-05-19 00:00:00+00:00, run_after=2025-05-20 00:00:00+00:00
[2025-05-20T07:58:25.384+0000] {processor.py:183} INFO - Processing /home/airflow/.local/lib/python3.8/site-packages/airflow/example_dags/example_skip_dag.py took 0.182 seconds
[2025-05-20T07:58:57.091+0000] {processor.py:161} INFO - Started process (PID=1779) to work on /home/airflow/.local/lib/python3.8/site-packages/airflow/example_dags/example_skip_dag.py
[2025-05-20T07:58:57.093+0000] {processor.py:830} INFO - Processing file /home/airflow/.local/lib/python3.8/site-packages/airflow/example_dags/example_skip_dag.py for tasks to queue
[2025-05-20T07:58:57.098+0000] {logging_mixin.py:188} INFO - [2025-05-20T07:58:57.097+0000] {dagbag.py:538} INFO - Filling up the DagBag from /home/airflow/.local/lib/python3.8/site-packages/airflow/example_dags/example_skip_dag.py
[2025-05-20T07:58:57.120+0000] {processor.py:840} INFO - DAG(s) 'example_skip_dag' retrieved from /home/airflow/.local/lib/python3.8/site-packages/airflow/example_dags/example_skip_dag.py
[2025-05-20T07:58:57.166+0000] {logging_mixin.py:188} INFO - [2025-05-20T07:58:57.165+0000] {dag.py:3036} INFO - Sync 1 DAGs
[2025-05-20T07:58:57.210+0000] {logging_mixin.py:188} INFO - [2025-05-20T07:58:57.209+0000] {dag.py:3823} INFO - Setting next_dagrun for example_skip_dag to 2025-05-19 00:00:00+00:00, run_after=2025-05-20 00:00:00+00:00
[2025-05-20T07:58:57.247+0000] {processor.py:183} INFO - Processing /home/airflow/.local/lib/python3.8/site-packages/airflow/example_dags/example_skip_dag.py took 0.165 seconds
[2025-05-20T07:59:28.320+0000] {processor.py:161} INFO - Started process (PID=1844) to work on /home/airflow/.local/lib/python3.8/site-packages/airflow/example_dags/example_skip_dag.py
[2025-05-20T07:59:28.322+0000] {processor.py:830} INFO - Processing file /home/airflow/.local/lib/python3.8/site-packages/airflow/example_dags/example_skip_dag.py for tasks to queue
[2025-05-20T07:59:28.326+0000] {logging_mixin.py:188} INFO - [2025-05-20T07:59:28.325+0000] {dagbag.py:538} INFO - Filling up the DagBag from /home/airflow/.local/lib/python3.8/site-packages/airflow/example_dags/example_skip_dag.py
[2025-05-20T07:59:28.340+0000] {processor.py:840} INFO - DAG(s) 'example_skip_dag' retrieved from /home/airflow/.local/lib/python3.8/site-packages/airflow/example_dags/example_skip_dag.py
[2025-05-20T07:59:28.385+0000] {logging_mixin.py:188} INFO - [2025-05-20T07:59:28.384+0000] {dag.py:3036} INFO - Sync 1 DAGs
[2025-05-20T07:59:28.426+0000] {logging_mixin.py:188} INFO - [2025-05-20T07:59:28.426+0000] {dag.py:3823} INFO - Setting next_dagrun for example_skip_dag to 2025-05-19 00:00:00+00:00, run_after=2025-05-20 00:00:00+00:00
[2025-05-20T07:59:28.465+0000] {processor.py:183} INFO - Processing /home/airflow/.local/lib/python3.8/site-packages/airflow/example_dags/example_skip_dag.py took 0.153 seconds
[2025-05-20T07:59:59.987+0000] {processor.py:161} INFO - Started process (PID=1909) to work on /home/airflow/.local/lib/python3.8/site-packages/airflow/example_dags/example_skip_dag.py
[2025-05-20T07:59:59.989+0000] {processor.py:830} INFO - Processing file /home/airflow/.local/lib/python3.8/site-packages/airflow/example_dags/example_skip_dag.py for tasks to queue
[2025-05-20T07:59:59.992+0000] {logging_mixin.py:188} INFO - [2025-05-20T07:59:59.991+0000] {dagbag.py:538} INFO - Filling up the DagBag from /home/airflow/.local/lib/python3.8/site-packages/airflow/example_dags/example_skip_dag.py
[2025-05-20T08:00:00.002+0000] {processor.py:840} INFO - DAG(s) 'example_skip_dag' retrieved from /home/airflow/.local/lib/python3.8/site-packages/airflow/example_dags/example_skip_dag.py
[2025-05-20T08:00:00.076+0000] {logging_mixin.py:188} INFO - [2025-05-20T08:00:00.075+0000] {dag.py:3036} INFO - Sync 1 DAGs
[2025-05-20T08:00:00.133+0000] {logging_mixin.py:188} INFO - [2025-05-20T08:00:00.133+0000] {dag.py:3823} INFO - Setting next_dagrun for example_skip_dag to 2025-05-19 00:00:00+00:00, run_after=2025-05-20 00:00:00+00:00
[2025-05-20T08:00:00.171+0000] {processor.py:183} INFO - Processing /home/airflow/.local/lib/python3.8/site-packages/airflow/example_dags/example_skip_dag.py took 0.189 seconds
[2025-05-20T08:00:32.599+0000] {processor.py:161} INFO - Started process (PID=1974) to work on /home/airflow/.local/lib/python3.8/site-packages/airflow/example_dags/example_skip_dag.py
[2025-05-20T08:00:32.603+0000] {processor.py:830} INFO - Processing file /home/airflow/.local/lib/python3.8/site-packages/airflow/example_dags/example_skip_dag.py for tasks to queue
[2025-05-20T08:00:32.608+0000] {logging_mixin.py:188} INFO - [2025-05-20T08:00:32.607+0000] {dagbag.py:538} INFO - Filling up the DagBag from /home/airflow/.local/lib/python3.8/site-packages/airflow/example_dags/example_skip_dag.py
[2025-05-20T08:00:32.624+0000] {processor.py:840} INFO - DAG(s) 'example_skip_dag' retrieved from /home/airflow/.local/lib/python3.8/site-packages/airflow/example_dags/example_skip_dag.py
[2025-05-20T08:00:32.663+0000] {logging_mixin.py:188} INFO - [2025-05-20T08:00:32.662+0000] {dag.py:3036} INFO - Sync 1 DAGs
[2025-05-20T08:00:32.742+0000] {logging_mixin.py:188} INFO - [2025-05-20T08:00:32.731+0000] {dag.py:3823} INFO - Setting next_dagrun for example_skip_dag to 2025-05-19 00:00:00+00:00, run_after=2025-05-20 00:00:00+00:00
[2025-05-20T08:00:32.820+0000] {processor.py:183} INFO - Processing /home/airflow/.local/lib/python3.8/site-packages/airflow/example_dags/example_skip_dag.py took 0.227 seconds
[2025-05-20T08:01:04.086+0000] {processor.py:161} INFO - Started process (PID=2039) to work on /home/airflow/.local/lib/python3.8/site-packages/airflow/example_dags/example_skip_dag.py
[2025-05-20T08:01:04.091+0000] {processor.py:830} INFO - Processing file /home/airflow/.local/lib/python3.8/site-packages/airflow/example_dags/example_skip_dag.py for tasks to queue
[2025-05-20T08:01:04.098+0000] {logging_mixin.py:188} INFO - [2025-05-20T08:01:04.096+0000] {dagbag.py:538} INFO - Filling up the DagBag from /home/airflow/.local/lib/python3.8/site-packages/airflow/example_dags/example_skip_dag.py
[2025-05-20T08:01:04.473+0000] {processor.py:840} INFO - DAG(s) 'example_skip_dag' retrieved from /home/airflow/.local/lib/python3.8/site-packages/airflow/example_dags/example_skip_dag.py
[2025-05-20T08:01:04.567+0000] {logging_mixin.py:188} INFO - [2025-05-20T08:01:04.567+0000] {dag.py:3036} INFO - Sync 1 DAGs
[2025-05-20T08:01:04.625+0000] {logging_mixin.py:188} INFO - [2025-05-20T08:01:04.625+0000] {dag.py:3823} INFO - Setting next_dagrun for example_skip_dag to 2025-05-19 00:00:00+00:00, run_after=2025-05-20 00:00:00+00:00
[2025-05-20T08:01:04.669+0000] {processor.py:183} INFO - Processing /home/airflow/.local/lib/python3.8/site-packages/airflow/example_dags/example_skip_dag.py took 0.597 seconds
[2025-05-20T08:01:35.164+0000] {processor.py:161} INFO - Started process (PID=2110) to work on /home/airflow/.local/lib/python3.8/site-packages/airflow/example_dags/example_skip_dag.py
[2025-05-20T08:01:35.166+0000] {processor.py:830} INFO - Processing file /home/airflow/.local/lib/python3.8/site-packages/airflow/example_dags/example_skip_dag.py for tasks to queue
[2025-05-20T08:01:35.170+0000] {logging_mixin.py:188} INFO - [2025-05-20T08:01:35.170+0000] {dagbag.py:538} INFO - Filling up the DagBag from /home/airflow/.local/lib/python3.8/site-packages/airflow/example_dags/example_skip_dag.py
[2025-05-20T08:01:35.182+0000] {processor.py:840} INFO - DAG(s) 'example_skip_dag' retrieved from /home/airflow/.local/lib/python3.8/site-packages/airflow/example_dags/example_skip_dag.py
[2025-05-20T08:01:35.228+0000] {logging_mixin.py:188} INFO - [2025-05-20T08:01:35.228+0000] {dag.py:3036} INFO - Sync 1 DAGs
[2025-05-20T08:01:35.285+0000] {logging_mixin.py:188} INFO - [2025-05-20T08:01:35.284+0000] {dag.py:3823} INFO - Setting next_dagrun for example_skip_dag to 2025-05-19 00:00:00+00:00, run_after=2025-05-20 00:00:00+00:00
[2025-05-20T08:01:35.364+0000] {processor.py:183} INFO - Processing /home/airflow/.local/lib/python3.8/site-packages/airflow/example_dags/example_skip_dag.py took 0.205 seconds
[2025-05-20T08:02:05.682+0000] {processor.py:161} INFO - Started process (PID=2175) to work on /home/airflow/.local/lib/python3.8/site-packages/airflow/example_dags/example_skip_dag.py
[2025-05-20T08:02:05.684+0000] {processor.py:830} INFO - Processing file /home/airflow/.local/lib/python3.8/site-packages/airflow/example_dags/example_skip_dag.py for tasks to queue
[2025-05-20T08:02:05.690+0000] {logging_mixin.py:188} INFO - [2025-05-20T08:02:05.689+0000] {dagbag.py:538} INFO - Filling up the DagBag from /home/airflow/.local/lib/python3.8/site-packages/airflow/example_dags/example_skip_dag.py
[2025-05-20T08:02:05.709+0000] {processor.py:840} INFO - DAG(s) 'example_skip_dag' retrieved from /home/airflow/.local/lib/python3.8/site-packages/airflow/example_dags/example_skip_dag.py
[2025-05-20T08:02:05.773+0000] {logging_mixin.py:188} INFO - [2025-05-20T08:02:05.773+0000] {dag.py:3036} INFO - Sync 1 DAGs
[2025-05-20T08:02:05.834+0000] {logging_mixin.py:188} INFO - [2025-05-20T08:02:05.833+0000] {dag.py:3823} INFO - Setting next_dagrun for example_skip_dag to 2025-05-19 00:00:00+00:00, run_after=2025-05-20 00:00:00+00:00
[2025-05-20T08:02:05.876+0000] {processor.py:183} INFO - Processing /home/airflow/.local/lib/python3.8/site-packages/airflow/example_dags/example_skip_dag.py took 0.203 seconds
[2025-05-20T08:02:36.459+0000] {processor.py:161} INFO - Started process (PID=2241) to work on /home/airflow/.local/lib/python3.8/site-packages/airflow/example_dags/example_skip_dag.py
[2025-05-20T08:02:36.461+0000] {processor.py:830} INFO - Processing file /home/airflow/.local/lib/python3.8/site-packages/airflow/example_dags/example_skip_dag.py for tasks to queue
[2025-05-20T08:02:36.466+0000] {logging_mixin.py:188} INFO - [2025-05-20T08:02:36.466+0000] {dagbag.py:538} INFO - Filling up the DagBag from /home/airflow/.local/lib/python3.8/site-packages/airflow/example_dags/example_skip_dag.py
[2025-05-20T08:02:36.479+0000] {processor.py:840} INFO - DAG(s) 'example_skip_dag' retrieved from /home/airflow/.local/lib/python3.8/site-packages/airflow/example_dags/example_skip_dag.py
[2025-05-20T08:02:36.521+0000] {logging_mixin.py:188} INFO - [2025-05-20T08:02:36.521+0000] {dag.py:3036} INFO - Sync 1 DAGs
[2025-05-20T08:02:36.565+0000] {logging_mixin.py:188} INFO - [2025-05-20T08:02:36.565+0000] {dag.py:3823} INFO - Setting next_dagrun for example_skip_dag to 2025-05-19 00:00:00+00:00, run_after=2025-05-20 00:00:00+00:00
[2025-05-20T08:02:36.607+0000] {processor.py:183} INFO - Processing /home/airflow/.local/lib/python3.8/site-packages/airflow/example_dags/example_skip_dag.py took 0.155 seconds
[2025-05-20T08:03:07.188+0000] {processor.py:161} INFO - Started process (PID=2306) to work on /home/airflow/.local/lib/python3.8/site-packages/airflow/example_dags/example_skip_dag.py
[2025-05-20T08:03:07.190+0000] {processor.py:830} INFO - Processing file /home/airflow/.local/lib/python3.8/site-packages/airflow/example_dags/example_skip_dag.py for tasks to queue
[2025-05-20T08:03:07.194+0000] {logging_mixin.py:188} INFO - [2025-05-20T08:03:07.194+0000] {dagbag.py:538} INFO - Filling up the DagBag from /home/airflow/.local/lib/python3.8/site-packages/airflow/example_dags/example_skip_dag.py
[2025-05-20T08:03:07.208+0000] {processor.py:840} INFO - DAG(s) 'example_skip_dag' retrieved from /home/airflow/.local/lib/python3.8/site-packages/airflow/example_dags/example_skip_dag.py
[2025-05-20T08:03:07.263+0000] {logging_mixin.py:188} INFO - [2025-05-20T08:03:07.262+0000] {dag.py:3036} INFO - Sync 1 DAGs
[2025-05-20T08:03:07.325+0000] {logging_mixin.py:188} INFO - [2025-05-20T08:03:07.325+0000] {dag.py:3823} INFO - Setting next_dagrun for example_skip_dag to 2025-05-19 00:00:00+00:00, run_after=2025-05-20 00:00:00+00:00
[2025-05-20T08:03:07.375+0000] {processor.py:183} INFO - Processing /home/airflow/.local/lib/python3.8/site-packages/airflow/example_dags/example_skip_dag.py took 0.193 seconds
[2025-05-20T08:03:38.201+0000] {processor.py:161} INFO - Started process (PID=2371) to work on /home/airflow/.local/lib/python3.8/site-packages/airflow/example_dags/example_skip_dag.py
[2025-05-20T08:03:38.202+0000] {processor.py:830} INFO - Processing file /home/airflow/.local/lib/python3.8/site-packages/airflow/example_dags/example_skip_dag.py for tasks to queue
[2025-05-20T08:03:38.206+0000] {logging_mixin.py:188} INFO - [2025-05-20T08:03:38.206+0000] {dagbag.py:538} INFO - Filling up the DagBag from /home/airflow/.local/lib/python3.8/site-packages/airflow/example_dags/example_skip_dag.py
[2025-05-20T08:03:38.217+0000] {processor.py:840} INFO - DAG(s) 'example_skip_dag' retrieved from /home/airflow/.local/lib/python3.8/site-packages/airflow/example_dags/example_skip_dag.py
[2025-05-20T08:03:38.253+0000] {logging_mixin.py:188} INFO - [2025-05-20T08:03:38.252+0000] {dag.py:3036} INFO - Sync 1 DAGs
[2025-05-20T08:03:38.293+0000] {logging_mixin.py:188} INFO - [2025-05-20T08:03:38.293+0000] {dag.py:3823} INFO - Setting next_dagrun for example_skip_dag to 2025-05-19 00:00:00+00:00, run_after=2025-05-20 00:00:00+00:00
[2025-05-20T08:03:38.335+0000] {processor.py:183} INFO - Processing /home/airflow/.local/lib/python3.8/site-packages/airflow/example_dags/example_skip_dag.py took 0.139 seconds
[2025-05-20T08:04:09.651+0000] {processor.py:161} INFO - Started process (PID=2436) to work on /home/airflow/.local/lib/python3.8/site-packages/airflow/example_dags/example_skip_dag.py
[2025-05-20T08:04:09.653+0000] {processor.py:830} INFO - Processing file /home/airflow/.local/lib/python3.8/site-packages/airflow/example_dags/example_skip_dag.py for tasks to queue
[2025-05-20T08:04:09.656+0000] {logging_mixin.py:188} INFO - [2025-05-20T08:04:09.656+0000] {dagbag.py:538} INFO - Filling up the DagBag from /home/airflow/.local/lib/python3.8/site-packages/airflow/example_dags/example_skip_dag.py
[2025-05-20T08:04:09.667+0000] {processor.py:840} INFO - DAG(s) 'example_skip_dag' retrieved from /home/airflow/.local/lib/python3.8/site-packages/airflow/example_dags/example_skip_dag.py
[2025-05-20T08:04:09.707+0000] {logging_mixin.py:188} INFO - [2025-05-20T08:04:09.707+0000] {dag.py:3036} INFO - Sync 1 DAGs
[2025-05-20T08:04:09.748+0000] {logging_mixin.py:188} INFO - [2025-05-20T08:04:09.747+0000] {dag.py:3823} INFO - Setting next_dagrun for example_skip_dag to 2025-05-19 00:00:00+00:00, run_after=2025-05-20 00:00:00+00:00
[2025-05-20T08:04:09.783+0000] {processor.py:183} INFO - Processing /home/airflow/.local/lib/python3.8/site-packages/airflow/example_dags/example_skip_dag.py took 0.136 seconds
