[2025-05-20T07:45:15.679+0000] {processor.py:161} INFO - Started process (PID=69) to work on /home/airflow/.local/lib/python3.8/site-packages/airflow/example_dags/example_setup_teardown.py
[2025-05-20T07:45:15.680+0000] {processor.py:830} INFO - Processing file /home/airflow/.local/lib/python3.8/site-packages/airflow/example_dags/example_setup_teardown.py for tasks to queue
[2025-05-20T07:45:15.683+0000] {logging_mixin.py:188} INFO - [2025-05-20T07:45:15.683+0000] {dagbag.py:538} INFO - Filling up the DagBag from /home/airflow/.local/lib/python3.8/site-packages/airflow/example_dags/example_setup_teardown.py
[2025-05-20T07:45:15.700+0000] {processor.py:840} INFO - DAG(s) 'example_setup_teardown' retrieved from /home/airflow/.local/lib/python3.8/site-packages/airflow/example_dags/example_setup_teardown.py
[2025-05-20T07:45:15.878+0000] {logging_mixin.py:188} INFO - [2025-05-20T07:45:15.878+0000] {dag.py:3036} INFO - Sync 1 DAGs
[2025-05-20T07:45:15.913+0000] {logging_mixin.py:188} INFO - [2025-05-20T07:45:15.913+0000] {dag.py:3823} INFO - Setting next_dagrun for example_setup_teardown to 2025-05-19 00:00:00+00:00, run_after=2025-05-20 00:00:00+00:00
[2025-05-20T07:45:15.948+0000] {processor.py:183} INFO - Processing /home/airflow/.local/lib/python3.8/site-packages/airflow/example_dags/example_setup_teardown.py took 0.275 seconds
[2025-05-20T07:45:46.069+0000] {processor.py:161} INFO - Started process (PID=134) to work on /home/airflow/.local/lib/python3.8/site-packages/airflow/example_dags/example_setup_teardown.py
[2025-05-20T07:45:46.071+0000] {processor.py:830} INFO - Processing file /home/airflow/.local/lib/python3.8/site-packages/airflow/example_dags/example_setup_teardown.py for tasks to queue
[2025-05-20T07:45:46.073+0000] {logging_mixin.py:188} INFO - [2025-05-20T07:45:46.073+0000] {dagbag.py:538} INFO - Filling up the DagBag from /home/airflow/.local/lib/python3.8/site-packages/airflow/example_dags/example_setup_teardown.py
[2025-05-20T07:45:46.083+0000] {processor.py:840} INFO - DAG(s) 'example_setup_teardown' retrieved from /home/airflow/.local/lib/python3.8/site-packages/airflow/example_dags/example_setup_teardown.py
[2025-05-20T07:45:46.125+0000] {logging_mixin.py:188} INFO - [2025-05-20T07:45:46.124+0000] {dag.py:3036} INFO - Sync 1 DAGs
[2025-05-20T07:45:46.194+0000] {logging_mixin.py:188} INFO - [2025-05-20T07:45:46.194+0000] {dag.py:3823} INFO - Setting next_dagrun for example_setup_teardown to 2025-05-19 00:00:00+00:00, run_after=2025-05-20 00:00:00+00:00
[2025-05-20T07:45:46.287+0000] {processor.py:183} INFO - Processing /home/airflow/.local/lib/python3.8/site-packages/airflow/example_dags/example_setup_teardown.py took 0.223 seconds
[2025-05-20T07:46:17.257+0000] {processor.py:161} INFO - Started process (PID=199) to work on /home/airflow/.local/lib/python3.8/site-packages/airflow/example_dags/example_setup_teardown.py
[2025-05-20T07:46:17.259+0000] {processor.py:830} INFO - Processing file /home/airflow/.local/lib/python3.8/site-packages/airflow/example_dags/example_setup_teardown.py for tasks to queue
[2025-05-20T07:46:17.262+0000] {logging_mixin.py:188} INFO - [2025-05-20T07:46:17.262+0000] {dagbag.py:538} INFO - Filling up the DagBag from /home/airflow/.local/lib/python3.8/site-packages/airflow/example_dags/example_setup_teardown.py
[2025-05-20T07:46:17.273+0000] {processor.py:840} INFO - DAG(s) 'example_setup_teardown' retrieved from /home/airflow/.local/lib/python3.8/site-packages/airflow/example_dags/example_setup_teardown.py
[2025-05-20T07:46:17.316+0000] {logging_mixin.py:188} INFO - [2025-05-20T07:46:17.316+0000] {dag.py:3036} INFO - Sync 1 DAGs
[2025-05-20T07:46:17.366+0000] {logging_mixin.py:188} INFO - [2025-05-20T07:46:17.366+0000] {dag.py:3823} INFO - Setting next_dagrun for example_setup_teardown to 2025-05-19 00:00:00+00:00, run_after=2025-05-20 00:00:00+00:00
[2025-05-20T07:46:17.402+0000] {processor.py:183} INFO - Processing /home/airflow/.local/lib/python3.8/site-packages/airflow/example_dags/example_setup_teardown.py took 0.150 seconds
[2025-05-20T07:46:49.126+0000] {processor.py:161} INFO - Started process (PID=264) to work on /home/airflow/.local/lib/python3.8/site-packages/airflow/example_dags/example_setup_teardown.py
[2025-05-20T07:46:49.129+0000] {processor.py:830} INFO - Processing file /home/airflow/.local/lib/python3.8/site-packages/airflow/example_dags/example_setup_teardown.py for tasks to queue
[2025-05-20T07:46:49.134+0000] {logging_mixin.py:188} INFO - [2025-05-20T07:46:49.133+0000] {dagbag.py:538} INFO - Filling up the DagBag from /home/airflow/.local/lib/python3.8/site-packages/airflow/example_dags/example_setup_teardown.py
[2025-05-20T07:46:49.152+0000] {processor.py:840} INFO - DAG(s) 'example_setup_teardown' retrieved from /home/airflow/.local/lib/python3.8/site-packages/airflow/example_dags/example_setup_teardown.py
[2025-05-20T07:46:49.212+0000] {logging_mixin.py:188} INFO - [2025-05-20T07:46:49.211+0000] {dag.py:3036} INFO - Sync 1 DAGs
[2025-05-20T07:46:49.280+0000] {logging_mixin.py:188} INFO - [2025-05-20T07:46:49.279+0000] {dag.py:3823} INFO - Setting next_dagrun for example_setup_teardown to 2025-05-19 00:00:00+00:00, run_after=2025-05-20 00:00:00+00:00
[2025-05-20T07:46:49.341+0000] {processor.py:183} INFO - Processing /home/airflow/.local/lib/python3.8/site-packages/airflow/example_dags/example_setup_teardown.py took 0.223 seconds
[2025-05-20T07:47:21.645+0000] {processor.py:161} INFO - Started process (PID=329) to work on /home/airflow/.local/lib/python3.8/site-packages/airflow/example_dags/example_setup_teardown.py
[2025-05-20T07:47:21.648+0000] {processor.py:830} INFO - Processing file /home/airflow/.local/lib/python3.8/site-packages/airflow/example_dags/example_setup_teardown.py for tasks to queue
[2025-05-20T07:47:21.652+0000] {logging_mixin.py:188} INFO - [2025-05-20T07:47:21.651+0000] {dagbag.py:538} INFO - Filling up the DagBag from /home/airflow/.local/lib/python3.8/site-packages/airflow/example_dags/example_setup_teardown.py
[2025-05-20T07:47:21.667+0000] {processor.py:840} INFO - DAG(s) 'example_setup_teardown' retrieved from /home/airflow/.local/lib/python3.8/site-packages/airflow/example_dags/example_setup_teardown.py
[2025-05-20T07:47:21.749+0000] {logging_mixin.py:188} INFO - [2025-05-20T07:47:21.748+0000] {dag.py:3036} INFO - Sync 1 DAGs
[2025-05-20T07:47:21.839+0000] {logging_mixin.py:188} INFO - [2025-05-20T07:47:21.839+0000] {dag.py:3823} INFO - Setting next_dagrun for example_setup_teardown to 2025-05-19 00:00:00+00:00, run_after=2025-05-20 00:00:00+00:00
[2025-05-20T07:47:21.902+0000] {processor.py:183} INFO - Processing /home/airflow/.local/lib/python3.8/site-packages/airflow/example_dags/example_setup_teardown.py took 0.262 seconds
[2025-05-20T07:47:52.658+0000] {processor.py:161} INFO - Started process (PID=394) to work on /home/airflow/.local/lib/python3.8/site-packages/airflow/example_dags/example_setup_teardown.py
[2025-05-20T07:47:52.660+0000] {processor.py:830} INFO - Processing file /home/airflow/.local/lib/python3.8/site-packages/airflow/example_dags/example_setup_teardown.py for tasks to queue
[2025-05-20T07:47:52.663+0000] {logging_mixin.py:188} INFO - [2025-05-20T07:47:52.662+0000] {dagbag.py:538} INFO - Filling up the DagBag from /home/airflow/.local/lib/python3.8/site-packages/airflow/example_dags/example_setup_teardown.py
[2025-05-20T07:47:52.673+0000] {processor.py:840} INFO - DAG(s) 'example_setup_teardown' retrieved from /home/airflow/.local/lib/python3.8/site-packages/airflow/example_dags/example_setup_teardown.py
[2025-05-20T07:47:52.706+0000] {logging_mixin.py:188} INFO - [2025-05-20T07:47:52.706+0000] {dag.py:3036} INFO - Sync 1 DAGs
[2025-05-20T07:47:52.748+0000] {logging_mixin.py:188} INFO - [2025-05-20T07:47:52.747+0000] {dag.py:3823} INFO - Setting next_dagrun for example_setup_teardown to 2025-05-19 00:00:00+00:00, run_after=2025-05-20 00:00:00+00:00
[2025-05-20T07:47:52.803+0000] {processor.py:183} INFO - Processing /home/airflow/.local/lib/python3.8/site-packages/airflow/example_dags/example_setup_teardown.py took 0.151 seconds
[2025-05-20T07:48:24.859+0000] {processor.py:161} INFO - Started process (PID=459) to work on /home/airflow/.local/lib/python3.8/site-packages/airflow/example_dags/example_setup_teardown.py
[2025-05-20T07:48:24.861+0000] {processor.py:830} INFO - Processing file /home/airflow/.local/lib/python3.8/site-packages/airflow/example_dags/example_setup_teardown.py for tasks to queue
[2025-05-20T07:48:24.866+0000] {logging_mixin.py:188} INFO - [2025-05-20T07:48:24.865+0000] {dagbag.py:538} INFO - Filling up the DagBag from /home/airflow/.local/lib/python3.8/site-packages/airflow/example_dags/example_setup_teardown.py
[2025-05-20T07:48:24.881+0000] {processor.py:840} INFO - DAG(s) 'example_setup_teardown' retrieved from /home/airflow/.local/lib/python3.8/site-packages/airflow/example_dags/example_setup_teardown.py
[2025-05-20T07:48:24.920+0000] {logging_mixin.py:188} INFO - [2025-05-20T07:48:24.920+0000] {dag.py:3036} INFO - Sync 1 DAGs
[2025-05-20T07:48:24.969+0000] {logging_mixin.py:188} INFO - [2025-05-20T07:48:24.969+0000] {dag.py:3823} INFO - Setting next_dagrun for example_setup_teardown to 2025-05-19 00:00:00+00:00, run_after=2025-05-20 00:00:00+00:00
[2025-05-20T07:48:25.008+0000] {processor.py:183} INFO - Processing /home/airflow/.local/lib/python3.8/site-packages/airflow/example_dags/example_setup_teardown.py took 0.157 seconds
[2025-05-20T07:48:55.345+0000] {processor.py:161} INFO - Started process (PID=524) to work on /home/airflow/.local/lib/python3.8/site-packages/airflow/example_dags/example_setup_teardown.py
[2025-05-20T07:48:55.347+0000] {processor.py:830} INFO - Processing file /home/airflow/.local/lib/python3.8/site-packages/airflow/example_dags/example_setup_teardown.py for tasks to queue
[2025-05-20T07:48:55.350+0000] {logging_mixin.py:188} INFO - [2025-05-20T07:48:55.350+0000] {dagbag.py:538} INFO - Filling up the DagBag from /home/airflow/.local/lib/python3.8/site-packages/airflow/example_dags/example_setup_teardown.py
[2025-05-20T07:48:55.361+0000] {processor.py:840} INFO - DAG(s) 'example_setup_teardown' retrieved from /home/airflow/.local/lib/python3.8/site-packages/airflow/example_dags/example_setup_teardown.py
[2025-05-20T07:48:55.403+0000] {logging_mixin.py:188} INFO - [2025-05-20T07:48:55.402+0000] {dag.py:3036} INFO - Sync 1 DAGs
[2025-05-20T07:48:55.454+0000] {logging_mixin.py:188} INFO - [2025-05-20T07:48:55.453+0000] {dag.py:3823} INFO - Setting next_dagrun for example_setup_teardown to 2025-05-19 00:00:00+00:00, run_after=2025-05-20 00:00:00+00:00
[2025-05-20T07:48:55.492+0000] {processor.py:183} INFO - Processing /home/airflow/.local/lib/python3.8/site-packages/airflow/example_dags/example_setup_teardown.py took 0.153 seconds
[2025-05-20T07:49:26.218+0000] {processor.py:161} INFO - Started process (PID=589) to work on /home/airflow/.local/lib/python3.8/site-packages/airflow/example_dags/example_setup_teardown.py
[2025-05-20T07:49:26.220+0000] {processor.py:830} INFO - Processing file /home/airflow/.local/lib/python3.8/site-packages/airflow/example_dags/example_setup_teardown.py for tasks to queue
[2025-05-20T07:49:26.224+0000] {logging_mixin.py:188} INFO - [2025-05-20T07:49:26.223+0000] {dagbag.py:538} INFO - Filling up the DagBag from /home/airflow/.local/lib/python3.8/site-packages/airflow/example_dags/example_setup_teardown.py
[2025-05-20T07:49:26.253+0000] {processor.py:840} INFO - DAG(s) 'example_setup_teardown' retrieved from /home/airflow/.local/lib/python3.8/site-packages/airflow/example_dags/example_setup_teardown.py
[2025-05-20T07:49:26.300+0000] {logging_mixin.py:188} INFO - [2025-05-20T07:49:26.299+0000] {dag.py:3036} INFO - Sync 1 DAGs
[2025-05-20T07:49:26.353+0000] {logging_mixin.py:188} INFO - [2025-05-20T07:49:26.353+0000] {dag.py:3823} INFO - Setting next_dagrun for example_setup_teardown to 2025-05-19 00:00:00+00:00, run_after=2025-05-20 00:00:00+00:00
[2025-05-20T07:49:26.399+0000] {processor.py:183} INFO - Processing /home/airflow/.local/lib/python3.8/site-packages/airflow/example_dags/example_setup_teardown.py took 0.186 seconds
[2025-05-20T07:49:57.715+0000] {processor.py:161} INFO - Started process (PID=654) to work on /home/airflow/.local/lib/python3.8/site-packages/airflow/example_dags/example_setup_teardown.py
[2025-05-20T07:49:57.718+0000] {processor.py:830} INFO - Processing file /home/airflow/.local/lib/python3.8/site-packages/airflow/example_dags/example_setup_teardown.py for tasks to queue
[2025-05-20T07:49:57.724+0000] {logging_mixin.py:188} INFO - [2025-05-20T07:49:57.723+0000] {dagbag.py:538} INFO - Filling up the DagBag from /home/airflow/.local/lib/python3.8/site-packages/airflow/example_dags/example_setup_teardown.py
[2025-05-20T07:49:57.745+0000] {processor.py:840} INFO - DAG(s) 'example_setup_teardown' retrieved from /home/airflow/.local/lib/python3.8/site-packages/airflow/example_dags/example_setup_teardown.py
[2025-05-20T07:49:57.820+0000] {logging_mixin.py:188} INFO - [2025-05-20T07:49:57.820+0000] {dag.py:3036} INFO - Sync 1 DAGs
[2025-05-20T07:49:57.916+0000] {logging_mixin.py:188} INFO - [2025-05-20T07:49:57.915+0000] {dag.py:3823} INFO - Setting next_dagrun for example_setup_teardown to 2025-05-19 00:00:00+00:00, run_after=2025-05-20 00:00:00+00:00
[2025-05-20T07:49:57.989+0000] {processor.py:183} INFO - Processing /home/airflow/.local/lib/python3.8/site-packages/airflow/example_dags/example_setup_teardown.py took 0.284 seconds
[2025-05-20T07:50:29.156+0000] {processor.py:161} INFO - Started process (PID=719) to work on /home/airflow/.local/lib/python3.8/site-packages/airflow/example_dags/example_setup_teardown.py
[2025-05-20T07:50:29.158+0000] {processor.py:830} INFO - Processing file /home/airflow/.local/lib/python3.8/site-packages/airflow/example_dags/example_setup_teardown.py for tasks to queue
[2025-05-20T07:50:29.162+0000] {logging_mixin.py:188} INFO - [2025-05-20T07:50:29.162+0000] {dagbag.py:538} INFO - Filling up the DagBag from /home/airflow/.local/lib/python3.8/site-packages/airflow/example_dags/example_setup_teardown.py
[2025-05-20T07:50:29.173+0000] {processor.py:840} INFO - DAG(s) 'example_setup_teardown' retrieved from /home/airflow/.local/lib/python3.8/site-packages/airflow/example_dags/example_setup_teardown.py
[2025-05-20T07:50:29.213+0000] {logging_mixin.py:188} INFO - [2025-05-20T07:50:29.212+0000] {dag.py:3036} INFO - Sync 1 DAGs
[2025-05-20T07:50:29.264+0000] {logging_mixin.py:188} INFO - [2025-05-20T07:50:29.263+0000] {dag.py:3823} INFO - Setting next_dagrun for example_setup_teardown to 2025-05-19 00:00:00+00:00, run_after=2025-05-20 00:00:00+00:00
[2025-05-20T07:50:29.305+0000] {processor.py:183} INFO - Processing /home/airflow/.local/lib/python3.8/site-packages/airflow/example_dags/example_setup_teardown.py took 0.153 seconds
[2025-05-20T07:51:01.020+0000] {processor.py:161} INFO - Started process (PID=784) to work on /home/airflow/.local/lib/python3.8/site-packages/airflow/example_dags/example_setup_teardown.py
[2025-05-20T07:51:01.022+0000] {processor.py:830} INFO - Processing file /home/airflow/.local/lib/python3.8/site-packages/airflow/example_dags/example_setup_teardown.py for tasks to queue
[2025-05-20T07:51:01.026+0000] {logging_mixin.py:188} INFO - [2025-05-20T07:51:01.025+0000] {dagbag.py:538} INFO - Filling up the DagBag from /home/airflow/.local/lib/python3.8/site-packages/airflow/example_dags/example_setup_teardown.py
[2025-05-20T07:51:01.040+0000] {processor.py:840} INFO - DAG(s) 'example_setup_teardown' retrieved from /home/airflow/.local/lib/python3.8/site-packages/airflow/example_dags/example_setup_teardown.py
[2025-05-20T07:51:01.086+0000] {logging_mixin.py:188} INFO - [2025-05-20T07:51:01.086+0000] {dag.py:3036} INFO - Sync 1 DAGs
[2025-05-20T07:51:01.138+0000] {logging_mixin.py:188} INFO - [2025-05-20T07:51:01.137+0000] {dag.py:3823} INFO - Setting next_dagrun for example_setup_teardown to 2025-05-19 00:00:00+00:00, run_after=2025-05-20 00:00:00+00:00
[2025-05-20T07:51:01.181+0000] {processor.py:183} INFO - Processing /home/airflow/.local/lib/python3.8/site-packages/airflow/example_dags/example_setup_teardown.py took 0.170 seconds
[2025-05-20T07:51:33.071+0000] {processor.py:161} INFO - Started process (PID=855) to work on /home/airflow/.local/lib/python3.8/site-packages/airflow/example_dags/example_setup_teardown.py
[2025-05-20T07:51:33.073+0000] {processor.py:830} INFO - Processing file /home/airflow/.local/lib/python3.8/site-packages/airflow/example_dags/example_setup_teardown.py for tasks to queue
[2025-05-20T07:51:33.078+0000] {logging_mixin.py:188} INFO - [2025-05-20T07:51:33.077+0000] {dagbag.py:538} INFO - Filling up the DagBag from /home/airflow/.local/lib/python3.8/site-packages/airflow/example_dags/example_setup_teardown.py
[2025-05-20T07:51:33.092+0000] {processor.py:840} INFO - DAG(s) 'example_setup_teardown' retrieved from /home/airflow/.local/lib/python3.8/site-packages/airflow/example_dags/example_setup_teardown.py
[2025-05-20T07:51:33.149+0000] {logging_mixin.py:188} INFO - [2025-05-20T07:51:33.148+0000] {dag.py:3036} INFO - Sync 1 DAGs
[2025-05-20T07:51:33.201+0000] {logging_mixin.py:188} INFO - [2025-05-20T07:51:33.201+0000] {dag.py:3823} INFO - Setting next_dagrun for example_setup_teardown to 2025-05-19 00:00:00+00:00, run_after=2025-05-20 00:00:00+00:00
[2025-05-20T07:51:33.255+0000] {processor.py:183} INFO - Processing /home/airflow/.local/lib/python3.8/site-packages/airflow/example_dags/example_setup_teardown.py took 0.190 seconds
[2025-05-20T07:52:04.261+0000] {processor.py:161} INFO - Started process (PID=920) to work on /home/airflow/.local/lib/python3.8/site-packages/airflow/example_dags/example_setup_teardown.py
[2025-05-20T07:52:04.262+0000] {processor.py:830} INFO - Processing file /home/airflow/.local/lib/python3.8/site-packages/airflow/example_dags/example_setup_teardown.py for tasks to queue
[2025-05-20T07:52:04.265+0000] {logging_mixin.py:188} INFO - [2025-05-20T07:52:04.265+0000] {dagbag.py:538} INFO - Filling up the DagBag from /home/airflow/.local/lib/python3.8/site-packages/airflow/example_dags/example_setup_teardown.py
[2025-05-20T07:52:04.277+0000] {processor.py:840} INFO - DAG(s) 'example_setup_teardown' retrieved from /home/airflow/.local/lib/python3.8/site-packages/airflow/example_dags/example_setup_teardown.py
[2025-05-20T07:52:04.316+0000] {logging_mixin.py:188} INFO - [2025-05-20T07:52:04.316+0000] {dag.py:3036} INFO - Sync 1 DAGs
[2025-05-20T07:52:04.367+0000] {logging_mixin.py:188} INFO - [2025-05-20T07:52:04.366+0000] {dag.py:3823} INFO - Setting next_dagrun for example_setup_teardown to 2025-05-19 00:00:00+00:00, run_after=2025-05-20 00:00:00+00:00
[2025-05-20T07:52:04.404+0000] {processor.py:183} INFO - Processing /home/airflow/.local/lib/python3.8/site-packages/airflow/example_dags/example_setup_teardown.py took 0.148 seconds
[2025-05-20T07:52:35.756+0000] {processor.py:161} INFO - Started process (PID=985) to work on /home/airflow/.local/lib/python3.8/site-packages/airflow/example_dags/example_setup_teardown.py
[2025-05-20T07:52:35.758+0000] {processor.py:830} INFO - Processing file /home/airflow/.local/lib/python3.8/site-packages/airflow/example_dags/example_setup_teardown.py for tasks to queue
[2025-05-20T07:52:35.761+0000] {logging_mixin.py:188} INFO - [2025-05-20T07:52:35.761+0000] {dagbag.py:538} INFO - Filling up the DagBag from /home/airflow/.local/lib/python3.8/site-packages/airflow/example_dags/example_setup_teardown.py
[2025-05-20T07:52:35.775+0000] {processor.py:840} INFO - DAG(s) 'example_setup_teardown' retrieved from /home/airflow/.local/lib/python3.8/site-packages/airflow/example_dags/example_setup_teardown.py
[2025-05-20T07:52:35.817+0000] {logging_mixin.py:188} INFO - [2025-05-20T07:52:35.817+0000] {dag.py:3036} INFO - Sync 1 DAGs
[2025-05-20T07:52:35.869+0000] {logging_mixin.py:188} INFO - [2025-05-20T07:52:35.868+0000] {dag.py:3823} INFO - Setting next_dagrun for example_setup_teardown to 2025-05-19 00:00:00+00:00, run_after=2025-05-20 00:00:00+00:00
[2025-05-20T07:52:35.916+0000] {processor.py:183} INFO - Processing /home/airflow/.local/lib/python3.8/site-packages/airflow/example_dags/example_setup_teardown.py took 0.167 seconds
[2025-05-20T07:53:06.766+0000] {processor.py:161} INFO - Started process (PID=1050) to work on /home/airflow/.local/lib/python3.8/site-packages/airflow/example_dags/example_setup_teardown.py
[2025-05-20T07:53:06.768+0000] {processor.py:830} INFO - Processing file /home/airflow/.local/lib/python3.8/site-packages/airflow/example_dags/example_setup_teardown.py for tasks to queue
[2025-05-20T07:53:06.771+0000] {logging_mixin.py:188} INFO - [2025-05-20T07:53:06.770+0000] {dagbag.py:538} INFO - Filling up the DagBag from /home/airflow/.local/lib/python3.8/site-packages/airflow/example_dags/example_setup_teardown.py
[2025-05-20T07:53:06.784+0000] {processor.py:840} INFO - DAG(s) 'example_setup_teardown' retrieved from /home/airflow/.local/lib/python3.8/site-packages/airflow/example_dags/example_setup_teardown.py
[2025-05-20T07:53:06.829+0000] {logging_mixin.py:188} INFO - [2025-05-20T07:53:06.828+0000] {dag.py:3036} INFO - Sync 1 DAGs
[2025-05-20T07:53:06.885+0000] {logging_mixin.py:188} INFO - [2025-05-20T07:53:06.884+0000] {dag.py:3823} INFO - Setting next_dagrun for example_setup_teardown to 2025-05-19 00:00:00+00:00, run_after=2025-05-20 00:00:00+00:00
[2025-05-20T07:53:06.931+0000] {processor.py:183} INFO - Processing /home/airflow/.local/lib/python3.8/site-packages/airflow/example_dags/example_setup_teardown.py took 0.171 seconds
[2025-05-20T07:53:39.568+0000] {processor.py:161} INFO - Started process (PID=1115) to work on /home/airflow/.local/lib/python3.8/site-packages/airflow/example_dags/example_setup_teardown.py
[2025-05-20T07:53:39.570+0000] {processor.py:830} INFO - Processing file /home/airflow/.local/lib/python3.8/site-packages/airflow/example_dags/example_setup_teardown.py for tasks to queue
[2025-05-20T07:53:39.574+0000] {logging_mixin.py:188} INFO - [2025-05-20T07:53:39.573+0000] {dagbag.py:538} INFO - Filling up the DagBag from /home/airflow/.local/lib/python3.8/site-packages/airflow/example_dags/example_setup_teardown.py
[2025-05-20T07:53:39.589+0000] {processor.py:840} INFO - DAG(s) 'example_setup_teardown' retrieved from /home/airflow/.local/lib/python3.8/site-packages/airflow/example_dags/example_setup_teardown.py
[2025-05-20T07:53:39.642+0000] {logging_mixin.py:188} INFO - [2025-05-20T07:53:39.641+0000] {dag.py:3036} INFO - Sync 1 DAGs
[2025-05-20T07:53:39.726+0000] {logging_mixin.py:188} INFO - [2025-05-20T07:53:39.726+0000] {dag.py:3823} INFO - Setting next_dagrun for example_setup_teardown to 2025-05-19 00:00:00+00:00, run_after=2025-05-20 00:00:00+00:00
[2025-05-20T07:53:39.779+0000] {processor.py:183} INFO - Processing /home/airflow/.local/lib/python3.8/site-packages/airflow/example_dags/example_setup_teardown.py took 0.217 seconds
[2025-05-20T07:54:11.856+0000] {processor.py:161} INFO - Started process (PID=1180) to work on /home/airflow/.local/lib/python3.8/site-packages/airflow/example_dags/example_setup_teardown.py
[2025-05-20T07:54:11.858+0000] {processor.py:830} INFO - Processing file /home/airflow/.local/lib/python3.8/site-packages/airflow/example_dags/example_setup_teardown.py for tasks to queue
[2025-05-20T07:54:11.863+0000] {logging_mixin.py:188} INFO - [2025-05-20T07:54:11.862+0000] {dagbag.py:538} INFO - Filling up the DagBag from /home/airflow/.local/lib/python3.8/site-packages/airflow/example_dags/example_setup_teardown.py
[2025-05-20T07:54:11.884+0000] {processor.py:840} INFO - DAG(s) 'example_setup_teardown' retrieved from /home/airflow/.local/lib/python3.8/site-packages/airflow/example_dags/example_setup_teardown.py
[2025-05-20T07:54:11.956+0000] {logging_mixin.py:188} INFO - [2025-05-20T07:54:11.956+0000] {dag.py:3036} INFO - Sync 1 DAGs
[2025-05-20T07:54:12.027+0000] {logging_mixin.py:188} INFO - [2025-05-20T07:54:12.026+0000] {dag.py:3823} INFO - Setting next_dagrun for example_setup_teardown to 2025-05-19 00:00:00+00:00, run_after=2025-05-20 00:00:00+00:00
[2025-05-20T07:54:12.089+0000] {processor.py:183} INFO - Processing /home/airflow/.local/lib/python3.8/site-packages/airflow/example_dags/example_setup_teardown.py took 0.243 seconds
[2025-05-20T07:54:43.056+0000] {processor.py:161} INFO - Started process (PID=1245) to work on /home/airflow/.local/lib/python3.8/site-packages/airflow/example_dags/example_setup_teardown.py
[2025-05-20T07:54:43.058+0000] {processor.py:830} INFO - Processing file /home/airflow/.local/lib/python3.8/site-packages/airflow/example_dags/example_setup_teardown.py for tasks to queue
[2025-05-20T07:54:43.063+0000] {logging_mixin.py:188} INFO - [2025-05-20T07:54:43.062+0000] {dagbag.py:538} INFO - Filling up the DagBag from /home/airflow/.local/lib/python3.8/site-packages/airflow/example_dags/example_setup_teardown.py
[2025-05-20T07:54:43.073+0000] {processor.py:840} INFO - DAG(s) 'example_setup_teardown' retrieved from /home/airflow/.local/lib/python3.8/site-packages/airflow/example_dags/example_setup_teardown.py
[2025-05-20T07:54:43.111+0000] {logging_mixin.py:188} INFO - [2025-05-20T07:54:43.110+0000] {dag.py:3036} INFO - Sync 1 DAGs
[2025-05-20T07:54:43.156+0000] {logging_mixin.py:188} INFO - [2025-05-20T07:54:43.156+0000] {dag.py:3823} INFO - Setting next_dagrun for example_setup_teardown to 2025-05-19 00:00:00+00:00, run_after=2025-05-20 00:00:00+00:00
[2025-05-20T07:54:43.187+0000] {processor.py:183} INFO - Processing /home/airflow/.local/lib/python3.8/site-packages/airflow/example_dags/example_setup_teardown.py took 0.138 seconds
[2025-05-20T07:55:14.205+0000] {processor.py:161} INFO - Started process (PID=1310) to work on /home/airflow/.local/lib/python3.8/site-packages/airflow/example_dags/example_setup_teardown.py
[2025-05-20T07:55:14.209+0000] {processor.py:830} INFO - Processing file /home/airflow/.local/lib/python3.8/site-packages/airflow/example_dags/example_setup_teardown.py for tasks to queue
[2025-05-20T07:55:14.213+0000] {logging_mixin.py:188} INFO - [2025-05-20T07:55:14.212+0000] {dagbag.py:538} INFO - Filling up the DagBag from /home/airflow/.local/lib/python3.8/site-packages/airflow/example_dags/example_setup_teardown.py
[2025-05-20T07:55:14.225+0000] {processor.py:840} INFO - DAG(s) 'example_setup_teardown' retrieved from /home/airflow/.local/lib/python3.8/site-packages/airflow/example_dags/example_setup_teardown.py
[2025-05-20T07:55:14.259+0000] {logging_mixin.py:188} INFO - [2025-05-20T07:55:14.259+0000] {dag.py:3036} INFO - Sync 1 DAGs
[2025-05-20T07:55:14.313+0000] {logging_mixin.py:188} INFO - [2025-05-20T07:55:14.313+0000] {dag.py:3823} INFO - Setting next_dagrun for example_setup_teardown to 2025-05-19 00:00:00+00:00, run_after=2025-05-20 00:00:00+00:00
[2025-05-20T07:55:14.373+0000] {processor.py:183} INFO - Processing /home/airflow/.local/lib/python3.8/site-packages/airflow/example_dags/example_setup_teardown.py took 0.177 seconds
[2025-05-20T07:55:44.822+0000] {processor.py:161} INFO - Started process (PID=1375) to work on /home/airflow/.local/lib/python3.8/site-packages/airflow/example_dags/example_setup_teardown.py
[2025-05-20T07:55:44.824+0000] {processor.py:830} INFO - Processing file /home/airflow/.local/lib/python3.8/site-packages/airflow/example_dags/example_setup_teardown.py for tasks to queue
[2025-05-20T07:55:44.829+0000] {logging_mixin.py:188} INFO - [2025-05-20T07:55:44.828+0000] {dagbag.py:538} INFO - Filling up the DagBag from /home/airflow/.local/lib/python3.8/site-packages/airflow/example_dags/example_setup_teardown.py
[2025-05-20T07:55:44.844+0000] {processor.py:840} INFO - DAG(s) 'example_setup_teardown' retrieved from /home/airflow/.local/lib/python3.8/site-packages/airflow/example_dags/example_setup_teardown.py
[2025-05-20T07:55:44.891+0000] {logging_mixin.py:188} INFO - [2025-05-20T07:55:44.890+0000] {dag.py:3036} INFO - Sync 1 DAGs
[2025-05-20T07:55:44.935+0000] {logging_mixin.py:188} INFO - [2025-05-20T07:55:44.935+0000] {dag.py:3823} INFO - Setting next_dagrun for example_setup_teardown to 2025-05-19 00:00:00+00:00, run_after=2025-05-20 00:00:00+00:00
[2025-05-20T07:55:44.976+0000] {processor.py:183} INFO - Processing /home/airflow/.local/lib/python3.8/site-packages/airflow/example_dags/example_setup_teardown.py took 0.160 seconds
[2025-05-20T07:56:16.512+0000] {processor.py:161} INFO - Started process (PID=1440) to work on /home/airflow/.local/lib/python3.8/site-packages/airflow/example_dags/example_setup_teardown.py
[2025-05-20T07:56:16.513+0000] {processor.py:830} INFO - Processing file /home/airflow/.local/lib/python3.8/site-packages/airflow/example_dags/example_setup_teardown.py for tasks to queue
[2025-05-20T07:56:16.517+0000] {logging_mixin.py:188} INFO - [2025-05-20T07:56:16.516+0000] {dagbag.py:538} INFO - Filling up the DagBag from /home/airflow/.local/lib/python3.8/site-packages/airflow/example_dags/example_setup_teardown.py
[2025-05-20T07:56:16.529+0000] {processor.py:840} INFO - DAG(s) 'example_setup_teardown' retrieved from /home/airflow/.local/lib/python3.8/site-packages/airflow/example_dags/example_setup_teardown.py
[2025-05-20T07:56:16.567+0000] {logging_mixin.py:188} INFO - [2025-05-20T07:56:16.567+0000] {dag.py:3036} INFO - Sync 1 DAGs
[2025-05-20T07:56:16.606+0000] {logging_mixin.py:188} INFO - [2025-05-20T07:56:16.605+0000] {dag.py:3823} INFO - Setting next_dagrun for example_setup_teardown to 2025-05-19 00:00:00+00:00, run_after=2025-05-20 00:00:00+00:00
[2025-05-20T07:56:16.646+0000] {processor.py:183} INFO - Processing /home/airflow/.local/lib/python3.8/site-packages/airflow/example_dags/example_setup_teardown.py took 0.140 seconds
[2025-05-20T07:56:48.352+0000] {processor.py:161} INFO - Started process (PID=1505) to work on /home/airflow/.local/lib/python3.8/site-packages/airflow/example_dags/example_setup_teardown.py
[2025-05-20T07:56:48.355+0000] {processor.py:830} INFO - Processing file /home/airflow/.local/lib/python3.8/site-packages/airflow/example_dags/example_setup_teardown.py for tasks to queue
[2025-05-20T07:56:48.362+0000] {logging_mixin.py:188} INFO - [2025-05-20T07:56:48.361+0000] {dagbag.py:538} INFO - Filling up the DagBag from /home/airflow/.local/lib/python3.8/site-packages/airflow/example_dags/example_setup_teardown.py
[2025-05-20T07:56:48.388+0000] {processor.py:840} INFO - DAG(s) 'example_setup_teardown' retrieved from /home/airflow/.local/lib/python3.8/site-packages/airflow/example_dags/example_setup_teardown.py
[2025-05-20T07:56:48.444+0000] {logging_mixin.py:188} INFO - [2025-05-20T07:56:48.443+0000] {dag.py:3036} INFO - Sync 1 DAGs
[2025-05-20T07:56:48.500+0000] {logging_mixin.py:188} INFO - [2025-05-20T07:56:48.500+0000] {dag.py:3823} INFO - Setting next_dagrun for example_setup_teardown to 2025-05-19 00:00:00+00:00, run_after=2025-05-20 00:00:00+00:00
[2025-05-20T07:56:48.550+0000] {processor.py:183} INFO - Processing /home/airflow/.local/lib/python3.8/site-packages/airflow/example_dags/example_setup_teardown.py took 0.207 seconds
[2025-05-20T07:57:19.810+0000] {processor.py:161} INFO - Started process (PID=1570) to work on /home/airflow/.local/lib/python3.8/site-packages/airflow/example_dags/example_setup_teardown.py
[2025-05-20T07:57:19.812+0000] {processor.py:830} INFO - Processing file /home/airflow/.local/lib/python3.8/site-packages/airflow/example_dags/example_setup_teardown.py for tasks to queue
[2025-05-20T07:57:19.815+0000] {logging_mixin.py:188} INFO - [2025-05-20T07:57:19.815+0000] {dagbag.py:538} INFO - Filling up the DagBag from /home/airflow/.local/lib/python3.8/site-packages/airflow/example_dags/example_setup_teardown.py
[2025-05-20T07:57:19.827+0000] {processor.py:840} INFO - DAG(s) 'example_setup_teardown' retrieved from /home/airflow/.local/lib/python3.8/site-packages/airflow/example_dags/example_setup_teardown.py
[2025-05-20T07:57:19.861+0000] {logging_mixin.py:188} INFO - [2025-05-20T07:57:19.861+0000] {dag.py:3036} INFO - Sync 1 DAGs
[2025-05-20T07:57:19.904+0000] {logging_mixin.py:188} INFO - [2025-05-20T07:57:19.903+0000] {dag.py:3823} INFO - Setting next_dagrun for example_setup_teardown to 2025-05-19 00:00:00+00:00, run_after=2025-05-20 00:00:00+00:00
[2025-05-20T07:57:19.940+0000] {processor.py:183} INFO - Processing /home/airflow/.local/lib/python3.8/site-packages/airflow/example_dags/example_setup_teardown.py took 0.135 seconds
[2025-05-20T07:57:50.933+0000] {processor.py:161} INFO - Started process (PID=1635) to work on /home/airflow/.local/lib/python3.8/site-packages/airflow/example_dags/example_setup_teardown.py
[2025-05-20T07:57:50.935+0000] {processor.py:830} INFO - Processing file /home/airflow/.local/lib/python3.8/site-packages/airflow/example_dags/example_setup_teardown.py for tasks to queue
[2025-05-20T07:57:50.938+0000] {logging_mixin.py:188} INFO - [2025-05-20T07:57:50.938+0000] {dagbag.py:538} INFO - Filling up the DagBag from /home/airflow/.local/lib/python3.8/site-packages/airflow/example_dags/example_setup_teardown.py
[2025-05-20T07:57:50.954+0000] {processor.py:840} INFO - DAG(s) 'example_setup_teardown' retrieved from /home/airflow/.local/lib/python3.8/site-packages/airflow/example_dags/example_setup_teardown.py
[2025-05-20T07:57:50.992+0000] {logging_mixin.py:188} INFO - [2025-05-20T07:57:50.992+0000] {dag.py:3036} INFO - Sync 1 DAGs
[2025-05-20T07:57:51.043+0000] {logging_mixin.py:188} INFO - [2025-05-20T07:57:51.042+0000] {dag.py:3823} INFO - Setting next_dagrun for example_setup_teardown to 2025-05-19 00:00:00+00:00, run_after=2025-05-20 00:00:00+00:00
[2025-05-20T07:57:51.092+0000] {processor.py:183} INFO - Processing /home/airflow/.local/lib/python3.8/site-packages/airflow/example_dags/example_setup_teardown.py took 0.165 seconds
[2025-05-20T07:58:22.457+0000] {processor.py:161} INFO - Started process (PID=1700) to work on /home/airflow/.local/lib/python3.8/site-packages/airflow/example_dags/example_setup_teardown.py
[2025-05-20T07:58:22.459+0000] {processor.py:830} INFO - Processing file /home/airflow/.local/lib/python3.8/site-packages/airflow/example_dags/example_setup_teardown.py for tasks to queue
[2025-05-20T07:58:22.465+0000] {logging_mixin.py:188} INFO - [2025-05-20T07:58:22.464+0000] {dagbag.py:538} INFO - Filling up the DagBag from /home/airflow/.local/lib/python3.8/site-packages/airflow/example_dags/example_setup_teardown.py
[2025-05-20T07:58:22.491+0000] {processor.py:840} INFO - DAG(s) 'example_setup_teardown' retrieved from /home/airflow/.local/lib/python3.8/site-packages/airflow/example_dags/example_setup_teardown.py
[2025-05-20T07:58:22.547+0000] {logging_mixin.py:188} INFO - [2025-05-20T07:58:22.546+0000] {dag.py:3036} INFO - Sync 1 DAGs
[2025-05-20T07:58:22.586+0000] {logging_mixin.py:188} INFO - [2025-05-20T07:58:22.586+0000] {dag.py:3823} INFO - Setting next_dagrun for example_setup_teardown to 2025-05-19 00:00:00+00:00, run_after=2025-05-20 00:00:00+00:00
[2025-05-20T07:58:22.625+0000] {processor.py:183} INFO - Processing /home/airflow/.local/lib/python3.8/site-packages/airflow/example_dags/example_setup_teardown.py took 0.173 seconds
[2025-05-20T07:58:53.826+0000] {processor.py:161} INFO - Started process (PID=1765) to work on /home/airflow/.local/lib/python3.8/site-packages/airflow/example_dags/example_setup_teardown.py
[2025-05-20T07:58:53.828+0000] {processor.py:830} INFO - Processing file /home/airflow/.local/lib/python3.8/site-packages/airflow/example_dags/example_setup_teardown.py for tasks to queue
[2025-05-20T07:58:53.832+0000] {logging_mixin.py:188} INFO - [2025-05-20T07:58:53.832+0000] {dagbag.py:538} INFO - Filling up the DagBag from /home/airflow/.local/lib/python3.8/site-packages/airflow/example_dags/example_setup_teardown.py
[2025-05-20T07:58:53.847+0000] {processor.py:840} INFO - DAG(s) 'example_setup_teardown' retrieved from /home/airflow/.local/lib/python3.8/site-packages/airflow/example_dags/example_setup_teardown.py
[2025-05-20T07:58:53.900+0000] {logging_mixin.py:188} INFO - [2025-05-20T07:58:53.899+0000] {dag.py:3036} INFO - Sync 1 DAGs
[2025-05-20T07:58:53.951+0000] {logging_mixin.py:188} INFO - [2025-05-20T07:58:53.950+0000] {dag.py:3823} INFO - Setting next_dagrun for example_setup_teardown to 2025-05-19 00:00:00+00:00, run_after=2025-05-20 00:00:00+00:00
[2025-05-20T07:58:54.177+0000] {processor.py:183} INFO - Processing /home/airflow/.local/lib/python3.8/site-packages/airflow/example_dags/example_setup_teardown.py took 0.358 seconds
[2025-05-20T07:59:25.438+0000] {processor.py:161} INFO - Started process (PID=1830) to work on /home/airflow/.local/lib/python3.8/site-packages/airflow/example_dags/example_setup_teardown.py
[2025-05-20T07:59:25.440+0000] {processor.py:830} INFO - Processing file /home/airflow/.local/lib/python3.8/site-packages/airflow/example_dags/example_setup_teardown.py for tasks to queue
[2025-05-20T07:59:25.444+0000] {logging_mixin.py:188} INFO - [2025-05-20T07:59:25.443+0000] {dagbag.py:538} INFO - Filling up the DagBag from /home/airflow/.local/lib/python3.8/site-packages/airflow/example_dags/example_setup_teardown.py
[2025-05-20T07:59:25.455+0000] {processor.py:840} INFO - DAG(s) 'example_setup_teardown' retrieved from /home/airflow/.local/lib/python3.8/site-packages/airflow/example_dags/example_setup_teardown.py
[2025-05-20T07:59:25.490+0000] {logging_mixin.py:188} INFO - [2025-05-20T07:59:25.489+0000] {dag.py:3036} INFO - Sync 1 DAGs
[2025-05-20T07:59:25.705+0000] {logging_mixin.py:188} INFO - [2025-05-20T07:59:25.704+0000] {dag.py:3823} INFO - Setting next_dagrun for example_setup_teardown to 2025-05-19 00:00:00+00:00, run_after=2025-05-20 00:00:00+00:00
[2025-05-20T07:59:25.761+0000] {processor.py:183} INFO - Processing /home/airflow/.local/lib/python3.8/site-packages/airflow/example_dags/example_setup_teardown.py took 0.327 seconds
[2025-05-20T07:59:57.314+0000] {processor.py:161} INFO - Started process (PID=1895) to work on /home/airflow/.local/lib/python3.8/site-packages/airflow/example_dags/example_setup_teardown.py
[2025-05-20T07:59:57.317+0000] {processor.py:830} INFO - Processing file /home/airflow/.local/lib/python3.8/site-packages/airflow/example_dags/example_setup_teardown.py for tasks to queue
[2025-05-20T07:59:57.321+0000] {logging_mixin.py:188} INFO - [2025-05-20T07:59:57.320+0000] {dagbag.py:538} INFO - Filling up the DagBag from /home/airflow/.local/lib/python3.8/site-packages/airflow/example_dags/example_setup_teardown.py
[2025-05-20T07:59:57.336+0000] {processor.py:840} INFO - DAG(s) 'example_setup_teardown' retrieved from /home/airflow/.local/lib/python3.8/site-packages/airflow/example_dags/example_setup_teardown.py
[2025-05-20T07:59:57.383+0000] {logging_mixin.py:188} INFO - [2025-05-20T07:59:57.382+0000] {dag.py:3036} INFO - Sync 1 DAGs
[2025-05-20T07:59:57.647+0000] {logging_mixin.py:188} INFO - [2025-05-20T07:59:57.647+0000] {dag.py:3823} INFO - Setting next_dagrun for example_setup_teardown to 2025-05-19 00:00:00+00:00, run_after=2025-05-20 00:00:00+00:00
[2025-05-20T07:59:57.689+0000] {processor.py:183} INFO - Processing /home/airflow/.local/lib/python3.8/site-packages/airflow/example_dags/example_setup_teardown.py took 0.381 seconds
[2025-05-20T08:00:29.682+0000] {processor.py:161} INFO - Started process (PID=1960) to work on /home/airflow/.local/lib/python3.8/site-packages/airflow/example_dags/example_setup_teardown.py
[2025-05-20T08:00:29.684+0000] {processor.py:830} INFO - Processing file /home/airflow/.local/lib/python3.8/site-packages/airflow/example_dags/example_setup_teardown.py for tasks to queue
[2025-05-20T08:00:29.688+0000] {logging_mixin.py:188} INFO - [2025-05-20T08:00:29.687+0000] {dagbag.py:538} INFO - Filling up the DagBag from /home/airflow/.local/lib/python3.8/site-packages/airflow/example_dags/example_setup_teardown.py
[2025-05-20T08:00:29.703+0000] {processor.py:840} INFO - DAG(s) 'example_setup_teardown' retrieved from /home/airflow/.local/lib/python3.8/site-packages/airflow/example_dags/example_setup_teardown.py
[2025-05-20T08:00:29.749+0000] {logging_mixin.py:188} INFO - [2025-05-20T08:00:29.749+0000] {dag.py:3036} INFO - Sync 1 DAGs
[2025-05-20T08:00:30.070+0000] {logging_mixin.py:188} INFO - [2025-05-20T08:00:30.069+0000] {dag.py:3823} INFO - Setting next_dagrun for example_setup_teardown to 2025-05-19 00:00:00+00:00, run_after=2025-05-20 00:00:00+00:00
[2025-05-20T08:00:30.162+0000] {processor.py:183} INFO - Processing /home/airflow/.local/lib/python3.8/site-packages/airflow/example_dags/example_setup_teardown.py took 0.486 seconds
[2025-05-20T08:01:00.856+0000] {processor.py:161} INFO - Started process (PID=2025) to work on /home/airflow/.local/lib/python3.8/site-packages/airflow/example_dags/example_setup_teardown.py
[2025-05-20T08:01:00.858+0000] {processor.py:830} INFO - Processing file /home/airflow/.local/lib/python3.8/site-packages/airflow/example_dags/example_setup_teardown.py for tasks to queue
[2025-05-20T08:01:00.862+0000] {logging_mixin.py:188} INFO - [2025-05-20T08:01:00.861+0000] {dagbag.py:538} INFO - Filling up the DagBag from /home/airflow/.local/lib/python3.8/site-packages/airflow/example_dags/example_setup_teardown.py
[2025-05-20T08:01:00.875+0000] {processor.py:840} INFO - DAG(s) 'example_setup_teardown' retrieved from /home/airflow/.local/lib/python3.8/site-packages/airflow/example_dags/example_setup_teardown.py
[2025-05-20T08:01:00.916+0000] {logging_mixin.py:188} INFO - [2025-05-20T08:01:00.915+0000] {dag.py:3036} INFO - Sync 1 DAGs
[2025-05-20T08:01:01.155+0000] {logging_mixin.py:188} INFO - [2025-05-20T08:01:01.155+0000] {dag.py:3823} INFO - Setting next_dagrun for example_setup_teardown to 2025-05-19 00:00:00+00:00, run_after=2025-05-20 00:00:00+00:00
[2025-05-20T08:01:01.196+0000] {processor.py:183} INFO - Processing /home/airflow/.local/lib/python3.8/site-packages/airflow/example_dags/example_setup_teardown.py took 0.346 seconds
[2025-05-20T08:01:31.893+0000] {processor.py:161} INFO - Started process (PID=2090) to work on /home/airflow/.local/lib/python3.8/site-packages/airflow/example_dags/example_setup_teardown.py
[2025-05-20T08:01:31.894+0000] {processor.py:830} INFO - Processing file /home/airflow/.local/lib/python3.8/site-packages/airflow/example_dags/example_setup_teardown.py for tasks to queue
[2025-05-20T08:01:31.897+0000] {logging_mixin.py:188} INFO - [2025-05-20T08:01:31.897+0000] {dagbag.py:538} INFO - Filling up the DagBag from /home/airflow/.local/lib/python3.8/site-packages/airflow/example_dags/example_setup_teardown.py
[2025-05-20T08:01:31.908+0000] {processor.py:840} INFO - DAG(s) 'example_setup_teardown' retrieved from /home/airflow/.local/lib/python3.8/site-packages/airflow/example_dags/example_setup_teardown.py
[2025-05-20T08:01:31.944+0000] {logging_mixin.py:188} INFO - [2025-05-20T08:01:31.943+0000] {dag.py:3036} INFO - Sync 1 DAGs
[2025-05-20T08:01:31.987+0000] {logging_mixin.py:188} INFO - [2025-05-20T08:01:31.987+0000] {dag.py:3823} INFO - Setting next_dagrun for example_setup_teardown to 2025-05-19 00:00:00+00:00, run_after=2025-05-20 00:00:00+00:00
[2025-05-20T08:01:32.021+0000] {processor.py:183} INFO - Processing /home/airflow/.local/lib/python3.8/site-packages/airflow/example_dags/example_setup_teardown.py took 0.133 seconds
[2025-05-20T08:02:02.807+0000] {processor.py:161} INFO - Started process (PID=2155) to work on /home/airflow/.local/lib/python3.8/site-packages/airflow/example_dags/example_setup_teardown.py
[2025-05-20T08:02:02.809+0000] {processor.py:830} INFO - Processing file /home/airflow/.local/lib/python3.8/site-packages/airflow/example_dags/example_setup_teardown.py for tasks to queue
[2025-05-20T08:02:02.812+0000] {logging_mixin.py:188} INFO - [2025-05-20T08:02:02.811+0000] {dagbag.py:538} INFO - Filling up the DagBag from /home/airflow/.local/lib/python3.8/site-packages/airflow/example_dags/example_setup_teardown.py
[2025-05-20T08:02:02.824+0000] {processor.py:840} INFO - DAG(s) 'example_setup_teardown' retrieved from /home/airflow/.local/lib/python3.8/site-packages/airflow/example_dags/example_setup_teardown.py
[2025-05-20T08:02:02.861+0000] {logging_mixin.py:188} INFO - [2025-05-20T08:02:02.860+0000] {dag.py:3036} INFO - Sync 1 DAGs
[2025-05-20T08:02:02.908+0000] {logging_mixin.py:188} INFO - [2025-05-20T08:02:02.908+0000] {dag.py:3823} INFO - Setting next_dagrun for example_setup_teardown to 2025-05-19 00:00:00+00:00, run_after=2025-05-20 00:00:00+00:00
[2025-05-20T08:02:02.952+0000] {processor.py:183} INFO - Processing /home/airflow/.local/lib/python3.8/site-packages/airflow/example_dags/example_setup_teardown.py took 0.150 seconds
[2025-05-20T08:02:34.139+0000] {processor.py:161} INFO - Started process (PID=2220) to work on /home/airflow/.local/lib/python3.8/site-packages/airflow/example_dags/example_setup_teardown.py
[2025-05-20T08:02:34.140+0000] {processor.py:830} INFO - Processing file /home/airflow/.local/lib/python3.8/site-packages/airflow/example_dags/example_setup_teardown.py for tasks to queue
[2025-05-20T08:02:34.143+0000] {logging_mixin.py:188} INFO - [2025-05-20T08:02:34.142+0000] {dagbag.py:538} INFO - Filling up the DagBag from /home/airflow/.local/lib/python3.8/site-packages/airflow/example_dags/example_setup_teardown.py
[2025-05-20T08:02:34.154+0000] {processor.py:840} INFO - DAG(s) 'example_setup_teardown' retrieved from /home/airflow/.local/lib/python3.8/site-packages/airflow/example_dags/example_setup_teardown.py
[2025-05-20T08:02:34.186+0000] {logging_mixin.py:188} INFO - [2025-05-20T08:02:34.186+0000] {dag.py:3036} INFO - Sync 1 DAGs
[2025-05-20T08:02:34.226+0000] {logging_mixin.py:188} INFO - [2025-05-20T08:02:34.226+0000] {dag.py:3823} INFO - Setting next_dagrun for example_setup_teardown to 2025-05-19 00:00:00+00:00, run_after=2025-05-20 00:00:00+00:00
[2025-05-20T08:02:34.263+0000] {processor.py:183} INFO - Processing /home/airflow/.local/lib/python3.8/site-packages/airflow/example_dags/example_setup_teardown.py took 0.129 seconds
[2025-05-20T08:03:04.820+0000] {processor.py:161} INFO - Started process (PID=2286) to work on /home/airflow/.local/lib/python3.8/site-packages/airflow/example_dags/example_setup_teardown.py
[2025-05-20T08:03:04.822+0000] {processor.py:830} INFO - Processing file /home/airflow/.local/lib/python3.8/site-packages/airflow/example_dags/example_setup_teardown.py for tasks to queue
[2025-05-20T08:03:04.825+0000] {logging_mixin.py:188} INFO - [2025-05-20T08:03:04.824+0000] {dagbag.py:538} INFO - Filling up the DagBag from /home/airflow/.local/lib/python3.8/site-packages/airflow/example_dags/example_setup_teardown.py
[2025-05-20T08:03:04.835+0000] {processor.py:840} INFO - DAG(s) 'example_setup_teardown' retrieved from /home/airflow/.local/lib/python3.8/site-packages/airflow/example_dags/example_setup_teardown.py
[2025-05-20T08:03:04.873+0000] {logging_mixin.py:188} INFO - [2025-05-20T08:03:04.872+0000] {dag.py:3036} INFO - Sync 1 DAGs
[2025-05-20T08:03:04.910+0000] {logging_mixin.py:188} INFO - [2025-05-20T08:03:04.910+0000] {dag.py:3823} INFO - Setting next_dagrun for example_setup_teardown to 2025-05-19 00:00:00+00:00, run_after=2025-05-20 00:00:00+00:00
[2025-05-20T08:03:04.954+0000] {processor.py:183} INFO - Processing /home/airflow/.local/lib/python3.8/site-packages/airflow/example_dags/example_setup_teardown.py took 0.145 seconds
[2025-05-20T08:03:36.297+0000] {processor.py:161} INFO - Started process (PID=2357) to work on /home/airflow/.local/lib/python3.8/site-packages/airflow/example_dags/example_setup_teardown.py
[2025-05-20T08:03:36.298+0000] {processor.py:830} INFO - Processing file /home/airflow/.local/lib/python3.8/site-packages/airflow/example_dags/example_setup_teardown.py for tasks to queue
[2025-05-20T08:03:36.301+0000] {logging_mixin.py:188} INFO - [2025-05-20T08:03:36.301+0000] {dagbag.py:538} INFO - Filling up the DagBag from /home/airflow/.local/lib/python3.8/site-packages/airflow/example_dags/example_setup_teardown.py
[2025-05-20T08:03:36.312+0000] {processor.py:840} INFO - DAG(s) 'example_setup_teardown' retrieved from /home/airflow/.local/lib/python3.8/site-packages/airflow/example_dags/example_setup_teardown.py
[2025-05-20T08:03:36.358+0000] {logging_mixin.py:188} INFO - [2025-05-20T08:03:36.357+0000] {dag.py:3036} INFO - Sync 1 DAGs
[2025-05-20T08:03:36.411+0000] {logging_mixin.py:188} INFO - [2025-05-20T08:03:36.410+0000] {dag.py:3823} INFO - Setting next_dagrun for example_setup_teardown to 2025-05-19 00:00:00+00:00, run_after=2025-05-20 00:00:00+00:00
[2025-05-20T08:03:36.446+0000] {processor.py:183} INFO - Processing /home/airflow/.local/lib/python3.8/site-packages/airflow/example_dags/example_setup_teardown.py took 0.154 seconds
[2025-05-20T08:04:07.058+0000] {processor.py:161} INFO - Started process (PID=2420) to work on /home/airflow/.local/lib/python3.8/site-packages/airflow/example_dags/example_setup_teardown.py
[2025-05-20T08:04:07.062+0000] {processor.py:830} INFO - Processing file /home/airflow/.local/lib/python3.8/site-packages/airflow/example_dags/example_setup_teardown.py for tasks to queue
[2025-05-20T08:04:07.077+0000] {logging_mixin.py:188} INFO - [2025-05-20T08:04:07.076+0000] {dagbag.py:538} INFO - Filling up the DagBag from /home/airflow/.local/lib/python3.8/site-packages/airflow/example_dags/example_setup_teardown.py
[2025-05-20T08:04:07.119+0000] {processor.py:840} INFO - DAG(s) 'example_setup_teardown' retrieved from /home/airflow/.local/lib/python3.8/site-packages/airflow/example_dags/example_setup_teardown.py
[2025-05-20T08:04:07.258+0000] {logging_mixin.py:188} INFO - [2025-05-20T08:04:07.257+0000] {dag.py:3036} INFO - Sync 1 DAGs
[2025-05-20T08:04:07.354+0000] {logging_mixin.py:188} INFO - [2025-05-20T08:04:07.354+0000] {dag.py:3823} INFO - Setting next_dagrun for example_setup_teardown to 2025-05-19 00:00:00+00:00, run_after=2025-05-20 00:00:00+00:00
[2025-05-20T08:04:07.415+0000] {processor.py:183} INFO - Processing /home/airflow/.local/lib/python3.8/site-packages/airflow/example_dags/example_setup_teardown.py took 0.372 seconds
