[2025-05-20T07:45:18.326+0000] {processor.py:161} INFO - Started process (PID=81) to work on /home/airflow/.local/lib/python3.8/site-packages/airflow/example_dags/example_nested_branch_dag.py
[2025-05-20T07:45:18.329+0000] {processor.py:830} INFO - Processing file /home/airflow/.local/lib/python3.8/site-packages/airflow/example_dags/example_nested_branch_dag.py for tasks to queue
[2025-05-20T07:45:18.335+0000] {logging_mixin.py:188} INFO - [2025-05-20T07:45:18.334+0000] {dagbag.py:538} INFO - Filling up the DagBag from /home/airflow/.local/lib/python3.8/site-packages/airflow/example_dags/example_nested_branch_dag.py
[2025-05-20T07:45:18.365+0000] {processor.py:840} INFO - DAG(s) 'example_nested_branch_dag' retrieved from /home/airflow/.local/lib/python3.8/site-packages/airflow/example_dags/example_nested_branch_dag.py
[2025-05-20T07:45:18.560+0000] {logging_mixin.py:188} INFO - [2025-05-20T07:45:18.559+0000] {dag.py:3036} INFO - Sync 1 DAGs
[2025-05-20T07:45:18.596+0000] {logging_mixin.py:188} INFO - [2025-05-20T07:45:18.595+0000] {dag.py:3823} INFO - Setting next_dagrun for example_nested_branch_dag to 2025-05-19 00:00:00+00:00, run_after=2025-05-20 00:00:00+00:00
[2025-05-20T07:45:18.629+0000] {processor.py:183} INFO - Processing /home/airflow/.local/lib/python3.8/site-packages/airflow/example_dags/example_nested_branch_dag.py took 0.309 seconds
[2025-05-20T07:45:49.412+0000] {processor.py:161} INFO - Started process (PID=146) to work on /home/airflow/.local/lib/python3.8/site-packages/airflow/example_dags/example_nested_branch_dag.py
[2025-05-20T07:45:49.414+0000] {processor.py:830} INFO - Processing file /home/airflow/.local/lib/python3.8/site-packages/airflow/example_dags/example_nested_branch_dag.py for tasks to queue
[2025-05-20T07:45:49.418+0000] {logging_mixin.py:188} INFO - [2025-05-20T07:45:49.418+0000] {dagbag.py:538} INFO - Filling up the DagBag from /home/airflow/.local/lib/python3.8/site-packages/airflow/example_dags/example_nested_branch_dag.py
[2025-05-20T07:45:49.440+0000] {processor.py:840} INFO - DAG(s) 'example_nested_branch_dag' retrieved from /home/airflow/.local/lib/python3.8/site-packages/airflow/example_dags/example_nested_branch_dag.py
[2025-05-20T07:45:49.488+0000] {logging_mixin.py:188} INFO - [2025-05-20T07:45:49.487+0000] {dag.py:3036} INFO - Sync 1 DAGs
[2025-05-20T07:45:49.529+0000] {logging_mixin.py:188} INFO - [2025-05-20T07:45:49.529+0000] {dag.py:3823} INFO - Setting next_dagrun for example_nested_branch_dag to 2025-05-19 00:00:00+00:00, run_after=2025-05-20 00:00:00+00:00
[2025-05-20T07:45:49.562+0000] {processor.py:183} INFO - Processing /home/airflow/.local/lib/python3.8/site-packages/airflow/example_dags/example_nested_branch_dag.py took 0.157 seconds
[2025-05-20T07:46:19.820+0000] {processor.py:161} INFO - Started process (PID=211) to work on /home/airflow/.local/lib/python3.8/site-packages/airflow/example_dags/example_nested_branch_dag.py
[2025-05-20T07:46:19.822+0000] {processor.py:830} INFO - Processing file /home/airflow/.local/lib/python3.8/site-packages/airflow/example_dags/example_nested_branch_dag.py for tasks to queue
[2025-05-20T07:46:19.826+0000] {logging_mixin.py:188} INFO - [2025-05-20T07:46:19.825+0000] {dagbag.py:538} INFO - Filling up the DagBag from /home/airflow/.local/lib/python3.8/site-packages/airflow/example_dags/example_nested_branch_dag.py
[2025-05-20T07:46:19.842+0000] {processor.py:840} INFO - DAG(s) 'example_nested_branch_dag' retrieved from /home/airflow/.local/lib/python3.8/site-packages/airflow/example_dags/example_nested_branch_dag.py
[2025-05-20T07:46:19.876+0000] {logging_mixin.py:188} INFO - [2025-05-20T07:46:19.875+0000] {dag.py:3036} INFO - Sync 1 DAGs
[2025-05-20T07:46:19.914+0000] {logging_mixin.py:188} INFO - [2025-05-20T07:46:19.913+0000] {dag.py:3823} INFO - Setting next_dagrun for example_nested_branch_dag to 2025-05-19 00:00:00+00:00, run_after=2025-05-20 00:00:00+00:00
[2025-05-20T07:46:19.951+0000] {processor.py:183} INFO - Processing /home/airflow/.local/lib/python3.8/site-packages/airflow/example_dags/example_nested_branch_dag.py took 0.135 seconds
[2025-05-20T07:46:51.058+0000] {processor.py:161} INFO - Started process (PID=276) to work on /home/airflow/.local/lib/python3.8/site-packages/airflow/example_dags/example_nested_branch_dag.py
[2025-05-20T07:46:51.061+0000] {processor.py:830} INFO - Processing file /home/airflow/.local/lib/python3.8/site-packages/airflow/example_dags/example_nested_branch_dag.py for tasks to queue
[2025-05-20T07:46:51.066+0000] {logging_mixin.py:188} INFO - [2025-05-20T07:46:51.065+0000] {dagbag.py:538} INFO - Filling up the DagBag from /home/airflow/.local/lib/python3.8/site-packages/airflow/example_dags/example_nested_branch_dag.py
[2025-05-20T07:46:51.098+0000] {processor.py:840} INFO - DAG(s) 'example_nested_branch_dag' retrieved from /home/airflow/.local/lib/python3.8/site-packages/airflow/example_dags/example_nested_branch_dag.py
[2025-05-20T07:46:51.152+0000] {logging_mixin.py:188} INFO - [2025-05-20T07:46:51.151+0000] {dag.py:3036} INFO - Sync 1 DAGs
[2025-05-20T07:46:51.205+0000] {logging_mixin.py:188} INFO - [2025-05-20T07:46:51.205+0000] {dag.py:3823} INFO - Setting next_dagrun for example_nested_branch_dag to 2025-05-19 00:00:00+00:00, run_after=2025-05-20 00:00:00+00:00
[2025-05-20T07:46:51.246+0000] {processor.py:183} INFO - Processing /home/airflow/.local/lib/python3.8/site-packages/airflow/example_dags/example_nested_branch_dag.py took 0.196 seconds
[2025-05-20T07:47:23.317+0000] {processor.py:161} INFO - Started process (PID=341) to work on /home/airflow/.local/lib/python3.8/site-packages/airflow/example_dags/example_nested_branch_dag.py
[2025-05-20T07:47:23.319+0000] {processor.py:830} INFO - Processing file /home/airflow/.local/lib/python3.8/site-packages/airflow/example_dags/example_nested_branch_dag.py for tasks to queue
[2025-05-20T07:47:23.322+0000] {logging_mixin.py:188} INFO - [2025-05-20T07:47:23.322+0000] {dagbag.py:538} INFO - Filling up the DagBag from /home/airflow/.local/lib/python3.8/site-packages/airflow/example_dags/example_nested_branch_dag.py
[2025-05-20T07:47:23.344+0000] {processor.py:840} INFO - DAG(s) 'example_nested_branch_dag' retrieved from /home/airflow/.local/lib/python3.8/site-packages/airflow/example_dags/example_nested_branch_dag.py
[2025-05-20T07:47:23.389+0000] {logging_mixin.py:188} INFO - [2025-05-20T07:47:23.389+0000] {dag.py:3036} INFO - Sync 1 DAGs
[2025-05-20T07:47:23.438+0000] {logging_mixin.py:188} INFO - [2025-05-20T07:47:23.438+0000] {dag.py:3823} INFO - Setting next_dagrun for example_nested_branch_dag to 2025-05-19 00:00:00+00:00, run_after=2025-05-20 00:00:00+00:00
[2025-05-20T07:47:23.482+0000] {processor.py:183} INFO - Processing /home/airflow/.local/lib/python3.8/site-packages/airflow/example_dags/example_nested_branch_dag.py took 0.170 seconds
[2025-05-20T07:47:54.934+0000] {processor.py:161} INFO - Started process (PID=406) to work on /home/airflow/.local/lib/python3.8/site-packages/airflow/example_dags/example_nested_branch_dag.py
[2025-05-20T07:47:54.936+0000] {processor.py:830} INFO - Processing file /home/airflow/.local/lib/python3.8/site-packages/airflow/example_dags/example_nested_branch_dag.py for tasks to queue
[2025-05-20T07:47:54.940+0000] {logging_mixin.py:188} INFO - [2025-05-20T07:47:54.940+0000] {dagbag.py:538} INFO - Filling up the DagBag from /home/airflow/.local/lib/python3.8/site-packages/airflow/example_dags/example_nested_branch_dag.py
[2025-05-20T07:47:54.964+0000] {processor.py:840} INFO - DAG(s) 'example_nested_branch_dag' retrieved from /home/airflow/.local/lib/python3.8/site-packages/airflow/example_dags/example_nested_branch_dag.py
[2025-05-20T07:47:55.013+0000] {logging_mixin.py:188} INFO - [2025-05-20T07:47:55.012+0000] {dag.py:3036} INFO - Sync 1 DAGs
[2025-05-20T07:47:55.077+0000] {logging_mixin.py:188} INFO - [2025-05-20T07:47:55.076+0000] {dag.py:3823} INFO - Setting next_dagrun for example_nested_branch_dag to 2025-05-19 00:00:00+00:00, run_after=2025-05-20 00:00:00+00:00
[2025-05-20T07:47:55.136+0000] {processor.py:183} INFO - Processing /home/airflow/.local/lib/python3.8/site-packages/airflow/example_dags/example_nested_branch_dag.py took 0.208 seconds
[2025-05-20T07:48:26.486+0000] {processor.py:161} INFO - Started process (PID=471) to work on /home/airflow/.local/lib/python3.8/site-packages/airflow/example_dags/example_nested_branch_dag.py
[2025-05-20T07:48:26.489+0000] {processor.py:830} INFO - Processing file /home/airflow/.local/lib/python3.8/site-packages/airflow/example_dags/example_nested_branch_dag.py for tasks to queue
[2025-05-20T07:48:26.495+0000] {logging_mixin.py:188} INFO - [2025-05-20T07:48:26.494+0000] {dagbag.py:538} INFO - Filling up the DagBag from /home/airflow/.local/lib/python3.8/site-packages/airflow/example_dags/example_nested_branch_dag.py
[2025-05-20T07:48:26.525+0000] {processor.py:840} INFO - DAG(s) 'example_nested_branch_dag' retrieved from /home/airflow/.local/lib/python3.8/site-packages/airflow/example_dags/example_nested_branch_dag.py
[2025-05-20T07:48:26.618+0000] {logging_mixin.py:188} INFO - [2025-05-20T07:48:26.617+0000] {dag.py:3036} INFO - Sync 1 DAGs
[2025-05-20T07:48:26.697+0000] {logging_mixin.py:188} INFO - [2025-05-20T07:48:26.697+0000] {dag.py:3823} INFO - Setting next_dagrun for example_nested_branch_dag to 2025-05-19 00:00:00+00:00, run_after=2025-05-20 00:00:00+00:00
[2025-05-20T07:48:26.733+0000] {processor.py:183} INFO - Processing /home/airflow/.local/lib/python3.8/site-packages/airflow/example_dags/example_nested_branch_dag.py took 0.256 seconds
[2025-05-20T07:48:57.577+0000] {processor.py:161} INFO - Started process (PID=536) to work on /home/airflow/.local/lib/python3.8/site-packages/airflow/example_dags/example_nested_branch_dag.py
[2025-05-20T07:48:57.580+0000] {processor.py:830} INFO - Processing file /home/airflow/.local/lib/python3.8/site-packages/airflow/example_dags/example_nested_branch_dag.py for tasks to queue
[2025-05-20T07:48:57.585+0000] {logging_mixin.py:188} INFO - [2025-05-20T07:48:57.584+0000] {dagbag.py:538} INFO - Filling up the DagBag from /home/airflow/.local/lib/python3.8/site-packages/airflow/example_dags/example_nested_branch_dag.py
[2025-05-20T07:48:57.613+0000] {processor.py:840} INFO - DAG(s) 'example_nested_branch_dag' retrieved from /home/airflow/.local/lib/python3.8/site-packages/airflow/example_dags/example_nested_branch_dag.py
[2025-05-20T07:48:57.674+0000] {logging_mixin.py:188} INFO - [2025-05-20T07:48:57.674+0000] {dag.py:3036} INFO - Sync 1 DAGs
[2025-05-20T07:48:57.719+0000] {logging_mixin.py:188} INFO - [2025-05-20T07:48:57.719+0000] {dag.py:3823} INFO - Setting next_dagrun for example_nested_branch_dag to 2025-05-19 00:00:00+00:00, run_after=2025-05-20 00:00:00+00:00
[2025-05-20T07:48:57.757+0000] {processor.py:183} INFO - Processing /home/airflow/.local/lib/python3.8/site-packages/airflow/example_dags/example_nested_branch_dag.py took 0.188 seconds
[2025-05-20T07:49:28.009+0000] {processor.py:161} INFO - Started process (PID=601) to work on /home/airflow/.local/lib/python3.8/site-packages/airflow/example_dags/example_nested_branch_dag.py
[2025-05-20T07:49:28.011+0000] {processor.py:830} INFO - Processing file /home/airflow/.local/lib/python3.8/site-packages/airflow/example_dags/example_nested_branch_dag.py for tasks to queue
[2025-05-20T07:49:28.016+0000] {logging_mixin.py:188} INFO - [2025-05-20T07:49:28.015+0000] {dagbag.py:538} INFO - Filling up the DagBag from /home/airflow/.local/lib/python3.8/site-packages/airflow/example_dags/example_nested_branch_dag.py
[2025-05-20T07:49:28.038+0000] {processor.py:840} INFO - DAG(s) 'example_nested_branch_dag' retrieved from /home/airflow/.local/lib/python3.8/site-packages/airflow/example_dags/example_nested_branch_dag.py
[2025-05-20T07:49:28.084+0000] {logging_mixin.py:188} INFO - [2025-05-20T07:49:28.084+0000] {dag.py:3036} INFO - Sync 1 DAGs
[2025-05-20T07:49:28.140+0000] {logging_mixin.py:188} INFO - [2025-05-20T07:49:28.139+0000] {dag.py:3823} INFO - Setting next_dagrun for example_nested_branch_dag to 2025-05-19 00:00:00+00:00, run_after=2025-05-20 00:00:00+00:00
[2025-05-20T07:49:28.182+0000] {processor.py:183} INFO - Processing /home/airflow/.local/lib/python3.8/site-packages/airflow/example_dags/example_nested_branch_dag.py took 0.179 seconds
[2025-05-20T07:49:59.376+0000] {processor.py:161} INFO - Started process (PID=666) to work on /home/airflow/.local/lib/python3.8/site-packages/airflow/example_dags/example_nested_branch_dag.py
[2025-05-20T07:49:59.378+0000] {processor.py:830} INFO - Processing file /home/airflow/.local/lib/python3.8/site-packages/airflow/example_dags/example_nested_branch_dag.py for tasks to queue
[2025-05-20T07:49:59.381+0000] {logging_mixin.py:188} INFO - [2025-05-20T07:49:59.380+0000] {dagbag.py:538} INFO - Filling up the DagBag from /home/airflow/.local/lib/python3.8/site-packages/airflow/example_dags/example_nested_branch_dag.py
[2025-05-20T07:49:59.401+0000] {processor.py:840} INFO - DAG(s) 'example_nested_branch_dag' retrieved from /home/airflow/.local/lib/python3.8/site-packages/airflow/example_dags/example_nested_branch_dag.py
[2025-05-20T07:49:59.438+0000] {logging_mixin.py:188} INFO - [2025-05-20T07:49:59.438+0000] {dag.py:3036} INFO - Sync 1 DAGs
[2025-05-20T07:49:59.483+0000] {logging_mixin.py:188} INFO - [2025-05-20T07:49:59.483+0000] {dag.py:3823} INFO - Setting next_dagrun for example_nested_branch_dag to 2025-05-19 00:00:00+00:00, run_after=2025-05-20 00:00:00+00:00
[2025-05-20T07:49:59.516+0000] {processor.py:183} INFO - Processing /home/airflow/.local/lib/python3.8/site-packages/airflow/example_dags/example_nested_branch_dag.py took 0.145 seconds
[2025-05-20T07:50:30.409+0000] {processor.py:161} INFO - Started process (PID=731) to work on /home/airflow/.local/lib/python3.8/site-packages/airflow/example_dags/example_nested_branch_dag.py
[2025-05-20T07:50:30.410+0000] {processor.py:830} INFO - Processing file /home/airflow/.local/lib/python3.8/site-packages/airflow/example_dags/example_nested_branch_dag.py for tasks to queue
[2025-05-20T07:50:30.414+0000] {logging_mixin.py:188} INFO - [2025-05-20T07:50:30.413+0000] {dagbag.py:538} INFO - Filling up the DagBag from /home/airflow/.local/lib/python3.8/site-packages/airflow/example_dags/example_nested_branch_dag.py
[2025-05-20T07:50:30.436+0000] {processor.py:840} INFO - DAG(s) 'example_nested_branch_dag' retrieved from /home/airflow/.local/lib/python3.8/site-packages/airflow/example_dags/example_nested_branch_dag.py
[2025-05-20T07:50:30.477+0000] {logging_mixin.py:188} INFO - [2025-05-20T07:50:30.477+0000] {dag.py:3036} INFO - Sync 1 DAGs
[2025-05-20T07:50:30.530+0000] {logging_mixin.py:188} INFO - [2025-05-20T07:50:30.529+0000] {dag.py:3823} INFO - Setting next_dagrun for example_nested_branch_dag to 2025-05-19 00:00:00+00:00, run_after=2025-05-20 00:00:00+00:00
[2025-05-20T07:50:30.579+0000] {processor.py:183} INFO - Processing /home/airflow/.local/lib/python3.8/site-packages/airflow/example_dags/example_nested_branch_dag.py took 0.175 seconds
[2025-05-20T07:51:02.727+0000] {processor.py:161} INFO - Started process (PID=802) to work on /home/airflow/.local/lib/python3.8/site-packages/airflow/example_dags/example_nested_branch_dag.py
[2025-05-20T07:51:02.729+0000] {processor.py:830} INFO - Processing file /home/airflow/.local/lib/python3.8/site-packages/airflow/example_dags/example_nested_branch_dag.py for tasks to queue
[2025-05-20T07:51:02.733+0000] {logging_mixin.py:188} INFO - [2025-05-20T07:51:02.732+0000] {dagbag.py:538} INFO - Filling up the DagBag from /home/airflow/.local/lib/python3.8/site-packages/airflow/example_dags/example_nested_branch_dag.py
[2025-05-20T07:51:02.754+0000] {processor.py:840} INFO - DAG(s) 'example_nested_branch_dag' retrieved from /home/airflow/.local/lib/python3.8/site-packages/airflow/example_dags/example_nested_branch_dag.py
[2025-05-20T07:51:02.807+0000] {logging_mixin.py:188} INFO - [2025-05-20T07:51:02.807+0000] {dag.py:3036} INFO - Sync 1 DAGs
[2025-05-20T07:51:02.868+0000] {logging_mixin.py:188} INFO - [2025-05-20T07:51:02.868+0000] {dag.py:3823} INFO - Setting next_dagrun for example_nested_branch_dag to 2025-05-19 00:00:00+00:00, run_after=2025-05-20 00:00:00+00:00
[2025-05-20T07:51:02.908+0000] {processor.py:183} INFO - Processing /home/airflow/.local/lib/python3.8/site-packages/airflow/example_dags/example_nested_branch_dag.py took 0.187 seconds
[2025-05-20T07:51:34.748+0000] {processor.py:161} INFO - Started process (PID=867) to work on /home/airflow/.local/lib/python3.8/site-packages/airflow/example_dags/example_nested_branch_dag.py
[2025-05-20T07:51:34.750+0000] {processor.py:830} INFO - Processing file /home/airflow/.local/lib/python3.8/site-packages/airflow/example_dags/example_nested_branch_dag.py for tasks to queue
[2025-05-20T07:51:34.764+0000] {logging_mixin.py:188} INFO - [2025-05-20T07:51:34.763+0000] {dagbag.py:538} INFO - Filling up the DagBag from /home/airflow/.local/lib/python3.8/site-packages/airflow/example_dags/example_nested_branch_dag.py
[2025-05-20T07:51:34.808+0000] {processor.py:840} INFO - DAG(s) 'example_nested_branch_dag' retrieved from /home/airflow/.local/lib/python3.8/site-packages/airflow/example_dags/example_nested_branch_dag.py
[2025-05-20T07:51:34.856+0000] {logging_mixin.py:188} INFO - [2025-05-20T07:51:34.855+0000] {dag.py:3036} INFO - Sync 1 DAGs
[2025-05-20T07:51:34.902+0000] {logging_mixin.py:188} INFO - [2025-05-20T07:51:34.902+0000] {dag.py:3823} INFO - Setting next_dagrun for example_nested_branch_dag to 2025-05-19 00:00:00+00:00, run_after=2025-05-20 00:00:00+00:00
[2025-05-20T07:51:34.938+0000] {processor.py:183} INFO - Processing /home/airflow/.local/lib/python3.8/site-packages/airflow/example_dags/example_nested_branch_dag.py took 0.196 seconds
[2025-05-20T07:52:06.006+0000] {processor.py:161} INFO - Started process (PID=932) to work on /home/airflow/.local/lib/python3.8/site-packages/airflow/example_dags/example_nested_branch_dag.py
[2025-05-20T07:52:06.011+0000] {processor.py:830} INFO - Processing file /home/airflow/.local/lib/python3.8/site-packages/airflow/example_dags/example_nested_branch_dag.py for tasks to queue
[2025-05-20T07:52:06.020+0000] {logging_mixin.py:188} INFO - [2025-05-20T07:52:06.018+0000] {dagbag.py:538} INFO - Filling up the DagBag from /home/airflow/.local/lib/python3.8/site-packages/airflow/example_dags/example_nested_branch_dag.py
[2025-05-20T07:52:06.073+0000] {processor.py:840} INFO - DAG(s) 'example_nested_branch_dag' retrieved from /home/airflow/.local/lib/python3.8/site-packages/airflow/example_dags/example_nested_branch_dag.py
[2025-05-20T07:52:06.157+0000] {logging_mixin.py:188} INFO - [2025-05-20T07:52:06.156+0000] {dag.py:3036} INFO - Sync 1 DAGs
[2025-05-20T07:52:06.214+0000] {logging_mixin.py:188} INFO - [2025-05-20T07:52:06.213+0000] {dag.py:3823} INFO - Setting next_dagrun for example_nested_branch_dag to 2025-05-19 00:00:00+00:00, run_after=2025-05-20 00:00:00+00:00
[2025-05-20T07:52:06.245+0000] {processor.py:183} INFO - Processing /home/airflow/.local/lib/python3.8/site-packages/airflow/example_dags/example_nested_branch_dag.py took 0.255 seconds
[2025-05-20T07:52:37.387+0000] {processor.py:161} INFO - Started process (PID=997) to work on /home/airflow/.local/lib/python3.8/site-packages/airflow/example_dags/example_nested_branch_dag.py
[2025-05-20T07:52:37.390+0000] {processor.py:830} INFO - Processing file /home/airflow/.local/lib/python3.8/site-packages/airflow/example_dags/example_nested_branch_dag.py for tasks to queue
[2025-05-20T07:52:37.393+0000] {logging_mixin.py:188} INFO - [2025-05-20T07:52:37.393+0000] {dagbag.py:538} INFO - Filling up the DagBag from /home/airflow/.local/lib/python3.8/site-packages/airflow/example_dags/example_nested_branch_dag.py
[2025-05-20T07:52:37.411+0000] {processor.py:840} INFO - DAG(s) 'example_nested_branch_dag' retrieved from /home/airflow/.local/lib/python3.8/site-packages/airflow/example_dags/example_nested_branch_dag.py
[2025-05-20T07:52:37.445+0000] {logging_mixin.py:188} INFO - [2025-05-20T07:52:37.445+0000] {dag.py:3036} INFO - Sync 1 DAGs
[2025-05-20T07:52:37.490+0000] {logging_mixin.py:188} INFO - [2025-05-20T07:52:37.489+0000] {dag.py:3823} INFO - Setting next_dagrun for example_nested_branch_dag to 2025-05-19 00:00:00+00:00, run_after=2025-05-20 00:00:00+00:00
[2025-05-20T07:52:37.535+0000] {processor.py:183} INFO - Processing /home/airflow/.local/lib/python3.8/site-packages/airflow/example_dags/example_nested_branch_dag.py took 0.156 seconds
[2025-05-20T07:53:08.052+0000] {processor.py:161} INFO - Started process (PID=1062) to work on /home/airflow/.local/lib/python3.8/site-packages/airflow/example_dags/example_nested_branch_dag.py
[2025-05-20T07:53:08.055+0000] {processor.py:830} INFO - Processing file /home/airflow/.local/lib/python3.8/site-packages/airflow/example_dags/example_nested_branch_dag.py for tasks to queue
[2025-05-20T07:53:08.060+0000] {logging_mixin.py:188} INFO - [2025-05-20T07:53:08.059+0000] {dagbag.py:538} INFO - Filling up the DagBag from /home/airflow/.local/lib/python3.8/site-packages/airflow/example_dags/example_nested_branch_dag.py
[2025-05-20T07:53:08.085+0000] {processor.py:840} INFO - DAG(s) 'example_nested_branch_dag' retrieved from /home/airflow/.local/lib/python3.8/site-packages/airflow/example_dags/example_nested_branch_dag.py
[2025-05-20T07:53:08.126+0000] {logging_mixin.py:188} INFO - [2025-05-20T07:53:08.126+0000] {dag.py:3036} INFO - Sync 1 DAGs
[2025-05-20T07:53:08.172+0000] {logging_mixin.py:188} INFO - [2025-05-20T07:53:08.171+0000] {dag.py:3823} INFO - Setting next_dagrun for example_nested_branch_dag to 2025-05-19 00:00:00+00:00, run_after=2025-05-20 00:00:00+00:00
[2025-05-20T07:53:08.208+0000] {processor.py:183} INFO - Processing /home/airflow/.local/lib/python3.8/site-packages/airflow/example_dags/example_nested_branch_dag.py took 0.163 seconds
[2025-05-20T07:53:41.266+0000] {processor.py:161} INFO - Started process (PID=1127) to work on /home/airflow/.local/lib/python3.8/site-packages/airflow/example_dags/example_nested_branch_dag.py
[2025-05-20T07:53:41.268+0000] {processor.py:830} INFO - Processing file /home/airflow/.local/lib/python3.8/site-packages/airflow/example_dags/example_nested_branch_dag.py for tasks to queue
[2025-05-20T07:53:41.272+0000] {logging_mixin.py:188} INFO - [2025-05-20T07:53:41.272+0000] {dagbag.py:538} INFO - Filling up the DagBag from /home/airflow/.local/lib/python3.8/site-packages/airflow/example_dags/example_nested_branch_dag.py
[2025-05-20T07:53:41.297+0000] {processor.py:840} INFO - DAG(s) 'example_nested_branch_dag' retrieved from /home/airflow/.local/lib/python3.8/site-packages/airflow/example_dags/example_nested_branch_dag.py
[2025-05-20T07:53:41.350+0000] {logging_mixin.py:188} INFO - [2025-05-20T07:53:41.349+0000] {dag.py:3036} INFO - Sync 1 DAGs
[2025-05-20T07:53:41.410+0000] {logging_mixin.py:188} INFO - [2025-05-20T07:53:41.410+0000] {dag.py:3823} INFO - Setting next_dagrun for example_nested_branch_dag to 2025-05-19 00:00:00+00:00, run_after=2025-05-20 00:00:00+00:00
[2025-05-20T07:53:41.468+0000] {processor.py:183} INFO - Processing /home/airflow/.local/lib/python3.8/site-packages/airflow/example_dags/example_nested_branch_dag.py took 0.209 seconds
[2025-05-20T07:54:14.360+0000] {processor.py:161} INFO - Started process (PID=1192) to work on /home/airflow/.local/lib/python3.8/site-packages/airflow/example_dags/example_nested_branch_dag.py
[2025-05-20T07:54:14.361+0000] {processor.py:830} INFO - Processing file /home/airflow/.local/lib/python3.8/site-packages/airflow/example_dags/example_nested_branch_dag.py for tasks to queue
[2025-05-20T07:54:14.364+0000] {logging_mixin.py:188} INFO - [2025-05-20T07:54:14.364+0000] {dagbag.py:538} INFO - Filling up the DagBag from /home/airflow/.local/lib/python3.8/site-packages/airflow/example_dags/example_nested_branch_dag.py
[2025-05-20T07:54:14.383+0000] {processor.py:840} INFO - DAG(s) 'example_nested_branch_dag' retrieved from /home/airflow/.local/lib/python3.8/site-packages/airflow/example_dags/example_nested_branch_dag.py
[2025-05-20T07:54:14.419+0000] {logging_mixin.py:188} INFO - [2025-05-20T07:54:14.419+0000] {dag.py:3036} INFO - Sync 1 DAGs
[2025-05-20T07:54:14.464+0000] {logging_mixin.py:188} INFO - [2025-05-20T07:54:14.463+0000] {dag.py:3823} INFO - Setting next_dagrun for example_nested_branch_dag to 2025-05-19 00:00:00+00:00, run_after=2025-05-20 00:00:00+00:00
[2025-05-20T07:54:14.504+0000] {processor.py:183} INFO - Processing /home/airflow/.local/lib/python3.8/site-packages/airflow/example_dags/example_nested_branch_dag.py took 0.149 seconds
[2025-05-20T07:54:45.104+0000] {processor.py:161} INFO - Started process (PID=1257) to work on /home/airflow/.local/lib/python3.8/site-packages/airflow/example_dags/example_nested_branch_dag.py
[2025-05-20T07:54:45.106+0000] {processor.py:830} INFO - Processing file /home/airflow/.local/lib/python3.8/site-packages/airflow/example_dags/example_nested_branch_dag.py for tasks to queue
[2025-05-20T07:54:45.109+0000] {logging_mixin.py:188} INFO - [2025-05-20T07:54:45.108+0000] {dagbag.py:538} INFO - Filling up the DagBag from /home/airflow/.local/lib/python3.8/site-packages/airflow/example_dags/example_nested_branch_dag.py
[2025-05-20T07:54:45.130+0000] {processor.py:840} INFO - DAG(s) 'example_nested_branch_dag' retrieved from /home/airflow/.local/lib/python3.8/site-packages/airflow/example_dags/example_nested_branch_dag.py
[2025-05-20T07:54:45.173+0000] {logging_mixin.py:188} INFO - [2025-05-20T07:54:45.173+0000] {dag.py:3036} INFO - Sync 1 DAGs
[2025-05-20T07:54:45.224+0000] {logging_mixin.py:188} INFO - [2025-05-20T07:54:45.224+0000] {dag.py:3823} INFO - Setting next_dagrun for example_nested_branch_dag to 2025-05-19 00:00:00+00:00, run_after=2025-05-20 00:00:00+00:00
[2025-05-20T07:54:45.266+0000] {processor.py:183} INFO - Processing /home/airflow/.local/lib/python3.8/site-packages/airflow/example_dags/example_nested_branch_dag.py took 0.167 seconds
[2025-05-20T07:55:15.544+0000] {processor.py:161} INFO - Started process (PID=1322) to work on /home/airflow/.local/lib/python3.8/site-packages/airflow/example_dags/example_nested_branch_dag.py
[2025-05-20T07:55:15.546+0000] {processor.py:830} INFO - Processing file /home/airflow/.local/lib/python3.8/site-packages/airflow/example_dags/example_nested_branch_dag.py for tasks to queue
[2025-05-20T07:55:15.551+0000] {logging_mixin.py:188} INFO - [2025-05-20T07:55:15.550+0000] {dagbag.py:538} INFO - Filling up the DagBag from /home/airflow/.local/lib/python3.8/site-packages/airflow/example_dags/example_nested_branch_dag.py
[2025-05-20T07:55:15.576+0000] {processor.py:840} INFO - DAG(s) 'example_nested_branch_dag' retrieved from /home/airflow/.local/lib/python3.8/site-packages/airflow/example_dags/example_nested_branch_dag.py
[2025-05-20T07:55:15.621+0000] {logging_mixin.py:188} INFO - [2025-05-20T07:55:15.621+0000] {dag.py:3036} INFO - Sync 1 DAGs
[2025-05-20T07:55:15.671+0000] {logging_mixin.py:188} INFO - [2025-05-20T07:55:15.671+0000] {dag.py:3823} INFO - Setting next_dagrun for example_nested_branch_dag to 2025-05-19 00:00:00+00:00, run_after=2025-05-20 00:00:00+00:00
[2025-05-20T07:55:15.714+0000] {processor.py:183} INFO - Processing /home/airflow/.local/lib/python3.8/site-packages/airflow/example_dags/example_nested_branch_dag.py took 0.177 seconds
[2025-05-20T07:55:46.045+0000] {processor.py:161} INFO - Started process (PID=1387) to work on /home/airflow/.local/lib/python3.8/site-packages/airflow/example_dags/example_nested_branch_dag.py
[2025-05-20T07:55:46.047+0000] {processor.py:830} INFO - Processing file /home/airflow/.local/lib/python3.8/site-packages/airflow/example_dags/example_nested_branch_dag.py for tasks to queue
[2025-05-20T07:55:46.051+0000] {logging_mixin.py:188} INFO - [2025-05-20T07:55:46.050+0000] {dagbag.py:538} INFO - Filling up the DagBag from /home/airflow/.local/lib/python3.8/site-packages/airflow/example_dags/example_nested_branch_dag.py
[2025-05-20T07:55:46.080+0000] {processor.py:840} INFO - DAG(s) 'example_nested_branch_dag' retrieved from /home/airflow/.local/lib/python3.8/site-packages/airflow/example_dags/example_nested_branch_dag.py
[2025-05-20T07:55:46.135+0000] {logging_mixin.py:188} INFO - [2025-05-20T07:55:46.134+0000] {dag.py:3036} INFO - Sync 1 DAGs
[2025-05-20T07:55:46.183+0000] {logging_mixin.py:188} INFO - [2025-05-20T07:55:46.182+0000] {dag.py:3823} INFO - Setting next_dagrun for example_nested_branch_dag to 2025-05-19 00:00:00+00:00, run_after=2025-05-20 00:00:00+00:00
[2025-05-20T07:55:46.226+0000] {processor.py:183} INFO - Processing /home/airflow/.local/lib/python3.8/site-packages/airflow/example_dags/example_nested_branch_dag.py took 0.188 seconds
[2025-05-20T07:56:18.154+0000] {processor.py:161} INFO - Started process (PID=1452) to work on /home/airflow/.local/lib/python3.8/site-packages/airflow/example_dags/example_nested_branch_dag.py
[2025-05-20T07:56:18.157+0000] {processor.py:830} INFO - Processing file /home/airflow/.local/lib/python3.8/site-packages/airflow/example_dags/example_nested_branch_dag.py for tasks to queue
[2025-05-20T07:56:18.166+0000] {logging_mixin.py:188} INFO - [2025-05-20T07:56:18.165+0000] {dagbag.py:538} INFO - Filling up the DagBag from /home/airflow/.local/lib/python3.8/site-packages/airflow/example_dags/example_nested_branch_dag.py
[2025-05-20T07:56:18.201+0000] {processor.py:840} INFO - DAG(s) 'example_nested_branch_dag' retrieved from /home/airflow/.local/lib/python3.8/site-packages/airflow/example_dags/example_nested_branch_dag.py
[2025-05-20T07:56:18.248+0000] {logging_mixin.py:188} INFO - [2025-05-20T07:56:18.247+0000] {dag.py:3036} INFO - Sync 1 DAGs
[2025-05-20T07:56:18.291+0000] {logging_mixin.py:188} INFO - [2025-05-20T07:56:18.290+0000] {dag.py:3823} INFO - Setting next_dagrun for example_nested_branch_dag to 2025-05-19 00:00:00+00:00, run_after=2025-05-20 00:00:00+00:00
[2025-05-20T07:56:18.328+0000] {processor.py:183} INFO - Processing /home/airflow/.local/lib/python3.8/site-packages/airflow/example_dags/example_nested_branch_dag.py took 0.192 seconds
[2025-05-20T07:56:49.977+0000] {processor.py:161} INFO - Started process (PID=1517) to work on /home/airflow/.local/lib/python3.8/site-packages/airflow/example_dags/example_nested_branch_dag.py
[2025-05-20T07:56:49.981+0000] {processor.py:830} INFO - Processing file /home/airflow/.local/lib/python3.8/site-packages/airflow/example_dags/example_nested_branch_dag.py for tasks to queue
[2025-05-20T07:56:49.989+0000] {logging_mixin.py:188} INFO - [2025-05-20T07:56:49.987+0000] {dagbag.py:538} INFO - Filling up the DagBag from /home/airflow/.local/lib/python3.8/site-packages/airflow/example_dags/example_nested_branch_dag.py
[2025-05-20T07:56:50.033+0000] {processor.py:840} INFO - DAG(s) 'example_nested_branch_dag' retrieved from /home/airflow/.local/lib/python3.8/site-packages/airflow/example_dags/example_nested_branch_dag.py
[2025-05-20T07:56:50.121+0000] {logging_mixin.py:188} INFO - [2025-05-20T07:56:50.119+0000] {dag.py:3036} INFO - Sync 1 DAGs
[2025-05-20T07:56:50.226+0000] {logging_mixin.py:188} INFO - [2025-05-20T07:56:50.225+0000] {dag.py:3823} INFO - Setting next_dagrun for example_nested_branch_dag to 2025-05-19 00:00:00+00:00, run_after=2025-05-20 00:00:00+00:00
[2025-05-20T07:56:50.306+0000] {processor.py:183} INFO - Processing /home/airflow/.local/lib/python3.8/site-packages/airflow/example_dags/example_nested_branch_dag.py took 0.341 seconds
[2025-05-20T07:57:21.556+0000] {processor.py:161} INFO - Started process (PID=1582) to work on /home/airflow/.local/lib/python3.8/site-packages/airflow/example_dags/example_nested_branch_dag.py
[2025-05-20T07:57:21.558+0000] {processor.py:830} INFO - Processing file /home/airflow/.local/lib/python3.8/site-packages/airflow/example_dags/example_nested_branch_dag.py for tasks to queue
[2025-05-20T07:57:21.562+0000] {logging_mixin.py:188} INFO - [2025-05-20T07:57:21.561+0000] {dagbag.py:538} INFO - Filling up the DagBag from /home/airflow/.local/lib/python3.8/site-packages/airflow/example_dags/example_nested_branch_dag.py
[2025-05-20T07:57:21.599+0000] {processor.py:840} INFO - DAG(s) 'example_nested_branch_dag' retrieved from /home/airflow/.local/lib/python3.8/site-packages/airflow/example_dags/example_nested_branch_dag.py
[2025-05-20T07:57:21.651+0000] {logging_mixin.py:188} INFO - [2025-05-20T07:57:21.650+0000] {dag.py:3036} INFO - Sync 1 DAGs
[2025-05-20T07:57:21.718+0000] {logging_mixin.py:188} INFO - [2025-05-20T07:57:21.718+0000] {dag.py:3823} INFO - Setting next_dagrun for example_nested_branch_dag to 2025-05-19 00:00:00+00:00, run_after=2025-05-20 00:00:00+00:00
[2025-05-20T07:57:21.764+0000] {processor.py:183} INFO - Processing /home/airflow/.local/lib/python3.8/site-packages/airflow/example_dags/example_nested_branch_dag.py took 0.214 seconds
[2025-05-20T07:57:52.554+0000] {processor.py:161} INFO - Started process (PID=1647) to work on /home/airflow/.local/lib/python3.8/site-packages/airflow/example_dags/example_nested_branch_dag.py
[2025-05-20T07:57:52.556+0000] {processor.py:830} INFO - Processing file /home/airflow/.local/lib/python3.8/site-packages/airflow/example_dags/example_nested_branch_dag.py for tasks to queue
[2025-05-20T07:57:52.559+0000] {logging_mixin.py:188} INFO - [2025-05-20T07:57:52.559+0000] {dagbag.py:538} INFO - Filling up the DagBag from /home/airflow/.local/lib/python3.8/site-packages/airflow/example_dags/example_nested_branch_dag.py
[2025-05-20T07:57:52.577+0000] {processor.py:840} INFO - DAG(s) 'example_nested_branch_dag' retrieved from /home/airflow/.local/lib/python3.8/site-packages/airflow/example_dags/example_nested_branch_dag.py
[2025-05-20T07:57:52.620+0000] {logging_mixin.py:188} INFO - [2025-05-20T07:57:52.620+0000] {dag.py:3036} INFO - Sync 1 DAGs
[2025-05-20T07:57:52.670+0000] {logging_mixin.py:188} INFO - [2025-05-20T07:57:52.669+0000] {dag.py:3823} INFO - Setting next_dagrun for example_nested_branch_dag to 2025-05-19 00:00:00+00:00, run_after=2025-05-20 00:00:00+00:00
[2025-05-20T07:57:52.709+0000] {processor.py:183} INFO - Processing /home/airflow/.local/lib/python3.8/site-packages/airflow/example_dags/example_nested_branch_dag.py took 0.162 seconds
[2025-05-20T07:58:24.811+0000] {processor.py:161} INFO - Started process (PID=1712) to work on /home/airflow/.local/lib/python3.8/site-packages/airflow/example_dags/example_nested_branch_dag.py
[2025-05-20T07:58:24.812+0000] {processor.py:830} INFO - Processing file /home/airflow/.local/lib/python3.8/site-packages/airflow/example_dags/example_nested_branch_dag.py for tasks to queue
[2025-05-20T07:58:24.815+0000] {logging_mixin.py:188} INFO - [2025-05-20T07:58:24.815+0000] {dagbag.py:538} INFO - Filling up the DagBag from /home/airflow/.local/lib/python3.8/site-packages/airflow/example_dags/example_nested_branch_dag.py
[2025-05-20T07:58:24.838+0000] {processor.py:840} INFO - DAG(s) 'example_nested_branch_dag' retrieved from /home/airflow/.local/lib/python3.8/site-packages/airflow/example_dags/example_nested_branch_dag.py
[2025-05-20T07:58:24.872+0000] {logging_mixin.py:188} INFO - [2025-05-20T07:58:24.872+0000] {dag.py:3036} INFO - Sync 1 DAGs
[2025-05-20T07:58:24.924+0000] {logging_mixin.py:188} INFO - [2025-05-20T07:58:24.924+0000] {dag.py:3823} INFO - Setting next_dagrun for example_nested_branch_dag to 2025-05-19 00:00:00+00:00, run_after=2025-05-20 00:00:00+00:00
[2025-05-20T07:58:25.163+0000] {processor.py:183} INFO - Processing /home/airflow/.local/lib/python3.8/site-packages/airflow/example_dags/example_nested_branch_dag.py took 0.357 seconds
[2025-05-20T07:58:56.330+0000] {processor.py:161} INFO - Started process (PID=1777) to work on /home/airflow/.local/lib/python3.8/site-packages/airflow/example_dags/example_nested_branch_dag.py
[2025-05-20T07:58:56.334+0000] {processor.py:830} INFO - Processing file /home/airflow/.local/lib/python3.8/site-packages/airflow/example_dags/example_nested_branch_dag.py for tasks to queue
[2025-05-20T07:58:56.341+0000] {logging_mixin.py:188} INFO - [2025-05-20T07:58:56.339+0000] {dagbag.py:538} INFO - Filling up the DagBag from /home/airflow/.local/lib/python3.8/site-packages/airflow/example_dags/example_nested_branch_dag.py
[2025-05-20T07:58:56.388+0000] {processor.py:840} INFO - DAG(s) 'example_nested_branch_dag' retrieved from /home/airflow/.local/lib/python3.8/site-packages/airflow/example_dags/example_nested_branch_dag.py
[2025-05-20T07:58:56.479+0000] {logging_mixin.py:188} INFO - [2025-05-20T07:58:56.478+0000] {dag.py:3036} INFO - Sync 1 DAGs
[2025-05-20T07:58:56.897+0000] {logging_mixin.py:188} INFO - [2025-05-20T07:58:56.896+0000] {dag.py:3823} INFO - Setting next_dagrun for example_nested_branch_dag to 2025-05-19 00:00:00+00:00, run_after=2025-05-20 00:00:00+00:00
[2025-05-20T07:58:57.026+0000] {processor.py:183} INFO - Processing /home/airflow/.local/lib/python3.8/site-packages/airflow/example_dags/example_nested_branch_dag.py took 0.710 seconds
[2025-05-20T07:59:27.911+0000] {processor.py:161} INFO - Started process (PID=1842) to work on /home/airflow/.local/lib/python3.8/site-packages/airflow/example_dags/example_nested_branch_dag.py
[2025-05-20T07:59:27.915+0000] {processor.py:830} INFO - Processing file /home/airflow/.local/lib/python3.8/site-packages/airflow/example_dags/example_nested_branch_dag.py for tasks to queue
[2025-05-20T07:59:27.922+0000] {logging_mixin.py:188} INFO - [2025-05-20T07:59:27.920+0000] {dagbag.py:538} INFO - Filling up the DagBag from /home/airflow/.local/lib/python3.8/site-packages/airflow/example_dags/example_nested_branch_dag.py
[2025-05-20T07:59:27.962+0000] {processor.py:840} INFO - DAG(s) 'example_nested_branch_dag' retrieved from /home/airflow/.local/lib/python3.8/site-packages/airflow/example_dags/example_nested_branch_dag.py
[2025-05-20T07:59:28.053+0000] {logging_mixin.py:188} INFO - [2025-05-20T07:59:28.052+0000] {dag.py:3036} INFO - Sync 1 DAGs
[2025-05-20T07:59:28.161+0000] {logging_mixin.py:188} INFO - [2025-05-20T07:59:28.160+0000] {dag.py:3823} INFO - Setting next_dagrun for example_nested_branch_dag to 2025-05-19 00:00:00+00:00, run_after=2025-05-20 00:00:00+00:00
[2025-05-20T07:59:28.260+0000] {processor.py:183} INFO - Processing /home/airflow/.local/lib/python3.8/site-packages/airflow/example_dags/example_nested_branch_dag.py took 0.361 seconds
[2025-05-20T07:59:59.623+0000] {processor.py:161} INFO - Started process (PID=1907) to work on /home/airflow/.local/lib/python3.8/site-packages/airflow/example_dags/example_nested_branch_dag.py
[2025-05-20T07:59:59.625+0000] {processor.py:830} INFO - Processing file /home/airflow/.local/lib/python3.8/site-packages/airflow/example_dags/example_nested_branch_dag.py for tasks to queue
[2025-05-20T07:59:59.629+0000] {logging_mixin.py:188} INFO - [2025-05-20T07:59:59.628+0000] {dagbag.py:538} INFO - Filling up the DagBag from /home/airflow/.local/lib/python3.8/site-packages/airflow/example_dags/example_nested_branch_dag.py
[2025-05-20T07:59:59.653+0000] {processor.py:840} INFO - DAG(s) 'example_nested_branch_dag' retrieved from /home/airflow/.local/lib/python3.8/site-packages/airflow/example_dags/example_nested_branch_dag.py
[2025-05-20T07:59:59.697+0000] {logging_mixin.py:188} INFO - [2025-05-20T07:59:59.696+0000] {dag.py:3036} INFO - Sync 1 DAGs
[2025-05-20T07:59:59.902+0000] {logging_mixin.py:188} INFO - [2025-05-20T07:59:59.902+0000] {dag.py:3823} INFO - Setting next_dagrun for example_nested_branch_dag to 2025-05-19 00:00:00+00:00, run_after=2025-05-20 00:00:00+00:00
[2025-05-20T07:59:59.940+0000] {processor.py:183} INFO - Processing /home/airflow/.local/lib/python3.8/site-packages/airflow/example_dags/example_nested_branch_dag.py took 0.325 seconds
[2025-05-20T08:00:32.321+0000] {processor.py:161} INFO - Started process (PID=1972) to work on /home/airflow/.local/lib/python3.8/site-packages/airflow/example_dags/example_nested_branch_dag.py
[2025-05-20T08:00:32.322+0000] {processor.py:830} INFO - Processing file /home/airflow/.local/lib/python3.8/site-packages/airflow/example_dags/example_nested_branch_dag.py for tasks to queue
[2025-05-20T08:00:32.327+0000] {logging_mixin.py:188} INFO - [2025-05-20T08:00:32.326+0000] {dagbag.py:538} INFO - Filling up the DagBag from /home/airflow/.local/lib/python3.8/site-packages/airflow/example_dags/example_nested_branch_dag.py
[2025-05-20T08:00:32.346+0000] {processor.py:840} INFO - DAG(s) 'example_nested_branch_dag' retrieved from /home/airflow/.local/lib/python3.8/site-packages/airflow/example_dags/example_nested_branch_dag.py
[2025-05-20T08:00:32.397+0000] {logging_mixin.py:188} INFO - [2025-05-20T08:00:32.397+0000] {dag.py:3036} INFO - Sync 1 DAGs
[2025-05-20T08:00:32.450+0000] {logging_mixin.py:188} INFO - [2025-05-20T08:00:32.449+0000] {dag.py:3823} INFO - Setting next_dagrun for example_nested_branch_dag to 2025-05-19 00:00:00+00:00, run_after=2025-05-20 00:00:00+00:00
[2025-05-20T08:00:32.549+0000] {processor.py:183} INFO - Processing /home/airflow/.local/lib/python3.8/site-packages/airflow/example_dags/example_nested_branch_dag.py took 0.235 seconds
[2025-05-20T08:01:03.537+0000] {processor.py:161} INFO - Started process (PID=2037) to work on /home/airflow/.local/lib/python3.8/site-packages/airflow/example_dags/example_nested_branch_dag.py
[2025-05-20T08:01:03.539+0000] {processor.py:830} INFO - Processing file /home/airflow/.local/lib/python3.8/site-packages/airflow/example_dags/example_nested_branch_dag.py for tasks to queue
[2025-05-20T08:01:03.541+0000] {logging_mixin.py:188} INFO - [2025-05-20T08:01:03.541+0000] {dagbag.py:538} INFO - Filling up the DagBag from /home/airflow/.local/lib/python3.8/site-packages/airflow/example_dags/example_nested_branch_dag.py
[2025-05-20T08:01:03.558+0000] {processor.py:840} INFO - DAG(s) 'example_nested_branch_dag' retrieved from /home/airflow/.local/lib/python3.8/site-packages/airflow/example_dags/example_nested_branch_dag.py
[2025-05-20T08:01:03.821+0000] {logging_mixin.py:188} INFO - [2025-05-20T08:01:03.820+0000] {dag.py:3036} INFO - Sync 1 DAGs
[2025-05-20T08:01:03.909+0000] {logging_mixin.py:188} INFO - [2025-05-20T08:01:03.908+0000] {dag.py:3823} INFO - Setting next_dagrun for example_nested_branch_dag to 2025-05-19 00:00:00+00:00, run_after=2025-05-20 00:00:00+00:00
[2025-05-20T08:01:03.985+0000] {processor.py:183} INFO - Processing /home/airflow/.local/lib/python3.8/site-packages/airflow/example_dags/example_nested_branch_dag.py took 0.453 seconds
[2025-05-20T08:01:34.904+0000] {processor.py:161} INFO - Started process (PID=2108) to work on /home/airflow/.local/lib/python3.8/site-packages/airflow/example_dags/example_nested_branch_dag.py
[2025-05-20T08:01:34.906+0000] {processor.py:830} INFO - Processing file /home/airflow/.local/lib/python3.8/site-packages/airflow/example_dags/example_nested_branch_dag.py for tasks to queue
[2025-05-20T08:01:34.911+0000] {logging_mixin.py:188} INFO - [2025-05-20T08:01:34.911+0000] {dagbag.py:538} INFO - Filling up the DagBag from /home/airflow/.local/lib/python3.8/site-packages/airflow/example_dags/example_nested_branch_dag.py
[2025-05-20T08:01:34.937+0000] {processor.py:840} INFO - DAG(s) 'example_nested_branch_dag' retrieved from /home/airflow/.local/lib/python3.8/site-packages/airflow/example_dags/example_nested_branch_dag.py
[2025-05-20T08:01:34.992+0000] {logging_mixin.py:188} INFO - [2025-05-20T08:01:34.991+0000] {dag.py:3036} INFO - Sync 1 DAGs
[2025-05-20T08:01:35.075+0000] {logging_mixin.py:188} INFO - [2025-05-20T08:01:35.074+0000] {dag.py:3823} INFO - Setting next_dagrun for example_nested_branch_dag to 2025-05-19 00:00:00+00:00, run_after=2025-05-20 00:00:00+00:00
[2025-05-20T08:01:35.122+0000] {processor.py:183} INFO - Processing /home/airflow/.local/lib/python3.8/site-packages/airflow/example_dags/example_nested_branch_dag.py took 0.226 seconds
[2025-05-20T08:02:05.414+0000] {processor.py:161} INFO - Started process (PID=2173) to work on /home/airflow/.local/lib/python3.8/site-packages/airflow/example_dags/example_nested_branch_dag.py
[2025-05-20T08:02:05.417+0000] {processor.py:830} INFO - Processing file /home/airflow/.local/lib/python3.8/site-packages/airflow/example_dags/example_nested_branch_dag.py for tasks to queue
[2025-05-20T08:02:05.422+0000] {logging_mixin.py:188} INFO - [2025-05-20T08:02:05.422+0000] {dagbag.py:538} INFO - Filling up the DagBag from /home/airflow/.local/lib/python3.8/site-packages/airflow/example_dags/example_nested_branch_dag.py
[2025-05-20T08:02:05.443+0000] {processor.py:840} INFO - DAG(s) 'example_nested_branch_dag' retrieved from /home/airflow/.local/lib/python3.8/site-packages/airflow/example_dags/example_nested_branch_dag.py
[2025-05-20T08:02:05.490+0000] {logging_mixin.py:188} INFO - [2025-05-20T08:02:05.489+0000] {dag.py:3036} INFO - Sync 1 DAGs
[2025-05-20T08:02:05.553+0000] {logging_mixin.py:188} INFO - [2025-05-20T08:02:05.552+0000] {dag.py:3823} INFO - Setting next_dagrun for example_nested_branch_dag to 2025-05-19 00:00:00+00:00, run_after=2025-05-20 00:00:00+00:00
[2025-05-20T08:02:05.613+0000] {processor.py:183} INFO - Processing /home/airflow/.local/lib/python3.8/site-packages/airflow/example_dags/example_nested_branch_dag.py took 0.206 seconds
[2025-05-20T08:02:35.911+0000] {processor.py:161} INFO - Started process (PID=2239) to work on /home/airflow/.local/lib/python3.8/site-packages/airflow/example_dags/example_nested_branch_dag.py
[2025-05-20T08:02:35.914+0000] {processor.py:830} INFO - Processing file /home/airflow/.local/lib/python3.8/site-packages/airflow/example_dags/example_nested_branch_dag.py for tasks to queue
[2025-05-20T08:02:35.918+0000] {logging_mixin.py:188} INFO - [2025-05-20T08:02:35.918+0000] {dagbag.py:538} INFO - Filling up the DagBag from /home/airflow/.local/lib/python3.8/site-packages/airflow/example_dags/example_nested_branch_dag.py
[2025-05-20T08:02:35.943+0000] {processor.py:840} INFO - DAG(s) 'example_nested_branch_dag' retrieved from /home/airflow/.local/lib/python3.8/site-packages/airflow/example_dags/example_nested_branch_dag.py
[2025-05-20T08:02:35.999+0000] {logging_mixin.py:188} INFO - [2025-05-20T08:02:35.998+0000] {dag.py:3036} INFO - Sync 1 DAGs
[2025-05-20T08:02:36.072+0000] {logging_mixin.py:188} INFO - [2025-05-20T08:02:36.072+0000] {dag.py:3823} INFO - Setting next_dagrun for example_nested_branch_dag to 2025-05-19 00:00:00+00:00, run_after=2025-05-20 00:00:00+00:00
[2025-05-20T08:02:36.131+0000] {processor.py:183} INFO - Processing /home/airflow/.local/lib/python3.8/site-packages/airflow/example_dags/example_nested_branch_dag.py took 0.228 seconds
[2025-05-20T08:03:06.975+0000] {processor.py:161} INFO - Started process (PID=2304) to work on /home/airflow/.local/lib/python3.8/site-packages/airflow/example_dags/example_nested_branch_dag.py
[2025-05-20T08:03:06.977+0000] {processor.py:830} INFO - Processing file /home/airflow/.local/lib/python3.8/site-packages/airflow/example_dags/example_nested_branch_dag.py for tasks to queue
[2025-05-20T08:03:06.982+0000] {logging_mixin.py:188} INFO - [2025-05-20T08:03:06.981+0000] {dagbag.py:538} INFO - Filling up the DagBag from /home/airflow/.local/lib/python3.8/site-packages/airflow/example_dags/example_nested_branch_dag.py
[2025-05-20T08:03:07.007+0000] {processor.py:840} INFO - DAG(s) 'example_nested_branch_dag' retrieved from /home/airflow/.local/lib/python3.8/site-packages/airflow/example_dags/example_nested_branch_dag.py
[2025-05-20T08:03:07.050+0000] {logging_mixin.py:188} INFO - [2025-05-20T08:03:07.049+0000] {dag.py:3036} INFO - Sync 1 DAGs
[2025-05-20T08:03:07.104+0000] {logging_mixin.py:188} INFO - [2025-05-20T08:03:07.103+0000] {dag.py:3823} INFO - Setting next_dagrun for example_nested_branch_dag to 2025-05-19 00:00:00+00:00, run_after=2025-05-20 00:00:00+00:00
[2025-05-20T08:03:07.141+0000] {processor.py:183} INFO - Processing /home/airflow/.local/lib/python3.8/site-packages/airflow/example_dags/example_nested_branch_dag.py took 0.173 seconds
[2025-05-20T08:03:37.999+0000] {processor.py:161} INFO - Started process (PID=2369) to work on /home/airflow/.local/lib/python3.8/site-packages/airflow/example_dags/example_nested_branch_dag.py
[2025-05-20T08:03:38.001+0000] {processor.py:830} INFO - Processing file /home/airflow/.local/lib/python3.8/site-packages/airflow/example_dags/example_nested_branch_dag.py for tasks to queue
[2025-05-20T08:03:38.005+0000] {logging_mixin.py:188} INFO - [2025-05-20T08:03:38.004+0000] {dagbag.py:538} INFO - Filling up the DagBag from /home/airflow/.local/lib/python3.8/site-packages/airflow/example_dags/example_nested_branch_dag.py
[2025-05-20T08:03:38.027+0000] {processor.py:840} INFO - DAG(s) 'example_nested_branch_dag' retrieved from /home/airflow/.local/lib/python3.8/site-packages/airflow/example_dags/example_nested_branch_dag.py
[2025-05-20T08:03:38.080+0000] {logging_mixin.py:188} INFO - [2025-05-20T08:03:38.079+0000] {dag.py:3036} INFO - Sync 1 DAGs
[2025-05-20T08:03:38.128+0000] {logging_mixin.py:188} INFO - [2025-05-20T08:03:38.128+0000] {dag.py:3823} INFO - Setting next_dagrun for example_nested_branch_dag to 2025-05-19 00:00:00+00:00, run_after=2025-05-20 00:00:00+00:00
[2025-05-20T08:03:38.163+0000] {processor.py:183} INFO - Processing /home/airflow/.local/lib/python3.8/site-packages/airflow/example_dags/example_nested_branch_dag.py took 0.169 seconds
[2025-05-20T08:04:09.430+0000] {processor.py:161} INFO - Started process (PID=2434) to work on /home/airflow/.local/lib/python3.8/site-packages/airflow/example_dags/example_nested_branch_dag.py
[2025-05-20T08:04:09.433+0000] {processor.py:830} INFO - Processing file /home/airflow/.local/lib/python3.8/site-packages/airflow/example_dags/example_nested_branch_dag.py for tasks to queue
[2025-05-20T08:04:09.437+0000] {logging_mixin.py:188} INFO - [2025-05-20T08:04:09.437+0000] {dagbag.py:538} INFO - Filling up the DagBag from /home/airflow/.local/lib/python3.8/site-packages/airflow/example_dags/example_nested_branch_dag.py
[2025-05-20T08:04:09.465+0000] {processor.py:840} INFO - DAG(s) 'example_nested_branch_dag' retrieved from /home/airflow/.local/lib/python3.8/site-packages/airflow/example_dags/example_nested_branch_dag.py
[2025-05-20T08:04:09.509+0000] {logging_mixin.py:188} INFO - [2025-05-20T08:04:09.508+0000] {dag.py:3036} INFO - Sync 1 DAGs
[2025-05-20T08:04:09.565+0000] {logging_mixin.py:188} INFO - [2025-05-20T08:04:09.564+0000] {dag.py:3823} INFO - Setting next_dagrun for example_nested_branch_dag to 2025-05-19 00:00:00+00:00, run_after=2025-05-20 00:00:00+00:00
[2025-05-20T08:04:09.612+0000] {processor.py:183} INFO - Processing /home/airflow/.local/lib/python3.8/site-packages/airflow/example_dags/example_nested_branch_dag.py took 0.187 seconds
