[2025-05-20T07:45:16.847+0000] {processor.py:161} INFO - Started process (PID=74) to work on /home/airflow/.local/lib/python3.8/site-packages/airflow/example_dags/example_datasets.py
[2025-05-20T07:45:16.849+0000] {processor.py:830} INFO - Processing file /home/airflow/.local/lib/python3.8/site-packages/airflow/example_dags/example_datasets.py for tasks to queue
[2025-05-20T07:45:16.852+0000] {logging_mixin.py:188} INFO - [2025-05-20T07:45:16.852+0000] {dagbag.py:538} INFO - Filling up the DagBag from /home/airflow/.local/lib/python3.8/site-packages/airflow/example_dags/example_datasets.py
[2025-05-20T07:45:16.874+0000] {processor.py:840} INFO - DAG(s) 'dataset_consumes_1_and_2', 'dataset_produces_2', 'dataset_consumes_1_never_scheduled', 'dataset_produces_1', 'dataset_consumes_1', 'dataset_consumes_unknown_never_scheduled' retrieved from /home/airflow/.local/lib/python3.8/site-packages/airflow/example_dags/example_datasets.py
[2025-05-20T07:45:17.159+0000] {logging_mixin.py:188} INFO - [2025-05-20T07:45:17.158+0000] {dag.py:3036} INFO - Sync 6 DAGs
[2025-05-20T07:45:17.193+0000] {logging_mixin.py:188} INFO - [2025-05-20T07:45:17.193+0000] {dag.py:3823} INFO - Setting next_dagrun for dataset_consumes_1 to None, run_after=None
[2025-05-20T07:45:17.199+0000] {logging_mixin.py:188} INFO - [2025-05-20T07:45:17.199+0000] {dag.py:3823} INFO - Setting next_dagrun for dataset_consumes_1_and_2 to None, run_after=None
[2025-05-20T07:45:17.202+0000] {logging_mixin.py:188} INFO - [2025-05-20T07:45:17.202+0000] {dag.py:3823} INFO - Setting next_dagrun for dataset_consumes_1_never_scheduled to None, run_after=None
[2025-05-20T07:45:17.205+0000] {logging_mixin.py:188} INFO - [2025-05-20T07:45:17.204+0000] {dag.py:3823} INFO - Setting next_dagrun for dataset_consumes_unknown_never_scheduled to None, run_after=None
[2025-05-20T07:45:17.210+0000] {logging_mixin.py:188} INFO - [2025-05-20T07:45:17.210+0000] {dag.py:3823} INFO - Setting next_dagrun for dataset_produces_1 to 2025-05-19 00:00:00+00:00, run_after=2025-05-20 00:00:00+00:00
[2025-05-20T07:45:17.213+0000] {logging_mixin.py:188} INFO - [2025-05-20T07:45:17.213+0000] {dag.py:3823} INFO - Setting next_dagrun for dataset_produces_2 to None, run_after=None
[2025-05-20T07:45:17.280+0000] {processor.py:183} INFO - Processing /home/airflow/.local/lib/python3.8/site-packages/airflow/example_dags/example_datasets.py took 0.438 seconds
[2025-05-20T07:45:47.484+0000] {processor.py:161} INFO - Started process (PID=139) to work on /home/airflow/.local/lib/python3.8/site-packages/airflow/example_dags/example_datasets.py
[2025-05-20T07:45:47.487+0000] {processor.py:830} INFO - Processing file /home/airflow/.local/lib/python3.8/site-packages/airflow/example_dags/example_datasets.py for tasks to queue
[2025-05-20T07:45:47.491+0000] {logging_mixin.py:188} INFO - [2025-05-20T07:45:47.490+0000] {dagbag.py:538} INFO - Filling up the DagBag from /home/airflow/.local/lib/python3.8/site-packages/airflow/example_dags/example_datasets.py
[2025-05-20T07:45:47.514+0000] {processor.py:840} INFO - DAG(s) 'dataset_produces_2', 'dataset_consumes_1', 'dataset_consumes_unknown_never_scheduled', 'dataset_consumes_1_and_2', 'dataset_produces_1', 'dataset_consumes_1_never_scheduled' retrieved from /home/airflow/.local/lib/python3.8/site-packages/airflow/example_dags/example_datasets.py
[2025-05-20T07:45:47.603+0000] {logging_mixin.py:188} INFO - [2025-05-20T07:45:47.603+0000] {dag.py:3036} INFO - Sync 6 DAGs
[2025-05-20T07:45:47.663+0000] {logging_mixin.py:188} INFO - [2025-05-20T07:45:47.663+0000] {dag.py:3823} INFO - Setting next_dagrun for dataset_consumes_1 to None, run_after=None
[2025-05-20T07:45:47.673+0000] {logging_mixin.py:188} INFO - [2025-05-20T07:45:47.673+0000] {dag.py:3823} INFO - Setting next_dagrun for dataset_consumes_1_and_2 to None, run_after=None
[2025-05-20T07:45:47.678+0000] {logging_mixin.py:188} INFO - [2025-05-20T07:45:47.677+0000] {dag.py:3823} INFO - Setting next_dagrun for dataset_consumes_1_never_scheduled to None, run_after=None
[2025-05-20T07:45:47.683+0000] {logging_mixin.py:188} INFO - [2025-05-20T07:45:47.682+0000] {dag.py:3823} INFO - Setting next_dagrun for dataset_consumes_unknown_never_scheduled to None, run_after=None
[2025-05-20T07:45:47.694+0000] {logging_mixin.py:188} INFO - [2025-05-20T07:45:47.693+0000] {dag.py:3823} INFO - Setting next_dagrun for dataset_produces_1 to 2025-05-19 00:00:00+00:00, run_after=2025-05-20 00:00:00+00:00
[2025-05-20T07:45:47.699+0000] {logging_mixin.py:188} INFO - [2025-05-20T07:45:47.698+0000] {dag.py:3823} INFO - Setting next_dagrun for dataset_produces_2 to None, run_after=None
[2025-05-20T07:45:47.786+0000] {processor.py:183} INFO - Processing /home/airflow/.local/lib/python3.8/site-packages/airflow/example_dags/example_datasets.py took 0.312 seconds
[2025-05-20T07:46:17.883+0000] {processor.py:161} INFO - Started process (PID=204) to work on /home/airflow/.local/lib/python3.8/site-packages/airflow/example_dags/example_datasets.py
[2025-05-20T07:46:17.885+0000] {processor.py:830} INFO - Processing file /home/airflow/.local/lib/python3.8/site-packages/airflow/example_dags/example_datasets.py for tasks to queue
[2025-05-20T07:46:17.889+0000] {logging_mixin.py:188} INFO - [2025-05-20T07:46:17.888+0000] {dagbag.py:538} INFO - Filling up the DagBag from /home/airflow/.local/lib/python3.8/site-packages/airflow/example_dags/example_datasets.py
[2025-05-20T07:46:17.910+0000] {processor.py:840} INFO - DAG(s) 'dataset_consumes_1_and_2', 'dataset_produces_1', 'dataset_consumes_1', 'dataset_consumes_unknown_never_scheduled', 'dataset_produces_2', 'dataset_consumes_1_never_scheduled' retrieved from /home/airflow/.local/lib/python3.8/site-packages/airflow/example_dags/example_datasets.py
[2025-05-20T07:46:17.996+0000] {logging_mixin.py:188} INFO - [2025-05-20T07:46:17.996+0000] {dag.py:3036} INFO - Sync 6 DAGs
[2025-05-20T07:46:18.044+0000] {logging_mixin.py:188} INFO - [2025-05-20T07:46:18.043+0000] {dag.py:3823} INFO - Setting next_dagrun for dataset_consumes_1 to None, run_after=None
[2025-05-20T07:46:18.051+0000] {logging_mixin.py:188} INFO - [2025-05-20T07:46:18.050+0000] {dag.py:3823} INFO - Setting next_dagrun for dataset_consumes_1_and_2 to None, run_after=None
[2025-05-20T07:46:18.054+0000] {logging_mixin.py:188} INFO - [2025-05-20T07:46:18.054+0000] {dag.py:3823} INFO - Setting next_dagrun for dataset_consumes_1_never_scheduled to None, run_after=None
[2025-05-20T07:46:18.058+0000] {logging_mixin.py:188} INFO - [2025-05-20T07:46:18.057+0000] {dag.py:3823} INFO - Setting next_dagrun for dataset_consumes_unknown_never_scheduled to None, run_after=None
[2025-05-20T07:46:18.065+0000] {logging_mixin.py:188} INFO - [2025-05-20T07:46:18.065+0000] {dag.py:3823} INFO - Setting next_dagrun for dataset_produces_1 to 2025-05-19 00:00:00+00:00, run_after=2025-05-20 00:00:00+00:00
[2025-05-20T07:46:18.069+0000] {logging_mixin.py:188} INFO - [2025-05-20T07:46:18.068+0000] {dag.py:3823} INFO - Setting next_dagrun for dataset_produces_2 to None, run_after=None
[2025-05-20T07:46:18.143+0000] {processor.py:183} INFO - Processing /home/airflow/.local/lib/python3.8/site-packages/airflow/example_dags/example_datasets.py took 0.266 seconds
[2025-05-20T07:46:49.908+0000] {processor.py:161} INFO - Started process (PID=269) to work on /home/airflow/.local/lib/python3.8/site-packages/airflow/example_dags/example_datasets.py
[2025-05-20T07:46:49.911+0000] {processor.py:830} INFO - Processing file /home/airflow/.local/lib/python3.8/site-packages/airflow/example_dags/example_datasets.py for tasks to queue
[2025-05-20T07:46:49.918+0000] {logging_mixin.py:188} INFO - [2025-05-20T07:46:49.917+0000] {dagbag.py:538} INFO - Filling up the DagBag from /home/airflow/.local/lib/python3.8/site-packages/airflow/example_dags/example_datasets.py
[2025-05-20T07:46:49.950+0000] {processor.py:840} INFO - DAG(s) 'dataset_consumes_unknown_never_scheduled', 'dataset_produces_1', 'dataset_consumes_1_never_scheduled', 'dataset_consumes_1_and_2', 'dataset_consumes_1', 'dataset_produces_2' retrieved from /home/airflow/.local/lib/python3.8/site-packages/airflow/example_dags/example_datasets.py
[2025-05-20T07:46:50.078+0000] {logging_mixin.py:188} INFO - [2025-05-20T07:46:50.078+0000] {dag.py:3036} INFO - Sync 6 DAGs
[2025-05-20T07:46:50.130+0000] {logging_mixin.py:188} INFO - [2025-05-20T07:46:50.130+0000] {dag.py:3823} INFO - Setting next_dagrun for dataset_consumes_1 to None, run_after=None
[2025-05-20T07:46:50.137+0000] {logging_mixin.py:188} INFO - [2025-05-20T07:46:50.137+0000] {dag.py:3823} INFO - Setting next_dagrun for dataset_consumes_1_and_2 to None, run_after=None
[2025-05-20T07:46:50.140+0000] {logging_mixin.py:188} INFO - [2025-05-20T07:46:50.140+0000] {dag.py:3823} INFO - Setting next_dagrun for dataset_consumes_1_never_scheduled to None, run_after=None
[2025-05-20T07:46:50.143+0000] {logging_mixin.py:188} INFO - [2025-05-20T07:46:50.142+0000] {dag.py:3823} INFO - Setting next_dagrun for dataset_consumes_unknown_never_scheduled to None, run_after=None
[2025-05-20T07:46:50.149+0000] {logging_mixin.py:188} INFO - [2025-05-20T07:46:50.148+0000] {dag.py:3823} INFO - Setting next_dagrun for dataset_produces_1 to 2025-05-19 00:00:00+00:00, run_after=2025-05-20 00:00:00+00:00
[2025-05-20T07:46:50.152+0000] {logging_mixin.py:188} INFO - [2025-05-20T07:46:50.151+0000] {dag.py:3823} INFO - Setting next_dagrun for dataset_produces_2 to None, run_after=None
[2025-05-20T07:46:50.214+0000] {processor.py:183} INFO - Processing /home/airflow/.local/lib/python3.8/site-packages/airflow/example_dags/example_datasets.py took 0.318 seconds
[2025-05-20T07:47:22.486+0000] {processor.py:161} INFO - Started process (PID=334) to work on /home/airflow/.local/lib/python3.8/site-packages/airflow/example_dags/example_datasets.py
[2025-05-20T07:47:22.488+0000] {processor.py:830} INFO - Processing file /home/airflow/.local/lib/python3.8/site-packages/airflow/example_dags/example_datasets.py for tasks to queue
[2025-05-20T07:47:22.492+0000] {logging_mixin.py:188} INFO - [2025-05-20T07:47:22.492+0000] {dagbag.py:538} INFO - Filling up the DagBag from /home/airflow/.local/lib/python3.8/site-packages/airflow/example_dags/example_datasets.py
[2025-05-20T07:47:22.516+0000] {processor.py:840} INFO - DAG(s) 'dataset_produces_1', 'dataset_consumes_1_and_2', 'dataset_produces_2', 'dataset_consumes_1', 'dataset_consumes_unknown_never_scheduled', 'dataset_consumes_1_never_scheduled' retrieved from /home/airflow/.local/lib/python3.8/site-packages/airflow/example_dags/example_datasets.py
[2025-05-20T07:47:22.608+0000] {logging_mixin.py:188} INFO - [2025-05-20T07:47:22.608+0000] {dag.py:3036} INFO - Sync 6 DAGs
[2025-05-20T07:47:22.660+0000] {logging_mixin.py:188} INFO - [2025-05-20T07:47:22.660+0000] {dag.py:3823} INFO - Setting next_dagrun for dataset_consumes_1 to None, run_after=None
[2025-05-20T07:47:22.672+0000] {logging_mixin.py:188} INFO - [2025-05-20T07:47:22.672+0000] {dag.py:3823} INFO - Setting next_dagrun for dataset_consumes_1_and_2 to None, run_after=None
[2025-05-20T07:47:22.677+0000] {logging_mixin.py:188} INFO - [2025-05-20T07:47:22.677+0000] {dag.py:3823} INFO - Setting next_dagrun for dataset_consumes_1_never_scheduled to None, run_after=None
[2025-05-20T07:47:22.683+0000] {logging_mixin.py:188} INFO - [2025-05-20T07:47:22.682+0000] {dag.py:3823} INFO - Setting next_dagrun for dataset_consumes_unknown_never_scheduled to None, run_after=None
[2025-05-20T07:47:22.696+0000] {logging_mixin.py:188} INFO - [2025-05-20T07:47:22.695+0000] {dag.py:3823} INFO - Setting next_dagrun for dataset_produces_1 to 2025-05-19 00:00:00+00:00, run_after=2025-05-20 00:00:00+00:00
[2025-05-20T07:47:22.701+0000] {logging_mixin.py:188} INFO - [2025-05-20T07:47:22.700+0000] {dag.py:3823} INFO - Setting next_dagrun for dataset_produces_2 to None, run_after=None
[2025-05-20T07:47:22.784+0000] {processor.py:183} INFO - Processing /home/airflow/.local/lib/python3.8/site-packages/airflow/example_dags/example_datasets.py took 0.305 seconds
[2025-05-20T07:47:53.166+0000] {processor.py:161} INFO - Started process (PID=399) to work on /home/airflow/.local/lib/python3.8/site-packages/airflow/example_dags/example_datasets.py
[2025-05-20T07:47:53.168+0000] {processor.py:830} INFO - Processing file /home/airflow/.local/lib/python3.8/site-packages/airflow/example_dags/example_datasets.py for tasks to queue
[2025-05-20T07:47:53.171+0000] {logging_mixin.py:188} INFO - [2025-05-20T07:47:53.171+0000] {dagbag.py:538} INFO - Filling up the DagBag from /home/airflow/.local/lib/python3.8/site-packages/airflow/example_dags/example_datasets.py
[2025-05-20T07:47:53.193+0000] {processor.py:840} INFO - DAG(s) 'dataset_consumes_1', 'dataset_produces_2', 'dataset_consumes_unknown_never_scheduled', 'dataset_consumes_1_and_2', 'dataset_produces_1', 'dataset_consumes_1_never_scheduled' retrieved from /home/airflow/.local/lib/python3.8/site-packages/airflow/example_dags/example_datasets.py
[2025-05-20T07:47:53.254+0000] {logging_mixin.py:188} INFO - [2025-05-20T07:47:53.254+0000] {dag.py:3036} INFO - Sync 6 DAGs
[2025-05-20T07:47:53.293+0000] {logging_mixin.py:188} INFO - [2025-05-20T07:47:53.292+0000] {dag.py:3823} INFO - Setting next_dagrun for dataset_consumes_1 to None, run_after=None
[2025-05-20T07:47:53.299+0000] {logging_mixin.py:188} INFO - [2025-05-20T07:47:53.299+0000] {dag.py:3823} INFO - Setting next_dagrun for dataset_consumes_1_and_2 to None, run_after=None
[2025-05-20T07:47:53.301+0000] {logging_mixin.py:188} INFO - [2025-05-20T07:47:53.301+0000] {dag.py:3823} INFO - Setting next_dagrun for dataset_consumes_1_never_scheduled to None, run_after=None
[2025-05-20T07:47:53.304+0000] {logging_mixin.py:188} INFO - [2025-05-20T07:47:53.304+0000] {dag.py:3823} INFO - Setting next_dagrun for dataset_consumes_unknown_never_scheduled to None, run_after=None
[2025-05-20T07:47:53.310+0000] {logging_mixin.py:188} INFO - [2025-05-20T07:47:53.309+0000] {dag.py:3823} INFO - Setting next_dagrun for dataset_produces_1 to 2025-05-19 00:00:00+00:00, run_after=2025-05-20 00:00:00+00:00
[2025-05-20T07:47:53.312+0000] {logging_mixin.py:188} INFO - [2025-05-20T07:47:53.312+0000] {dag.py:3823} INFO - Setting next_dagrun for dataset_produces_2 to None, run_after=None
[2025-05-20T07:47:53.393+0000] {processor.py:183} INFO - Processing /home/airflow/.local/lib/python3.8/site-packages/airflow/example_dags/example_datasets.py took 0.232 seconds
[2025-05-20T07:48:25.460+0000] {processor.py:161} INFO - Started process (PID=464) to work on /home/airflow/.local/lib/python3.8/site-packages/airflow/example_dags/example_datasets.py
[2025-05-20T07:48:25.462+0000] {processor.py:830} INFO - Processing file /home/airflow/.local/lib/python3.8/site-packages/airflow/example_dags/example_datasets.py for tasks to queue
[2025-05-20T07:48:25.467+0000] {logging_mixin.py:188} INFO - [2025-05-20T07:48:25.467+0000] {dagbag.py:538} INFO - Filling up the DagBag from /home/airflow/.local/lib/python3.8/site-packages/airflow/example_dags/example_datasets.py
[2025-05-20T07:48:25.489+0000] {processor.py:840} INFO - DAG(s) 'dataset_consumes_unknown_never_scheduled', 'dataset_produces_1', 'dataset_consumes_1_and_2', 'dataset_consumes_1', 'dataset_consumes_1_never_scheduled', 'dataset_produces_2' retrieved from /home/airflow/.local/lib/python3.8/site-packages/airflow/example_dags/example_datasets.py
[2025-05-20T07:48:25.569+0000] {logging_mixin.py:188} INFO - [2025-05-20T07:48:25.568+0000] {dag.py:3036} INFO - Sync 6 DAGs
[2025-05-20T07:48:25.625+0000] {logging_mixin.py:188} INFO - [2025-05-20T07:48:25.625+0000] {dag.py:3823} INFO - Setting next_dagrun for dataset_consumes_1 to None, run_after=None
[2025-05-20T07:48:25.634+0000] {logging_mixin.py:188} INFO - [2025-05-20T07:48:25.633+0000] {dag.py:3823} INFO - Setting next_dagrun for dataset_consumes_1_and_2 to None, run_after=None
[2025-05-20T07:48:25.638+0000] {logging_mixin.py:188} INFO - [2025-05-20T07:48:25.637+0000] {dag.py:3823} INFO - Setting next_dagrun for dataset_consumes_1_never_scheduled to None, run_after=None
[2025-05-20T07:48:25.642+0000] {logging_mixin.py:188} INFO - [2025-05-20T07:48:25.641+0000] {dag.py:3823} INFO - Setting next_dagrun for dataset_consumes_unknown_never_scheduled to None, run_after=None
[2025-05-20T07:48:25.649+0000] {logging_mixin.py:188} INFO - [2025-05-20T07:48:25.648+0000] {dag.py:3823} INFO - Setting next_dagrun for dataset_produces_1 to 2025-05-19 00:00:00+00:00, run_after=2025-05-20 00:00:00+00:00
[2025-05-20T07:48:25.653+0000] {logging_mixin.py:188} INFO - [2025-05-20T07:48:25.652+0000] {dag.py:3823} INFO - Setting next_dagrun for dataset_produces_2 to None, run_after=None
[2025-05-20T07:48:25.736+0000] {processor.py:183} INFO - Processing /home/airflow/.local/lib/python3.8/site-packages/airflow/example_dags/example_datasets.py took 0.285 seconds
[2025-05-20T07:48:56.212+0000] {processor.py:161} INFO - Started process (PID=529) to work on /home/airflow/.local/lib/python3.8/site-packages/airflow/example_dags/example_datasets.py
[2025-05-20T07:48:56.214+0000] {processor.py:830} INFO - Processing file /home/airflow/.local/lib/python3.8/site-packages/airflow/example_dags/example_datasets.py for tasks to queue
[2025-05-20T07:48:56.219+0000] {logging_mixin.py:188} INFO - [2025-05-20T07:48:56.218+0000] {dagbag.py:538} INFO - Filling up the DagBag from /home/airflow/.local/lib/python3.8/site-packages/airflow/example_dags/example_datasets.py
[2025-05-20T07:48:56.246+0000] {processor.py:840} INFO - DAG(s) 'dataset_consumes_unknown_never_scheduled', 'dataset_consumes_1_and_2', 'dataset_produces_2', 'dataset_consumes_1_never_scheduled', 'dataset_produces_1', 'dataset_consumes_1' retrieved from /home/airflow/.local/lib/python3.8/site-packages/airflow/example_dags/example_datasets.py
[2025-05-20T07:48:56.345+0000] {logging_mixin.py:188} INFO - [2025-05-20T07:48:56.345+0000] {dag.py:3036} INFO - Sync 6 DAGs
[2025-05-20T07:48:56.403+0000] {logging_mixin.py:188} INFO - [2025-05-20T07:48:56.403+0000] {dag.py:3823} INFO - Setting next_dagrun for dataset_consumes_1 to None, run_after=None
[2025-05-20T07:48:56.413+0000] {logging_mixin.py:188} INFO - [2025-05-20T07:48:56.412+0000] {dag.py:3823} INFO - Setting next_dagrun for dataset_consumes_1_and_2 to None, run_after=None
[2025-05-20T07:48:56.417+0000] {logging_mixin.py:188} INFO - [2025-05-20T07:48:56.416+0000] {dag.py:3823} INFO - Setting next_dagrun for dataset_consumes_1_never_scheduled to None, run_after=None
[2025-05-20T07:48:56.420+0000] {logging_mixin.py:188} INFO - [2025-05-20T07:48:56.420+0000] {dag.py:3823} INFO - Setting next_dagrun for dataset_consumes_unknown_never_scheduled to None, run_after=None
[2025-05-20T07:48:56.427+0000] {logging_mixin.py:188} INFO - [2025-05-20T07:48:56.427+0000] {dag.py:3823} INFO - Setting next_dagrun for dataset_produces_1 to 2025-05-19 00:00:00+00:00, run_after=2025-05-20 00:00:00+00:00
[2025-05-20T07:48:56.431+0000] {logging_mixin.py:188} INFO - [2025-05-20T07:48:56.430+0000] {dag.py:3823} INFO - Setting next_dagrun for dataset_produces_2 to None, run_after=None
[2025-05-20T07:48:56.506+0000] {processor.py:183} INFO - Processing /home/airflow/.local/lib/python3.8/site-packages/airflow/example_dags/example_datasets.py took 0.304 seconds
[2025-05-20T07:49:27.001+0000] {processor.py:161} INFO - Started process (PID=594) to work on /home/airflow/.local/lib/python3.8/site-packages/airflow/example_dags/example_datasets.py
[2025-05-20T07:49:27.004+0000] {processor.py:830} INFO - Processing file /home/airflow/.local/lib/python3.8/site-packages/airflow/example_dags/example_datasets.py for tasks to queue
[2025-05-20T07:49:27.008+0000] {logging_mixin.py:188} INFO - [2025-05-20T07:49:27.007+0000] {dagbag.py:538} INFO - Filling up the DagBag from /home/airflow/.local/lib/python3.8/site-packages/airflow/example_dags/example_datasets.py
[2025-05-20T07:49:27.026+0000] {processor.py:840} INFO - DAG(s) 'dataset_produces_2', 'dataset_consumes_1_never_scheduled', 'dataset_produces_1', 'dataset_consumes_1_and_2', 'dataset_consumes_unknown_never_scheduled', 'dataset_consumes_1' retrieved from /home/airflow/.local/lib/python3.8/site-packages/airflow/example_dags/example_datasets.py
[2025-05-20T07:49:27.094+0000] {logging_mixin.py:188} INFO - [2025-05-20T07:49:27.093+0000] {dag.py:3036} INFO - Sync 6 DAGs
[2025-05-20T07:49:27.140+0000] {logging_mixin.py:188} INFO - [2025-05-20T07:49:27.139+0000] {dag.py:3823} INFO - Setting next_dagrun for dataset_consumes_1 to None, run_after=None
[2025-05-20T07:49:27.150+0000] {logging_mixin.py:188} INFO - [2025-05-20T07:49:27.149+0000] {dag.py:3823} INFO - Setting next_dagrun for dataset_consumes_1_and_2 to None, run_after=None
[2025-05-20T07:49:27.155+0000] {logging_mixin.py:188} INFO - [2025-05-20T07:49:27.155+0000] {dag.py:3823} INFO - Setting next_dagrun for dataset_consumes_1_never_scheduled to None, run_after=None
[2025-05-20T07:49:27.160+0000] {logging_mixin.py:188} INFO - [2025-05-20T07:49:27.160+0000] {dag.py:3823} INFO - Setting next_dagrun for dataset_consumes_unknown_never_scheduled to None, run_after=None
[2025-05-20T07:49:27.171+0000] {logging_mixin.py:188} INFO - [2025-05-20T07:49:27.170+0000] {dag.py:3823} INFO - Setting next_dagrun for dataset_produces_1 to 2025-05-19 00:00:00+00:00, run_after=2025-05-20 00:00:00+00:00
[2025-05-20T07:49:27.175+0000] {logging_mixin.py:188} INFO - [2025-05-20T07:49:27.175+0000] {dag.py:3823} INFO - Setting next_dagrun for dataset_produces_2 to None, run_after=None
[2025-05-20T07:49:27.299+0000] {processor.py:183} INFO - Processing /home/airflow/.local/lib/python3.8/site-packages/airflow/example_dags/example_datasets.py took 0.304 seconds
[2025-05-20T07:49:58.468+0000] {processor.py:161} INFO - Started process (PID=659) to work on /home/airflow/.local/lib/python3.8/site-packages/airflow/example_dags/example_datasets.py
[2025-05-20T07:49:58.469+0000] {processor.py:830} INFO - Processing file /home/airflow/.local/lib/python3.8/site-packages/airflow/example_dags/example_datasets.py for tasks to queue
[2025-05-20T07:49:58.472+0000] {logging_mixin.py:188} INFO - [2025-05-20T07:49:58.471+0000] {dagbag.py:538} INFO - Filling up the DagBag from /home/airflow/.local/lib/python3.8/site-packages/airflow/example_dags/example_datasets.py
[2025-05-20T07:49:58.488+0000] {processor.py:840} INFO - DAG(s) 'dataset_consumes_1', 'dataset_produces_2', 'dataset_consumes_unknown_never_scheduled', 'dataset_produces_1', 'dataset_consumes_1_and_2', 'dataset_consumes_1_never_scheduled' retrieved from /home/airflow/.local/lib/python3.8/site-packages/airflow/example_dags/example_datasets.py
[2025-05-20T07:49:58.552+0000] {logging_mixin.py:188} INFO - [2025-05-20T07:49:58.551+0000] {dag.py:3036} INFO - Sync 6 DAGs
[2025-05-20T07:49:58.593+0000] {logging_mixin.py:188} INFO - [2025-05-20T07:49:58.593+0000] {dag.py:3823} INFO - Setting next_dagrun for dataset_consumes_1 to None, run_after=None
[2025-05-20T07:49:58.600+0000] {logging_mixin.py:188} INFO - [2025-05-20T07:49:58.599+0000] {dag.py:3823} INFO - Setting next_dagrun for dataset_consumes_1_and_2 to None, run_after=None
[2025-05-20T07:49:58.603+0000] {logging_mixin.py:188} INFO - [2025-05-20T07:49:58.602+0000] {dag.py:3823} INFO - Setting next_dagrun for dataset_consumes_1_never_scheduled to None, run_after=None
[2025-05-20T07:49:58.605+0000] {logging_mixin.py:188} INFO - [2025-05-20T07:49:58.605+0000] {dag.py:3823} INFO - Setting next_dagrun for dataset_consumes_unknown_never_scheduled to None, run_after=None
[2025-05-20T07:49:58.611+0000] {logging_mixin.py:188} INFO - [2025-05-20T07:49:58.611+0000] {dag.py:3823} INFO - Setting next_dagrun for dataset_produces_1 to 2025-05-19 00:00:00+00:00, run_after=2025-05-20 00:00:00+00:00
[2025-05-20T07:49:58.614+0000] {logging_mixin.py:188} INFO - [2025-05-20T07:49:58.614+0000] {dag.py:3823} INFO - Setting next_dagrun for dataset_produces_2 to None, run_after=None
[2025-05-20T07:49:58.677+0000] {processor.py:183} INFO - Processing /home/airflow/.local/lib/python3.8/site-packages/airflow/example_dags/example_datasets.py took 0.214 seconds
[2025-05-20T07:50:29.658+0000] {processor.py:161} INFO - Started process (PID=724) to work on /home/airflow/.local/lib/python3.8/site-packages/airflow/example_dags/example_datasets.py
[2025-05-20T07:50:29.661+0000] {processor.py:830} INFO - Processing file /home/airflow/.local/lib/python3.8/site-packages/airflow/example_dags/example_datasets.py for tasks to queue
[2025-05-20T07:50:29.665+0000] {logging_mixin.py:188} INFO - [2025-05-20T07:50:29.665+0000] {dagbag.py:538} INFO - Filling up the DagBag from /home/airflow/.local/lib/python3.8/site-packages/airflow/example_dags/example_datasets.py
[2025-05-20T07:50:29.687+0000] {processor.py:840} INFO - DAG(s) 'dataset_consumes_unknown_never_scheduled', 'dataset_produces_2', 'dataset_consumes_1', 'dataset_produces_1', 'dataset_consumes_1_and_2', 'dataset_consumes_1_never_scheduled' retrieved from /home/airflow/.local/lib/python3.8/site-packages/airflow/example_dags/example_datasets.py
[2025-05-20T07:50:29.760+0000] {logging_mixin.py:188} INFO - [2025-05-20T07:50:29.759+0000] {dag.py:3036} INFO - Sync 6 DAGs
[2025-05-20T07:50:29.812+0000] {logging_mixin.py:188} INFO - [2025-05-20T07:50:29.811+0000] {dag.py:3823} INFO - Setting next_dagrun for dataset_consumes_1 to None, run_after=None
[2025-05-20T07:50:29.821+0000] {logging_mixin.py:188} INFO - [2025-05-20T07:50:29.820+0000] {dag.py:3823} INFO - Setting next_dagrun for dataset_consumes_1_and_2 to None, run_after=None
[2025-05-20T07:50:29.824+0000] {logging_mixin.py:188} INFO - [2025-05-20T07:50:29.824+0000] {dag.py:3823} INFO - Setting next_dagrun for dataset_consumes_1_never_scheduled to None, run_after=None
[2025-05-20T07:50:29.828+0000] {logging_mixin.py:188} INFO - [2025-05-20T07:50:29.827+0000] {dag.py:3823} INFO - Setting next_dagrun for dataset_consumes_unknown_never_scheduled to None, run_after=None
[2025-05-20T07:50:29.833+0000] {logging_mixin.py:188} INFO - [2025-05-20T07:50:29.833+0000] {dag.py:3823} INFO - Setting next_dagrun for dataset_produces_1 to 2025-05-19 00:00:00+00:00, run_after=2025-05-20 00:00:00+00:00
[2025-05-20T07:50:29.837+0000] {logging_mixin.py:188} INFO - [2025-05-20T07:50:29.836+0000] {dag.py:3823} INFO - Setting next_dagrun for dataset_produces_2 to None, run_after=None
[2025-05-20T07:50:29.904+0000] {processor.py:183} INFO - Processing /home/airflow/.local/lib/python3.8/site-packages/airflow/example_dags/example_datasets.py took 0.253 seconds
[2025-05-20T07:51:01.705+0000] {processor.py:161} INFO - Started process (PID=789) to work on /home/airflow/.local/lib/python3.8/site-packages/airflow/example_dags/example_datasets.py
[2025-05-20T07:51:01.708+0000] {processor.py:830} INFO - Processing file /home/airflow/.local/lib/python3.8/site-packages/airflow/example_dags/example_datasets.py for tasks to queue
[2025-05-20T07:51:01.714+0000] {logging_mixin.py:188} INFO - [2025-05-20T07:51:01.713+0000] {dagbag.py:538} INFO - Filling up the DagBag from /home/airflow/.local/lib/python3.8/site-packages/airflow/example_dags/example_datasets.py
[2025-05-20T07:51:01.743+0000] {processor.py:840} INFO - DAG(s) 'dataset_consumes_unknown_never_scheduled', 'dataset_produces_1', 'dataset_produces_2', 'dataset_consumes_1_never_scheduled', 'dataset_consumes_1_and_2', 'dataset_consumes_1' retrieved from /home/airflow/.local/lib/python3.8/site-packages/airflow/example_dags/example_datasets.py
[2025-05-20T07:51:01.851+0000] {logging_mixin.py:188} INFO - [2025-05-20T07:51:01.850+0000] {dag.py:3036} INFO - Sync 6 DAGs
[2025-05-20T07:51:01.976+0000] {logging_mixin.py:188} INFO - [2025-05-20T07:51:01.976+0000] {dag.py:3823} INFO - Setting next_dagrun for dataset_consumes_1 to None, run_after=None
[2025-05-20T07:51:01.992+0000] {logging_mixin.py:188} INFO - [2025-05-20T07:51:01.991+0000] {dag.py:3823} INFO - Setting next_dagrun for dataset_consumes_1_and_2 to None, run_after=None
[2025-05-20T07:51:01.997+0000] {logging_mixin.py:188} INFO - [2025-05-20T07:51:01.997+0000] {dag.py:3823} INFO - Setting next_dagrun for dataset_consumes_1_never_scheduled to None, run_after=None
[2025-05-20T07:51:02.001+0000] {logging_mixin.py:188} INFO - [2025-05-20T07:51:02.000+0000] {dag.py:3823} INFO - Setting next_dagrun for dataset_consumes_unknown_never_scheduled to None, run_after=None
[2025-05-20T07:51:02.017+0000] {logging_mixin.py:188} INFO - [2025-05-20T07:51:02.013+0000] {dag.py:3823} INFO - Setting next_dagrun for dataset_produces_1 to 2025-05-19 00:00:00+00:00, run_after=2025-05-20 00:00:00+00:00
[2025-05-20T07:51:02.027+0000] {logging_mixin.py:188} INFO - [2025-05-20T07:51:02.027+0000] {dag.py:3823} INFO - Setting next_dagrun for dataset_produces_2 to None, run_after=None
[2025-05-20T07:51:02.137+0000] {processor.py:183} INFO - Processing /home/airflow/.local/lib/python3.8/site-packages/airflow/example_dags/example_datasets.py took 0.439 seconds
[2025-05-20T07:51:33.811+0000] {processor.py:161} INFO - Started process (PID=860) to work on /home/airflow/.local/lib/python3.8/site-packages/airflow/example_dags/example_datasets.py
[2025-05-20T07:51:33.813+0000] {processor.py:830} INFO - Processing file /home/airflow/.local/lib/python3.8/site-packages/airflow/example_dags/example_datasets.py for tasks to queue
[2025-05-20T07:51:33.816+0000] {logging_mixin.py:188} INFO - [2025-05-20T07:51:33.816+0000] {dagbag.py:538} INFO - Filling up the DagBag from /home/airflow/.local/lib/python3.8/site-packages/airflow/example_dags/example_datasets.py
[2025-05-20T07:51:33.835+0000] {processor.py:840} INFO - DAG(s) 'dataset_produces_2', 'dataset_produces_1', 'dataset_consumes_1_never_scheduled', 'dataset_consumes_1_and_2', 'dataset_consumes_unknown_never_scheduled', 'dataset_consumes_1' retrieved from /home/airflow/.local/lib/python3.8/site-packages/airflow/example_dags/example_datasets.py
[2025-05-20T07:51:33.910+0000] {logging_mixin.py:188} INFO - [2025-05-20T07:51:33.910+0000] {dag.py:3036} INFO - Sync 6 DAGs
[2025-05-20T07:51:33.950+0000] {logging_mixin.py:188} INFO - [2025-05-20T07:51:33.950+0000] {dag.py:3823} INFO - Setting next_dagrun for dataset_consumes_1 to None, run_after=None
[2025-05-20T07:51:33.957+0000] {logging_mixin.py:188} INFO - [2025-05-20T07:51:33.957+0000] {dag.py:3823} INFO - Setting next_dagrun for dataset_consumes_1_and_2 to None, run_after=None
[2025-05-20T07:51:33.960+0000] {logging_mixin.py:188} INFO - [2025-05-20T07:51:33.960+0000] {dag.py:3823} INFO - Setting next_dagrun for dataset_consumes_1_never_scheduled to None, run_after=None
[2025-05-20T07:51:33.963+0000] {logging_mixin.py:188} INFO - [2025-05-20T07:51:33.962+0000] {dag.py:3823} INFO - Setting next_dagrun for dataset_consumes_unknown_never_scheduled to None, run_after=None
[2025-05-20T07:51:33.969+0000] {logging_mixin.py:188} INFO - [2025-05-20T07:51:33.968+0000] {dag.py:3823} INFO - Setting next_dagrun for dataset_produces_1 to 2025-05-19 00:00:00+00:00, run_after=2025-05-20 00:00:00+00:00
[2025-05-20T07:51:33.973+0000] {logging_mixin.py:188} INFO - [2025-05-20T07:51:33.972+0000] {dag.py:3823} INFO - Setting next_dagrun for dataset_produces_2 to None, run_after=None
[2025-05-20T07:51:34.053+0000] {processor.py:183} INFO - Processing /home/airflow/.local/lib/python3.8/site-packages/airflow/example_dags/example_datasets.py took 0.250 seconds
[2025-05-20T07:52:05.131+0000] {processor.py:161} INFO - Started process (PID=925) to work on /home/airflow/.local/lib/python3.8/site-packages/airflow/example_dags/example_datasets.py
[2025-05-20T07:52:05.132+0000] {processor.py:830} INFO - Processing file /home/airflow/.local/lib/python3.8/site-packages/airflow/example_dags/example_datasets.py for tasks to queue
[2025-05-20T07:52:05.135+0000] {logging_mixin.py:188} INFO - [2025-05-20T07:52:05.135+0000] {dagbag.py:538} INFO - Filling up the DagBag from /home/airflow/.local/lib/python3.8/site-packages/airflow/example_dags/example_datasets.py
[2025-05-20T07:52:05.155+0000] {processor.py:840} INFO - DAG(s) 'dataset_consumes_1_never_scheduled', 'dataset_produces_1', 'dataset_consumes_unknown_never_scheduled', 'dataset_produces_2', 'dataset_consumes_1_and_2', 'dataset_consumes_1' retrieved from /home/airflow/.local/lib/python3.8/site-packages/airflow/example_dags/example_datasets.py
[2025-05-20T07:52:05.246+0000] {logging_mixin.py:188} INFO - [2025-05-20T07:52:05.246+0000] {dag.py:3036} INFO - Sync 6 DAGs
[2025-05-20T07:52:05.290+0000] {logging_mixin.py:188} INFO - [2025-05-20T07:52:05.290+0000] {dag.py:3823} INFO - Setting next_dagrun for dataset_consumes_1 to None, run_after=None
[2025-05-20T07:52:05.298+0000] {logging_mixin.py:188} INFO - [2025-05-20T07:52:05.297+0000] {dag.py:3823} INFO - Setting next_dagrun for dataset_consumes_1_and_2 to None, run_after=None
[2025-05-20T07:52:05.301+0000] {logging_mixin.py:188} INFO - [2025-05-20T07:52:05.301+0000] {dag.py:3823} INFO - Setting next_dagrun for dataset_consumes_1_never_scheduled to None, run_after=None
[2025-05-20T07:52:05.304+0000] {logging_mixin.py:188} INFO - [2025-05-20T07:52:05.304+0000] {dag.py:3823} INFO - Setting next_dagrun for dataset_consumes_unknown_never_scheduled to None, run_after=None
[2025-05-20T07:52:05.309+0000] {logging_mixin.py:188} INFO - [2025-05-20T07:52:05.309+0000] {dag.py:3823} INFO - Setting next_dagrun for dataset_produces_1 to 2025-05-19 00:00:00+00:00, run_after=2025-05-20 00:00:00+00:00
[2025-05-20T07:52:05.312+0000] {logging_mixin.py:188} INFO - [2025-05-20T07:52:05.312+0000] {dag.py:3823} INFO - Setting next_dagrun for dataset_produces_2 to None, run_after=None
[2025-05-20T07:52:05.375+0000] {processor.py:183} INFO - Processing /home/airflow/.local/lib/python3.8/site-packages/airflow/example_dags/example_datasets.py took 0.250 seconds
[2025-05-20T07:52:36.576+0000] {processor.py:161} INFO - Started process (PID=990) to work on /home/airflow/.local/lib/python3.8/site-packages/airflow/example_dags/example_datasets.py
[2025-05-20T07:52:36.581+0000] {processor.py:830} INFO - Processing file /home/airflow/.local/lib/python3.8/site-packages/airflow/example_dags/example_datasets.py for tasks to queue
[2025-05-20T07:52:36.588+0000] {logging_mixin.py:188} INFO - [2025-05-20T07:52:36.587+0000] {dagbag.py:538} INFO - Filling up the DagBag from /home/airflow/.local/lib/python3.8/site-packages/airflow/example_dags/example_datasets.py
[2025-05-20T07:52:36.637+0000] {processor.py:840} INFO - DAG(s) 'dataset_produces_1', 'dataset_produces_2', 'dataset_consumes_1_and_2', 'dataset_consumes_1_never_scheduled', 'dataset_consumes_unknown_never_scheduled', 'dataset_consumes_1' retrieved from /home/airflow/.local/lib/python3.8/site-packages/airflow/example_dags/example_datasets.py
[2025-05-20T07:52:36.795+0000] {logging_mixin.py:188} INFO - [2025-05-20T07:52:36.794+0000] {dag.py:3036} INFO - Sync 6 DAGs
[2025-05-20T07:52:36.865+0000] {logging_mixin.py:188} INFO - [2025-05-20T07:52:36.864+0000] {dag.py:3823} INFO - Setting next_dagrun for dataset_consumes_1 to None, run_after=None
[2025-05-20T07:52:36.873+0000] {logging_mixin.py:188} INFO - [2025-05-20T07:52:36.873+0000] {dag.py:3823} INFO - Setting next_dagrun for dataset_consumes_1_and_2 to None, run_after=None
[2025-05-20T07:52:36.877+0000] {logging_mixin.py:188} INFO - [2025-05-20T07:52:36.876+0000] {dag.py:3823} INFO - Setting next_dagrun for dataset_consumes_1_never_scheduled to None, run_after=None
[2025-05-20T07:52:36.881+0000] {logging_mixin.py:188} INFO - [2025-05-20T07:52:36.880+0000] {dag.py:3823} INFO - Setting next_dagrun for dataset_consumes_unknown_never_scheduled to None, run_after=None
[2025-05-20T07:52:36.886+0000] {logging_mixin.py:188} INFO - [2025-05-20T07:52:36.886+0000] {dag.py:3823} INFO - Setting next_dagrun for dataset_produces_1 to 2025-05-19 00:00:00+00:00, run_after=2025-05-20 00:00:00+00:00
[2025-05-20T07:52:36.890+0000] {logging_mixin.py:188} INFO - [2025-05-20T07:52:36.889+0000] {dag.py:3823} INFO - Setting next_dagrun for dataset_produces_2 to None, run_after=None
[2025-05-20T07:52:36.956+0000] {processor.py:183} INFO - Processing /home/airflow/.local/lib/python3.8/site-packages/airflow/example_dags/example_datasets.py took 0.391 seconds
[2025-05-20T07:53:07.266+0000] {processor.py:161} INFO - Started process (PID=1055) to work on /home/airflow/.local/lib/python3.8/site-packages/airflow/example_dags/example_datasets.py
[2025-05-20T07:53:07.268+0000] {processor.py:830} INFO - Processing file /home/airflow/.local/lib/python3.8/site-packages/airflow/example_dags/example_datasets.py for tasks to queue
[2025-05-20T07:53:07.271+0000] {logging_mixin.py:188} INFO - [2025-05-20T07:53:07.271+0000] {dagbag.py:538} INFO - Filling up the DagBag from /home/airflow/.local/lib/python3.8/site-packages/airflow/example_dags/example_datasets.py
[2025-05-20T07:53:07.288+0000] {processor.py:840} INFO - DAG(s) 'dataset_consumes_1_and_2', 'dataset_consumes_1', 'dataset_produces_1', 'dataset_consumes_unknown_never_scheduled', 'dataset_produces_2', 'dataset_consumes_1_never_scheduled' retrieved from /home/airflow/.local/lib/python3.8/site-packages/airflow/example_dags/example_datasets.py
[2025-05-20T07:53:07.358+0000] {logging_mixin.py:188} INFO - [2025-05-20T07:53:07.357+0000] {dag.py:3036} INFO - Sync 6 DAGs
[2025-05-20T07:53:07.398+0000] {logging_mixin.py:188} INFO - [2025-05-20T07:53:07.397+0000] {dag.py:3823} INFO - Setting next_dagrun for dataset_consumes_1 to None, run_after=None
[2025-05-20T07:53:07.405+0000] {logging_mixin.py:188} INFO - [2025-05-20T07:53:07.405+0000] {dag.py:3823} INFO - Setting next_dagrun for dataset_consumes_1_and_2 to None, run_after=None
[2025-05-20T07:53:07.409+0000] {logging_mixin.py:188} INFO - [2025-05-20T07:53:07.408+0000] {dag.py:3823} INFO - Setting next_dagrun for dataset_consumes_1_never_scheduled to None, run_after=None
[2025-05-20T07:53:07.412+0000] {logging_mixin.py:188} INFO - [2025-05-20T07:53:07.412+0000] {dag.py:3823} INFO - Setting next_dagrun for dataset_consumes_unknown_never_scheduled to None, run_after=None
[2025-05-20T07:53:07.419+0000] {logging_mixin.py:188} INFO - [2025-05-20T07:53:07.418+0000] {dag.py:3823} INFO - Setting next_dagrun for dataset_produces_1 to 2025-05-19 00:00:00+00:00, run_after=2025-05-20 00:00:00+00:00
[2025-05-20T07:53:07.422+0000] {logging_mixin.py:188} INFO - [2025-05-20T07:53:07.421+0000] {dag.py:3823} INFO - Setting next_dagrun for dataset_produces_2 to None, run_after=None
[2025-05-20T07:53:07.495+0000] {processor.py:183} INFO - Processing /home/airflow/.local/lib/python3.8/site-packages/airflow/example_dags/example_datasets.py took 0.233 seconds
[2025-05-20T07:53:40.456+0000] {processor.py:161} INFO - Started process (PID=1120) to work on /home/airflow/.local/lib/python3.8/site-packages/airflow/example_dags/example_datasets.py
[2025-05-20T07:53:40.458+0000] {processor.py:830} INFO - Processing file /home/airflow/.local/lib/python3.8/site-packages/airflow/example_dags/example_datasets.py for tasks to queue
[2025-05-20T07:53:40.461+0000] {logging_mixin.py:188} INFO - [2025-05-20T07:53:40.460+0000] {dagbag.py:538} INFO - Filling up the DagBag from /home/airflow/.local/lib/python3.8/site-packages/airflow/example_dags/example_datasets.py
[2025-05-20T07:53:40.479+0000] {processor.py:840} INFO - DAG(s) 'dataset_consumes_1_and_2', 'dataset_consumes_1', 'dataset_produces_2', 'dataset_produces_1', 'dataset_consumes_unknown_never_scheduled', 'dataset_consumes_1_never_scheduled' retrieved from /home/airflow/.local/lib/python3.8/site-packages/airflow/example_dags/example_datasets.py
[2025-05-20T07:53:40.587+0000] {logging_mixin.py:188} INFO - [2025-05-20T07:53:40.587+0000] {dag.py:3036} INFO - Sync 6 DAGs
[2025-05-20T07:53:40.629+0000] {logging_mixin.py:188} INFO - [2025-05-20T07:53:40.629+0000] {dag.py:3823} INFO - Setting next_dagrun for dataset_consumes_1 to None, run_after=None
[2025-05-20T07:53:40.639+0000] {logging_mixin.py:188} INFO - [2025-05-20T07:53:40.639+0000] {dag.py:3823} INFO - Setting next_dagrun for dataset_consumes_1_and_2 to None, run_after=None
[2025-05-20T07:53:40.646+0000] {logging_mixin.py:188} INFO - [2025-05-20T07:53:40.645+0000] {dag.py:3823} INFO - Setting next_dagrun for dataset_consumes_1_never_scheduled to None, run_after=None
[2025-05-20T07:53:40.650+0000] {logging_mixin.py:188} INFO - [2025-05-20T07:53:40.649+0000] {dag.py:3823} INFO - Setting next_dagrun for dataset_consumes_unknown_never_scheduled to None, run_after=None
[2025-05-20T07:53:40.660+0000] {logging_mixin.py:188} INFO - [2025-05-20T07:53:40.660+0000] {dag.py:3823} INFO - Setting next_dagrun for dataset_produces_1 to 2025-05-19 00:00:00+00:00, run_after=2025-05-20 00:00:00+00:00
[2025-05-20T07:53:40.664+0000] {logging_mixin.py:188} INFO - [2025-05-20T07:53:40.663+0000] {dag.py:3823} INFO - Setting next_dagrun for dataset_produces_2 to None, run_after=None
[2025-05-20T07:53:40.733+0000] {processor.py:183} INFO - Processing /home/airflow/.local/lib/python3.8/site-packages/airflow/example_dags/example_datasets.py took 0.286 seconds
[2025-05-20T07:54:12.780+0000] {processor.py:161} INFO - Started process (PID=1185) to work on /home/airflow/.local/lib/python3.8/site-packages/airflow/example_dags/example_datasets.py
[2025-05-20T07:54:12.782+0000] {processor.py:830} INFO - Processing file /home/airflow/.local/lib/python3.8/site-packages/airflow/example_dags/example_datasets.py for tasks to queue
[2025-05-20T07:54:12.786+0000] {logging_mixin.py:188} INFO - [2025-05-20T07:54:12.785+0000] {dagbag.py:538} INFO - Filling up the DagBag from /home/airflow/.local/lib/python3.8/site-packages/airflow/example_dags/example_datasets.py
[2025-05-20T07:54:12.810+0000] {processor.py:840} INFO - DAG(s) 'dataset_consumes_1_and_2', 'dataset_consumes_unknown_never_scheduled', 'dataset_produces_2', 'dataset_consumes_1_never_scheduled', 'dataset_consumes_1', 'dataset_produces_1' retrieved from /home/airflow/.local/lib/python3.8/site-packages/airflow/example_dags/example_datasets.py
[2025-05-20T07:54:12.969+0000] {logging_mixin.py:188} INFO - [2025-05-20T07:54:12.968+0000] {dag.py:3036} INFO - Sync 6 DAGs
[2025-05-20T07:54:13.062+0000] {logging_mixin.py:188} INFO - [2025-05-20T07:54:13.061+0000] {dag.py:3823} INFO - Setting next_dagrun for dataset_consumes_1 to None, run_after=None
[2025-05-20T07:54:13.078+0000] {logging_mixin.py:188} INFO - [2025-05-20T07:54:13.078+0000] {dag.py:3823} INFO - Setting next_dagrun for dataset_consumes_1_and_2 to None, run_after=None
[2025-05-20T07:54:13.085+0000] {logging_mixin.py:188} INFO - [2025-05-20T07:54:13.084+0000] {dag.py:3823} INFO - Setting next_dagrun for dataset_consumes_1_never_scheduled to None, run_after=None
[2025-05-20T07:54:13.092+0000] {logging_mixin.py:188} INFO - [2025-05-20T07:54:13.091+0000] {dag.py:3823} INFO - Setting next_dagrun for dataset_consumes_unknown_never_scheduled to None, run_after=None
[2025-05-20T07:54:13.106+0000] {logging_mixin.py:188} INFO - [2025-05-20T07:54:13.105+0000] {dag.py:3823} INFO - Setting next_dagrun for dataset_produces_1 to 2025-05-19 00:00:00+00:00, run_after=2025-05-20 00:00:00+00:00
[2025-05-20T07:54:13.114+0000] {logging_mixin.py:188} INFO - [2025-05-20T07:54:13.113+0000] {dag.py:3823} INFO - Setting next_dagrun for dataset_produces_2 to None, run_after=None
[2025-05-20T07:54:13.335+0000] {processor.py:183} INFO - Processing /home/airflow/.local/lib/python3.8/site-packages/airflow/example_dags/example_datasets.py took 0.560 seconds
[2025-05-20T07:54:43.843+0000] {processor.py:161} INFO - Started process (PID=1250) to work on /home/airflow/.local/lib/python3.8/site-packages/airflow/example_dags/example_datasets.py
[2025-05-20T07:54:43.847+0000] {processor.py:830} INFO - Processing file /home/airflow/.local/lib/python3.8/site-packages/airflow/example_dags/example_datasets.py for tasks to queue
[2025-05-20T07:54:43.854+0000] {logging_mixin.py:188} INFO - [2025-05-20T07:54:43.853+0000] {dagbag.py:538} INFO - Filling up the DagBag from /home/airflow/.local/lib/python3.8/site-packages/airflow/example_dags/example_datasets.py
[2025-05-20T07:54:43.894+0000] {processor.py:840} INFO - DAG(s) 'dataset_consumes_unknown_never_scheduled', 'dataset_consumes_1_and_2', 'dataset_consumes_1_never_scheduled', 'dataset_produces_1', 'dataset_produces_2', 'dataset_consumes_1' retrieved from /home/airflow/.local/lib/python3.8/site-packages/airflow/example_dags/example_datasets.py
[2025-05-20T07:54:44.057+0000] {logging_mixin.py:188} INFO - [2025-05-20T07:54:44.056+0000] {dag.py:3036} INFO - Sync 6 DAGs
[2025-05-20T07:54:44.179+0000] {logging_mixin.py:188} INFO - [2025-05-20T07:54:44.178+0000] {dag.py:3823} INFO - Setting next_dagrun for dataset_consumes_1 to None, run_after=None
[2025-05-20T07:54:44.202+0000] {logging_mixin.py:188} INFO - [2025-05-20T07:54:44.201+0000] {dag.py:3823} INFO - Setting next_dagrun for dataset_consumes_1_and_2 to None, run_after=None
[2025-05-20T07:54:44.212+0000] {logging_mixin.py:188} INFO - [2025-05-20T07:54:44.211+0000] {dag.py:3823} INFO - Setting next_dagrun for dataset_consumes_1_never_scheduled to None, run_after=None
[2025-05-20T07:54:44.216+0000] {logging_mixin.py:188} INFO - [2025-05-20T07:54:44.216+0000] {dag.py:3823} INFO - Setting next_dagrun for dataset_consumes_unknown_never_scheduled to None, run_after=None
[2025-05-20T07:54:44.223+0000] {logging_mixin.py:188} INFO - [2025-05-20T07:54:44.222+0000] {dag.py:3823} INFO - Setting next_dagrun for dataset_produces_1 to 2025-05-19 00:00:00+00:00, run_after=2025-05-20 00:00:00+00:00
[2025-05-20T07:54:44.226+0000] {logging_mixin.py:188} INFO - [2025-05-20T07:54:44.225+0000] {dag.py:3823} INFO - Setting next_dagrun for dataset_produces_2 to None, run_after=None
[2025-05-20T07:54:44.287+0000] {processor.py:183} INFO - Processing /home/airflow/.local/lib/python3.8/site-packages/airflow/example_dags/example_datasets.py took 0.460 seconds
[2025-05-20T07:55:14.716+0000] {processor.py:161} INFO - Started process (PID=1315) to work on /home/airflow/.local/lib/python3.8/site-packages/airflow/example_dags/example_datasets.py
[2025-05-20T07:55:14.718+0000] {processor.py:830} INFO - Processing file /home/airflow/.local/lib/python3.8/site-packages/airflow/example_dags/example_datasets.py for tasks to queue
[2025-05-20T07:55:14.725+0000] {logging_mixin.py:188} INFO - [2025-05-20T07:55:14.724+0000] {dagbag.py:538} INFO - Filling up the DagBag from /home/airflow/.local/lib/python3.8/site-packages/airflow/example_dags/example_datasets.py
[2025-05-20T07:55:14.752+0000] {processor.py:840} INFO - DAG(s) 'dataset_consumes_unknown_never_scheduled', 'dataset_consumes_1_and_2', 'dataset_produces_1', 'dataset_produces_2', 'dataset_consumes_1', 'dataset_consumes_1_never_scheduled' retrieved from /home/airflow/.local/lib/python3.8/site-packages/airflow/example_dags/example_datasets.py
[2025-05-20T07:55:14.851+0000] {logging_mixin.py:188} INFO - [2025-05-20T07:55:14.851+0000] {dag.py:3036} INFO - Sync 6 DAGs
[2025-05-20T07:55:14.908+0000] {logging_mixin.py:188} INFO - [2025-05-20T07:55:14.908+0000] {dag.py:3823} INFO - Setting next_dagrun for dataset_consumes_1 to None, run_after=None
[2025-05-20T07:55:14.918+0000] {logging_mixin.py:188} INFO - [2025-05-20T07:55:14.918+0000] {dag.py:3823} INFO - Setting next_dagrun for dataset_consumes_1_and_2 to None, run_after=None
[2025-05-20T07:55:14.922+0000] {logging_mixin.py:188} INFO - [2025-05-20T07:55:14.921+0000] {dag.py:3823} INFO - Setting next_dagrun for dataset_consumes_1_never_scheduled to None, run_after=None
[2025-05-20T07:55:14.926+0000] {logging_mixin.py:188} INFO - [2025-05-20T07:55:14.925+0000] {dag.py:3823} INFO - Setting next_dagrun for dataset_consumes_unknown_never_scheduled to None, run_after=None
[2025-05-20T07:55:14.939+0000] {logging_mixin.py:188} INFO - [2025-05-20T07:55:14.938+0000] {dag.py:3823} INFO - Setting next_dagrun for dataset_produces_1 to 2025-05-19 00:00:00+00:00, run_after=2025-05-20 00:00:00+00:00
[2025-05-20T07:55:14.942+0000] {logging_mixin.py:188} INFO - [2025-05-20T07:55:14.942+0000] {dag.py:3823} INFO - Setting next_dagrun for dataset_produces_2 to None, run_after=None
[2025-05-20T07:55:15.015+0000] {processor.py:183} INFO - Processing /home/airflow/.local/lib/python3.8/site-packages/airflow/example_dags/example_datasets.py took 0.305 seconds
[2025-05-20T07:55:45.351+0000] {processor.py:161} INFO - Started process (PID=1380) to work on /home/airflow/.local/lib/python3.8/site-packages/airflow/example_dags/example_datasets.py
[2025-05-20T07:55:45.353+0000] {processor.py:830} INFO - Processing file /home/airflow/.local/lib/python3.8/site-packages/airflow/example_dags/example_datasets.py for tasks to queue
[2025-05-20T07:55:45.355+0000] {logging_mixin.py:188} INFO - [2025-05-20T07:55:45.355+0000] {dagbag.py:538} INFO - Filling up the DagBag from /home/airflow/.local/lib/python3.8/site-packages/airflow/example_dags/example_datasets.py
[2025-05-20T07:55:45.372+0000] {processor.py:840} INFO - DAG(s) 'dataset_consumes_1_and_2', 'dataset_produces_2', 'dataset_produces_1', 'dataset_consumes_1_never_scheduled', 'dataset_consumes_1', 'dataset_consumes_unknown_never_scheduled' retrieved from /home/airflow/.local/lib/python3.8/site-packages/airflow/example_dags/example_datasets.py
[2025-05-20T07:55:45.432+0000] {logging_mixin.py:188} INFO - [2025-05-20T07:55:45.432+0000] {dag.py:3036} INFO - Sync 6 DAGs
[2025-05-20T07:55:45.477+0000] {logging_mixin.py:188} INFO - [2025-05-20T07:55:45.477+0000] {dag.py:3823} INFO - Setting next_dagrun for dataset_consumes_1 to None, run_after=None
[2025-05-20T07:55:45.485+0000] {logging_mixin.py:188} INFO - [2025-05-20T07:55:45.485+0000] {dag.py:3823} INFO - Setting next_dagrun for dataset_consumes_1_and_2 to None, run_after=None
[2025-05-20T07:55:45.489+0000] {logging_mixin.py:188} INFO - [2025-05-20T07:55:45.488+0000] {dag.py:3823} INFO - Setting next_dagrun for dataset_consumes_1_never_scheduled to None, run_after=None
[2025-05-20T07:55:45.492+0000] {logging_mixin.py:188} INFO - [2025-05-20T07:55:45.491+0000] {dag.py:3823} INFO - Setting next_dagrun for dataset_consumes_unknown_never_scheduled to None, run_after=None
[2025-05-20T07:55:45.499+0000] {logging_mixin.py:188} INFO - [2025-05-20T07:55:45.499+0000] {dag.py:3823} INFO - Setting next_dagrun for dataset_produces_1 to 2025-05-19 00:00:00+00:00, run_after=2025-05-20 00:00:00+00:00
[2025-05-20T07:55:45.502+0000] {logging_mixin.py:188} INFO - [2025-05-20T07:55:45.502+0000] {dag.py:3823} INFO - Setting next_dagrun for dataset_produces_2 to None, run_after=None
[2025-05-20T07:55:45.557+0000] {processor.py:183} INFO - Processing /home/airflow/.local/lib/python3.8/site-packages/airflow/example_dags/example_datasets.py took 0.211 seconds
[2025-05-20T07:56:17.103+0000] {processor.py:161} INFO - Started process (PID=1445) to work on /home/airflow/.local/lib/python3.8/site-packages/airflow/example_dags/example_datasets.py
[2025-05-20T07:56:17.105+0000] {processor.py:830} INFO - Processing file /home/airflow/.local/lib/python3.8/site-packages/airflow/example_dags/example_datasets.py for tasks to queue
[2025-05-20T07:56:17.108+0000] {logging_mixin.py:188} INFO - [2025-05-20T07:56:17.107+0000] {dagbag.py:538} INFO - Filling up the DagBag from /home/airflow/.local/lib/python3.8/site-packages/airflow/example_dags/example_datasets.py
[2025-05-20T07:56:17.124+0000] {processor.py:840} INFO - DAG(s) 'dataset_consumes_1', 'dataset_consumes_unknown_never_scheduled', 'dataset_consumes_1_and_2', 'dataset_consumes_1_never_scheduled', 'dataset_produces_1', 'dataset_produces_2' retrieved from /home/airflow/.local/lib/python3.8/site-packages/airflow/example_dags/example_datasets.py
[2025-05-20T07:56:17.191+0000] {logging_mixin.py:188} INFO - [2025-05-20T07:56:17.190+0000] {dag.py:3036} INFO - Sync 6 DAGs
[2025-05-20T07:56:17.235+0000] {logging_mixin.py:188} INFO - [2025-05-20T07:56:17.234+0000] {dag.py:3823} INFO - Setting next_dagrun for dataset_consumes_1 to None, run_after=None
[2025-05-20T07:56:17.243+0000] {logging_mixin.py:188} INFO - [2025-05-20T07:56:17.242+0000] {dag.py:3823} INFO - Setting next_dagrun for dataset_consumes_1_and_2 to None, run_after=None
[2025-05-20T07:56:17.246+0000] {logging_mixin.py:188} INFO - [2025-05-20T07:56:17.246+0000] {dag.py:3823} INFO - Setting next_dagrun for dataset_consumes_1_never_scheduled to None, run_after=None
[2025-05-20T07:56:17.249+0000] {logging_mixin.py:188} INFO - [2025-05-20T07:56:17.249+0000] {dag.py:3823} INFO - Setting next_dagrun for dataset_consumes_unknown_never_scheduled to None, run_after=None
[2025-05-20T07:56:17.257+0000] {logging_mixin.py:188} INFO - [2025-05-20T07:56:17.256+0000] {dag.py:3823} INFO - Setting next_dagrun for dataset_produces_1 to 2025-05-19 00:00:00+00:00, run_after=2025-05-20 00:00:00+00:00
[2025-05-20T07:56:17.260+0000] {logging_mixin.py:188} INFO - [2025-05-20T07:56:17.259+0000] {dag.py:3823} INFO - Setting next_dagrun for dataset_produces_2 to None, run_after=None
[2025-05-20T07:56:17.328+0000] {processor.py:183} INFO - Processing /home/airflow/.local/lib/python3.8/site-packages/airflow/example_dags/example_datasets.py took 0.230 seconds
[2025-05-20T07:56:48.999+0000] {processor.py:161} INFO - Started process (PID=1510) to work on /home/airflow/.local/lib/python3.8/site-packages/airflow/example_dags/example_datasets.py
[2025-05-20T07:56:49.001+0000] {processor.py:830} INFO - Processing file /home/airflow/.local/lib/python3.8/site-packages/airflow/example_dags/example_datasets.py for tasks to queue
[2025-05-20T07:56:49.005+0000] {logging_mixin.py:188} INFO - [2025-05-20T07:56:49.004+0000] {dagbag.py:538} INFO - Filling up the DagBag from /home/airflow/.local/lib/python3.8/site-packages/airflow/example_dags/example_datasets.py
[2025-05-20T07:56:49.024+0000] {processor.py:840} INFO - DAG(s) 'dataset_consumes_1', 'dataset_produces_2', 'dataset_consumes_1_never_scheduled', 'dataset_consumes_1_and_2', 'dataset_consumes_unknown_never_scheduled', 'dataset_produces_1' retrieved from /home/airflow/.local/lib/python3.8/site-packages/airflow/example_dags/example_datasets.py
[2025-05-20T07:56:49.098+0000] {logging_mixin.py:188} INFO - [2025-05-20T07:56:49.097+0000] {dag.py:3036} INFO - Sync 6 DAGs
[2025-05-20T07:56:49.146+0000] {logging_mixin.py:188} INFO - [2025-05-20T07:56:49.146+0000] {dag.py:3823} INFO - Setting next_dagrun for dataset_consumes_1 to None, run_after=None
[2025-05-20T07:56:49.154+0000] {logging_mixin.py:188} INFO - [2025-05-20T07:56:49.154+0000] {dag.py:3823} INFO - Setting next_dagrun for dataset_consumes_1_and_2 to None, run_after=None
[2025-05-20T07:56:49.158+0000] {logging_mixin.py:188} INFO - [2025-05-20T07:56:49.157+0000] {dag.py:3823} INFO - Setting next_dagrun for dataset_consumes_1_never_scheduled to None, run_after=None
[2025-05-20T07:56:49.161+0000] {logging_mixin.py:188} INFO - [2025-05-20T07:56:49.161+0000] {dag.py:3823} INFO - Setting next_dagrun for dataset_consumes_unknown_never_scheduled to None, run_after=None
[2025-05-20T07:56:49.167+0000] {logging_mixin.py:188} INFO - [2025-05-20T07:56:49.167+0000] {dag.py:3823} INFO - Setting next_dagrun for dataset_produces_1 to 2025-05-19 00:00:00+00:00, run_after=2025-05-20 00:00:00+00:00
[2025-05-20T07:56:49.171+0000] {logging_mixin.py:188} INFO - [2025-05-20T07:56:49.170+0000] {dag.py:3823} INFO - Setting next_dagrun for dataset_produces_2 to None, run_after=None
[2025-05-20T07:56:49.251+0000] {processor.py:183} INFO - Processing /home/airflow/.local/lib/python3.8/site-packages/airflow/example_dags/example_datasets.py took 0.257 seconds
[2025-05-20T07:57:20.632+0000] {processor.py:161} INFO - Started process (PID=1575) to work on /home/airflow/.local/lib/python3.8/site-packages/airflow/example_dags/example_datasets.py
[2025-05-20T07:57:20.635+0000] {processor.py:830} INFO - Processing file /home/airflow/.local/lib/python3.8/site-packages/airflow/example_dags/example_datasets.py for tasks to queue
[2025-05-20T07:57:20.639+0000] {logging_mixin.py:188} INFO - [2025-05-20T07:57:20.638+0000] {dagbag.py:538} INFO - Filling up the DagBag from /home/airflow/.local/lib/python3.8/site-packages/airflow/example_dags/example_datasets.py
[2025-05-20T07:57:20.666+0000] {processor.py:840} INFO - DAG(s) 'dataset_produces_2', 'dataset_consumes_1', 'dataset_produces_1', 'dataset_consumes_unknown_never_scheduled', 'dataset_consumes_1_never_scheduled', 'dataset_consumes_1_and_2' retrieved from /home/airflow/.local/lib/python3.8/site-packages/airflow/example_dags/example_datasets.py
[2025-05-20T07:57:20.802+0000] {logging_mixin.py:188} INFO - [2025-05-20T07:57:20.802+0000] {dag.py:3036} INFO - Sync 6 DAGs
[2025-05-20T07:57:20.877+0000] {logging_mixin.py:188} INFO - [2025-05-20T07:57:20.877+0000] {dag.py:3823} INFO - Setting next_dagrun for dataset_consumes_1 to None, run_after=None
[2025-05-20T07:57:20.889+0000] {logging_mixin.py:188} INFO - [2025-05-20T07:57:20.889+0000] {dag.py:3823} INFO - Setting next_dagrun for dataset_consumes_1_and_2 to None, run_after=None
[2025-05-20T07:57:20.895+0000] {logging_mixin.py:188} INFO - [2025-05-20T07:57:20.894+0000] {dag.py:3823} INFO - Setting next_dagrun for dataset_consumes_1_never_scheduled to None, run_after=None
[2025-05-20T07:57:20.899+0000] {logging_mixin.py:188} INFO - [2025-05-20T07:57:20.898+0000] {dag.py:3823} INFO - Setting next_dagrun for dataset_consumes_unknown_never_scheduled to None, run_after=None
[2025-05-20T07:57:20.909+0000] {logging_mixin.py:188} INFO - [2025-05-20T07:57:20.908+0000] {dag.py:3823} INFO - Setting next_dagrun for dataset_produces_1 to 2025-05-19 00:00:00+00:00, run_after=2025-05-20 00:00:00+00:00
[2025-05-20T07:57:20.916+0000] {logging_mixin.py:188} INFO - [2025-05-20T07:57:20.915+0000] {dag.py:3823} INFO - Setting next_dagrun for dataset_produces_2 to None, run_after=None
[2025-05-20T07:57:21.000+0000] {processor.py:183} INFO - Processing /home/airflow/.local/lib/python3.8/site-packages/airflow/example_dags/example_datasets.py took 0.375 seconds
[2025-05-20T07:57:51.479+0000] {processor.py:161} INFO - Started process (PID=1640) to work on /home/airflow/.local/lib/python3.8/site-packages/airflow/example_dags/example_datasets.py
[2025-05-20T07:57:51.481+0000] {processor.py:830} INFO - Processing file /home/airflow/.local/lib/python3.8/site-packages/airflow/example_dags/example_datasets.py for tasks to queue
[2025-05-20T07:57:51.485+0000] {logging_mixin.py:188} INFO - [2025-05-20T07:57:51.485+0000] {dagbag.py:538} INFO - Filling up the DagBag from /home/airflow/.local/lib/python3.8/site-packages/airflow/example_dags/example_datasets.py
[2025-05-20T07:57:51.508+0000] {processor.py:840} INFO - DAG(s) 'dataset_consumes_1', 'dataset_consumes_unknown_never_scheduled', 'dataset_consumes_1_and_2', 'dataset_consumes_1_never_scheduled', 'dataset_produces_2', 'dataset_produces_1' retrieved from /home/airflow/.local/lib/python3.8/site-packages/airflow/example_dags/example_datasets.py
[2025-05-20T07:57:51.584+0000] {logging_mixin.py:188} INFO - [2025-05-20T07:57:51.583+0000] {dag.py:3036} INFO - Sync 6 DAGs
[2025-05-20T07:57:51.645+0000] {logging_mixin.py:188} INFO - [2025-05-20T07:57:51.645+0000] {dag.py:3823} INFO - Setting next_dagrun for dataset_consumes_1 to None, run_after=None
[2025-05-20T07:57:51.656+0000] {logging_mixin.py:188} INFO - [2025-05-20T07:57:51.655+0000] {dag.py:3823} INFO - Setting next_dagrun for dataset_consumes_1_and_2 to None, run_after=None
[2025-05-20T07:57:51.659+0000] {logging_mixin.py:188} INFO - [2025-05-20T07:57:51.659+0000] {dag.py:3823} INFO - Setting next_dagrun for dataset_consumes_1_never_scheduled to None, run_after=None
[2025-05-20T07:57:51.662+0000] {logging_mixin.py:188} INFO - [2025-05-20T07:57:51.662+0000] {dag.py:3823} INFO - Setting next_dagrun for dataset_consumes_unknown_never_scheduled to None, run_after=None
[2025-05-20T07:57:51.669+0000] {logging_mixin.py:188} INFO - [2025-05-20T07:57:51.669+0000] {dag.py:3823} INFO - Setting next_dagrun for dataset_produces_1 to 2025-05-19 00:00:00+00:00, run_after=2025-05-20 00:00:00+00:00
[2025-05-20T07:57:51.673+0000] {logging_mixin.py:188} INFO - [2025-05-20T07:57:51.672+0000] {dag.py:3823} INFO - Setting next_dagrun for dataset_produces_2 to None, run_after=None
[2025-05-20T07:57:51.914+0000] {processor.py:183} INFO - Processing /home/airflow/.local/lib/python3.8/site-packages/airflow/example_dags/example_datasets.py took 0.443 seconds
[2025-05-20T07:58:23.136+0000] {processor.py:161} INFO - Started process (PID=1705) to work on /home/airflow/.local/lib/python3.8/site-packages/airflow/example_dags/example_datasets.py
[2025-05-20T07:58:23.138+0000] {processor.py:830} INFO - Processing file /home/airflow/.local/lib/python3.8/site-packages/airflow/example_dags/example_datasets.py for tasks to queue
[2025-05-20T07:58:23.142+0000] {logging_mixin.py:188} INFO - [2025-05-20T07:58:23.142+0000] {dagbag.py:538} INFO - Filling up the DagBag from /home/airflow/.local/lib/python3.8/site-packages/airflow/example_dags/example_datasets.py
[2025-05-20T07:58:23.163+0000] {processor.py:840} INFO - DAG(s) 'dataset_consumes_1_and_2', 'dataset_produces_1', 'dataset_consumes_1', 'dataset_produces_2', 'dataset_consumes_1_never_scheduled', 'dataset_consumes_unknown_never_scheduled' retrieved from /home/airflow/.local/lib/python3.8/site-packages/airflow/example_dags/example_datasets.py
[2025-05-20T07:58:23.230+0000] {logging_mixin.py:188} INFO - [2025-05-20T07:58:23.230+0000] {dag.py:3036} INFO - Sync 6 DAGs
[2025-05-20T07:58:23.276+0000] {logging_mixin.py:188} INFO - [2025-05-20T07:58:23.276+0000] {dag.py:3823} INFO - Setting next_dagrun for dataset_consumes_1 to None, run_after=None
[2025-05-20T07:58:23.488+0000] {logging_mixin.py:188} INFO - [2025-05-20T07:58:23.487+0000] {dag.py:3823} INFO - Setting next_dagrun for dataset_consumes_1_and_2 to None, run_after=None
[2025-05-20T07:58:23.493+0000] {logging_mixin.py:188} INFO - [2025-05-20T07:58:23.492+0000] {dag.py:3823} INFO - Setting next_dagrun for dataset_consumes_1_never_scheduled to None, run_after=None
[2025-05-20T07:58:23.497+0000] {logging_mixin.py:188} INFO - [2025-05-20T07:58:23.496+0000] {dag.py:3823} INFO - Setting next_dagrun for dataset_consumes_unknown_never_scheduled to None, run_after=None
[2025-05-20T07:58:23.505+0000] {logging_mixin.py:188} INFO - [2025-05-20T07:58:23.504+0000] {dag.py:3823} INFO - Setting next_dagrun for dataset_produces_1 to 2025-05-19 00:00:00+00:00, run_after=2025-05-20 00:00:00+00:00
[2025-05-20T07:58:23.509+0000] {logging_mixin.py:188} INFO - [2025-05-20T07:58:23.509+0000] {dag.py:3823} INFO - Setting next_dagrun for dataset_produces_2 to None, run_after=None
[2025-05-20T07:58:23.595+0000] {processor.py:183} INFO - Processing /home/airflow/.local/lib/python3.8/site-packages/airflow/example_dags/example_datasets.py took 0.465 seconds
[2025-05-20T07:58:54.626+0000] {processor.py:161} INFO - Started process (PID=1770) to work on /home/airflow/.local/lib/python3.8/site-packages/airflow/example_dags/example_datasets.py
[2025-05-20T07:58:54.630+0000] {processor.py:830} INFO - Processing file /home/airflow/.local/lib/python3.8/site-packages/airflow/example_dags/example_datasets.py for tasks to queue
[2025-05-20T07:58:54.636+0000] {logging_mixin.py:188} INFO - [2025-05-20T07:58:54.635+0000] {dagbag.py:538} INFO - Filling up the DagBag from /home/airflow/.local/lib/python3.8/site-packages/airflow/example_dags/example_datasets.py
[2025-05-20T07:58:54.682+0000] {processor.py:840} INFO - DAG(s) 'dataset_consumes_1', 'dataset_consumes_1_never_scheduled', 'dataset_produces_1', 'dataset_consumes_1_and_2', 'dataset_consumes_unknown_never_scheduled', 'dataset_produces_2' retrieved from /home/airflow/.local/lib/python3.8/site-packages/airflow/example_dags/example_datasets.py
[2025-05-20T07:58:54.801+0000] {logging_mixin.py:188} INFO - [2025-05-20T07:58:54.801+0000] {dag.py:3036} INFO - Sync 6 DAGs
[2025-05-20T07:58:55.051+0000] {logging_mixin.py:188} INFO - [2025-05-20T07:58:55.050+0000] {dag.py:3823} INFO - Setting next_dagrun for dataset_consumes_1 to None, run_after=None
[2025-05-20T07:58:55.067+0000] {logging_mixin.py:188} INFO - [2025-05-20T07:58:55.066+0000] {dag.py:3823} INFO - Setting next_dagrun for dataset_consumes_1_and_2 to None, run_after=None
[2025-05-20T07:58:55.070+0000] {logging_mixin.py:188} INFO - [2025-05-20T07:58:55.070+0000] {dag.py:3823} INFO - Setting next_dagrun for dataset_consumes_1_never_scheduled to None, run_after=None
[2025-05-20T07:58:55.073+0000] {logging_mixin.py:188} INFO - [2025-05-20T07:58:55.073+0000] {dag.py:3823} INFO - Setting next_dagrun for dataset_consumes_unknown_never_scheduled to None, run_after=None
[2025-05-20T07:58:55.081+0000] {logging_mixin.py:188} INFO - [2025-05-20T07:58:55.080+0000] {dag.py:3823} INFO - Setting next_dagrun for dataset_produces_1 to 2025-05-19 00:00:00+00:00, run_after=2025-05-20 00:00:00+00:00
[2025-05-20T07:58:55.085+0000] {logging_mixin.py:188} INFO - [2025-05-20T07:58:55.085+0000] {dag.py:3823} INFO - Setting next_dagrun for dataset_produces_2 to None, run_after=None
[2025-05-20T07:58:55.149+0000] {processor.py:183} INFO - Processing /home/airflow/.local/lib/python3.8/site-packages/airflow/example_dags/example_datasets.py took 0.532 seconds
[2025-05-20T07:59:26.559+0000] {processor.py:161} INFO - Started process (PID=1835) to work on /home/airflow/.local/lib/python3.8/site-packages/airflow/example_dags/example_datasets.py
[2025-05-20T07:59:26.561+0000] {processor.py:830} INFO - Processing file /home/airflow/.local/lib/python3.8/site-packages/airflow/example_dags/example_datasets.py for tasks to queue
[2025-05-20T07:59:26.564+0000] {logging_mixin.py:188} INFO - [2025-05-20T07:59:26.564+0000] {dagbag.py:538} INFO - Filling up the DagBag from /home/airflow/.local/lib/python3.8/site-packages/airflow/example_dags/example_datasets.py
[2025-05-20T07:59:26.582+0000] {processor.py:840} INFO - DAG(s) 'dataset_consumes_1', 'dataset_consumes_1_never_scheduled', 'dataset_produces_2', 'dataset_produces_1', 'dataset_consumes_unknown_never_scheduled', 'dataset_consumes_1_and_2' retrieved from /home/airflow/.local/lib/python3.8/site-packages/airflow/example_dags/example_datasets.py
[2025-05-20T07:59:26.658+0000] {logging_mixin.py:188} INFO - [2025-05-20T07:59:26.657+0000] {dag.py:3036} INFO - Sync 6 DAGs
[2025-05-20T07:59:26.709+0000] {logging_mixin.py:188} INFO - [2025-05-20T07:59:26.708+0000] {dag.py:3823} INFO - Setting next_dagrun for dataset_consumes_1 to None, run_after=None
[2025-05-20T07:59:26.717+0000] {logging_mixin.py:188} INFO - [2025-05-20T07:59:26.717+0000] {dag.py:3823} INFO - Setting next_dagrun for dataset_consumes_1_and_2 to None, run_after=None
[2025-05-20T07:59:26.721+0000] {logging_mixin.py:188} INFO - [2025-05-20T07:59:26.721+0000] {dag.py:3823} INFO - Setting next_dagrun for dataset_consumes_1_never_scheduled to None, run_after=None
[2025-05-20T07:59:26.725+0000] {logging_mixin.py:188} INFO - [2025-05-20T07:59:26.724+0000] {dag.py:3823} INFO - Setting next_dagrun for dataset_consumes_unknown_never_scheduled to None, run_after=None
[2025-05-20T07:59:26.731+0000] {logging_mixin.py:188} INFO - [2025-05-20T07:59:26.730+0000] {dag.py:3823} INFO - Setting next_dagrun for dataset_produces_1 to 2025-05-19 00:00:00+00:00, run_after=2025-05-20 00:00:00+00:00
[2025-05-20T07:59:26.735+0000] {logging_mixin.py:188} INFO - [2025-05-20T07:59:26.734+0000] {dag.py:3823} INFO - Setting next_dagrun for dataset_produces_2 to None, run_after=None
[2025-05-20T07:59:26.823+0000] {processor.py:183} INFO - Processing /home/airflow/.local/lib/python3.8/site-packages/airflow/example_dags/example_datasets.py took 0.270 seconds
[2025-05-20T07:59:58.248+0000] {processor.py:161} INFO - Started process (PID=1900) to work on /home/airflow/.local/lib/python3.8/site-packages/airflow/example_dags/example_datasets.py
[2025-05-20T07:59:58.250+0000] {processor.py:830} INFO - Processing file /home/airflow/.local/lib/python3.8/site-packages/airflow/example_dags/example_datasets.py for tasks to queue
[2025-05-20T07:59:58.254+0000] {logging_mixin.py:188} INFO - [2025-05-20T07:59:58.253+0000] {dagbag.py:538} INFO - Filling up the DagBag from /home/airflow/.local/lib/python3.8/site-packages/airflow/example_dags/example_datasets.py
[2025-05-20T07:59:58.275+0000] {processor.py:840} INFO - DAG(s) 'dataset_produces_1', 'dataset_produces_2', 'dataset_consumes_1_never_scheduled', 'dataset_consumes_1_and_2', 'dataset_consumes_1', 'dataset_consumes_unknown_never_scheduled' retrieved from /home/airflow/.local/lib/python3.8/site-packages/airflow/example_dags/example_datasets.py
[2025-05-20T07:59:58.358+0000] {logging_mixin.py:188} INFO - [2025-05-20T07:59:58.357+0000] {dag.py:3036} INFO - Sync 6 DAGs
[2025-05-20T07:59:58.597+0000] {logging_mixin.py:188} INFO - [2025-05-20T07:59:58.597+0000] {dag.py:3823} INFO - Setting next_dagrun for dataset_consumes_1 to None, run_after=None
[2025-05-20T07:59:58.605+0000] {logging_mixin.py:188} INFO - [2025-05-20T07:59:58.604+0000] {dag.py:3823} INFO - Setting next_dagrun for dataset_consumes_1_and_2 to None, run_after=None
[2025-05-20T07:59:58.608+0000] {logging_mixin.py:188} INFO - [2025-05-20T07:59:58.608+0000] {dag.py:3823} INFO - Setting next_dagrun for dataset_consumes_1_never_scheduled to None, run_after=None
[2025-05-20T07:59:58.612+0000] {logging_mixin.py:188} INFO - [2025-05-20T07:59:58.611+0000] {dag.py:3823} INFO - Setting next_dagrun for dataset_consumes_unknown_never_scheduled to None, run_after=None
[2025-05-20T07:59:58.618+0000] {logging_mixin.py:188} INFO - [2025-05-20T07:59:58.617+0000] {dag.py:3823} INFO - Setting next_dagrun for dataset_produces_1 to 2025-05-19 00:00:00+00:00, run_after=2025-05-20 00:00:00+00:00
[2025-05-20T07:59:58.621+0000] {logging_mixin.py:188} INFO - [2025-05-20T07:59:58.621+0000] {dag.py:3823} INFO - Setting next_dagrun for dataset_produces_2 to None, run_after=None
[2025-05-20T07:59:58.702+0000] {processor.py:183} INFO - Processing /home/airflow/.local/lib/python3.8/site-packages/airflow/example_dags/example_datasets.py took 0.461 seconds
[2025-05-20T08:00:31.027+0000] {processor.py:161} INFO - Started process (PID=1965) to work on /home/airflow/.local/lib/python3.8/site-packages/airflow/example_dags/example_datasets.py
[2025-05-20T08:00:31.030+0000] {processor.py:830} INFO - Processing file /home/airflow/.local/lib/python3.8/site-packages/airflow/example_dags/example_datasets.py for tasks to queue
[2025-05-20T08:00:31.035+0000] {logging_mixin.py:188} INFO - [2025-05-20T08:00:31.035+0000] {dagbag.py:538} INFO - Filling up the DagBag from /home/airflow/.local/lib/python3.8/site-packages/airflow/example_dags/example_datasets.py
[2025-05-20T08:00:31.062+0000] {processor.py:840} INFO - DAG(s) 'dataset_consumes_1_and_2', 'dataset_consumes_1', 'dataset_consumes_1_never_scheduled', 'dataset_consumes_unknown_never_scheduled', 'dataset_produces_2', 'dataset_produces_1' retrieved from /home/airflow/.local/lib/python3.8/site-packages/airflow/example_dags/example_datasets.py
[2025-05-20T08:00:31.351+0000] {logging_mixin.py:188} INFO - [2025-05-20T08:00:31.351+0000] {dag.py:3036} INFO - Sync 6 DAGs
[2025-05-20T08:00:31.393+0000] {logging_mixin.py:188} INFO - [2025-05-20T08:00:31.393+0000] {dag.py:3823} INFO - Setting next_dagrun for dataset_consumes_1 to None, run_after=None
[2025-05-20T08:00:31.401+0000] {logging_mixin.py:188} INFO - [2025-05-20T08:00:31.400+0000] {dag.py:3823} INFO - Setting next_dagrun for dataset_consumes_1_and_2 to None, run_after=None
[2025-05-20T08:00:31.404+0000] {logging_mixin.py:188} INFO - [2025-05-20T08:00:31.404+0000] {dag.py:3823} INFO - Setting next_dagrun for dataset_consumes_1_never_scheduled to None, run_after=None
[2025-05-20T08:00:31.408+0000] {logging_mixin.py:188} INFO - [2025-05-20T08:00:31.407+0000] {dag.py:3823} INFO - Setting next_dagrun for dataset_consumes_unknown_never_scheduled to None, run_after=None
[2025-05-20T08:00:31.415+0000] {logging_mixin.py:188} INFO - [2025-05-20T08:00:31.415+0000] {dag.py:3823} INFO - Setting next_dagrun for dataset_produces_1 to 2025-05-19 00:00:00+00:00, run_after=2025-05-20 00:00:00+00:00
[2025-05-20T08:00:31.418+0000] {logging_mixin.py:188} INFO - [2025-05-20T08:00:31.418+0000] {dag.py:3823} INFO - Setting next_dagrun for dataset_produces_2 to None, run_after=None
[2025-05-20T08:00:31.485+0000] {processor.py:183} INFO - Processing /home/airflow/.local/lib/python3.8/site-packages/airflow/example_dags/example_datasets.py took 0.465 seconds
[2025-05-20T08:01:01.809+0000] {processor.py:161} INFO - Started process (PID=2030) to work on /home/airflow/.local/lib/python3.8/site-packages/airflow/example_dags/example_datasets.py
[2025-05-20T08:01:01.811+0000] {processor.py:830} INFO - Processing file /home/airflow/.local/lib/python3.8/site-packages/airflow/example_dags/example_datasets.py for tasks to queue
[2025-05-20T08:01:01.815+0000] {logging_mixin.py:188} INFO - [2025-05-20T08:01:01.814+0000] {dagbag.py:538} INFO - Filling up the DagBag from /home/airflow/.local/lib/python3.8/site-packages/airflow/example_dags/example_datasets.py
[2025-05-20T08:01:01.832+0000] {processor.py:840} INFO - DAG(s) 'dataset_produces_1', 'dataset_consumes_1', 'dataset_produces_2', 'dataset_consumes_1_never_scheduled', 'dataset_consumes_1_and_2', 'dataset_consumes_unknown_never_scheduled' retrieved from /home/airflow/.local/lib/python3.8/site-packages/airflow/example_dags/example_datasets.py
[2025-05-20T08:01:02.090+0000] {logging_mixin.py:188} INFO - [2025-05-20T08:01:02.089+0000] {dag.py:3036} INFO - Sync 6 DAGs
[2025-05-20T08:01:02.151+0000] {logging_mixin.py:188} INFO - [2025-05-20T08:01:02.151+0000] {dag.py:3823} INFO - Setting next_dagrun for dataset_consumes_1 to None, run_after=None
[2025-05-20T08:01:02.160+0000] {logging_mixin.py:188} INFO - [2025-05-20T08:01:02.160+0000] {dag.py:3823} INFO - Setting next_dagrun for dataset_consumes_1_and_2 to None, run_after=None
[2025-05-20T08:01:02.164+0000] {logging_mixin.py:188} INFO - [2025-05-20T08:01:02.163+0000] {dag.py:3823} INFO - Setting next_dagrun for dataset_consumes_1_never_scheduled to None, run_after=None
[2025-05-20T08:01:02.170+0000] {logging_mixin.py:188} INFO - [2025-05-20T08:01:02.170+0000] {dag.py:3823} INFO - Setting next_dagrun for dataset_consumes_unknown_never_scheduled to None, run_after=None
[2025-05-20T08:01:02.180+0000] {logging_mixin.py:188} INFO - [2025-05-20T08:01:02.180+0000] {dag.py:3823} INFO - Setting next_dagrun for dataset_produces_1 to 2025-05-19 00:00:00+00:00, run_after=2025-05-20 00:00:00+00:00
[2025-05-20T08:01:02.185+0000] {logging_mixin.py:188} INFO - [2025-05-20T08:01:02.184+0000] {dag.py:3823} INFO - Setting next_dagrun for dataset_produces_2 to None, run_after=None
[2025-05-20T08:01:02.268+0000] {processor.py:183} INFO - Processing /home/airflow/.local/lib/python3.8/site-packages/airflow/example_dags/example_datasets.py took 0.465 seconds
[2025-05-20T08:01:32.637+0000] {processor.py:161} INFO - Started process (PID=2095) to work on /home/airflow/.local/lib/python3.8/site-packages/airflow/example_dags/example_datasets.py
[2025-05-20T08:01:32.639+0000] {processor.py:830} INFO - Processing file /home/airflow/.local/lib/python3.8/site-packages/airflow/example_dags/example_datasets.py for tasks to queue
[2025-05-20T08:01:32.642+0000] {logging_mixin.py:188} INFO - [2025-05-20T08:01:32.641+0000] {dagbag.py:538} INFO - Filling up the DagBag from /home/airflow/.local/lib/python3.8/site-packages/airflow/example_dags/example_datasets.py
[2025-05-20T08:01:32.658+0000] {processor.py:840} INFO - DAG(s) 'dataset_consumes_1', 'dataset_consumes_1_never_scheduled', 'dataset_consumes_unknown_never_scheduled', 'dataset_consumes_1_and_2', 'dataset_produces_1', 'dataset_produces_2' retrieved from /home/airflow/.local/lib/python3.8/site-packages/airflow/example_dags/example_datasets.py
[2025-05-20T08:01:32.731+0000] {logging_mixin.py:188} INFO - [2025-05-20T08:01:32.730+0000] {dag.py:3036} INFO - Sync 6 DAGs
[2025-05-20T08:01:32.783+0000] {logging_mixin.py:188} INFO - [2025-05-20T08:01:32.783+0000] {dag.py:3823} INFO - Setting next_dagrun for dataset_consumes_1 to None, run_after=None
[2025-05-20T08:01:32.790+0000] {logging_mixin.py:188} INFO - [2025-05-20T08:01:32.789+0000] {dag.py:3823} INFO - Setting next_dagrun for dataset_consumes_1_and_2 to None, run_after=None
[2025-05-20T08:01:32.792+0000] {logging_mixin.py:188} INFO - [2025-05-20T08:01:32.792+0000] {dag.py:3823} INFO - Setting next_dagrun for dataset_consumes_1_never_scheduled to None, run_after=None
[2025-05-20T08:01:32.795+0000] {logging_mixin.py:188} INFO - [2025-05-20T08:01:32.795+0000] {dag.py:3823} INFO - Setting next_dagrun for dataset_consumes_unknown_never_scheduled to None, run_after=None
[2025-05-20T08:01:32.801+0000] {logging_mixin.py:188} INFO - [2025-05-20T08:01:32.800+0000] {dag.py:3823} INFO - Setting next_dagrun for dataset_produces_1 to 2025-05-19 00:00:00+00:00, run_after=2025-05-20 00:00:00+00:00
[2025-05-20T08:01:32.803+0000] {logging_mixin.py:188} INFO - [2025-05-20T08:01:32.803+0000] {dag.py:3823} INFO - Setting next_dagrun for dataset_produces_2 to None, run_after=None
[2025-05-20T08:01:32.860+0000] {processor.py:183} INFO - Processing /home/airflow/.local/lib/python3.8/site-packages/airflow/example_dags/example_datasets.py took 0.228 seconds
[2025-05-20T08:02:03.307+0000] {processor.py:161} INFO - Started process (PID=2160) to work on /home/airflow/.local/lib/python3.8/site-packages/airflow/example_dags/example_datasets.py
[2025-05-20T08:02:03.309+0000] {processor.py:830} INFO - Processing file /home/airflow/.local/lib/python3.8/site-packages/airflow/example_dags/example_datasets.py for tasks to queue
[2025-05-20T08:02:03.313+0000] {logging_mixin.py:188} INFO - [2025-05-20T08:02:03.312+0000] {dagbag.py:538} INFO - Filling up the DagBag from /home/airflow/.local/lib/python3.8/site-packages/airflow/example_dags/example_datasets.py
[2025-05-20T08:02:03.331+0000] {processor.py:840} INFO - DAG(s) 'dataset_consumes_unknown_never_scheduled', 'dataset_consumes_1_and_2', 'dataset_consumes_1_never_scheduled', 'dataset_produces_2', 'dataset_consumes_1', 'dataset_produces_1' retrieved from /home/airflow/.local/lib/python3.8/site-packages/airflow/example_dags/example_datasets.py
[2025-05-20T08:02:03.404+0000] {logging_mixin.py:188} INFO - [2025-05-20T08:02:03.403+0000] {dag.py:3036} INFO - Sync 6 DAGs
[2025-05-20T08:02:03.452+0000] {logging_mixin.py:188} INFO - [2025-05-20T08:02:03.451+0000] {dag.py:3823} INFO - Setting next_dagrun for dataset_consumes_1 to None, run_after=None
[2025-05-20T08:02:03.462+0000] {logging_mixin.py:188} INFO - [2025-05-20T08:02:03.462+0000] {dag.py:3823} INFO - Setting next_dagrun for dataset_consumes_1_and_2 to None, run_after=None
[2025-05-20T08:02:03.466+0000] {logging_mixin.py:188} INFO - [2025-05-20T08:02:03.466+0000] {dag.py:3823} INFO - Setting next_dagrun for dataset_consumes_1_never_scheduled to None, run_after=None
[2025-05-20T08:02:03.470+0000] {logging_mixin.py:188} INFO - [2025-05-20T08:02:03.469+0000] {dag.py:3823} INFO - Setting next_dagrun for dataset_consumes_unknown_never_scheduled to None, run_after=None
[2025-05-20T08:02:03.478+0000] {logging_mixin.py:188} INFO - [2025-05-20T08:02:03.477+0000] {dag.py:3823} INFO - Setting next_dagrun for dataset_produces_1 to 2025-05-19 00:00:00+00:00, run_after=2025-05-20 00:00:00+00:00
[2025-05-20T08:02:03.482+0000] {logging_mixin.py:188} INFO - [2025-05-20T08:02:03.481+0000] {dag.py:3823} INFO - Setting next_dagrun for dataset_produces_2 to None, run_after=None
[2025-05-20T08:02:03.557+0000] {processor.py:183} INFO - Processing /home/airflow/.local/lib/python3.8/site-packages/airflow/example_dags/example_datasets.py took 0.255 seconds
[2025-05-20T08:02:35.040+0000] {processor.py:161} INFO - Started process (PID=2225) to work on /home/airflow/.local/lib/python3.8/site-packages/airflow/example_dags/example_datasets.py
[2025-05-20T08:02:35.043+0000] {processor.py:830} INFO - Processing file /home/airflow/.local/lib/python3.8/site-packages/airflow/example_dags/example_datasets.py for tasks to queue
[2025-05-20T08:02:35.048+0000] {logging_mixin.py:188} INFO - [2025-05-20T08:02:35.047+0000] {dagbag.py:538} INFO - Filling up the DagBag from /home/airflow/.local/lib/python3.8/site-packages/airflow/example_dags/example_datasets.py
[2025-05-20T08:02:35.088+0000] {processor.py:840} INFO - DAG(s) 'dataset_consumes_1_and_2', 'dataset_consumes_unknown_never_scheduled', 'dataset_produces_2', 'dataset_produces_1', 'dataset_consumes_1_never_scheduled', 'dataset_consumes_1' retrieved from /home/airflow/.local/lib/python3.8/site-packages/airflow/example_dags/example_datasets.py
[2025-05-20T08:02:35.177+0000] {logging_mixin.py:188} INFO - [2025-05-20T08:02:35.176+0000] {dag.py:3036} INFO - Sync 6 DAGs
[2025-05-20T08:02:35.235+0000] {logging_mixin.py:188} INFO - [2025-05-20T08:02:35.233+0000] {dag.py:3823} INFO - Setting next_dagrun for dataset_consumes_1 to None, run_after=None
[2025-05-20T08:02:35.252+0000] {logging_mixin.py:188} INFO - [2025-05-20T08:02:35.251+0000] {dag.py:3823} INFO - Setting next_dagrun for dataset_consumes_1_and_2 to None, run_after=None
[2025-05-20T08:02:35.264+0000] {logging_mixin.py:188} INFO - [2025-05-20T08:02:35.264+0000] {dag.py:3823} INFO - Setting next_dagrun for dataset_consumes_1_never_scheduled to None, run_after=None
[2025-05-20T08:02:35.269+0000] {logging_mixin.py:188} INFO - [2025-05-20T08:02:35.268+0000] {dag.py:3823} INFO - Setting next_dagrun for dataset_consumes_unknown_never_scheduled to None, run_after=None
[2025-05-20T08:02:35.278+0000] {logging_mixin.py:188} INFO - [2025-05-20T08:02:35.277+0000] {dag.py:3823} INFO - Setting next_dagrun for dataset_produces_1 to 2025-05-19 00:00:00+00:00, run_after=2025-05-20 00:00:00+00:00
[2025-05-20T08:02:35.282+0000] {logging_mixin.py:188} INFO - [2025-05-20T08:02:35.282+0000] {dag.py:3823} INFO - Setting next_dagrun for dataset_produces_2 to None, run_after=None
[2025-05-20T08:02:35.351+0000] {processor.py:183} INFO - Processing /home/airflow/.local/lib/python3.8/site-packages/airflow/example_dags/example_datasets.py took 0.325 seconds
[2025-05-20T08:03:05.946+0000] {processor.py:161} INFO - Started process (PID=2297) to work on /home/airflow/.local/lib/python3.8/site-packages/airflow/example_dags/example_datasets.py
[2025-05-20T08:03:05.948+0000] {processor.py:830} INFO - Processing file /home/airflow/.local/lib/python3.8/site-packages/airflow/example_dags/example_datasets.py for tasks to queue
[2025-05-20T08:03:05.953+0000] {logging_mixin.py:188} INFO - [2025-05-20T08:03:05.952+0000] {dagbag.py:538} INFO - Filling up the DagBag from /home/airflow/.local/lib/python3.8/site-packages/airflow/example_dags/example_datasets.py
[2025-05-20T08:03:05.976+0000] {processor.py:840} INFO - DAG(s) 'dataset_consumes_1_never_scheduled', 'dataset_consumes_1', 'dataset_consumes_1_and_2', 'dataset_consumes_unknown_never_scheduled', 'dataset_produces_2', 'dataset_produces_1' retrieved from /home/airflow/.local/lib/python3.8/site-packages/airflow/example_dags/example_datasets.py
[2025-05-20T08:03:06.077+0000] {logging_mixin.py:188} INFO - [2025-05-20T08:03:06.077+0000] {dag.py:3036} INFO - Sync 6 DAGs
[2025-05-20T08:03:06.138+0000] {logging_mixin.py:188} INFO - [2025-05-20T08:03:06.138+0000] {dag.py:3823} INFO - Setting next_dagrun for dataset_consumes_1 to None, run_after=None
[2025-05-20T08:03:06.149+0000] {logging_mixin.py:188} INFO - [2025-05-20T08:03:06.148+0000] {dag.py:3823} INFO - Setting next_dagrun for dataset_consumes_1_and_2 to None, run_after=None
[2025-05-20T08:03:06.155+0000] {logging_mixin.py:188} INFO - [2025-05-20T08:03:06.154+0000] {dag.py:3823} INFO - Setting next_dagrun for dataset_consumes_1_never_scheduled to None, run_after=None
[2025-05-20T08:03:06.158+0000] {logging_mixin.py:188} INFO - [2025-05-20T08:03:06.158+0000] {dag.py:3823} INFO - Setting next_dagrun for dataset_consumes_unknown_never_scheduled to None, run_after=None
[2025-05-20T08:03:06.176+0000] {logging_mixin.py:188} INFO - [2025-05-20T08:03:06.175+0000] {dag.py:3823} INFO - Setting next_dagrun for dataset_produces_1 to 2025-05-19 00:00:00+00:00, run_after=2025-05-20 00:00:00+00:00
[2025-05-20T08:03:06.180+0000] {logging_mixin.py:188} INFO - [2025-05-20T08:03:06.179+0000] {dag.py:3823} INFO - Setting next_dagrun for dataset_produces_2 to None, run_after=None
[2025-05-20T08:03:06.323+0000] {processor.py:183} INFO - Processing /home/airflow/.local/lib/python3.8/site-packages/airflow/example_dags/example_datasets.py took 0.383 seconds
[2025-05-20T08:03:37.213+0000] {processor.py:161} INFO - Started process (PID=2362) to work on /home/airflow/.local/lib/python3.8/site-packages/airflow/example_dags/example_datasets.py
[2025-05-20T08:03:37.217+0000] {processor.py:830} INFO - Processing file /home/airflow/.local/lib/python3.8/site-packages/airflow/example_dags/example_datasets.py for tasks to queue
[2025-05-20T08:03:37.225+0000] {logging_mixin.py:188} INFO - [2025-05-20T08:03:37.224+0000] {dagbag.py:538} INFO - Filling up the DagBag from /home/airflow/.local/lib/python3.8/site-packages/airflow/example_dags/example_datasets.py
[2025-05-20T08:03:37.243+0000] {processor.py:840} INFO - DAG(s) 'dataset_consumes_1_never_scheduled', 'dataset_consumes_1_and_2', 'dataset_consumes_unknown_never_scheduled', 'dataset_consumes_1', 'dataset_produces_1', 'dataset_produces_2' retrieved from /home/airflow/.local/lib/python3.8/site-packages/airflow/example_dags/example_datasets.py
[2025-05-20T08:03:37.319+0000] {logging_mixin.py:188} INFO - [2025-05-20T08:03:37.318+0000] {dag.py:3036} INFO - Sync 6 DAGs
[2025-05-20T08:03:37.371+0000] {logging_mixin.py:188} INFO - [2025-05-20T08:03:37.371+0000] {dag.py:3823} INFO - Setting next_dagrun for dataset_consumes_1 to None, run_after=None
[2025-05-20T08:03:37.385+0000] {logging_mixin.py:188} INFO - [2025-05-20T08:03:37.385+0000] {dag.py:3823} INFO - Setting next_dagrun for dataset_consumes_1_and_2 to None, run_after=None
[2025-05-20T08:03:37.389+0000] {logging_mixin.py:188} INFO - [2025-05-20T08:03:37.389+0000] {dag.py:3823} INFO - Setting next_dagrun for dataset_consumes_1_never_scheduled to None, run_after=None
[2025-05-20T08:03:37.393+0000] {logging_mixin.py:188} INFO - [2025-05-20T08:03:37.392+0000] {dag.py:3823} INFO - Setting next_dagrun for dataset_consumes_unknown_never_scheduled to None, run_after=None
[2025-05-20T08:03:37.400+0000] {logging_mixin.py:188} INFO - [2025-05-20T08:03:37.400+0000] {dag.py:3823} INFO - Setting next_dagrun for dataset_produces_1 to 2025-05-19 00:00:00+00:00, run_after=2025-05-20 00:00:00+00:00
[2025-05-20T08:03:37.403+0000] {logging_mixin.py:188} INFO - [2025-05-20T08:03:37.403+0000] {dag.py:3823} INFO - Setting next_dagrun for dataset_produces_2 to None, run_after=None
[2025-05-20T08:03:37.488+0000] {processor.py:183} INFO - Processing /home/airflow/.local/lib/python3.8/site-packages/airflow/example_dags/example_datasets.py took 0.288 seconds
[2025-05-20T08:04:08.609+0000] {processor.py:161} INFO - Started process (PID=2427) to work on /home/airflow/.local/lib/python3.8/site-packages/airflow/example_dags/example_datasets.py
[2025-05-20T08:04:08.611+0000] {processor.py:830} INFO - Processing file /home/airflow/.local/lib/python3.8/site-packages/airflow/example_dags/example_datasets.py for tasks to queue
[2025-05-20T08:04:08.615+0000] {logging_mixin.py:188} INFO - [2025-05-20T08:04:08.614+0000] {dagbag.py:538} INFO - Filling up the DagBag from /home/airflow/.local/lib/python3.8/site-packages/airflow/example_dags/example_datasets.py
[2025-05-20T08:04:08.634+0000] {processor.py:840} INFO - DAG(s) 'dataset_consumes_1', 'dataset_produces_1', 'dataset_consumes_unknown_never_scheduled', 'dataset_produces_2', 'dataset_consumes_1_and_2', 'dataset_consumes_1_never_scheduled' retrieved from /home/airflow/.local/lib/python3.8/site-packages/airflow/example_dags/example_datasets.py
[2025-05-20T08:04:08.710+0000] {logging_mixin.py:188} INFO - [2025-05-20T08:04:08.710+0000] {dag.py:3036} INFO - Sync 6 DAGs
[2025-05-20T08:04:08.764+0000] {logging_mixin.py:188} INFO - [2025-05-20T08:04:08.763+0000] {dag.py:3823} INFO - Setting next_dagrun for dataset_consumes_1 to None, run_after=None
[2025-05-20T08:04:08.776+0000] {logging_mixin.py:188} INFO - [2025-05-20T08:04:08.775+0000] {dag.py:3823} INFO - Setting next_dagrun for dataset_consumes_1_and_2 to None, run_after=None
[2025-05-20T08:04:08.780+0000] {logging_mixin.py:188} INFO - [2025-05-20T08:04:08.779+0000] {dag.py:3823} INFO - Setting next_dagrun for dataset_consumes_1_never_scheduled to None, run_after=None
[2025-05-20T08:04:08.783+0000] {logging_mixin.py:188} INFO - [2025-05-20T08:04:08.783+0000] {dag.py:3823} INFO - Setting next_dagrun for dataset_consumes_unknown_never_scheduled to None, run_after=None
[2025-05-20T08:04:08.789+0000] {logging_mixin.py:188} INFO - [2025-05-20T08:04:08.789+0000] {dag.py:3823} INFO - Setting next_dagrun for dataset_produces_1 to 2025-05-19 00:00:00+00:00, run_after=2025-05-20 00:00:00+00:00
[2025-05-20T08:04:08.794+0000] {logging_mixin.py:188} INFO - [2025-05-20T08:04:08.793+0000] {dag.py:3823} INFO - Setting next_dagrun for dataset_produces_2 to None, run_after=None
[2025-05-20T08:04:08.876+0000] {processor.py:183} INFO - Processing /home/airflow/.local/lib/python3.8/site-packages/airflow/example_dags/example_datasets.py took 0.274 seconds
