[2025-05-20T07:45:12.094+0000] {processor.py:161} INFO - Started process (PID=51) to work on /home/airflow/.local/lib/python3.8/site-packages/airflow/example_dags/example_sla_dag.py
[2025-05-20T07:45:12.096+0000] {processor.py:830} INFO - Processing file /home/airflow/.local/lib/python3.8/site-packages/airflow/example_dags/example_sla_dag.py for tasks to queue
[2025-05-20T07:45:12.100+0000] {logging_mixin.py:188} INFO - [2025-05-20T07:45:12.099+0000] {dagbag.py:538} INFO - Filling up the DagBag from /home/airflow/.local/lib/python3.8/site-packages/airflow/example_dags/example_sla_dag.py
[2025-05-20T07:45:12.121+0000] {processor.py:840} INFO - DAG(s) 'example_sla_dag' retrieved from /home/airflow/.local/lib/python3.8/site-packages/airflow/example_dags/example_sla_dag.py
[2025-05-20T07:45:12.366+0000] {logging_mixin.py:188} INFO - [2025-05-20T07:45:12.366+0000] {dag.py:3036} INFO - Sync 1 DAGs
[2025-05-20T07:45:12.416+0000] {logging_mixin.py:188} INFO - [2025-05-20T07:45:12.415+0000] {dag.py:3823} INFO - Setting next_dagrun for example_sla_dag to 2025-05-20 07:42:00+00:00, run_after=2025-05-20 07:44:00+00:00
[2025-05-20T07:45:12.452+0000] {processor.py:183} INFO - Processing /home/airflow/.local/lib/python3.8/site-packages/airflow/example_dags/example_sla_dag.py took 0.363 seconds
[2025-05-20T07:45:43.382+0000] {processor.py:161} INFO - Started process (PID=116) to work on /home/airflow/.local/lib/python3.8/site-packages/airflow/example_dags/example_sla_dag.py
[2025-05-20T07:45:43.384+0000] {processor.py:830} INFO - Processing file /home/airflow/.local/lib/python3.8/site-packages/airflow/example_dags/example_sla_dag.py for tasks to queue
[2025-05-20T07:45:43.388+0000] {logging_mixin.py:188} INFO - [2025-05-20T07:45:43.387+0000] {dagbag.py:538} INFO - Filling up the DagBag from /home/airflow/.local/lib/python3.8/site-packages/airflow/example_dags/example_sla_dag.py
[2025-05-20T07:45:43.409+0000] {processor.py:840} INFO - DAG(s) 'example_sla_dag' retrieved from /home/airflow/.local/lib/python3.8/site-packages/airflow/example_dags/example_sla_dag.py
[2025-05-20T07:45:43.455+0000] {logging_mixin.py:188} INFO - [2025-05-20T07:45:43.454+0000] {dag.py:3036} INFO - Sync 1 DAGs
[2025-05-20T07:45:43.515+0000] {logging_mixin.py:188} INFO - [2025-05-20T07:45:43.514+0000] {dag.py:3823} INFO - Setting next_dagrun for example_sla_dag to 2025-05-20 07:42:00+00:00, run_after=2025-05-20 07:44:00+00:00
[2025-05-20T07:45:43.558+0000] {processor.py:183} INFO - Processing /home/airflow/.local/lib/python3.8/site-packages/airflow/example_dags/example_sla_dag.py took 0.184 seconds
[2025-05-20T07:46:15.024+0000] {processor.py:161} INFO - Started process (PID=181) to work on /home/airflow/.local/lib/python3.8/site-packages/airflow/example_dags/example_sla_dag.py
[2025-05-20T07:46:15.026+0000] {processor.py:830} INFO - Processing file /home/airflow/.local/lib/python3.8/site-packages/airflow/example_dags/example_sla_dag.py for tasks to queue
[2025-05-20T07:46:15.029+0000] {logging_mixin.py:188} INFO - [2025-05-20T07:46:15.028+0000] {dagbag.py:538} INFO - Filling up the DagBag from /home/airflow/.local/lib/python3.8/site-packages/airflow/example_dags/example_sla_dag.py
[2025-05-20T07:46:15.045+0000] {processor.py:840} INFO - DAG(s) 'example_sla_dag' retrieved from /home/airflow/.local/lib/python3.8/site-packages/airflow/example_dags/example_sla_dag.py
[2025-05-20T07:46:15.080+0000] {logging_mixin.py:188} INFO - [2025-05-20T07:46:15.080+0000] {dag.py:3036} INFO - Sync 1 DAGs
[2025-05-20T07:46:15.136+0000] {logging_mixin.py:188} INFO - [2025-05-20T07:46:15.136+0000] {dag.py:3823} INFO - Setting next_dagrun for example_sla_dag to 2025-05-20 07:44:00+00:00, run_after=2025-05-20 07:46:00+00:00
[2025-05-20T07:46:15.183+0000] {processor.py:183} INFO - Processing /home/airflow/.local/lib/python3.8/site-packages/airflow/example_dags/example_sla_dag.py took 0.165 seconds
[2025-05-20T07:46:46.421+0000] {processor.py:161} INFO - Started process (PID=246) to work on /home/airflow/.local/lib/python3.8/site-packages/airflow/example_dags/example_sla_dag.py
[2025-05-20T07:46:46.424+0000] {processor.py:830} INFO - Processing file /home/airflow/.local/lib/python3.8/site-packages/airflow/example_dags/example_sla_dag.py for tasks to queue
[2025-05-20T07:46:46.430+0000] {logging_mixin.py:188} INFO - [2025-05-20T07:46:46.429+0000] {dagbag.py:538} INFO - Filling up the DagBag from /home/airflow/.local/lib/python3.8/site-packages/airflow/example_dags/example_sla_dag.py
[2025-05-20T07:46:46.455+0000] {processor.py:840} INFO - DAG(s) 'example_sla_dag' retrieved from /home/airflow/.local/lib/python3.8/site-packages/airflow/example_dags/example_sla_dag.py
[2025-05-20T07:46:46.517+0000] {logging_mixin.py:188} INFO - [2025-05-20T07:46:46.516+0000] {dag.py:3036} INFO - Sync 1 DAGs
[2025-05-20T07:46:46.598+0000] {logging_mixin.py:188} INFO - [2025-05-20T07:46:46.597+0000] {dag.py:3823} INFO - Setting next_dagrun for example_sla_dag to 2025-05-20 07:44:00+00:00, run_after=2025-05-20 07:46:00+00:00
[2025-05-20T07:46:46.650+0000] {processor.py:183} INFO - Processing /home/airflow/.local/lib/python3.8/site-packages/airflow/example_dags/example_sla_dag.py took 0.237 seconds
[2025-05-20T07:47:18.462+0000] {processor.py:161} INFO - Started process (PID=311) to work on /home/airflow/.local/lib/python3.8/site-packages/airflow/example_dags/example_sla_dag.py
[2025-05-20T07:47:18.465+0000] {processor.py:830} INFO - Processing file /home/airflow/.local/lib/python3.8/site-packages/airflow/example_dags/example_sla_dag.py for tasks to queue
[2025-05-20T07:47:18.471+0000] {logging_mixin.py:188} INFO - [2025-05-20T07:47:18.470+0000] {dagbag.py:538} INFO - Filling up the DagBag from /home/airflow/.local/lib/python3.8/site-packages/airflow/example_dags/example_sla_dag.py
[2025-05-20T07:47:18.496+0000] {processor.py:840} INFO - DAG(s) 'example_sla_dag' retrieved from /home/airflow/.local/lib/python3.8/site-packages/airflow/example_dags/example_sla_dag.py
[2025-05-20T07:47:18.556+0000] {logging_mixin.py:188} INFO - [2025-05-20T07:47:18.556+0000] {dag.py:3036} INFO - Sync 1 DAGs
[2025-05-20T07:47:18.634+0000] {logging_mixin.py:188} INFO - [2025-05-20T07:47:18.634+0000] {dag.py:3823} INFO - Setting next_dagrun for example_sla_dag to 2025-05-20 07:44:00+00:00, run_after=2025-05-20 07:46:00+00:00
[2025-05-20T07:47:18.693+0000] {processor.py:183} INFO - Processing /home/airflow/.local/lib/python3.8/site-packages/airflow/example_dags/example_sla_dag.py took 0.244 seconds
[2025-05-20T07:47:50.235+0000] {processor.py:161} INFO - Started process (PID=376) to work on /home/airflow/.local/lib/python3.8/site-packages/airflow/example_dags/example_sla_dag.py
[2025-05-20T07:47:50.237+0000] {processor.py:830} INFO - Processing file /home/airflow/.local/lib/python3.8/site-packages/airflow/example_dags/example_sla_dag.py for tasks to queue
[2025-05-20T07:47:50.241+0000] {logging_mixin.py:188} INFO - [2025-05-20T07:47:50.240+0000] {dagbag.py:538} INFO - Filling up the DagBag from /home/airflow/.local/lib/python3.8/site-packages/airflow/example_dags/example_sla_dag.py
[2025-05-20T07:47:50.261+0000] {processor.py:840} INFO - DAG(s) 'example_sla_dag' retrieved from /home/airflow/.local/lib/python3.8/site-packages/airflow/example_dags/example_sla_dag.py
[2025-05-20T07:47:50.306+0000] {logging_mixin.py:188} INFO - [2025-05-20T07:47:50.306+0000] {dag.py:3036} INFO - Sync 1 DAGs
[2025-05-20T07:47:50.366+0000] {logging_mixin.py:188} INFO - [2025-05-20T07:47:50.366+0000] {dag.py:3823} INFO - Setting next_dagrun for example_sla_dag to 2025-05-20 07:44:00+00:00, run_after=2025-05-20 07:46:00+00:00
[2025-05-20T07:47:50.416+0000] {processor.py:183} INFO - Processing /home/airflow/.local/lib/python3.8/site-packages/airflow/example_dags/example_sla_dag.py took 0.191 seconds
[2025-05-20T07:48:21.565+0000] {processor.py:161} INFO - Started process (PID=441) to work on /home/airflow/.local/lib/python3.8/site-packages/airflow/example_dags/example_sla_dag.py
[2025-05-20T07:48:21.568+0000] {processor.py:830} INFO - Processing file /home/airflow/.local/lib/python3.8/site-packages/airflow/example_dags/example_sla_dag.py for tasks to queue
[2025-05-20T07:48:21.574+0000] {logging_mixin.py:188} INFO - [2025-05-20T07:48:21.573+0000] {dagbag.py:538} INFO - Filling up the DagBag from /home/airflow/.local/lib/python3.8/site-packages/airflow/example_dags/example_sla_dag.py
[2025-05-20T07:48:21.599+0000] {processor.py:840} INFO - DAG(s) 'example_sla_dag' retrieved from /home/airflow/.local/lib/python3.8/site-packages/airflow/example_dags/example_sla_dag.py
[2025-05-20T07:48:21.656+0000] {logging_mixin.py:188} INFO - [2025-05-20T07:48:21.655+0000] {dag.py:3036} INFO - Sync 1 DAGs
[2025-05-20T07:48:21.784+0000] {logging_mixin.py:188} INFO - [2025-05-20T07:48:21.783+0000] {dag.py:3823} INFO - Setting next_dagrun for example_sla_dag to 2025-05-20 07:46:00+00:00, run_after=2025-05-20 07:48:00+00:00
[2025-05-20T07:48:21.905+0000] {processor.py:183} INFO - Processing /home/airflow/.local/lib/python3.8/site-packages/airflow/example_dags/example_sla_dag.py took 0.347 seconds
[2025-05-20T07:48:52.197+0000] {processor.py:161} INFO - Started process (PID=504) to work on /home/airflow/.local/lib/python3.8/site-packages/airflow/example_dags/example_sla_dag.py
[2025-05-20T07:48:52.202+0000] {processor.py:830} INFO - Processing file /home/airflow/.local/lib/python3.8/site-packages/airflow/example_dags/example_sla_dag.py for tasks to queue
[2025-05-20T07:48:52.207+0000] {logging_mixin.py:188} INFO - [2025-05-20T07:48:52.206+0000] {dagbag.py:538} INFO - Filling up the DagBag from /home/airflow/.local/lib/python3.8/site-packages/airflow/example_dags/example_sla_dag.py
[2025-05-20T07:48:52.230+0000] {processor.py:840} INFO - DAG(s) 'example_sla_dag' retrieved from /home/airflow/.local/lib/python3.8/site-packages/airflow/example_dags/example_sla_dag.py
[2025-05-20T07:48:52.265+0000] {logging_mixin.py:188} INFO - [2025-05-20T07:48:52.265+0000] {dag.py:3036} INFO - Sync 1 DAGs
[2025-05-20T07:48:52.321+0000] {logging_mixin.py:188} INFO - [2025-05-20T07:48:52.321+0000] {dag.py:3823} INFO - Setting next_dagrun for example_sla_dag to 2025-05-20 07:46:00+00:00, run_after=2025-05-20 07:48:00+00:00
[2025-05-20T07:48:52.358+0000] {processor.py:183} INFO - Processing /home/airflow/.local/lib/python3.8/site-packages/airflow/example_dags/example_sla_dag.py took 0.170 seconds
[2025-05-20T07:49:22.469+0000] {processor.py:161} INFO - Started process (PID=567) to work on /home/airflow/.local/lib/python3.8/site-packages/airflow/example_dags/example_sla_dag.py
[2025-05-20T07:49:22.471+0000] {processor.py:830} INFO - Processing file /home/airflow/.local/lib/python3.8/site-packages/airflow/example_dags/example_sla_dag.py for tasks to queue
[2025-05-20T07:49:22.473+0000] {logging_mixin.py:188} INFO - [2025-05-20T07:49:22.473+0000] {dagbag.py:538} INFO - Filling up the DagBag from /home/airflow/.local/lib/python3.8/site-packages/airflow/example_dags/example_sla_dag.py
[2025-05-20T07:49:22.486+0000] {processor.py:840} INFO - DAG(s) 'example_sla_dag' retrieved from /home/airflow/.local/lib/python3.8/site-packages/airflow/example_dags/example_sla_dag.py
[2025-05-20T07:49:22.515+0000] {logging_mixin.py:188} INFO - [2025-05-20T07:49:22.514+0000] {dag.py:3036} INFO - Sync 1 DAGs
[2025-05-20T07:49:22.561+0000] {logging_mixin.py:188} INFO - [2025-05-20T07:49:22.561+0000] {dag.py:3823} INFO - Setting next_dagrun for example_sla_dag to 2025-05-20 07:46:00+00:00, run_after=2025-05-20 07:48:00+00:00
[2025-05-20T07:49:22.603+0000] {processor.py:183} INFO - Processing /home/airflow/.local/lib/python3.8/site-packages/airflow/example_dags/example_sla_dag.py took 0.139 seconds
[2025-05-20T07:49:54.096+0000] {processor.py:161} INFO - Started process (PID=632) to work on /home/airflow/.local/lib/python3.8/site-packages/airflow/example_dags/example_sla_dag.py
[2025-05-20T07:49:54.098+0000] {processor.py:830} INFO - Processing file /home/airflow/.local/lib/python3.8/site-packages/airflow/example_dags/example_sla_dag.py for tasks to queue
[2025-05-20T07:49:54.101+0000] {logging_mixin.py:188} INFO - [2025-05-20T07:49:54.101+0000] {dagbag.py:538} INFO - Filling up the DagBag from /home/airflow/.local/lib/python3.8/site-packages/airflow/example_dags/example_sla_dag.py
[2025-05-20T07:49:54.117+0000] {processor.py:840} INFO - DAG(s) 'example_sla_dag' retrieved from /home/airflow/.local/lib/python3.8/site-packages/airflow/example_dags/example_sla_dag.py
[2025-05-20T07:49:54.158+0000] {logging_mixin.py:188} INFO - [2025-05-20T07:49:54.158+0000] {dag.py:3036} INFO - Sync 1 DAGs
[2025-05-20T07:49:54.212+0000] {logging_mixin.py:188} INFO - [2025-05-20T07:49:54.211+0000] {dag.py:3823} INFO - Setting next_dagrun for example_sla_dag to 2025-05-20 07:46:00+00:00, run_after=2025-05-20 07:48:00+00:00
[2025-05-20T07:49:54.260+0000] {processor.py:183} INFO - Processing /home/airflow/.local/lib/python3.8/site-packages/airflow/example_dags/example_sla_dag.py took 0.169 seconds
[2025-05-20T07:50:25.839+0000] {processor.py:161} INFO - Started process (PID=697) to work on /home/airflow/.local/lib/python3.8/site-packages/airflow/example_dags/example_sla_dag.py
[2025-05-20T07:50:25.841+0000] {processor.py:830} INFO - Processing file /home/airflow/.local/lib/python3.8/site-packages/airflow/example_dags/example_sla_dag.py for tasks to queue
[2025-05-20T07:50:25.844+0000] {logging_mixin.py:188} INFO - [2025-05-20T07:50:25.843+0000] {dagbag.py:538} INFO - Filling up the DagBag from /home/airflow/.local/lib/python3.8/site-packages/airflow/example_dags/example_sla_dag.py
[2025-05-20T07:50:25.857+0000] {processor.py:840} INFO - DAG(s) 'example_sla_dag' retrieved from /home/airflow/.local/lib/python3.8/site-packages/airflow/example_dags/example_sla_dag.py
[2025-05-20T07:50:25.888+0000] {logging_mixin.py:188} INFO - [2025-05-20T07:50:25.888+0000] {dag.py:3036} INFO - Sync 1 DAGs
[2025-05-20T07:50:25.943+0000] {logging_mixin.py:188} INFO - [2025-05-20T07:50:25.942+0000] {dag.py:3823} INFO - Setting next_dagrun for example_sla_dag to 2025-05-20 07:48:00+00:00, run_after=2025-05-20 07:50:00+00:00
[2025-05-20T07:50:25.978+0000] {processor.py:183} INFO - Processing /home/airflow/.local/lib/python3.8/site-packages/airflow/example_dags/example_sla_dag.py took 0.144 seconds
[2025-05-20T07:50:57.298+0000] {processor.py:161} INFO - Started process (PID=762) to work on /home/airflow/.local/lib/python3.8/site-packages/airflow/example_dags/example_sla_dag.py
[2025-05-20T07:50:57.302+0000] {processor.py:830} INFO - Processing file /home/airflow/.local/lib/python3.8/site-packages/airflow/example_dags/example_sla_dag.py for tasks to queue
[2025-05-20T07:50:57.309+0000] {logging_mixin.py:188} INFO - [2025-05-20T07:50:57.308+0000] {dagbag.py:538} INFO - Filling up the DagBag from /home/airflow/.local/lib/python3.8/site-packages/airflow/example_dags/example_sla_dag.py
[2025-05-20T07:50:57.340+0000] {processor.py:840} INFO - DAG(s) 'example_sla_dag' retrieved from /home/airflow/.local/lib/python3.8/site-packages/airflow/example_dags/example_sla_dag.py
[2025-05-20T07:50:57.407+0000] {logging_mixin.py:188} INFO - [2025-05-20T07:50:57.406+0000] {dag.py:3036} INFO - Sync 1 DAGs
[2025-05-20T07:50:57.499+0000] {logging_mixin.py:188} INFO - [2025-05-20T07:50:57.498+0000] {dag.py:3823} INFO - Setting next_dagrun for example_sla_dag to 2025-05-20 07:48:00+00:00, run_after=2025-05-20 07:50:00+00:00
[2025-05-20T07:50:57.567+0000] {processor.py:183} INFO - Processing /home/airflow/.local/lib/python3.8/site-packages/airflow/example_dags/example_sla_dag.py took 0.281 seconds
[2025-05-20T07:51:29.109+0000] {processor.py:161} INFO - Started process (PID=828) to work on /home/airflow/.local/lib/python3.8/site-packages/airflow/example_dags/example_sla_dag.py
[2025-05-20T07:51:29.111+0000] {processor.py:830} INFO - Processing file /home/airflow/.local/lib/python3.8/site-packages/airflow/example_dags/example_sla_dag.py for tasks to queue
[2025-05-20T07:51:29.115+0000] {logging_mixin.py:188} INFO - [2025-05-20T07:51:29.115+0000] {dagbag.py:538} INFO - Filling up the DagBag from /home/airflow/.local/lib/python3.8/site-packages/airflow/example_dags/example_sla_dag.py
[2025-05-20T07:51:29.135+0000] {processor.py:840} INFO - DAG(s) 'example_sla_dag' retrieved from /home/airflow/.local/lib/python3.8/site-packages/airflow/example_dags/example_sla_dag.py
[2025-05-20T07:51:29.178+0000] {logging_mixin.py:188} INFO - [2025-05-20T07:51:29.178+0000] {dag.py:3036} INFO - Sync 1 DAGs
[2025-05-20T07:51:29.238+0000] {logging_mixin.py:188} INFO - [2025-05-20T07:51:29.238+0000] {dag.py:3823} INFO - Setting next_dagrun for example_sla_dag to 2025-05-20 07:48:00+00:00, run_after=2025-05-20 07:50:00+00:00
[2025-05-20T07:51:29.282+0000] {processor.py:183} INFO - Processing /home/airflow/.local/lib/python3.8/site-packages/airflow/example_dags/example_sla_dag.py took 0.180 seconds
[2025-05-20T07:52:00.607+0000] {processor.py:161} INFO - Started process (PID=893) to work on /home/airflow/.local/lib/python3.8/site-packages/airflow/example_dags/example_sla_dag.py
[2025-05-20T07:52:00.609+0000] {processor.py:830} INFO - Processing file /home/airflow/.local/lib/python3.8/site-packages/airflow/example_dags/example_sla_dag.py for tasks to queue
[2025-05-20T07:52:00.615+0000] {logging_mixin.py:188} INFO - [2025-05-20T07:52:00.614+0000] {dagbag.py:538} INFO - Filling up the DagBag from /home/airflow/.local/lib/python3.8/site-packages/airflow/example_dags/example_sla_dag.py
[2025-05-20T07:52:00.642+0000] {processor.py:840} INFO - DAG(s) 'example_sla_dag' retrieved from /home/airflow/.local/lib/python3.8/site-packages/airflow/example_dags/example_sla_dag.py
[2025-05-20T07:52:00.698+0000] {logging_mixin.py:188} INFO - [2025-05-20T07:52:00.697+0000] {dag.py:3036} INFO - Sync 1 DAGs
[2025-05-20T07:52:00.784+0000] {logging_mixin.py:188} INFO - [2025-05-20T07:52:00.783+0000] {dag.py:3823} INFO - Setting next_dagrun for example_sla_dag to 2025-05-20 07:50:00+00:00, run_after=2025-05-20 07:52:00+00:00
[2025-05-20T07:52:00.846+0000] {processor.py:183} INFO - Processing /home/airflow/.local/lib/python3.8/site-packages/airflow/example_dags/example_sla_dag.py took 0.249 seconds
[2025-05-20T07:52:31.823+0000] {processor.py:161} INFO - Started process (PID=957) to work on /home/airflow/.local/lib/python3.8/site-packages/airflow/example_dags/example_sla_dag.py
[2025-05-20T07:52:31.825+0000] {processor.py:830} INFO - Processing file /home/airflow/.local/lib/python3.8/site-packages/airflow/example_dags/example_sla_dag.py for tasks to queue
[2025-05-20T07:52:31.831+0000] {logging_mixin.py:188} INFO - [2025-05-20T07:52:31.828+0000] {dagbag.py:538} INFO - Filling up the DagBag from /home/airflow/.local/lib/python3.8/site-packages/airflow/example_dags/example_sla_dag.py
[2025-05-20T07:52:31.853+0000] {processor.py:840} INFO - DAG(s) 'example_sla_dag' retrieved from /home/airflow/.local/lib/python3.8/site-packages/airflow/example_dags/example_sla_dag.py
[2025-05-20T07:52:31.925+0000] {logging_mixin.py:188} INFO - [2025-05-20T07:52:31.925+0000] {dag.py:3036} INFO - Sync 1 DAGs
[2025-05-20T07:52:32.023+0000] {logging_mixin.py:188} INFO - [2025-05-20T07:52:32.022+0000] {dag.py:3823} INFO - Setting next_dagrun for example_sla_dag to 2025-05-20 07:50:00+00:00, run_after=2025-05-20 07:52:00+00:00
[2025-05-20T07:52:32.096+0000] {processor.py:183} INFO - Processing /home/airflow/.local/lib/python3.8/site-packages/airflow/example_dags/example_sla_dag.py took 0.280 seconds
[2025-05-20T07:53:03.336+0000] {processor.py:161} INFO - Started process (PID=1028) to work on /home/airflow/.local/lib/python3.8/site-packages/airflow/example_dags/example_sla_dag.py
[2025-05-20T07:53:03.338+0000] {processor.py:830} INFO - Processing file /home/airflow/.local/lib/python3.8/site-packages/airflow/example_dags/example_sla_dag.py for tasks to queue
[2025-05-20T07:53:03.342+0000] {logging_mixin.py:188} INFO - [2025-05-20T07:53:03.342+0000] {dagbag.py:538} INFO - Filling up the DagBag from /home/airflow/.local/lib/python3.8/site-packages/airflow/example_dags/example_sla_dag.py
[2025-05-20T07:53:03.361+0000] {processor.py:840} INFO - DAG(s) 'example_sla_dag' retrieved from /home/airflow/.local/lib/python3.8/site-packages/airflow/example_dags/example_sla_dag.py
[2025-05-20T07:53:03.397+0000] {logging_mixin.py:188} INFO - [2025-05-20T07:53:03.396+0000] {dag.py:3036} INFO - Sync 1 DAGs
[2025-05-20T07:53:03.440+0000] {logging_mixin.py:188} INFO - [2025-05-20T07:53:03.440+0000] {dag.py:3823} INFO - Setting next_dagrun for example_sla_dag to 2025-05-20 07:50:00+00:00, run_after=2025-05-20 07:52:00+00:00
[2025-05-20T07:53:03.471+0000] {processor.py:183} INFO - Processing /home/airflow/.local/lib/python3.8/site-packages/airflow/example_dags/example_sla_dag.py took 0.142 seconds
[2025-05-20T07:53:35.350+0000] {processor.py:161} INFO - Started process (PID=1093) to work on /home/airflow/.local/lib/python3.8/site-packages/airflow/example_dags/example_sla_dag.py
[2025-05-20T07:53:35.352+0000] {processor.py:830} INFO - Processing file /home/airflow/.local/lib/python3.8/site-packages/airflow/example_dags/example_sla_dag.py for tasks to queue
[2025-05-20T07:53:35.357+0000] {logging_mixin.py:188} INFO - [2025-05-20T07:53:35.356+0000] {dagbag.py:538} INFO - Filling up the DagBag from /home/airflow/.local/lib/python3.8/site-packages/airflow/example_dags/example_sla_dag.py
[2025-05-20T07:53:35.378+0000] {processor.py:840} INFO - DAG(s) 'example_sla_dag' retrieved from /home/airflow/.local/lib/python3.8/site-packages/airflow/example_dags/example_sla_dag.py
[2025-05-20T07:53:35.428+0000] {logging_mixin.py:188} INFO - [2025-05-20T07:53:35.427+0000] {dag.py:3036} INFO - Sync 1 DAGs
[2025-05-20T07:53:35.491+0000] {logging_mixin.py:188} INFO - [2025-05-20T07:53:35.490+0000] {dag.py:3823} INFO - Setting next_dagrun for example_sla_dag to 2025-05-20 07:50:00+00:00, run_after=2025-05-20 07:52:00+00:00
[2025-05-20T07:53:35.537+0000] {processor.py:183} INFO - Processing /home/airflow/.local/lib/python3.8/site-packages/airflow/example_dags/example_sla_dag.py took 0.195 seconds
[2025-05-20T07:54:06.261+0000] {processor.py:161} INFO - Started process (PID=1158) to work on /home/airflow/.local/lib/python3.8/site-packages/airflow/example_dags/example_sla_dag.py
[2025-05-20T07:54:06.264+0000] {processor.py:830} INFO - Processing file /home/airflow/.local/lib/python3.8/site-packages/airflow/example_dags/example_sla_dag.py for tasks to queue
[2025-05-20T07:54:06.268+0000] {logging_mixin.py:188} INFO - [2025-05-20T07:54:06.268+0000] {dagbag.py:538} INFO - Filling up the DagBag from /home/airflow/.local/lib/python3.8/site-packages/airflow/example_dags/example_sla_dag.py
[2025-05-20T07:54:06.290+0000] {processor.py:840} INFO - DAG(s) 'example_sla_dag' retrieved from /home/airflow/.local/lib/python3.8/site-packages/airflow/example_dags/example_sla_dag.py
[2025-05-20T07:54:06.326+0000] {logging_mixin.py:188} INFO - [2025-05-20T07:54:06.325+0000] {dag.py:3036} INFO - Sync 1 DAGs
[2025-05-20T07:54:06.373+0000] {logging_mixin.py:188} INFO - [2025-05-20T07:54:06.373+0000] {dag.py:3823} INFO - Setting next_dagrun for example_sla_dag to 2025-05-20 07:52:00+00:00, run_after=2025-05-20 07:54:00+00:00
[2025-05-20T07:54:06.409+0000] {processor.py:183} INFO - Processing /home/airflow/.local/lib/python3.8/site-packages/airflow/example_dags/example_sla_dag.py took 0.154 seconds
[2025-05-20T07:54:37.755+0000] {processor.py:161} INFO - Started process (PID=1223) to work on /home/airflow/.local/lib/python3.8/site-packages/airflow/example_dags/example_sla_dag.py
[2025-05-20T07:54:37.757+0000] {processor.py:830} INFO - Processing file /home/airflow/.local/lib/python3.8/site-packages/airflow/example_dags/example_sla_dag.py for tasks to queue
[2025-05-20T07:54:37.760+0000] {logging_mixin.py:188} INFO - [2025-05-20T07:54:37.760+0000] {dagbag.py:538} INFO - Filling up the DagBag from /home/airflow/.local/lib/python3.8/site-packages/airflow/example_dags/example_sla_dag.py
[2025-05-20T07:54:37.775+0000] {processor.py:840} INFO - DAG(s) 'example_sla_dag' retrieved from /home/airflow/.local/lib/python3.8/site-packages/airflow/example_dags/example_sla_dag.py
[2025-05-20T07:54:37.808+0000] {logging_mixin.py:188} INFO - [2025-05-20T07:54:37.808+0000] {dag.py:3036} INFO - Sync 1 DAGs
[2025-05-20T07:54:37.858+0000] {logging_mixin.py:188} INFO - [2025-05-20T07:54:37.857+0000] {dag.py:3823} INFO - Setting next_dagrun for example_sla_dag to 2025-05-20 07:52:00+00:00, run_after=2025-05-20 07:54:00+00:00
[2025-05-20T07:54:37.908+0000] {processor.py:183} INFO - Processing /home/airflow/.local/lib/python3.8/site-packages/airflow/example_dags/example_sla_dag.py took 0.159 seconds
[2025-05-20T07:55:09.440+0000] {processor.py:161} INFO - Started process (PID=1288) to work on /home/airflow/.local/lib/python3.8/site-packages/airflow/example_dags/example_sla_dag.py
[2025-05-20T07:55:09.441+0000] {processor.py:830} INFO - Processing file /home/airflow/.local/lib/python3.8/site-packages/airflow/example_dags/example_sla_dag.py for tasks to queue
[2025-05-20T07:55:09.445+0000] {logging_mixin.py:188} INFO - [2025-05-20T07:55:09.444+0000] {dagbag.py:538} INFO - Filling up the DagBag from /home/airflow/.local/lib/python3.8/site-packages/airflow/example_dags/example_sla_dag.py
[2025-05-20T07:55:09.460+0000] {processor.py:840} INFO - DAG(s) 'example_sla_dag' retrieved from /home/airflow/.local/lib/python3.8/site-packages/airflow/example_dags/example_sla_dag.py
[2025-05-20T07:55:09.496+0000] {logging_mixin.py:188} INFO - [2025-05-20T07:55:09.496+0000] {dag.py:3036} INFO - Sync 1 DAGs
[2025-05-20T07:55:09.564+0000] {logging_mixin.py:188} INFO - [2025-05-20T07:55:09.564+0000] {dag.py:3823} INFO - Setting next_dagrun for example_sla_dag to 2025-05-20 07:52:00+00:00, run_after=2025-05-20 07:54:00+00:00
[2025-05-20T07:55:09.605+0000] {processor.py:183} INFO - Processing /home/airflow/.local/lib/python3.8/site-packages/airflow/example_dags/example_sla_dag.py took 0.170 seconds
[2025-05-20T07:55:40.443+0000] {processor.py:161} INFO - Started process (PID=1353) to work on /home/airflow/.local/lib/python3.8/site-packages/airflow/example_dags/example_sla_dag.py
[2025-05-20T07:55:40.445+0000] {processor.py:830} INFO - Processing file /home/airflow/.local/lib/python3.8/site-packages/airflow/example_dags/example_sla_dag.py for tasks to queue
[2025-05-20T07:55:40.448+0000] {logging_mixin.py:188} INFO - [2025-05-20T07:55:40.447+0000] {dagbag.py:538} INFO - Filling up the DagBag from /home/airflow/.local/lib/python3.8/site-packages/airflow/example_dags/example_sla_dag.py
[2025-05-20T07:55:40.464+0000] {processor.py:840} INFO - DAG(s) 'example_sla_dag' retrieved from /home/airflow/.local/lib/python3.8/site-packages/airflow/example_dags/example_sla_dag.py
[2025-05-20T07:55:40.504+0000] {logging_mixin.py:188} INFO - [2025-05-20T07:55:40.504+0000] {dag.py:3036} INFO - Sync 1 DAGs
[2025-05-20T07:55:40.561+0000] {logging_mixin.py:188} INFO - [2025-05-20T07:55:40.561+0000] {dag.py:3823} INFO - Setting next_dagrun for example_sla_dag to 2025-05-20 07:52:00+00:00, run_after=2025-05-20 07:54:00+00:00
[2025-05-20T07:55:40.606+0000] {processor.py:183} INFO - Processing /home/airflow/.local/lib/python3.8/site-packages/airflow/example_dags/example_sla_dag.py took 0.167 seconds
[2025-05-20T07:56:12.565+0000] {processor.py:161} INFO - Started process (PID=1418) to work on /home/airflow/.local/lib/python3.8/site-packages/airflow/example_dags/example_sla_dag.py
[2025-05-20T07:56:12.568+0000] {processor.py:830} INFO - Processing file /home/airflow/.local/lib/python3.8/site-packages/airflow/example_dags/example_sla_dag.py for tasks to queue
[2025-05-20T07:56:12.572+0000] {logging_mixin.py:188} INFO - [2025-05-20T07:56:12.571+0000] {dagbag.py:538} INFO - Filling up the DagBag from /home/airflow/.local/lib/python3.8/site-packages/airflow/example_dags/example_sla_dag.py
[2025-05-20T07:56:12.594+0000] {processor.py:840} INFO - DAG(s) 'example_sla_dag' retrieved from /home/airflow/.local/lib/python3.8/site-packages/airflow/example_dags/example_sla_dag.py
[2025-05-20T07:56:12.638+0000] {logging_mixin.py:188} INFO - [2025-05-20T07:56:12.637+0000] {dag.py:3036} INFO - Sync 1 DAGs
[2025-05-20T07:56:12.698+0000] {logging_mixin.py:188} INFO - [2025-05-20T07:56:12.698+0000] {dag.py:3823} INFO - Setting next_dagrun for example_sla_dag to 2025-05-20 07:54:00+00:00, run_after=2025-05-20 07:56:00+00:00
[2025-05-20T07:56:12.739+0000] {processor.py:183} INFO - Processing /home/airflow/.local/lib/python3.8/site-packages/airflow/example_dags/example_sla_dag.py took 0.180 seconds
[2025-05-20T07:56:44.461+0000] {processor.py:161} INFO - Started process (PID=1484) to work on /home/airflow/.local/lib/python3.8/site-packages/airflow/example_dags/example_sla_dag.py
[2025-05-20T07:56:44.463+0000] {processor.py:830} INFO - Processing file /home/airflow/.local/lib/python3.8/site-packages/airflow/example_dags/example_sla_dag.py for tasks to queue
[2025-05-20T07:56:44.467+0000] {logging_mixin.py:188} INFO - [2025-05-20T07:56:44.466+0000] {dagbag.py:538} INFO - Filling up the DagBag from /home/airflow/.local/lib/python3.8/site-packages/airflow/example_dags/example_sla_dag.py
[2025-05-20T07:56:44.489+0000] {processor.py:840} INFO - DAG(s) 'example_sla_dag' retrieved from /home/airflow/.local/lib/python3.8/site-packages/airflow/example_dags/example_sla_dag.py
[2025-05-20T07:56:44.521+0000] {logging_mixin.py:188} INFO - [2025-05-20T07:56:44.521+0000] {dag.py:3036} INFO - Sync 1 DAGs
[2025-05-20T07:56:44.579+0000] {logging_mixin.py:188} INFO - [2025-05-20T07:56:44.578+0000] {dag.py:3823} INFO - Setting next_dagrun for example_sla_dag to 2025-05-20 07:54:00+00:00, run_after=2025-05-20 07:56:00+00:00
[2025-05-20T07:56:44.619+0000] {processor.py:183} INFO - Processing /home/airflow/.local/lib/python3.8/site-packages/airflow/example_dags/example_sla_dag.py took 0.166 seconds
[2025-05-20T07:57:15.503+0000] {processor.py:161} INFO - Started process (PID=1549) to work on /home/airflow/.local/lib/python3.8/site-packages/airflow/example_dags/example_sla_dag.py
[2025-05-20T07:57:15.506+0000] {processor.py:830} INFO - Processing file /home/airflow/.local/lib/python3.8/site-packages/airflow/example_dags/example_sla_dag.py for tasks to queue
[2025-05-20T07:57:15.512+0000] {logging_mixin.py:188} INFO - [2025-05-20T07:57:15.511+0000] {dagbag.py:538} INFO - Filling up the DagBag from /home/airflow/.local/lib/python3.8/site-packages/airflow/example_dags/example_sla_dag.py
[2025-05-20T07:57:15.540+0000] {processor.py:840} INFO - DAG(s) 'example_sla_dag' retrieved from /home/airflow/.local/lib/python3.8/site-packages/airflow/example_dags/example_sla_dag.py
[2025-05-20T07:57:15.594+0000] {logging_mixin.py:188} INFO - [2025-05-20T07:57:15.593+0000] {dag.py:3036} INFO - Sync 1 DAGs
[2025-05-20T07:57:15.682+0000] {logging_mixin.py:188} INFO - [2025-05-20T07:57:15.681+0000] {dag.py:3823} INFO - Setting next_dagrun for example_sla_dag to 2025-05-20 07:54:00+00:00, run_after=2025-05-20 07:56:00+00:00
[2025-05-20T07:57:15.769+0000] {processor.py:183} INFO - Processing /home/airflow/.local/lib/python3.8/site-packages/airflow/example_dags/example_sla_dag.py took 0.276 seconds
[2025-05-20T07:57:46.466+0000] {processor.py:161} INFO - Started process (PID=1613) to work on /home/airflow/.local/lib/python3.8/site-packages/airflow/example_dags/example_sla_dag.py
[2025-05-20T07:57:46.469+0000] {processor.py:830} INFO - Processing file /home/airflow/.local/lib/python3.8/site-packages/airflow/example_dags/example_sla_dag.py for tasks to queue
[2025-05-20T07:57:46.474+0000] {logging_mixin.py:188} INFO - [2025-05-20T07:57:46.473+0000] {dagbag.py:538} INFO - Filling up the DagBag from /home/airflow/.local/lib/python3.8/site-packages/airflow/example_dags/example_sla_dag.py
[2025-05-20T07:57:46.498+0000] {processor.py:840} INFO - DAG(s) 'example_sla_dag' retrieved from /home/airflow/.local/lib/python3.8/site-packages/airflow/example_dags/example_sla_dag.py
[2025-05-20T07:57:46.551+0000] {logging_mixin.py:188} INFO - [2025-05-20T07:57:46.551+0000] {dag.py:3036} INFO - Sync 1 DAGs
[2025-05-20T07:57:46.624+0000] {logging_mixin.py:188} INFO - [2025-05-20T07:57:46.624+0000] {dag.py:3823} INFO - Setting next_dagrun for example_sla_dag to 2025-05-20 07:54:00+00:00, run_after=2025-05-20 07:56:00+00:00
[2025-05-20T07:57:46.681+0000] {processor.py:183} INFO - Processing /home/airflow/.local/lib/python3.8/site-packages/airflow/example_dags/example_sla_dag.py took 0.222 seconds
[2025-05-20T07:58:18.254+0000] {processor.py:161} INFO - Started process (PID=1678) to work on /home/airflow/.local/lib/python3.8/site-packages/airflow/example_dags/example_sla_dag.py
[2025-05-20T07:58:18.257+0000] {processor.py:830} INFO - Processing file /home/airflow/.local/lib/python3.8/site-packages/airflow/example_dags/example_sla_dag.py for tasks to queue
[2025-05-20T07:58:18.261+0000] {logging_mixin.py:188} INFO - [2025-05-20T07:58:18.261+0000] {dagbag.py:538} INFO - Filling up the DagBag from /home/airflow/.local/lib/python3.8/site-packages/airflow/example_dags/example_sla_dag.py
[2025-05-20T07:58:18.285+0000] {processor.py:840} INFO - DAG(s) 'example_sla_dag' retrieved from /home/airflow/.local/lib/python3.8/site-packages/airflow/example_dags/example_sla_dag.py
[2025-05-20T07:58:18.328+0000] {logging_mixin.py:188} INFO - [2025-05-20T07:58:18.327+0000] {dag.py:3036} INFO - Sync 1 DAGs
[2025-05-20T07:58:18.392+0000] {logging_mixin.py:188} INFO - [2025-05-20T07:58:18.392+0000] {dag.py:3823} INFO - Setting next_dagrun for example_sla_dag to 2025-05-20 07:56:00+00:00, run_after=2025-05-20 07:58:00+00:00
[2025-05-20T07:58:18.450+0000] {processor.py:183} INFO - Processing /home/airflow/.local/lib/python3.8/site-packages/airflow/example_dags/example_sla_dag.py took 0.203 seconds
[2025-05-20T07:58:49.893+0000] {processor.py:161} INFO - Started process (PID=1743) to work on /home/airflow/.local/lib/python3.8/site-packages/airflow/example_dags/example_sla_dag.py
[2025-05-20T07:58:49.895+0000] {processor.py:830} INFO - Processing file /home/airflow/.local/lib/python3.8/site-packages/airflow/example_dags/example_sla_dag.py for tasks to queue
[2025-05-20T07:58:49.899+0000] {logging_mixin.py:188} INFO - [2025-05-20T07:58:49.898+0000] {dagbag.py:538} INFO - Filling up the DagBag from /home/airflow/.local/lib/python3.8/site-packages/airflow/example_dags/example_sla_dag.py
[2025-05-20T07:58:49.915+0000] {processor.py:840} INFO - DAG(s) 'example_sla_dag' retrieved from /home/airflow/.local/lib/python3.8/site-packages/airflow/example_dags/example_sla_dag.py
[2025-05-20T07:58:49.949+0000] {logging_mixin.py:188} INFO - [2025-05-20T07:58:49.949+0000] {dag.py:3036} INFO - Sync 1 DAGs
[2025-05-20T07:58:50.001+0000] {logging_mixin.py:188} INFO - [2025-05-20T07:58:50.000+0000] {dag.py:3823} INFO - Setting next_dagrun for example_sla_dag to 2025-05-20 07:56:00+00:00, run_after=2025-05-20 07:58:00+00:00
[2025-05-20T07:58:50.039+0000] {processor.py:183} INFO - Processing /home/airflow/.local/lib/python3.8/site-packages/airflow/example_dags/example_sla_dag.py took 0.152 seconds
[2025-05-20T07:59:21.386+0000] {processor.py:161} INFO - Started process (PID=1809) to work on /home/airflow/.local/lib/python3.8/site-packages/airflow/example_dags/example_sla_dag.py
[2025-05-20T07:59:21.388+0000] {processor.py:830} INFO - Processing file /home/airflow/.local/lib/python3.8/site-packages/airflow/example_dags/example_sla_dag.py for tasks to queue
[2025-05-20T07:59:21.391+0000] {logging_mixin.py:188} INFO - [2025-05-20T07:59:21.390+0000] {dagbag.py:538} INFO - Filling up the DagBag from /home/airflow/.local/lib/python3.8/site-packages/airflow/example_dags/example_sla_dag.py
[2025-05-20T07:59:21.405+0000] {processor.py:840} INFO - DAG(s) 'example_sla_dag' retrieved from /home/airflow/.local/lib/python3.8/site-packages/airflow/example_dags/example_sla_dag.py
[2025-05-20T07:59:21.444+0000] {logging_mixin.py:188} INFO - [2025-05-20T07:59:21.443+0000] {dag.py:3036} INFO - Sync 1 DAGs
[2025-05-20T07:59:21.493+0000] {logging_mixin.py:188} INFO - [2025-05-20T07:59:21.493+0000] {dag.py:3823} INFO - Setting next_dagrun for example_sla_dag to 2025-05-20 07:56:00+00:00, run_after=2025-05-20 07:58:00+00:00
[2025-05-20T07:59:21.531+0000] {processor.py:183} INFO - Processing /home/airflow/.local/lib/python3.8/site-packages/airflow/example_dags/example_sla_dag.py took 0.150 seconds
[2025-05-20T07:59:52.036+0000] {processor.py:161} INFO - Started process (PID=1873) to work on /home/airflow/.local/lib/python3.8/site-packages/airflow/example_dags/example_sla_dag.py
[2025-05-20T07:59:52.038+0000] {processor.py:830} INFO - Processing file /home/airflow/.local/lib/python3.8/site-packages/airflow/example_dags/example_sla_dag.py for tasks to queue
[2025-05-20T07:59:52.042+0000] {logging_mixin.py:188} INFO - [2025-05-20T07:59:52.042+0000] {dagbag.py:538} INFO - Filling up the DagBag from /home/airflow/.local/lib/python3.8/site-packages/airflow/example_dags/example_sla_dag.py
[2025-05-20T07:59:52.063+0000] {processor.py:840} INFO - DAG(s) 'example_sla_dag' retrieved from /home/airflow/.local/lib/python3.8/site-packages/airflow/example_dags/example_sla_dag.py
[2025-05-20T07:59:52.107+0000] {logging_mixin.py:188} INFO - [2025-05-20T07:59:52.107+0000] {dag.py:3036} INFO - Sync 1 DAGs
[2025-05-20T07:59:52.164+0000] {logging_mixin.py:188} INFO - [2025-05-20T07:59:52.164+0000] {dag.py:3823} INFO - Setting next_dagrun for example_sla_dag to 2025-05-20 07:56:00+00:00, run_after=2025-05-20 07:58:00+00:00
[2025-05-20T07:59:52.206+0000] {processor.py:183} INFO - Processing /home/airflow/.local/lib/python3.8/site-packages/airflow/example_dags/example_sla_dag.py took 0.179 seconds
[2025-05-20T08:00:24.015+0000] {processor.py:161} INFO - Started process (PID=1938) to work on /home/airflow/.local/lib/python3.8/site-packages/airflow/example_dags/example_sla_dag.py
[2025-05-20T08:00:24.016+0000] {processor.py:830} INFO - Processing file /home/airflow/.local/lib/python3.8/site-packages/airflow/example_dags/example_sla_dag.py for tasks to queue
[2025-05-20T08:00:24.020+0000] {logging_mixin.py:188} INFO - [2025-05-20T08:00:24.019+0000] {dagbag.py:538} INFO - Filling up the DagBag from /home/airflow/.local/lib/python3.8/site-packages/airflow/example_dags/example_sla_dag.py
[2025-05-20T08:00:24.034+0000] {processor.py:840} INFO - DAG(s) 'example_sla_dag' retrieved from /home/airflow/.local/lib/python3.8/site-packages/airflow/example_dags/example_sla_dag.py
[2025-05-20T08:00:24.069+0000] {logging_mixin.py:188} INFO - [2025-05-20T08:00:24.069+0000] {dag.py:3036} INFO - Sync 1 DAGs
[2025-05-20T08:00:24.118+0000] {logging_mixin.py:188} INFO - [2025-05-20T08:00:24.117+0000] {dag.py:3823} INFO - Setting next_dagrun for example_sla_dag to 2025-05-20 07:58:00+00:00, run_after=2025-05-20 08:00:00+00:00
[2025-05-20T08:00:24.320+0000] {processor.py:183} INFO - Processing /home/airflow/.local/lib/python3.8/site-packages/airflow/example_dags/example_sla_dag.py took 0.310 seconds
[2025-05-20T08:00:55.689+0000] {processor.py:161} INFO - Started process (PID=2003) to work on /home/airflow/.local/lib/python3.8/site-packages/airflow/example_dags/example_sla_dag.py
[2025-05-20T08:00:55.692+0000] {processor.py:830} INFO - Processing file /home/airflow/.local/lib/python3.8/site-packages/airflow/example_dags/example_sla_dag.py for tasks to queue
[2025-05-20T08:00:55.698+0000] {logging_mixin.py:188} INFO - [2025-05-20T08:00:55.698+0000] {dagbag.py:538} INFO - Filling up the DagBag from /home/airflow/.local/lib/python3.8/site-packages/airflow/example_dags/example_sla_dag.py
[2025-05-20T08:00:55.732+0000] {processor.py:840} INFO - DAG(s) 'example_sla_dag' retrieved from /home/airflow/.local/lib/python3.8/site-packages/airflow/example_dags/example_sla_dag.py
[2025-05-20T08:00:55.827+0000] {logging_mixin.py:188} INFO - [2025-05-20T08:00:55.826+0000] {dag.py:3036} INFO - Sync 1 DAGs
[2025-05-20T08:00:55.935+0000] {logging_mixin.py:188} INFO - [2025-05-20T08:00:55.934+0000] {dag.py:3823} INFO - Setting next_dagrun for example_sla_dag to 2025-05-20 07:58:00+00:00, run_after=2025-05-20 08:00:00+00:00
[2025-05-20T08:00:56.020+0000] {processor.py:183} INFO - Processing /home/airflow/.local/lib/python3.8/site-packages/airflow/example_dags/example_sla_dag.py took 0.339 seconds
[2025-05-20T08:01:26.671+0000] {processor.py:161} INFO - Started process (PID=2068) to work on /home/airflow/.local/lib/python3.8/site-packages/airflow/example_dags/example_sla_dag.py
[2025-05-20T08:01:26.673+0000] {processor.py:830} INFO - Processing file /home/airflow/.local/lib/python3.8/site-packages/airflow/example_dags/example_sla_dag.py for tasks to queue
[2025-05-20T08:01:26.678+0000] {logging_mixin.py:188} INFO - [2025-05-20T08:01:26.677+0000] {dagbag.py:538} INFO - Filling up the DagBag from /home/airflow/.local/lib/python3.8/site-packages/airflow/example_dags/example_sla_dag.py
[2025-05-20T08:01:26.698+0000] {processor.py:840} INFO - DAG(s) 'example_sla_dag' retrieved from /home/airflow/.local/lib/python3.8/site-packages/airflow/example_dags/example_sla_dag.py
[2025-05-20T08:01:26.741+0000] {logging_mixin.py:188} INFO - [2025-05-20T08:01:26.740+0000] {dag.py:3036} INFO - Sync 1 DAGs
[2025-05-20T08:01:26.801+0000] {logging_mixin.py:188} INFO - [2025-05-20T08:01:26.800+0000] {dag.py:3823} INFO - Setting next_dagrun for example_sla_dag to 2025-05-20 07:58:00+00:00, run_after=2025-05-20 08:00:00+00:00
[2025-05-20T08:01:26.848+0000] {processor.py:183} INFO - Processing /home/airflow/.local/lib/python3.8/site-packages/airflow/example_dags/example_sla_dag.py took 0.184 seconds
[2025-05-20T08:01:58.107+0000] {processor.py:161} INFO - Started process (PID=2133) to work on /home/airflow/.local/lib/python3.8/site-packages/airflow/example_dags/example_sla_dag.py
[2025-05-20T08:01:58.110+0000] {processor.py:830} INFO - Processing file /home/airflow/.local/lib/python3.8/site-packages/airflow/example_dags/example_sla_dag.py for tasks to queue
[2025-05-20T08:01:58.115+0000] {logging_mixin.py:188} INFO - [2025-05-20T08:01:58.114+0000] {dagbag.py:538} INFO - Filling up the DagBag from /home/airflow/.local/lib/python3.8/site-packages/airflow/example_dags/example_sla_dag.py
[2025-05-20T08:01:58.149+0000] {processor.py:840} INFO - DAG(s) 'example_sla_dag' retrieved from /home/airflow/.local/lib/python3.8/site-packages/airflow/example_dags/example_sla_dag.py
[2025-05-20T08:01:58.214+0000] {logging_mixin.py:188} INFO - [2025-05-20T08:01:58.213+0000] {dag.py:3036} INFO - Sync 1 DAGs
[2025-05-20T08:01:58.306+0000] {logging_mixin.py:188} INFO - [2025-05-20T08:01:58.305+0000] {dag.py:3823} INFO - Setting next_dagrun for example_sla_dag to 2025-05-20 07:58:00+00:00, run_after=2025-05-20 08:00:00+00:00
[2025-05-20T08:01:58.368+0000] {processor.py:183} INFO - Processing /home/airflow/.local/lib/python3.8/site-packages/airflow/example_dags/example_sla_dag.py took 0.270 seconds
[2025-05-20T08:02:29.107+0000] {processor.py:161} INFO - Started process (PID=2198) to work on /home/airflow/.local/lib/python3.8/site-packages/airflow/example_dags/example_sla_dag.py
[2025-05-20T08:02:29.110+0000] {processor.py:830} INFO - Processing file /home/airflow/.local/lib/python3.8/site-packages/airflow/example_dags/example_sla_dag.py for tasks to queue
[2025-05-20T08:02:29.114+0000] {logging_mixin.py:188} INFO - [2025-05-20T08:02:29.113+0000] {dagbag.py:538} INFO - Filling up the DagBag from /home/airflow/.local/lib/python3.8/site-packages/airflow/example_dags/example_sla_dag.py
[2025-05-20T08:02:29.134+0000] {processor.py:840} INFO - DAG(s) 'example_sla_dag' retrieved from /home/airflow/.local/lib/python3.8/site-packages/airflow/example_dags/example_sla_dag.py
[2025-05-20T08:02:29.181+0000] {logging_mixin.py:188} INFO - [2025-05-20T08:02:29.180+0000] {dag.py:3036} INFO - Sync 1 DAGs
[2025-05-20T08:02:29.241+0000] {logging_mixin.py:188} INFO - [2025-05-20T08:02:29.241+0000] {dag.py:3823} INFO - Setting next_dagrun for example_sla_dag to 2025-05-20 08:00:00+00:00, run_after=2025-05-20 08:02:00+00:00
[2025-05-20T08:02:29.284+0000] {processor.py:183} INFO - Processing /home/airflow/.local/lib/python3.8/site-packages/airflow/example_dags/example_sla_dag.py took 0.185 seconds
[2025-05-20T08:03:00.150+0000] {processor.py:161} INFO - Started process (PID=2264) to work on /home/airflow/.local/lib/python3.8/site-packages/airflow/example_dags/example_sla_dag.py
[2025-05-20T08:03:00.152+0000] {processor.py:830} INFO - Processing file /home/airflow/.local/lib/python3.8/site-packages/airflow/example_dags/example_sla_dag.py for tasks to queue
[2025-05-20T08:03:00.157+0000] {logging_mixin.py:188} INFO - [2025-05-20T08:03:00.156+0000] {dagbag.py:538} INFO - Filling up the DagBag from /home/airflow/.local/lib/python3.8/site-packages/airflow/example_dags/example_sla_dag.py
[2025-05-20T08:03:00.177+0000] {processor.py:840} INFO - DAG(s) 'example_sla_dag' retrieved from /home/airflow/.local/lib/python3.8/site-packages/airflow/example_dags/example_sla_dag.py
[2025-05-20T08:03:00.225+0000] {logging_mixin.py:188} INFO - [2025-05-20T08:03:00.225+0000] {dag.py:3036} INFO - Sync 1 DAGs
[2025-05-20T08:03:00.290+0000] {logging_mixin.py:188} INFO - [2025-05-20T08:03:00.289+0000] {dag.py:3823} INFO - Setting next_dagrun for example_sla_dag to 2025-05-20 08:00:00+00:00, run_after=2025-05-20 08:02:00+00:00
[2025-05-20T08:03:00.335+0000] {processor.py:183} INFO - Processing /home/airflow/.local/lib/python3.8/site-packages/airflow/example_dags/example_sla_dag.py took 0.193 seconds
[2025-05-20T08:03:31.634+0000] {processor.py:161} INFO - Started process (PID=2329) to work on /home/airflow/.local/lib/python3.8/site-packages/airflow/example_dags/example_sla_dag.py
[2025-05-20T08:03:31.635+0000] {processor.py:830} INFO - Processing file /home/airflow/.local/lib/python3.8/site-packages/airflow/example_dags/example_sla_dag.py for tasks to queue
[2025-05-20T08:03:31.639+0000] {logging_mixin.py:188} INFO - [2025-05-20T08:03:31.638+0000] {dagbag.py:538} INFO - Filling up the DagBag from /home/airflow/.local/lib/python3.8/site-packages/airflow/example_dags/example_sla_dag.py
[2025-05-20T08:03:31.654+0000] {processor.py:840} INFO - DAG(s) 'example_sla_dag' retrieved from /home/airflow/.local/lib/python3.8/site-packages/airflow/example_dags/example_sla_dag.py
[2025-05-20T08:03:31.692+0000] {logging_mixin.py:188} INFO - [2025-05-20T08:03:31.692+0000] {dag.py:3036} INFO - Sync 1 DAGs
[2025-05-20T08:03:31.738+0000] {logging_mixin.py:188} INFO - [2025-05-20T08:03:31.738+0000] {dag.py:3823} INFO - Setting next_dagrun for example_sla_dag to 2025-05-20 08:00:00+00:00, run_after=2025-05-20 08:02:00+00:00
[2025-05-20T08:03:31.773+0000] {processor.py:183} INFO - Processing /home/airflow/.local/lib/python3.8/site-packages/airflow/example_dags/example_sla_dag.py took 0.145 seconds
[2025-05-20T08:04:02.757+0000] {processor.py:161} INFO - Started process (PID=2394) to work on /home/airflow/.local/lib/python3.8/site-packages/airflow/example_dags/example_sla_dag.py
[2025-05-20T08:04:02.759+0000] {processor.py:830} INFO - Processing file /home/airflow/.local/lib/python3.8/site-packages/airflow/example_dags/example_sla_dag.py for tasks to queue
[2025-05-20T08:04:02.762+0000] {logging_mixin.py:188} INFO - [2025-05-20T08:04:02.761+0000] {dagbag.py:538} INFO - Filling up the DagBag from /home/airflow/.local/lib/python3.8/site-packages/airflow/example_dags/example_sla_dag.py
[2025-05-20T08:04:02.776+0000] {processor.py:840} INFO - DAG(s) 'example_sla_dag' retrieved from /home/airflow/.local/lib/python3.8/site-packages/airflow/example_dags/example_sla_dag.py
[2025-05-20T08:04:02.807+0000] {logging_mixin.py:188} INFO - [2025-05-20T08:04:02.806+0000] {dag.py:3036} INFO - Sync 1 DAGs
[2025-05-20T08:04:02.857+0000] {logging_mixin.py:188} INFO - [2025-05-20T08:04:02.856+0000] {dag.py:3823} INFO - Setting next_dagrun for example_sla_dag to 2025-05-20 08:02:00+00:00, run_after=2025-05-20 08:04:00+00:00
[2025-05-20T08:04:02.890+0000] {processor.py:183} INFO - Processing /home/airflow/.local/lib/python3.8/site-packages/airflow/example_dags/example_sla_dag.py took 0.138 seconds
