[2025-05-20T07:45:13.308+0000] {processor.py:161} INFO - Started process (PID=58) to work on /home/airflow/.local/lib/python3.8/site-packages/airflow/example_dags/example_branch_day_of_week_operator.py
[2025-05-20T07:45:13.310+0000] {processor.py:830} INFO - Processing file /home/airflow/.local/lib/python3.8/site-packages/airflow/example_dags/example_branch_day_of_week_operator.py for tasks to queue
[2025-05-20T07:45:13.315+0000] {logging_mixin.py:188} INFO - [2025-05-20T07:45:13.314+0000] {dagbag.py:538} INFO - Filling up the DagBag from /home/airflow/.local/lib/python3.8/site-packages/airflow/example_dags/example_branch_day_of_week_operator.py
[2025-05-20T07:45:13.341+0000] {processor.py:840} INFO - DAG(s) 'example_weekday_branch_operator' retrieved from /home/airflow/.local/lib/python3.8/site-packages/airflow/example_dags/example_branch_day_of_week_operator.py
[2025-05-20T07:45:13.578+0000] {logging_mixin.py:188} INFO - [2025-05-20T07:45:13.577+0000] {dag.py:3036} INFO - Sync 1 DAGs
[2025-05-20T07:45:13.627+0000] {logging_mixin.py:188} INFO - [2025-05-20T07:45:13.626+0000] {dag.py:3823} INFO - Setting next_dagrun for example_weekday_branch_operator to 2025-05-19 00:00:00+00:00, run_after=2025-05-20 00:00:00+00:00
[2025-05-20T07:45:13.680+0000] {processor.py:183} INFO - Processing /home/airflow/.local/lib/python3.8/site-packages/airflow/example_dags/example_branch_day_of_week_operator.py took 0.380 seconds
[2025-05-20T07:45:44.073+0000] {processor.py:161} INFO - Started process (PID=123) to work on /home/airflow/.local/lib/python3.8/site-packages/airflow/example_dags/example_branch_day_of_week_operator.py
[2025-05-20T07:45:44.075+0000] {processor.py:830} INFO - Processing file /home/airflow/.local/lib/python3.8/site-packages/airflow/example_dags/example_branch_day_of_week_operator.py for tasks to queue
[2025-05-20T07:45:44.079+0000] {logging_mixin.py:188} INFO - [2025-05-20T07:45:44.078+0000] {dagbag.py:538} INFO - Filling up the DagBag from /home/airflow/.local/lib/python3.8/site-packages/airflow/example_dags/example_branch_day_of_week_operator.py
[2025-05-20T07:45:44.097+0000] {processor.py:840} INFO - DAG(s) 'example_weekday_branch_operator' retrieved from /home/airflow/.local/lib/python3.8/site-packages/airflow/example_dags/example_branch_day_of_week_operator.py
[2025-05-20T07:45:44.139+0000] {logging_mixin.py:188} INFO - [2025-05-20T07:45:44.139+0000] {dag.py:3036} INFO - Sync 1 DAGs
[2025-05-20T07:45:44.196+0000] {logging_mixin.py:188} INFO - [2025-05-20T07:45:44.196+0000] {dag.py:3823} INFO - Setting next_dagrun for example_weekday_branch_operator to 2025-05-19 00:00:00+00:00, run_after=2025-05-20 00:00:00+00:00
[2025-05-20T07:45:44.248+0000] {processor.py:183} INFO - Processing /home/airflow/.local/lib/python3.8/site-packages/airflow/example_dags/example_branch_day_of_week_operator.py took 0.181 seconds
[2025-05-20T07:46:15.674+0000] {processor.py:161} INFO - Started process (PID=188) to work on /home/airflow/.local/lib/python3.8/site-packages/airflow/example_dags/example_branch_day_of_week_operator.py
[2025-05-20T07:46:15.676+0000] {processor.py:830} INFO - Processing file /home/airflow/.local/lib/python3.8/site-packages/airflow/example_dags/example_branch_day_of_week_operator.py for tasks to queue
[2025-05-20T07:46:15.679+0000] {logging_mixin.py:188} INFO - [2025-05-20T07:46:15.678+0000] {dagbag.py:538} INFO - Filling up the DagBag from /home/airflow/.local/lib/python3.8/site-packages/airflow/example_dags/example_branch_day_of_week_operator.py
[2025-05-20T07:46:15.695+0000] {processor.py:840} INFO - DAG(s) 'example_weekday_branch_operator' retrieved from /home/airflow/.local/lib/python3.8/site-packages/airflow/example_dags/example_branch_day_of_week_operator.py
[2025-05-20T07:46:15.738+0000] {logging_mixin.py:188} INFO - [2025-05-20T07:46:15.737+0000] {dag.py:3036} INFO - Sync 1 DAGs
[2025-05-20T07:46:15.787+0000] {logging_mixin.py:188} INFO - [2025-05-20T07:46:15.787+0000] {dag.py:3823} INFO - Setting next_dagrun for example_weekday_branch_operator to 2025-05-19 00:00:00+00:00, run_after=2025-05-20 00:00:00+00:00
[2025-05-20T07:46:15.827+0000] {processor.py:183} INFO - Processing /home/airflow/.local/lib/python3.8/site-packages/airflow/example_dags/example_branch_day_of_week_operator.py took 0.160 seconds
[2025-05-20T07:46:47.322+0000] {processor.py:161} INFO - Started process (PID=253) to work on /home/airflow/.local/lib/python3.8/site-packages/airflow/example_dags/example_branch_day_of_week_operator.py
[2025-05-20T07:46:47.324+0000] {processor.py:830} INFO - Processing file /home/airflow/.local/lib/python3.8/site-packages/airflow/example_dags/example_branch_day_of_week_operator.py for tasks to queue
[2025-05-20T07:46:47.328+0000] {logging_mixin.py:188} INFO - [2025-05-20T07:46:47.328+0000] {dagbag.py:538} INFO - Filling up the DagBag from /home/airflow/.local/lib/python3.8/site-packages/airflow/example_dags/example_branch_day_of_week_operator.py
[2025-05-20T07:46:47.344+0000] {processor.py:840} INFO - DAG(s) 'example_weekday_branch_operator' retrieved from /home/airflow/.local/lib/python3.8/site-packages/airflow/example_dags/example_branch_day_of_week_operator.py
[2025-05-20T07:46:47.385+0000] {logging_mixin.py:188} INFO - [2025-05-20T07:46:47.384+0000] {dag.py:3036} INFO - Sync 1 DAGs
[2025-05-20T07:46:47.428+0000] {logging_mixin.py:188} INFO - [2025-05-20T07:46:47.428+0000] {dag.py:3823} INFO - Setting next_dagrun for example_weekday_branch_operator to 2025-05-19 00:00:00+00:00, run_after=2025-05-20 00:00:00+00:00
[2025-05-20T07:46:47.472+0000] {processor.py:183} INFO - Processing /home/airflow/.local/lib/python3.8/site-packages/airflow/example_dags/example_branch_day_of_week_operator.py took 0.156 seconds
[2025-05-20T07:47:19.709+0000] {processor.py:161} INFO - Started process (PID=318) to work on /home/airflow/.local/lib/python3.8/site-packages/airflow/example_dags/example_branch_day_of_week_operator.py
[2025-05-20T07:47:19.713+0000] {processor.py:830} INFO - Processing file /home/airflow/.local/lib/python3.8/site-packages/airflow/example_dags/example_branch_day_of_week_operator.py for tasks to queue
[2025-05-20T07:47:19.724+0000] {logging_mixin.py:188} INFO - [2025-05-20T07:47:19.721+0000] {dagbag.py:538} INFO - Filling up the DagBag from /home/airflow/.local/lib/python3.8/site-packages/airflow/example_dags/example_branch_day_of_week_operator.py
[2025-05-20T07:47:19.753+0000] {processor.py:840} INFO - DAG(s) 'example_weekday_branch_operator' retrieved from /home/airflow/.local/lib/python3.8/site-packages/airflow/example_dags/example_branch_day_of_week_operator.py
[2025-05-20T07:47:19.809+0000] {logging_mixin.py:188} INFO - [2025-05-20T07:47:19.808+0000] {dag.py:3036} INFO - Sync 1 DAGs
[2025-05-20T07:47:19.864+0000] {logging_mixin.py:188} INFO - [2025-05-20T07:47:19.864+0000] {dag.py:3823} INFO - Setting next_dagrun for example_weekday_branch_operator to 2025-05-19 00:00:00+00:00, run_after=2025-05-20 00:00:00+00:00
[2025-05-20T07:47:19.904+0000] {processor.py:183} INFO - Processing /home/airflow/.local/lib/python3.8/site-packages/airflow/example_dags/example_branch_day_of_week_operator.py took 0.216 seconds
[2025-05-20T07:47:51.216+0000] {processor.py:161} INFO - Started process (PID=383) to work on /home/airflow/.local/lib/python3.8/site-packages/airflow/example_dags/example_branch_day_of_week_operator.py
[2025-05-20T07:47:51.218+0000] {processor.py:830} INFO - Processing file /home/airflow/.local/lib/python3.8/site-packages/airflow/example_dags/example_branch_day_of_week_operator.py for tasks to queue
[2025-05-20T07:47:51.221+0000] {logging_mixin.py:188} INFO - [2025-05-20T07:47:51.220+0000] {dagbag.py:538} INFO - Filling up the DagBag from /home/airflow/.local/lib/python3.8/site-packages/airflow/example_dags/example_branch_day_of_week_operator.py
[2025-05-20T07:47:51.234+0000] {processor.py:840} INFO - DAG(s) 'example_weekday_branch_operator' retrieved from /home/airflow/.local/lib/python3.8/site-packages/airflow/example_dags/example_branch_day_of_week_operator.py
[2025-05-20T07:47:51.273+0000] {logging_mixin.py:188} INFO - [2025-05-20T07:47:51.272+0000] {dag.py:3036} INFO - Sync 1 DAGs
[2025-05-20T07:47:51.321+0000] {logging_mixin.py:188} INFO - [2025-05-20T07:47:51.320+0000] {dag.py:3823} INFO - Setting next_dagrun for example_weekday_branch_operator to 2025-05-19 00:00:00+00:00, run_after=2025-05-20 00:00:00+00:00
[2025-05-20T07:47:51.358+0000] {processor.py:183} INFO - Processing /home/airflow/.local/lib/python3.8/site-packages/airflow/example_dags/example_branch_day_of_week_operator.py took 0.149 seconds
[2025-05-20T07:48:23.276+0000] {processor.py:161} INFO - Started process (PID=448) to work on /home/airflow/.local/lib/python3.8/site-packages/airflow/example_dags/example_branch_day_of_week_operator.py
[2025-05-20T07:48:23.279+0000] {processor.py:830} INFO - Processing file /home/airflow/.local/lib/python3.8/site-packages/airflow/example_dags/example_branch_day_of_week_operator.py for tasks to queue
[2025-05-20T07:48:23.283+0000] {logging_mixin.py:188} INFO - [2025-05-20T07:48:23.282+0000] {dagbag.py:538} INFO - Filling up the DagBag from /home/airflow/.local/lib/python3.8/site-packages/airflow/example_dags/example_branch_day_of_week_operator.py
[2025-05-20T07:48:23.301+0000] {processor.py:840} INFO - DAG(s) 'example_weekday_branch_operator' retrieved from /home/airflow/.local/lib/python3.8/site-packages/airflow/example_dags/example_branch_day_of_week_operator.py
[2025-05-20T07:48:23.357+0000] {logging_mixin.py:188} INFO - [2025-05-20T07:48:23.356+0000] {dag.py:3036} INFO - Sync 1 DAGs
[2025-05-20T07:48:23.420+0000] {logging_mixin.py:188} INFO - [2025-05-20T07:48:23.419+0000] {dag.py:3823} INFO - Setting next_dagrun for example_weekday_branch_operator to 2025-05-19 00:00:00+00:00, run_after=2025-05-20 00:00:00+00:00
[2025-05-20T07:48:23.473+0000] {processor.py:183} INFO - Processing /home/airflow/.local/lib/python3.8/site-packages/airflow/example_dags/example_branch_day_of_week_operator.py took 0.204 seconds
[2025-05-20T07:48:53.597+0000] {processor.py:161} INFO - Started process (PID=513) to work on /home/airflow/.local/lib/python3.8/site-packages/airflow/example_dags/example_branch_day_of_week_operator.py
[2025-05-20T07:48:53.600+0000] {processor.py:830} INFO - Processing file /home/airflow/.local/lib/python3.8/site-packages/airflow/example_dags/example_branch_day_of_week_operator.py for tasks to queue
[2025-05-20T07:48:53.604+0000] {logging_mixin.py:188} INFO - [2025-05-20T07:48:53.603+0000] {dagbag.py:538} INFO - Filling up the DagBag from /home/airflow/.local/lib/python3.8/site-packages/airflow/example_dags/example_branch_day_of_week_operator.py
[2025-05-20T07:48:53.623+0000] {processor.py:840} INFO - DAG(s) 'example_weekday_branch_operator' retrieved from /home/airflow/.local/lib/python3.8/site-packages/airflow/example_dags/example_branch_day_of_week_operator.py
[2025-05-20T07:48:53.673+0000] {logging_mixin.py:188} INFO - [2025-05-20T07:48:53.672+0000] {dag.py:3036} INFO - Sync 1 DAGs
[2025-05-20T07:48:53.785+0000] {logging_mixin.py:188} INFO - [2025-05-20T07:48:53.784+0000] {dag.py:3823} INFO - Setting next_dagrun for example_weekday_branch_operator to 2025-05-19 00:00:00+00:00, run_after=2025-05-20 00:00:00+00:00
[2025-05-20T07:48:53.815+0000] {processor.py:183} INFO - Processing /home/airflow/.local/lib/python3.8/site-packages/airflow/example_dags/example_branch_day_of_week_operator.py took 0.224 seconds
[2025-05-20T07:49:24.704+0000] {processor.py:161} INFO - Started process (PID=578) to work on /home/airflow/.local/lib/python3.8/site-packages/airflow/example_dags/example_branch_day_of_week_operator.py
[2025-05-20T07:49:24.705+0000] {processor.py:830} INFO - Processing file /home/airflow/.local/lib/python3.8/site-packages/airflow/example_dags/example_branch_day_of_week_operator.py for tasks to queue
[2025-05-20T07:49:24.709+0000] {logging_mixin.py:188} INFO - [2025-05-20T07:49:24.708+0000] {dagbag.py:538} INFO - Filling up the DagBag from /home/airflow/.local/lib/python3.8/site-packages/airflow/example_dags/example_branch_day_of_week_operator.py
[2025-05-20T07:49:24.722+0000] {processor.py:840} INFO - DAG(s) 'example_weekday_branch_operator' retrieved from /home/airflow/.local/lib/python3.8/site-packages/airflow/example_dags/example_branch_day_of_week_operator.py
[2025-05-20T07:49:24.774+0000] {logging_mixin.py:188} INFO - [2025-05-20T07:49:24.773+0000] {dag.py:3036} INFO - Sync 1 DAGs
[2025-05-20T07:49:24.819+0000] {logging_mixin.py:188} INFO - [2025-05-20T07:49:24.819+0000] {dag.py:3823} INFO - Setting next_dagrun for example_weekday_branch_operator to 2025-05-19 00:00:00+00:00, run_after=2025-05-20 00:00:00+00:00
[2025-05-20T07:49:24.861+0000] {processor.py:183} INFO - Processing /home/airflow/.local/lib/python3.8/site-packages/airflow/example_dags/example_branch_day_of_week_operator.py took 0.163 seconds
[2025-05-20T07:49:55.969+0000] {processor.py:161} INFO - Started process (PID=643) to work on /home/airflow/.local/lib/python3.8/site-packages/airflow/example_dags/example_branch_day_of_week_operator.py
[2025-05-20T07:49:55.971+0000] {processor.py:830} INFO - Processing file /home/airflow/.local/lib/python3.8/site-packages/airflow/example_dags/example_branch_day_of_week_operator.py for tasks to queue
[2025-05-20T07:49:55.975+0000] {logging_mixin.py:188} INFO - [2025-05-20T07:49:55.975+0000] {dagbag.py:538} INFO - Filling up the DagBag from /home/airflow/.local/lib/python3.8/site-packages/airflow/example_dags/example_branch_day_of_week_operator.py
[2025-05-20T07:49:55.993+0000] {processor.py:840} INFO - DAG(s) 'example_weekday_branch_operator' retrieved from /home/airflow/.local/lib/python3.8/site-packages/airflow/example_dags/example_branch_day_of_week_operator.py
[2025-05-20T07:49:56.050+0000] {logging_mixin.py:188} INFO - [2025-05-20T07:49:56.049+0000] {dag.py:3036} INFO - Sync 1 DAGs
[2025-05-20T07:49:56.111+0000] {logging_mixin.py:188} INFO - [2025-05-20T07:49:56.110+0000] {dag.py:3823} INFO - Setting next_dagrun for example_weekday_branch_operator to 2025-05-19 00:00:00+00:00, run_after=2025-05-20 00:00:00+00:00
[2025-05-20T07:49:56.155+0000] {processor.py:183} INFO - Processing /home/airflow/.local/lib/python3.8/site-packages/airflow/example_dags/example_branch_day_of_week_operator.py took 0.193 seconds
[2025-05-20T07:50:28.047+0000] {processor.py:161} INFO - Started process (PID=708) to work on /home/airflow/.local/lib/python3.8/site-packages/airflow/example_dags/example_branch_day_of_week_operator.py
[2025-05-20T07:50:28.049+0000] {processor.py:830} INFO - Processing file /home/airflow/.local/lib/python3.8/site-packages/airflow/example_dags/example_branch_day_of_week_operator.py for tasks to queue
[2025-05-20T07:50:28.053+0000] {logging_mixin.py:188} INFO - [2025-05-20T07:50:28.052+0000] {dagbag.py:538} INFO - Filling up the DagBag from /home/airflow/.local/lib/python3.8/site-packages/airflow/example_dags/example_branch_day_of_week_operator.py
[2025-05-20T07:50:28.071+0000] {processor.py:840} INFO - DAG(s) 'example_weekday_branch_operator' retrieved from /home/airflow/.local/lib/python3.8/site-packages/airflow/example_dags/example_branch_day_of_week_operator.py
[2025-05-20T07:50:28.111+0000] {logging_mixin.py:188} INFO - [2025-05-20T07:50:28.111+0000] {dag.py:3036} INFO - Sync 1 DAGs
[2025-05-20T07:50:28.158+0000] {logging_mixin.py:188} INFO - [2025-05-20T07:50:28.157+0000] {dag.py:3823} INFO - Setting next_dagrun for example_weekday_branch_operator to 2025-05-19 00:00:00+00:00, run_after=2025-05-20 00:00:00+00:00
[2025-05-20T07:50:28.195+0000] {processor.py:183} INFO - Processing /home/airflow/.local/lib/python3.8/site-packages/airflow/example_dags/example_branch_day_of_week_operator.py took 0.153 seconds
[2025-05-20T07:50:59.487+0000] {processor.py:161} INFO - Started process (PID=773) to work on /home/airflow/.local/lib/python3.8/site-packages/airflow/example_dags/example_branch_day_of_week_operator.py
[2025-05-20T07:50:59.489+0000] {processor.py:830} INFO - Processing file /home/airflow/.local/lib/python3.8/site-packages/airflow/example_dags/example_branch_day_of_week_operator.py for tasks to queue
[2025-05-20T07:50:59.492+0000] {logging_mixin.py:188} INFO - [2025-05-20T07:50:59.492+0000] {dagbag.py:538} INFO - Filling up the DagBag from /home/airflow/.local/lib/python3.8/site-packages/airflow/example_dags/example_branch_day_of_week_operator.py
[2025-05-20T07:50:59.505+0000] {processor.py:840} INFO - DAG(s) 'example_weekday_branch_operator' retrieved from /home/airflow/.local/lib/python3.8/site-packages/airflow/example_dags/example_branch_day_of_week_operator.py
[2025-05-20T07:50:59.543+0000] {logging_mixin.py:188} INFO - [2025-05-20T07:50:59.542+0000] {dag.py:3036} INFO - Sync 1 DAGs
[2025-05-20T07:50:59.595+0000] {logging_mixin.py:188} INFO - [2025-05-20T07:50:59.595+0000] {dag.py:3823} INFO - Setting next_dagrun for example_weekday_branch_operator to 2025-05-19 00:00:00+00:00, run_after=2025-05-20 00:00:00+00:00
[2025-05-20T07:50:59.641+0000] {processor.py:183} INFO - Processing /home/airflow/.local/lib/python3.8/site-packages/airflow/example_dags/example_branch_day_of_week_operator.py took 0.159 seconds
[2025-05-20T07:51:30.987+0000] {processor.py:161} INFO - Started process (PID=838) to work on /home/airflow/.local/lib/python3.8/site-packages/airflow/example_dags/example_branch_day_of_week_operator.py
[2025-05-20T07:51:30.991+0000] {processor.py:830} INFO - Processing file /home/airflow/.local/lib/python3.8/site-packages/airflow/example_dags/example_branch_day_of_week_operator.py for tasks to queue
[2025-05-20T07:51:30.998+0000] {logging_mixin.py:188} INFO - [2025-05-20T07:51:30.997+0000] {dagbag.py:538} INFO - Filling up the DagBag from /home/airflow/.local/lib/python3.8/site-packages/airflow/example_dags/example_branch_day_of_week_operator.py
[2025-05-20T07:51:31.036+0000] {processor.py:840} INFO - DAG(s) 'example_weekday_branch_operator' retrieved from /home/airflow/.local/lib/python3.8/site-packages/airflow/example_dags/example_branch_day_of_week_operator.py
[2025-05-20T07:51:31.156+0000] {logging_mixin.py:188} INFO - [2025-05-20T07:51:31.155+0000] {dag.py:3036} INFO - Sync 1 DAGs
[2025-05-20T07:51:31.205+0000] {logging_mixin.py:188} INFO - [2025-05-20T07:51:31.204+0000] {dag.py:3823} INFO - Setting next_dagrun for example_weekday_branch_operator to 2025-05-19 00:00:00+00:00, run_after=2025-05-20 00:00:00+00:00
[2025-05-20T07:51:31.245+0000] {processor.py:183} INFO - Processing /home/airflow/.local/lib/python3.8/site-packages/airflow/example_dags/example_branch_day_of_week_operator.py took 0.269 seconds
[2025-05-20T07:52:02.786+0000] {processor.py:161} INFO - Started process (PID=905) to work on /home/airflow/.local/lib/python3.8/site-packages/airflow/example_dags/example_branch_day_of_week_operator.py
[2025-05-20T07:52:02.789+0000] {processor.py:830} INFO - Processing file /home/airflow/.local/lib/python3.8/site-packages/airflow/example_dags/example_branch_day_of_week_operator.py for tasks to queue
[2025-05-20T07:52:02.794+0000] {logging_mixin.py:188} INFO - [2025-05-20T07:52:02.793+0000] {dagbag.py:538} INFO - Filling up the DagBag from /home/airflow/.local/lib/python3.8/site-packages/airflow/example_dags/example_branch_day_of_week_operator.py
[2025-05-20T07:52:02.808+0000] {processor.py:840} INFO - DAG(s) 'example_weekday_branch_operator' retrieved from /home/airflow/.local/lib/python3.8/site-packages/airflow/example_dags/example_branch_day_of_week_operator.py
[2025-05-20T07:52:02.840+0000] {logging_mixin.py:188} INFO - [2025-05-20T07:52:02.840+0000] {dag.py:3036} INFO - Sync 1 DAGs
[2025-05-20T07:52:02.920+0000] {logging_mixin.py:188} INFO - [2025-05-20T07:52:02.914+0000] {dag.py:3823} INFO - Setting next_dagrun for example_weekday_branch_operator to 2025-05-19 00:00:00+00:00, run_after=2025-05-20 00:00:00+00:00
[2025-05-20T07:52:02.964+0000] {processor.py:183} INFO - Processing /home/airflow/.local/lib/python3.8/site-packages/airflow/example_dags/example_branch_day_of_week_operator.py took 0.188 seconds
[2025-05-20T07:52:33.618+0000] {processor.py:161} INFO - Started process (PID=973) to work on /home/airflow/.local/lib/python3.8/site-packages/airflow/example_dags/example_branch_day_of_week_operator.py
[2025-05-20T07:52:33.623+0000] {processor.py:830} INFO - Processing file /home/airflow/.local/lib/python3.8/site-packages/airflow/example_dags/example_branch_day_of_week_operator.py for tasks to queue
[2025-05-20T07:52:33.630+0000] {logging_mixin.py:188} INFO - [2025-05-20T07:52:33.629+0000] {dagbag.py:538} INFO - Filling up the DagBag from /home/airflow/.local/lib/python3.8/site-packages/airflow/example_dags/example_branch_day_of_week_operator.py
[2025-05-20T07:52:33.666+0000] {processor.py:840} INFO - DAG(s) 'example_weekday_branch_operator' retrieved from /home/airflow/.local/lib/python3.8/site-packages/airflow/example_dags/example_branch_day_of_week_operator.py
[2025-05-20T07:52:33.754+0000] {logging_mixin.py:188} INFO - [2025-05-20T07:52:33.753+0000] {dag.py:3036} INFO - Sync 1 DAGs
[2025-05-20T07:52:33.855+0000] {logging_mixin.py:188} INFO - [2025-05-20T07:52:33.854+0000] {dag.py:3823} INFO - Setting next_dagrun for example_weekday_branch_operator to 2025-05-19 00:00:00+00:00, run_after=2025-05-20 00:00:00+00:00
[2025-05-20T07:52:33.935+0000] {processor.py:183} INFO - Processing /home/airflow/.local/lib/python3.8/site-packages/airflow/example_dags/example_branch_day_of_week_operator.py took 0.331 seconds
[2025-05-20T07:53:04.281+0000] {processor.py:161} INFO - Started process (PID=1036) to work on /home/airflow/.local/lib/python3.8/site-packages/airflow/example_dags/example_branch_day_of_week_operator.py
[2025-05-20T07:53:04.283+0000] {processor.py:830} INFO - Processing file /home/airflow/.local/lib/python3.8/site-packages/airflow/example_dags/example_branch_day_of_week_operator.py for tasks to queue
[2025-05-20T07:53:04.286+0000] {logging_mixin.py:188} INFO - [2025-05-20T07:53:04.285+0000] {dagbag.py:538} INFO - Filling up the DagBag from /home/airflow/.local/lib/python3.8/site-packages/airflow/example_dags/example_branch_day_of_week_operator.py
[2025-05-20T07:53:04.300+0000] {processor.py:840} INFO - DAG(s) 'example_weekday_branch_operator' retrieved from /home/airflow/.local/lib/python3.8/site-packages/airflow/example_dags/example_branch_day_of_week_operator.py
[2025-05-20T07:53:04.337+0000] {logging_mixin.py:188} INFO - [2025-05-20T07:53:04.336+0000] {dag.py:3036} INFO - Sync 1 DAGs
[2025-05-20T07:53:04.381+0000] {logging_mixin.py:188} INFO - [2025-05-20T07:53:04.381+0000] {dag.py:3823} INFO - Setting next_dagrun for example_weekday_branch_operator to 2025-05-19 00:00:00+00:00, run_after=2025-05-20 00:00:00+00:00
[2025-05-20T07:53:04.421+0000] {processor.py:183} INFO - Processing /home/airflow/.local/lib/python3.8/site-packages/airflow/example_dags/example_branch_day_of_week_operator.py took 0.145 seconds
[2025-05-20T07:53:37.769+0000] {processor.py:161} INFO - Started process (PID=1104) to work on /home/airflow/.local/lib/python3.8/site-packages/airflow/example_dags/example_branch_day_of_week_operator.py
[2025-05-20T07:53:37.771+0000] {processor.py:830} INFO - Processing file /home/airflow/.local/lib/python3.8/site-packages/airflow/example_dags/example_branch_day_of_week_operator.py for tasks to queue
[2025-05-20T07:53:37.775+0000] {logging_mixin.py:188} INFO - [2025-05-20T07:53:37.775+0000] {dagbag.py:538} INFO - Filling up the DagBag from /home/airflow/.local/lib/python3.8/site-packages/airflow/example_dags/example_branch_day_of_week_operator.py
[2025-05-20T07:53:37.794+0000] {processor.py:840} INFO - DAG(s) 'example_weekday_branch_operator' retrieved from /home/airflow/.local/lib/python3.8/site-packages/airflow/example_dags/example_branch_day_of_week_operator.py
[2025-05-20T07:53:37.842+0000] {logging_mixin.py:188} INFO - [2025-05-20T07:53:37.841+0000] {dag.py:3036} INFO - Sync 1 DAGs
[2025-05-20T07:53:37.890+0000] {logging_mixin.py:188} INFO - [2025-05-20T07:53:37.889+0000] {dag.py:3823} INFO - Setting next_dagrun for example_weekday_branch_operator to 2025-05-19 00:00:00+00:00, run_after=2025-05-20 00:00:00+00:00
[2025-05-20T07:53:37.926+0000] {processor.py:183} INFO - Processing /home/airflow/.local/lib/python3.8/site-packages/airflow/example_dags/example_branch_day_of_week_operator.py took 0.165 seconds
[2025-05-20T07:54:09.421+0000] {processor.py:161} INFO - Started process (PID=1169) to work on /home/airflow/.local/lib/python3.8/site-packages/airflow/example_dags/example_branch_day_of_week_operator.py
[2025-05-20T07:54:09.425+0000] {processor.py:830} INFO - Processing file /home/airflow/.local/lib/python3.8/site-packages/airflow/example_dags/example_branch_day_of_week_operator.py for tasks to queue
[2025-05-20T07:54:09.432+0000] {logging_mixin.py:188} INFO - [2025-05-20T07:54:09.431+0000] {dagbag.py:538} INFO - Filling up the DagBag from /home/airflow/.local/lib/python3.8/site-packages/airflow/example_dags/example_branch_day_of_week_operator.py
[2025-05-20T07:54:09.468+0000] {processor.py:840} INFO - DAG(s) 'example_weekday_branch_operator' retrieved from /home/airflow/.local/lib/python3.8/site-packages/airflow/example_dags/example_branch_day_of_week_operator.py
[2025-05-20T07:54:09.557+0000] {logging_mixin.py:188} INFO - [2025-05-20T07:54:09.556+0000] {dag.py:3036} INFO - Sync 1 DAGs
[2025-05-20T07:54:09.664+0000] {logging_mixin.py:188} INFO - [2025-05-20T07:54:09.662+0000] {dag.py:3823} INFO - Setting next_dagrun for example_weekday_branch_operator to 2025-05-19 00:00:00+00:00, run_after=2025-05-20 00:00:00+00:00
[2025-05-20T07:54:09.755+0000] {processor.py:183} INFO - Processing /home/airflow/.local/lib/python3.8/site-packages/airflow/example_dags/example_branch_day_of_week_operator.py took 0.346 seconds
[2025-05-20T07:54:40.987+0000] {processor.py:161} INFO - Started process (PID=1234) to work on /home/airflow/.local/lib/python3.8/site-packages/airflow/example_dags/example_branch_day_of_week_operator.py
[2025-05-20T07:54:40.989+0000] {processor.py:830} INFO - Processing file /home/airflow/.local/lib/python3.8/site-packages/airflow/example_dags/example_branch_day_of_week_operator.py for tasks to queue
[2025-05-20T07:54:40.992+0000] {logging_mixin.py:188} INFO - [2025-05-20T07:54:40.991+0000] {dagbag.py:538} INFO - Filling up the DagBag from /home/airflow/.local/lib/python3.8/site-packages/airflow/example_dags/example_branch_day_of_week_operator.py
[2025-05-20T07:54:41.010+0000] {processor.py:840} INFO - DAG(s) 'example_weekday_branch_operator' retrieved from /home/airflow/.local/lib/python3.8/site-packages/airflow/example_dags/example_branch_day_of_week_operator.py
[2025-05-20T07:54:41.050+0000] {logging_mixin.py:188} INFO - [2025-05-20T07:54:41.049+0000] {dag.py:3036} INFO - Sync 1 DAGs
[2025-05-20T07:54:41.096+0000] {logging_mixin.py:188} INFO - [2025-05-20T07:54:41.096+0000] {dag.py:3823} INFO - Setting next_dagrun for example_weekday_branch_operator to 2025-05-19 00:00:00+00:00, run_after=2025-05-20 00:00:00+00:00
[2025-05-20T07:54:41.431+0000] {processor.py:183} INFO - Processing /home/airflow/.local/lib/python3.8/site-packages/airflow/example_dags/example_branch_day_of_week_operator.py took 0.449 seconds
[2025-05-20T07:55:12.318+0000] {processor.py:161} INFO - Started process (PID=1299) to work on /home/airflow/.local/lib/python3.8/site-packages/airflow/example_dags/example_branch_day_of_week_operator.py
[2025-05-20T07:55:12.319+0000] {processor.py:830} INFO - Processing file /home/airflow/.local/lib/python3.8/site-packages/airflow/example_dags/example_branch_day_of_week_operator.py for tasks to queue
[2025-05-20T07:55:12.324+0000] {logging_mixin.py:188} INFO - [2025-05-20T07:55:12.323+0000] {dagbag.py:538} INFO - Filling up the DagBag from /home/airflow/.local/lib/python3.8/site-packages/airflow/example_dags/example_branch_day_of_week_operator.py
[2025-05-20T07:55:12.338+0000] {processor.py:840} INFO - DAG(s) 'example_weekday_branch_operator' retrieved from /home/airflow/.local/lib/python3.8/site-packages/airflow/example_dags/example_branch_day_of_week_operator.py
[2025-05-20T07:55:12.402+0000] {logging_mixin.py:188} INFO - [2025-05-20T07:55:12.402+0000] {dag.py:3036} INFO - Sync 1 DAGs
[2025-05-20T07:55:12.451+0000] {logging_mixin.py:188} INFO - [2025-05-20T07:55:12.450+0000] {dag.py:3823} INFO - Setting next_dagrun for example_weekday_branch_operator to 2025-05-19 00:00:00+00:00, run_after=2025-05-20 00:00:00+00:00
[2025-05-20T07:55:12.488+0000] {processor.py:183} INFO - Processing /home/airflow/.local/lib/python3.8/site-packages/airflow/example_dags/example_branch_day_of_week_operator.py took 0.175 seconds
[2025-05-20T07:55:43.404+0000] {processor.py:161} INFO - Started process (PID=1364) to work on /home/airflow/.local/lib/python3.8/site-packages/airflow/example_dags/example_branch_day_of_week_operator.py
[2025-05-20T07:55:43.406+0000] {processor.py:830} INFO - Processing file /home/airflow/.local/lib/python3.8/site-packages/airflow/example_dags/example_branch_day_of_week_operator.py for tasks to queue
[2025-05-20T07:55:43.410+0000] {logging_mixin.py:188} INFO - [2025-05-20T07:55:43.409+0000] {dagbag.py:538} INFO - Filling up the DagBag from /home/airflow/.local/lib/python3.8/site-packages/airflow/example_dags/example_branch_day_of_week_operator.py
[2025-05-20T07:55:43.423+0000] {processor.py:840} INFO - DAG(s) 'example_weekday_branch_operator' retrieved from /home/airflow/.local/lib/python3.8/site-packages/airflow/example_dags/example_branch_day_of_week_operator.py
[2025-05-20T07:55:43.459+0000] {logging_mixin.py:188} INFO - [2025-05-20T07:55:43.459+0000] {dag.py:3036} INFO - Sync 1 DAGs
[2025-05-20T07:55:43.505+0000] {logging_mixin.py:188} INFO - [2025-05-20T07:55:43.505+0000] {dag.py:3823} INFO - Setting next_dagrun for example_weekday_branch_operator to 2025-05-19 00:00:00+00:00, run_after=2025-05-20 00:00:00+00:00
[2025-05-20T07:55:43.537+0000] {processor.py:183} INFO - Processing /home/airflow/.local/lib/python3.8/site-packages/airflow/example_dags/example_branch_day_of_week_operator.py took 0.138 seconds
[2025-05-20T07:56:15.019+0000] {processor.py:161} INFO - Started process (PID=1429) to work on /home/airflow/.local/lib/python3.8/site-packages/airflow/example_dags/example_branch_day_of_week_operator.py
[2025-05-20T07:56:15.021+0000] {processor.py:830} INFO - Processing file /home/airflow/.local/lib/python3.8/site-packages/airflow/example_dags/example_branch_day_of_week_operator.py for tasks to queue
[2025-05-20T07:56:15.025+0000] {logging_mixin.py:188} INFO - [2025-05-20T07:56:15.024+0000] {dagbag.py:538} INFO - Filling up the DagBag from /home/airflow/.local/lib/python3.8/site-packages/airflow/example_dags/example_branch_day_of_week_operator.py
[2025-05-20T07:56:15.040+0000] {processor.py:840} INFO - DAG(s) 'example_weekday_branch_operator' retrieved from /home/airflow/.local/lib/python3.8/site-packages/airflow/example_dags/example_branch_day_of_week_operator.py
[2025-05-20T07:56:15.081+0000] {logging_mixin.py:188} INFO - [2025-05-20T07:56:15.081+0000] {dag.py:3036} INFO - Sync 1 DAGs
[2025-05-20T07:56:15.146+0000] {logging_mixin.py:188} INFO - [2025-05-20T07:56:15.145+0000] {dag.py:3823} INFO - Setting next_dagrun for example_weekday_branch_operator to 2025-05-19 00:00:00+00:00, run_after=2025-05-20 00:00:00+00:00
[2025-05-20T07:56:15.197+0000] {processor.py:183} INFO - Processing /home/airflow/.local/lib/python3.8/site-packages/airflow/example_dags/example_branch_day_of_week_operator.py took 0.185 seconds
[2025-05-20T07:56:45.998+0000] {processor.py:161} INFO - Started process (PID=1494) to work on /home/airflow/.local/lib/python3.8/site-packages/airflow/example_dags/example_branch_day_of_week_operator.py
[2025-05-20T07:56:46.001+0000] {processor.py:830} INFO - Processing file /home/airflow/.local/lib/python3.8/site-packages/airflow/example_dags/example_branch_day_of_week_operator.py for tasks to queue
[2025-05-20T07:56:46.007+0000] {logging_mixin.py:188} INFO - [2025-05-20T07:56:46.006+0000] {dagbag.py:538} INFO - Filling up the DagBag from /home/airflow/.local/lib/python3.8/site-packages/airflow/example_dags/example_branch_day_of_week_operator.py
[2025-05-20T07:56:46.035+0000] {processor.py:840} INFO - DAG(s) 'example_weekday_branch_operator' retrieved from /home/airflow/.local/lib/python3.8/site-packages/airflow/example_dags/example_branch_day_of_week_operator.py
[2025-05-20T07:56:46.103+0000] {logging_mixin.py:188} INFO - [2025-05-20T07:56:46.102+0000] {dag.py:3036} INFO - Sync 1 DAGs
[2025-05-20T07:56:46.186+0000] {logging_mixin.py:188} INFO - [2025-05-20T07:56:46.185+0000] {dag.py:3823} INFO - Setting next_dagrun for example_weekday_branch_operator to 2025-05-19 00:00:00+00:00, run_after=2025-05-20 00:00:00+00:00
[2025-05-20T07:56:46.237+0000] {processor.py:183} INFO - Processing /home/airflow/.local/lib/python3.8/site-packages/airflow/example_dags/example_branch_day_of_week_operator.py took 0.247 seconds
[2025-05-20T07:57:17.296+0000] {processor.py:161} INFO - Started process (PID=1559) to work on /home/airflow/.local/lib/python3.8/site-packages/airflow/example_dags/example_branch_day_of_week_operator.py
[2025-05-20T07:57:17.298+0000] {processor.py:830} INFO - Processing file /home/airflow/.local/lib/python3.8/site-packages/airflow/example_dags/example_branch_day_of_week_operator.py for tasks to queue
[2025-05-20T07:57:17.302+0000] {logging_mixin.py:188} INFO - [2025-05-20T07:57:17.302+0000] {dagbag.py:538} INFO - Filling up the DagBag from /home/airflow/.local/lib/python3.8/site-packages/airflow/example_dags/example_branch_day_of_week_operator.py
[2025-05-20T07:57:17.321+0000] {processor.py:840} INFO - DAG(s) 'example_weekday_branch_operator' retrieved from /home/airflow/.local/lib/python3.8/site-packages/airflow/example_dags/example_branch_day_of_week_operator.py
[2025-05-20T07:57:17.368+0000] {logging_mixin.py:188} INFO - [2025-05-20T07:57:17.368+0000] {dag.py:3036} INFO - Sync 1 DAGs
[2025-05-20T07:57:17.452+0000] {logging_mixin.py:188} INFO - [2025-05-20T07:57:17.451+0000] {dag.py:3823} INFO - Setting next_dagrun for example_weekday_branch_operator to 2025-05-19 00:00:00+00:00, run_after=2025-05-20 00:00:00+00:00
[2025-05-20T07:57:17.550+0000] {processor.py:183} INFO - Processing /home/airflow/.local/lib/python3.8/site-packages/airflow/example_dags/example_branch_day_of_week_operator.py took 0.261 seconds
[2025-05-20T07:57:48.028+0000] {processor.py:161} INFO - Started process (PID=1622) to work on /home/airflow/.local/lib/python3.8/site-packages/airflow/example_dags/example_branch_day_of_week_operator.py
[2025-05-20T07:57:48.030+0000] {processor.py:830} INFO - Processing file /home/airflow/.local/lib/python3.8/site-packages/airflow/example_dags/example_branch_day_of_week_operator.py for tasks to queue
[2025-05-20T07:57:48.035+0000] {logging_mixin.py:188} INFO - [2025-05-20T07:57:48.035+0000] {dagbag.py:538} INFO - Filling up the DagBag from /home/airflow/.local/lib/python3.8/site-packages/airflow/example_dags/example_branch_day_of_week_operator.py
[2025-05-20T07:57:48.052+0000] {processor.py:840} INFO - DAG(s) 'example_weekday_branch_operator' retrieved from /home/airflow/.local/lib/python3.8/site-packages/airflow/example_dags/example_branch_day_of_week_operator.py
[2025-05-20T07:57:48.089+0000] {logging_mixin.py:188} INFO - [2025-05-20T07:57:48.088+0000] {dag.py:3036} INFO - Sync 1 DAGs
[2025-05-20T07:57:48.139+0000] {logging_mixin.py:188} INFO - [2025-05-20T07:57:48.138+0000] {dag.py:3823} INFO - Setting next_dagrun for example_weekday_branch_operator to 2025-05-19 00:00:00+00:00, run_after=2025-05-20 00:00:00+00:00
[2025-05-20T07:57:48.198+0000] {processor.py:183} INFO - Processing /home/airflow/.local/lib/python3.8/site-packages/airflow/example_dags/example_branch_day_of_week_operator.py took 0.176 seconds
[2025-05-20T07:58:19.939+0000] {processor.py:161} INFO - Started process (PID=1687) to work on /home/airflow/.local/lib/python3.8/site-packages/airflow/example_dags/example_branch_day_of_week_operator.py
[2025-05-20T07:58:19.941+0000] {processor.py:830} INFO - Processing file /home/airflow/.local/lib/python3.8/site-packages/airflow/example_dags/example_branch_day_of_week_operator.py for tasks to queue
[2025-05-20T07:58:19.945+0000] {logging_mixin.py:188} INFO - [2025-05-20T07:58:19.945+0000] {dagbag.py:538} INFO - Filling up the DagBag from /home/airflow/.local/lib/python3.8/site-packages/airflow/example_dags/example_branch_day_of_week_operator.py
[2025-05-20T07:58:19.969+0000] {processor.py:840} INFO - DAG(s) 'example_weekday_branch_operator' retrieved from /home/airflow/.local/lib/python3.8/site-packages/airflow/example_dags/example_branch_day_of_week_operator.py
[2025-05-20T07:58:20.015+0000] {logging_mixin.py:188} INFO - [2025-05-20T07:58:20.015+0000] {dag.py:3036} INFO - Sync 1 DAGs
[2025-05-20T07:58:20.132+0000] {logging_mixin.py:188} INFO - [2025-05-20T07:58:20.131+0000] {dag.py:3823} INFO - Setting next_dagrun for example_weekday_branch_operator to 2025-05-19 00:00:00+00:00, run_after=2025-05-20 00:00:00+00:00
[2025-05-20T07:58:20.173+0000] {processor.py:183} INFO - Processing /home/airflow/.local/lib/python3.8/site-packages/airflow/example_dags/example_branch_day_of_week_operator.py took 0.241 seconds
[2025-05-20T07:58:51.103+0000] {processor.py:161} INFO - Started process (PID=1752) to work on /home/airflow/.local/lib/python3.8/site-packages/airflow/example_dags/example_branch_day_of_week_operator.py
[2025-05-20T07:58:51.106+0000] {processor.py:830} INFO - Processing file /home/airflow/.local/lib/python3.8/site-packages/airflow/example_dags/example_branch_day_of_week_operator.py for tasks to queue
[2025-05-20T07:58:51.111+0000] {logging_mixin.py:188} INFO - [2025-05-20T07:58:51.110+0000] {dagbag.py:538} INFO - Filling up the DagBag from /home/airflow/.local/lib/python3.8/site-packages/airflow/example_dags/example_branch_day_of_week_operator.py
[2025-05-20T07:58:51.125+0000] {processor.py:840} INFO - DAG(s) 'example_weekday_branch_operator' retrieved from /home/airflow/.local/lib/python3.8/site-packages/airflow/example_dags/example_branch_day_of_week_operator.py
[2025-05-20T07:58:51.162+0000] {logging_mixin.py:188} INFO - [2025-05-20T07:58:51.162+0000] {dag.py:3036} INFO - Sync 1 DAGs
[2025-05-20T07:58:51.206+0000] {logging_mixin.py:188} INFO - [2025-05-20T07:58:51.206+0000] {dag.py:3823} INFO - Setting next_dagrun for example_weekday_branch_operator to 2025-05-19 00:00:00+00:00, run_after=2025-05-20 00:00:00+00:00
[2025-05-20T07:58:51.244+0000] {processor.py:183} INFO - Processing /home/airflow/.local/lib/python3.8/site-packages/airflow/example_dags/example_branch_day_of_week_operator.py took 0.151 seconds
[2025-05-20T07:59:22.611+0000] {processor.py:161} INFO - Started process (PID=1817) to work on /home/airflow/.local/lib/python3.8/site-packages/airflow/example_dags/example_branch_day_of_week_operator.py
[2025-05-20T07:59:22.613+0000] {processor.py:830} INFO - Processing file /home/airflow/.local/lib/python3.8/site-packages/airflow/example_dags/example_branch_day_of_week_operator.py for tasks to queue
[2025-05-20T07:59:22.617+0000] {logging_mixin.py:188} INFO - [2025-05-20T07:59:22.617+0000] {dagbag.py:538} INFO - Filling up the DagBag from /home/airflow/.local/lib/python3.8/site-packages/airflow/example_dags/example_branch_day_of_week_operator.py
[2025-05-20T07:59:22.637+0000] {processor.py:840} INFO - DAG(s) 'example_weekday_branch_operator' retrieved from /home/airflow/.local/lib/python3.8/site-packages/airflow/example_dags/example_branch_day_of_week_operator.py
[2025-05-20T07:59:22.678+0000] {logging_mixin.py:188} INFO - [2025-05-20T07:59:22.678+0000] {dag.py:3036} INFO - Sync 1 DAGs
[2025-05-20T07:59:22.729+0000] {logging_mixin.py:188} INFO - [2025-05-20T07:59:22.728+0000] {dag.py:3823} INFO - Setting next_dagrun for example_weekday_branch_operator to 2025-05-19 00:00:00+00:00, run_after=2025-05-20 00:00:00+00:00
[2025-05-20T07:59:22.777+0000] {processor.py:183} INFO - Processing /home/airflow/.local/lib/python3.8/site-packages/airflow/example_dags/example_branch_day_of_week_operator.py took 0.171 seconds
[2025-05-20T07:59:53.896+0000] {processor.py:161} INFO - Started process (PID=1882) to work on /home/airflow/.local/lib/python3.8/site-packages/airflow/example_dags/example_branch_day_of_week_operator.py
[2025-05-20T07:59:53.898+0000] {processor.py:830} INFO - Processing file /home/airflow/.local/lib/python3.8/site-packages/airflow/example_dags/example_branch_day_of_week_operator.py for tasks to queue
[2025-05-20T07:59:53.902+0000] {logging_mixin.py:188} INFO - [2025-05-20T07:59:53.902+0000] {dagbag.py:538} INFO - Filling up the DagBag from /home/airflow/.local/lib/python3.8/site-packages/airflow/example_dags/example_branch_day_of_week_operator.py
[2025-05-20T07:59:53.920+0000] {processor.py:840} INFO - DAG(s) 'example_weekday_branch_operator' retrieved from /home/airflow/.local/lib/python3.8/site-packages/airflow/example_dags/example_branch_day_of_week_operator.py
[2025-05-20T07:59:53.956+0000] {logging_mixin.py:188} INFO - [2025-05-20T07:59:53.956+0000] {dag.py:3036} INFO - Sync 1 DAGs
[2025-05-20T07:59:53.999+0000] {logging_mixin.py:188} INFO - [2025-05-20T07:59:53.998+0000] {dag.py:3823} INFO - Setting next_dagrun for example_weekday_branch_operator to 2025-05-19 00:00:00+00:00, run_after=2025-05-20 00:00:00+00:00
[2025-05-20T07:59:54.027+0000] {processor.py:183} INFO - Processing /home/airflow/.local/lib/python3.8/site-packages/airflow/example_dags/example_branch_day_of_week_operator.py took 0.139 seconds
[2025-05-20T08:00:26.375+0000] {processor.py:161} INFO - Started process (PID=1947) to work on /home/airflow/.local/lib/python3.8/site-packages/airflow/example_dags/example_branch_day_of_week_operator.py
[2025-05-20T08:00:26.378+0000] {processor.py:830} INFO - Processing file /home/airflow/.local/lib/python3.8/site-packages/airflow/example_dags/example_branch_day_of_week_operator.py for tasks to queue
[2025-05-20T08:00:26.383+0000] {logging_mixin.py:188} INFO - [2025-05-20T08:00:26.382+0000] {dagbag.py:538} INFO - Filling up the DagBag from /home/airflow/.local/lib/python3.8/site-packages/airflow/example_dags/example_branch_day_of_week_operator.py
[2025-05-20T08:00:26.405+0000] {processor.py:840} INFO - DAG(s) 'example_weekday_branch_operator' retrieved from /home/airflow/.local/lib/python3.8/site-packages/airflow/example_dags/example_branch_day_of_week_operator.py
[2025-05-20T08:00:26.451+0000] {logging_mixin.py:188} INFO - [2025-05-20T08:00:26.450+0000] {dag.py:3036} INFO - Sync 1 DAGs
[2025-05-20T08:00:26.685+0000] {logging_mixin.py:188} INFO - [2025-05-20T08:00:26.684+0000] {dag.py:3823} INFO - Setting next_dagrun for example_weekday_branch_operator to 2025-05-19 00:00:00+00:00, run_after=2025-05-20 00:00:00+00:00
[2025-05-20T08:00:26.727+0000] {processor.py:183} INFO - Processing /home/airflow/.local/lib/python3.8/site-packages/airflow/example_dags/example_branch_day_of_week_operator.py took 0.363 seconds
[2025-05-20T08:00:58.070+0000] {processor.py:161} INFO - Started process (PID=2012) to work on /home/airflow/.local/lib/python3.8/site-packages/airflow/example_dags/example_branch_day_of_week_operator.py
[2025-05-20T08:00:58.072+0000] {processor.py:830} INFO - Processing file /home/airflow/.local/lib/python3.8/site-packages/airflow/example_dags/example_branch_day_of_week_operator.py for tasks to queue
[2025-05-20T08:00:58.076+0000] {logging_mixin.py:188} INFO - [2025-05-20T08:00:58.075+0000] {dagbag.py:538} INFO - Filling up the DagBag from /home/airflow/.local/lib/python3.8/site-packages/airflow/example_dags/example_branch_day_of_week_operator.py
[2025-05-20T08:00:58.092+0000] {processor.py:840} INFO - DAG(s) 'example_weekday_branch_operator' retrieved from /home/airflow/.local/lib/python3.8/site-packages/airflow/example_dags/example_branch_day_of_week_operator.py
[2025-05-20T08:00:58.136+0000] {logging_mixin.py:188} INFO - [2025-05-20T08:00:58.135+0000] {dag.py:3036} INFO - Sync 1 DAGs
[2025-05-20T08:00:58.380+0000] {logging_mixin.py:188} INFO - [2025-05-20T08:00:58.380+0000] {dag.py:3823} INFO - Setting next_dagrun for example_weekday_branch_operator to 2025-05-19 00:00:00+00:00, run_after=2025-05-20 00:00:00+00:00
[2025-05-20T08:00:58.425+0000] {processor.py:183} INFO - Processing /home/airflow/.local/lib/python3.8/site-packages/airflow/example_dags/example_branch_day_of_week_operator.py took 0.361 seconds
[2025-05-20T08:01:29.419+0000] {processor.py:161} INFO - Started process (PID=2077) to work on /home/airflow/.local/lib/python3.8/site-packages/airflow/example_dags/example_branch_day_of_week_operator.py
[2025-05-20T08:01:29.423+0000] {processor.py:830} INFO - Processing file /home/airflow/.local/lib/python3.8/site-packages/airflow/example_dags/example_branch_day_of_week_operator.py for tasks to queue
[2025-05-20T08:01:29.431+0000] {logging_mixin.py:188} INFO - [2025-05-20T08:01:29.430+0000] {dagbag.py:538} INFO - Filling up the DagBag from /home/airflow/.local/lib/python3.8/site-packages/airflow/example_dags/example_branch_day_of_week_operator.py
[2025-05-20T08:01:29.462+0000] {processor.py:840} INFO - DAG(s) 'example_weekday_branch_operator' retrieved from /home/airflow/.local/lib/python3.8/site-packages/airflow/example_dags/example_branch_day_of_week_operator.py
[2025-05-20T08:01:29.550+0000] {logging_mixin.py:188} INFO - [2025-05-20T08:01:29.549+0000] {dag.py:3036} INFO - Sync 1 DAGs
[2025-05-20T08:01:29.652+0000] {logging_mixin.py:188} INFO - [2025-05-20T08:01:29.651+0000] {dag.py:3823} INFO - Setting next_dagrun for example_weekday_branch_operator to 2025-05-19 00:00:00+00:00, run_after=2025-05-20 00:00:00+00:00
[2025-05-20T08:01:29.742+0000] {processor.py:183} INFO - Processing /home/airflow/.local/lib/python3.8/site-packages/airflow/example_dags/example_branch_day_of_week_operator.py took 0.335 seconds
[2025-05-20T08:02:00.108+0000] {processor.py:161} INFO - Started process (PID=2142) to work on /home/airflow/.local/lib/python3.8/site-packages/airflow/example_dags/example_branch_day_of_week_operator.py
[2025-05-20T08:02:00.110+0000] {processor.py:830} INFO - Processing file /home/airflow/.local/lib/python3.8/site-packages/airflow/example_dags/example_branch_day_of_week_operator.py for tasks to queue
[2025-05-20T08:02:00.115+0000] {logging_mixin.py:188} INFO - [2025-05-20T08:02:00.114+0000] {dagbag.py:538} INFO - Filling up the DagBag from /home/airflow/.local/lib/python3.8/site-packages/airflow/example_dags/example_branch_day_of_week_operator.py
[2025-05-20T08:02:00.134+0000] {processor.py:840} INFO - DAG(s) 'example_weekday_branch_operator' retrieved from /home/airflow/.local/lib/python3.8/site-packages/airflow/example_dags/example_branch_day_of_week_operator.py
[2025-05-20T08:02:00.182+0000] {logging_mixin.py:188} INFO - [2025-05-20T08:02:00.182+0000] {dag.py:3036} INFO - Sync 1 DAGs
[2025-05-20T08:02:00.245+0000] {logging_mixin.py:188} INFO - [2025-05-20T08:02:00.244+0000] {dag.py:3823} INFO - Setting next_dagrun for example_weekday_branch_operator to 2025-05-19 00:00:00+00:00, run_after=2025-05-20 00:00:00+00:00
[2025-05-20T08:02:00.336+0000] {processor.py:183} INFO - Processing /home/airflow/.local/lib/python3.8/site-packages/airflow/example_dags/example_branch_day_of_week_operator.py took 0.236 seconds
[2025-05-20T08:02:31.103+0000] {processor.py:161} INFO - Started process (PID=2207) to work on /home/airflow/.local/lib/python3.8/site-packages/airflow/example_dags/example_branch_day_of_week_operator.py
[2025-05-20T08:02:31.105+0000] {processor.py:830} INFO - Processing file /home/airflow/.local/lib/python3.8/site-packages/airflow/example_dags/example_branch_day_of_week_operator.py for tasks to queue
[2025-05-20T08:02:31.109+0000] {logging_mixin.py:188} INFO - [2025-05-20T08:02:31.109+0000] {dagbag.py:538} INFO - Filling up the DagBag from /home/airflow/.local/lib/python3.8/site-packages/airflow/example_dags/example_branch_day_of_week_operator.py
[2025-05-20T08:02:31.127+0000] {processor.py:840} INFO - DAG(s) 'example_weekday_branch_operator' retrieved from /home/airflow/.local/lib/python3.8/site-packages/airflow/example_dags/example_branch_day_of_week_operator.py
[2025-05-20T08:02:31.179+0000] {logging_mixin.py:188} INFO - [2025-05-20T08:02:31.179+0000] {dag.py:3036} INFO - Sync 1 DAGs
[2025-05-20T08:02:31.241+0000] {logging_mixin.py:188} INFO - [2025-05-20T08:02:31.241+0000] {dag.py:3823} INFO - Setting next_dagrun for example_weekday_branch_operator to 2025-05-19 00:00:00+00:00, run_after=2025-05-20 00:00:00+00:00
[2025-05-20T08:02:31.293+0000] {processor.py:183} INFO - Processing /home/airflow/.local/lib/python3.8/site-packages/airflow/example_dags/example_branch_day_of_week_operator.py took 0.197 seconds
[2025-05-20T08:03:01.569+0000] {processor.py:161} INFO - Started process (PID=2273) to work on /home/airflow/.local/lib/python3.8/site-packages/airflow/example_dags/example_branch_day_of_week_operator.py
[2025-05-20T08:03:01.571+0000] {processor.py:830} INFO - Processing file /home/airflow/.local/lib/python3.8/site-packages/airflow/example_dags/example_branch_day_of_week_operator.py for tasks to queue
[2025-05-20T08:03:01.574+0000] {logging_mixin.py:188} INFO - [2025-05-20T08:03:01.574+0000] {dagbag.py:538} INFO - Filling up the DagBag from /home/airflow/.local/lib/python3.8/site-packages/airflow/example_dags/example_branch_day_of_week_operator.py
[2025-05-20T08:03:01.589+0000] {processor.py:840} INFO - DAG(s) 'example_weekday_branch_operator' retrieved from /home/airflow/.local/lib/python3.8/site-packages/airflow/example_dags/example_branch_day_of_week_operator.py
[2025-05-20T08:03:01.622+0000] {logging_mixin.py:188} INFO - [2025-05-20T08:03:01.621+0000] {dag.py:3036} INFO - Sync 1 DAGs
[2025-05-20T08:03:01.669+0000] {logging_mixin.py:188} INFO - [2025-05-20T08:03:01.669+0000] {dag.py:3823} INFO - Setting next_dagrun for example_weekday_branch_operator to 2025-05-19 00:00:00+00:00, run_after=2025-05-20 00:00:00+00:00
[2025-05-20T08:03:01.713+0000] {processor.py:183} INFO - Processing /home/airflow/.local/lib/python3.8/site-packages/airflow/example_dags/example_branch_day_of_week_operator.py took 0.150 seconds
[2025-05-20T08:03:33.278+0000] {processor.py:161} INFO - Started process (PID=2338) to work on /home/airflow/.local/lib/python3.8/site-packages/airflow/example_dags/example_branch_day_of_week_operator.py
[2025-05-20T08:03:33.280+0000] {processor.py:830} INFO - Processing file /home/airflow/.local/lib/python3.8/site-packages/airflow/example_dags/example_branch_day_of_week_operator.py for tasks to queue
[2025-05-20T08:03:33.283+0000] {logging_mixin.py:188} INFO - [2025-05-20T08:03:33.282+0000] {dagbag.py:538} INFO - Filling up the DagBag from /home/airflow/.local/lib/python3.8/site-packages/airflow/example_dags/example_branch_day_of_week_operator.py
[2025-05-20T08:03:33.297+0000] {processor.py:840} INFO - DAG(s) 'example_weekday_branch_operator' retrieved from /home/airflow/.local/lib/python3.8/site-packages/airflow/example_dags/example_branch_day_of_week_operator.py
[2025-05-20T08:03:33.333+0000] {logging_mixin.py:188} INFO - [2025-05-20T08:03:33.333+0000] {dag.py:3036} INFO - Sync 1 DAGs
[2025-05-20T08:03:33.378+0000] {logging_mixin.py:188} INFO - [2025-05-20T08:03:33.377+0000] {dag.py:3823} INFO - Setting next_dagrun for example_weekday_branch_operator to 2025-05-19 00:00:00+00:00, run_after=2025-05-20 00:00:00+00:00
[2025-05-20T08:03:33.410+0000] {processor.py:183} INFO - Processing /home/airflow/.local/lib/python3.8/site-packages/airflow/example_dags/example_branch_day_of_week_operator.py took 0.138 seconds
[2025-05-20T08:04:04.261+0000] {processor.py:161} INFO - Started process (PID=2403) to work on /home/airflow/.local/lib/python3.8/site-packages/airflow/example_dags/example_branch_day_of_week_operator.py
[2025-05-20T08:04:04.264+0000] {processor.py:830} INFO - Processing file /home/airflow/.local/lib/python3.8/site-packages/airflow/example_dags/example_branch_day_of_week_operator.py for tasks to queue
[2025-05-20T08:04:04.268+0000] {logging_mixin.py:188} INFO - [2025-05-20T08:04:04.268+0000] {dagbag.py:538} INFO - Filling up the DagBag from /home/airflow/.local/lib/python3.8/site-packages/airflow/example_dags/example_branch_day_of_week_operator.py
[2025-05-20T08:04:04.287+0000] {processor.py:840} INFO - DAG(s) 'example_weekday_branch_operator' retrieved from /home/airflow/.local/lib/python3.8/site-packages/airflow/example_dags/example_branch_day_of_week_operator.py
[2025-05-20T08:04:04.340+0000] {logging_mixin.py:188} INFO - [2025-05-20T08:04:04.339+0000] {dag.py:3036} INFO - Sync 1 DAGs
[2025-05-20T08:04:04.398+0000] {logging_mixin.py:188} INFO - [2025-05-20T08:04:04.398+0000] {dag.py:3823} INFO - Setting next_dagrun for example_weekday_branch_operator to 2025-05-19 00:00:00+00:00, run_after=2025-05-20 00:00:00+00:00
[2025-05-20T08:04:04.448+0000] {processor.py:183} INFO - Processing /home/airflow/.local/lib/python3.8/site-packages/airflow/example_dags/example_branch_day_of_week_operator.py took 0.194 seconds
