[2025-05-20T07:45:16.473+0000] {processor.py:161} INFO - Started process (PID=72) to work on /home/airflow/.local/lib/python3.8/site-packages/airflow/example_dags/example_latest_only_with_trigger.py
[2025-05-20T07:45:16.475+0000] {processor.py:830} INFO - Processing file /home/airflow/.local/lib/python3.8/site-packages/airflow/example_dags/example_latest_only_with_trigger.py for tasks to queue
[2025-05-20T07:45:16.479+0000] {logging_mixin.py:188} INFO - [2025-05-20T07:45:16.479+0000] {dagbag.py:538} INFO - Filling up the DagBag from /home/airflow/.local/lib/python3.8/site-packages/airflow/example_dags/example_latest_only_with_trigger.py
[2025-05-20T07:45:16.497+0000] {processor.py:840} INFO - DAG(s) 'latest_only_with_trigger' retrieved from /home/airflow/.local/lib/python3.8/site-packages/airflow/example_dags/example_latest_only_with_trigger.py
[2025-05-20T07:45:16.688+0000] {logging_mixin.py:188} INFO - [2025-05-20T07:45:16.687+0000] {dag.py:3036} INFO - Sync 1 DAGs
[2025-05-20T07:45:16.729+0000] {logging_mixin.py:188} INFO - [2025-05-20T07:45:16.729+0000] {dag.py:3823} INFO - Setting next_dagrun for latest_only_with_trigger to 2025-05-20 00:00:00+00:00, run_after=2025-05-20 04:00:00+00:00
[2025-05-20T07:45:16.771+0000] {processor.py:183} INFO - Processing /home/airflow/.local/lib/python3.8/site-packages/airflow/example_dags/example_latest_only_with_trigger.py took 0.303 seconds
[2025-05-20T07:45:47.286+0000] {processor.py:161} INFO - Started process (PID=137) to work on /home/airflow/.local/lib/python3.8/site-packages/airflow/example_dags/example_latest_only_with_trigger.py
[2025-05-20T07:45:47.287+0000] {processor.py:830} INFO - Processing file /home/airflow/.local/lib/python3.8/site-packages/airflow/example_dags/example_latest_only_with_trigger.py for tasks to queue
[2025-05-20T07:45:47.291+0000] {logging_mixin.py:188} INFO - [2025-05-20T07:45:47.291+0000] {dagbag.py:538} INFO - Filling up the DagBag from /home/airflow/.local/lib/python3.8/site-packages/airflow/example_dags/example_latest_only_with_trigger.py
[2025-05-20T07:45:47.301+0000] {processor.py:840} INFO - DAG(s) 'latest_only_with_trigger' retrieved from /home/airflow/.local/lib/python3.8/site-packages/airflow/example_dags/example_latest_only_with_trigger.py
[2025-05-20T07:45:47.339+0000] {logging_mixin.py:188} INFO - [2025-05-20T07:45:47.339+0000] {dag.py:3036} INFO - Sync 1 DAGs
[2025-05-20T07:45:47.381+0000] {logging_mixin.py:188} INFO - [2025-05-20T07:45:47.381+0000] {dag.py:3823} INFO - Setting next_dagrun for latest_only_with_trigger to 2025-05-20 00:00:00+00:00, run_after=2025-05-20 04:00:00+00:00
[2025-05-20T07:45:47.430+0000] {processor.py:183} INFO - Processing /home/airflow/.local/lib/python3.8/site-packages/airflow/example_dags/example_latest_only_with_trigger.py took 0.150 seconds
[2025-05-20T07:46:17.665+0000] {processor.py:161} INFO - Started process (PID=202) to work on /home/airflow/.local/lib/python3.8/site-packages/airflow/example_dags/example_latest_only_with_trigger.py
[2025-05-20T07:46:17.667+0000] {processor.py:830} INFO - Processing file /home/airflow/.local/lib/python3.8/site-packages/airflow/example_dags/example_latest_only_with_trigger.py for tasks to queue
[2025-05-20T07:46:17.671+0000] {logging_mixin.py:188} INFO - [2025-05-20T07:46:17.671+0000] {dagbag.py:538} INFO - Filling up the DagBag from /home/airflow/.local/lib/python3.8/site-packages/airflow/example_dags/example_latest_only_with_trigger.py
[2025-05-20T07:46:17.687+0000] {processor.py:840} INFO - DAG(s) 'latest_only_with_trigger' retrieved from /home/airflow/.local/lib/python3.8/site-packages/airflow/example_dags/example_latest_only_with_trigger.py
[2025-05-20T07:46:17.733+0000] {logging_mixin.py:188} INFO - [2025-05-20T07:46:17.733+0000] {dag.py:3036} INFO - Sync 1 DAGs
[2025-05-20T07:46:17.786+0000] {logging_mixin.py:188} INFO - [2025-05-20T07:46:17.785+0000] {dag.py:3823} INFO - Setting next_dagrun for latest_only_with_trigger to 2025-05-20 00:00:00+00:00, run_after=2025-05-20 04:00:00+00:00
[2025-05-20T07:46:17.827+0000] {processor.py:183} INFO - Processing /home/airflow/.local/lib/python3.8/site-packages/airflow/example_dags/example_latest_only_with_trigger.py took 0.171 seconds
[2025-05-20T07:46:49.627+0000] {processor.py:161} INFO - Started process (PID=267) to work on /home/airflow/.local/lib/python3.8/site-packages/airflow/example_dags/example_latest_only_with_trigger.py
[2025-05-20T07:46:49.630+0000] {processor.py:830} INFO - Processing file /home/airflow/.local/lib/python3.8/site-packages/airflow/example_dags/example_latest_only_with_trigger.py for tasks to queue
[2025-05-20T07:46:49.635+0000] {logging_mixin.py:188} INFO - [2025-05-20T07:46:49.634+0000] {dagbag.py:538} INFO - Filling up the DagBag from /home/airflow/.local/lib/python3.8/site-packages/airflow/example_dags/example_latest_only_with_trigger.py
[2025-05-20T07:46:49.649+0000] {processor.py:840} INFO - DAG(s) 'latest_only_with_trigger' retrieved from /home/airflow/.local/lib/python3.8/site-packages/airflow/example_dags/example_latest_only_with_trigger.py
[2025-05-20T07:46:49.710+0000] {logging_mixin.py:188} INFO - [2025-05-20T07:46:49.709+0000] {dag.py:3036} INFO - Sync 1 DAGs
[2025-05-20T07:46:49.781+0000] {logging_mixin.py:188} INFO - [2025-05-20T07:46:49.781+0000] {dag.py:3823} INFO - Setting next_dagrun for latest_only_with_trigger to 2025-05-20 00:00:00+00:00, run_after=2025-05-20 04:00:00+00:00
[2025-05-20T07:46:49.842+0000] {processor.py:183} INFO - Processing /home/airflow/.local/lib/python3.8/site-packages/airflow/example_dags/example_latest_only_with_trigger.py took 0.223 seconds
[2025-05-20T07:47:22.214+0000] {processor.py:161} INFO - Started process (PID=332) to work on /home/airflow/.local/lib/python3.8/site-packages/airflow/example_dags/example_latest_only_with_trigger.py
[2025-05-20T07:47:22.216+0000] {processor.py:830} INFO - Processing file /home/airflow/.local/lib/python3.8/site-packages/airflow/example_dags/example_latest_only_with_trigger.py for tasks to queue
[2025-05-20T07:47:22.220+0000] {logging_mixin.py:188} INFO - [2025-05-20T07:47:22.219+0000] {dagbag.py:538} INFO - Filling up the DagBag from /home/airflow/.local/lib/python3.8/site-packages/airflow/example_dags/example_latest_only_with_trigger.py
[2025-05-20T07:47:22.233+0000] {processor.py:840} INFO - DAG(s) 'latest_only_with_trigger' retrieved from /home/airflow/.local/lib/python3.8/site-packages/airflow/example_dags/example_latest_only_with_trigger.py
[2025-05-20T07:47:22.317+0000] {logging_mixin.py:188} INFO - [2025-05-20T07:47:22.317+0000] {dag.py:3036} INFO - Sync 1 DAGs
[2025-05-20T07:47:22.390+0000] {logging_mixin.py:188} INFO - [2025-05-20T07:47:22.389+0000] {dag.py:3823} INFO - Setting next_dagrun for latest_only_with_trigger to 2025-05-20 00:00:00+00:00, run_after=2025-05-20 04:00:00+00:00
[2025-05-20T07:47:22.438+0000] {processor.py:183} INFO - Processing /home/airflow/.local/lib/python3.8/site-packages/airflow/example_dags/example_latest_only_with_trigger.py took 0.232 seconds
[2025-05-20T07:47:52.949+0000] {processor.py:161} INFO - Started process (PID=397) to work on /home/airflow/.local/lib/python3.8/site-packages/airflow/example_dags/example_latest_only_with_trigger.py
[2025-05-20T07:47:52.950+0000] {processor.py:830} INFO - Processing file /home/airflow/.local/lib/python3.8/site-packages/airflow/example_dags/example_latest_only_with_trigger.py for tasks to queue
[2025-05-20T07:47:52.953+0000] {logging_mixin.py:188} INFO - [2025-05-20T07:47:52.953+0000] {dagbag.py:538} INFO - Filling up the DagBag from /home/airflow/.local/lib/python3.8/site-packages/airflow/example_dags/example_latest_only_with_trigger.py
[2025-05-20T07:47:52.964+0000] {processor.py:840} INFO - DAG(s) 'latest_only_with_trigger' retrieved from /home/airflow/.local/lib/python3.8/site-packages/airflow/example_dags/example_latest_only_with_trigger.py
[2025-05-20T07:47:53.006+0000] {logging_mixin.py:188} INFO - [2025-05-20T07:47:53.005+0000] {dag.py:3036} INFO - Sync 1 DAGs
[2025-05-20T07:47:53.048+0000] {logging_mixin.py:188} INFO - [2025-05-20T07:47:53.047+0000] {dag.py:3823} INFO - Setting next_dagrun for latest_only_with_trigger to 2025-05-20 00:00:00+00:00, run_after=2025-05-20 04:00:00+00:00
[2025-05-20T07:47:53.086+0000] {processor.py:183} INFO - Processing /home/airflow/.local/lib/python3.8/site-packages/airflow/example_dags/example_latest_only_with_trigger.py took 0.143 seconds
[2025-05-20T07:48:25.195+0000] {processor.py:161} INFO - Started process (PID=462) to work on /home/airflow/.local/lib/python3.8/site-packages/airflow/example_dags/example_latest_only_with_trigger.py
[2025-05-20T07:48:25.197+0000] {processor.py:830} INFO - Processing file /home/airflow/.local/lib/python3.8/site-packages/airflow/example_dags/example_latest_only_with_trigger.py for tasks to queue
[2025-05-20T07:48:25.201+0000] {logging_mixin.py:188} INFO - [2025-05-20T07:48:25.201+0000] {dagbag.py:538} INFO - Filling up the DagBag from /home/airflow/.local/lib/python3.8/site-packages/airflow/example_dags/example_latest_only_with_trigger.py
[2025-05-20T07:48:25.213+0000] {processor.py:840} INFO - DAG(s) 'latest_only_with_trigger' retrieved from /home/airflow/.local/lib/python3.8/site-packages/airflow/example_dags/example_latest_only_with_trigger.py
[2025-05-20T07:48:25.274+0000] {logging_mixin.py:188} INFO - [2025-05-20T07:48:25.273+0000] {dag.py:3036} INFO - Sync 1 DAGs
[2025-05-20T07:48:25.333+0000] {logging_mixin.py:188} INFO - [2025-05-20T07:48:25.332+0000] {dag.py:3823} INFO - Setting next_dagrun for latest_only_with_trigger to 2025-05-20 00:00:00+00:00, run_after=2025-05-20 04:00:00+00:00
[2025-05-20T07:48:25.397+0000] {processor.py:183} INFO - Processing /home/airflow/.local/lib/python3.8/site-packages/airflow/example_dags/example_latest_only_with_trigger.py took 0.209 seconds
[2025-05-20T07:48:55.602+0000] {processor.py:161} INFO - Started process (PID=527) to work on /home/airflow/.local/lib/python3.8/site-packages/airflow/example_dags/example_latest_only_with_trigger.py
[2025-05-20T07:48:55.604+0000] {processor.py:830} INFO - Processing file /home/airflow/.local/lib/python3.8/site-packages/airflow/example_dags/example_latest_only_with_trigger.py for tasks to queue
[2025-05-20T07:48:55.608+0000] {logging_mixin.py:188} INFO - [2025-05-20T07:48:55.607+0000] {dagbag.py:538} INFO - Filling up the DagBag from /home/airflow/.local/lib/python3.8/site-packages/airflow/example_dags/example_latest_only_with_trigger.py
[2025-05-20T07:48:55.618+0000] {processor.py:840} INFO - DAG(s) 'latest_only_with_trigger' retrieved from /home/airflow/.local/lib/python3.8/site-packages/airflow/example_dags/example_latest_only_with_trigger.py
[2025-05-20T07:48:55.656+0000] {logging_mixin.py:188} INFO - [2025-05-20T07:48:55.656+0000] {dag.py:3036} INFO - Sync 1 DAGs
[2025-05-20T07:48:55.705+0000] {logging_mixin.py:188} INFO - [2025-05-20T07:48:55.704+0000] {dag.py:3823} INFO - Setting next_dagrun for latest_only_with_trigger to 2025-05-20 00:00:00+00:00, run_after=2025-05-20 04:00:00+00:00
[2025-05-20T07:48:55.754+0000] {processor.py:183} INFO - Processing /home/airflow/.local/lib/python3.8/site-packages/airflow/example_dags/example_latest_only_with_trigger.py took 0.158 seconds
[2025-05-20T07:49:26.494+0000] {processor.py:161} INFO - Started process (PID=592) to work on /home/airflow/.local/lib/python3.8/site-packages/airflow/example_dags/example_latest_only_with_trigger.py
[2025-05-20T07:49:26.496+0000] {processor.py:830} INFO - Processing file /home/airflow/.local/lib/python3.8/site-packages/airflow/example_dags/example_latest_only_with_trigger.py for tasks to queue
[2025-05-20T07:49:26.499+0000] {logging_mixin.py:188} INFO - [2025-05-20T07:49:26.499+0000] {dagbag.py:538} INFO - Filling up the DagBag from /home/airflow/.local/lib/python3.8/site-packages/airflow/example_dags/example_latest_only_with_trigger.py
[2025-05-20T07:49:26.509+0000] {processor.py:840} INFO - DAG(s) 'latest_only_with_trigger' retrieved from /home/airflow/.local/lib/python3.8/site-packages/airflow/example_dags/example_latest_only_with_trigger.py
[2025-05-20T07:49:26.553+0000] {logging_mixin.py:188} INFO - [2025-05-20T07:49:26.552+0000] {dag.py:3036} INFO - Sync 1 DAGs
[2025-05-20T07:49:26.604+0000] {logging_mixin.py:188} INFO - [2025-05-20T07:49:26.604+0000] {dag.py:3823} INFO - Setting next_dagrun for latest_only_with_trigger to 2025-05-20 00:00:00+00:00, run_after=2025-05-20 04:00:00+00:00
[2025-05-20T07:49:26.647+0000] {processor.py:183} INFO - Processing /home/airflow/.local/lib/python3.8/site-packages/airflow/example_dags/example_latest_only_with_trigger.py took 0.158 seconds
[2025-05-20T07:49:58.271+0000] {processor.py:161} INFO - Started process (PID=657) to work on /home/airflow/.local/lib/python3.8/site-packages/airflow/example_dags/example_latest_only_with_trigger.py
[2025-05-20T07:49:58.272+0000] {processor.py:830} INFO - Processing file /home/airflow/.local/lib/python3.8/site-packages/airflow/example_dags/example_latest_only_with_trigger.py for tasks to queue
[2025-05-20T07:49:58.277+0000] {logging_mixin.py:188} INFO - [2025-05-20T07:49:58.276+0000] {dagbag.py:538} INFO - Filling up the DagBag from /home/airflow/.local/lib/python3.8/site-packages/airflow/example_dags/example_latest_only_with_trigger.py
[2025-05-20T07:49:58.288+0000] {processor.py:840} INFO - DAG(s) 'latest_only_with_trigger' retrieved from /home/airflow/.local/lib/python3.8/site-packages/airflow/example_dags/example_latest_only_with_trigger.py
[2025-05-20T07:49:58.327+0000] {logging_mixin.py:188} INFO - [2025-05-20T07:49:58.326+0000] {dag.py:3036} INFO - Sync 1 DAGs
[2025-05-20T07:49:58.375+0000] {logging_mixin.py:188} INFO - [2025-05-20T07:49:58.375+0000] {dag.py:3823} INFO - Setting next_dagrun for latest_only_with_trigger to 2025-05-20 00:00:00+00:00, run_after=2025-05-20 04:00:00+00:00
[2025-05-20T07:49:58.412+0000] {processor.py:183} INFO - Processing /home/airflow/.local/lib/python3.8/site-packages/airflow/example_dags/example_latest_only_with_trigger.py took 0.148 seconds
[2025-05-20T07:50:29.474+0000] {processor.py:161} INFO - Started process (PID=722) to work on /home/airflow/.local/lib/python3.8/site-packages/airflow/example_dags/example_latest_only_with_trigger.py
[2025-05-20T07:50:29.476+0000] {processor.py:830} INFO - Processing file /home/airflow/.local/lib/python3.8/site-packages/airflow/example_dags/example_latest_only_with_trigger.py for tasks to queue
[2025-05-20T07:50:29.479+0000] {logging_mixin.py:188} INFO - [2025-05-20T07:50:29.479+0000] {dagbag.py:538} INFO - Filling up the DagBag from /home/airflow/.local/lib/python3.8/site-packages/airflow/example_dags/example_latest_only_with_trigger.py
[2025-05-20T07:50:29.489+0000] {processor.py:840} INFO - DAG(s) 'latest_only_with_trigger' retrieved from /home/airflow/.local/lib/python3.8/site-packages/airflow/example_dags/example_latest_only_with_trigger.py
[2025-05-20T07:50:29.527+0000] {logging_mixin.py:188} INFO - [2025-05-20T07:50:29.526+0000] {dag.py:3036} INFO - Sync 1 DAGs
[2025-05-20T07:50:29.569+0000] {logging_mixin.py:188} INFO - [2025-05-20T07:50:29.568+0000] {dag.py:3823} INFO - Setting next_dagrun for latest_only_with_trigger to 2025-05-20 00:00:00+00:00, run_after=2025-05-20 04:00:00+00:00
[2025-05-20T07:50:29.612+0000] {processor.py:183} INFO - Processing /home/airflow/.local/lib/python3.8/site-packages/airflow/example_dags/example_latest_only_with_trigger.py took 0.144 seconds
[2025-05-20T07:51:01.455+0000] {processor.py:161} INFO - Started process (PID=787) to work on /home/airflow/.local/lib/python3.8/site-packages/airflow/example_dags/example_latest_only_with_trigger.py
[2025-05-20T07:51:01.457+0000] {processor.py:830} INFO - Processing file /home/airflow/.local/lib/python3.8/site-packages/airflow/example_dags/example_latest_only_with_trigger.py for tasks to queue
[2025-05-20T07:51:01.462+0000] {logging_mixin.py:188} INFO - [2025-05-20T07:51:01.462+0000] {dagbag.py:538} INFO - Filling up the DagBag from /home/airflow/.local/lib/python3.8/site-packages/airflow/example_dags/example_latest_only_with_trigger.py
[2025-05-20T07:51:01.474+0000] {processor.py:840} INFO - DAG(s) 'latest_only_with_trigger' retrieved from /home/airflow/.local/lib/python3.8/site-packages/airflow/example_dags/example_latest_only_with_trigger.py
[2025-05-20T07:51:01.530+0000] {logging_mixin.py:188} INFO - [2025-05-20T07:51:01.530+0000] {dag.py:3036} INFO - Sync 1 DAGs
[2025-05-20T07:51:01.595+0000] {logging_mixin.py:188} INFO - [2025-05-20T07:51:01.595+0000] {dag.py:3823} INFO - Setting next_dagrun for latest_only_with_trigger to 2025-05-20 00:00:00+00:00, run_after=2025-05-20 04:00:00+00:00
[2025-05-20T07:51:01.650+0000] {processor.py:183} INFO - Processing /home/airflow/.local/lib/python3.8/site-packages/airflow/example_dags/example_latest_only_with_trigger.py took 0.202 seconds
[2025-05-20T07:51:33.570+0000] {processor.py:161} INFO - Started process (PID=858) to work on /home/airflow/.local/lib/python3.8/site-packages/airflow/example_dags/example_latest_only_with_trigger.py
[2025-05-20T07:51:33.573+0000] {processor.py:830} INFO - Processing file /home/airflow/.local/lib/python3.8/site-packages/airflow/example_dags/example_latest_only_with_trigger.py for tasks to queue
[2025-05-20T07:51:33.577+0000] {logging_mixin.py:188} INFO - [2025-05-20T07:51:33.576+0000] {dagbag.py:538} INFO - Filling up the DagBag from /home/airflow/.local/lib/python3.8/site-packages/airflow/example_dags/example_latest_only_with_trigger.py
[2025-05-20T07:51:33.600+0000] {processor.py:840} INFO - DAG(s) 'latest_only_with_trigger' retrieved from /home/airflow/.local/lib/python3.8/site-packages/airflow/example_dags/example_latest_only_with_trigger.py
[2025-05-20T07:51:33.655+0000] {logging_mixin.py:188} INFO - [2025-05-20T07:51:33.654+0000] {dag.py:3036} INFO - Sync 1 DAGs
[2025-05-20T07:51:33.717+0000] {logging_mixin.py:188} INFO - [2025-05-20T07:51:33.716+0000] {dag.py:3823} INFO - Setting next_dagrun for latest_only_with_trigger to 2025-05-20 00:00:00+00:00, run_after=2025-05-20 04:00:00+00:00
[2025-05-20T07:51:33.766+0000] {processor.py:183} INFO - Processing /home/airflow/.local/lib/python3.8/site-packages/airflow/example_dags/example_latest_only_with_trigger.py took 0.202 seconds
[2025-05-20T07:52:04.492+0000] {processor.py:161} INFO - Started process (PID=923) to work on /home/airflow/.local/lib/python3.8/site-packages/airflow/example_dags/example_latest_only_with_trigger.py
[2025-05-20T07:52:04.494+0000] {processor.py:830} INFO - Processing file /home/airflow/.local/lib/python3.8/site-packages/airflow/example_dags/example_latest_only_with_trigger.py for tasks to queue
[2025-05-20T07:52:04.498+0000] {logging_mixin.py:188} INFO - [2025-05-20T07:52:04.497+0000] {dagbag.py:538} INFO - Filling up the DagBag from /home/airflow/.local/lib/python3.8/site-packages/airflow/example_dags/example_latest_only_with_trigger.py
[2025-05-20T07:52:04.517+0000] {processor.py:840} INFO - DAG(s) 'latest_only_with_trigger' retrieved from /home/airflow/.local/lib/python3.8/site-packages/airflow/example_dags/example_latest_only_with_trigger.py
[2025-05-20T07:52:04.567+0000] {logging_mixin.py:188} INFO - [2025-05-20T07:52:04.566+0000] {dag.py:3036} INFO - Sync 1 DAGs
[2025-05-20T07:52:04.612+0000] {logging_mixin.py:188} INFO - [2025-05-20T07:52:04.612+0000] {dag.py:3823} INFO - Setting next_dagrun for latest_only_with_trigger to 2025-05-20 00:00:00+00:00, run_after=2025-05-20 04:00:00+00:00
[2025-05-20T07:52:04.661+0000] {processor.py:183} INFO - Processing /home/airflow/.local/lib/python3.8/site-packages/airflow/example_dags/example_latest_only_with_trigger.py took 0.174 seconds
[2025-05-20T07:52:36.077+0000] {processor.py:161} INFO - Started process (PID=988) to work on /home/airflow/.local/lib/python3.8/site-packages/airflow/example_dags/example_latest_only_with_trigger.py
[2025-05-20T07:52:36.079+0000] {processor.py:830} INFO - Processing file /home/airflow/.local/lib/python3.8/site-packages/airflow/example_dags/example_latest_only_with_trigger.py for tasks to queue
[2025-05-20T07:52:36.084+0000] {logging_mixin.py:188} INFO - [2025-05-20T07:52:36.083+0000] {dagbag.py:538} INFO - Filling up the DagBag from /home/airflow/.local/lib/python3.8/site-packages/airflow/example_dags/example_latest_only_with_trigger.py
[2025-05-20T07:52:36.096+0000] {processor.py:840} INFO - DAG(s) 'latest_only_with_trigger' retrieved from /home/airflow/.local/lib/python3.8/site-packages/airflow/example_dags/example_latest_only_with_trigger.py
[2025-05-20T07:52:36.146+0000] {logging_mixin.py:188} INFO - [2025-05-20T07:52:36.145+0000] {dag.py:3036} INFO - Sync 1 DAGs
[2025-05-20T07:52:36.195+0000] {logging_mixin.py:188} INFO - [2025-05-20T07:52:36.195+0000] {dag.py:3823} INFO - Setting next_dagrun for latest_only_with_trigger to 2025-05-20 00:00:00+00:00, run_after=2025-05-20 04:00:00+00:00
[2025-05-20T07:52:36.229+0000] {processor.py:183} INFO - Processing /home/airflow/.local/lib/python3.8/site-packages/airflow/example_dags/example_latest_only_with_trigger.py took 0.160 seconds
[2025-05-20T07:53:07.071+0000] {processor.py:161} INFO - Started process (PID=1053) to work on /home/airflow/.local/lib/python3.8/site-packages/airflow/example_dags/example_latest_only_with_trigger.py
[2025-05-20T07:53:07.073+0000] {processor.py:830} INFO - Processing file /home/airflow/.local/lib/python3.8/site-packages/airflow/example_dags/example_latest_only_with_trigger.py for tasks to queue
[2025-05-20T07:53:07.078+0000] {logging_mixin.py:188} INFO - [2025-05-20T07:53:07.077+0000] {dagbag.py:538} INFO - Filling up the DagBag from /home/airflow/.local/lib/python3.8/site-packages/airflow/example_dags/example_latest_only_with_trigger.py
[2025-05-20T07:53:07.090+0000] {processor.py:840} INFO - DAG(s) 'latest_only_with_trigger' retrieved from /home/airflow/.local/lib/python3.8/site-packages/airflow/example_dags/example_latest_only_with_trigger.py
[2025-05-20T07:53:07.136+0000] {logging_mixin.py:188} INFO - [2025-05-20T07:53:07.135+0000] {dag.py:3036} INFO - Sync 1 DAGs
[2025-05-20T07:53:07.182+0000] {logging_mixin.py:188} INFO - [2025-05-20T07:53:07.181+0000] {dag.py:3823} INFO - Setting next_dagrun for latest_only_with_trigger to 2025-05-20 00:00:00+00:00, run_after=2025-05-20 04:00:00+00:00
[2025-05-20T07:53:07.222+0000] {processor.py:183} INFO - Processing /home/airflow/.local/lib/python3.8/site-packages/airflow/example_dags/example_latest_only_with_trigger.py took 0.157 seconds
[2025-05-20T07:53:40.136+0000] {processor.py:161} INFO - Started process (PID=1118) to work on /home/airflow/.local/lib/python3.8/site-packages/airflow/example_dags/example_latest_only_with_trigger.py
[2025-05-20T07:53:40.138+0000] {processor.py:830} INFO - Processing file /home/airflow/.local/lib/python3.8/site-packages/airflow/example_dags/example_latest_only_with_trigger.py for tasks to queue
[2025-05-20T07:53:40.147+0000] {logging_mixin.py:188} INFO - [2025-05-20T07:53:40.144+0000] {dagbag.py:538} INFO - Filling up the DagBag from /home/airflow/.local/lib/python3.8/site-packages/airflow/example_dags/example_latest_only_with_trigger.py
[2025-05-20T07:53:40.161+0000] {processor.py:840} INFO - DAG(s) 'latest_only_with_trigger' retrieved from /home/airflow/.local/lib/python3.8/site-packages/airflow/example_dags/example_latest_only_with_trigger.py
[2025-05-20T07:53:40.243+0000] {logging_mixin.py:188} INFO - [2025-05-20T07:53:40.242+0000] {dag.py:3036} INFO - Sync 1 DAGs
[2025-05-20T07:53:40.332+0000] {logging_mixin.py:188} INFO - [2025-05-20T07:53:40.332+0000] {dag.py:3823} INFO - Setting next_dagrun for latest_only_with_trigger to 2025-05-20 00:00:00+00:00, run_after=2025-05-20 04:00:00+00:00
[2025-05-20T07:53:40.393+0000] {processor.py:183} INFO - Processing /home/airflow/.local/lib/python3.8/site-packages/airflow/example_dags/example_latest_only_with_trigger.py took 0.265 seconds
[2025-05-20T07:54:12.517+0000] {processor.py:161} INFO - Started process (PID=1183) to work on /home/airflow/.local/lib/python3.8/site-packages/airflow/example_dags/example_latest_only_with_trigger.py
[2025-05-20T07:54:12.520+0000] {processor.py:830} INFO - Processing file /home/airflow/.local/lib/python3.8/site-packages/airflow/example_dags/example_latest_only_with_trigger.py for tasks to queue
[2025-05-20T07:54:12.524+0000] {logging_mixin.py:188} INFO - [2025-05-20T07:54:12.524+0000] {dagbag.py:538} INFO - Filling up the DagBag from /home/airflow/.local/lib/python3.8/site-packages/airflow/example_dags/example_latest_only_with_trigger.py
[2025-05-20T07:54:12.540+0000] {processor.py:840} INFO - DAG(s) 'latest_only_with_trigger' retrieved from /home/airflow/.local/lib/python3.8/site-packages/airflow/example_dags/example_latest_only_with_trigger.py
[2025-05-20T07:54:12.613+0000] {logging_mixin.py:188} INFO - [2025-05-20T07:54:12.611+0000] {dag.py:3036} INFO - Sync 1 DAGs
[2025-05-20T07:54:12.674+0000] {logging_mixin.py:188} INFO - [2025-05-20T07:54:12.674+0000] {dag.py:3823} INFO - Setting next_dagrun for latest_only_with_trigger to 2025-05-20 00:00:00+00:00, run_after=2025-05-20 04:00:00+00:00
[2025-05-20T07:54:12.719+0000] {processor.py:183} INFO - Processing /home/airflow/.local/lib/python3.8/site-packages/airflow/example_dags/example_latest_only_with_trigger.py took 0.212 seconds
[2025-05-20T07:54:43.394+0000] {processor.py:161} INFO - Started process (PID=1248) to work on /home/airflow/.local/lib/python3.8/site-packages/airflow/example_dags/example_latest_only_with_trigger.py
[2025-05-20T07:54:43.398+0000] {processor.py:830} INFO - Processing file /home/airflow/.local/lib/python3.8/site-packages/airflow/example_dags/example_latest_only_with_trigger.py for tasks to queue
[2025-05-20T07:54:43.404+0000] {logging_mixin.py:188} INFO - [2025-05-20T07:54:43.403+0000] {dagbag.py:538} INFO - Filling up the DagBag from /home/airflow/.local/lib/python3.8/site-packages/airflow/example_dags/example_latest_only_with_trigger.py
[2025-05-20T07:54:43.423+0000] {processor.py:840} INFO - DAG(s) 'latest_only_with_trigger' retrieved from /home/airflow/.local/lib/python3.8/site-packages/airflow/example_dags/example_latest_only_with_trigger.py
[2025-05-20T07:54:43.496+0000] {logging_mixin.py:188} INFO - [2025-05-20T07:54:43.496+0000] {dag.py:3036} INFO - Sync 1 DAGs
[2025-05-20T07:54:43.578+0000] {logging_mixin.py:188} INFO - [2025-05-20T07:54:43.578+0000] {dag.py:3823} INFO - Setting next_dagrun for latest_only_with_trigger to 2025-05-20 00:00:00+00:00, run_after=2025-05-20 04:00:00+00:00
[2025-05-20T07:54:43.655+0000] {processor.py:183} INFO - Processing /home/airflow/.local/lib/python3.8/site-packages/airflow/example_dags/example_latest_only_with_trigger.py took 0.271 seconds
[2025-05-20T07:55:14.527+0000] {processor.py:161} INFO - Started process (PID=1313) to work on /home/airflow/.local/lib/python3.8/site-packages/airflow/example_dags/example_latest_only_with_trigger.py
[2025-05-20T07:55:14.529+0000] {processor.py:830} INFO - Processing file /home/airflow/.local/lib/python3.8/site-packages/airflow/example_dags/example_latest_only_with_trigger.py for tasks to queue
[2025-05-20T07:55:14.533+0000] {logging_mixin.py:188} INFO - [2025-05-20T07:55:14.533+0000] {dagbag.py:538} INFO - Filling up the DagBag from /home/airflow/.local/lib/python3.8/site-packages/airflow/example_dags/example_latest_only_with_trigger.py
[2025-05-20T07:55:14.545+0000] {processor.py:840} INFO - DAG(s) 'latest_only_with_trigger' retrieved from /home/airflow/.local/lib/python3.8/site-packages/airflow/example_dags/example_latest_only_with_trigger.py
[2025-05-20T07:55:14.586+0000] {logging_mixin.py:188} INFO - [2025-05-20T07:55:14.585+0000] {dag.py:3036} INFO - Sync 1 DAGs
[2025-05-20T07:55:14.626+0000] {logging_mixin.py:188} INFO - [2025-05-20T07:55:14.625+0000] {dag.py:3823} INFO - Setting next_dagrun for latest_only_with_trigger to 2025-05-20 00:00:00+00:00, run_after=2025-05-20 04:00:00+00:00
[2025-05-20T07:55:14.665+0000] {processor.py:183} INFO - Processing /home/airflow/.local/lib/python3.8/site-packages/airflow/example_dags/example_latest_only_with_trigger.py took 0.144 seconds
[2025-05-20T07:55:45.158+0000] {processor.py:161} INFO - Started process (PID=1378) to work on /home/airflow/.local/lib/python3.8/site-packages/airflow/example_dags/example_latest_only_with_trigger.py
[2025-05-20T07:55:45.159+0000] {processor.py:830} INFO - Processing file /home/airflow/.local/lib/python3.8/site-packages/airflow/example_dags/example_latest_only_with_trigger.py for tasks to queue
[2025-05-20T07:55:45.163+0000] {logging_mixin.py:188} INFO - [2025-05-20T07:55:45.162+0000] {dagbag.py:538} INFO - Filling up the DagBag from /home/airflow/.local/lib/python3.8/site-packages/airflow/example_dags/example_latest_only_with_trigger.py
[2025-05-20T07:55:45.173+0000] {processor.py:840} INFO - DAG(s) 'latest_only_with_trigger' retrieved from /home/airflow/.local/lib/python3.8/site-packages/airflow/example_dags/example_latest_only_with_trigger.py
[2025-05-20T07:55:45.212+0000] {logging_mixin.py:188} INFO - [2025-05-20T07:55:45.212+0000] {dag.py:3036} INFO - Sync 1 DAGs
[2025-05-20T07:55:45.257+0000] {logging_mixin.py:188} INFO - [2025-05-20T07:55:45.257+0000] {dag.py:3823} INFO - Setting next_dagrun for latest_only_with_trigger to 2025-05-20 00:00:00+00:00, run_after=2025-05-20 04:00:00+00:00
[2025-05-20T07:55:45.299+0000] {processor.py:183} INFO - Processing /home/airflow/.local/lib/python3.8/site-packages/airflow/example_dags/example_latest_only_with_trigger.py took 0.146 seconds
[2025-05-20T07:56:16.926+0000] {processor.py:161} INFO - Started process (PID=1443) to work on /home/airflow/.local/lib/python3.8/site-packages/airflow/example_dags/example_latest_only_with_trigger.py
[2025-05-20T07:56:16.928+0000] {processor.py:830} INFO - Processing file /home/airflow/.local/lib/python3.8/site-packages/airflow/example_dags/example_latest_only_with_trigger.py for tasks to queue
[2025-05-20T07:56:16.932+0000] {logging_mixin.py:188} INFO - [2025-05-20T07:56:16.931+0000] {dagbag.py:538} INFO - Filling up the DagBag from /home/airflow/.local/lib/python3.8/site-packages/airflow/example_dags/example_latest_only_with_trigger.py
[2025-05-20T07:56:16.941+0000] {processor.py:840} INFO - DAG(s) 'latest_only_with_trigger' retrieved from /home/airflow/.local/lib/python3.8/site-packages/airflow/example_dags/example_latest_only_with_trigger.py
[2025-05-20T07:56:16.979+0000] {logging_mixin.py:188} INFO - [2025-05-20T07:56:16.978+0000] {dag.py:3036} INFO - Sync 1 DAGs
[2025-05-20T07:56:17.022+0000] {logging_mixin.py:188} INFO - [2025-05-20T07:56:17.022+0000] {dag.py:3823} INFO - Setting next_dagrun for latest_only_with_trigger to 2025-05-20 00:00:00+00:00, run_after=2025-05-20 04:00:00+00:00
[2025-05-20T07:56:17.060+0000] {processor.py:183} INFO - Processing /home/airflow/.local/lib/python3.8/site-packages/airflow/example_dags/example_latest_only_with_trigger.py took 0.138 seconds
[2025-05-20T07:56:48.793+0000] {processor.py:161} INFO - Started process (PID=1508) to work on /home/airflow/.local/lib/python3.8/site-packages/airflow/example_dags/example_latest_only_with_trigger.py
[2025-05-20T07:56:48.796+0000] {processor.py:830} INFO - Processing file /home/airflow/.local/lib/python3.8/site-packages/airflow/example_dags/example_latest_only_with_trigger.py for tasks to queue
[2025-05-20T07:56:48.800+0000] {logging_mixin.py:188} INFO - [2025-05-20T07:56:48.799+0000] {dagbag.py:538} INFO - Filling up the DagBag from /home/airflow/.local/lib/python3.8/site-packages/airflow/example_dags/example_latest_only_with_trigger.py
[2025-05-20T07:56:48.816+0000] {processor.py:840} INFO - DAG(s) 'latest_only_with_trigger' retrieved from /home/airflow/.local/lib/python3.8/site-packages/airflow/example_dags/example_latest_only_with_trigger.py
[2025-05-20T07:56:48.866+0000] {logging_mixin.py:188} INFO - [2025-05-20T07:56:48.865+0000] {dag.py:3036} INFO - Sync 1 DAGs
[2025-05-20T07:56:48.915+0000] {logging_mixin.py:188} INFO - [2025-05-20T07:56:48.914+0000] {dag.py:3823} INFO - Setting next_dagrun for latest_only_with_trigger to 2025-05-20 00:00:00+00:00, run_after=2025-05-20 04:00:00+00:00
[2025-05-20T07:56:48.956+0000] {processor.py:183} INFO - Processing /home/airflow/.local/lib/python3.8/site-packages/airflow/example_dags/example_latest_only_with_trigger.py took 0.171 seconds
[2025-05-20T07:57:20.388+0000] {processor.py:161} INFO - Started process (PID=1573) to work on /home/airflow/.local/lib/python3.8/site-packages/airflow/example_dags/example_latest_only_with_trigger.py
[2025-05-20T07:57:20.390+0000] {processor.py:830} INFO - Processing file /home/airflow/.local/lib/python3.8/site-packages/airflow/example_dags/example_latest_only_with_trigger.py for tasks to queue
[2025-05-20T07:57:20.394+0000] {logging_mixin.py:188} INFO - [2025-05-20T07:57:20.394+0000] {dagbag.py:538} INFO - Filling up the DagBag from /home/airflow/.local/lib/python3.8/site-packages/airflow/example_dags/example_latest_only_with_trigger.py
[2025-05-20T07:57:20.408+0000] {processor.py:840} INFO - DAG(s) 'latest_only_with_trigger' retrieved from /home/airflow/.local/lib/python3.8/site-packages/airflow/example_dags/example_latest_only_with_trigger.py
[2025-05-20T07:57:20.461+0000] {logging_mixin.py:188} INFO - [2025-05-20T07:57:20.460+0000] {dag.py:3036} INFO - Sync 1 DAGs
[2025-05-20T07:57:20.518+0000] {logging_mixin.py:188} INFO - [2025-05-20T07:57:20.517+0000] {dag.py:3823} INFO - Setting next_dagrun for latest_only_with_trigger to 2025-05-20 00:00:00+00:00, run_after=2025-05-20 04:00:00+00:00
[2025-05-20T07:57:20.569+0000] {processor.py:183} INFO - Processing /home/airflow/.local/lib/python3.8/site-packages/airflow/example_dags/example_latest_only_with_trigger.py took 0.189 seconds
[2025-05-20T07:57:51.278+0000] {processor.py:161} INFO - Started process (PID=1638) to work on /home/airflow/.local/lib/python3.8/site-packages/airflow/example_dags/example_latest_only_with_trigger.py
[2025-05-20T07:57:51.280+0000] {processor.py:830} INFO - Processing file /home/airflow/.local/lib/python3.8/site-packages/airflow/example_dags/example_latest_only_with_trigger.py for tasks to queue
[2025-05-20T07:57:51.285+0000] {logging_mixin.py:188} INFO - [2025-05-20T07:57:51.284+0000] {dagbag.py:538} INFO - Filling up the DagBag from /home/airflow/.local/lib/python3.8/site-packages/airflow/example_dags/example_latest_only_with_trigger.py
[2025-05-20T07:57:51.296+0000] {processor.py:840} INFO - DAG(s) 'latest_only_with_trigger' retrieved from /home/airflow/.local/lib/python3.8/site-packages/airflow/example_dags/example_latest_only_with_trigger.py
[2025-05-20T07:57:51.333+0000] {logging_mixin.py:188} INFO - [2025-05-20T07:57:51.333+0000] {dag.py:3036} INFO - Sync 1 DAGs
[2025-05-20T07:57:51.385+0000] {logging_mixin.py:188} INFO - [2025-05-20T07:57:51.384+0000] {dag.py:3823} INFO - Setting next_dagrun for latest_only_with_trigger to 2025-05-20 00:00:00+00:00, run_after=2025-05-20 04:00:00+00:00
[2025-05-20T07:57:51.426+0000] {processor.py:183} INFO - Processing /home/airflow/.local/lib/python3.8/site-packages/airflow/example_dags/example_latest_only_with_trigger.py took 0.155 seconds
[2025-05-20T07:58:22.688+0000] {processor.py:161} INFO - Started process (PID=1703) to work on /home/airflow/.local/lib/python3.8/site-packages/airflow/example_dags/example_latest_only_with_trigger.py
[2025-05-20T07:58:22.690+0000] {processor.py:830} INFO - Processing file /home/airflow/.local/lib/python3.8/site-packages/airflow/example_dags/example_latest_only_with_trigger.py for tasks to queue
[2025-05-20T07:58:22.694+0000] {logging_mixin.py:188} INFO - [2025-05-20T07:58:22.693+0000] {dagbag.py:538} INFO - Filling up the DagBag from /home/airflow/.local/lib/python3.8/site-packages/airflow/example_dags/example_latest_only_with_trigger.py
[2025-05-20T07:58:22.702+0000] {processor.py:840} INFO - DAG(s) 'latest_only_with_trigger' retrieved from /home/airflow/.local/lib/python3.8/site-packages/airflow/example_dags/example_latest_only_with_trigger.py
[2025-05-20T07:58:22.749+0000] {logging_mixin.py:188} INFO - [2025-05-20T07:58:22.748+0000] {dag.py:3036} INFO - Sync 1 DAGs
[2025-05-20T07:58:22.798+0000] {logging_mixin.py:188} INFO - [2025-05-20T07:58:22.798+0000] {dag.py:3823} INFO - Setting next_dagrun for latest_only_with_trigger to 2025-05-20 00:00:00+00:00, run_after=2025-05-20 04:00:00+00:00
[2025-05-20T07:58:23.051+0000] {processor.py:183} INFO - Processing /home/airflow/.local/lib/python3.8/site-packages/airflow/example_dags/example_latest_only_with_trigger.py took 0.369 seconds
[2025-05-20T07:58:54.226+0000] {processor.py:161} INFO - Started process (PID=1768) to work on /home/airflow/.local/lib/python3.8/site-packages/airflow/example_dags/example_latest_only_with_trigger.py
[2025-05-20T07:58:54.228+0000] {processor.py:830} INFO - Processing file /home/airflow/.local/lib/python3.8/site-packages/airflow/example_dags/example_latest_only_with_trigger.py for tasks to queue
[2025-05-20T07:58:54.231+0000] {logging_mixin.py:188} INFO - [2025-05-20T07:58:54.231+0000] {dagbag.py:538} INFO - Filling up the DagBag from /home/airflow/.local/lib/python3.8/site-packages/airflow/example_dags/example_latest_only_with_trigger.py
[2025-05-20T07:58:54.241+0000] {processor.py:840} INFO - DAG(s) 'latest_only_with_trigger' retrieved from /home/airflow/.local/lib/python3.8/site-packages/airflow/example_dags/example_latest_only_with_trigger.py
[2025-05-20T07:58:54.281+0000] {logging_mixin.py:188} INFO - [2025-05-20T07:58:54.281+0000] {dag.py:3036} INFO - Sync 1 DAGs
[2025-05-20T07:58:54.328+0000] {logging_mixin.py:188} INFO - [2025-05-20T07:58:54.328+0000] {dag.py:3823} INFO - Setting next_dagrun for latest_only_with_trigger to 2025-05-20 00:00:00+00:00, run_after=2025-05-20 04:00:00+00:00
[2025-05-20T07:58:54.558+0000] {processor.py:183} INFO - Processing /home/airflow/.local/lib/python3.8/site-packages/airflow/example_dags/example_latest_only_with_trigger.py took 0.337 seconds
[2025-05-20T07:59:26.237+0000] {processor.py:161} INFO - Started process (PID=1833) to work on /home/airflow/.local/lib/python3.8/site-packages/airflow/example_dags/example_latest_only_with_trigger.py
[2025-05-20T07:59:26.242+0000] {processor.py:830} INFO - Processing file /home/airflow/.local/lib/python3.8/site-packages/airflow/example_dags/example_latest_only_with_trigger.py for tasks to queue
[2025-05-20T07:59:26.248+0000] {logging_mixin.py:188} INFO - [2025-05-20T07:59:26.247+0000] {dagbag.py:538} INFO - Filling up the DagBag from /home/airflow/.local/lib/python3.8/site-packages/airflow/example_dags/example_latest_only_with_trigger.py
[2025-05-20T07:59:26.263+0000] {processor.py:840} INFO - DAG(s) 'latest_only_with_trigger' retrieved from /home/airflow/.local/lib/python3.8/site-packages/airflow/example_dags/example_latest_only_with_trigger.py
[2025-05-20T07:59:26.313+0000] {logging_mixin.py:188} INFO - [2025-05-20T07:59:26.312+0000] {dag.py:3036} INFO - Sync 1 DAGs
[2025-05-20T07:59:26.583+0000] {logging_mixin.py:188} INFO - [2025-05-20T07:59:26.583+0000] {dag.py:3823} INFO - Setting next_dagrun for latest_only_with_trigger to 2025-05-20 00:00:00+00:00, run_after=2025-05-20 04:00:00+00:00
[2025-05-20T07:59:26.616+0000] {processor.py:183} INFO - Processing /home/airflow/.local/lib/python3.8/site-packages/airflow/example_dags/example_latest_only_with_trigger.py took 0.385 seconds
[2025-05-20T07:59:57.860+0000] {processor.py:161} INFO - Started process (PID=1898) to work on /home/airflow/.local/lib/python3.8/site-packages/airflow/example_dags/example_latest_only_with_trigger.py
[2025-05-20T07:59:57.863+0000] {processor.py:830} INFO - Processing file /home/airflow/.local/lib/python3.8/site-packages/airflow/example_dags/example_latest_only_with_trigger.py for tasks to queue
[2025-05-20T07:59:57.867+0000] {logging_mixin.py:188} INFO - [2025-05-20T07:59:57.867+0000] {dagbag.py:538} INFO - Filling up the DagBag from /home/airflow/.local/lib/python3.8/site-packages/airflow/example_dags/example_latest_only_with_trigger.py
[2025-05-20T07:59:57.881+0000] {processor.py:840} INFO - DAG(s) 'latest_only_with_trigger' retrieved from /home/airflow/.local/lib/python3.8/site-packages/airflow/example_dags/example_latest_only_with_trigger.py
[2025-05-20T07:59:57.923+0000] {logging_mixin.py:188} INFO - [2025-05-20T07:59:57.923+0000] {dag.py:3036} INFO - Sync 1 DAGs
[2025-05-20T07:59:58.152+0000] {logging_mixin.py:188} INFO - [2025-05-20T07:59:58.152+0000] {dag.py:3823} INFO - Setting next_dagrun for latest_only_with_trigger to 2025-05-20 00:00:00+00:00, run_after=2025-05-20 04:00:00+00:00
[2025-05-20T07:59:58.195+0000] {processor.py:183} INFO - Processing /home/airflow/.local/lib/python3.8/site-packages/airflow/example_dags/example_latest_only_with_trigger.py took 0.343 seconds
[2025-05-20T08:00:30.550+0000] {processor.py:161} INFO - Started process (PID=1963) to work on /home/airflow/.local/lib/python3.8/site-packages/airflow/example_dags/example_latest_only_with_trigger.py
[2025-05-20T08:00:30.552+0000] {processor.py:830} INFO - Processing file /home/airflow/.local/lib/python3.8/site-packages/airflow/example_dags/example_latest_only_with_trigger.py for tasks to queue
[2025-05-20T08:00:30.555+0000] {logging_mixin.py:188} INFO - [2025-05-20T08:00:30.555+0000] {dagbag.py:538} INFO - Filling up the DagBag from /home/airflow/.local/lib/python3.8/site-packages/airflow/example_dags/example_latest_only_with_trigger.py
[2025-05-20T08:00:30.567+0000] {processor.py:840} INFO - DAG(s) 'latest_only_with_trigger' retrieved from /home/airflow/.local/lib/python3.8/site-packages/airflow/example_dags/example_latest_only_with_trigger.py
[2025-05-20T08:00:30.840+0000] {logging_mixin.py:188} INFO - [2025-05-20T08:00:30.839+0000] {dag.py:3036} INFO - Sync 1 DAGs
[2025-05-20T08:00:30.906+0000] {logging_mixin.py:188} INFO - [2025-05-20T08:00:30.906+0000] {dag.py:3823} INFO - Setting next_dagrun for latest_only_with_trigger to 2025-05-20 04:00:00+00:00, run_after=2025-05-20 08:00:00+00:00
[2025-05-20T08:00:30.968+0000] {processor.py:183} INFO - Processing /home/airflow/.local/lib/python3.8/site-packages/airflow/example_dags/example_latest_only_with_trigger.py took 0.424 seconds
[2025-05-20T08:01:01.367+0000] {processor.py:161} INFO - Started process (PID=2028) to work on /home/airflow/.local/lib/python3.8/site-packages/airflow/example_dags/example_latest_only_with_trigger.py
[2025-05-20T08:01:01.369+0000] {processor.py:830} INFO - Processing file /home/airflow/.local/lib/python3.8/site-packages/airflow/example_dags/example_latest_only_with_trigger.py for tasks to queue
[2025-05-20T08:01:01.373+0000] {logging_mixin.py:188} INFO - [2025-05-20T08:01:01.372+0000] {dagbag.py:538} INFO - Filling up the DagBag from /home/airflow/.local/lib/python3.8/site-packages/airflow/example_dags/example_latest_only_with_trigger.py
[2025-05-20T08:01:01.383+0000] {processor.py:840} INFO - DAG(s) 'latest_only_with_trigger' retrieved from /home/airflow/.local/lib/python3.8/site-packages/airflow/example_dags/example_latest_only_with_trigger.py
[2025-05-20T08:01:01.633+0000] {logging_mixin.py:188} INFO - [2025-05-20T08:01:01.632+0000] {dag.py:3036} INFO - Sync 1 DAGs
[2025-05-20T08:01:01.690+0000] {logging_mixin.py:188} INFO - [2025-05-20T08:01:01.689+0000] {dag.py:3823} INFO - Setting next_dagrun for latest_only_with_trigger to 2025-05-20 04:00:00+00:00, run_after=2025-05-20 08:00:00+00:00
[2025-05-20T08:01:01.744+0000] {processor.py:183} INFO - Processing /home/airflow/.local/lib/python3.8/site-packages/airflow/example_dags/example_latest_only_with_trigger.py took 0.382 seconds
[2025-05-20T08:01:32.150+0000] {processor.py:161} INFO - Started process (PID=2093) to work on /home/airflow/.local/lib/python3.8/site-packages/airflow/example_dags/example_latest_only_with_trigger.py
[2025-05-20T08:01:32.151+0000] {processor.py:830} INFO - Processing file /home/airflow/.local/lib/python3.8/site-packages/airflow/example_dags/example_latest_only_with_trigger.py for tasks to queue
[2025-05-20T08:01:32.155+0000] {logging_mixin.py:188} INFO - [2025-05-20T08:01:32.155+0000] {dagbag.py:538} INFO - Filling up the DagBag from /home/airflow/.local/lib/python3.8/site-packages/airflow/example_dags/example_latest_only_with_trigger.py
[2025-05-20T08:01:32.168+0000] {processor.py:840} INFO - DAG(s) 'latest_only_with_trigger' retrieved from /home/airflow/.local/lib/python3.8/site-packages/airflow/example_dags/example_latest_only_with_trigger.py
[2025-05-20T08:01:32.211+0000] {logging_mixin.py:188} INFO - [2025-05-20T08:01:32.211+0000] {dag.py:3036} INFO - Sync 1 DAGs
[2025-05-20T08:01:32.264+0000] {logging_mixin.py:188} INFO - [2025-05-20T08:01:32.264+0000] {dag.py:3823} INFO - Setting next_dagrun for latest_only_with_trigger to 2025-05-20 04:00:00+00:00, run_after=2025-05-20 08:00:00+00:00
[2025-05-20T08:01:32.312+0000] {processor.py:183} INFO - Processing /home/airflow/.local/lib/python3.8/site-packages/airflow/example_dags/example_latest_only_with_trigger.py took 0.170 seconds
[2025-05-20T08:02:03.104+0000] {processor.py:161} INFO - Started process (PID=2158) to work on /home/airflow/.local/lib/python3.8/site-packages/airflow/example_dags/example_latest_only_with_trigger.py
[2025-05-20T08:02:03.106+0000] {processor.py:830} INFO - Processing file /home/airflow/.local/lib/python3.8/site-packages/airflow/example_dags/example_latest_only_with_trigger.py for tasks to queue
[2025-05-20T08:02:03.109+0000] {logging_mixin.py:188} INFO - [2025-05-20T08:02:03.109+0000] {dagbag.py:538} INFO - Filling up the DagBag from /home/airflow/.local/lib/python3.8/site-packages/airflow/example_dags/example_latest_only_with_trigger.py
[2025-05-20T08:02:03.120+0000] {processor.py:840} INFO - DAG(s) 'latest_only_with_trigger' retrieved from /home/airflow/.local/lib/python3.8/site-packages/airflow/example_dags/example_latest_only_with_trigger.py
[2025-05-20T08:02:03.159+0000] {logging_mixin.py:188} INFO - [2025-05-20T08:02:03.158+0000] {dag.py:3036} INFO - Sync 1 DAGs
[2025-05-20T08:02:03.207+0000] {logging_mixin.py:188} INFO - [2025-05-20T08:02:03.206+0000] {dag.py:3823} INFO - Setting next_dagrun for latest_only_with_trigger to 2025-05-20 04:00:00+00:00, run_after=2025-05-20 08:00:00+00:00
[2025-05-20T08:02:03.256+0000] {processor.py:183} INFO - Processing /home/airflow/.local/lib/python3.8/site-packages/airflow/example_dags/example_latest_only_with_trigger.py took 0.157 seconds
[2025-05-20T08:02:34.364+0000] {processor.py:161} INFO - Started process (PID=2223) to work on /home/airflow/.local/lib/python3.8/site-packages/airflow/example_dags/example_latest_only_with_trigger.py
[2025-05-20T08:02:34.366+0000] {processor.py:830} INFO - Processing file /home/airflow/.local/lib/python3.8/site-packages/airflow/example_dags/example_latest_only_with_trigger.py for tasks to queue
[2025-05-20T08:02:34.369+0000] {logging_mixin.py:188} INFO - [2025-05-20T08:02:34.369+0000] {dagbag.py:538} INFO - Filling up the DagBag from /home/airflow/.local/lib/python3.8/site-packages/airflow/example_dags/example_latest_only_with_trigger.py
[2025-05-20T08:02:34.378+0000] {processor.py:840} INFO - DAG(s) 'latest_only_with_trigger' retrieved from /home/airflow/.local/lib/python3.8/site-packages/airflow/example_dags/example_latest_only_with_trigger.py
[2025-05-20T08:02:34.411+0000] {logging_mixin.py:188} INFO - [2025-05-20T08:02:34.410+0000] {dag.py:3036} INFO - Sync 1 DAGs
[2025-05-20T08:02:34.448+0000] {logging_mixin.py:188} INFO - [2025-05-20T08:02:34.447+0000] {dag.py:3823} INFO - Setting next_dagrun for latest_only_with_trigger to 2025-05-20 04:00:00+00:00, run_after=2025-05-20 08:00:00+00:00
[2025-05-20T08:02:34.489+0000] {processor.py:183} INFO - Processing /home/airflow/.local/lib/python3.8/site-packages/airflow/example_dags/example_latest_only_with_trigger.py took 0.131 seconds
[2025-05-20T08:03:05.623+0000] {processor.py:161} INFO - Started process (PID=2295) to work on /home/airflow/.local/lib/python3.8/site-packages/airflow/example_dags/example_latest_only_with_trigger.py
[2025-05-20T08:03:05.625+0000] {processor.py:830} INFO - Processing file /home/airflow/.local/lib/python3.8/site-packages/airflow/example_dags/example_latest_only_with_trigger.py for tasks to queue
[2025-05-20T08:03:05.629+0000] {logging_mixin.py:188} INFO - [2025-05-20T08:03:05.628+0000] {dagbag.py:538} INFO - Filling up the DagBag from /home/airflow/.local/lib/python3.8/site-packages/airflow/example_dags/example_latest_only_with_trigger.py
[2025-05-20T08:03:05.643+0000] {processor.py:840} INFO - DAG(s) 'latest_only_with_trigger' retrieved from /home/airflow/.local/lib/python3.8/site-packages/airflow/example_dags/example_latest_only_with_trigger.py
[2025-05-20T08:03:05.704+0000] {logging_mixin.py:188} INFO - [2025-05-20T08:03:05.703+0000] {dag.py:3036} INFO - Sync 1 DAGs
[2025-05-20T08:03:05.804+0000] {logging_mixin.py:188} INFO - [2025-05-20T08:03:05.803+0000] {dag.py:3823} INFO - Setting next_dagrun for latest_only_with_trigger to 2025-05-20 04:00:00+00:00, run_after=2025-05-20 08:00:00+00:00
[2025-05-20T08:03:05.857+0000] {processor.py:183} INFO - Processing /home/airflow/.local/lib/python3.8/site-packages/airflow/example_dags/example_latest_only_with_trigger.py took 0.241 seconds
[2025-05-20T08:03:36.813+0000] {processor.py:161} INFO - Started process (PID=2360) to work on /home/airflow/.local/lib/python3.8/site-packages/airflow/example_dags/example_latest_only_with_trigger.py
[2025-05-20T08:03:36.815+0000] {processor.py:830} INFO - Processing file /home/airflow/.local/lib/python3.8/site-packages/airflow/example_dags/example_latest_only_with_trigger.py for tasks to queue
[2025-05-20T08:03:36.819+0000] {logging_mixin.py:188} INFO - [2025-05-20T08:03:36.818+0000] {dagbag.py:538} INFO - Filling up the DagBag from /home/airflow/.local/lib/python3.8/site-packages/airflow/example_dags/example_latest_only_with_trigger.py
[2025-05-20T08:03:36.831+0000] {processor.py:840} INFO - DAG(s) 'latest_only_with_trigger' retrieved from /home/airflow/.local/lib/python3.8/site-packages/airflow/example_dags/example_latest_only_with_trigger.py
[2025-05-20T08:03:36.912+0000] {logging_mixin.py:188} INFO - [2025-05-20T08:03:36.912+0000] {dag.py:3036} INFO - Sync 1 DAGs
[2025-05-20T08:03:37.014+0000] {logging_mixin.py:188} INFO - [2025-05-20T08:03:37.014+0000] {dag.py:3823} INFO - Setting next_dagrun for latest_only_with_trigger to 2025-05-20 04:00:00+00:00, run_after=2025-05-20 08:00:00+00:00
[2025-05-20T08:03:37.087+0000] {processor.py:183} INFO - Processing /home/airflow/.local/lib/python3.8/site-packages/airflow/example_dags/example_latest_only_with_trigger.py took 0.280 seconds
[2025-05-20T08:04:08.287+0000] {processor.py:161} INFO - Started process (PID=2425) to work on /home/airflow/.local/lib/python3.8/site-packages/airflow/example_dags/example_latest_only_with_trigger.py
[2025-05-20T08:04:08.289+0000] {processor.py:830} INFO - Processing file /home/airflow/.local/lib/python3.8/site-packages/airflow/example_dags/example_latest_only_with_trigger.py for tasks to queue
[2025-05-20T08:04:08.293+0000] {logging_mixin.py:188} INFO - [2025-05-20T08:04:08.292+0000] {dagbag.py:538} INFO - Filling up the DagBag from /home/airflow/.local/lib/python3.8/site-packages/airflow/example_dags/example_latest_only_with_trigger.py
[2025-05-20T08:04:08.303+0000] {processor.py:840} INFO - DAG(s) 'latest_only_with_trigger' retrieved from /home/airflow/.local/lib/python3.8/site-packages/airflow/example_dags/example_latest_only_with_trigger.py
[2025-05-20T08:04:08.426+0000] {logging_mixin.py:188} INFO - [2025-05-20T08:04:08.424+0000] {dag.py:3036} INFO - Sync 1 DAGs
[2025-05-20T08:04:08.489+0000] {logging_mixin.py:188} INFO - [2025-05-20T08:04:08.489+0000] {dag.py:3823} INFO - Setting next_dagrun for latest_only_with_trigger to 2025-05-20 04:00:00+00:00, run_after=2025-05-20 08:00:00+00:00
[2025-05-20T08:04:08.541+0000] {processor.py:183} INFO - Processing /home/airflow/.local/lib/python3.8/site-packages/airflow/example_dags/example_latest_only_with_trigger.py took 0.260 seconds
