[2025-05-20T07:45:18.507+0000] {processor.py:161} INFO - Started process (PID=82) to work on /home/airflow/.local/lib/python3.8/site-packages/airflow/example_dags/example_params_trigger_ui.py
[2025-05-20T07:45:18.508+0000] {processor.py:830} INFO - Processing file /home/airflow/.local/lib/python3.8/site-packages/airflow/example_dags/example_params_trigger_ui.py for tasks to queue
[2025-05-20T07:45:18.511+0000] {logging_mixin.py:188} INFO - [2025-05-20T07:45:18.511+0000] {dagbag.py:538} INFO - Filling up the DagBag from /home/airflow/.local/lib/python3.8/site-packages/airflow/example_dags/example_params_trigger_ui.py
[2025-05-20T07:45:18.542+0000] {processor.py:840} INFO - DAG(s) 'example_params_trigger_ui' retrieved from /home/airflow/.local/lib/python3.8/site-packages/airflow/example_dags/example_params_trigger_ui.py
[2025-05-20T07:45:18.788+0000] {logging_mixin.py:188} INFO - [2025-05-20T07:45:18.788+0000] {dag.py:3036} INFO - Sync 1 DAGs
[2025-05-20T07:45:18.806+0000] {logging_mixin.py:188} INFO - [2025-05-20T07:45:18.806+0000] {dag.py:3823} INFO - Setting next_dagrun for example_params_trigger_ui to None, run_after=None
[2025-05-20T07:45:18.841+0000] {processor.py:183} INFO - Processing /home/airflow/.local/lib/python3.8/site-packages/airflow/example_dags/example_params_trigger_ui.py took 0.340 seconds
[2025-05-20T07:45:49.417+0000] {processor.py:161} INFO - Started process (PID=147) to work on /home/airflow/.local/lib/python3.8/site-packages/airflow/example_dags/example_params_trigger_ui.py
[2025-05-20T07:45:49.419+0000] {processor.py:830} INFO - Processing file /home/airflow/.local/lib/python3.8/site-packages/airflow/example_dags/example_params_trigger_ui.py for tasks to queue
[2025-05-20T07:45:49.423+0000] {logging_mixin.py:188} INFO - [2025-05-20T07:45:49.423+0000] {dagbag.py:538} INFO - Filling up the DagBag from /home/airflow/.local/lib/python3.8/site-packages/airflow/example_dags/example_params_trigger_ui.py
[2025-05-20T07:45:49.452+0000] {processor.py:840} INFO - DAG(s) 'example_params_trigger_ui' retrieved from /home/airflow/.local/lib/python3.8/site-packages/airflow/example_dags/example_params_trigger_ui.py
[2025-05-20T07:45:49.557+0000] {logging_mixin.py:188} INFO - [2025-05-20T07:45:49.557+0000] {dag.py:3036} INFO - Sync 1 DAGs
[2025-05-20T07:45:49.577+0000] {logging_mixin.py:188} INFO - [2025-05-20T07:45:49.577+0000] {dag.py:3823} INFO - Setting next_dagrun for example_params_trigger_ui to None, run_after=None
[2025-05-20T07:45:49.609+0000] {processor.py:183} INFO - Processing /home/airflow/.local/lib/python3.8/site-packages/airflow/example_dags/example_params_trigger_ui.py took 0.199 seconds
[2025-05-20T07:46:20.017+0000] {processor.py:161} INFO - Started process (PID=212) to work on /home/airflow/.local/lib/python3.8/site-packages/airflow/example_dags/example_params_trigger_ui.py
[2025-05-20T07:46:20.019+0000] {processor.py:830} INFO - Processing file /home/airflow/.local/lib/python3.8/site-packages/airflow/example_dags/example_params_trigger_ui.py for tasks to queue
[2025-05-20T07:46:20.023+0000] {logging_mixin.py:188} INFO - [2025-05-20T07:46:20.022+0000] {dagbag.py:538} INFO - Filling up the DagBag from /home/airflow/.local/lib/python3.8/site-packages/airflow/example_dags/example_params_trigger_ui.py
[2025-05-20T07:46:20.051+0000] {processor.py:840} INFO - DAG(s) 'example_params_trigger_ui' retrieved from /home/airflow/.local/lib/python3.8/site-packages/airflow/example_dags/example_params_trigger_ui.py
[2025-05-20T07:46:20.169+0000] {logging_mixin.py:188} INFO - [2025-05-20T07:46:20.169+0000] {dag.py:3036} INFO - Sync 1 DAGs
[2025-05-20T07:46:20.196+0000] {logging_mixin.py:188} INFO - [2025-05-20T07:46:20.196+0000] {dag.py:3823} INFO - Setting next_dagrun for example_params_trigger_ui to None, run_after=None
[2025-05-20T07:46:20.231+0000] {processor.py:183} INFO - Processing /home/airflow/.local/lib/python3.8/site-packages/airflow/example_dags/example_params_trigger_ui.py took 0.220 seconds
[2025-05-20T07:46:51.256+0000] {processor.py:161} INFO - Started process (PID=277) to work on /home/airflow/.local/lib/python3.8/site-packages/airflow/example_dags/example_params_trigger_ui.py
[2025-05-20T07:46:51.258+0000] {processor.py:830} INFO - Processing file /home/airflow/.local/lib/python3.8/site-packages/airflow/example_dags/example_params_trigger_ui.py for tasks to queue
[2025-05-20T07:46:51.262+0000] {logging_mixin.py:188} INFO - [2025-05-20T07:46:51.261+0000] {dagbag.py:538} INFO - Filling up the DagBag from /home/airflow/.local/lib/python3.8/site-packages/airflow/example_dags/example_params_trigger_ui.py
[2025-05-20T07:46:51.290+0000] {processor.py:840} INFO - DAG(s) 'example_params_trigger_ui' retrieved from /home/airflow/.local/lib/python3.8/site-packages/airflow/example_dags/example_params_trigger_ui.py
[2025-05-20T07:46:51.443+0000] {logging_mixin.py:188} INFO - [2025-05-20T07:46:51.443+0000] {dag.py:3036} INFO - Sync 1 DAGs
[2025-05-20T07:46:51.496+0000] {logging_mixin.py:188} INFO - [2025-05-20T07:46:51.493+0000] {dag.py:3823} INFO - Setting next_dagrun for example_params_trigger_ui to None, run_after=None
[2025-05-20T07:46:51.570+0000] {processor.py:183} INFO - Processing /home/airflow/.local/lib/python3.8/site-packages/airflow/example_dags/example_params_trigger_ui.py took 0.319 seconds
[2025-05-20T07:47:23.412+0000] {processor.py:161} INFO - Started process (PID=342) to work on /home/airflow/.local/lib/python3.8/site-packages/airflow/example_dags/example_params_trigger_ui.py
[2025-05-20T07:47:23.414+0000] {processor.py:830} INFO - Processing file /home/airflow/.local/lib/python3.8/site-packages/airflow/example_dags/example_params_trigger_ui.py for tasks to queue
[2025-05-20T07:47:23.418+0000] {logging_mixin.py:188} INFO - [2025-05-20T07:47:23.418+0000] {dagbag.py:538} INFO - Filling up the DagBag from /home/airflow/.local/lib/python3.8/site-packages/airflow/example_dags/example_params_trigger_ui.py
[2025-05-20T07:47:23.444+0000] {processor.py:840} INFO - DAG(s) 'example_params_trigger_ui' retrieved from /home/airflow/.local/lib/python3.8/site-packages/airflow/example_dags/example_params_trigger_ui.py
[2025-05-20T07:47:23.640+0000] {logging_mixin.py:188} INFO - [2025-05-20T07:47:23.639+0000] {dag.py:3036} INFO - Sync 1 DAGs
[2025-05-20T07:47:23.711+0000] {logging_mixin.py:188} INFO - [2025-05-20T07:47:23.709+0000] {dag.py:3823} INFO - Setting next_dagrun for example_params_trigger_ui to None, run_after=None
[2025-05-20T07:47:23.823+0000] {processor.py:183} INFO - Processing /home/airflow/.local/lib/python3.8/site-packages/airflow/example_dags/example_params_trigger_ui.py took 0.416 seconds
[2025-05-20T07:47:54.935+0000] {processor.py:161} INFO - Started process (PID=407) to work on /home/airflow/.local/lib/python3.8/site-packages/airflow/example_dags/example_params_trigger_ui.py
[2025-05-20T07:47:54.937+0000] {processor.py:830} INFO - Processing file /home/airflow/.local/lib/python3.8/site-packages/airflow/example_dags/example_params_trigger_ui.py for tasks to queue
[2025-05-20T07:47:54.941+0000] {logging_mixin.py:188} INFO - [2025-05-20T07:47:54.940+0000] {dagbag.py:538} INFO - Filling up the DagBag from /home/airflow/.local/lib/python3.8/site-packages/airflow/example_dags/example_params_trigger_ui.py
[2025-05-20T07:47:54.971+0000] {processor.py:840} INFO - DAG(s) 'example_params_trigger_ui' retrieved from /home/airflow/.local/lib/python3.8/site-packages/airflow/example_dags/example_params_trigger_ui.py
[2025-05-20T07:47:55.133+0000] {logging_mixin.py:188} INFO - [2025-05-20T07:47:55.132+0000] {dag.py:3036} INFO - Sync 1 DAGs
[2025-05-20T07:47:55.171+0000] {logging_mixin.py:188} INFO - [2025-05-20T07:47:55.170+0000] {dag.py:3823} INFO - Setting next_dagrun for example_params_trigger_ui to None, run_after=None
[2025-05-20T07:47:55.225+0000] {processor.py:183} INFO - Processing /home/airflow/.local/lib/python3.8/site-packages/airflow/example_dags/example_params_trigger_ui.py took 0.296 seconds
[2025-05-20T07:48:26.671+0000] {processor.py:161} INFO - Started process (PID=472) to work on /home/airflow/.local/lib/python3.8/site-packages/airflow/example_dags/example_params_trigger_ui.py
[2025-05-20T07:48:26.673+0000] {processor.py:830} INFO - Processing file /home/airflow/.local/lib/python3.8/site-packages/airflow/example_dags/example_params_trigger_ui.py for tasks to queue
[2025-05-20T07:48:26.678+0000] {logging_mixin.py:188} INFO - [2025-05-20T07:48:26.677+0000] {dagbag.py:538} INFO - Filling up the DagBag from /home/airflow/.local/lib/python3.8/site-packages/airflow/example_dags/example_params_trigger_ui.py
[2025-05-20T07:48:26.711+0000] {processor.py:840} INFO - DAG(s) 'example_params_trigger_ui' retrieved from /home/airflow/.local/lib/python3.8/site-packages/airflow/example_dags/example_params_trigger_ui.py
[2025-05-20T07:48:26.812+0000] {logging_mixin.py:188} INFO - [2025-05-20T07:48:26.812+0000] {dag.py:3036} INFO - Sync 1 DAGs
[2025-05-20T07:48:26.833+0000] {logging_mixin.py:188} INFO - [2025-05-20T07:48:26.832+0000] {dag.py:3823} INFO - Setting next_dagrun for example_params_trigger_ui to None, run_after=None
[2025-05-20T07:48:26.873+0000] {processor.py:183} INFO - Processing /home/airflow/.local/lib/python3.8/site-packages/airflow/example_dags/example_params_trigger_ui.py took 0.211 seconds
[2025-05-20T07:48:57.578+0000] {processor.py:161} INFO - Started process (PID=537) to work on /home/airflow/.local/lib/python3.8/site-packages/airflow/example_dags/example_params_trigger_ui.py
[2025-05-20T07:48:57.581+0000] {processor.py:830} INFO - Processing file /home/airflow/.local/lib/python3.8/site-packages/airflow/example_dags/example_params_trigger_ui.py for tasks to queue
[2025-05-20T07:48:57.586+0000] {logging_mixin.py:188} INFO - [2025-05-20T07:48:57.585+0000] {dagbag.py:538} INFO - Filling up the DagBag from /home/airflow/.local/lib/python3.8/site-packages/airflow/example_dags/example_params_trigger_ui.py
[2025-05-20T07:48:57.624+0000] {processor.py:840} INFO - DAG(s) 'example_params_trigger_ui' retrieved from /home/airflow/.local/lib/python3.8/site-packages/airflow/example_dags/example_params_trigger_ui.py
[2025-05-20T07:48:57.750+0000] {logging_mixin.py:188} INFO - [2025-05-20T07:48:57.749+0000] {dag.py:3036} INFO - Sync 1 DAGs
[2025-05-20T07:48:57.773+0000] {logging_mixin.py:188} INFO - [2025-05-20T07:48:57.773+0000] {dag.py:3823} INFO - Setting next_dagrun for example_params_trigger_ui to None, run_after=None
[2025-05-20T07:48:57.805+0000] {processor.py:183} INFO - Processing /home/airflow/.local/lib/python3.8/site-packages/airflow/example_dags/example_params_trigger_ui.py took 0.235 seconds
[2025-05-20T07:49:28.030+0000] {processor.py:161} INFO - Started process (PID=602) to work on /home/airflow/.local/lib/python3.8/site-packages/airflow/example_dags/example_params_trigger_ui.py
[2025-05-20T07:49:28.033+0000] {processor.py:830} INFO - Processing file /home/airflow/.local/lib/python3.8/site-packages/airflow/example_dags/example_params_trigger_ui.py for tasks to queue
[2025-05-20T07:49:28.037+0000] {logging_mixin.py:188} INFO - [2025-05-20T07:49:28.036+0000] {dagbag.py:538} INFO - Filling up the DagBag from /home/airflow/.local/lib/python3.8/site-packages/airflow/example_dags/example_params_trigger_ui.py
[2025-05-20T07:49:28.067+0000] {processor.py:840} INFO - DAG(s) 'example_params_trigger_ui' retrieved from /home/airflow/.local/lib/python3.8/site-packages/airflow/example_dags/example_params_trigger_ui.py
[2025-05-20T07:49:28.204+0000] {logging_mixin.py:188} INFO - [2025-05-20T07:49:28.204+0000] {dag.py:3036} INFO - Sync 1 DAGs
[2025-05-20T07:49:28.234+0000] {logging_mixin.py:188} INFO - [2025-05-20T07:49:28.234+0000] {dag.py:3823} INFO - Setting next_dagrun for example_params_trigger_ui to None, run_after=None
[2025-05-20T07:49:28.283+0000] {processor.py:183} INFO - Processing /home/airflow/.local/lib/python3.8/site-packages/airflow/example_dags/example_params_trigger_ui.py took 0.260 seconds
[2025-05-20T07:49:59.466+0000] {processor.py:161} INFO - Started process (PID=667) to work on /home/airflow/.local/lib/python3.8/site-packages/airflow/example_dags/example_params_trigger_ui.py
[2025-05-20T07:49:59.468+0000] {processor.py:830} INFO - Processing file /home/airflow/.local/lib/python3.8/site-packages/airflow/example_dags/example_params_trigger_ui.py for tasks to queue
[2025-05-20T07:49:59.471+0000] {logging_mixin.py:188} INFO - [2025-05-20T07:49:59.471+0000] {dagbag.py:538} INFO - Filling up the DagBag from /home/airflow/.local/lib/python3.8/site-packages/airflow/example_dags/example_params_trigger_ui.py
[2025-05-20T07:49:59.498+0000] {processor.py:840} INFO - DAG(s) 'example_params_trigger_ui' retrieved from /home/airflow/.local/lib/python3.8/site-packages/airflow/example_dags/example_params_trigger_ui.py
[2025-05-20T07:49:59.593+0000] {logging_mixin.py:188} INFO - [2025-05-20T07:49:59.593+0000] {dag.py:3036} INFO - Sync 1 DAGs
[2025-05-20T07:49:59.616+0000] {logging_mixin.py:188} INFO - [2025-05-20T07:49:59.615+0000] {dag.py:3823} INFO - Setting next_dagrun for example_params_trigger_ui to None, run_after=None
[2025-05-20T07:49:59.672+0000] {processor.py:183} INFO - Processing /home/airflow/.local/lib/python3.8/site-packages/airflow/example_dags/example_params_trigger_ui.py took 0.211 seconds
[2025-05-20T07:50:30.552+0000] {processor.py:161} INFO - Started process (PID=732) to work on /home/airflow/.local/lib/python3.8/site-packages/airflow/example_dags/example_params_trigger_ui.py
[2025-05-20T07:50:30.554+0000] {processor.py:830} INFO - Processing file /home/airflow/.local/lib/python3.8/site-packages/airflow/example_dags/example_params_trigger_ui.py for tasks to queue
[2025-05-20T07:50:30.558+0000] {logging_mixin.py:188} INFO - [2025-05-20T07:50:30.557+0000] {dagbag.py:538} INFO - Filling up the DagBag from /home/airflow/.local/lib/python3.8/site-packages/airflow/example_dags/example_params_trigger_ui.py
[2025-05-20T07:50:30.584+0000] {processor.py:840} INFO - DAG(s) 'example_params_trigger_ui' retrieved from /home/airflow/.local/lib/python3.8/site-packages/airflow/example_dags/example_params_trigger_ui.py
[2025-05-20T07:50:30.699+0000] {logging_mixin.py:188} INFO - [2025-05-20T07:50:30.698+0000] {dag.py:3036} INFO - Sync 1 DAGs
[2025-05-20T07:50:30.718+0000] {logging_mixin.py:188} INFO - [2025-05-20T07:50:30.718+0000] {dag.py:3823} INFO - Setting next_dagrun for example_params_trigger_ui to None, run_after=None
[2025-05-20T07:50:30.751+0000] {processor.py:183} INFO - Processing /home/airflow/.local/lib/python3.8/site-packages/airflow/example_dags/example_params_trigger_ui.py took 0.205 seconds
[2025-05-20T07:51:02.878+0000] {processor.py:161} INFO - Started process (PID=803) to work on /home/airflow/.local/lib/python3.8/site-packages/airflow/example_dags/example_params_trigger_ui.py
[2025-05-20T07:51:02.880+0000] {processor.py:830} INFO - Processing file /home/airflow/.local/lib/python3.8/site-packages/airflow/example_dags/example_params_trigger_ui.py for tasks to queue
[2025-05-20T07:51:02.883+0000] {logging_mixin.py:188} INFO - [2025-05-20T07:51:02.882+0000] {dagbag.py:538} INFO - Filling up the DagBag from /home/airflow/.local/lib/python3.8/site-packages/airflow/example_dags/example_params_trigger_ui.py
[2025-05-20T07:51:02.909+0000] {processor.py:840} INFO - DAG(s) 'example_params_trigger_ui' retrieved from /home/airflow/.local/lib/python3.8/site-packages/airflow/example_dags/example_params_trigger_ui.py
[2025-05-20T07:51:03.053+0000] {logging_mixin.py:188} INFO - [2025-05-20T07:51:03.052+0000] {dag.py:3036} INFO - Sync 1 DAGs
[2025-05-20T07:51:03.082+0000] {logging_mixin.py:188} INFO - [2025-05-20T07:51:03.082+0000] {dag.py:3823} INFO - Setting next_dagrun for example_params_trigger_ui to None, run_after=None
[2025-05-20T07:51:03.129+0000] {processor.py:183} INFO - Processing /home/airflow/.local/lib/python3.8/site-packages/airflow/example_dags/example_params_trigger_ui.py took 0.258 seconds
[2025-05-20T07:51:34.983+0000] {processor.py:161} INFO - Started process (PID=868) to work on /home/airflow/.local/lib/python3.8/site-packages/airflow/example_dags/example_params_trigger_ui.py
[2025-05-20T07:51:34.984+0000] {processor.py:830} INFO - Processing file /home/airflow/.local/lib/python3.8/site-packages/airflow/example_dags/example_params_trigger_ui.py for tasks to queue
[2025-05-20T07:51:34.988+0000] {logging_mixin.py:188} INFO - [2025-05-20T07:51:34.987+0000] {dagbag.py:538} INFO - Filling up the DagBag from /home/airflow/.local/lib/python3.8/site-packages/airflow/example_dags/example_params_trigger_ui.py
[2025-05-20T07:51:35.014+0000] {processor.py:840} INFO - DAG(s) 'example_params_trigger_ui' retrieved from /home/airflow/.local/lib/python3.8/site-packages/airflow/example_dags/example_params_trigger_ui.py
[2025-05-20T07:51:35.128+0000] {logging_mixin.py:188} INFO - [2025-05-20T07:51:35.127+0000] {dag.py:3036} INFO - Sync 1 DAGs
[2025-05-20T07:51:35.149+0000] {logging_mixin.py:188} INFO - [2025-05-20T07:51:35.149+0000] {dag.py:3823} INFO - Setting next_dagrun for example_params_trigger_ui to None, run_after=None
[2025-05-20T07:51:35.200+0000] {processor.py:183} INFO - Processing /home/airflow/.local/lib/python3.8/site-packages/airflow/example_dags/example_params_trigger_ui.py took 0.223 seconds
[2025-05-20T07:52:06.077+0000] {processor.py:161} INFO - Started process (PID=933) to work on /home/airflow/.local/lib/python3.8/site-packages/airflow/example_dags/example_params_trigger_ui.py
[2025-05-20T07:52:06.080+0000] {processor.py:830} INFO - Processing file /home/airflow/.local/lib/python3.8/site-packages/airflow/example_dags/example_params_trigger_ui.py for tasks to queue
[2025-05-20T07:52:06.090+0000] {logging_mixin.py:188} INFO - [2025-05-20T07:52:06.089+0000] {dagbag.py:538} INFO - Filling up the DagBag from /home/airflow/.local/lib/python3.8/site-packages/airflow/example_dags/example_params_trigger_ui.py
[2025-05-20T07:52:06.153+0000] {processor.py:840} INFO - DAG(s) 'example_params_trigger_ui' retrieved from /home/airflow/.local/lib/python3.8/site-packages/airflow/example_dags/example_params_trigger_ui.py
[2025-05-20T07:52:06.275+0000] {logging_mixin.py:188} INFO - [2025-05-20T07:52:06.275+0000] {dag.py:3036} INFO - Sync 1 DAGs
[2025-05-20T07:52:06.299+0000] {logging_mixin.py:188} INFO - [2025-05-20T07:52:06.298+0000] {dag.py:3823} INFO - Setting next_dagrun for example_params_trigger_ui to None, run_after=None
[2025-05-20T07:52:06.338+0000] {processor.py:183} INFO - Processing /home/airflow/.local/lib/python3.8/site-packages/airflow/example_dags/example_params_trigger_ui.py took 0.275 seconds
[2025-05-20T07:52:37.414+0000] {processor.py:161} INFO - Started process (PID=998) to work on /home/airflow/.local/lib/python3.8/site-packages/airflow/example_dags/example_params_trigger_ui.py
[2025-05-20T07:52:37.416+0000] {processor.py:830} INFO - Processing file /home/airflow/.local/lib/python3.8/site-packages/airflow/example_dags/example_params_trigger_ui.py for tasks to queue
[2025-05-20T07:52:37.419+0000] {logging_mixin.py:188} INFO - [2025-05-20T07:52:37.419+0000] {dagbag.py:538} INFO - Filling up the DagBag from /home/airflow/.local/lib/python3.8/site-packages/airflow/example_dags/example_params_trigger_ui.py
[2025-05-20T07:52:37.442+0000] {processor.py:840} INFO - DAG(s) 'example_params_trigger_ui' retrieved from /home/airflow/.local/lib/python3.8/site-packages/airflow/example_dags/example_params_trigger_ui.py
[2025-05-20T07:52:37.562+0000] {logging_mixin.py:188} INFO - [2025-05-20T07:52:37.561+0000] {dag.py:3036} INFO - Sync 1 DAGs
[2025-05-20T07:52:37.590+0000] {logging_mixin.py:188} INFO - [2025-05-20T07:52:37.589+0000] {dag.py:3823} INFO - Setting next_dagrun for example_params_trigger_ui to None, run_after=None
[2025-05-20T07:52:37.639+0000] {processor.py:183} INFO - Processing /home/airflow/.local/lib/python3.8/site-packages/airflow/example_dags/example_params_trigger_ui.py took 0.230 seconds
[2025-05-20T07:53:08.094+0000] {processor.py:161} INFO - Started process (PID=1063) to work on /home/airflow/.local/lib/python3.8/site-packages/airflow/example_dags/example_params_trigger_ui.py
[2025-05-20T07:53:08.096+0000] {processor.py:830} INFO - Processing file /home/airflow/.local/lib/python3.8/site-packages/airflow/example_dags/example_params_trigger_ui.py for tasks to queue
[2025-05-20T07:53:08.100+0000] {logging_mixin.py:188} INFO - [2025-05-20T07:53:08.100+0000] {dagbag.py:538} INFO - Filling up the DagBag from /home/airflow/.local/lib/python3.8/site-packages/airflow/example_dags/example_params_trigger_ui.py
[2025-05-20T07:53:08.131+0000] {processor.py:840} INFO - DAG(s) 'example_params_trigger_ui' retrieved from /home/airflow/.local/lib/python3.8/site-packages/airflow/example_dags/example_params_trigger_ui.py
[2025-05-20T07:53:08.247+0000] {logging_mixin.py:188} INFO - [2025-05-20T07:53:08.246+0000] {dag.py:3036} INFO - Sync 1 DAGs
[2025-05-20T07:53:08.269+0000] {logging_mixin.py:188} INFO - [2025-05-20T07:53:08.269+0000] {dag.py:3823} INFO - Setting next_dagrun for example_params_trigger_ui to None, run_after=None
[2025-05-20T07:53:08.305+0000] {processor.py:183} INFO - Processing /home/airflow/.local/lib/python3.8/site-packages/airflow/example_dags/example_params_trigger_ui.py took 0.220 seconds
[2025-05-20T07:53:41.372+0000] {processor.py:161} INFO - Started process (PID=1128) to work on /home/airflow/.local/lib/python3.8/site-packages/airflow/example_dags/example_params_trigger_ui.py
[2025-05-20T07:53:41.374+0000] {processor.py:830} INFO - Processing file /home/airflow/.local/lib/python3.8/site-packages/airflow/example_dags/example_params_trigger_ui.py for tasks to queue
[2025-05-20T07:53:41.378+0000] {logging_mixin.py:188} INFO - [2025-05-20T07:53:41.378+0000] {dagbag.py:538} INFO - Filling up the DagBag from /home/airflow/.local/lib/python3.8/site-packages/airflow/example_dags/example_params_trigger_ui.py
[2025-05-20T07:53:41.411+0000] {processor.py:840} INFO - DAG(s) 'example_params_trigger_ui' retrieved from /home/airflow/.local/lib/python3.8/site-packages/airflow/example_dags/example_params_trigger_ui.py
[2025-05-20T07:53:41.611+0000] {logging_mixin.py:188} INFO - [2025-05-20T07:53:41.610+0000] {dag.py:3036} INFO - Sync 1 DAGs
[2025-05-20T07:53:41.661+0000] {logging_mixin.py:188} INFO - [2025-05-20T07:53:41.660+0000] {dag.py:3823} INFO - Setting next_dagrun for example_params_trigger_ui to None, run_after=None
[2025-05-20T07:53:41.748+0000] {processor.py:183} INFO - Processing /home/airflow/.local/lib/python3.8/site-packages/airflow/example_dags/example_params_trigger_ui.py took 0.383 seconds
[2025-05-20T07:54:14.499+0000] {processor.py:161} INFO - Started process (PID=1193) to work on /home/airflow/.local/lib/python3.8/site-packages/airflow/example_dags/example_params_trigger_ui.py
[2025-05-20T07:54:14.501+0000] {processor.py:830} INFO - Processing file /home/airflow/.local/lib/python3.8/site-packages/airflow/example_dags/example_params_trigger_ui.py for tasks to queue
[2025-05-20T07:54:14.505+0000] {logging_mixin.py:188} INFO - [2025-05-20T07:54:14.504+0000] {dagbag.py:538} INFO - Filling up the DagBag from /home/airflow/.local/lib/python3.8/site-packages/airflow/example_dags/example_params_trigger_ui.py
[2025-05-20T07:54:14.535+0000] {processor.py:840} INFO - DAG(s) 'example_params_trigger_ui' retrieved from /home/airflow/.local/lib/python3.8/site-packages/airflow/example_dags/example_params_trigger_ui.py
[2025-05-20T07:54:14.637+0000] {logging_mixin.py:188} INFO - [2025-05-20T07:54:14.636+0000] {dag.py:3036} INFO - Sync 1 DAGs
[2025-05-20T07:54:14.663+0000] {logging_mixin.py:188} INFO - [2025-05-20T07:54:14.662+0000] {dag.py:3823} INFO - Setting next_dagrun for example_params_trigger_ui to None, run_after=None
[2025-05-20T07:54:14.706+0000] {processor.py:183} INFO - Processing /home/airflow/.local/lib/python3.8/site-packages/airflow/example_dags/example_params_trigger_ui.py took 0.213 seconds
[2025-05-20T07:54:45.197+0000] {processor.py:161} INFO - Started process (PID=1258) to work on /home/airflow/.local/lib/python3.8/site-packages/airflow/example_dags/example_params_trigger_ui.py
[2025-05-20T07:54:45.199+0000] {processor.py:830} INFO - Processing file /home/airflow/.local/lib/python3.8/site-packages/airflow/example_dags/example_params_trigger_ui.py for tasks to queue
[2025-05-20T07:54:45.202+0000] {logging_mixin.py:188} INFO - [2025-05-20T07:54:45.201+0000] {dagbag.py:538} INFO - Filling up the DagBag from /home/airflow/.local/lib/python3.8/site-packages/airflow/example_dags/example_params_trigger_ui.py
[2025-05-20T07:54:45.229+0000] {processor.py:840} INFO - DAG(s) 'example_params_trigger_ui' retrieved from /home/airflow/.local/lib/python3.8/site-packages/airflow/example_dags/example_params_trigger_ui.py
[2025-05-20T07:54:45.343+0000] {logging_mixin.py:188} INFO - [2025-05-20T07:54:45.342+0000] {dag.py:3036} INFO - Sync 1 DAGs
[2025-05-20T07:54:45.372+0000] {logging_mixin.py:188} INFO - [2025-05-20T07:54:45.371+0000] {dag.py:3823} INFO - Setting next_dagrun for example_params_trigger_ui to None, run_after=None
[2025-05-20T07:54:45.444+0000] {processor.py:183} INFO - Processing /home/airflow/.local/lib/python3.8/site-packages/airflow/example_dags/example_params_trigger_ui.py took 0.254 seconds
[2025-05-20T07:55:15.665+0000] {processor.py:161} INFO - Started process (PID=1323) to work on /home/airflow/.local/lib/python3.8/site-packages/airflow/example_dags/example_params_trigger_ui.py
[2025-05-20T07:55:15.667+0000] {processor.py:830} INFO - Processing file /home/airflow/.local/lib/python3.8/site-packages/airflow/example_dags/example_params_trigger_ui.py for tasks to queue
[2025-05-20T07:55:15.672+0000] {logging_mixin.py:188} INFO - [2025-05-20T07:55:15.671+0000] {dagbag.py:538} INFO - Filling up the DagBag from /home/airflow/.local/lib/python3.8/site-packages/airflow/example_dags/example_params_trigger_ui.py
[2025-05-20T07:55:15.698+0000] {processor.py:840} INFO - DAG(s) 'example_params_trigger_ui' retrieved from /home/airflow/.local/lib/python3.8/site-packages/airflow/example_dags/example_params_trigger_ui.py
[2025-05-20T07:55:15.810+0000] {logging_mixin.py:188} INFO - [2025-05-20T07:55:15.810+0000] {dag.py:3036} INFO - Sync 1 DAGs
[2025-05-20T07:55:15.845+0000] {logging_mixin.py:188} INFO - [2025-05-20T07:55:15.844+0000] {dag.py:3823} INFO - Setting next_dagrun for example_params_trigger_ui to None, run_after=None
[2025-05-20T07:55:15.895+0000] {processor.py:183} INFO - Processing /home/airflow/.local/lib/python3.8/site-packages/airflow/example_dags/example_params_trigger_ui.py took 0.239 seconds
[2025-05-20T07:55:46.179+0000] {processor.py:161} INFO - Started process (PID=1388) to work on /home/airflow/.local/lib/python3.8/site-packages/airflow/example_dags/example_params_trigger_ui.py
[2025-05-20T07:55:46.180+0000] {processor.py:830} INFO - Processing file /home/airflow/.local/lib/python3.8/site-packages/airflow/example_dags/example_params_trigger_ui.py for tasks to queue
[2025-05-20T07:55:46.184+0000] {logging_mixin.py:188} INFO - [2025-05-20T07:55:46.183+0000] {dagbag.py:538} INFO - Filling up the DagBag from /home/airflow/.local/lib/python3.8/site-packages/airflow/example_dags/example_params_trigger_ui.py
[2025-05-20T07:55:46.218+0000] {processor.py:840} INFO - DAG(s) 'example_params_trigger_ui' retrieved from /home/airflow/.local/lib/python3.8/site-packages/airflow/example_dags/example_params_trigger_ui.py
[2025-05-20T07:55:46.345+0000] {logging_mixin.py:188} INFO - [2025-05-20T07:55:46.345+0000] {dag.py:3036} INFO - Sync 1 DAGs
[2025-05-20T07:55:46.366+0000] {logging_mixin.py:188} INFO - [2025-05-20T07:55:46.366+0000] {dag.py:3823} INFO - Setting next_dagrun for example_params_trigger_ui to None, run_after=None
[2025-05-20T07:55:46.406+0000] {processor.py:183} INFO - Processing /home/airflow/.local/lib/python3.8/site-packages/airflow/example_dags/example_params_trigger_ui.py took 0.233 seconds
[2025-05-20T07:56:18.353+0000] {processor.py:161} INFO - Started process (PID=1453) to work on /home/airflow/.local/lib/python3.8/site-packages/airflow/example_dags/example_params_trigger_ui.py
[2025-05-20T07:56:18.355+0000] {processor.py:830} INFO - Processing file /home/airflow/.local/lib/python3.8/site-packages/airflow/example_dags/example_params_trigger_ui.py for tasks to queue
[2025-05-20T07:56:18.359+0000] {logging_mixin.py:188} INFO - [2025-05-20T07:56:18.358+0000] {dagbag.py:538} INFO - Filling up the DagBag from /home/airflow/.local/lib/python3.8/site-packages/airflow/example_dags/example_params_trigger_ui.py
[2025-05-20T07:56:18.388+0000] {processor.py:840} INFO - DAG(s) 'example_params_trigger_ui' retrieved from /home/airflow/.local/lib/python3.8/site-packages/airflow/example_dags/example_params_trigger_ui.py
[2025-05-20T07:56:18.503+0000] {logging_mixin.py:188} INFO - [2025-05-20T07:56:18.503+0000] {dag.py:3036} INFO - Sync 1 DAGs
[2025-05-20T07:56:18.529+0000] {logging_mixin.py:188} INFO - [2025-05-20T07:56:18.528+0000] {dag.py:3823} INFO - Setting next_dagrun for example_params_trigger_ui to None, run_after=None
[2025-05-20T07:56:18.569+0000] {processor.py:183} INFO - Processing /home/airflow/.local/lib/python3.8/site-packages/airflow/example_dags/example_params_trigger_ui.py took 0.221 seconds
[2025-05-20T07:56:50.201+0000] {processor.py:161} INFO - Started process (PID=1518) to work on /home/airflow/.local/lib/python3.8/site-packages/airflow/example_dags/example_params_trigger_ui.py
[2025-05-20T07:56:50.205+0000] {processor.py:830} INFO - Processing file /home/airflow/.local/lib/python3.8/site-packages/airflow/example_dags/example_params_trigger_ui.py for tasks to queue
[2025-05-20T07:56:50.212+0000] {logging_mixin.py:188} INFO - [2025-05-20T07:56:50.211+0000] {dagbag.py:538} INFO - Filling up the DagBag from /home/airflow/.local/lib/python3.8/site-packages/airflow/example_dags/example_params_trigger_ui.py
[2025-05-20T07:56:50.269+0000] {processor.py:840} INFO - DAG(s) 'example_params_trigger_ui' retrieved from /home/airflow/.local/lib/python3.8/site-packages/airflow/example_dags/example_params_trigger_ui.py
[2025-05-20T07:56:50.554+0000] {logging_mixin.py:188} INFO - [2025-05-20T07:56:50.553+0000] {dag.py:3036} INFO - Sync 1 DAGs
[2025-05-20T07:56:50.595+0000] {logging_mixin.py:188} INFO - [2025-05-20T07:56:50.595+0000] {dag.py:3823} INFO - Setting next_dagrun for example_params_trigger_ui to None, run_after=None
[2025-05-20T07:56:50.646+0000] {processor.py:183} INFO - Processing /home/airflow/.local/lib/python3.8/site-packages/airflow/example_dags/example_params_trigger_ui.py took 0.457 seconds
[2025-05-20T07:57:21.592+0000] {processor.py:161} INFO - Started process (PID=1583) to work on /home/airflow/.local/lib/python3.8/site-packages/airflow/example_dags/example_params_trigger_ui.py
[2025-05-20T07:57:21.599+0000] {processor.py:830} INFO - Processing file /home/airflow/.local/lib/python3.8/site-packages/airflow/example_dags/example_params_trigger_ui.py for tasks to queue
[2025-05-20T07:57:21.607+0000] {logging_mixin.py:188} INFO - [2025-05-20T07:57:21.606+0000] {dagbag.py:538} INFO - Filling up the DagBag from /home/airflow/.local/lib/python3.8/site-packages/airflow/example_dags/example_params_trigger_ui.py
[2025-05-20T07:57:21.637+0000] {processor.py:840} INFO - DAG(s) 'example_params_trigger_ui' retrieved from /home/airflow/.local/lib/python3.8/site-packages/airflow/example_dags/example_params_trigger_ui.py
[2025-05-20T07:57:21.801+0000] {logging_mixin.py:188} INFO - [2025-05-20T07:57:21.800+0000] {dag.py:3036} INFO - Sync 1 DAGs
[2025-05-20T07:57:21.825+0000] {logging_mixin.py:188} INFO - [2025-05-20T07:57:21.824+0000] {dag.py:3823} INFO - Setting next_dagrun for example_params_trigger_ui to None, run_after=None
[2025-05-20T07:57:21.869+0000] {processor.py:183} INFO - Processing /home/airflow/.local/lib/python3.8/site-packages/airflow/example_dags/example_params_trigger_ui.py took 0.285 seconds
[2025-05-20T07:57:52.555+0000] {processor.py:161} INFO - Started process (PID=1648) to work on /home/airflow/.local/lib/python3.8/site-packages/airflow/example_dags/example_params_trigger_ui.py
[2025-05-20T07:57:52.557+0000] {processor.py:830} INFO - Processing file /home/airflow/.local/lib/python3.8/site-packages/airflow/example_dags/example_params_trigger_ui.py for tasks to queue
[2025-05-20T07:57:52.560+0000] {logging_mixin.py:188} INFO - [2025-05-20T07:57:52.559+0000] {dagbag.py:538} INFO - Filling up the DagBag from /home/airflow/.local/lib/python3.8/site-packages/airflow/example_dags/example_params_trigger_ui.py
[2025-05-20T07:57:52.582+0000] {processor.py:840} INFO - DAG(s) 'example_params_trigger_ui' retrieved from /home/airflow/.local/lib/python3.8/site-packages/airflow/example_dags/example_params_trigger_ui.py
[2025-05-20T07:57:52.687+0000] {logging_mixin.py:188} INFO - [2025-05-20T07:57:52.687+0000] {dag.py:3036} INFO - Sync 1 DAGs
[2025-05-20T07:57:52.713+0000] {logging_mixin.py:188} INFO - [2025-05-20T07:57:52.712+0000] {dag.py:3823} INFO - Setting next_dagrun for example_params_trigger_ui to None, run_after=None
[2025-05-20T07:57:52.966+0000] {processor.py:183} INFO - Processing /home/airflow/.local/lib/python3.8/site-packages/airflow/example_dags/example_params_trigger_ui.py took 0.416 seconds
[2025-05-20T07:58:25.044+0000] {processor.py:161} INFO - Started process (PID=1713) to work on /home/airflow/.local/lib/python3.8/site-packages/airflow/example_dags/example_params_trigger_ui.py
[2025-05-20T07:58:25.046+0000] {processor.py:830} INFO - Processing file /home/airflow/.local/lib/python3.8/site-packages/airflow/example_dags/example_params_trigger_ui.py for tasks to queue
[2025-05-20T07:58:25.059+0000] {logging_mixin.py:188} INFO - [2025-05-20T07:58:25.059+0000] {dagbag.py:538} INFO - Filling up the DagBag from /home/airflow/.local/lib/python3.8/site-packages/airflow/example_dags/example_params_trigger_ui.py
[2025-05-20T07:58:25.094+0000] {processor.py:840} INFO - DAG(s) 'example_params_trigger_ui' retrieved from /home/airflow/.local/lib/python3.8/site-packages/airflow/example_dags/example_params_trigger_ui.py
[2025-05-20T07:58:25.212+0000] {logging_mixin.py:188} INFO - [2025-05-20T07:58:25.211+0000] {dag.py:3036} INFO - Sync 1 DAGs
[2025-05-20T07:58:25.265+0000] {logging_mixin.py:188} INFO - [2025-05-20T07:58:25.264+0000] {dag.py:3823} INFO - Setting next_dagrun for example_params_trigger_ui to None, run_after=None
[2025-05-20T07:58:25.312+0000] {processor.py:183} INFO - Processing /home/airflow/.local/lib/python3.8/site-packages/airflow/example_dags/example_params_trigger_ui.py took 0.280 seconds
[2025-05-20T07:58:56.636+0000] {processor.py:161} INFO - Started process (PID=1778) to work on /home/airflow/.local/lib/python3.8/site-packages/airflow/example_dags/example_params_trigger_ui.py
[2025-05-20T07:58:56.639+0000] {processor.py:830} INFO - Processing file /home/airflow/.local/lib/python3.8/site-packages/airflow/example_dags/example_params_trigger_ui.py for tasks to queue
[2025-05-20T07:58:56.645+0000] {logging_mixin.py:188} INFO - [2025-05-20T07:58:56.644+0000] {dagbag.py:538} INFO - Filling up the DagBag from /home/airflow/.local/lib/python3.8/site-packages/airflow/example_dags/example_params_trigger_ui.py
[2025-05-20T07:58:56.697+0000] {processor.py:840} INFO - DAG(s) 'example_params_trigger_ui' retrieved from /home/airflow/.local/lib/python3.8/site-packages/airflow/example_dags/example_params_trigger_ui.py
[2025-05-20T07:58:57.050+0000] {logging_mixin.py:188} INFO - [2025-05-20T07:58:57.048+0000] {dag.py:3036} INFO - Sync 1 DAGs
[2025-05-20T07:58:57.091+0000] {logging_mixin.py:188} INFO - [2025-05-20T07:58:57.091+0000] {dag.py:3823} INFO - Setting next_dagrun for example_params_trigger_ui to None, run_after=None
[2025-05-20T07:58:57.146+0000] {processor.py:183} INFO - Processing /home/airflow/.local/lib/python3.8/site-packages/airflow/example_dags/example_params_trigger_ui.py took 0.521 seconds
[2025-05-20T07:59:28.291+0000] {processor.py:161} INFO - Started process (PID=1843) to work on /home/airflow/.local/lib/python3.8/site-packages/airflow/example_dags/example_params_trigger_ui.py
[2025-05-20T07:59:28.293+0000] {processor.py:830} INFO - Processing file /home/airflow/.local/lib/python3.8/site-packages/airflow/example_dags/example_params_trigger_ui.py for tasks to queue
[2025-05-20T07:59:28.296+0000] {logging_mixin.py:188} INFO - [2025-05-20T07:59:28.296+0000] {dagbag.py:538} INFO - Filling up the DagBag from /home/airflow/.local/lib/python3.8/site-packages/airflow/example_dags/example_params_trigger_ui.py
[2025-05-20T07:59:28.328+0000] {processor.py:840} INFO - DAG(s) 'example_params_trigger_ui' retrieved from /home/airflow/.local/lib/python3.8/site-packages/airflow/example_dags/example_params_trigger_ui.py
[2025-05-20T07:59:28.462+0000] {logging_mixin.py:188} INFO - [2025-05-20T07:59:28.462+0000] {dag.py:3036} INFO - Sync 1 DAGs
[2025-05-20T07:59:28.493+0000] {logging_mixin.py:188} INFO - [2025-05-20T07:59:28.492+0000] {dag.py:3823} INFO - Setting next_dagrun for example_params_trigger_ui to None, run_after=None
[2025-05-20T07:59:28.539+0000] {processor.py:183} INFO - Processing /home/airflow/.local/lib/python3.8/site-packages/airflow/example_dags/example_params_trigger_ui.py took 0.256 seconds
[2025-05-20T07:59:59.859+0000] {processor.py:161} INFO - Started process (PID=1908) to work on /home/airflow/.local/lib/python3.8/site-packages/airflow/example_dags/example_params_trigger_ui.py
[2025-05-20T07:59:59.861+0000] {processor.py:830} INFO - Processing file /home/airflow/.local/lib/python3.8/site-packages/airflow/example_dags/example_params_trigger_ui.py for tasks to queue
[2025-05-20T07:59:59.864+0000] {logging_mixin.py:188} INFO - [2025-05-20T07:59:59.864+0000] {dagbag.py:538} INFO - Filling up the DagBag from /home/airflow/.local/lib/python3.8/site-packages/airflow/example_dags/example_params_trigger_ui.py
[2025-05-20T07:59:59.891+0000] {processor.py:840} INFO - DAG(s) 'example_params_trigger_ui' retrieved from /home/airflow/.local/lib/python3.8/site-packages/airflow/example_dags/example_params_trigger_ui.py
[2025-05-20T07:59:59.994+0000] {logging_mixin.py:188} INFO - [2025-05-20T07:59:59.993+0000] {dag.py:3036} INFO - Sync 1 DAGs
[2025-05-20T08:00:00.017+0000] {logging_mixin.py:188} INFO - [2025-05-20T08:00:00.017+0000] {dag.py:3823} INFO - Setting next_dagrun for example_params_trigger_ui to None, run_after=None
[2025-05-20T08:00:00.084+0000] {processor.py:183} INFO - Processing /home/airflow/.local/lib/python3.8/site-packages/airflow/example_dags/example_params_trigger_ui.py took 0.231 seconds
[2025-05-20T08:00:32.419+0000] {processor.py:161} INFO - Started process (PID=1973) to work on /home/airflow/.local/lib/python3.8/site-packages/airflow/example_dags/example_params_trigger_ui.py
[2025-05-20T08:00:32.420+0000] {processor.py:830} INFO - Processing file /home/airflow/.local/lib/python3.8/site-packages/airflow/example_dags/example_params_trigger_ui.py for tasks to queue
[2025-05-20T08:00:32.424+0000] {logging_mixin.py:188} INFO - [2025-05-20T08:00:32.423+0000] {dagbag.py:538} INFO - Filling up the DagBag from /home/airflow/.local/lib/python3.8/site-packages/airflow/example_dags/example_params_trigger_ui.py
[2025-05-20T08:00:32.465+0000] {processor.py:840} INFO - DAG(s) 'example_params_trigger_ui' retrieved from /home/airflow/.local/lib/python3.8/site-packages/airflow/example_dags/example_params_trigger_ui.py
[2025-05-20T08:00:32.661+0000] {logging_mixin.py:188} INFO - [2025-05-20T08:00:32.660+0000] {dag.py:3036} INFO - Sync 1 DAGs
[2025-05-20T08:00:32.688+0000] {logging_mixin.py:188} INFO - [2025-05-20T08:00:32.687+0000] {dag.py:3823} INFO - Setting next_dagrun for example_params_trigger_ui to None, run_after=None
[2025-05-20T08:00:32.779+0000] {processor.py:183} INFO - Processing /home/airflow/.local/lib/python3.8/site-packages/airflow/example_dags/example_params_trigger_ui.py took 0.366 seconds
[2025-05-20T08:01:03.619+0000] {processor.py:161} INFO - Started process (PID=2038) to work on /home/airflow/.local/lib/python3.8/site-packages/airflow/example_dags/example_params_trigger_ui.py
[2025-05-20T08:01:03.621+0000] {processor.py:830} INFO - Processing file /home/airflow/.local/lib/python3.8/site-packages/airflow/example_dags/example_params_trigger_ui.py for tasks to queue
[2025-05-20T08:01:03.624+0000] {logging_mixin.py:188} INFO - [2025-05-20T08:01:03.623+0000] {dagbag.py:538} INFO - Filling up the DagBag from /home/airflow/.local/lib/python3.8/site-packages/airflow/example_dags/example_params_trigger_ui.py
[2025-05-20T08:01:03.938+0000] {processor.py:840} INFO - DAG(s) 'example_params_trigger_ui' retrieved from /home/airflow/.local/lib/python3.8/site-packages/airflow/example_dags/example_params_trigger_ui.py
[2025-05-20T08:01:04.174+0000] {logging_mixin.py:188} INFO - [2025-05-20T08:01:04.173+0000] {dag.py:3036} INFO - Sync 1 DAGs
[2025-05-20T08:01:04.219+0000] {logging_mixin.py:188} INFO - [2025-05-20T08:01:04.218+0000] {dag.py:3823} INFO - Setting next_dagrun for example_params_trigger_ui to None, run_after=None
[2025-05-20T08:01:04.294+0000] {processor.py:183} INFO - Processing /home/airflow/.local/lib/python3.8/site-packages/airflow/example_dags/example_params_trigger_ui.py took 0.679 seconds
[2025-05-20T08:01:34.905+0000] {processor.py:161} INFO - Started process (PID=2109) to work on /home/airflow/.local/lib/python3.8/site-packages/airflow/example_dags/example_params_trigger_ui.py
[2025-05-20T08:01:34.907+0000] {processor.py:830} INFO - Processing file /home/airflow/.local/lib/python3.8/site-packages/airflow/example_dags/example_params_trigger_ui.py for tasks to queue
[2025-05-20T08:01:34.912+0000] {logging_mixin.py:188} INFO - [2025-05-20T08:01:34.911+0000] {dagbag.py:538} INFO - Filling up the DagBag from /home/airflow/.local/lib/python3.8/site-packages/airflow/example_dags/example_params_trigger_ui.py
[2025-05-20T08:01:34.941+0000] {processor.py:840} INFO - DAG(s) 'example_params_trigger_ui' retrieved from /home/airflow/.local/lib/python3.8/site-packages/airflow/example_dags/example_params_trigger_ui.py
[2025-05-20T08:01:35.122+0000] {logging_mixin.py:188} INFO - [2025-05-20T08:01:35.122+0000] {dag.py:3036} INFO - Sync 1 DAGs
[2025-05-20T08:01:35.148+0000] {logging_mixin.py:188} INFO - [2025-05-20T08:01:35.148+0000] {dag.py:3823} INFO - Setting next_dagrun for example_params_trigger_ui to None, run_after=None
[2025-05-20T08:01:35.196+0000] {processor.py:183} INFO - Processing /home/airflow/.local/lib/python3.8/site-packages/airflow/example_dags/example_params_trigger_ui.py took 0.297 seconds
[2025-05-20T08:02:05.419+0000] {processor.py:161} INFO - Started process (PID=2174) to work on /home/airflow/.local/lib/python3.8/site-packages/airflow/example_dags/example_params_trigger_ui.py
[2025-05-20T08:02:05.421+0000] {processor.py:830} INFO - Processing file /home/airflow/.local/lib/python3.8/site-packages/airflow/example_dags/example_params_trigger_ui.py for tasks to queue
[2025-05-20T08:02:05.425+0000] {logging_mixin.py:188} INFO - [2025-05-20T08:02:05.424+0000] {dagbag.py:538} INFO - Filling up the DagBag from /home/airflow/.local/lib/python3.8/site-packages/airflow/example_dags/example_params_trigger_ui.py
[2025-05-20T08:02:05.451+0000] {processor.py:840} INFO - DAG(s) 'example_params_trigger_ui' retrieved from /home/airflow/.local/lib/python3.8/site-packages/airflow/example_dags/example_params_trigger_ui.py
[2025-05-20T08:02:05.627+0000] {logging_mixin.py:188} INFO - [2025-05-20T08:02:05.627+0000] {dag.py:3036} INFO - Sync 1 DAGs
[2025-05-20T08:02:05.688+0000] {logging_mixin.py:188} INFO - [2025-05-20T08:02:05.687+0000] {dag.py:3823} INFO - Setting next_dagrun for example_params_trigger_ui to None, run_after=None
[2025-05-20T08:02:05.752+0000] {processor.py:183} INFO - Processing /home/airflow/.local/lib/python3.8/site-packages/airflow/example_dags/example_params_trigger_ui.py took 0.343 seconds
[2025-05-20T08:02:36.188+0000] {processor.py:161} INFO - Started process (PID=2240) to work on /home/airflow/.local/lib/python3.8/site-packages/airflow/example_dags/example_params_trigger_ui.py
[2025-05-20T08:02:36.190+0000] {processor.py:830} INFO - Processing file /home/airflow/.local/lib/python3.8/site-packages/airflow/example_dags/example_params_trigger_ui.py for tasks to queue
[2025-05-20T08:02:36.194+0000] {logging_mixin.py:188} INFO - [2025-05-20T08:02:36.193+0000] {dagbag.py:538} INFO - Filling up the DagBag from /home/airflow/.local/lib/python3.8/site-packages/airflow/example_dags/example_params_trigger_ui.py
[2025-05-20T08:02:36.219+0000] {processor.py:840} INFO - DAG(s) 'example_params_trigger_ui' retrieved from /home/airflow/.local/lib/python3.8/site-packages/airflow/example_dags/example_params_trigger_ui.py
[2025-05-20T08:02:36.323+0000] {logging_mixin.py:188} INFO - [2025-05-20T08:02:36.322+0000] {dag.py:3036} INFO - Sync 1 DAGs
[2025-05-20T08:02:36.344+0000] {logging_mixin.py:188} INFO - [2025-05-20T08:02:36.343+0000] {dag.py:3823} INFO - Setting next_dagrun for example_params_trigger_ui to None, run_after=None
[2025-05-20T08:02:36.387+0000] {processor.py:183} INFO - Processing /home/airflow/.local/lib/python3.8/site-packages/airflow/example_dags/example_params_trigger_ui.py took 0.204 seconds
[2025-05-20T08:03:07.018+0000] {processor.py:161} INFO - Started process (PID=2305) to work on /home/airflow/.local/lib/python3.8/site-packages/airflow/example_dags/example_params_trigger_ui.py
[2025-05-20T08:03:07.020+0000] {processor.py:830} INFO - Processing file /home/airflow/.local/lib/python3.8/site-packages/airflow/example_dags/example_params_trigger_ui.py for tasks to queue
[2025-05-20T08:03:07.024+0000] {logging_mixin.py:188} INFO - [2025-05-20T08:03:07.023+0000] {dagbag.py:538} INFO - Filling up the DagBag from /home/airflow/.local/lib/python3.8/site-packages/airflow/example_dags/example_params_trigger_ui.py
[2025-05-20T08:03:07.058+0000] {processor.py:840} INFO - DAG(s) 'example_params_trigger_ui' retrieved from /home/airflow/.local/lib/python3.8/site-packages/airflow/example_dags/example_params_trigger_ui.py
[2025-05-20T08:03:07.175+0000] {logging_mixin.py:188} INFO - [2025-05-20T08:03:07.174+0000] {dag.py:3036} INFO - Sync 1 DAGs
[2025-05-20T08:03:07.202+0000] {logging_mixin.py:188} INFO - [2025-05-20T08:03:07.201+0000] {dag.py:3823} INFO - Setting next_dagrun for example_params_trigger_ui to None, run_after=None
[2025-05-20T08:03:07.245+0000] {processor.py:183} INFO - Processing /home/airflow/.local/lib/python3.8/site-packages/airflow/example_dags/example_params_trigger_ui.py took 0.235 seconds
[2025-05-20T08:03:38.075+0000] {processor.py:161} INFO - Started process (PID=2370) to work on /home/airflow/.local/lib/python3.8/site-packages/airflow/example_dags/example_params_trigger_ui.py
[2025-05-20T08:03:38.077+0000] {processor.py:830} INFO - Processing file /home/airflow/.local/lib/python3.8/site-packages/airflow/example_dags/example_params_trigger_ui.py for tasks to queue
[2025-05-20T08:03:38.081+0000] {logging_mixin.py:188} INFO - [2025-05-20T08:03:38.080+0000] {dagbag.py:538} INFO - Filling up the DagBag from /home/airflow/.local/lib/python3.8/site-packages/airflow/example_dags/example_params_trigger_ui.py
[2025-05-20T08:03:38.109+0000] {processor.py:840} INFO - DAG(s) 'example_params_trigger_ui' retrieved from /home/airflow/.local/lib/python3.8/site-packages/airflow/example_dags/example_params_trigger_ui.py
[2025-05-20T08:03:38.222+0000] {logging_mixin.py:188} INFO - [2025-05-20T08:03:38.221+0000] {dag.py:3036} INFO - Sync 1 DAGs
[2025-05-20T08:03:38.245+0000] {logging_mixin.py:188} INFO - [2025-05-20T08:03:38.244+0000] {dag.py:3823} INFO - Setting next_dagrun for example_params_trigger_ui to None, run_after=None
[2025-05-20T08:03:38.279+0000] {processor.py:183} INFO - Processing /home/airflow/.local/lib/python3.8/site-packages/airflow/example_dags/example_params_trigger_ui.py took 0.213 seconds
[2025-05-20T08:04:09.564+0000] {processor.py:161} INFO - Started process (PID=2435) to work on /home/airflow/.local/lib/python3.8/site-packages/airflow/example_dags/example_params_trigger_ui.py
[2025-05-20T08:04:09.566+0000] {processor.py:830} INFO - Processing file /home/airflow/.local/lib/python3.8/site-packages/airflow/example_dags/example_params_trigger_ui.py for tasks to queue
[2025-05-20T08:04:09.569+0000] {logging_mixin.py:188} INFO - [2025-05-20T08:04:09.569+0000] {dagbag.py:538} INFO - Filling up the DagBag from /home/airflow/.local/lib/python3.8/site-packages/airflow/example_dags/example_params_trigger_ui.py
[2025-05-20T08:04:09.598+0000] {processor.py:840} INFO - DAG(s) 'example_params_trigger_ui' retrieved from /home/airflow/.local/lib/python3.8/site-packages/airflow/example_dags/example_params_trigger_ui.py
[2025-05-20T08:04:09.715+0000] {logging_mixin.py:188} INFO - [2025-05-20T08:04:09.715+0000] {dag.py:3036} INFO - Sync 1 DAGs
[2025-05-20T08:04:09.740+0000] {logging_mixin.py:188} INFO - [2025-05-20T08:04:09.739+0000] {dag.py:3823} INFO - Setting next_dagrun for example_params_trigger_ui to None, run_after=None
[2025-05-20T08:04:09.780+0000] {processor.py:183} INFO - Processing /home/airflow/.local/lib/python3.8/site-packages/airflow/example_dags/example_params_trigger_ui.py took 0.224 seconds
