[2025-05-20T07:45:18.993+0000] {processor.py:161} INFO - Started process (PID=85) to work on /home/airflow/.local/lib/python3.8/site-packages/airflow/example_dags/example_subdag_operator.py
[2025-05-20T07:45:18.994+0000] {processor.py:830} INFO - Processing file /home/airflow/.local/lib/python3.8/site-packages/airflow/example_dags/example_subdag_operator.py for tasks to queue
[2025-05-20T07:45:18.998+0000] {logging_mixin.py:188} INFO - [2025-05-20T07:45:18.997+0000] {dagbag.py:538} INFO - Filling up the DagBag from /home/airflow/.local/lib/python3.8/site-packages/airflow/example_dags/example_subdag_operator.py
[2025-05-20T07:45:19.037+0000] {processor.py:840} INFO - DAG(s) 'example_subdag_operator.section-1', 'example_subdag_operator.section-2', 'example_subdag_operator' retrieved from /home/airflow/.local/lib/python3.8/site-packages/airflow/example_dags/example_subdag_operator.py
[2025-05-20T07:45:19.215+0000] {logging_mixin.py:188} INFO - [2025-05-20T07:45:19.215+0000] {dag.py:3036} INFO - Sync 3 DAGs
[2025-05-20T07:45:19.252+0000] {logging_mixin.py:188} INFO - [2025-05-20T07:45:19.251+0000] {dag.py:3823} INFO - Setting next_dagrun for example_subdag_operator to 2022-01-01 00:00:00+00:00, run_after=2022-01-01 00:00:00+00:00
[2025-05-20T07:45:19.259+0000] {logging_mixin.py:188} INFO - [2025-05-20T07:45:19.259+0000] {dag.py:3823} INFO - Setting next_dagrun for example_subdag_operator.section-1 to None, run_after=None
[2025-05-20T07:45:19.262+0000] {logging_mixin.py:188} INFO - [2025-05-20T07:45:19.261+0000] {dag.py:3823} INFO - Setting next_dagrun for example_subdag_operator.section-2 to None, run_after=None
[2025-05-20T07:45:19.277+0000] {logging_mixin.py:188} INFO - [2025-05-20T07:45:19.277+0000] {dag.py:3036} INFO - Sync 2 DAGs
[2025-05-20T07:45:19.286+0000] {logging_mixin.py:188} INFO - [2025-05-20T07:45:19.286+0000] {dag.py:3823} INFO - Setting next_dagrun for example_subdag_operator.section-1 to None, run_after=None
[2025-05-20T07:45:19.287+0000] {logging_mixin.py:188} INFO - [2025-05-20T07:45:19.287+0000] {dag.py:3823} INFO - Setting next_dagrun for example_subdag_operator.section-2 to None, run_after=None
[2025-05-20T07:45:19.307+0000] {processor.py:183} INFO - Processing /home/airflow/.local/lib/python3.8/site-packages/airflow/example_dags/example_subdag_operator.py took 0.320 seconds
[2025-05-20T07:45:49.769+0000] {processor.py:161} INFO - Started process (PID=150) to work on /home/airflow/.local/lib/python3.8/site-packages/airflow/example_dags/example_subdag_operator.py
[2025-05-20T07:45:49.771+0000] {processor.py:830} INFO - Processing file /home/airflow/.local/lib/python3.8/site-packages/airflow/example_dags/example_subdag_operator.py for tasks to queue
[2025-05-20T07:45:49.774+0000] {logging_mixin.py:188} INFO - [2025-05-20T07:45:49.774+0000] {dagbag.py:538} INFO - Filling up the DagBag from /home/airflow/.local/lib/python3.8/site-packages/airflow/example_dags/example_subdag_operator.py
[2025-05-20T07:45:49.823+0000] {processor.py:840} INFO - DAG(s) 'example_subdag_operator.section-1', 'example_subdag_operator.section-2', 'example_subdag_operator' retrieved from /home/airflow/.local/lib/python3.8/site-packages/airflow/example_dags/example_subdag_operator.py
[2025-05-20T07:45:49.858+0000] {logging_mixin.py:188} INFO - [2025-05-20T07:45:49.857+0000] {dag.py:3036} INFO - Sync 3 DAGs
[2025-05-20T07:45:49.908+0000] {logging_mixin.py:188} INFO - [2025-05-20T07:45:49.907+0000] {dag.py:3823} INFO - Setting next_dagrun for example_subdag_operator to 2022-01-01 00:00:00+00:00, run_after=2022-01-01 00:00:00+00:00
[2025-05-20T07:45:49.917+0000] {logging_mixin.py:188} INFO - [2025-05-20T07:45:49.916+0000] {dag.py:3823} INFO - Setting next_dagrun for example_subdag_operator.section-1 to None, run_after=None
[2025-05-20T07:45:49.921+0000] {logging_mixin.py:188} INFO - [2025-05-20T07:45:49.920+0000] {dag.py:3823} INFO - Setting next_dagrun for example_subdag_operator.section-2 to None, run_after=None
[2025-05-20T07:45:49.937+0000] {logging_mixin.py:188} INFO - [2025-05-20T07:45:49.937+0000] {dag.py:3036} INFO - Sync 2 DAGs
[2025-05-20T07:45:49.950+0000] {logging_mixin.py:188} INFO - [2025-05-20T07:45:49.949+0000] {dag.py:3823} INFO - Setting next_dagrun for example_subdag_operator.section-1 to None, run_after=None
[2025-05-20T07:45:49.952+0000] {logging_mixin.py:188} INFO - [2025-05-20T07:45:49.951+0000] {dag.py:3823} INFO - Setting next_dagrun for example_subdag_operator.section-2 to None, run_after=None
[2025-05-20T07:45:49.988+0000] {processor.py:183} INFO - Processing /home/airflow/.local/lib/python3.8/site-packages/airflow/example_dags/example_subdag_operator.py took 0.226 seconds
[2025-05-20T07:46:20.277+0000] {processor.py:161} INFO - Started process (PID=215) to work on /home/airflow/.local/lib/python3.8/site-packages/airflow/example_dags/example_subdag_operator.py
[2025-05-20T07:46:20.279+0000] {processor.py:830} INFO - Processing file /home/airflow/.local/lib/python3.8/site-packages/airflow/example_dags/example_subdag_operator.py for tasks to queue
[2025-05-20T07:46:20.282+0000] {logging_mixin.py:188} INFO - [2025-05-20T07:46:20.282+0000] {dagbag.py:538} INFO - Filling up the DagBag from /home/airflow/.local/lib/python3.8/site-packages/airflow/example_dags/example_subdag_operator.py
[2025-05-20T07:46:20.323+0000] {processor.py:840} INFO - DAG(s) 'example_subdag_operator.section-1', 'example_subdag_operator.section-2', 'example_subdag_operator' retrieved from /home/airflow/.local/lib/python3.8/site-packages/airflow/example_dags/example_subdag_operator.py
[2025-05-20T07:46:20.358+0000] {logging_mixin.py:188} INFO - [2025-05-20T07:46:20.358+0000] {dag.py:3036} INFO - Sync 3 DAGs
[2025-05-20T07:46:20.404+0000] {logging_mixin.py:188} INFO - [2025-05-20T07:46:20.404+0000] {dag.py:3823} INFO - Setting next_dagrun for example_subdag_operator to 2022-01-01 00:00:00+00:00, run_after=2022-01-01 00:00:00+00:00
[2025-05-20T07:46:20.412+0000] {logging_mixin.py:188} INFO - [2025-05-20T07:46:20.411+0000] {dag.py:3823} INFO - Setting next_dagrun for example_subdag_operator.section-1 to None, run_after=None
[2025-05-20T07:46:20.414+0000] {logging_mixin.py:188} INFO - [2025-05-20T07:46:20.414+0000] {dag.py:3823} INFO - Setting next_dagrun for example_subdag_operator.section-2 to None, run_after=None
[2025-05-20T07:46:20.430+0000] {logging_mixin.py:188} INFO - [2025-05-20T07:46:20.430+0000] {dag.py:3036} INFO - Sync 2 DAGs
[2025-05-20T07:46:20.442+0000] {logging_mixin.py:188} INFO - [2025-05-20T07:46:20.442+0000] {dag.py:3823} INFO - Setting next_dagrun for example_subdag_operator.section-1 to None, run_after=None
[2025-05-20T07:46:20.444+0000] {logging_mixin.py:188} INFO - [2025-05-20T07:46:20.443+0000] {dag.py:3823} INFO - Setting next_dagrun for example_subdag_operator.section-2 to None, run_after=None
[2025-05-20T07:46:20.468+0000] {processor.py:183} INFO - Processing /home/airflow/.local/lib/python3.8/site-packages/airflow/example_dags/example_subdag_operator.py took 0.195 seconds
[2025-05-20T07:46:51.745+0000] {processor.py:161} INFO - Started process (PID=280) to work on /home/airflow/.local/lib/python3.8/site-packages/airflow/example_dags/example_subdag_operator.py
[2025-05-20T07:46:51.758+0000] {processor.py:830} INFO - Processing file /home/airflow/.local/lib/python3.8/site-packages/airflow/example_dags/example_subdag_operator.py for tasks to queue
[2025-05-20T07:46:51.764+0000] {logging_mixin.py:188} INFO - [2025-05-20T07:46:51.764+0000] {dagbag.py:538} INFO - Filling up the DagBag from /home/airflow/.local/lib/python3.8/site-packages/airflow/example_dags/example_subdag_operator.py
[2025-05-20T07:46:51.854+0000] {processor.py:840} INFO - DAG(s) 'example_subdag_operator.section-1', 'example_subdag_operator.section-2', 'example_subdag_operator' retrieved from /home/airflow/.local/lib/python3.8/site-packages/airflow/example_dags/example_subdag_operator.py
[2025-05-20T07:46:51.929+0000] {logging_mixin.py:188} INFO - [2025-05-20T07:46:51.929+0000] {dag.py:3036} INFO - Sync 3 DAGs
[2025-05-20T07:46:52.044+0000] {logging_mixin.py:188} INFO - [2025-05-20T07:46:52.044+0000] {dag.py:3823} INFO - Setting next_dagrun for example_subdag_operator to 2022-01-01 00:00:00+00:00, run_after=2022-01-01 00:00:00+00:00
[2025-05-20T07:46:52.070+0000] {logging_mixin.py:188} INFO - [2025-05-20T07:46:52.067+0000] {dag.py:3823} INFO - Setting next_dagrun for example_subdag_operator.section-1 to None, run_after=None
[2025-05-20T07:46:52.076+0000] {logging_mixin.py:188} INFO - [2025-05-20T07:46:52.074+0000] {dag.py:3823} INFO - Setting next_dagrun for example_subdag_operator.section-2 to None, run_after=None
[2025-05-20T07:46:52.107+0000] {logging_mixin.py:188} INFO - [2025-05-20T07:46:52.105+0000] {dag.py:3036} INFO - Sync 2 DAGs
[2025-05-20T07:46:52.131+0000] {logging_mixin.py:188} INFO - [2025-05-20T07:46:52.131+0000] {dag.py:3823} INFO - Setting next_dagrun for example_subdag_operator.section-1 to None, run_after=None
[2025-05-20T07:46:52.132+0000] {logging_mixin.py:188} INFO - [2025-05-20T07:46:52.132+0000] {dag.py:3823} INFO - Setting next_dagrun for example_subdag_operator.section-2 to None, run_after=None
[2025-05-20T07:46:52.165+0000] {processor.py:183} INFO - Processing /home/airflow/.local/lib/python3.8/site-packages/airflow/example_dags/example_subdag_operator.py took 0.429 seconds
[2025-05-20T07:47:24.095+0000] {processor.py:161} INFO - Started process (PID=345) to work on /home/airflow/.local/lib/python3.8/site-packages/airflow/example_dags/example_subdag_operator.py
[2025-05-20T07:47:24.107+0000] {processor.py:830} INFO - Processing file /home/airflow/.local/lib/python3.8/site-packages/airflow/example_dags/example_subdag_operator.py for tasks to queue
[2025-05-20T07:47:24.121+0000] {logging_mixin.py:188} INFO - [2025-05-20T07:47:24.120+0000] {dagbag.py:538} INFO - Filling up the DagBag from /home/airflow/.local/lib/python3.8/site-packages/airflow/example_dags/example_subdag_operator.py
[2025-05-20T07:47:24.259+0000] {processor.py:840} INFO - DAG(s) 'example_subdag_operator.section-1', 'example_subdag_operator.section-2', 'example_subdag_operator' retrieved from /home/airflow/.local/lib/python3.8/site-packages/airflow/example_dags/example_subdag_operator.py
[2025-05-20T07:47:24.331+0000] {logging_mixin.py:188} INFO - [2025-05-20T07:47:24.331+0000] {dag.py:3036} INFO - Sync 3 DAGs
[2025-05-20T07:47:24.439+0000] {logging_mixin.py:188} INFO - [2025-05-20T07:47:24.438+0000] {dag.py:3823} INFO - Setting next_dagrun for example_subdag_operator to 2022-01-01 00:00:00+00:00, run_after=2022-01-01 00:00:00+00:00
[2025-05-20T07:47:24.457+0000] {logging_mixin.py:188} INFO - [2025-05-20T07:47:24.456+0000] {dag.py:3823} INFO - Setting next_dagrun for example_subdag_operator.section-1 to None, run_after=None
[2025-05-20T07:47:24.470+0000] {logging_mixin.py:188} INFO - [2025-05-20T07:47:24.461+0000] {dag.py:3823} INFO - Setting next_dagrun for example_subdag_operator.section-2 to None, run_after=None
[2025-05-20T07:47:24.500+0000] {logging_mixin.py:188} INFO - [2025-05-20T07:47:24.500+0000] {dag.py:3036} INFO - Sync 2 DAGs
[2025-05-20T07:47:24.520+0000] {logging_mixin.py:188} INFO - [2025-05-20T07:47:24.519+0000] {dag.py:3823} INFO - Setting next_dagrun for example_subdag_operator.section-1 to None, run_after=None
[2025-05-20T07:47:24.521+0000] {logging_mixin.py:188} INFO - [2025-05-20T07:47:24.521+0000] {dag.py:3823} INFO - Setting next_dagrun for example_subdag_operator.section-2 to None, run_after=None
[2025-05-20T07:47:24.567+0000] {processor.py:183} INFO - Processing /home/airflow/.local/lib/python3.8/site-packages/airflow/example_dags/example_subdag_operator.py took 0.491 seconds
[2025-05-20T07:47:55.378+0000] {processor.py:161} INFO - Started process (PID=410) to work on /home/airflow/.local/lib/python3.8/site-packages/airflow/example_dags/example_subdag_operator.py
[2025-05-20T07:47:55.380+0000] {processor.py:830} INFO - Processing file /home/airflow/.local/lib/python3.8/site-packages/airflow/example_dags/example_subdag_operator.py for tasks to queue
[2025-05-20T07:47:55.383+0000] {logging_mixin.py:188} INFO - [2025-05-20T07:47:55.382+0000] {dagbag.py:538} INFO - Filling up the DagBag from /home/airflow/.local/lib/python3.8/site-packages/airflow/example_dags/example_subdag_operator.py
[2025-05-20T07:47:55.422+0000] {processor.py:840} INFO - DAG(s) 'example_subdag_operator.section-1', 'example_subdag_operator.section-2', 'example_subdag_operator' retrieved from /home/airflow/.local/lib/python3.8/site-packages/airflow/example_dags/example_subdag_operator.py
[2025-05-20T07:47:55.451+0000] {logging_mixin.py:188} INFO - [2025-05-20T07:47:55.451+0000] {dag.py:3036} INFO - Sync 3 DAGs
[2025-05-20T07:47:55.504+0000] {logging_mixin.py:188} INFO - [2025-05-20T07:47:55.503+0000] {dag.py:3823} INFO - Setting next_dagrun for example_subdag_operator to 2022-01-01 00:00:00+00:00, run_after=2022-01-01 00:00:00+00:00
[2025-05-20T07:47:55.515+0000] {logging_mixin.py:188} INFO - [2025-05-20T07:47:55.514+0000] {dag.py:3823} INFO - Setting next_dagrun for example_subdag_operator.section-1 to None, run_after=None
[2025-05-20T07:47:55.520+0000] {logging_mixin.py:188} INFO - [2025-05-20T07:47:55.519+0000] {dag.py:3823} INFO - Setting next_dagrun for example_subdag_operator.section-2 to None, run_after=None
[2025-05-20T07:47:55.546+0000] {logging_mixin.py:188} INFO - [2025-05-20T07:47:55.546+0000] {dag.py:3036} INFO - Sync 2 DAGs
[2025-05-20T07:47:55.569+0000] {logging_mixin.py:188} INFO - [2025-05-20T07:47:55.568+0000] {dag.py:3823} INFO - Setting next_dagrun for example_subdag_operator.section-1 to None, run_after=None
[2025-05-20T07:47:55.572+0000] {logging_mixin.py:188} INFO - [2025-05-20T07:47:55.571+0000] {dag.py:3823} INFO - Setting next_dagrun for example_subdag_operator.section-2 to None, run_after=None
[2025-05-20T07:47:55.636+0000] {processor.py:183} INFO - Processing /home/airflow/.local/lib/python3.8/site-packages/airflow/example_dags/example_subdag_operator.py took 0.263 seconds
[2025-05-20T07:48:27.015+0000] {processor.py:161} INFO - Started process (PID=475) to work on /home/airflow/.local/lib/python3.8/site-packages/airflow/example_dags/example_subdag_operator.py
[2025-05-20T07:48:27.019+0000] {processor.py:830} INFO - Processing file /home/airflow/.local/lib/python3.8/site-packages/airflow/example_dags/example_subdag_operator.py for tasks to queue
[2025-05-20T07:48:27.027+0000] {logging_mixin.py:188} INFO - [2025-05-20T07:48:27.025+0000] {dagbag.py:538} INFO - Filling up the DagBag from /home/airflow/.local/lib/python3.8/site-packages/airflow/example_dags/example_subdag_operator.py
[2025-05-20T07:48:27.126+0000] {processor.py:840} INFO - DAG(s) 'example_subdag_operator.section-1', 'example_subdag_operator.section-2', 'example_subdag_operator' retrieved from /home/airflow/.local/lib/python3.8/site-packages/airflow/example_dags/example_subdag_operator.py
[2025-05-20T07:48:27.213+0000] {logging_mixin.py:188} INFO - [2025-05-20T07:48:27.212+0000] {dag.py:3036} INFO - Sync 3 DAGs
[2025-05-20T07:48:27.335+0000] {logging_mixin.py:188} INFO - [2025-05-20T07:48:27.333+0000] {dag.py:3823} INFO - Setting next_dagrun for example_subdag_operator to 2022-01-01 00:00:00+00:00, run_after=2022-01-01 00:00:00+00:00
[2025-05-20T07:48:27.359+0000] {logging_mixin.py:188} INFO - [2025-05-20T07:48:27.358+0000] {dag.py:3823} INFO - Setting next_dagrun for example_subdag_operator.section-1 to None, run_after=None
[2025-05-20T07:48:27.366+0000] {logging_mixin.py:188} INFO - [2025-05-20T07:48:27.365+0000] {dag.py:3823} INFO - Setting next_dagrun for example_subdag_operator.section-2 to None, run_after=None
[2025-05-20T07:48:27.399+0000] {logging_mixin.py:188} INFO - [2025-05-20T07:48:27.398+0000] {dag.py:3036} INFO - Sync 2 DAGs
[2025-05-20T07:48:27.424+0000] {logging_mixin.py:188} INFO - [2025-05-20T07:48:27.423+0000] {dag.py:3823} INFO - Setting next_dagrun for example_subdag_operator.section-1 to None, run_after=None
[2025-05-20T07:48:27.428+0000] {logging_mixin.py:188} INFO - [2025-05-20T07:48:27.427+0000] {dag.py:3823} INFO - Setting next_dagrun for example_subdag_operator.section-2 to None, run_after=None
[2025-05-20T07:48:27.485+0000] {processor.py:183} INFO - Processing /home/airflow/.local/lib/python3.8/site-packages/airflow/example_dags/example_subdag_operator.py took 0.483 seconds
[2025-05-20T07:48:57.991+0000] {processor.py:161} INFO - Started process (PID=540) to work on /home/airflow/.local/lib/python3.8/site-packages/airflow/example_dags/example_subdag_operator.py
[2025-05-20T07:48:57.993+0000] {processor.py:830} INFO - Processing file /home/airflow/.local/lib/python3.8/site-packages/airflow/example_dags/example_subdag_operator.py for tasks to queue
[2025-05-20T07:48:57.998+0000] {logging_mixin.py:188} INFO - [2025-05-20T07:48:57.997+0000] {dagbag.py:538} INFO - Filling up the DagBag from /home/airflow/.local/lib/python3.8/site-packages/airflow/example_dags/example_subdag_operator.py
[2025-05-20T07:48:58.054+0000] {processor.py:840} INFO - DAG(s) 'example_subdag_operator.section-1', 'example_subdag_operator.section-2', 'example_subdag_operator' retrieved from /home/airflow/.local/lib/python3.8/site-packages/airflow/example_dags/example_subdag_operator.py
[2025-05-20T07:48:58.093+0000] {logging_mixin.py:188} INFO - [2025-05-20T07:48:58.092+0000] {dag.py:3036} INFO - Sync 3 DAGs
[2025-05-20T07:48:58.145+0000] {logging_mixin.py:188} INFO - [2025-05-20T07:48:58.144+0000] {dag.py:3823} INFO - Setting next_dagrun for example_subdag_operator to 2022-01-01 00:00:00+00:00, run_after=2022-01-01 00:00:00+00:00
[2025-05-20T07:48:58.154+0000] {logging_mixin.py:188} INFO - [2025-05-20T07:48:58.153+0000] {dag.py:3823} INFO - Setting next_dagrun for example_subdag_operator.section-1 to None, run_after=None
[2025-05-20T07:48:58.157+0000] {logging_mixin.py:188} INFO - [2025-05-20T07:48:58.157+0000] {dag.py:3823} INFO - Setting next_dagrun for example_subdag_operator.section-2 to None, run_after=None
[2025-05-20T07:48:58.174+0000] {logging_mixin.py:188} INFO - [2025-05-20T07:48:58.173+0000] {dag.py:3036} INFO - Sync 2 DAGs
[2025-05-20T07:48:58.186+0000] {logging_mixin.py:188} INFO - [2025-05-20T07:48:58.185+0000] {dag.py:3823} INFO - Setting next_dagrun for example_subdag_operator.section-1 to None, run_after=None
[2025-05-20T07:48:58.187+0000] {logging_mixin.py:188} INFO - [2025-05-20T07:48:58.187+0000] {dag.py:3823} INFO - Setting next_dagrun for example_subdag_operator.section-2 to None, run_after=None
[2025-05-20T07:48:58.218+0000] {processor.py:183} INFO - Processing /home/airflow/.local/lib/python3.8/site-packages/airflow/example_dags/example_subdag_operator.py took 0.235 seconds
[2025-05-20T07:49:28.463+0000] {processor.py:161} INFO - Started process (PID=605) to work on /home/airflow/.local/lib/python3.8/site-packages/airflow/example_dags/example_subdag_operator.py
[2025-05-20T07:49:28.466+0000] {processor.py:830} INFO - Processing file /home/airflow/.local/lib/python3.8/site-packages/airflow/example_dags/example_subdag_operator.py for tasks to queue
[2025-05-20T07:49:28.470+0000] {logging_mixin.py:188} INFO - [2025-05-20T07:49:28.469+0000] {dagbag.py:538} INFO - Filling up the DagBag from /home/airflow/.local/lib/python3.8/site-packages/airflow/example_dags/example_subdag_operator.py
[2025-05-20T07:49:28.523+0000] {processor.py:840} INFO - DAG(s) 'example_subdag_operator.section-1', 'example_subdag_operator.section-2', 'example_subdag_operator' retrieved from /home/airflow/.local/lib/python3.8/site-packages/airflow/example_dags/example_subdag_operator.py
[2025-05-20T07:49:28.562+0000] {logging_mixin.py:188} INFO - [2025-05-20T07:49:28.561+0000] {dag.py:3036} INFO - Sync 3 DAGs
[2025-05-20T07:49:28.613+0000] {logging_mixin.py:188} INFO - [2025-05-20T07:49:28.612+0000] {dag.py:3823} INFO - Setting next_dagrun for example_subdag_operator to 2022-01-01 00:00:00+00:00, run_after=2022-01-01 00:00:00+00:00
[2025-05-20T07:49:28.621+0000] {logging_mixin.py:188} INFO - [2025-05-20T07:49:28.621+0000] {dag.py:3823} INFO - Setting next_dagrun for example_subdag_operator.section-1 to None, run_after=None
[2025-05-20T07:49:28.625+0000] {logging_mixin.py:188} INFO - [2025-05-20T07:49:28.625+0000] {dag.py:3823} INFO - Setting next_dagrun for example_subdag_operator.section-2 to None, run_after=None
[2025-05-20T07:49:28.641+0000] {logging_mixin.py:188} INFO - [2025-05-20T07:49:28.641+0000] {dag.py:3036} INFO - Sync 2 DAGs
[2025-05-20T07:49:28.654+0000] {logging_mixin.py:188} INFO - [2025-05-20T07:49:28.653+0000] {dag.py:3823} INFO - Setting next_dagrun for example_subdag_operator.section-1 to None, run_after=None
[2025-05-20T07:49:28.656+0000] {logging_mixin.py:188} INFO - [2025-05-20T07:49:28.655+0000] {dag.py:3823} INFO - Setting next_dagrun for example_subdag_operator.section-2 to None, run_after=None
[2025-05-20T07:49:28.687+0000] {processor.py:183} INFO - Processing /home/airflow/.local/lib/python3.8/site-packages/airflow/example_dags/example_subdag_operator.py took 0.230 seconds
[2025-05-20T07:50:00.098+0000] {processor.py:161} INFO - Started process (PID=670) to work on /home/airflow/.local/lib/python3.8/site-packages/airflow/example_dags/example_subdag_operator.py
[2025-05-20T07:50:00.100+0000] {processor.py:830} INFO - Processing file /home/airflow/.local/lib/python3.8/site-packages/airflow/example_dags/example_subdag_operator.py for tasks to queue
[2025-05-20T07:50:00.105+0000] {logging_mixin.py:188} INFO - [2025-05-20T07:50:00.104+0000] {dagbag.py:538} INFO - Filling up the DagBag from /home/airflow/.local/lib/python3.8/site-packages/airflow/example_dags/example_subdag_operator.py
[2025-05-20T07:50:00.165+0000] {processor.py:840} INFO - DAG(s) 'example_subdag_operator.section-1', 'example_subdag_operator.section-2', 'example_subdag_operator' retrieved from /home/airflow/.local/lib/python3.8/site-packages/airflow/example_dags/example_subdag_operator.py
[2025-05-20T07:50:00.208+0000] {logging_mixin.py:188} INFO - [2025-05-20T07:50:00.208+0000] {dag.py:3036} INFO - Sync 3 DAGs
[2025-05-20T07:50:00.269+0000] {logging_mixin.py:188} INFO - [2025-05-20T07:50:00.268+0000] {dag.py:3823} INFO - Setting next_dagrun for example_subdag_operator to 2022-01-01 00:00:00+00:00, run_after=2022-01-01 00:00:00+00:00
[2025-05-20T07:50:00.279+0000] {logging_mixin.py:188} INFO - [2025-05-20T07:50:00.278+0000] {dag.py:3823} INFO - Setting next_dagrun for example_subdag_operator.section-1 to None, run_after=None
[2025-05-20T07:50:00.283+0000] {logging_mixin.py:188} INFO - [2025-05-20T07:50:00.282+0000] {dag.py:3823} INFO - Setting next_dagrun for example_subdag_operator.section-2 to None, run_after=None
[2025-05-20T07:50:00.302+0000] {logging_mixin.py:188} INFO - [2025-05-20T07:50:00.301+0000] {dag.py:3036} INFO - Sync 2 DAGs
[2025-05-20T07:50:00.315+0000] {logging_mixin.py:188} INFO - [2025-05-20T07:50:00.315+0000] {dag.py:3823} INFO - Setting next_dagrun for example_subdag_operator.section-1 to None, run_after=None
[2025-05-20T07:50:00.317+0000] {logging_mixin.py:188} INFO - [2025-05-20T07:50:00.317+0000] {dag.py:3823} INFO - Setting next_dagrun for example_subdag_operator.section-2 to None, run_after=None
[2025-05-20T07:50:00.352+0000] {processor.py:183} INFO - Processing /home/airflow/.local/lib/python3.8/site-packages/airflow/example_dags/example_subdag_operator.py took 0.263 seconds
[2025-05-20T07:50:31.072+0000] {processor.py:161} INFO - Started process (PID=735) to work on /home/airflow/.local/lib/python3.8/site-packages/airflow/example_dags/example_subdag_operator.py
[2025-05-20T07:50:31.074+0000] {processor.py:830} INFO - Processing file /home/airflow/.local/lib/python3.8/site-packages/airflow/example_dags/example_subdag_operator.py for tasks to queue
[2025-05-20T07:50:31.078+0000] {logging_mixin.py:188} INFO - [2025-05-20T07:50:31.078+0000] {dagbag.py:538} INFO - Filling up the DagBag from /home/airflow/.local/lib/python3.8/site-packages/airflow/example_dags/example_subdag_operator.py
[2025-05-20T07:50:31.147+0000] {processor.py:840} INFO - DAG(s) 'example_subdag_operator.section-1', 'example_subdag_operator.section-2', 'example_subdag_operator' retrieved from /home/airflow/.local/lib/python3.8/site-packages/airflow/example_dags/example_subdag_operator.py
[2025-05-20T07:50:31.198+0000] {logging_mixin.py:188} INFO - [2025-05-20T07:50:31.197+0000] {dag.py:3036} INFO - Sync 3 DAGs
[2025-05-20T07:50:31.236+0000] {logging_mixin.py:188} INFO - [2025-05-20T07:50:31.236+0000] {dag.py:3823} INFO - Setting next_dagrun for example_subdag_operator to 2022-01-01 00:00:00+00:00, run_after=2022-01-01 00:00:00+00:00
[2025-05-20T07:50:31.242+0000] {logging_mixin.py:188} INFO - [2025-05-20T07:50:31.241+0000] {dag.py:3823} INFO - Setting next_dagrun for example_subdag_operator.section-1 to None, run_after=None
[2025-05-20T07:50:31.244+0000] {logging_mixin.py:188} INFO - [2025-05-20T07:50:31.244+0000] {dag.py:3823} INFO - Setting next_dagrun for example_subdag_operator.section-2 to None, run_after=None
[2025-05-20T07:50:31.255+0000] {logging_mixin.py:188} INFO - [2025-05-20T07:50:31.254+0000] {dag.py:3036} INFO - Sync 2 DAGs
[2025-05-20T07:50:31.263+0000] {logging_mixin.py:188} INFO - [2025-05-20T07:50:31.262+0000] {dag.py:3823} INFO - Setting next_dagrun for example_subdag_operator.section-1 to None, run_after=None
[2025-05-20T07:50:31.264+0000] {logging_mixin.py:188} INFO - [2025-05-20T07:50:31.263+0000] {dag.py:3823} INFO - Setting next_dagrun for example_subdag_operator.section-2 to None, run_after=None
[2025-05-20T07:50:31.288+0000] {processor.py:183} INFO - Processing /home/airflow/.local/lib/python3.8/site-packages/airflow/example_dags/example_subdag_operator.py took 0.225 seconds
[2025-05-20T07:51:03.385+0000] {processor.py:161} INFO - Started process (PID=806) to work on /home/airflow/.local/lib/python3.8/site-packages/airflow/example_dags/example_subdag_operator.py
[2025-05-20T07:51:03.387+0000] {processor.py:830} INFO - Processing file /home/airflow/.local/lib/python3.8/site-packages/airflow/example_dags/example_subdag_operator.py for tasks to queue
[2025-05-20T07:51:03.391+0000] {logging_mixin.py:188} INFO - [2025-05-20T07:51:03.391+0000] {dagbag.py:538} INFO - Filling up the DagBag from /home/airflow/.local/lib/python3.8/site-packages/airflow/example_dags/example_subdag_operator.py
[2025-05-20T07:51:03.436+0000] {processor.py:840} INFO - DAG(s) 'example_subdag_operator.section-1', 'example_subdag_operator.section-2', 'example_subdag_operator' retrieved from /home/airflow/.local/lib/python3.8/site-packages/airflow/example_dags/example_subdag_operator.py
[2025-05-20T07:51:03.466+0000] {logging_mixin.py:188} INFO - [2025-05-20T07:51:03.465+0000] {dag.py:3036} INFO - Sync 3 DAGs
[2025-05-20T07:51:03.515+0000] {logging_mixin.py:188} INFO - [2025-05-20T07:51:03.515+0000] {dag.py:3823} INFO - Setting next_dagrun for example_subdag_operator to 2022-01-01 00:00:00+00:00, run_after=2022-01-01 00:00:00+00:00
[2025-05-20T07:51:03.522+0000] {logging_mixin.py:188} INFO - [2025-05-20T07:51:03.522+0000] {dag.py:3823} INFO - Setting next_dagrun for example_subdag_operator.section-1 to None, run_after=None
[2025-05-20T07:51:03.526+0000] {logging_mixin.py:188} INFO - [2025-05-20T07:51:03.525+0000] {dag.py:3823} INFO - Setting next_dagrun for example_subdag_operator.section-2 to None, run_after=None
[2025-05-20T07:51:03.540+0000] {logging_mixin.py:188} INFO - [2025-05-20T07:51:03.540+0000] {dag.py:3036} INFO - Sync 2 DAGs
[2025-05-20T07:51:03.553+0000] {logging_mixin.py:188} INFO - [2025-05-20T07:51:03.553+0000] {dag.py:3823} INFO - Setting next_dagrun for example_subdag_operator.section-1 to None, run_after=None
[2025-05-20T07:51:03.555+0000] {logging_mixin.py:188} INFO - [2025-05-20T07:51:03.554+0000] {dag.py:3823} INFO - Setting next_dagrun for example_subdag_operator.section-2 to None, run_after=None
[2025-05-20T07:51:03.590+0000] {processor.py:183} INFO - Processing /home/airflow/.local/lib/python3.8/site-packages/airflow/example_dags/example_subdag_operator.py took 0.213 seconds
[2025-05-20T07:51:35.492+0000] {processor.py:161} INFO - Started process (PID=871) to work on /home/airflow/.local/lib/python3.8/site-packages/airflow/example_dags/example_subdag_operator.py
[2025-05-20T07:51:35.494+0000] {processor.py:830} INFO - Processing file /home/airflow/.local/lib/python3.8/site-packages/airflow/example_dags/example_subdag_operator.py for tasks to queue
[2025-05-20T07:51:35.497+0000] {logging_mixin.py:188} INFO - [2025-05-20T07:51:35.496+0000] {dagbag.py:538} INFO - Filling up the DagBag from /home/airflow/.local/lib/python3.8/site-packages/airflow/example_dags/example_subdag_operator.py
[2025-05-20T07:51:35.548+0000] {processor.py:840} INFO - DAG(s) 'example_subdag_operator.section-1', 'example_subdag_operator.section-2', 'example_subdag_operator' retrieved from /home/airflow/.local/lib/python3.8/site-packages/airflow/example_dags/example_subdag_operator.py
[2025-05-20T07:51:35.593+0000] {logging_mixin.py:188} INFO - [2025-05-20T07:51:35.593+0000] {dag.py:3036} INFO - Sync 3 DAGs
[2025-05-20T07:51:35.647+0000] {logging_mixin.py:188} INFO - [2025-05-20T07:51:35.646+0000] {dag.py:3823} INFO - Setting next_dagrun for example_subdag_operator to 2022-01-01 00:00:00+00:00, run_after=2022-01-01 00:00:00+00:00
[2025-05-20T07:51:35.656+0000] {logging_mixin.py:188} INFO - [2025-05-20T07:51:35.655+0000] {dag.py:3823} INFO - Setting next_dagrun for example_subdag_operator.section-1 to None, run_after=None
[2025-05-20T07:51:35.659+0000] {logging_mixin.py:188} INFO - [2025-05-20T07:51:35.659+0000] {dag.py:3823} INFO - Setting next_dagrun for example_subdag_operator.section-2 to None, run_after=None
[2025-05-20T07:51:35.678+0000] {logging_mixin.py:188} INFO - [2025-05-20T07:51:35.678+0000] {dag.py:3036} INFO - Sync 2 DAGs
[2025-05-20T07:51:35.693+0000] {logging_mixin.py:188} INFO - [2025-05-20T07:51:35.692+0000] {dag.py:3823} INFO - Setting next_dagrun for example_subdag_operator.section-1 to None, run_after=None
[2025-05-20T07:51:35.694+0000] {logging_mixin.py:188} INFO - [2025-05-20T07:51:35.694+0000] {dag.py:3823} INFO - Setting next_dagrun for example_subdag_operator.section-2 to None, run_after=None
[2025-05-20T07:51:35.728+0000] {processor.py:183} INFO - Processing /home/airflow/.local/lib/python3.8/site-packages/airflow/example_dags/example_subdag_operator.py took 0.241 seconds
[2025-05-20T07:52:06.474+0000] {processor.py:161} INFO - Started process (PID=936) to work on /home/airflow/.local/lib/python3.8/site-packages/airflow/example_dags/example_subdag_operator.py
[2025-05-20T07:52:06.476+0000] {processor.py:830} INFO - Processing file /home/airflow/.local/lib/python3.8/site-packages/airflow/example_dags/example_subdag_operator.py for tasks to queue
[2025-05-20T07:52:06.480+0000] {logging_mixin.py:188} INFO - [2025-05-20T07:52:06.479+0000] {dagbag.py:538} INFO - Filling up the DagBag from /home/airflow/.local/lib/python3.8/site-packages/airflow/example_dags/example_subdag_operator.py
[2025-05-20T07:52:06.529+0000] {processor.py:840} INFO - DAG(s) 'example_subdag_operator.section-1', 'example_subdag_operator.section-2', 'example_subdag_operator' retrieved from /home/airflow/.local/lib/python3.8/site-packages/airflow/example_dags/example_subdag_operator.py
[2025-05-20T07:52:06.564+0000] {logging_mixin.py:188} INFO - [2025-05-20T07:52:06.564+0000] {dag.py:3036} INFO - Sync 3 DAGs
[2025-05-20T07:52:06.608+0000] {logging_mixin.py:188} INFO - [2025-05-20T07:52:06.607+0000] {dag.py:3823} INFO - Setting next_dagrun for example_subdag_operator to 2022-01-01 00:00:00+00:00, run_after=2022-01-01 00:00:00+00:00
[2025-05-20T07:52:06.616+0000] {logging_mixin.py:188} INFO - [2025-05-20T07:52:06.616+0000] {dag.py:3823} INFO - Setting next_dagrun for example_subdag_operator.section-1 to None, run_after=None
[2025-05-20T07:52:06.621+0000] {logging_mixin.py:188} INFO - [2025-05-20T07:52:06.620+0000] {dag.py:3823} INFO - Setting next_dagrun for example_subdag_operator.section-2 to None, run_after=None
[2025-05-20T07:52:06.637+0000] {logging_mixin.py:188} INFO - [2025-05-20T07:52:06.636+0000] {dag.py:3036} INFO - Sync 2 DAGs
[2025-05-20T07:52:06.648+0000] {logging_mixin.py:188} INFO - [2025-05-20T07:52:06.647+0000] {dag.py:3823} INFO - Setting next_dagrun for example_subdag_operator.section-1 to None, run_after=None
[2025-05-20T07:52:06.649+0000] {logging_mixin.py:188} INFO - [2025-05-20T07:52:06.649+0000] {dag.py:3823} INFO - Setting next_dagrun for example_subdag_operator.section-2 to None, run_after=None
[2025-05-20T07:52:06.679+0000] {processor.py:183} INFO - Processing /home/airflow/.local/lib/python3.8/site-packages/airflow/example_dags/example_subdag_operator.py took 0.211 seconds
[2025-05-20T07:52:37.827+0000] {processor.py:161} INFO - Started process (PID=1001) to work on /home/airflow/.local/lib/python3.8/site-packages/airflow/example_dags/example_subdag_operator.py
[2025-05-20T07:52:37.829+0000] {processor.py:830} INFO - Processing file /home/airflow/.local/lib/python3.8/site-packages/airflow/example_dags/example_subdag_operator.py for tasks to queue
[2025-05-20T07:52:37.835+0000] {logging_mixin.py:188} INFO - [2025-05-20T07:52:37.834+0000] {dagbag.py:538} INFO - Filling up the DagBag from /home/airflow/.local/lib/python3.8/site-packages/airflow/example_dags/example_subdag_operator.py
[2025-05-20T07:52:37.904+0000] {processor.py:840} INFO - DAG(s) 'example_subdag_operator.section-1', 'example_subdag_operator.section-2', 'example_subdag_operator' retrieved from /home/airflow/.local/lib/python3.8/site-packages/airflow/example_dags/example_subdag_operator.py
[2025-05-20T07:52:37.954+0000] {logging_mixin.py:188} INFO - [2025-05-20T07:52:37.953+0000] {dag.py:3036} INFO - Sync 3 DAGs
[2025-05-20T07:52:38.004+0000] {logging_mixin.py:188} INFO - [2025-05-20T07:52:38.004+0000] {dag.py:3823} INFO - Setting next_dagrun for example_subdag_operator to 2022-01-01 00:00:00+00:00, run_after=2022-01-01 00:00:00+00:00
[2025-05-20T07:52:38.010+0000] {logging_mixin.py:188} INFO - [2025-05-20T07:52:38.010+0000] {dag.py:3823} INFO - Setting next_dagrun for example_subdag_operator.section-1 to None, run_after=None
[2025-05-20T07:52:38.014+0000] {logging_mixin.py:188} INFO - [2025-05-20T07:52:38.013+0000] {dag.py:3823} INFO - Setting next_dagrun for example_subdag_operator.section-2 to None, run_after=None
[2025-05-20T07:52:38.026+0000] {logging_mixin.py:188} INFO - [2025-05-20T07:52:38.026+0000] {dag.py:3036} INFO - Sync 2 DAGs
[2025-05-20T07:52:38.037+0000] {logging_mixin.py:188} INFO - [2025-05-20T07:52:38.036+0000] {dag.py:3823} INFO - Setting next_dagrun for example_subdag_operator.section-1 to None, run_after=None
[2025-05-20T07:52:38.038+0000] {logging_mixin.py:188} INFO - [2025-05-20T07:52:38.037+0000] {dag.py:3823} INFO - Setting next_dagrun for example_subdag_operator.section-2 to None, run_after=None
[2025-05-20T07:52:38.067+0000] {processor.py:183} INFO - Processing /home/airflow/.local/lib/python3.8/site-packages/airflow/example_dags/example_subdag_operator.py took 0.249 seconds
[2025-05-20T07:53:08.411+0000] {processor.py:161} INFO - Started process (PID=1066) to work on /home/airflow/.local/lib/python3.8/site-packages/airflow/example_dags/example_subdag_operator.py
[2025-05-20T07:53:08.412+0000] {processor.py:830} INFO - Processing file /home/airflow/.local/lib/python3.8/site-packages/airflow/example_dags/example_subdag_operator.py for tasks to queue
[2025-05-20T07:53:08.415+0000] {logging_mixin.py:188} INFO - [2025-05-20T07:53:08.415+0000] {dagbag.py:538} INFO - Filling up the DagBag from /home/airflow/.local/lib/python3.8/site-packages/airflow/example_dags/example_subdag_operator.py
[2025-05-20T07:53:08.453+0000] {processor.py:840} INFO - DAG(s) 'example_subdag_operator.section-1', 'example_subdag_operator.section-2', 'example_subdag_operator' retrieved from /home/airflow/.local/lib/python3.8/site-packages/airflow/example_dags/example_subdag_operator.py
[2025-05-20T07:53:08.501+0000] {logging_mixin.py:188} INFO - [2025-05-20T07:53:08.500+0000] {dag.py:3036} INFO - Sync 3 DAGs
[2025-05-20T07:53:08.598+0000] {logging_mixin.py:188} INFO - [2025-05-20T07:53:08.597+0000] {dag.py:3823} INFO - Setting next_dagrun for example_subdag_operator to 2022-01-01 00:00:00+00:00, run_after=2022-01-01 00:00:00+00:00
[2025-05-20T07:53:08.614+0000] {logging_mixin.py:188} INFO - [2025-05-20T07:53:08.613+0000] {dag.py:3823} INFO - Setting next_dagrun for example_subdag_operator.section-1 to None, run_after=None
[2025-05-20T07:53:08.620+0000] {logging_mixin.py:188} INFO - [2025-05-20T07:53:08.619+0000] {dag.py:3823} INFO - Setting next_dagrun for example_subdag_operator.section-2 to None, run_after=None
[2025-05-20T07:53:08.654+0000] {logging_mixin.py:188} INFO - [2025-05-20T07:53:08.653+0000] {dag.py:3036} INFO - Sync 2 DAGs
[2025-05-20T07:53:08.678+0000] {logging_mixin.py:188} INFO - [2025-05-20T07:53:08.676+0000] {dag.py:3823} INFO - Setting next_dagrun for example_subdag_operator.section-1 to None, run_after=None
[2025-05-20T07:53:08.681+0000] {logging_mixin.py:188} INFO - [2025-05-20T07:53:08.680+0000] {dag.py:3823} INFO - Setting next_dagrun for example_subdag_operator.section-2 to None, run_after=None
[2025-05-20T07:53:08.733+0000] {processor.py:183} INFO - Processing /home/airflow/.local/lib/python3.8/site-packages/airflow/example_dags/example_subdag_operator.py took 0.327 seconds
[2025-05-20T07:53:41.880+0000] {processor.py:161} INFO - Started process (PID=1131) to work on /home/airflow/.local/lib/python3.8/site-packages/airflow/example_dags/example_subdag_operator.py
[2025-05-20T07:53:41.883+0000] {processor.py:830} INFO - Processing file /home/airflow/.local/lib/python3.8/site-packages/airflow/example_dags/example_subdag_operator.py for tasks to queue
[2025-05-20T07:53:41.886+0000] {logging_mixin.py:188} INFO - [2025-05-20T07:53:41.886+0000] {dagbag.py:538} INFO - Filling up the DagBag from /home/airflow/.local/lib/python3.8/site-packages/airflow/example_dags/example_subdag_operator.py
[2025-05-20T07:53:41.936+0000] {processor.py:840} INFO - DAG(s) 'example_subdag_operator.section-1', 'example_subdag_operator.section-2', 'example_subdag_operator' retrieved from /home/airflow/.local/lib/python3.8/site-packages/airflow/example_dags/example_subdag_operator.py
[2025-05-20T07:53:41.970+0000] {logging_mixin.py:188} INFO - [2025-05-20T07:53:41.969+0000] {dag.py:3036} INFO - Sync 3 DAGs
[2025-05-20T07:53:42.029+0000] {logging_mixin.py:188} INFO - [2025-05-20T07:53:42.029+0000] {dag.py:3823} INFO - Setting next_dagrun for example_subdag_operator to 2022-01-01 00:00:00+00:00, run_after=2022-01-01 00:00:00+00:00
[2025-05-20T07:53:42.037+0000] {logging_mixin.py:188} INFO - [2025-05-20T07:53:42.037+0000] {dag.py:3823} INFO - Setting next_dagrun for example_subdag_operator.section-1 to None, run_after=None
[2025-05-20T07:53:42.047+0000] {logging_mixin.py:188} INFO - [2025-05-20T07:53:42.047+0000] {dag.py:3823} INFO - Setting next_dagrun for example_subdag_operator.section-2 to None, run_after=None
[2025-05-20T07:53:42.062+0000] {logging_mixin.py:188} INFO - [2025-05-20T07:53:42.062+0000] {dag.py:3036} INFO - Sync 2 DAGs
[2025-05-20T07:53:42.087+0000] {logging_mixin.py:188} INFO - [2025-05-20T07:53:42.086+0000] {dag.py:3823} INFO - Setting next_dagrun for example_subdag_operator.section-1 to None, run_after=None
[2025-05-20T07:53:42.096+0000] {logging_mixin.py:188} INFO - [2025-05-20T07:53:42.095+0000] {dag.py:3823} INFO - Setting next_dagrun for example_subdag_operator.section-2 to None, run_after=None
[2025-05-20T07:53:42.132+0000] {processor.py:183} INFO - Processing /home/airflow/.local/lib/python3.8/site-packages/airflow/example_dags/example_subdag_operator.py took 0.260 seconds
[2025-05-20T07:54:14.750+0000] {processor.py:161} INFO - Started process (PID=1196) to work on /home/airflow/.local/lib/python3.8/site-packages/airflow/example_dags/example_subdag_operator.py
[2025-05-20T07:54:14.752+0000] {processor.py:830} INFO - Processing file /home/airflow/.local/lib/python3.8/site-packages/airflow/example_dags/example_subdag_operator.py for tasks to queue
[2025-05-20T07:54:14.755+0000] {logging_mixin.py:188} INFO - [2025-05-20T07:54:14.754+0000] {dagbag.py:538} INFO - Filling up the DagBag from /home/airflow/.local/lib/python3.8/site-packages/airflow/example_dags/example_subdag_operator.py
[2025-05-20T07:54:14.802+0000] {processor.py:840} INFO - DAG(s) 'example_subdag_operator.section-1', 'example_subdag_operator.section-2', 'example_subdag_operator' retrieved from /home/airflow/.local/lib/python3.8/site-packages/airflow/example_dags/example_subdag_operator.py
[2025-05-20T07:54:14.842+0000] {logging_mixin.py:188} INFO - [2025-05-20T07:54:14.841+0000] {dag.py:3036} INFO - Sync 3 DAGs
[2025-05-20T07:54:14.902+0000] {logging_mixin.py:188} INFO - [2025-05-20T07:54:14.902+0000] {dag.py:3823} INFO - Setting next_dagrun for example_subdag_operator to 2022-01-01 00:00:00+00:00, run_after=2022-01-01 00:00:00+00:00
[2025-05-20T07:54:14.914+0000] {logging_mixin.py:188} INFO - [2025-05-20T07:54:14.913+0000] {dag.py:3823} INFO - Setting next_dagrun for example_subdag_operator.section-1 to None, run_after=None
[2025-05-20T07:54:14.918+0000] {logging_mixin.py:188} INFO - [2025-05-20T07:54:14.917+0000] {dag.py:3823} INFO - Setting next_dagrun for example_subdag_operator.section-2 to None, run_after=None
[2025-05-20T07:54:14.941+0000] {logging_mixin.py:188} INFO - [2025-05-20T07:54:14.940+0000] {dag.py:3036} INFO - Sync 2 DAGs
[2025-05-20T07:54:14.961+0000] {logging_mixin.py:188} INFO - [2025-05-20T07:54:14.960+0000] {dag.py:3823} INFO - Setting next_dagrun for example_subdag_operator.section-1 to None, run_after=None
[2025-05-20T07:54:14.962+0000] {logging_mixin.py:188} INFO - [2025-05-20T07:54:14.962+0000] {dag.py:3823} INFO - Setting next_dagrun for example_subdag_operator.section-2 to None, run_after=None
[2025-05-20T07:54:15.024+0000] {processor.py:183} INFO - Processing /home/airflow/.local/lib/python3.8/site-packages/airflow/example_dags/example_subdag_operator.py took 0.280 seconds
[2025-05-20T07:54:45.554+0000] {processor.py:161} INFO - Started process (PID=1261) to work on /home/airflow/.local/lib/python3.8/site-packages/airflow/example_dags/example_subdag_operator.py
[2025-05-20T07:54:45.556+0000] {processor.py:830} INFO - Processing file /home/airflow/.local/lib/python3.8/site-packages/airflow/example_dags/example_subdag_operator.py for tasks to queue
[2025-05-20T07:54:45.560+0000] {logging_mixin.py:188} INFO - [2025-05-20T07:54:45.560+0000] {dagbag.py:538} INFO - Filling up the DagBag from /home/airflow/.local/lib/python3.8/site-packages/airflow/example_dags/example_subdag_operator.py
[2025-05-20T07:54:45.615+0000] {processor.py:840} INFO - DAG(s) 'example_subdag_operator.section-1', 'example_subdag_operator.section-2', 'example_subdag_operator' retrieved from /home/airflow/.local/lib/python3.8/site-packages/airflow/example_dags/example_subdag_operator.py
[2025-05-20T07:54:45.658+0000] {logging_mixin.py:188} INFO - [2025-05-20T07:54:45.658+0000] {dag.py:3036} INFO - Sync 3 DAGs
[2025-05-20T07:54:45.706+0000] {logging_mixin.py:188} INFO - [2025-05-20T07:54:45.705+0000] {dag.py:3823} INFO - Setting next_dagrun for example_subdag_operator to 2022-01-01 00:00:00+00:00, run_after=2022-01-01 00:00:00+00:00
[2025-05-20T07:54:45.714+0000] {logging_mixin.py:188} INFO - [2025-05-20T07:54:45.714+0000] {dag.py:3823} INFO - Setting next_dagrun for example_subdag_operator.section-1 to None, run_after=None
[2025-05-20T07:54:45.718+0000] {logging_mixin.py:188} INFO - [2025-05-20T07:54:45.718+0000] {dag.py:3823} INFO - Setting next_dagrun for example_subdag_operator.section-2 to None, run_after=None
[2025-05-20T07:54:45.735+0000] {logging_mixin.py:188} INFO - [2025-05-20T07:54:45.735+0000] {dag.py:3036} INFO - Sync 2 DAGs
[2025-05-20T07:54:45.748+0000] {logging_mixin.py:188} INFO - [2025-05-20T07:54:45.748+0000] {dag.py:3823} INFO - Setting next_dagrun for example_subdag_operator.section-1 to None, run_after=None
[2025-05-20T07:54:45.750+0000] {logging_mixin.py:188} INFO - [2025-05-20T07:54:45.749+0000] {dag.py:3823} INFO - Setting next_dagrun for example_subdag_operator.section-2 to None, run_after=None
[2025-05-20T07:54:45.786+0000] {processor.py:183} INFO - Processing /home/airflow/.local/lib/python3.8/site-packages/airflow/example_dags/example_subdag_operator.py took 0.238 seconds
[2025-05-20T07:55:15.975+0000] {processor.py:161} INFO - Started process (PID=1326) to work on /home/airflow/.local/lib/python3.8/site-packages/airflow/example_dags/example_subdag_operator.py
[2025-05-20T07:55:15.977+0000] {processor.py:830} INFO - Processing file /home/airflow/.local/lib/python3.8/site-packages/airflow/example_dags/example_subdag_operator.py for tasks to queue
[2025-05-20T07:55:15.981+0000] {logging_mixin.py:188} INFO - [2025-05-20T07:55:15.980+0000] {dagbag.py:538} INFO - Filling up the DagBag from /home/airflow/.local/lib/python3.8/site-packages/airflow/example_dags/example_subdag_operator.py
[2025-05-20T07:55:16.031+0000] {processor.py:840} INFO - DAG(s) 'example_subdag_operator.section-1', 'example_subdag_operator.section-2', 'example_subdag_operator' retrieved from /home/airflow/.local/lib/python3.8/site-packages/airflow/example_dags/example_subdag_operator.py
[2025-05-20T07:55:16.066+0000] {logging_mixin.py:188} INFO - [2025-05-20T07:55:16.065+0000] {dag.py:3036} INFO - Sync 3 DAGs
[2025-05-20T07:55:16.111+0000] {logging_mixin.py:188} INFO - [2025-05-20T07:55:16.110+0000] {dag.py:3823} INFO - Setting next_dagrun for example_subdag_operator to 2022-01-01 00:00:00+00:00, run_after=2022-01-01 00:00:00+00:00
[2025-05-20T07:55:16.117+0000] {logging_mixin.py:188} INFO - [2025-05-20T07:55:16.117+0000] {dag.py:3823} INFO - Setting next_dagrun for example_subdag_operator.section-1 to None, run_after=None
[2025-05-20T07:55:16.121+0000] {logging_mixin.py:188} INFO - [2025-05-20T07:55:16.121+0000] {dag.py:3823} INFO - Setting next_dagrun for example_subdag_operator.section-2 to None, run_after=None
[2025-05-20T07:55:16.134+0000] {logging_mixin.py:188} INFO - [2025-05-20T07:55:16.133+0000] {dag.py:3036} INFO - Sync 2 DAGs
[2025-05-20T07:55:16.145+0000] {logging_mixin.py:188} INFO - [2025-05-20T07:55:16.145+0000] {dag.py:3823} INFO - Setting next_dagrun for example_subdag_operator.section-1 to None, run_after=None
[2025-05-20T07:55:16.146+0000] {logging_mixin.py:188} INFO - [2025-05-20T07:55:16.146+0000] {dag.py:3823} INFO - Setting next_dagrun for example_subdag_operator.section-2 to None, run_after=None
[2025-05-20T07:55:16.171+0000] {processor.py:183} INFO - Processing /home/airflow/.local/lib/python3.8/site-packages/airflow/example_dags/example_subdag_operator.py took 0.201 seconds
[2025-05-20T07:55:46.813+0000] {processor.py:161} INFO - Started process (PID=1391) to work on /home/airflow/.local/lib/python3.8/site-packages/airflow/example_dags/example_subdag_operator.py
[2025-05-20T07:55:46.818+0000] {processor.py:830} INFO - Processing file /home/airflow/.local/lib/python3.8/site-packages/airflow/example_dags/example_subdag_operator.py for tasks to queue
[2025-05-20T07:55:46.826+0000] {logging_mixin.py:188} INFO - [2025-05-20T07:55:46.825+0000] {dagbag.py:538} INFO - Filling up the DagBag from /home/airflow/.local/lib/python3.8/site-packages/airflow/example_dags/example_subdag_operator.py
[2025-05-20T07:55:46.943+0000] {processor.py:840} INFO - DAG(s) 'example_subdag_operator.section-1', 'example_subdag_operator.section-2', 'example_subdag_operator' retrieved from /home/airflow/.local/lib/python3.8/site-packages/airflow/example_dags/example_subdag_operator.py
[2025-05-20T07:55:47.024+0000] {logging_mixin.py:188} INFO - [2025-05-20T07:55:47.023+0000] {dag.py:3036} INFO - Sync 3 DAGs
[2025-05-20T07:55:47.070+0000] {logging_mixin.py:188} INFO - [2025-05-20T07:55:47.070+0000] {dag.py:3823} INFO - Setting next_dagrun for example_subdag_operator to 2022-01-01 00:00:00+00:00, run_after=2022-01-01 00:00:00+00:00
[2025-05-20T07:55:47.079+0000] {logging_mixin.py:188} INFO - [2025-05-20T07:55:47.079+0000] {dag.py:3823} INFO - Setting next_dagrun for example_subdag_operator.section-1 to None, run_after=None
[2025-05-20T07:55:47.083+0000] {logging_mixin.py:188} INFO - [2025-05-20T07:55:47.082+0000] {dag.py:3823} INFO - Setting next_dagrun for example_subdag_operator.section-2 to None, run_after=None
[2025-05-20T07:55:47.100+0000] {logging_mixin.py:188} INFO - [2025-05-20T07:55:47.099+0000] {dag.py:3036} INFO - Sync 2 DAGs
[2025-05-20T07:55:47.112+0000] {logging_mixin.py:188} INFO - [2025-05-20T07:55:47.112+0000] {dag.py:3823} INFO - Setting next_dagrun for example_subdag_operator.section-1 to None, run_after=None
[2025-05-20T07:55:47.114+0000] {logging_mixin.py:188} INFO - [2025-05-20T07:55:47.114+0000] {dag.py:3823} INFO - Setting next_dagrun for example_subdag_operator.section-2 to None, run_after=None
[2025-05-20T07:55:47.147+0000] {processor.py:183} INFO - Processing /home/airflow/.local/lib/python3.8/site-packages/airflow/example_dags/example_subdag_operator.py took 0.347 seconds
[2025-05-20T07:56:18.634+0000] {processor.py:161} INFO - Started process (PID=1456) to work on /home/airflow/.local/lib/python3.8/site-packages/airflow/example_dags/example_subdag_operator.py
[2025-05-20T07:56:18.636+0000] {processor.py:830} INFO - Processing file /home/airflow/.local/lib/python3.8/site-packages/airflow/example_dags/example_subdag_operator.py for tasks to queue
[2025-05-20T07:56:18.639+0000] {logging_mixin.py:188} INFO - [2025-05-20T07:56:18.639+0000] {dagbag.py:538} INFO - Filling up the DagBag from /home/airflow/.local/lib/python3.8/site-packages/airflow/example_dags/example_subdag_operator.py
[2025-05-20T07:56:18.682+0000] {processor.py:840} INFO - DAG(s) 'example_subdag_operator.section-1', 'example_subdag_operator.section-2', 'example_subdag_operator' retrieved from /home/airflow/.local/lib/python3.8/site-packages/airflow/example_dags/example_subdag_operator.py
[2025-05-20T07:56:18.714+0000] {logging_mixin.py:188} INFO - [2025-05-20T07:56:18.714+0000] {dag.py:3036} INFO - Sync 3 DAGs
[2025-05-20T07:56:18.759+0000] {logging_mixin.py:188} INFO - [2025-05-20T07:56:18.758+0000] {dag.py:3823} INFO - Setting next_dagrun for example_subdag_operator to 2022-01-01 00:00:00+00:00, run_after=2022-01-01 00:00:00+00:00
[2025-05-20T07:56:18.766+0000] {logging_mixin.py:188} INFO - [2025-05-20T07:56:18.766+0000] {dag.py:3823} INFO - Setting next_dagrun for example_subdag_operator.section-1 to None, run_after=None
[2025-05-20T07:56:18.770+0000] {logging_mixin.py:188} INFO - [2025-05-20T07:56:18.769+0000] {dag.py:3823} INFO - Setting next_dagrun for example_subdag_operator.section-2 to None, run_after=None
[2025-05-20T07:56:18.784+0000] {logging_mixin.py:188} INFO - [2025-05-20T07:56:18.784+0000] {dag.py:3036} INFO - Sync 2 DAGs
[2025-05-20T07:56:18.796+0000] {logging_mixin.py:188} INFO - [2025-05-20T07:56:18.795+0000] {dag.py:3823} INFO - Setting next_dagrun for example_subdag_operator.section-1 to None, run_after=None
[2025-05-20T07:56:18.798+0000] {logging_mixin.py:188} INFO - [2025-05-20T07:56:18.797+0000] {dag.py:3823} INFO - Setting next_dagrun for example_subdag_operator.section-2 to None, run_after=None
[2025-05-20T07:56:18.821+0000] {processor.py:183} INFO - Processing /home/airflow/.local/lib/python3.8/site-packages/airflow/example_dags/example_subdag_operator.py took 0.192 seconds
[2025-05-20T07:56:50.734+0000] {processor.py:161} INFO - Started process (PID=1521) to work on /home/airflow/.local/lib/python3.8/site-packages/airflow/example_dags/example_subdag_operator.py
[2025-05-20T07:56:50.737+0000] {processor.py:830} INFO - Processing file /home/airflow/.local/lib/python3.8/site-packages/airflow/example_dags/example_subdag_operator.py for tasks to queue
[2025-05-20T07:56:50.742+0000] {logging_mixin.py:188} INFO - [2025-05-20T07:56:50.741+0000] {dagbag.py:538} INFO - Filling up the DagBag from /home/airflow/.local/lib/python3.8/site-packages/airflow/example_dags/example_subdag_operator.py
[2025-05-20T07:56:50.807+0000] {processor.py:840} INFO - DAG(s) 'example_subdag_operator.section-1', 'example_subdag_operator.section-2', 'example_subdag_operator' retrieved from /home/airflow/.local/lib/python3.8/site-packages/airflow/example_dags/example_subdag_operator.py
[2025-05-20T07:56:50.862+0000] {logging_mixin.py:188} INFO - [2025-05-20T07:56:50.861+0000] {dag.py:3036} INFO - Sync 3 DAGs
[2025-05-20T07:56:50.931+0000] {logging_mixin.py:188} INFO - [2025-05-20T07:56:50.930+0000] {dag.py:3823} INFO - Setting next_dagrun for example_subdag_operator to 2022-01-01 00:00:00+00:00, run_after=2022-01-01 00:00:00+00:00
[2025-05-20T07:56:50.943+0000] {logging_mixin.py:188} INFO - [2025-05-20T07:56:50.942+0000] {dag.py:3823} INFO - Setting next_dagrun for example_subdag_operator.section-1 to None, run_after=None
[2025-05-20T07:56:50.948+0000] {logging_mixin.py:188} INFO - [2025-05-20T07:56:50.948+0000] {dag.py:3823} INFO - Setting next_dagrun for example_subdag_operator.section-2 to None, run_after=None
[2025-05-20T07:56:50.972+0000] {logging_mixin.py:188} INFO - [2025-05-20T07:56:50.971+0000] {dag.py:3036} INFO - Sync 2 DAGs
[2025-05-20T07:56:50.988+0000] {logging_mixin.py:188} INFO - [2025-05-20T07:56:50.987+0000] {dag.py:3823} INFO - Setting next_dagrun for example_subdag_operator.section-1 to None, run_after=None
[2025-05-20T07:56:50.990+0000] {logging_mixin.py:188} INFO - [2025-05-20T07:56:50.990+0000] {dag.py:3823} INFO - Setting next_dagrun for example_subdag_operator.section-2 to None, run_after=None
[2025-05-20T07:56:51.030+0000] {processor.py:183} INFO - Processing /home/airflow/.local/lib/python3.8/site-packages/airflow/example_dags/example_subdag_operator.py took 0.305 seconds
[2025-05-20T07:57:22.057+0000] {processor.py:161} INFO - Started process (PID=1586) to work on /home/airflow/.local/lib/python3.8/site-packages/airflow/example_dags/example_subdag_operator.py
[2025-05-20T07:57:22.060+0000] {processor.py:830} INFO - Processing file /home/airflow/.local/lib/python3.8/site-packages/airflow/example_dags/example_subdag_operator.py for tasks to queue
[2025-05-20T07:57:22.064+0000] {logging_mixin.py:188} INFO - [2025-05-20T07:57:22.063+0000] {dagbag.py:538} INFO - Filling up the DagBag from /home/airflow/.local/lib/python3.8/site-packages/airflow/example_dags/example_subdag_operator.py
[2025-05-20T07:57:22.119+0000] {processor.py:840} INFO - DAG(s) 'example_subdag_operator.section-1', 'example_subdag_operator.section-2', 'example_subdag_operator' retrieved from /home/airflow/.local/lib/python3.8/site-packages/airflow/example_dags/example_subdag_operator.py
[2025-05-20T07:57:22.169+0000] {logging_mixin.py:188} INFO - [2025-05-20T07:57:22.168+0000] {dag.py:3036} INFO - Sync 3 DAGs
[2025-05-20T07:57:22.224+0000] {logging_mixin.py:188} INFO - [2025-05-20T07:57:22.223+0000] {dag.py:3823} INFO - Setting next_dagrun for example_subdag_operator to 2022-01-01 00:00:00+00:00, run_after=2022-01-01 00:00:00+00:00
[2025-05-20T07:57:22.239+0000] {logging_mixin.py:188} INFO - [2025-05-20T07:57:22.238+0000] {dag.py:3823} INFO - Setting next_dagrun for example_subdag_operator.section-1 to None, run_after=None
[2025-05-20T07:57:22.250+0000] {logging_mixin.py:188} INFO - [2025-05-20T07:57:22.249+0000] {dag.py:3823} INFO - Setting next_dagrun for example_subdag_operator.section-2 to None, run_after=None
[2025-05-20T07:57:22.295+0000] {logging_mixin.py:188} INFO - [2025-05-20T07:57:22.295+0000] {dag.py:3036} INFO - Sync 2 DAGs
[2025-05-20T07:57:22.346+0000] {logging_mixin.py:188} INFO - [2025-05-20T07:57:22.345+0000] {dag.py:3823} INFO - Setting next_dagrun for example_subdag_operator.section-1 to None, run_after=None
[2025-05-20T07:57:22.367+0000] {logging_mixin.py:188} INFO - [2025-05-20T07:57:22.367+0000] {dag.py:3823} INFO - Setting next_dagrun for example_subdag_operator.section-2 to None, run_after=None
[2025-05-20T07:57:22.438+0000] {processor.py:183} INFO - Processing /home/airflow/.local/lib/python3.8/site-packages/airflow/example_dags/example_subdag_operator.py took 0.388 seconds
[2025-05-20T07:57:53.024+0000] {processor.py:161} INFO - Started process (PID=1651) to work on /home/airflow/.local/lib/python3.8/site-packages/airflow/example_dags/example_subdag_operator.py
[2025-05-20T07:57:53.026+0000] {processor.py:830} INFO - Processing file /home/airflow/.local/lib/python3.8/site-packages/airflow/example_dags/example_subdag_operator.py for tasks to queue
[2025-05-20T07:57:53.030+0000] {logging_mixin.py:188} INFO - [2025-05-20T07:57:53.029+0000] {dagbag.py:538} INFO - Filling up the DagBag from /home/airflow/.local/lib/python3.8/site-packages/airflow/example_dags/example_subdag_operator.py
[2025-05-20T07:57:53.069+0000] {processor.py:840} INFO - DAG(s) 'example_subdag_operator.section-1', 'example_subdag_operator.section-2', 'example_subdag_operator' retrieved from /home/airflow/.local/lib/python3.8/site-packages/airflow/example_dags/example_subdag_operator.py
[2025-05-20T07:57:53.094+0000] {logging_mixin.py:188} INFO - [2025-05-20T07:57:53.094+0000] {dag.py:3036} INFO - Sync 3 DAGs
[2025-05-20T07:57:53.135+0000] {logging_mixin.py:188} INFO - [2025-05-20T07:57:53.135+0000] {dag.py:3823} INFO - Setting next_dagrun for example_subdag_operator to 2022-01-01 00:00:00+00:00, run_after=2022-01-01 00:00:00+00:00
[2025-05-20T07:57:53.142+0000] {logging_mixin.py:188} INFO - [2025-05-20T07:57:53.141+0000] {dag.py:3823} INFO - Setting next_dagrun for example_subdag_operator.section-1 to None, run_after=None
[2025-05-20T07:57:53.145+0000] {logging_mixin.py:188} INFO - [2025-05-20T07:57:53.144+0000] {dag.py:3823} INFO - Setting next_dagrun for example_subdag_operator.section-2 to None, run_after=None
[2025-05-20T07:57:53.364+0000] {logging_mixin.py:188} INFO - [2025-05-20T07:57:53.363+0000] {dag.py:3036} INFO - Sync 2 DAGs
[2025-05-20T07:57:53.377+0000] {logging_mixin.py:188} INFO - [2025-05-20T07:57:53.377+0000] {dag.py:3823} INFO - Setting next_dagrun for example_subdag_operator.section-1 to None, run_after=None
[2025-05-20T07:57:53.378+0000] {logging_mixin.py:188} INFO - [2025-05-20T07:57:53.378+0000] {dag.py:3823} INFO - Setting next_dagrun for example_subdag_operator.section-2 to None, run_after=None
[2025-05-20T07:57:53.404+0000] {processor.py:183} INFO - Processing /home/airflow/.local/lib/python3.8/site-packages/airflow/example_dags/example_subdag_operator.py took 0.385 seconds
[2025-05-20T07:58:25.430+0000] {processor.py:161} INFO - Started process (PID=1716) to work on /home/airflow/.local/lib/python3.8/site-packages/airflow/example_dags/example_subdag_operator.py
[2025-05-20T07:58:25.431+0000] {processor.py:830} INFO - Processing file /home/airflow/.local/lib/python3.8/site-packages/airflow/example_dags/example_subdag_operator.py for tasks to queue
[2025-05-20T07:58:25.435+0000] {logging_mixin.py:188} INFO - [2025-05-20T07:58:25.434+0000] {dagbag.py:538} INFO - Filling up the DagBag from /home/airflow/.local/lib/python3.8/site-packages/airflow/example_dags/example_subdag_operator.py
[2025-05-20T07:58:25.483+0000] {processor.py:840} INFO - DAG(s) 'example_subdag_operator.section-1', 'example_subdag_operator.section-2', 'example_subdag_operator' retrieved from /home/airflow/.local/lib/python3.8/site-packages/airflow/example_dags/example_subdag_operator.py
[2025-05-20T07:58:25.514+0000] {logging_mixin.py:188} INFO - [2025-05-20T07:58:25.513+0000] {dag.py:3036} INFO - Sync 3 DAGs
[2025-05-20T07:58:25.563+0000] {logging_mixin.py:188} INFO - [2025-05-20T07:58:25.562+0000] {dag.py:3823} INFO - Setting next_dagrun for example_subdag_operator to 2022-01-01 00:00:00+00:00, run_after=2022-01-01 00:00:00+00:00
[2025-05-20T07:58:25.570+0000] {logging_mixin.py:188} INFO - [2025-05-20T07:58:25.569+0000] {dag.py:3823} INFO - Setting next_dagrun for example_subdag_operator.section-1 to None, run_after=None
[2025-05-20T07:58:25.573+0000] {logging_mixin.py:188} INFO - [2025-05-20T07:58:25.572+0000] {dag.py:3823} INFO - Setting next_dagrun for example_subdag_operator.section-2 to None, run_after=None
[2025-05-20T07:58:25.586+0000] {logging_mixin.py:188} INFO - [2025-05-20T07:58:25.586+0000] {dag.py:3036} INFO - Sync 2 DAGs
[2025-05-20T07:58:25.595+0000] {logging_mixin.py:188} INFO - [2025-05-20T07:58:25.595+0000] {dag.py:3823} INFO - Setting next_dagrun for example_subdag_operator.section-1 to None, run_after=None
[2025-05-20T07:58:25.597+0000] {logging_mixin.py:188} INFO - [2025-05-20T07:58:25.596+0000] {dag.py:3823} INFO - Setting next_dagrun for example_subdag_operator.section-2 to None, run_after=None
[2025-05-20T07:58:25.624+0000] {processor.py:183} INFO - Processing /home/airflow/.local/lib/python3.8/site-packages/airflow/example_dags/example_subdag_operator.py took 0.200 seconds
[2025-05-20T07:58:57.299+0000] {processor.py:161} INFO - Started process (PID=1781) to work on /home/airflow/.local/lib/python3.8/site-packages/airflow/example_dags/example_subdag_operator.py
[2025-05-20T07:58:57.301+0000] {processor.py:830} INFO - Processing file /home/airflow/.local/lib/python3.8/site-packages/airflow/example_dags/example_subdag_operator.py for tasks to queue
[2025-05-20T07:58:57.303+0000] {logging_mixin.py:188} INFO - [2025-05-20T07:58:57.303+0000] {dagbag.py:538} INFO - Filling up the DagBag from /home/airflow/.local/lib/python3.8/site-packages/airflow/example_dags/example_subdag_operator.py
[2025-05-20T07:58:57.344+0000] {processor.py:840} INFO - DAG(s) 'example_subdag_operator.section-1', 'example_subdag_operator.section-2', 'example_subdag_operator' retrieved from /home/airflow/.local/lib/python3.8/site-packages/airflow/example_dags/example_subdag_operator.py
[2025-05-20T07:58:57.387+0000] {logging_mixin.py:188} INFO - [2025-05-20T07:58:57.386+0000] {dag.py:3036} INFO - Sync 3 DAGs
[2025-05-20T07:58:57.469+0000] {logging_mixin.py:188} INFO - [2025-05-20T07:58:57.466+0000] {dag.py:3823} INFO - Setting next_dagrun for example_subdag_operator to 2022-01-01 00:00:00+00:00, run_after=2022-01-01 00:00:00+00:00
[2025-05-20T07:58:57.478+0000] {logging_mixin.py:188} INFO - [2025-05-20T07:58:57.477+0000] {dag.py:3823} INFO - Setting next_dagrun for example_subdag_operator.section-1 to None, run_after=None
[2025-05-20T07:58:57.481+0000] {logging_mixin.py:188} INFO - [2025-05-20T07:58:57.481+0000] {dag.py:3823} INFO - Setting next_dagrun for example_subdag_operator.section-2 to None, run_after=None
[2025-05-20T07:58:57.512+0000] {logging_mixin.py:188} INFO - [2025-05-20T07:58:57.511+0000] {dag.py:3036} INFO - Sync 2 DAGs
[2025-05-20T07:58:57.533+0000] {logging_mixin.py:188} INFO - [2025-05-20T07:58:57.532+0000] {dag.py:3823} INFO - Setting next_dagrun for example_subdag_operator.section-1 to None, run_after=None
[2025-05-20T07:58:57.535+0000] {logging_mixin.py:188} INFO - [2025-05-20T07:58:57.535+0000] {dag.py:3823} INFO - Setting next_dagrun for example_subdag_operator.section-2 to None, run_after=None
[2025-05-20T07:58:57.567+0000] {processor.py:183} INFO - Processing /home/airflow/.local/lib/python3.8/site-packages/airflow/example_dags/example_subdag_operator.py took 0.274 seconds
[2025-05-20T07:59:28.600+0000] {processor.py:161} INFO - Started process (PID=1846) to work on /home/airflow/.local/lib/python3.8/site-packages/airflow/example_dags/example_subdag_operator.py
[2025-05-20T07:59:28.602+0000] {processor.py:830} INFO - Processing file /home/airflow/.local/lib/python3.8/site-packages/airflow/example_dags/example_subdag_operator.py for tasks to queue
[2025-05-20T07:59:28.605+0000] {logging_mixin.py:188} INFO - [2025-05-20T07:59:28.605+0000] {dagbag.py:538} INFO - Filling up the DagBag from /home/airflow/.local/lib/python3.8/site-packages/airflow/example_dags/example_subdag_operator.py
[2025-05-20T07:59:28.650+0000] {processor.py:840} INFO - DAG(s) 'example_subdag_operator.section-1', 'example_subdag_operator.section-2', 'example_subdag_operator' retrieved from /home/airflow/.local/lib/python3.8/site-packages/airflow/example_dags/example_subdag_operator.py
[2025-05-20T07:59:28.684+0000] {logging_mixin.py:188} INFO - [2025-05-20T07:59:28.683+0000] {dag.py:3036} INFO - Sync 3 DAGs
[2025-05-20T07:59:28.729+0000] {logging_mixin.py:188} INFO - [2025-05-20T07:59:28.728+0000] {dag.py:3823} INFO - Setting next_dagrun for example_subdag_operator to 2022-01-01 00:00:00+00:00, run_after=2022-01-01 00:00:00+00:00
[2025-05-20T07:59:28.735+0000] {logging_mixin.py:188} INFO - [2025-05-20T07:59:28.735+0000] {dag.py:3823} INFO - Setting next_dagrun for example_subdag_operator.section-1 to None, run_after=None
[2025-05-20T07:59:28.738+0000] {logging_mixin.py:188} INFO - [2025-05-20T07:59:28.738+0000] {dag.py:3823} INFO - Setting next_dagrun for example_subdag_operator.section-2 to None, run_after=None
[2025-05-20T07:59:28.750+0000] {logging_mixin.py:188} INFO - [2025-05-20T07:59:28.750+0000] {dag.py:3036} INFO - Sync 2 DAGs
[2025-05-20T07:59:28.760+0000] {logging_mixin.py:188} INFO - [2025-05-20T07:59:28.759+0000] {dag.py:3823} INFO - Setting next_dagrun for example_subdag_operator.section-1 to None, run_after=None
[2025-05-20T07:59:28.761+0000] {logging_mixin.py:188} INFO - [2025-05-20T07:59:28.760+0000] {dag.py:3823} INFO - Setting next_dagrun for example_subdag_operator.section-2 to None, run_after=None
[2025-05-20T07:59:28.783+0000] {processor.py:183} INFO - Processing /home/airflow/.local/lib/python3.8/site-packages/airflow/example_dags/example_subdag_operator.py took 0.191 seconds
[2025-05-20T08:00:00.214+0000] {processor.py:161} INFO - Started process (PID=1911) to work on /home/airflow/.local/lib/python3.8/site-packages/airflow/example_dags/example_subdag_operator.py
[2025-05-20T08:00:00.216+0000] {processor.py:830} INFO - Processing file /home/airflow/.local/lib/python3.8/site-packages/airflow/example_dags/example_subdag_operator.py for tasks to queue
[2025-05-20T08:00:00.223+0000] {logging_mixin.py:188} INFO - [2025-05-20T08:00:00.220+0000] {dagbag.py:538} INFO - Filling up the DagBag from /home/airflow/.local/lib/python3.8/site-packages/airflow/example_dags/example_subdag_operator.py
[2025-05-20T08:00:00.276+0000] {processor.py:840} INFO - DAG(s) 'example_subdag_operator.section-1', 'example_subdag_operator.section-2', 'example_subdag_operator' retrieved from /home/airflow/.local/lib/python3.8/site-packages/airflow/example_dags/example_subdag_operator.py
[2025-05-20T08:00:00.318+0000] {logging_mixin.py:188} INFO - [2025-05-20T08:00:00.317+0000] {dag.py:3036} INFO - Sync 3 DAGs
[2025-05-20T08:00:00.377+0000] {logging_mixin.py:188} INFO - [2025-05-20T08:00:00.376+0000] {dag.py:3823} INFO - Setting next_dagrun for example_subdag_operator to 2022-01-01 00:00:00+00:00, run_after=2022-01-01 00:00:00+00:00
[2025-05-20T08:00:00.385+0000] {logging_mixin.py:188} INFO - [2025-05-20T08:00:00.385+0000] {dag.py:3823} INFO - Setting next_dagrun for example_subdag_operator.section-1 to None, run_after=None
[2025-05-20T08:00:00.389+0000] {logging_mixin.py:188} INFO - [2025-05-20T08:00:00.388+0000] {dag.py:3823} INFO - Setting next_dagrun for example_subdag_operator.section-2 to None, run_after=None
[2025-05-20T08:00:00.404+0000] {logging_mixin.py:188} INFO - [2025-05-20T08:00:00.404+0000] {dag.py:3036} INFO - Sync 2 DAGs
[2025-05-20T08:00:00.416+0000] {logging_mixin.py:188} INFO - [2025-05-20T08:00:00.416+0000] {dag.py:3823} INFO - Setting next_dagrun for example_subdag_operator.section-1 to None, run_after=None
[2025-05-20T08:00:00.418+0000] {logging_mixin.py:188} INFO - [2025-05-20T08:00:00.417+0000] {dag.py:3823} INFO - Setting next_dagrun for example_subdag_operator.section-2 to None, run_after=None
[2025-05-20T08:00:00.444+0000] {processor.py:183} INFO - Processing /home/airflow/.local/lib/python3.8/site-packages/airflow/example_dags/example_subdag_operator.py took 0.236 seconds
[2025-05-20T08:00:32.877+0000] {processor.py:161} INFO - Started process (PID=1976) to work on /home/airflow/.local/lib/python3.8/site-packages/airflow/example_dags/example_subdag_operator.py
[2025-05-20T08:00:32.879+0000] {processor.py:830} INFO - Processing file /home/airflow/.local/lib/python3.8/site-packages/airflow/example_dags/example_subdag_operator.py for tasks to queue
[2025-05-20T08:00:32.883+0000] {logging_mixin.py:188} INFO - [2025-05-20T08:00:32.882+0000] {dagbag.py:538} INFO - Filling up the DagBag from /home/airflow/.local/lib/python3.8/site-packages/airflow/example_dags/example_subdag_operator.py
[2025-05-20T08:00:32.925+0000] {processor.py:840} INFO - DAG(s) 'example_subdag_operator.section-1', 'example_subdag_operator.section-2', 'example_subdag_operator' retrieved from /home/airflow/.local/lib/python3.8/site-packages/airflow/example_dags/example_subdag_operator.py
[2025-05-20T08:00:32.955+0000] {logging_mixin.py:188} INFO - [2025-05-20T08:00:32.954+0000] {dag.py:3036} INFO - Sync 3 DAGs
[2025-05-20T08:00:32.998+0000] {logging_mixin.py:188} INFO - [2025-05-20T08:00:32.998+0000] {dag.py:3823} INFO - Setting next_dagrun for example_subdag_operator to 2022-01-01 00:00:00+00:00, run_after=2022-01-01 00:00:00+00:00
[2025-05-20T08:00:33.006+0000] {logging_mixin.py:188} INFO - [2025-05-20T08:00:33.006+0000] {dag.py:3823} INFO - Setting next_dagrun for example_subdag_operator.section-1 to None, run_after=None
[2025-05-20T08:00:33.009+0000] {logging_mixin.py:188} INFO - [2025-05-20T08:00:33.009+0000] {dag.py:3823} INFO - Setting next_dagrun for example_subdag_operator.section-2 to None, run_after=None
[2025-05-20T08:00:33.037+0000] {logging_mixin.py:188} INFO - [2025-05-20T08:00:33.037+0000] {dag.py:3036} INFO - Sync 2 DAGs
[2025-05-20T08:00:33.055+0000] {logging_mixin.py:188} INFO - [2025-05-20T08:00:33.054+0000] {dag.py:3823} INFO - Setting next_dagrun for example_subdag_operator.section-1 to None, run_after=None
[2025-05-20T08:00:33.058+0000] {logging_mixin.py:188} INFO - [2025-05-20T08:00:33.057+0000] {dag.py:3823} INFO - Setting next_dagrun for example_subdag_operator.section-2 to None, run_after=None
[2025-05-20T08:00:33.091+0000] {processor.py:183} INFO - Processing /home/airflow/.local/lib/python3.8/site-packages/airflow/example_dags/example_subdag_operator.py took 0.221 seconds
[2025-05-20T08:01:04.718+0000] {processor.py:161} INFO - Started process (PID=2047) to work on /home/airflow/.local/lib/python3.8/site-packages/airflow/example_dags/example_subdag_operator.py
[2025-05-20T08:01:04.720+0000] {processor.py:830} INFO - Processing file /home/airflow/.local/lib/python3.8/site-packages/airflow/example_dags/example_subdag_operator.py for tasks to queue
[2025-05-20T08:01:04.724+0000] {logging_mixin.py:188} INFO - [2025-05-20T08:01:04.723+0000] {dagbag.py:538} INFO - Filling up the DagBag from /home/airflow/.local/lib/python3.8/site-packages/airflow/example_dags/example_subdag_operator.py
[2025-05-20T08:01:04.950+0000] {processor.py:840} INFO - DAG(s) 'example_subdag_operator.section-1', 'example_subdag_operator.section-2', 'example_subdag_operator' retrieved from /home/airflow/.local/lib/python3.8/site-packages/airflow/example_dags/example_subdag_operator.py
[2025-05-20T08:01:04.979+0000] {logging_mixin.py:188} INFO - [2025-05-20T08:01:04.978+0000] {dag.py:3036} INFO - Sync 3 DAGs
[2025-05-20T08:01:05.019+0000] {logging_mixin.py:188} INFO - [2025-05-20T08:01:05.019+0000] {dag.py:3823} INFO - Setting next_dagrun for example_subdag_operator to 2022-01-01 00:00:00+00:00, run_after=2022-01-01 00:00:00+00:00
[2025-05-20T08:01:05.027+0000] {logging_mixin.py:188} INFO - [2025-05-20T08:01:05.027+0000] {dag.py:3823} INFO - Setting next_dagrun for example_subdag_operator.section-1 to None, run_after=None
[2025-05-20T08:01:05.031+0000] {logging_mixin.py:188} INFO - [2025-05-20T08:01:05.030+0000] {dag.py:3823} INFO - Setting next_dagrun for example_subdag_operator.section-2 to None, run_after=None
[2025-05-20T08:01:05.047+0000] {logging_mixin.py:188} INFO - [2025-05-20T08:01:05.046+0000] {dag.py:3036} INFO - Sync 2 DAGs
[2025-05-20T08:01:05.060+0000] {logging_mixin.py:188} INFO - [2025-05-20T08:01:05.059+0000] {dag.py:3823} INFO - Setting next_dagrun for example_subdag_operator.section-1 to None, run_after=None
[2025-05-20T08:01:05.061+0000] {logging_mixin.py:188} INFO - [2025-05-20T08:01:05.061+0000] {dag.py:3823} INFO - Setting next_dagrun for example_subdag_operator.section-2 to None, run_after=None
[2025-05-20T08:01:05.091+0000] {processor.py:183} INFO - Processing /home/airflow/.local/lib/python3.8/site-packages/airflow/example_dags/example_subdag_operator.py took 0.379 seconds
[2025-05-20T08:01:35.426+0000] {processor.py:161} INFO - Started process (PID=2112) to work on /home/airflow/.local/lib/python3.8/site-packages/airflow/example_dags/example_subdag_operator.py
[2025-05-20T08:01:35.430+0000] {processor.py:830} INFO - Processing file /home/airflow/.local/lib/python3.8/site-packages/airflow/example_dags/example_subdag_operator.py for tasks to queue
[2025-05-20T08:01:35.434+0000] {logging_mixin.py:188} INFO - [2025-05-20T08:01:35.433+0000] {dagbag.py:538} INFO - Filling up the DagBag from /home/airflow/.local/lib/python3.8/site-packages/airflow/example_dags/example_subdag_operator.py
[2025-05-20T08:01:35.486+0000] {processor.py:840} INFO - DAG(s) 'example_subdag_operator.section-1', 'example_subdag_operator.section-2', 'example_subdag_operator' retrieved from /home/airflow/.local/lib/python3.8/site-packages/airflow/example_dags/example_subdag_operator.py
[2025-05-20T08:01:35.530+0000] {logging_mixin.py:188} INFO - [2025-05-20T08:01:35.529+0000] {dag.py:3036} INFO - Sync 3 DAGs
[2025-05-20T08:01:35.587+0000] {logging_mixin.py:188} INFO - [2025-05-20T08:01:35.586+0000] {dag.py:3823} INFO - Setting next_dagrun for example_subdag_operator to 2022-01-01 00:00:00+00:00, run_after=2022-01-01 00:00:00+00:00
[2025-05-20T08:01:35.597+0000] {logging_mixin.py:188} INFO - [2025-05-20T08:01:35.596+0000] {dag.py:3823} INFO - Setting next_dagrun for example_subdag_operator.section-1 to None, run_after=None
[2025-05-20T08:01:35.600+0000] {logging_mixin.py:188} INFO - [2025-05-20T08:01:35.600+0000] {dag.py:3823} INFO - Setting next_dagrun for example_subdag_operator.section-2 to None, run_after=None
[2025-05-20T08:01:35.617+0000] {logging_mixin.py:188} INFO - [2025-05-20T08:01:35.616+0000] {dag.py:3036} INFO - Sync 2 DAGs
[2025-05-20T08:01:35.626+0000] {logging_mixin.py:188} INFO - [2025-05-20T08:01:35.626+0000] {dag.py:3823} INFO - Setting next_dagrun for example_subdag_operator.section-1 to None, run_after=None
[2025-05-20T08:01:35.629+0000] {logging_mixin.py:188} INFO - [2025-05-20T08:01:35.628+0000] {dag.py:3823} INFO - Setting next_dagrun for example_subdag_operator.section-2 to None, run_after=None
[2025-05-20T08:01:35.657+0000] {processor.py:183} INFO - Processing /home/airflow/.local/lib/python3.8/site-packages/airflow/example_dags/example_subdag_operator.py took 0.238 seconds
[2025-05-20T08:02:05.947+0000] {processor.py:161} INFO - Started process (PID=2177) to work on /home/airflow/.local/lib/python3.8/site-packages/airflow/example_dags/example_subdag_operator.py
[2025-05-20T08:02:05.950+0000] {processor.py:830} INFO - Processing file /home/airflow/.local/lib/python3.8/site-packages/airflow/example_dags/example_subdag_operator.py for tasks to queue
[2025-05-20T08:02:05.959+0000] {logging_mixin.py:188} INFO - [2025-05-20T08:02:05.958+0000] {dagbag.py:538} INFO - Filling up the DagBag from /home/airflow/.local/lib/python3.8/site-packages/airflow/example_dags/example_subdag_operator.py
[2025-05-20T08:02:06.003+0000] {processor.py:840} INFO - DAG(s) 'example_subdag_operator.section-1', 'example_subdag_operator.section-2', 'example_subdag_operator' retrieved from /home/airflow/.local/lib/python3.8/site-packages/airflow/example_dags/example_subdag_operator.py
[2025-05-20T08:02:06.049+0000] {logging_mixin.py:188} INFO - [2025-05-20T08:02:06.049+0000] {dag.py:3036} INFO - Sync 3 DAGs
[2025-05-20T08:02:06.097+0000] {logging_mixin.py:188} INFO - [2025-05-20T08:02:06.096+0000] {dag.py:3823} INFO - Setting next_dagrun for example_subdag_operator to 2022-01-01 00:00:00+00:00, run_after=2022-01-01 00:00:00+00:00
[2025-05-20T08:02:06.106+0000] {logging_mixin.py:188} INFO - [2025-05-20T08:02:06.105+0000] {dag.py:3823} INFO - Setting next_dagrun for example_subdag_operator.section-1 to None, run_after=None
[2025-05-20T08:02:06.109+0000] {logging_mixin.py:188} INFO - [2025-05-20T08:02:06.109+0000] {dag.py:3823} INFO - Setting next_dagrun for example_subdag_operator.section-2 to None, run_after=None
[2025-05-20T08:02:06.134+0000] {logging_mixin.py:188} INFO - [2025-05-20T08:02:06.134+0000] {dag.py:3036} INFO - Sync 2 DAGs
[2025-05-20T08:02:06.148+0000] {logging_mixin.py:188} INFO - [2025-05-20T08:02:06.147+0000] {dag.py:3823} INFO - Setting next_dagrun for example_subdag_operator.section-1 to None, run_after=None
[2025-05-20T08:02:06.149+0000] {logging_mixin.py:188} INFO - [2025-05-20T08:02:06.149+0000] {dag.py:3823} INFO - Setting next_dagrun for example_subdag_operator.section-2 to None, run_after=None
[2025-05-20T08:02:06.173+0000] {processor.py:183} INFO - Processing /home/airflow/.local/lib/python3.8/site-packages/airflow/example_dags/example_subdag_operator.py took 0.232 seconds
[2025-05-20T08:02:36.668+0000] {processor.py:161} INFO - Started process (PID=2243) to work on /home/airflow/.local/lib/python3.8/site-packages/airflow/example_dags/example_subdag_operator.py
[2025-05-20T08:02:36.670+0000] {processor.py:830} INFO - Processing file /home/airflow/.local/lib/python3.8/site-packages/airflow/example_dags/example_subdag_operator.py for tasks to queue
[2025-05-20T08:02:36.674+0000] {logging_mixin.py:188} INFO - [2025-05-20T08:02:36.673+0000] {dagbag.py:538} INFO - Filling up the DagBag from /home/airflow/.local/lib/python3.8/site-packages/airflow/example_dags/example_subdag_operator.py
[2025-05-20T08:02:36.728+0000] {processor.py:840} INFO - DAG(s) 'example_subdag_operator.section-1', 'example_subdag_operator.section-2', 'example_subdag_operator' retrieved from /home/airflow/.local/lib/python3.8/site-packages/airflow/example_dags/example_subdag_operator.py
[2025-05-20T08:02:36.766+0000] {logging_mixin.py:188} INFO - [2025-05-20T08:02:36.765+0000] {dag.py:3036} INFO - Sync 3 DAGs
[2025-05-20T08:02:36.818+0000] {logging_mixin.py:188} INFO - [2025-05-20T08:02:36.818+0000] {dag.py:3823} INFO - Setting next_dagrun for example_subdag_operator to 2022-01-01 00:00:00+00:00, run_after=2022-01-01 00:00:00+00:00
[2025-05-20T08:02:36.828+0000] {logging_mixin.py:188} INFO - [2025-05-20T08:02:36.828+0000] {dag.py:3823} INFO - Setting next_dagrun for example_subdag_operator.section-1 to None, run_after=None
[2025-05-20T08:02:36.832+0000] {logging_mixin.py:188} INFO - [2025-05-20T08:02:36.832+0000] {dag.py:3823} INFO - Setting next_dagrun for example_subdag_operator.section-2 to None, run_after=None
[2025-05-20T08:02:36.851+0000] {logging_mixin.py:188} INFO - [2025-05-20T08:02:36.850+0000] {dag.py:3036} INFO - Sync 2 DAGs
[2025-05-20T08:02:36.867+0000] {logging_mixin.py:188} INFO - [2025-05-20T08:02:36.866+0000] {dag.py:3823} INFO - Setting next_dagrun for example_subdag_operator.section-1 to None, run_after=None
[2025-05-20T08:02:36.868+0000] {logging_mixin.py:188} INFO - [2025-05-20T08:02:36.868+0000] {dag.py:3823} INFO - Setting next_dagrun for example_subdag_operator.section-2 to None, run_after=None
[2025-05-20T08:02:36.896+0000] {processor.py:183} INFO - Processing /home/airflow/.local/lib/python3.8/site-packages/airflow/example_dags/example_subdag_operator.py took 0.233 seconds
[2025-05-20T08:03:07.424+0000] {processor.py:161} INFO - Started process (PID=2308) to work on /home/airflow/.local/lib/python3.8/site-packages/airflow/example_dags/example_subdag_operator.py
[2025-05-20T08:03:07.425+0000] {processor.py:830} INFO - Processing file /home/airflow/.local/lib/python3.8/site-packages/airflow/example_dags/example_subdag_operator.py for tasks to queue
[2025-05-20T08:03:07.428+0000] {logging_mixin.py:188} INFO - [2025-05-20T08:03:07.428+0000] {dagbag.py:538} INFO - Filling up the DagBag from /home/airflow/.local/lib/python3.8/site-packages/airflow/example_dags/example_subdag_operator.py
[2025-05-20T08:03:07.476+0000] {processor.py:840} INFO - DAG(s) 'example_subdag_operator.section-1', 'example_subdag_operator.section-2', 'example_subdag_operator' retrieved from /home/airflow/.local/lib/python3.8/site-packages/airflow/example_dags/example_subdag_operator.py
[2025-05-20T08:03:07.511+0000] {logging_mixin.py:188} INFO - [2025-05-20T08:03:07.510+0000] {dag.py:3036} INFO - Sync 3 DAGs
[2025-05-20T08:03:07.553+0000] {logging_mixin.py:188} INFO - [2025-05-20T08:03:07.552+0000] {dag.py:3823} INFO - Setting next_dagrun for example_subdag_operator to 2022-01-01 00:00:00+00:00, run_after=2022-01-01 00:00:00+00:00
[2025-05-20T08:03:07.560+0000] {logging_mixin.py:188} INFO - [2025-05-20T08:03:07.560+0000] {dag.py:3823} INFO - Setting next_dagrun for example_subdag_operator.section-1 to None, run_after=None
[2025-05-20T08:03:07.563+0000] {logging_mixin.py:188} INFO - [2025-05-20T08:03:07.562+0000] {dag.py:3823} INFO - Setting next_dagrun for example_subdag_operator.section-2 to None, run_after=None
[2025-05-20T08:03:07.578+0000] {logging_mixin.py:188} INFO - [2025-05-20T08:03:07.577+0000] {dag.py:3036} INFO - Sync 2 DAGs
[2025-05-20T08:03:07.591+0000] {logging_mixin.py:188} INFO - [2025-05-20T08:03:07.591+0000] {dag.py:3823} INFO - Setting next_dagrun for example_subdag_operator.section-1 to None, run_after=None
[2025-05-20T08:03:07.592+0000] {logging_mixin.py:188} INFO - [2025-05-20T08:03:07.592+0000] {dag.py:3823} INFO - Setting next_dagrun for example_subdag_operator.section-2 to None, run_after=None
[2025-05-20T08:03:07.623+0000] {processor.py:183} INFO - Processing /home/airflow/.local/lib/python3.8/site-packages/airflow/example_dags/example_subdag_operator.py took 0.204 seconds
[2025-05-20T08:03:38.415+0000] {processor.py:161} INFO - Started process (PID=2373) to work on /home/airflow/.local/lib/python3.8/site-packages/airflow/example_dags/example_subdag_operator.py
[2025-05-20T08:03:38.417+0000] {processor.py:830} INFO - Processing file /home/airflow/.local/lib/python3.8/site-packages/airflow/example_dags/example_subdag_operator.py for tasks to queue
[2025-05-20T08:03:38.420+0000] {logging_mixin.py:188} INFO - [2025-05-20T08:03:38.419+0000] {dagbag.py:538} INFO - Filling up the DagBag from /home/airflow/.local/lib/python3.8/site-packages/airflow/example_dags/example_subdag_operator.py
[2025-05-20T08:03:38.466+0000] {processor.py:840} INFO - DAG(s) 'example_subdag_operator.section-1', 'example_subdag_operator.section-2', 'example_subdag_operator' retrieved from /home/airflow/.local/lib/python3.8/site-packages/airflow/example_dags/example_subdag_operator.py
[2025-05-20T08:03:38.499+0000] {logging_mixin.py:188} INFO - [2025-05-20T08:03:38.498+0000] {dag.py:3036} INFO - Sync 3 DAGs
[2025-05-20T08:03:38.550+0000] {logging_mixin.py:188} INFO - [2025-05-20T08:03:38.550+0000] {dag.py:3823} INFO - Setting next_dagrun for example_subdag_operator to 2022-01-01 00:00:00+00:00, run_after=2022-01-01 00:00:00+00:00
[2025-05-20T08:03:38.560+0000] {logging_mixin.py:188} INFO - [2025-05-20T08:03:38.559+0000] {dag.py:3823} INFO - Setting next_dagrun for example_subdag_operator.section-1 to None, run_after=None
[2025-05-20T08:03:38.563+0000] {logging_mixin.py:188} INFO - [2025-05-20T08:03:38.562+0000] {dag.py:3823} INFO - Setting next_dagrun for example_subdag_operator.section-2 to None, run_after=None
[2025-05-20T08:03:38.578+0000] {logging_mixin.py:188} INFO - [2025-05-20T08:03:38.577+0000] {dag.py:3036} INFO - Sync 2 DAGs
[2025-05-20T08:03:38.588+0000] {logging_mixin.py:188} INFO - [2025-05-20T08:03:38.588+0000] {dag.py:3823} INFO - Setting next_dagrun for example_subdag_operator.section-1 to None, run_after=None
[2025-05-20T08:03:38.590+0000] {logging_mixin.py:188} INFO - [2025-05-20T08:03:38.589+0000] {dag.py:3823} INFO - Setting next_dagrun for example_subdag_operator.section-2 to None, run_after=None
[2025-05-20T08:03:38.622+0000] {processor.py:183} INFO - Processing /home/airflow/.local/lib/python3.8/site-packages/airflow/example_dags/example_subdag_operator.py took 0.212 seconds
[2025-05-20T08:04:10.200+0000] {processor.py:161} INFO - Started process (PID=2441) to work on /home/airflow/.local/lib/python3.8/site-packages/airflow/example_dags/example_subdag_operator.py
[2025-05-20T08:04:10.202+0000] {processor.py:830} INFO - Processing file /home/airflow/.local/lib/python3.8/site-packages/airflow/example_dags/example_subdag_operator.py for tasks to queue
[2025-05-20T08:04:10.206+0000] {logging_mixin.py:188} INFO - [2025-05-20T08:04:10.206+0000] {dagbag.py:538} INFO - Filling up the DagBag from /home/airflow/.local/lib/python3.8/site-packages/airflow/example_dags/example_subdag_operator.py
[2025-05-20T08:04:10.248+0000] {processor.py:840} INFO - DAG(s) 'example_subdag_operator.section-1', 'example_subdag_operator.section-2', 'example_subdag_operator' retrieved from /home/airflow/.local/lib/python3.8/site-packages/airflow/example_dags/example_subdag_operator.py
[2025-05-20T08:04:10.283+0000] {logging_mixin.py:188} INFO - [2025-05-20T08:04:10.282+0000] {dag.py:3036} INFO - Sync 3 DAGs
[2025-05-20T08:04:10.333+0000] {logging_mixin.py:188} INFO - [2025-05-20T08:04:10.333+0000] {dag.py:3823} INFO - Setting next_dagrun for example_subdag_operator to 2022-01-01 00:00:00+00:00, run_after=2022-01-01 00:00:00+00:00
[2025-05-20T08:04:10.342+0000] {logging_mixin.py:188} INFO - [2025-05-20T08:04:10.342+0000] {dag.py:3823} INFO - Setting next_dagrun for example_subdag_operator.section-1 to None, run_after=None
[2025-05-20T08:04:10.346+0000] {logging_mixin.py:188} INFO - [2025-05-20T08:04:10.345+0000] {dag.py:3823} INFO - Setting next_dagrun for example_subdag_operator.section-2 to None, run_after=None
[2025-05-20T08:04:10.361+0000] {logging_mixin.py:188} INFO - [2025-05-20T08:04:10.361+0000] {dag.py:3036} INFO - Sync 2 DAGs
[2025-05-20T08:04:10.373+0000] {logging_mixin.py:188} INFO - [2025-05-20T08:04:10.373+0000] {dag.py:3823} INFO - Setting next_dagrun for example_subdag_operator.section-1 to None, run_after=None
[2025-05-20T08:04:10.375+0000] {logging_mixin.py:188} INFO - [2025-05-20T08:04:10.375+0000] {dag.py:3823} INFO - Setting next_dagrun for example_subdag_operator.section-2 to None, run_after=None
[2025-05-20T08:04:10.406+0000] {processor.py:183} INFO - Processing /home/airflow/.local/lib/python3.8/site-packages/airflow/example_dags/example_subdag_operator.py took 0.211 seconds
