[2025-05-20T07:45:18.155+0000] {processor.py:161} INFO - Started process (PID=80) to work on /home/airflow/.local/lib/python3.8/site-packages/airflow/example_dags/example_python_operator.py
[2025-05-20T07:45:18.157+0000] {processor.py:830} INFO - Processing file /home/airflow/.local/lib/python3.8/site-packages/airflow/example_dags/example_python_operator.py for tasks to queue
[2025-05-20T07:45:18.160+0000] {logging_mixin.py:188} INFO - [2025-05-20T07:45:18.160+0000] {dagbag.py:538} INFO - Filling up the DagBag from /home/airflow/.local/lib/python3.8/site-packages/airflow/example_dags/example_python_operator.py
[2025-05-20T07:45:18.189+0000] {processor.py:840} INFO - DAG(s) 'example_python_operator' retrieved from /home/airflow/.local/lib/python3.8/site-packages/airflow/example_dags/example_python_operator.py
[2025-05-20T07:45:18.402+0000] {logging_mixin.py:188} INFO - [2025-05-20T07:45:18.401+0000] {dag.py:3036} INFO - Sync 1 DAGs
[2025-05-20T07:45:18.428+0000] {logging_mixin.py:188} INFO - [2025-05-20T07:45:18.428+0000] {dag.py:3823} INFO - Setting next_dagrun for example_python_operator to None, run_after=None
[2025-05-20T07:45:18.462+0000] {processor.py:183} INFO - Processing /home/airflow/.local/lib/python3.8/site-packages/airflow/example_dags/example_python_operator.py took 0.316 seconds
[2025-05-20T07:45:49.128+0000] {processor.py:161} INFO - Started process (PID=145) to work on /home/airflow/.local/lib/python3.8/site-packages/airflow/example_dags/example_python_operator.py
[2025-05-20T07:45:49.132+0000] {processor.py:830} INFO - Processing file /home/airflow/.local/lib/python3.8/site-packages/airflow/example_dags/example_python_operator.py for tasks to queue
[2025-05-20T07:45:49.140+0000] {logging_mixin.py:188} INFO - [2025-05-20T07:45:49.139+0000] {dagbag.py:538} INFO - Filling up the DagBag from /home/airflow/.local/lib/python3.8/site-packages/airflow/example_dags/example_python_operator.py
[2025-05-20T07:45:49.177+0000] {processor.py:840} INFO - DAG(s) 'example_python_operator' retrieved from /home/airflow/.local/lib/python3.8/site-packages/airflow/example_dags/example_python_operator.py
[2025-05-20T07:45:49.240+0000] {logging_mixin.py:188} INFO - [2025-05-20T07:45:49.239+0000] {dag.py:3036} INFO - Sync 1 DAGs
[2025-05-20T07:45:49.274+0000] {logging_mixin.py:188} INFO - [2025-05-20T07:45:49.273+0000] {dag.py:3823} INFO - Setting next_dagrun for example_python_operator to None, run_after=None
[2025-05-20T07:45:49.322+0000] {processor.py:183} INFO - Processing /home/airflow/.local/lib/python3.8/site-packages/airflow/example_dags/example_python_operator.py took 0.206 seconds
[2025-05-20T07:46:19.619+0000] {processor.py:161} INFO - Started process (PID=210) to work on /home/airflow/.local/lib/python3.8/site-packages/airflow/example_dags/example_python_operator.py
[2025-05-20T07:46:19.621+0000] {processor.py:830} INFO - Processing file /home/airflow/.local/lib/python3.8/site-packages/airflow/example_dags/example_python_operator.py for tasks to queue
[2025-05-20T07:46:19.624+0000] {logging_mixin.py:188} INFO - [2025-05-20T07:46:19.623+0000] {dagbag.py:538} INFO - Filling up the DagBag from /home/airflow/.local/lib/python3.8/site-packages/airflow/example_dags/example_python_operator.py
[2025-05-20T07:46:19.649+0000] {processor.py:840} INFO - DAG(s) 'example_python_operator' retrieved from /home/airflow/.local/lib/python3.8/site-packages/airflow/example_dags/example_python_operator.py
[2025-05-20T07:46:19.697+0000] {logging_mixin.py:188} INFO - [2025-05-20T07:46:19.696+0000] {dag.py:3036} INFO - Sync 1 DAGs
[2025-05-20T07:46:19.722+0000] {logging_mixin.py:188} INFO - [2025-05-20T07:46:19.722+0000] {dag.py:3823} INFO - Setting next_dagrun for example_python_operator to None, run_after=None
[2025-05-20T07:46:19.765+0000] {processor.py:183} INFO - Processing /home/airflow/.local/lib/python3.8/site-packages/airflow/example_dags/example_python_operator.py took 0.151 seconds
[2025-05-20T07:46:51.055+0000] {processor.py:161} INFO - Started process (PID=275) to work on /home/airflow/.local/lib/python3.8/site-packages/airflow/example_dags/example_python_operator.py
[2025-05-20T07:46:51.058+0000] {processor.py:830} INFO - Processing file /home/airflow/.local/lib/python3.8/site-packages/airflow/example_dags/example_python_operator.py for tasks to queue
[2025-05-20T07:46:51.063+0000] {logging_mixin.py:188} INFO - [2025-05-20T07:46:51.062+0000] {dagbag.py:538} INFO - Filling up the DagBag from /home/airflow/.local/lib/python3.8/site-packages/airflow/example_dags/example_python_operator.py
[2025-05-20T07:46:51.088+0000] {processor.py:840} INFO - DAG(s) 'example_python_operator' retrieved from /home/airflow/.local/lib/python3.8/site-packages/airflow/example_dags/example_python_operator.py
[2025-05-20T07:46:51.143+0000] {logging_mixin.py:188} INFO - [2025-05-20T07:46:51.142+0000] {dag.py:3036} INFO - Sync 1 DAGs
[2025-05-20T07:46:51.174+0000] {logging_mixin.py:188} INFO - [2025-05-20T07:46:51.173+0000] {dag.py:3823} INFO - Setting next_dagrun for example_python_operator to None, run_after=None
[2025-05-20T07:46:51.211+0000] {processor.py:183} INFO - Processing /home/airflow/.local/lib/python3.8/site-packages/airflow/example_dags/example_python_operator.py took 0.166 seconds
[2025-05-20T07:47:23.213+0000] {processor.py:161} INFO - Started process (PID=340) to work on /home/airflow/.local/lib/python3.8/site-packages/airflow/example_dags/example_python_operator.py
[2025-05-20T07:47:23.216+0000] {processor.py:830} INFO - Processing file /home/airflow/.local/lib/python3.8/site-packages/airflow/example_dags/example_python_operator.py for tasks to queue
[2025-05-20T07:47:23.220+0000] {logging_mixin.py:188} INFO - [2025-05-20T07:47:23.219+0000] {dagbag.py:538} INFO - Filling up the DagBag from /home/airflow/.local/lib/python3.8/site-packages/airflow/example_dags/example_python_operator.py
[2025-05-20T07:47:23.248+0000] {processor.py:840} INFO - DAG(s) 'example_python_operator' retrieved from /home/airflow/.local/lib/python3.8/site-packages/airflow/example_dags/example_python_operator.py
[2025-05-20T07:47:23.303+0000] {logging_mixin.py:188} INFO - [2025-05-20T07:47:23.303+0000] {dag.py:3036} INFO - Sync 1 DAGs
[2025-05-20T07:47:23.332+0000] {logging_mixin.py:188} INFO - [2025-05-20T07:47:23.331+0000] {dag.py:3823} INFO - Setting next_dagrun for example_python_operator to None, run_after=None
[2025-05-20T07:47:23.371+0000] {processor.py:183} INFO - Processing /home/airflow/.local/lib/python3.8/site-packages/airflow/example_dags/example_python_operator.py took 0.171 seconds
[2025-05-20T07:47:54.535+0000] {processor.py:161} INFO - Started process (PID=405) to work on /home/airflow/.local/lib/python3.8/site-packages/airflow/example_dags/example_python_operator.py
[2025-05-20T07:47:54.539+0000] {processor.py:830} INFO - Processing file /home/airflow/.local/lib/python3.8/site-packages/airflow/example_dags/example_python_operator.py for tasks to queue
[2025-05-20T07:47:54.546+0000] {logging_mixin.py:188} INFO - [2025-05-20T07:47:54.545+0000] {dagbag.py:538} INFO - Filling up the DagBag from /home/airflow/.local/lib/python3.8/site-packages/airflow/example_dags/example_python_operator.py
[2025-05-20T07:47:54.593+0000] {processor.py:840} INFO - DAG(s) 'example_python_operator' retrieved from /home/airflow/.local/lib/python3.8/site-packages/airflow/example_dags/example_python_operator.py
[2025-05-20T07:47:54.712+0000] {logging_mixin.py:188} INFO - [2025-05-20T07:47:54.711+0000] {dag.py:3036} INFO - Sync 1 DAGs
[2025-05-20T07:47:54.779+0000] {logging_mixin.py:188} INFO - [2025-05-20T07:47:54.779+0000] {dag.py:3823} INFO - Setting next_dagrun for example_python_operator to None, run_after=None
[2025-05-20T07:47:54.844+0000] {processor.py:183} INFO - Processing /home/airflow/.local/lib/python3.8/site-packages/airflow/example_dags/example_python_operator.py took 0.325 seconds
[2025-05-20T07:48:26.384+0000] {processor.py:161} INFO - Started process (PID=470) to work on /home/airflow/.local/lib/python3.8/site-packages/airflow/example_dags/example_python_operator.py
[2025-05-20T07:48:26.386+0000] {processor.py:830} INFO - Processing file /home/airflow/.local/lib/python3.8/site-packages/airflow/example_dags/example_python_operator.py for tasks to queue
[2025-05-20T07:48:26.391+0000] {logging_mixin.py:188} INFO - [2025-05-20T07:48:26.390+0000] {dagbag.py:538} INFO - Filling up the DagBag from /home/airflow/.local/lib/python3.8/site-packages/airflow/example_dags/example_python_operator.py
[2025-05-20T07:48:26.415+0000] {processor.py:840} INFO - DAG(s) 'example_python_operator' retrieved from /home/airflow/.local/lib/python3.8/site-packages/airflow/example_dags/example_python_operator.py
[2025-05-20T07:48:26.477+0000] {logging_mixin.py:188} INFO - [2025-05-20T07:48:26.476+0000] {dag.py:3036} INFO - Sync 1 DAGs
[2025-05-20T07:48:26.517+0000] {logging_mixin.py:188} INFO - [2025-05-20T07:48:26.516+0000] {dag.py:3823} INFO - Setting next_dagrun for example_python_operator to None, run_after=None
[2025-05-20T07:48:26.595+0000] {processor.py:183} INFO - Processing /home/airflow/.local/lib/python3.8/site-packages/airflow/example_dags/example_python_operator.py took 0.217 seconds
[2025-05-20T07:48:57.327+0000] {processor.py:161} INFO - Started process (PID=535) to work on /home/airflow/.local/lib/python3.8/site-packages/airflow/example_dags/example_python_operator.py
[2025-05-20T07:48:57.329+0000] {processor.py:830} INFO - Processing file /home/airflow/.local/lib/python3.8/site-packages/airflow/example_dags/example_python_operator.py for tasks to queue
[2025-05-20T07:48:57.332+0000] {logging_mixin.py:188} INFO - [2025-05-20T07:48:57.331+0000] {dagbag.py:538} INFO - Filling up the DagBag from /home/airflow/.local/lib/python3.8/site-packages/airflow/example_dags/example_python_operator.py
[2025-05-20T07:48:57.346+0000] {processor.py:840} INFO - DAG(s) 'example_python_operator' retrieved from /home/airflow/.local/lib/python3.8/site-packages/airflow/example_dags/example_python_operator.py
[2025-05-20T07:48:57.392+0000] {logging_mixin.py:188} INFO - [2025-05-20T07:48:57.391+0000] {dag.py:3036} INFO - Sync 1 DAGs
[2025-05-20T07:48:57.434+0000] {logging_mixin.py:188} INFO - [2025-05-20T07:48:57.434+0000] {dag.py:3823} INFO - Setting next_dagrun for example_python_operator to None, run_after=None
[2025-05-20T07:48:57.494+0000] {processor.py:183} INFO - Processing /home/airflow/.local/lib/python3.8/site-packages/airflow/example_dags/example_python_operator.py took 0.171 seconds
[2025-05-20T07:49:27.803+0000] {processor.py:161} INFO - Started process (PID=600) to work on /home/airflow/.local/lib/python3.8/site-packages/airflow/example_dags/example_python_operator.py
[2025-05-20T07:49:27.806+0000] {processor.py:830} INFO - Processing file /home/airflow/.local/lib/python3.8/site-packages/airflow/example_dags/example_python_operator.py for tasks to queue
[2025-05-20T07:49:27.810+0000] {logging_mixin.py:188} INFO - [2025-05-20T07:49:27.809+0000] {dagbag.py:538} INFO - Filling up the DagBag from /home/airflow/.local/lib/python3.8/site-packages/airflow/example_dags/example_python_operator.py
[2025-05-20T07:49:27.833+0000] {processor.py:840} INFO - DAG(s) 'example_python_operator' retrieved from /home/airflow/.local/lib/python3.8/site-packages/airflow/example_dags/example_python_operator.py
[2025-05-20T07:49:27.888+0000] {logging_mixin.py:188} INFO - [2025-05-20T07:49:27.888+0000] {dag.py:3036} INFO - Sync 1 DAGs
[2025-05-20T07:49:27.923+0000] {logging_mixin.py:188} INFO - [2025-05-20T07:49:27.922+0000] {dag.py:3823} INFO - Setting next_dagrun for example_python_operator to None, run_after=None
[2025-05-20T07:49:27.974+0000] {processor.py:183} INFO - Processing /home/airflow/.local/lib/python3.8/site-packages/airflow/example_dags/example_python_operator.py took 0.178 seconds
[2025-05-20T07:49:59.300+0000] {processor.py:161} INFO - Started process (PID=665) to work on /home/airflow/.local/lib/python3.8/site-packages/airflow/example_dags/example_python_operator.py
[2025-05-20T07:49:59.302+0000] {processor.py:830} INFO - Processing file /home/airflow/.local/lib/python3.8/site-packages/airflow/example_dags/example_python_operator.py for tasks to queue
[2025-05-20T07:49:59.305+0000] {logging_mixin.py:188} INFO - [2025-05-20T07:49:59.305+0000] {dagbag.py:538} INFO - Filling up the DagBag from /home/airflow/.local/lib/python3.8/site-packages/airflow/example_dags/example_python_operator.py
[2025-05-20T07:49:59.323+0000] {processor.py:840} INFO - DAG(s) 'example_python_operator' retrieved from /home/airflow/.local/lib/python3.8/site-packages/airflow/example_dags/example_python_operator.py
[2025-05-20T07:49:59.367+0000] {logging_mixin.py:188} INFO - [2025-05-20T07:49:59.367+0000] {dag.py:3036} INFO - Sync 1 DAGs
[2025-05-20T07:49:59.390+0000] {logging_mixin.py:188} INFO - [2025-05-20T07:49:59.390+0000] {dag.py:3823} INFO - Setting next_dagrun for example_python_operator to None, run_after=None
[2025-05-20T07:49:59.425+0000] {processor.py:183} INFO - Processing /home/airflow/.local/lib/python3.8/site-packages/airflow/example_dags/example_python_operator.py took 0.131 seconds
[2025-05-20T07:50:30.366+0000] {processor.py:161} INFO - Started process (PID=730) to work on /home/airflow/.local/lib/python3.8/site-packages/airflow/example_dags/example_python_operator.py
[2025-05-20T07:50:30.367+0000] {processor.py:830} INFO - Processing file /home/airflow/.local/lib/python3.8/site-packages/airflow/example_dags/example_python_operator.py for tasks to queue
[2025-05-20T07:50:30.371+0000] {logging_mixin.py:188} INFO - [2025-05-20T07:50:30.370+0000] {dagbag.py:538} INFO - Filling up the DagBag from /home/airflow/.local/lib/python3.8/site-packages/airflow/example_dags/example_python_operator.py
[2025-05-20T07:50:30.392+0000] {processor.py:840} INFO - DAG(s) 'example_python_operator' retrieved from /home/airflow/.local/lib/python3.8/site-packages/airflow/example_dags/example_python_operator.py
[2025-05-20T07:50:30.436+0000] {logging_mixin.py:188} INFO - [2025-05-20T07:50:30.435+0000] {dag.py:3036} INFO - Sync 1 DAGs
[2025-05-20T07:50:30.459+0000] {logging_mixin.py:188} INFO - [2025-05-20T07:50:30.458+0000] {dag.py:3823} INFO - Setting next_dagrun for example_python_operator to None, run_after=None
[2025-05-20T07:50:30.505+0000] {processor.py:183} INFO - Processing /home/airflow/.local/lib/python3.8/site-packages/airflow/example_dags/example_python_operator.py took 0.144 seconds
[2025-05-20T07:51:02.657+0000] {processor.py:161} INFO - Started process (PID=801) to work on /home/airflow/.local/lib/python3.8/site-packages/airflow/example_dags/example_python_operator.py
[2025-05-20T07:51:02.659+0000] {processor.py:830} INFO - Processing file /home/airflow/.local/lib/python3.8/site-packages/airflow/example_dags/example_python_operator.py for tasks to queue
[2025-05-20T07:51:02.663+0000] {logging_mixin.py:188} INFO - [2025-05-20T07:51:02.662+0000] {dagbag.py:538} INFO - Filling up the DagBag from /home/airflow/.local/lib/python3.8/site-packages/airflow/example_dags/example_python_operator.py
[2025-05-20T07:51:02.689+0000] {processor.py:840} INFO - DAG(s) 'example_python_operator' retrieved from /home/airflow/.local/lib/python3.8/site-packages/airflow/example_dags/example_python_operator.py
[2025-05-20T07:51:02.746+0000] {logging_mixin.py:188} INFO - [2025-05-20T07:51:02.745+0000] {dag.py:3036} INFO - Sync 1 DAGs
[2025-05-20T07:51:02.781+0000] {logging_mixin.py:188} INFO - [2025-05-20T07:51:02.781+0000] {dag.py:3823} INFO - Setting next_dagrun for example_python_operator to None, run_after=None
[2025-05-20T07:51:02.826+0000] {processor.py:183} INFO - Processing /home/airflow/.local/lib/python3.8/site-packages/airflow/example_dags/example_python_operator.py took 0.175 seconds
[2025-05-20T07:51:34.757+0000] {processor.py:161} INFO - Started process (PID=866) to work on /home/airflow/.local/lib/python3.8/site-packages/airflow/example_dags/example_python_operator.py
[2025-05-20T07:51:34.760+0000] {processor.py:830} INFO - Processing file /home/airflow/.local/lib/python3.8/site-packages/airflow/example_dags/example_python_operator.py for tasks to queue
[2025-05-20T07:51:34.774+0000] {logging_mixin.py:188} INFO - [2025-05-20T07:51:34.773+0000] {dagbag.py:538} INFO - Filling up the DagBag from /home/airflow/.local/lib/python3.8/site-packages/airflow/example_dags/example_python_operator.py
[2025-05-20T07:51:34.823+0000] {processor.py:840} INFO - DAG(s) 'example_python_operator' retrieved from /home/airflow/.local/lib/python3.8/site-packages/airflow/example_dags/example_python_operator.py
[2025-05-20T07:51:34.866+0000] {logging_mixin.py:188} INFO - [2025-05-20T07:51:34.866+0000] {dag.py:3036} INFO - Sync 1 DAGs
[2025-05-20T07:51:34.888+0000] {logging_mixin.py:188} INFO - [2025-05-20T07:51:34.887+0000] {dag.py:3823} INFO - Setting next_dagrun for example_python_operator to None, run_after=None
[2025-05-20T07:51:34.927+0000] {processor.py:183} INFO - Processing /home/airflow/.local/lib/python3.8/site-packages/airflow/example_dags/example_python_operator.py took 0.185 seconds
[2025-05-20T07:52:05.744+0000] {processor.py:161} INFO - Started process (PID=931) to work on /home/airflow/.local/lib/python3.8/site-packages/airflow/example_dags/example_python_operator.py
[2025-05-20T07:52:05.746+0000] {processor.py:830} INFO - Processing file /home/airflow/.local/lib/python3.8/site-packages/airflow/example_dags/example_python_operator.py for tasks to queue
[2025-05-20T07:52:05.749+0000] {logging_mixin.py:188} INFO - [2025-05-20T07:52:05.749+0000] {dagbag.py:538} INFO - Filling up the DagBag from /home/airflow/.local/lib/python3.8/site-packages/airflow/example_dags/example_python_operator.py
[2025-05-20T07:52:05.768+0000] {processor.py:840} INFO - DAG(s) 'example_python_operator' retrieved from /home/airflow/.local/lib/python3.8/site-packages/airflow/example_dags/example_python_operator.py
[2025-05-20T07:52:05.825+0000] {logging_mixin.py:188} INFO - [2025-05-20T07:52:05.824+0000] {dag.py:3036} INFO - Sync 1 DAGs
[2025-05-20T07:52:05.881+0000] {logging_mixin.py:188} INFO - [2025-05-20T07:52:05.880+0000] {dag.py:3823} INFO - Setting next_dagrun for example_python_operator to None, run_after=None
[2025-05-20T07:52:05.974+0000] {processor.py:183} INFO - Processing /home/airflow/.local/lib/python3.8/site-packages/airflow/example_dags/example_python_operator.py took 0.236 seconds
[2025-05-20T07:52:37.252+0000] {processor.py:161} INFO - Started process (PID=996) to work on /home/airflow/.local/lib/python3.8/site-packages/airflow/example_dags/example_python_operator.py
[2025-05-20T07:52:37.254+0000] {processor.py:830} INFO - Processing file /home/airflow/.local/lib/python3.8/site-packages/airflow/example_dags/example_python_operator.py for tasks to queue
[2025-05-20T07:52:37.257+0000] {logging_mixin.py:188} INFO - [2025-05-20T07:52:37.256+0000] {dagbag.py:538} INFO - Filling up the DagBag from /home/airflow/.local/lib/python3.8/site-packages/airflow/example_dags/example_python_operator.py
[2025-05-20T07:52:37.274+0000] {processor.py:840} INFO - DAG(s) 'example_python_operator' retrieved from /home/airflow/.local/lib/python3.8/site-packages/airflow/example_dags/example_python_operator.py
[2025-05-20T07:52:37.310+0000] {logging_mixin.py:188} INFO - [2025-05-20T07:52:37.309+0000] {dag.py:3036} INFO - Sync 1 DAGs
[2025-05-20T07:52:37.331+0000] {logging_mixin.py:188} INFO - [2025-05-20T07:52:37.331+0000] {dag.py:3823} INFO - Setting next_dagrun for example_python_operator to None, run_after=None
[2025-05-20T07:52:37.368+0000] {processor.py:183} INFO - Processing /home/airflow/.local/lib/python3.8/site-packages/airflow/example_dags/example_python_operator.py took 0.121 seconds
[2025-05-20T07:53:07.886+0000] {processor.py:161} INFO - Started process (PID=1061) to work on /home/airflow/.local/lib/python3.8/site-packages/airflow/example_dags/example_python_operator.py
[2025-05-20T07:53:07.889+0000] {processor.py:830} INFO - Processing file /home/airflow/.local/lib/python3.8/site-packages/airflow/example_dags/example_python_operator.py for tasks to queue
[2025-05-20T07:53:07.893+0000] {logging_mixin.py:188} INFO - [2025-05-20T07:53:07.892+0000] {dagbag.py:538} INFO - Filling up the DagBag from /home/airflow/.local/lib/python3.8/site-packages/airflow/example_dags/example_python_operator.py
[2025-05-20T07:53:07.918+0000] {processor.py:840} INFO - DAG(s) 'example_python_operator' retrieved from /home/airflow/.local/lib/python3.8/site-packages/airflow/example_dags/example_python_operator.py
[2025-05-20T07:53:07.965+0000] {logging_mixin.py:188} INFO - [2025-05-20T07:53:07.965+0000] {dag.py:3036} INFO - Sync 1 DAGs
[2025-05-20T07:53:07.995+0000] {logging_mixin.py:188} INFO - [2025-05-20T07:53:07.994+0000] {dag.py:3823} INFO - Setting next_dagrun for example_python_operator to None, run_after=None
[2025-05-20T07:53:08.040+0000] {processor.py:183} INFO - Processing /home/airflow/.local/lib/python3.8/site-packages/airflow/example_dags/example_python_operator.py took 0.159 seconds
[2025-05-20T07:53:41.149+0000] {processor.py:161} INFO - Started process (PID=1126) to work on /home/airflow/.local/lib/python3.8/site-packages/airflow/example_dags/example_python_operator.py
[2025-05-20T07:53:41.151+0000] {processor.py:830} INFO - Processing file /home/airflow/.local/lib/python3.8/site-packages/airflow/example_dags/example_python_operator.py for tasks to queue
[2025-05-20T07:53:41.156+0000] {logging_mixin.py:188} INFO - [2025-05-20T07:53:41.155+0000] {dagbag.py:538} INFO - Filling up the DagBag from /home/airflow/.local/lib/python3.8/site-packages/airflow/example_dags/example_python_operator.py
[2025-05-20T07:53:41.180+0000] {processor.py:840} INFO - DAG(s) 'example_python_operator' retrieved from /home/airflow/.local/lib/python3.8/site-packages/airflow/example_dags/example_python_operator.py
[2025-05-20T07:53:41.232+0000] {logging_mixin.py:188} INFO - [2025-05-20T07:53:41.232+0000] {dag.py:3036} INFO - Sync 1 DAGs
[2025-05-20T07:53:41.269+0000] {logging_mixin.py:188} INFO - [2025-05-20T07:53:41.268+0000] {dag.py:3823} INFO - Setting next_dagrun for example_python_operator to None, run_after=None
[2025-05-20T07:53:41.316+0000] {processor.py:183} INFO - Processing /home/airflow/.local/lib/python3.8/site-packages/airflow/example_dags/example_python_operator.py took 0.176 seconds
[2025-05-20T07:54:14.333+0000] {processor.py:161} INFO - Started process (PID=1191) to work on /home/airflow/.local/lib/python3.8/site-packages/airflow/example_dags/example_python_operator.py
[2025-05-20T07:54:14.335+0000] {processor.py:830} INFO - Processing file /home/airflow/.local/lib/python3.8/site-packages/airflow/example_dags/example_python_operator.py for tasks to queue
[2025-05-20T07:54:14.338+0000] {logging_mixin.py:188} INFO - [2025-05-20T07:54:14.338+0000] {dagbag.py:538} INFO - Filling up the DagBag from /home/airflow/.local/lib/python3.8/site-packages/airflow/example_dags/example_python_operator.py
[2025-05-20T07:54:14.359+0000] {processor.py:840} INFO - DAG(s) 'example_python_operator' retrieved from /home/airflow/.local/lib/python3.8/site-packages/airflow/example_dags/example_python_operator.py
[2025-05-20T07:54:14.398+0000] {logging_mixin.py:188} INFO - [2025-05-20T07:54:14.397+0000] {dag.py:3036} INFO - Sync 1 DAGs
[2025-05-20T07:54:14.421+0000] {logging_mixin.py:188} INFO - [2025-05-20T07:54:14.420+0000] {dag.py:3823} INFO - Setting next_dagrun for example_python_operator to None, run_after=None
[2025-05-20T07:54:14.457+0000] {processor.py:183} INFO - Processing /home/airflow/.local/lib/python3.8/site-packages/airflow/example_dags/example_python_operator.py took 0.130 seconds
[2025-05-20T07:54:44.975+0000] {processor.py:161} INFO - Started process (PID=1256) to work on /home/airflow/.local/lib/python3.8/site-packages/airflow/example_dags/example_python_operator.py
[2025-05-20T07:54:44.978+0000] {processor.py:830} INFO - Processing file /home/airflow/.local/lib/python3.8/site-packages/airflow/example_dags/example_python_operator.py for tasks to queue
[2025-05-20T07:54:44.986+0000] {logging_mixin.py:188} INFO - [2025-05-20T07:54:44.982+0000] {dagbag.py:538} INFO - Filling up the DagBag from /home/airflow/.local/lib/python3.8/site-packages/airflow/example_dags/example_python_operator.py
[2025-05-20T07:54:45.037+0000] {processor.py:840} INFO - DAG(s) 'example_python_operator' retrieved from /home/airflow/.local/lib/python3.8/site-packages/airflow/example_dags/example_python_operator.py
[2025-05-20T07:54:45.088+0000] {logging_mixin.py:188} INFO - [2025-05-20T07:54:45.088+0000] {dag.py:3036} INFO - Sync 1 DAGs
[2025-05-20T07:54:45.115+0000] {logging_mixin.py:188} INFO - [2025-05-20T07:54:45.115+0000] {dag.py:3823} INFO - Setting next_dagrun for example_python_operator to None, run_after=None
[2025-05-20T07:54:45.153+0000] {processor.py:183} INFO - Processing /home/airflow/.local/lib/python3.8/site-packages/airflow/example_dags/example_python_operator.py took 0.185 seconds
[2025-05-20T07:55:15.463+0000] {processor.py:161} INFO - Started process (PID=1321) to work on /home/airflow/.local/lib/python3.8/site-packages/airflow/example_dags/example_python_operator.py
[2025-05-20T07:55:15.465+0000] {processor.py:830} INFO - Processing file /home/airflow/.local/lib/python3.8/site-packages/airflow/example_dags/example_python_operator.py for tasks to queue
[2025-05-20T07:55:15.468+0000] {logging_mixin.py:188} INFO - [2025-05-20T07:55:15.467+0000] {dagbag.py:538} INFO - Filling up the DagBag from /home/airflow/.local/lib/python3.8/site-packages/airflow/example_dags/example_python_operator.py
[2025-05-20T07:55:15.485+0000] {processor.py:840} INFO - DAG(s) 'example_python_operator' retrieved from /home/airflow/.local/lib/python3.8/site-packages/airflow/example_dags/example_python_operator.py
[2025-05-20T07:55:15.528+0000] {logging_mixin.py:188} INFO - [2025-05-20T07:55:15.528+0000] {dag.py:3036} INFO - Sync 1 DAGs
[2025-05-20T07:55:15.559+0000] {logging_mixin.py:188} INFO - [2025-05-20T07:55:15.558+0000] {dag.py:3823} INFO - Setting next_dagrun for example_python_operator to None, run_after=None
[2025-05-20T07:55:15.602+0000] {processor.py:183} INFO - Processing /home/airflow/.local/lib/python3.8/site-packages/airflow/example_dags/example_python_operator.py took 0.144 seconds
[2025-05-20T07:55:45.961+0000] {processor.py:161} INFO - Started process (PID=1386) to work on /home/airflow/.local/lib/python3.8/site-packages/airflow/example_dags/example_python_operator.py
[2025-05-20T07:55:45.963+0000] {processor.py:830} INFO - Processing file /home/airflow/.local/lib/python3.8/site-packages/airflow/example_dags/example_python_operator.py for tasks to queue
[2025-05-20T07:55:45.966+0000] {logging_mixin.py:188} INFO - [2025-05-20T07:55:45.966+0000] {dagbag.py:538} INFO - Filling up the DagBag from /home/airflow/.local/lib/python3.8/site-packages/airflow/example_dags/example_python_operator.py
[2025-05-20T07:55:45.983+0000] {processor.py:840} INFO - DAG(s) 'example_python_operator' retrieved from /home/airflow/.local/lib/python3.8/site-packages/airflow/example_dags/example_python_operator.py
[2025-05-20T07:55:46.030+0000] {logging_mixin.py:188} INFO - [2025-05-20T07:55:46.030+0000] {dag.py:3036} INFO - Sync 1 DAGs
[2025-05-20T07:55:46.063+0000] {logging_mixin.py:188} INFO - [2025-05-20T07:55:46.062+0000] {dag.py:3823} INFO - Setting next_dagrun for example_python_operator to None, run_after=None
[2025-05-20T07:55:46.121+0000] {processor.py:183} INFO - Processing /home/airflow/.local/lib/python3.8/site-packages/airflow/example_dags/example_python_operator.py took 0.164 seconds
[2025-05-20T07:56:18.146+0000] {processor.py:161} INFO - Started process (PID=1451) to work on /home/airflow/.local/lib/python3.8/site-packages/airflow/example_dags/example_python_operator.py
[2025-05-20T07:56:18.149+0000] {processor.py:830} INFO - Processing file /home/airflow/.local/lib/python3.8/site-packages/airflow/example_dags/example_python_operator.py for tasks to queue
[2025-05-20T07:56:18.156+0000] {logging_mixin.py:188} INFO - [2025-05-20T07:56:18.155+0000] {dagbag.py:538} INFO - Filling up the DagBag from /home/airflow/.local/lib/python3.8/site-packages/airflow/example_dags/example_python_operator.py
[2025-05-20T07:56:18.201+0000] {processor.py:840} INFO - DAG(s) 'example_python_operator' retrieved from /home/airflow/.local/lib/python3.8/site-packages/airflow/example_dags/example_python_operator.py
[2025-05-20T07:56:18.247+0000] {logging_mixin.py:188} INFO - [2025-05-20T07:56:18.246+0000] {dag.py:3036} INFO - Sync 1 DAGs
[2025-05-20T07:56:18.271+0000] {logging_mixin.py:188} INFO - [2025-05-20T07:56:18.271+0000] {dag.py:3823} INFO - Setting next_dagrun for example_python_operator to None, run_after=None
[2025-05-20T07:56:18.309+0000] {processor.py:183} INFO - Processing /home/airflow/.local/lib/python3.8/site-packages/airflow/example_dags/example_python_operator.py took 0.174 seconds
[2025-05-20T07:56:49.836+0000] {processor.py:161} INFO - Started process (PID=1516) to work on /home/airflow/.local/lib/python3.8/site-packages/airflow/example_dags/example_python_operator.py
[2025-05-20T07:56:49.838+0000] {processor.py:830} INFO - Processing file /home/airflow/.local/lib/python3.8/site-packages/airflow/example_dags/example_python_operator.py for tasks to queue
[2025-05-20T07:56:49.842+0000] {logging_mixin.py:188} INFO - [2025-05-20T07:56:49.841+0000] {dagbag.py:538} INFO - Filling up the DagBag from /home/airflow/.local/lib/python3.8/site-packages/airflow/example_dags/example_python_operator.py
[2025-05-20T07:56:49.874+0000] {processor.py:840} INFO - DAG(s) 'example_python_operator' retrieved from /home/airflow/.local/lib/python3.8/site-packages/airflow/example_dags/example_python_operator.py
[2025-05-20T07:56:49.970+0000] {logging_mixin.py:188} INFO - [2025-05-20T07:56:49.969+0000] {dag.py:3036} INFO - Sync 1 DAGs
[2025-05-20T07:56:50.025+0000] {logging_mixin.py:188} INFO - [2025-05-20T07:56:50.024+0000] {dag.py:3823} INFO - Setting next_dagrun for example_python_operator to None, run_after=None
[2025-05-20T07:56:50.106+0000] {processor.py:183} INFO - Processing /home/airflow/.local/lib/python3.8/site-packages/airflow/example_dags/example_python_operator.py took 0.277 seconds
[2025-05-20T07:57:21.380+0000] {processor.py:161} INFO - Started process (PID=1581) to work on /home/airflow/.local/lib/python3.8/site-packages/airflow/example_dags/example_python_operator.py
[2025-05-20T07:57:21.383+0000] {processor.py:830} INFO - Processing file /home/airflow/.local/lib/python3.8/site-packages/airflow/example_dags/example_python_operator.py for tasks to queue
[2025-05-20T07:57:21.387+0000] {logging_mixin.py:188} INFO - [2025-05-20T07:57:21.386+0000] {dagbag.py:538} INFO - Filling up the DagBag from /home/airflow/.local/lib/python3.8/site-packages/airflow/example_dags/example_python_operator.py
[2025-05-20T07:57:21.412+0000] {processor.py:840} INFO - DAG(s) 'example_python_operator' retrieved from /home/airflow/.local/lib/python3.8/site-packages/airflow/example_dags/example_python_operator.py
[2025-05-20T07:57:21.457+0000] {logging_mixin.py:188} INFO - [2025-05-20T07:57:21.456+0000] {dag.py:3036} INFO - Sync 1 DAGs
[2025-05-20T07:57:21.486+0000] {logging_mixin.py:188} INFO - [2025-05-20T07:57:21.486+0000] {dag.py:3823} INFO - Setting next_dagrun for example_python_operator to None, run_after=None
[2025-05-20T07:57:21.532+0000] {processor.py:183} INFO - Processing /home/airflow/.local/lib/python3.8/site-packages/airflow/example_dags/example_python_operator.py took 0.159 seconds
[2025-05-20T07:57:52.314+0000] {processor.py:161} INFO - Started process (PID=1646) to work on /home/airflow/.local/lib/python3.8/site-packages/airflow/example_dags/example_python_operator.py
[2025-05-20T07:57:52.320+0000] {processor.py:830} INFO - Processing file /home/airflow/.local/lib/python3.8/site-packages/airflow/example_dags/example_python_operator.py for tasks to queue
[2025-05-20T07:57:52.329+0000] {logging_mixin.py:188} INFO - [2025-05-20T07:57:52.328+0000] {dagbag.py:538} INFO - Filling up the DagBag from /home/airflow/.local/lib/python3.8/site-packages/airflow/example_dags/example_python_operator.py
[2025-05-20T07:57:52.371+0000] {processor.py:840} INFO - DAG(s) 'example_python_operator' retrieved from /home/airflow/.local/lib/python3.8/site-packages/airflow/example_dags/example_python_operator.py
[2025-05-20T07:57:52.433+0000] {logging_mixin.py:188} INFO - [2025-05-20T07:57:52.432+0000] {dag.py:3036} INFO - Sync 1 DAGs
[2025-05-20T07:57:52.461+0000] {logging_mixin.py:188} INFO - [2025-05-20T07:57:52.461+0000] {dag.py:3823} INFO - Setting next_dagrun for example_python_operator to None, run_after=None
[2025-05-20T07:57:52.499+0000] {processor.py:183} INFO - Processing /home/airflow/.local/lib/python3.8/site-packages/airflow/example_dags/example_python_operator.py took 0.201 seconds
[2025-05-20T07:58:24.596+0000] {processor.py:161} INFO - Started process (PID=1711) to work on /home/airflow/.local/lib/python3.8/site-packages/airflow/example_dags/example_python_operator.py
[2025-05-20T07:58:24.599+0000] {processor.py:830} INFO - Processing file /home/airflow/.local/lib/python3.8/site-packages/airflow/example_dags/example_python_operator.py for tasks to queue
[2025-05-20T07:58:24.605+0000] {logging_mixin.py:188} INFO - [2025-05-20T07:58:24.604+0000] {dagbag.py:538} INFO - Filling up the DagBag from /home/airflow/.local/lib/python3.8/site-packages/airflow/example_dags/example_python_operator.py
[2025-05-20T07:58:24.639+0000] {processor.py:840} INFO - DAG(s) 'example_python_operator' retrieved from /home/airflow/.local/lib/python3.8/site-packages/airflow/example_dags/example_python_operator.py
[2025-05-20T07:58:24.725+0000] {logging_mixin.py:188} INFO - [2025-05-20T07:58:24.725+0000] {dag.py:3036} INFO - Sync 1 DAGs
[2025-05-20T07:58:24.783+0000] {logging_mixin.py:188} INFO - [2025-05-20T07:58:24.782+0000] {dag.py:3823} INFO - Setting next_dagrun for example_python_operator to None, run_after=None
[2025-05-20T07:58:24.991+0000] {processor.py:183} INFO - Processing /home/airflow/.local/lib/python3.8/site-packages/airflow/example_dags/example_python_operator.py took 0.404 seconds
[2025-05-20T07:58:56.080+0000] {processor.py:161} INFO - Started process (PID=1776) to work on /home/airflow/.local/lib/python3.8/site-packages/airflow/example_dags/example_python_operator.py
[2025-05-20T07:58:56.082+0000] {processor.py:830} INFO - Processing file /home/airflow/.local/lib/python3.8/site-packages/airflow/example_dags/example_python_operator.py for tasks to queue
[2025-05-20T07:58:56.086+0000] {logging_mixin.py:188} INFO - [2025-05-20T07:58:56.085+0000] {dagbag.py:538} INFO - Filling up the DagBag from /home/airflow/.local/lib/python3.8/site-packages/airflow/example_dags/example_python_operator.py
[2025-05-20T07:58:56.105+0000] {processor.py:840} INFO - DAG(s) 'example_python_operator' retrieved from /home/airflow/.local/lib/python3.8/site-packages/airflow/example_dags/example_python_operator.py
[2025-05-20T07:58:56.142+0000] {logging_mixin.py:188} INFO - [2025-05-20T07:58:56.141+0000] {dag.py:3036} INFO - Sync 1 DAGs
[2025-05-20T07:58:56.474+0000] {logging_mixin.py:188} INFO - [2025-05-20T07:58:56.473+0000] {dag.py:3823} INFO - Setting next_dagrun for example_python_operator to None, run_after=None
[2025-05-20T07:58:56.544+0000] {processor.py:183} INFO - Processing /home/airflow/.local/lib/python3.8/site-packages/airflow/example_dags/example_python_operator.py took 0.470 seconds
[2025-05-20T07:59:27.911+0000] {processor.py:161} INFO - Started process (PID=1841) to work on /home/airflow/.local/lib/python3.8/site-packages/airflow/example_dags/example_python_operator.py
[2025-05-20T07:59:27.914+0000] {processor.py:830} INFO - Processing file /home/airflow/.local/lib/python3.8/site-packages/airflow/example_dags/example_python_operator.py for tasks to queue
[2025-05-20T07:59:27.921+0000] {logging_mixin.py:188} INFO - [2025-05-20T07:59:27.920+0000] {dagbag.py:538} INFO - Filling up the DagBag from /home/airflow/.local/lib/python3.8/site-packages/airflow/example_dags/example_python_operator.py
[2025-05-20T07:59:27.960+0000] {processor.py:840} INFO - DAG(s) 'example_python_operator' retrieved from /home/airflow/.local/lib/python3.8/site-packages/airflow/example_dags/example_python_operator.py
[2025-05-20T07:59:28.044+0000] {logging_mixin.py:188} INFO - [2025-05-20T07:59:28.044+0000] {dag.py:3036} INFO - Sync 1 DAGs
[2025-05-20T07:59:28.106+0000] {logging_mixin.py:188} INFO - [2025-05-20T07:59:28.105+0000] {dag.py:3823} INFO - Setting next_dagrun for example_python_operator to None, run_after=None
[2025-05-20T07:59:28.198+0000] {processor.py:183} INFO - Processing /home/airflow/.local/lib/python3.8/site-packages/airflow/example_dags/example_python_operator.py took 0.299 seconds
[2025-05-20T07:59:59.486+0000] {processor.py:161} INFO - Started process (PID=1906) to work on /home/airflow/.local/lib/python3.8/site-packages/airflow/example_dags/example_python_operator.py
[2025-05-20T07:59:59.488+0000] {processor.py:830} INFO - Processing file /home/airflow/.local/lib/python3.8/site-packages/airflow/example_dags/example_python_operator.py for tasks to queue
[2025-05-20T07:59:59.492+0000] {logging_mixin.py:188} INFO - [2025-05-20T07:59:59.491+0000] {dagbag.py:538} INFO - Filling up the DagBag from /home/airflow/.local/lib/python3.8/site-packages/airflow/example_dags/example_python_operator.py
[2025-05-20T07:59:59.509+0000] {processor.py:840} INFO - DAG(s) 'example_python_operator' retrieved from /home/airflow/.local/lib/python3.8/site-packages/airflow/example_dags/example_python_operator.py
[2025-05-20T07:59:59.744+0000] {logging_mixin.py:188} INFO - [2025-05-20T07:59:59.744+0000] {dag.py:3036} INFO - Sync 1 DAGs
[2025-05-20T07:59:59.771+0000] {logging_mixin.py:188} INFO - [2025-05-20T07:59:59.771+0000] {dag.py:3823} INFO - Setting next_dagrun for example_python_operator to None, run_after=None
[2025-05-20T07:59:59.811+0000] {processor.py:183} INFO - Processing /home/airflow/.local/lib/python3.8/site-packages/airflow/example_dags/example_python_operator.py took 0.330 seconds
[2025-05-20T08:00:32.185+0000] {processor.py:161} INFO - Started process (PID=1971) to work on /home/airflow/.local/lib/python3.8/site-packages/airflow/example_dags/example_python_operator.py
[2025-05-20T08:00:32.189+0000] {processor.py:830} INFO - Processing file /home/airflow/.local/lib/python3.8/site-packages/airflow/example_dags/example_python_operator.py for tasks to queue
[2025-05-20T08:00:32.196+0000] {logging_mixin.py:188} INFO - [2025-05-20T08:00:32.196+0000] {dagbag.py:538} INFO - Filling up the DagBag from /home/airflow/.local/lib/python3.8/site-packages/airflow/example_dags/example_python_operator.py
[2025-05-20T08:00:32.226+0000] {processor.py:840} INFO - DAG(s) 'example_python_operator' retrieved from /home/airflow/.local/lib/python3.8/site-packages/airflow/example_dags/example_python_operator.py
[2025-05-20T08:00:32.285+0000] {logging_mixin.py:188} INFO - [2025-05-20T08:00:32.285+0000] {dag.py:3036} INFO - Sync 1 DAGs
[2025-05-20T08:00:32.322+0000] {logging_mixin.py:188} INFO - [2025-05-20T08:00:32.321+0000] {dag.py:3823} INFO - Setting next_dagrun for example_python_operator to None, run_after=None
[2025-05-20T08:00:32.366+0000] {processor.py:183} INFO - Processing /home/airflow/.local/lib/python3.8/site-packages/airflow/example_dags/example_python_operator.py took 0.194 seconds
[2025-05-20T08:01:03.241+0000] {processor.py:161} INFO - Started process (PID=2036) to work on /home/airflow/.local/lib/python3.8/site-packages/airflow/example_dags/example_python_operator.py
[2025-05-20T08:01:03.244+0000] {processor.py:830} INFO - Processing file /home/airflow/.local/lib/python3.8/site-packages/airflow/example_dags/example_python_operator.py for tasks to queue
[2025-05-20T08:01:03.247+0000] {logging_mixin.py:188} INFO - [2025-05-20T08:01:03.247+0000] {dagbag.py:538} INFO - Filling up the DagBag from /home/airflow/.local/lib/python3.8/site-packages/airflow/example_dags/example_python_operator.py
[2025-05-20T08:01:03.276+0000] {processor.py:840} INFO - DAG(s) 'example_python_operator' retrieved from /home/airflow/.local/lib/python3.8/site-packages/airflow/example_dags/example_python_operator.py
[2025-05-20T08:01:03.509+0000] {logging_mixin.py:188} INFO - [2025-05-20T08:01:03.508+0000] {dag.py:3036} INFO - Sync 1 DAGs
[2025-05-20T08:01:03.532+0000] {logging_mixin.py:188} INFO - [2025-05-20T08:01:03.531+0000] {dag.py:3823} INFO - Setting next_dagrun for example_python_operator to None, run_after=None
[2025-05-20T08:01:03.570+0000] {processor.py:183} INFO - Processing /home/airflow/.local/lib/python3.8/site-packages/airflow/example_dags/example_python_operator.py took 0.336 seconds
[2025-05-20T08:01:33.831+0000] {processor.py:161} INFO - Started process (PID=2101) to work on /home/airflow/.local/lib/python3.8/site-packages/airflow/example_dags/example_python_operator.py
[2025-05-20T08:01:33.833+0000] {processor.py:830} INFO - Processing file /home/airflow/.local/lib/python3.8/site-packages/airflow/example_dags/example_python_operator.py for tasks to queue
[2025-05-20T08:01:33.836+0000] {logging_mixin.py:188} INFO - [2025-05-20T08:01:33.836+0000] {dagbag.py:538} INFO - Filling up the DagBag from /home/airflow/.local/lib/python3.8/site-packages/airflow/example_dags/example_python_operator.py
[2025-05-20T08:01:33.854+0000] {processor.py:840} INFO - DAG(s) 'example_python_operator' retrieved from /home/airflow/.local/lib/python3.8/site-packages/airflow/example_dags/example_python_operator.py
[2025-05-20T08:01:33.912+0000] {logging_mixin.py:188} INFO - [2025-05-20T08:01:33.911+0000] {dag.py:3036} INFO - Sync 1 DAGs
[2025-05-20T08:01:33.937+0000] {logging_mixin.py:188} INFO - [2025-05-20T08:01:33.936+0000] {dag.py:3823} INFO - Setting next_dagrun for example_python_operator to None, run_after=None
[2025-05-20T08:01:33.986+0000] {processor.py:183} INFO - Processing /home/airflow/.local/lib/python3.8/site-packages/airflow/example_dags/example_python_operator.py took 0.159 seconds
[2025-05-20T08:02:04.066+0000] {processor.py:161} INFO - Started process (PID=2166) to work on /home/airflow/.local/lib/python3.8/site-packages/airflow/example_dags/example_python_operator.py
[2025-05-20T08:02:04.069+0000] {processor.py:830} INFO - Processing file /home/airflow/.local/lib/python3.8/site-packages/airflow/example_dags/example_python_operator.py for tasks to queue
[2025-05-20T08:02:04.073+0000] {logging_mixin.py:188} INFO - [2025-05-20T08:02:04.072+0000] {dagbag.py:538} INFO - Filling up the DagBag from /home/airflow/.local/lib/python3.8/site-packages/airflow/example_dags/example_python_operator.py
[2025-05-20T08:02:04.097+0000] {processor.py:840} INFO - DAG(s) 'example_python_operator' retrieved from /home/airflow/.local/lib/python3.8/site-packages/airflow/example_dags/example_python_operator.py
[2025-05-20T08:02:04.146+0000] {logging_mixin.py:188} INFO - [2025-05-20T08:02:04.145+0000] {dag.py:3036} INFO - Sync 1 DAGs
[2025-05-20T08:02:04.185+0000] {logging_mixin.py:188} INFO - [2025-05-20T08:02:04.185+0000] {dag.py:3823} INFO - Setting next_dagrun for example_python_operator to None, run_after=None
[2025-05-20T08:02:04.303+0000] {processor.py:183} INFO - Processing /home/airflow/.local/lib/python3.8/site-packages/airflow/example_dags/example_python_operator.py took 0.244 seconds
[2025-05-20T08:02:35.692+0000] {processor.py:161} INFO - Started process (PID=2238) to work on /home/airflow/.local/lib/python3.8/site-packages/airflow/example_dags/example_python_operator.py
[2025-05-20T08:02:35.694+0000] {processor.py:830} INFO - Processing file /home/airflow/.local/lib/python3.8/site-packages/airflow/example_dags/example_python_operator.py for tasks to queue
[2025-05-20T08:02:35.697+0000] {logging_mixin.py:188} INFO - [2025-05-20T08:02:35.697+0000] {dagbag.py:538} INFO - Filling up the DagBag from /home/airflow/.local/lib/python3.8/site-packages/airflow/example_dags/example_python_operator.py
[2025-05-20T08:02:35.718+0000] {processor.py:840} INFO - DAG(s) 'example_python_operator' retrieved from /home/airflow/.local/lib/python3.8/site-packages/airflow/example_dags/example_python_operator.py
[2025-05-20T08:02:35.759+0000] {logging_mixin.py:188} INFO - [2025-05-20T08:02:35.758+0000] {dag.py:3036} INFO - Sync 1 DAGs
[2025-05-20T08:02:35.783+0000] {logging_mixin.py:188} INFO - [2025-05-20T08:02:35.782+0000] {dag.py:3823} INFO - Setting next_dagrun for example_python_operator to None, run_after=None
[2025-05-20T08:02:35.824+0000] {processor.py:183} INFO - Processing /home/airflow/.local/lib/python3.8/site-packages/airflow/example_dags/example_python_operator.py took 0.139 seconds
[2025-05-20T08:03:06.798+0000] {processor.py:161} INFO - Started process (PID=2303) to work on /home/airflow/.local/lib/python3.8/site-packages/airflow/example_dags/example_python_operator.py
[2025-05-20T08:03:06.801+0000] {processor.py:830} INFO - Processing file /home/airflow/.local/lib/python3.8/site-packages/airflow/example_dags/example_python_operator.py for tasks to queue
[2025-05-20T08:03:06.805+0000] {logging_mixin.py:188} INFO - [2025-05-20T08:03:06.804+0000] {dagbag.py:538} INFO - Filling up the DagBag from /home/airflow/.local/lib/python3.8/site-packages/airflow/example_dags/example_python_operator.py
[2025-05-20T08:03:06.827+0000] {processor.py:840} INFO - DAG(s) 'example_python_operator' retrieved from /home/airflow/.local/lib/python3.8/site-packages/airflow/example_dags/example_python_operator.py
[2025-05-20T08:03:06.876+0000] {logging_mixin.py:188} INFO - [2025-05-20T08:03:06.875+0000] {dag.py:3036} INFO - Sync 1 DAGs
[2025-05-20T08:03:06.907+0000] {logging_mixin.py:188} INFO - [2025-05-20T08:03:06.906+0000] {dag.py:3823} INFO - Setting next_dagrun for example_python_operator to None, run_after=None
[2025-05-20T08:03:06.957+0000] {processor.py:183} INFO - Processing /home/airflow/.local/lib/python3.8/site-packages/airflow/example_dags/example_python_operator.py took 0.165 seconds
[2025-05-20T08:03:37.892+0000] {processor.py:161} INFO - Started process (PID=2368) to work on /home/airflow/.local/lib/python3.8/site-packages/airflow/example_dags/example_python_operator.py
[2025-05-20T08:03:37.894+0000] {processor.py:830} INFO - Processing file /home/airflow/.local/lib/python3.8/site-packages/airflow/example_dags/example_python_operator.py for tasks to queue
[2025-05-20T08:03:37.897+0000] {logging_mixin.py:188} INFO - [2025-05-20T08:03:37.897+0000] {dagbag.py:538} INFO - Filling up the DagBag from /home/airflow/.local/lib/python3.8/site-packages/airflow/example_dags/example_python_operator.py
[2025-05-20T08:03:37.914+0000] {processor.py:840} INFO - DAG(s) 'example_python_operator' retrieved from /home/airflow/.local/lib/python3.8/site-packages/airflow/example_dags/example_python_operator.py
[2025-05-20T08:03:37.953+0000] {logging_mixin.py:188} INFO - [2025-05-20T08:03:37.953+0000] {dag.py:3036} INFO - Sync 1 DAGs
[2025-05-20T08:03:37.978+0000] {logging_mixin.py:188} INFO - [2025-05-20T08:03:37.978+0000] {dag.py:3823} INFO - Setting next_dagrun for example_python_operator to None, run_after=None
[2025-05-20T08:03:38.022+0000] {processor.py:183} INFO - Processing /home/airflow/.local/lib/python3.8/site-packages/airflow/example_dags/example_python_operator.py took 0.135 seconds
[2025-05-20T08:04:09.355+0000] {processor.py:161} INFO - Started process (PID=2433) to work on /home/airflow/.local/lib/python3.8/site-packages/airflow/example_dags/example_python_operator.py
[2025-05-20T08:04:09.356+0000] {processor.py:830} INFO - Processing file /home/airflow/.local/lib/python3.8/site-packages/airflow/example_dags/example_python_operator.py for tasks to queue
[2025-05-20T08:04:09.360+0000] {logging_mixin.py:188} INFO - [2025-05-20T08:04:09.359+0000] {dagbag.py:538} INFO - Filling up the DagBag from /home/airflow/.local/lib/python3.8/site-packages/airflow/example_dags/example_python_operator.py
[2025-05-20T08:04:09.381+0000] {processor.py:840} INFO - DAG(s) 'example_python_operator' retrieved from /home/airflow/.local/lib/python3.8/site-packages/airflow/example_dags/example_python_operator.py
[2025-05-20T08:04:09.435+0000] {logging_mixin.py:188} INFO - [2025-05-20T08:04:09.435+0000] {dag.py:3036} INFO - Sync 1 DAGs
[2025-05-20T08:04:09.469+0000] {logging_mixin.py:188} INFO - [2025-05-20T08:04:09.468+0000] {dag.py:3823} INFO - Setting next_dagrun for example_python_operator to None, run_after=None
[2025-05-20T08:04:09.513+0000] {processor.py:183} INFO - Processing /home/airflow/.local/lib/python3.8/site-packages/airflow/example_dags/example_python_operator.py took 0.165 seconds
