[2025-05-20T07:45:13.740+0000] {processor.py:161} INFO - Started process (PID=60) to work on /home/airflow/.local/lib/python3.8/site-packages/airflow/example_dags/example_branch_datetime_operator.py
[2025-05-20T07:45:13.742+0000] {processor.py:830} INFO - Processing file /home/airflow/.local/lib/python3.8/site-packages/airflow/example_dags/example_branch_datetime_operator.py for tasks to queue
[2025-05-20T07:45:13.746+0000] {logging_mixin.py:188} INFO - [2025-05-20T07:45:13.745+0000] {dagbag.py:538} INFO - Filling up the DagBag from /home/airflow/.local/lib/python3.8/site-packages/airflow/example_dags/example_branch_datetime_operator.py
[2025-05-20T07:45:13.783+0000] {processor.py:840} INFO - DAG(s) 'example_branch_datetime_operator', 'example_branch_datetime_operator_3', 'example_branch_datetime_operator_2' retrieved from /home/airflow/.local/lib/python3.8/site-packages/airflow/example_dags/example_branch_datetime_operator.py
[2025-05-20T07:45:14.006+0000] {logging_mixin.py:188} INFO - [2025-05-20T07:45:14.006+0000] {dag.py:3036} INFO - Sync 3 DAGs
[2025-05-20T07:45:14.050+0000] {logging_mixin.py:188} INFO - [2025-05-20T07:45:14.050+0000] {dag.py:3823} INFO - Setting next_dagrun for example_branch_datetime_operator to 2025-05-19 00:00:00+00:00, run_after=2025-05-20 00:00:00+00:00
[2025-05-20T07:45:14.062+0000] {logging_mixin.py:188} INFO - [2025-05-20T07:45:14.061+0000] {dag.py:3823} INFO - Setting next_dagrun for example_branch_datetime_operator_2 to 2025-05-19 00:00:00+00:00, run_after=2025-05-20 00:00:00+00:00
[2025-05-20T07:45:14.068+0000] {logging_mixin.py:188} INFO - [2025-05-20T07:45:14.068+0000] {dag.py:3823} INFO - Setting next_dagrun for example_branch_datetime_operator_3 to 2025-05-19 00:00:00+00:00, run_after=2025-05-20 00:00:00+00:00
[2025-05-20T07:45:14.111+0000] {processor.py:183} INFO - Processing /home/airflow/.local/lib/python3.8/site-packages/airflow/example_dags/example_branch_datetime_operator.py took 0.378 seconds
[2025-05-20T07:45:44.245+0000] {processor.py:161} INFO - Started process (PID=124) to work on /home/airflow/.local/lib/python3.8/site-packages/airflow/example_dags/example_branch_datetime_operator.py
[2025-05-20T07:45:44.247+0000] {processor.py:830} INFO - Processing file /home/airflow/.local/lib/python3.8/site-packages/airflow/example_dags/example_branch_datetime_operator.py for tasks to queue
[2025-05-20T07:45:44.251+0000] {logging_mixin.py:188} INFO - [2025-05-20T07:45:44.250+0000] {dagbag.py:538} INFO - Filling up the DagBag from /home/airflow/.local/lib/python3.8/site-packages/airflow/example_dags/example_branch_datetime_operator.py
[2025-05-20T07:45:44.285+0000] {processor.py:840} INFO - DAG(s) 'example_branch_datetime_operator_2', 'example_branch_datetime_operator_3', 'example_branch_datetime_operator' retrieved from /home/airflow/.local/lib/python3.8/site-packages/airflow/example_dags/example_branch_datetime_operator.py
[2025-05-20T07:45:44.348+0000] {logging_mixin.py:188} INFO - [2025-05-20T07:45:44.348+0000] {dag.py:3036} INFO - Sync 3 DAGs
[2025-05-20T07:45:44.406+0000] {logging_mixin.py:188} INFO - [2025-05-20T07:45:44.406+0000] {dag.py:3823} INFO - Setting next_dagrun for example_branch_datetime_operator to 2025-05-19 00:00:00+00:00, run_after=2025-05-20 00:00:00+00:00
[2025-05-20T07:45:44.422+0000] {logging_mixin.py:188} INFO - [2025-05-20T07:45:44.421+0000] {dag.py:3823} INFO - Setting next_dagrun for example_branch_datetime_operator_2 to 2025-05-19 00:00:00+00:00, run_after=2025-05-20 00:00:00+00:00
[2025-05-20T07:45:44.430+0000] {logging_mixin.py:188} INFO - [2025-05-20T07:45:44.430+0000] {dag.py:3823} INFO - Setting next_dagrun for example_branch_datetime_operator_3 to 2025-05-19 00:00:00+00:00, run_after=2025-05-20 00:00:00+00:00
[2025-05-20T07:45:44.470+0000] {processor.py:183} INFO - Processing /home/airflow/.local/lib/python3.8/site-packages/airflow/example_dags/example_branch_datetime_operator.py took 0.232 seconds
[2025-05-20T07:46:15.874+0000] {processor.py:161} INFO - Started process (PID=190) to work on /home/airflow/.local/lib/python3.8/site-packages/airflow/example_dags/example_branch_datetime_operator.py
[2025-05-20T07:46:15.876+0000] {processor.py:830} INFO - Processing file /home/airflow/.local/lib/python3.8/site-packages/airflow/example_dags/example_branch_datetime_operator.py for tasks to queue
[2025-05-20T07:46:15.880+0000] {logging_mixin.py:188} INFO - [2025-05-20T07:46:15.879+0000] {dagbag.py:538} INFO - Filling up the DagBag from /home/airflow/.local/lib/python3.8/site-packages/airflow/example_dags/example_branch_datetime_operator.py
[2025-05-20T07:46:15.905+0000] {processor.py:840} INFO - DAG(s) 'example_branch_datetime_operator_3', 'example_branch_datetime_operator_2', 'example_branch_datetime_operator' retrieved from /home/airflow/.local/lib/python3.8/site-packages/airflow/example_dags/example_branch_datetime_operator.py
[2025-05-20T07:46:15.962+0000] {logging_mixin.py:188} INFO - [2025-05-20T07:46:15.961+0000] {dag.py:3036} INFO - Sync 3 DAGs
[2025-05-20T07:46:16.016+0000] {logging_mixin.py:188} INFO - [2025-05-20T07:46:16.015+0000] {dag.py:3823} INFO - Setting next_dagrun for example_branch_datetime_operator to 2025-05-19 00:00:00+00:00, run_after=2025-05-20 00:00:00+00:00
[2025-05-20T07:46:16.029+0000] {logging_mixin.py:188} INFO - [2025-05-20T07:46:16.029+0000] {dag.py:3823} INFO - Setting next_dagrun for example_branch_datetime_operator_2 to 2025-05-19 00:00:00+00:00, run_after=2025-05-20 00:00:00+00:00
[2025-05-20T07:46:16.038+0000] {logging_mixin.py:188} INFO - [2025-05-20T07:46:16.038+0000] {dag.py:3823} INFO - Setting next_dagrun for example_branch_datetime_operator_3 to 2025-05-19 00:00:00+00:00, run_after=2025-05-20 00:00:00+00:00
[2025-05-20T07:46:16.080+0000] {processor.py:183} INFO - Processing /home/airflow/.local/lib/python3.8/site-packages/airflow/example_dags/example_branch_datetime_operator.py took 0.212 seconds
[2025-05-20T07:46:47.523+0000] {processor.py:161} INFO - Started process (PID=255) to work on /home/airflow/.local/lib/python3.8/site-packages/airflow/example_dags/example_branch_datetime_operator.py
[2025-05-20T07:46:47.525+0000] {processor.py:830} INFO - Processing file /home/airflow/.local/lib/python3.8/site-packages/airflow/example_dags/example_branch_datetime_operator.py for tasks to queue
[2025-05-20T07:46:47.529+0000] {logging_mixin.py:188} INFO - [2025-05-20T07:46:47.528+0000] {dagbag.py:538} INFO - Filling up the DagBag from /home/airflow/.local/lib/python3.8/site-packages/airflow/example_dags/example_branch_datetime_operator.py
[2025-05-20T07:46:47.548+0000] {processor.py:840} INFO - DAG(s) 'example_branch_datetime_operator', 'example_branch_datetime_operator_3', 'example_branch_datetime_operator_2' retrieved from /home/airflow/.local/lib/python3.8/site-packages/airflow/example_dags/example_branch_datetime_operator.py
[2025-05-20T07:46:47.602+0000] {logging_mixin.py:188} INFO - [2025-05-20T07:46:47.602+0000] {dag.py:3036} INFO - Sync 3 DAGs
[2025-05-20T07:46:47.653+0000] {logging_mixin.py:188} INFO - [2025-05-20T07:46:47.652+0000] {dag.py:3823} INFO - Setting next_dagrun for example_branch_datetime_operator to 2025-05-19 00:00:00+00:00, run_after=2025-05-20 00:00:00+00:00
[2025-05-20T07:46:47.667+0000] {logging_mixin.py:188} INFO - [2025-05-20T07:46:47.667+0000] {dag.py:3823} INFO - Setting next_dagrun for example_branch_datetime_operator_2 to 2025-05-19 00:00:00+00:00, run_after=2025-05-20 00:00:00+00:00
[2025-05-20T07:46:47.680+0000] {logging_mixin.py:188} INFO - [2025-05-20T07:46:47.679+0000] {dag.py:3823} INFO - Setting next_dagrun for example_branch_datetime_operator_3 to 2025-05-19 00:00:00+00:00, run_after=2025-05-20 00:00:00+00:00
[2025-05-20T07:46:47.764+0000] {processor.py:183} INFO - Processing /home/airflow/.local/lib/python3.8/site-packages/airflow/example_dags/example_branch_datetime_operator.py took 0.247 seconds
[2025-05-20T07:47:19.943+0000] {processor.py:161} INFO - Started process (PID=320) to work on /home/airflow/.local/lib/python3.8/site-packages/airflow/example_dags/example_branch_datetime_operator.py
[2025-05-20T07:47:19.945+0000] {processor.py:830} INFO - Processing file /home/airflow/.local/lib/python3.8/site-packages/airflow/example_dags/example_branch_datetime_operator.py for tasks to queue
[2025-05-20T07:47:19.948+0000] {logging_mixin.py:188} INFO - [2025-05-20T07:47:19.948+0000] {dagbag.py:538} INFO - Filling up the DagBag from /home/airflow/.local/lib/python3.8/site-packages/airflow/example_dags/example_branch_datetime_operator.py
[2025-05-20T07:47:19.970+0000] {processor.py:840} INFO - DAG(s) 'example_branch_datetime_operator', 'example_branch_datetime_operator_3', 'example_branch_datetime_operator_2' retrieved from /home/airflow/.local/lib/python3.8/site-packages/airflow/example_dags/example_branch_datetime_operator.py
[2025-05-20T07:47:20.026+0000] {logging_mixin.py:188} INFO - [2025-05-20T07:47:20.026+0000] {dag.py:3036} INFO - Sync 3 DAGs
[2025-05-20T07:47:20.095+0000] {logging_mixin.py:188} INFO - [2025-05-20T07:47:20.095+0000] {dag.py:3823} INFO - Setting next_dagrun for example_branch_datetime_operator to 2025-05-19 00:00:00+00:00, run_after=2025-05-20 00:00:00+00:00
[2025-05-20T07:47:20.113+0000] {logging_mixin.py:188} INFO - [2025-05-20T07:47:20.113+0000] {dag.py:3823} INFO - Setting next_dagrun for example_branch_datetime_operator_2 to 2025-05-19 00:00:00+00:00, run_after=2025-05-20 00:00:00+00:00
[2025-05-20T07:47:20.122+0000] {logging_mixin.py:188} INFO - [2025-05-20T07:47:20.122+0000] {dag.py:3823} INFO - Setting next_dagrun for example_branch_datetime_operator_3 to 2025-05-19 00:00:00+00:00, run_after=2025-05-20 00:00:00+00:00
[2025-05-20T07:47:20.174+0000] {processor.py:183} INFO - Processing /home/airflow/.local/lib/python3.8/site-packages/airflow/example_dags/example_branch_datetime_operator.py took 0.237 seconds
[2025-05-20T07:47:51.414+0000] {processor.py:161} INFO - Started process (PID=385) to work on /home/airflow/.local/lib/python3.8/site-packages/airflow/example_dags/example_branch_datetime_operator.py
[2025-05-20T07:47:51.415+0000] {processor.py:830} INFO - Processing file /home/airflow/.local/lib/python3.8/site-packages/airflow/example_dags/example_branch_datetime_operator.py for tasks to queue
[2025-05-20T07:47:51.419+0000] {logging_mixin.py:188} INFO - [2025-05-20T07:47:51.419+0000] {dagbag.py:538} INFO - Filling up the DagBag from /home/airflow/.local/lib/python3.8/site-packages/airflow/example_dags/example_branch_datetime_operator.py
[2025-05-20T07:47:51.446+0000] {processor.py:840} INFO - DAG(s) 'example_branch_datetime_operator_3', 'example_branch_datetime_operator', 'example_branch_datetime_operator_2' retrieved from /home/airflow/.local/lib/python3.8/site-packages/airflow/example_dags/example_branch_datetime_operator.py
[2025-05-20T07:47:51.511+0000] {logging_mixin.py:188} INFO - [2025-05-20T07:47:51.511+0000] {dag.py:3036} INFO - Sync 3 DAGs
[2025-05-20T07:47:51.570+0000] {logging_mixin.py:188} INFO - [2025-05-20T07:47:51.569+0000] {dag.py:3823} INFO - Setting next_dagrun for example_branch_datetime_operator to 2025-05-19 00:00:00+00:00, run_after=2025-05-20 00:00:00+00:00
[2025-05-20T07:47:51.582+0000] {logging_mixin.py:188} INFO - [2025-05-20T07:47:51.582+0000] {dag.py:3823} INFO - Setting next_dagrun for example_branch_datetime_operator_2 to 2025-05-19 00:00:00+00:00, run_after=2025-05-20 00:00:00+00:00
[2025-05-20T07:47:51.588+0000] {logging_mixin.py:188} INFO - [2025-05-20T07:47:51.587+0000] {dag.py:3823} INFO - Setting next_dagrun for example_branch_datetime_operator_3 to 2025-05-19 00:00:00+00:00, run_after=2025-05-20 00:00:00+00:00
[2025-05-20T07:47:51.645+0000] {processor.py:183} INFO - Processing /home/airflow/.local/lib/python3.8/site-packages/airflow/example_dags/example_branch_datetime_operator.py took 0.238 seconds
[2025-05-20T07:48:23.526+0000] {processor.py:161} INFO - Started process (PID=450) to work on /home/airflow/.local/lib/python3.8/site-packages/airflow/example_dags/example_branch_datetime_operator.py
[2025-05-20T07:48:23.528+0000] {processor.py:830} INFO - Processing file /home/airflow/.local/lib/python3.8/site-packages/airflow/example_dags/example_branch_datetime_operator.py for tasks to queue
[2025-05-20T07:48:23.533+0000] {logging_mixin.py:188} INFO - [2025-05-20T07:48:23.532+0000] {dagbag.py:538} INFO - Filling up the DagBag from /home/airflow/.local/lib/python3.8/site-packages/airflow/example_dags/example_branch_datetime_operator.py
[2025-05-20T07:48:23.556+0000] {processor.py:840} INFO - DAG(s) 'example_branch_datetime_operator_3', 'example_branch_datetime_operator_2', 'example_branch_datetime_operator' retrieved from /home/airflow/.local/lib/python3.8/site-packages/airflow/example_dags/example_branch_datetime_operator.py
[2025-05-20T07:48:23.617+0000] {logging_mixin.py:188} INFO - [2025-05-20T07:48:23.616+0000] {dag.py:3036} INFO - Sync 3 DAGs
[2025-05-20T07:48:23.676+0000] {logging_mixin.py:188} INFO - [2025-05-20T07:48:23.676+0000] {dag.py:3823} INFO - Setting next_dagrun for example_branch_datetime_operator to 2025-05-19 00:00:00+00:00, run_after=2025-05-20 00:00:00+00:00
[2025-05-20T07:48:23.691+0000] {logging_mixin.py:188} INFO - [2025-05-20T07:48:23.690+0000] {dag.py:3823} INFO - Setting next_dagrun for example_branch_datetime_operator_2 to 2025-05-19 00:00:00+00:00, run_after=2025-05-20 00:00:00+00:00
[2025-05-20T07:48:23.697+0000] {logging_mixin.py:188} INFO - [2025-05-20T07:48:23.697+0000] {dag.py:3823} INFO - Setting next_dagrun for example_branch_datetime_operator_3 to 2025-05-19 00:00:00+00:00, run_after=2025-05-20 00:00:00+00:00
[2025-05-20T07:48:23.735+0000] {processor.py:183} INFO - Processing /home/airflow/.local/lib/python3.8/site-packages/airflow/example_dags/example_branch_datetime_operator.py took 0.214 seconds
[2025-05-20T07:48:53.955+0000] {processor.py:161} INFO - Started process (PID=514) to work on /home/airflow/.local/lib/python3.8/site-packages/airflow/example_dags/example_branch_datetime_operator.py
[2025-05-20T07:48:53.958+0000] {processor.py:830} INFO - Processing file /home/airflow/.local/lib/python3.8/site-packages/airflow/example_dags/example_branch_datetime_operator.py for tasks to queue
[2025-05-20T07:48:53.964+0000] {logging_mixin.py:188} INFO - [2025-05-20T07:48:53.963+0000] {dagbag.py:538} INFO - Filling up the DagBag from /home/airflow/.local/lib/python3.8/site-packages/airflow/example_dags/example_branch_datetime_operator.py
[2025-05-20T07:48:54.000+0000] {processor.py:840} INFO - DAG(s) 'example_branch_datetime_operator_3', 'example_branch_datetime_operator', 'example_branch_datetime_operator_2' retrieved from /home/airflow/.local/lib/python3.8/site-packages/airflow/example_dags/example_branch_datetime_operator.py
[2025-05-20T07:48:54.080+0000] {logging_mixin.py:188} INFO - [2025-05-20T07:48:54.079+0000] {dag.py:3036} INFO - Sync 3 DAGs
[2025-05-20T07:48:54.144+0000] {logging_mixin.py:188} INFO - [2025-05-20T07:48:54.144+0000] {dag.py:3823} INFO - Setting next_dagrun for example_branch_datetime_operator to 2025-05-19 00:00:00+00:00, run_after=2025-05-20 00:00:00+00:00
[2025-05-20T07:48:54.156+0000] {logging_mixin.py:188} INFO - [2025-05-20T07:48:54.155+0000] {dag.py:3823} INFO - Setting next_dagrun for example_branch_datetime_operator_2 to 2025-05-19 00:00:00+00:00, run_after=2025-05-20 00:00:00+00:00
[2025-05-20T07:48:54.162+0000] {logging_mixin.py:188} INFO - [2025-05-20T07:48:54.161+0000] {dag.py:3823} INFO - Setting next_dagrun for example_branch_datetime_operator_3 to 2025-05-19 00:00:00+00:00, run_after=2025-05-20 00:00:00+00:00
[2025-05-20T07:48:54.202+0000] {processor.py:183} INFO - Processing /home/airflow/.local/lib/python3.8/site-packages/airflow/example_dags/example_branch_datetime_operator.py took 0.264 seconds
[2025-05-20T07:49:24.825+0000] {processor.py:161} INFO - Started process (PID=579) to work on /home/airflow/.local/lib/python3.8/site-packages/airflow/example_dags/example_branch_datetime_operator.py
[2025-05-20T07:49:24.827+0000] {processor.py:830} INFO - Processing file /home/airflow/.local/lib/python3.8/site-packages/airflow/example_dags/example_branch_datetime_operator.py for tasks to queue
[2025-05-20T07:49:24.830+0000] {logging_mixin.py:188} INFO - [2025-05-20T07:49:24.830+0000] {dagbag.py:538} INFO - Filling up the DagBag from /home/airflow/.local/lib/python3.8/site-packages/airflow/example_dags/example_branch_datetime_operator.py
[2025-05-20T07:49:24.850+0000] {processor.py:840} INFO - DAG(s) 'example_branch_datetime_operator_3', 'example_branch_datetime_operator', 'example_branch_datetime_operator_2' retrieved from /home/airflow/.local/lib/python3.8/site-packages/airflow/example_dags/example_branch_datetime_operator.py
[2025-05-20T07:49:24.904+0000] {logging_mixin.py:188} INFO - [2025-05-20T07:49:24.903+0000] {dag.py:3036} INFO - Sync 3 DAGs
[2025-05-20T07:49:24.949+0000] {logging_mixin.py:188} INFO - [2025-05-20T07:49:24.949+0000] {dag.py:3823} INFO - Setting next_dagrun for example_branch_datetime_operator to 2025-05-19 00:00:00+00:00, run_after=2025-05-20 00:00:00+00:00
[2025-05-20T07:49:24.959+0000] {logging_mixin.py:188} INFO - [2025-05-20T07:49:24.959+0000] {dag.py:3823} INFO - Setting next_dagrun for example_branch_datetime_operator_2 to 2025-05-19 00:00:00+00:00, run_after=2025-05-20 00:00:00+00:00
[2025-05-20T07:49:24.964+0000] {logging_mixin.py:188} INFO - [2025-05-20T07:49:24.964+0000] {dag.py:3823} INFO - Setting next_dagrun for example_branch_datetime_operator_3 to 2025-05-19 00:00:00+00:00, run_after=2025-05-20 00:00:00+00:00
[2025-05-20T07:49:25.009+0000] {processor.py:183} INFO - Processing /home/airflow/.local/lib/python3.8/site-packages/airflow/example_dags/example_branch_datetime_operator.py took 0.190 seconds
[2025-05-20T07:49:56.198+0000] {processor.py:161} INFO - Started process (PID=645) to work on /home/airflow/.local/lib/python3.8/site-packages/airflow/example_dags/example_branch_datetime_operator.py
[2025-05-20T07:49:56.200+0000] {processor.py:830} INFO - Processing file /home/airflow/.local/lib/python3.8/site-packages/airflow/example_dags/example_branch_datetime_operator.py for tasks to queue
[2025-05-20T07:49:56.203+0000] {logging_mixin.py:188} INFO - [2025-05-20T07:49:56.202+0000] {dagbag.py:538} INFO - Filling up the DagBag from /home/airflow/.local/lib/python3.8/site-packages/airflow/example_dags/example_branch_datetime_operator.py
[2025-05-20T07:49:56.218+0000] {processor.py:840} INFO - DAG(s) 'example_branch_datetime_operator_2', 'example_branch_datetime_operator', 'example_branch_datetime_operator_3' retrieved from /home/airflow/.local/lib/python3.8/site-packages/airflow/example_dags/example_branch_datetime_operator.py
[2025-05-20T07:49:56.262+0000] {logging_mixin.py:188} INFO - [2025-05-20T07:49:56.262+0000] {dag.py:3036} INFO - Sync 3 DAGs
[2025-05-20T07:49:56.303+0000] {logging_mixin.py:188} INFO - [2025-05-20T07:49:56.302+0000] {dag.py:3823} INFO - Setting next_dagrun for example_branch_datetime_operator to 2025-05-19 00:00:00+00:00, run_after=2025-05-20 00:00:00+00:00
[2025-05-20T07:49:56.312+0000] {logging_mixin.py:188} INFO - [2025-05-20T07:49:56.312+0000] {dag.py:3823} INFO - Setting next_dagrun for example_branch_datetime_operator_2 to 2025-05-19 00:00:00+00:00, run_after=2025-05-20 00:00:00+00:00
[2025-05-20T07:49:56.319+0000] {logging_mixin.py:188} INFO - [2025-05-20T07:49:56.319+0000] {dag.py:3823} INFO - Setting next_dagrun for example_branch_datetime_operator_3 to 2025-05-19 00:00:00+00:00, run_after=2025-05-20 00:00:00+00:00
[2025-05-20T07:49:56.378+0000] {processor.py:183} INFO - Processing /home/airflow/.local/lib/python3.8/site-packages/airflow/example_dags/example_branch_datetime_operator.py took 0.185 seconds
[2025-05-20T07:50:28.234+0000] {processor.py:161} INFO - Started process (PID=710) to work on /home/airflow/.local/lib/python3.8/site-packages/airflow/example_dags/example_branch_datetime_operator.py
[2025-05-20T07:50:28.236+0000] {processor.py:830} INFO - Processing file /home/airflow/.local/lib/python3.8/site-packages/airflow/example_dags/example_branch_datetime_operator.py for tasks to queue
[2025-05-20T07:50:28.239+0000] {logging_mixin.py:188} INFO - [2025-05-20T07:50:28.238+0000] {dagbag.py:538} INFO - Filling up the DagBag from /home/airflow/.local/lib/python3.8/site-packages/airflow/example_dags/example_branch_datetime_operator.py
[2025-05-20T07:50:28.256+0000] {processor.py:840} INFO - DAG(s) 'example_branch_datetime_operator_3', 'example_branch_datetime_operator', 'example_branch_datetime_operator_2' retrieved from /home/airflow/.local/lib/python3.8/site-packages/airflow/example_dags/example_branch_datetime_operator.py
[2025-05-20T07:50:28.303+0000] {logging_mixin.py:188} INFO - [2025-05-20T07:50:28.303+0000] {dag.py:3036} INFO - Sync 3 DAGs
[2025-05-20T07:50:28.342+0000] {logging_mixin.py:188} INFO - [2025-05-20T07:50:28.341+0000] {dag.py:3823} INFO - Setting next_dagrun for example_branch_datetime_operator to 2025-05-19 00:00:00+00:00, run_after=2025-05-20 00:00:00+00:00
[2025-05-20T07:50:28.351+0000] {logging_mixin.py:188} INFO - [2025-05-20T07:50:28.351+0000] {dag.py:3823} INFO - Setting next_dagrun for example_branch_datetime_operator_2 to 2025-05-19 00:00:00+00:00, run_after=2025-05-20 00:00:00+00:00
[2025-05-20T07:50:28.356+0000] {logging_mixin.py:188} INFO - [2025-05-20T07:50:28.356+0000] {dag.py:3823} INFO - Setting next_dagrun for example_branch_datetime_operator_3 to 2025-05-19 00:00:00+00:00, run_after=2025-05-20 00:00:00+00:00
[2025-05-20T07:50:28.391+0000] {processor.py:183} INFO - Processing /home/airflow/.local/lib/python3.8/site-packages/airflow/example_dags/example_branch_datetime_operator.py took 0.162 seconds
[2025-05-20T07:50:59.694+0000] {processor.py:161} INFO - Started process (PID=775) to work on /home/airflow/.local/lib/python3.8/site-packages/airflow/example_dags/example_branch_datetime_operator.py
[2025-05-20T07:50:59.697+0000] {processor.py:830} INFO - Processing file /home/airflow/.local/lib/python3.8/site-packages/airflow/example_dags/example_branch_datetime_operator.py for tasks to queue
[2025-05-20T07:50:59.701+0000] {logging_mixin.py:188} INFO - [2025-05-20T07:50:59.701+0000] {dagbag.py:538} INFO - Filling up the DagBag from /home/airflow/.local/lib/python3.8/site-packages/airflow/example_dags/example_branch_datetime_operator.py
[2025-05-20T07:50:59.725+0000] {processor.py:840} INFO - DAG(s) 'example_branch_datetime_operator_2', 'example_branch_datetime_operator', 'example_branch_datetime_operator_3' retrieved from /home/airflow/.local/lib/python3.8/site-packages/airflow/example_dags/example_branch_datetime_operator.py
[2025-05-20T07:50:59.794+0000] {logging_mixin.py:188} INFO - [2025-05-20T07:50:59.793+0000] {dag.py:3036} INFO - Sync 3 DAGs
[2025-05-20T07:50:59.863+0000] {logging_mixin.py:188} INFO - [2025-05-20T07:50:59.863+0000] {dag.py:3823} INFO - Setting next_dagrun for example_branch_datetime_operator to 2025-05-19 00:00:00+00:00, run_after=2025-05-20 00:00:00+00:00
[2025-05-20T07:50:59.876+0000] {logging_mixin.py:188} INFO - [2025-05-20T07:50:59.875+0000] {dag.py:3823} INFO - Setting next_dagrun for example_branch_datetime_operator_2 to 2025-05-19 00:00:00+00:00, run_after=2025-05-20 00:00:00+00:00
[2025-05-20T07:50:59.883+0000] {logging_mixin.py:188} INFO - [2025-05-20T07:50:59.882+0000] {dag.py:3823} INFO - Setting next_dagrun for example_branch_datetime_operator_3 to 2025-05-19 00:00:00+00:00, run_after=2025-05-20 00:00:00+00:00
[2025-05-20T07:50:59.928+0000] {processor.py:183} INFO - Processing /home/airflow/.local/lib/python3.8/site-packages/airflow/example_dags/example_branch_datetime_operator.py took 0.239 seconds
[2025-05-20T07:51:31.198+0000] {processor.py:161} INFO - Started process (PID=839) to work on /home/airflow/.local/lib/python3.8/site-packages/airflow/example_dags/example_branch_datetime_operator.py
[2025-05-20T07:51:31.200+0000] {processor.py:830} INFO - Processing file /home/airflow/.local/lib/python3.8/site-packages/airflow/example_dags/example_branch_datetime_operator.py for tasks to queue
[2025-05-20T07:51:31.204+0000] {logging_mixin.py:188} INFO - [2025-05-20T07:51:31.203+0000] {dagbag.py:538} INFO - Filling up the DagBag from /home/airflow/.local/lib/python3.8/site-packages/airflow/example_dags/example_branch_datetime_operator.py
[2025-05-20T07:51:31.223+0000] {processor.py:840} INFO - DAG(s) 'example_branch_datetime_operator_3', 'example_branch_datetime_operator', 'example_branch_datetime_operator_2' retrieved from /home/airflow/.local/lib/python3.8/site-packages/airflow/example_dags/example_branch_datetime_operator.py
[2025-05-20T07:51:31.283+0000] {logging_mixin.py:188} INFO - [2025-05-20T07:51:31.282+0000] {dag.py:3036} INFO - Sync 3 DAGs
[2025-05-20T07:51:31.332+0000] {logging_mixin.py:188} INFO - [2025-05-20T07:51:31.332+0000] {dag.py:3823} INFO - Setting next_dagrun for example_branch_datetime_operator to 2025-05-19 00:00:00+00:00, run_after=2025-05-20 00:00:00+00:00
[2025-05-20T07:51:31.343+0000] {logging_mixin.py:188} INFO - [2025-05-20T07:51:31.343+0000] {dag.py:3823} INFO - Setting next_dagrun for example_branch_datetime_operator_2 to 2025-05-19 00:00:00+00:00, run_after=2025-05-20 00:00:00+00:00
[2025-05-20T07:51:31.349+0000] {logging_mixin.py:188} INFO - [2025-05-20T07:51:31.349+0000] {dag.py:3823} INFO - Setting next_dagrun for example_branch_datetime_operator_3 to 2025-05-19 00:00:00+00:00, run_after=2025-05-20 00:00:00+00:00
[2025-05-20T07:51:31.384+0000] {processor.py:183} INFO - Processing /home/airflow/.local/lib/python3.8/site-packages/airflow/example_dags/example_branch_datetime_operator.py took 0.191 seconds
[2025-05-20T07:52:03.003+0000] {processor.py:161} INFO - Started process (PID=910) to work on /home/airflow/.local/lib/python3.8/site-packages/airflow/example_dags/example_branch_datetime_operator.py
[2025-05-20T07:52:03.005+0000] {processor.py:830} INFO - Processing file /home/airflow/.local/lib/python3.8/site-packages/airflow/example_dags/example_branch_datetime_operator.py for tasks to queue
[2025-05-20T07:52:03.009+0000] {logging_mixin.py:188} INFO - [2025-05-20T07:52:03.008+0000] {dagbag.py:538} INFO - Filling up the DagBag from /home/airflow/.local/lib/python3.8/site-packages/airflow/example_dags/example_branch_datetime_operator.py
[2025-05-20T07:52:03.027+0000] {processor.py:840} INFO - DAG(s) 'example_branch_datetime_operator', 'example_branch_datetime_operator_3', 'example_branch_datetime_operator_2' retrieved from /home/airflow/.local/lib/python3.8/site-packages/airflow/example_dags/example_branch_datetime_operator.py
[2025-05-20T07:52:03.088+0000] {logging_mixin.py:188} INFO - [2025-05-20T07:52:03.087+0000] {dag.py:3036} INFO - Sync 3 DAGs
[2025-05-20T07:52:03.140+0000] {logging_mixin.py:188} INFO - [2025-05-20T07:52:03.140+0000] {dag.py:3823} INFO - Setting next_dagrun for example_branch_datetime_operator to 2025-05-19 00:00:00+00:00, run_after=2025-05-20 00:00:00+00:00
[2025-05-20T07:52:03.153+0000] {logging_mixin.py:188} INFO - [2025-05-20T07:52:03.153+0000] {dag.py:3823} INFO - Setting next_dagrun for example_branch_datetime_operator_2 to 2025-05-19 00:00:00+00:00, run_after=2025-05-20 00:00:00+00:00
[2025-05-20T07:52:03.161+0000] {logging_mixin.py:188} INFO - [2025-05-20T07:52:03.161+0000] {dag.py:3823} INFO - Setting next_dagrun for example_branch_datetime_operator_3 to 2025-05-19 00:00:00+00:00, run_after=2025-05-20 00:00:00+00:00
[2025-05-20T07:52:03.190+0000] {processor.py:183} INFO - Processing /home/airflow/.local/lib/python3.8/site-packages/airflow/example_dags/example_branch_datetime_operator.py took 0.192 seconds
[2025-05-20T07:52:34.035+0000] {processor.py:161} INFO - Started process (PID=975) to work on /home/airflow/.local/lib/python3.8/site-packages/airflow/example_dags/example_branch_datetime_operator.py
[2025-05-20T07:52:34.039+0000] {processor.py:830} INFO - Processing file /home/airflow/.local/lib/python3.8/site-packages/airflow/example_dags/example_branch_datetime_operator.py for tasks to queue
[2025-05-20T07:52:34.050+0000] {logging_mixin.py:188} INFO - [2025-05-20T07:52:34.048+0000] {dagbag.py:538} INFO - Filling up the DagBag from /home/airflow/.local/lib/python3.8/site-packages/airflow/example_dags/example_branch_datetime_operator.py
[2025-05-20T07:52:34.115+0000] {processor.py:840} INFO - DAG(s) 'example_branch_datetime_operator', 'example_branch_datetime_operator_3', 'example_branch_datetime_operator_2' retrieved from /home/airflow/.local/lib/python3.8/site-packages/airflow/example_dags/example_branch_datetime_operator.py
[2025-05-20T07:52:34.165+0000] {logging_mixin.py:188} INFO - [2025-05-20T07:52:34.165+0000] {dag.py:3036} INFO - Sync 3 DAGs
[2025-05-20T07:52:34.210+0000] {logging_mixin.py:188} INFO - [2025-05-20T07:52:34.209+0000] {dag.py:3823} INFO - Setting next_dagrun for example_branch_datetime_operator to 2025-05-19 00:00:00+00:00, run_after=2025-05-20 00:00:00+00:00
[2025-05-20T07:52:34.220+0000] {logging_mixin.py:188} INFO - [2025-05-20T07:52:34.220+0000] {dag.py:3823} INFO - Setting next_dagrun for example_branch_datetime_operator_2 to 2025-05-19 00:00:00+00:00, run_after=2025-05-20 00:00:00+00:00
[2025-05-20T07:52:34.227+0000] {logging_mixin.py:188} INFO - [2025-05-20T07:52:34.226+0000] {dag.py:3823} INFO - Setting next_dagrun for example_branch_datetime_operator_3 to 2025-05-19 00:00:00+00:00, run_after=2025-05-20 00:00:00+00:00
[2025-05-20T07:52:34.267+0000] {processor.py:183} INFO - Processing /home/airflow/.local/lib/python3.8/site-packages/airflow/example_dags/example_branch_datetime_operator.py took 0.245 seconds
[2025-05-20T07:53:04.486+0000] {processor.py:161} INFO - Started process (PID=1038) to work on /home/airflow/.local/lib/python3.8/site-packages/airflow/example_dags/example_branch_datetime_operator.py
[2025-05-20T07:53:04.487+0000] {processor.py:830} INFO - Processing file /home/airflow/.local/lib/python3.8/site-packages/airflow/example_dags/example_branch_datetime_operator.py for tasks to queue
[2025-05-20T07:53:04.490+0000] {logging_mixin.py:188} INFO - [2025-05-20T07:53:04.490+0000] {dagbag.py:538} INFO - Filling up the DagBag from /home/airflow/.local/lib/python3.8/site-packages/airflow/example_dags/example_branch_datetime_operator.py
[2025-05-20T07:53:04.507+0000] {processor.py:840} INFO - DAG(s) 'example_branch_datetime_operator_2', 'example_branch_datetime_operator_3', 'example_branch_datetime_operator' retrieved from /home/airflow/.local/lib/python3.8/site-packages/airflow/example_dags/example_branch_datetime_operator.py
[2025-05-20T07:53:04.556+0000] {logging_mixin.py:188} INFO - [2025-05-20T07:53:04.555+0000] {dag.py:3036} INFO - Sync 3 DAGs
[2025-05-20T07:53:04.599+0000] {logging_mixin.py:188} INFO - [2025-05-20T07:53:04.598+0000] {dag.py:3823} INFO - Setting next_dagrun for example_branch_datetime_operator to 2025-05-19 00:00:00+00:00, run_after=2025-05-20 00:00:00+00:00
[2025-05-20T07:53:04.609+0000] {logging_mixin.py:188} INFO - [2025-05-20T07:53:04.609+0000] {dag.py:3823} INFO - Setting next_dagrun for example_branch_datetime_operator_2 to 2025-05-19 00:00:00+00:00, run_after=2025-05-20 00:00:00+00:00
[2025-05-20T07:53:04.616+0000] {logging_mixin.py:188} INFO - [2025-05-20T07:53:04.616+0000] {dag.py:3823} INFO - Setting next_dagrun for example_branch_datetime_operator_3 to 2025-05-19 00:00:00+00:00, run_after=2025-05-20 00:00:00+00:00
[2025-05-20T07:53:04.655+0000] {processor.py:183} INFO - Processing /home/airflow/.local/lib/python3.8/site-packages/airflow/example_dags/example_branch_datetime_operator.py took 0.175 seconds
[2025-05-20T07:53:37.792+0000] {processor.py:161} INFO - Started process (PID=1105) to work on /home/airflow/.local/lib/python3.8/site-packages/airflow/example_dags/example_branch_datetime_operator.py
[2025-05-20T07:53:37.795+0000] {processor.py:830} INFO - Processing file /home/airflow/.local/lib/python3.8/site-packages/airflow/example_dags/example_branch_datetime_operator.py for tasks to queue
[2025-05-20T07:53:37.800+0000] {logging_mixin.py:188} INFO - [2025-05-20T07:53:37.799+0000] {dagbag.py:538} INFO - Filling up the DagBag from /home/airflow/.local/lib/python3.8/site-packages/airflow/example_dags/example_branch_datetime_operator.py
[2025-05-20T07:53:37.827+0000] {processor.py:840} INFO - DAG(s) 'example_branch_datetime_operator_2', 'example_branch_datetime_operator', 'example_branch_datetime_operator_3' retrieved from /home/airflow/.local/lib/python3.8/site-packages/airflow/example_dags/example_branch_datetime_operator.py
[2025-05-20T07:53:37.882+0000] {logging_mixin.py:188} INFO - [2025-05-20T07:53:37.882+0000] {dag.py:3036} INFO - Sync 3 DAGs
[2025-05-20T07:53:37.928+0000] {logging_mixin.py:188} INFO - [2025-05-20T07:53:37.927+0000] {dag.py:3823} INFO - Setting next_dagrun for example_branch_datetime_operator to 2025-05-19 00:00:00+00:00, run_after=2025-05-20 00:00:00+00:00
[2025-05-20T07:53:37.939+0000] {logging_mixin.py:188} INFO - [2025-05-20T07:53:37.939+0000] {dag.py:3823} INFO - Setting next_dagrun for example_branch_datetime_operator_2 to 2025-05-19 00:00:00+00:00, run_after=2025-05-20 00:00:00+00:00
[2025-05-20T07:53:37.947+0000] {logging_mixin.py:188} INFO - [2025-05-20T07:53:37.946+0000] {dag.py:3823} INFO - Setting next_dagrun for example_branch_datetime_operator_3 to 2025-05-19 00:00:00+00:00, run_after=2025-05-20 00:00:00+00:00
[2025-05-20T07:53:37.978+0000] {processor.py:183} INFO - Processing /home/airflow/.local/lib/python3.8/site-packages/airflow/example_dags/example_branch_datetime_operator.py took 0.193 seconds
[2025-05-20T07:54:09.840+0000] {processor.py:161} INFO - Started process (PID=1171) to work on /home/airflow/.local/lib/python3.8/site-packages/airflow/example_dags/example_branch_datetime_operator.py
[2025-05-20T07:54:09.842+0000] {processor.py:830} INFO - Processing file /home/airflow/.local/lib/python3.8/site-packages/airflow/example_dags/example_branch_datetime_operator.py for tasks to queue
[2025-05-20T07:54:09.848+0000] {logging_mixin.py:188} INFO - [2025-05-20T07:54:09.847+0000] {dagbag.py:538} INFO - Filling up the DagBag from /home/airflow/.local/lib/python3.8/site-packages/airflow/example_dags/example_branch_datetime_operator.py
[2025-05-20T07:54:09.876+0000] {processor.py:840} INFO - DAG(s) 'example_branch_datetime_operator_2', 'example_branch_datetime_operator_3', 'example_branch_datetime_operator' retrieved from /home/airflow/.local/lib/python3.8/site-packages/airflow/example_dags/example_branch_datetime_operator.py
[2025-05-20T07:54:09.952+0000] {logging_mixin.py:188} INFO - [2025-05-20T07:54:09.951+0000] {dag.py:3036} INFO - Sync 3 DAGs
[2025-05-20T07:54:10.017+0000] {logging_mixin.py:188} INFO - [2025-05-20T07:54:10.016+0000] {dag.py:3823} INFO - Setting next_dagrun for example_branch_datetime_operator to 2025-05-19 00:00:00+00:00, run_after=2025-05-20 00:00:00+00:00
[2025-05-20T07:54:10.033+0000] {logging_mixin.py:188} INFO - [2025-05-20T07:54:10.032+0000] {dag.py:3823} INFO - Setting next_dagrun for example_branch_datetime_operator_2 to 2025-05-19 00:00:00+00:00, run_after=2025-05-20 00:00:00+00:00
[2025-05-20T07:54:10.041+0000] {logging_mixin.py:188} INFO - [2025-05-20T07:54:10.040+0000] {dag.py:3823} INFO - Setting next_dagrun for example_branch_datetime_operator_3 to 2025-05-19 00:00:00+00:00, run_after=2025-05-20 00:00:00+00:00
[2025-05-20T07:54:10.093+0000] {processor.py:183} INFO - Processing /home/airflow/.local/lib/python3.8/site-packages/airflow/example_dags/example_branch_datetime_operator.py took 0.262 seconds
[2025-05-20T07:54:41.318+0000] {processor.py:161} INFO - Started process (PID=1235) to work on /home/airflow/.local/lib/python3.8/site-packages/airflow/example_dags/example_branch_datetime_operator.py
[2025-05-20T07:54:41.322+0000] {processor.py:830} INFO - Processing file /home/airflow/.local/lib/python3.8/site-packages/airflow/example_dags/example_branch_datetime_operator.py for tasks to queue
[2025-05-20T07:54:41.331+0000] {logging_mixin.py:188} INFO - [2025-05-20T07:54:41.329+0000] {dagbag.py:538} INFO - Filling up the DagBag from /home/airflow/.local/lib/python3.8/site-packages/airflow/example_dags/example_branch_datetime_operator.py
[2025-05-20T07:54:41.392+0000] {processor.py:840} INFO - DAG(s) 'example_branch_datetime_operator', 'example_branch_datetime_operator_2', 'example_branch_datetime_operator_3' retrieved from /home/airflow/.local/lib/python3.8/site-packages/airflow/example_dags/example_branch_datetime_operator.py
[2025-05-20T07:54:41.508+0000] {logging_mixin.py:188} INFO - [2025-05-20T07:54:41.507+0000] {dag.py:3036} INFO - Sync 3 DAGs
[2025-05-20T07:54:41.570+0000] {logging_mixin.py:188} INFO - [2025-05-20T07:54:41.570+0000] {dag.py:3823} INFO - Setting next_dagrun for example_branch_datetime_operator to 2025-05-19 00:00:00+00:00, run_after=2025-05-20 00:00:00+00:00
[2025-05-20T07:54:41.580+0000] {logging_mixin.py:188} INFO - [2025-05-20T07:54:41.580+0000] {dag.py:3823} INFO - Setting next_dagrun for example_branch_datetime_operator_2 to 2025-05-19 00:00:00+00:00, run_after=2025-05-20 00:00:00+00:00
[2025-05-20T07:54:41.586+0000] {logging_mixin.py:188} INFO - [2025-05-20T07:54:41.585+0000] {dag.py:3823} INFO - Setting next_dagrun for example_branch_datetime_operator_3 to 2025-05-19 00:00:00+00:00, run_after=2025-05-20 00:00:00+00:00
[2025-05-20T07:54:41.630+0000] {processor.py:183} INFO - Processing /home/airflow/.local/lib/python3.8/site-packages/airflow/example_dags/example_branch_datetime_operator.py took 0.327 seconds
[2025-05-20T07:55:12.494+0000] {processor.py:161} INFO - Started process (PID=1300) to work on /home/airflow/.local/lib/python3.8/site-packages/airflow/example_dags/example_branch_datetime_operator.py
[2025-05-20T07:55:12.496+0000] {processor.py:830} INFO - Processing file /home/airflow/.local/lib/python3.8/site-packages/airflow/example_dags/example_branch_datetime_operator.py for tasks to queue
[2025-05-20T07:55:12.500+0000] {logging_mixin.py:188} INFO - [2025-05-20T07:55:12.499+0000] {dagbag.py:538} INFO - Filling up the DagBag from /home/airflow/.local/lib/python3.8/site-packages/airflow/example_dags/example_branch_datetime_operator.py
[2025-05-20T07:55:12.519+0000] {processor.py:840} INFO - DAG(s) 'example_branch_datetime_operator_3', 'example_branch_datetime_operator_2', 'example_branch_datetime_operator' retrieved from /home/airflow/.local/lib/python3.8/site-packages/airflow/example_dags/example_branch_datetime_operator.py
[2025-05-20T07:55:12.571+0000] {logging_mixin.py:188} INFO - [2025-05-20T07:55:12.571+0000] {dag.py:3036} INFO - Sync 3 DAGs
[2025-05-20T07:55:12.617+0000] {logging_mixin.py:188} INFO - [2025-05-20T07:55:12.617+0000] {dag.py:3823} INFO - Setting next_dagrun for example_branch_datetime_operator to 2025-05-19 00:00:00+00:00, run_after=2025-05-20 00:00:00+00:00
[2025-05-20T07:55:12.629+0000] {logging_mixin.py:188} INFO - [2025-05-20T07:55:12.628+0000] {dag.py:3823} INFO - Setting next_dagrun for example_branch_datetime_operator_2 to 2025-05-19 00:00:00+00:00, run_after=2025-05-20 00:00:00+00:00
[2025-05-20T07:55:12.635+0000] {logging_mixin.py:188} INFO - [2025-05-20T07:55:12.635+0000] {dag.py:3823} INFO - Setting next_dagrun for example_branch_datetime_operator_3 to 2025-05-19 00:00:00+00:00, run_after=2025-05-20 00:00:00+00:00
[2025-05-20T07:55:12.678+0000] {processor.py:183} INFO - Processing /home/airflow/.local/lib/python3.8/site-packages/airflow/example_dags/example_branch_datetime_operator.py took 0.190 seconds
[2025-05-20T07:55:43.452+0000] {processor.py:161} INFO - Started process (PID=1365) to work on /home/airflow/.local/lib/python3.8/site-packages/airflow/example_dags/example_branch_datetime_operator.py
[2025-05-20T07:55:43.454+0000] {processor.py:830} INFO - Processing file /home/airflow/.local/lib/python3.8/site-packages/airflow/example_dags/example_branch_datetime_operator.py for tasks to queue
[2025-05-20T07:55:43.457+0000] {logging_mixin.py:188} INFO - [2025-05-20T07:55:43.456+0000] {dagbag.py:538} INFO - Filling up the DagBag from /home/airflow/.local/lib/python3.8/site-packages/airflow/example_dags/example_branch_datetime_operator.py
[2025-05-20T07:55:43.475+0000] {processor.py:840} INFO - DAG(s) 'example_branch_datetime_operator', 'example_branch_datetime_operator_3', 'example_branch_datetime_operator_2' retrieved from /home/airflow/.local/lib/python3.8/site-packages/airflow/example_dags/example_branch_datetime_operator.py
[2025-05-20T07:55:43.524+0000] {logging_mixin.py:188} INFO - [2025-05-20T07:55:43.523+0000] {dag.py:3036} INFO - Sync 3 DAGs
[2025-05-20T07:55:43.568+0000] {logging_mixin.py:188} INFO - [2025-05-20T07:55:43.567+0000] {dag.py:3823} INFO - Setting next_dagrun for example_branch_datetime_operator to 2025-05-19 00:00:00+00:00, run_after=2025-05-20 00:00:00+00:00
[2025-05-20T07:55:43.578+0000] {logging_mixin.py:188} INFO - [2025-05-20T07:55:43.577+0000] {dag.py:3823} INFO - Setting next_dagrun for example_branch_datetime_operator_2 to 2025-05-19 00:00:00+00:00, run_after=2025-05-20 00:00:00+00:00
[2025-05-20T07:55:43.584+0000] {logging_mixin.py:188} INFO - [2025-05-20T07:55:43.584+0000] {dag.py:3823} INFO - Setting next_dagrun for example_branch_datetime_operator_3 to 2025-05-19 00:00:00+00:00, run_after=2025-05-20 00:00:00+00:00
[2025-05-20T07:55:43.618+0000] {processor.py:183} INFO - Processing /home/airflow/.local/lib/python3.8/site-packages/airflow/example_dags/example_branch_datetime_operator.py took 0.171 seconds
[2025-05-20T07:56:15.083+0000] {processor.py:161} INFO - Started process (PID=1430) to work on /home/airflow/.local/lib/python3.8/site-packages/airflow/example_dags/example_branch_datetime_operator.py
[2025-05-20T07:56:15.084+0000] {processor.py:830} INFO - Processing file /home/airflow/.local/lib/python3.8/site-packages/airflow/example_dags/example_branch_datetime_operator.py for tasks to queue
[2025-05-20T07:56:15.087+0000] {logging_mixin.py:188} INFO - [2025-05-20T07:56:15.087+0000] {dagbag.py:538} INFO - Filling up the DagBag from /home/airflow/.local/lib/python3.8/site-packages/airflow/example_dags/example_branch_datetime_operator.py
[2025-05-20T07:56:15.108+0000] {processor.py:840} INFO - DAG(s) 'example_branch_datetime_operator_2', 'example_branch_datetime_operator_3', 'example_branch_datetime_operator' retrieved from /home/airflow/.local/lib/python3.8/site-packages/airflow/example_dags/example_branch_datetime_operator.py
[2025-05-20T07:56:15.187+0000] {logging_mixin.py:188} INFO - [2025-05-20T07:56:15.187+0000] {dag.py:3036} INFO - Sync 3 DAGs
[2025-05-20T07:56:15.238+0000] {logging_mixin.py:188} INFO - [2025-05-20T07:56:15.238+0000] {dag.py:3823} INFO - Setting next_dagrun for example_branch_datetime_operator to 2025-05-19 00:00:00+00:00, run_after=2025-05-20 00:00:00+00:00
[2025-05-20T07:56:15.252+0000] {logging_mixin.py:188} INFO - [2025-05-20T07:56:15.251+0000] {dag.py:3823} INFO - Setting next_dagrun for example_branch_datetime_operator_2 to 2025-05-19 00:00:00+00:00, run_after=2025-05-20 00:00:00+00:00
[2025-05-20T07:56:15.258+0000] {logging_mixin.py:188} INFO - [2025-05-20T07:56:15.257+0000] {dag.py:3823} INFO - Setting next_dagrun for example_branch_datetime_operator_3 to 2025-05-19 00:00:00+00:00, run_after=2025-05-20 00:00:00+00:00
[2025-05-20T07:56:15.296+0000] {processor.py:183} INFO - Processing /home/airflow/.local/lib/python3.8/site-packages/airflow/example_dags/example_branch_datetime_operator.py took 0.219 seconds
[2025-05-20T07:56:46.561+0000] {processor.py:161} INFO - Started process (PID=1496) to work on /home/airflow/.local/lib/python3.8/site-packages/airflow/example_dags/example_branch_datetime_operator.py
[2025-05-20T07:56:46.563+0000] {processor.py:830} INFO - Processing file /home/airflow/.local/lib/python3.8/site-packages/airflow/example_dags/example_branch_datetime_operator.py for tasks to queue
[2025-05-20T07:56:46.566+0000] {logging_mixin.py:188} INFO - [2025-05-20T07:56:46.565+0000] {dagbag.py:538} INFO - Filling up the DagBag from /home/airflow/.local/lib/python3.8/site-packages/airflow/example_dags/example_branch_datetime_operator.py
[2025-05-20T07:56:46.587+0000] {processor.py:840} INFO - DAG(s) 'example_branch_datetime_operator_3', 'example_branch_datetime_operator', 'example_branch_datetime_operator_2' retrieved from /home/airflow/.local/lib/python3.8/site-packages/airflow/example_dags/example_branch_datetime_operator.py
[2025-05-20T07:56:46.636+0000] {logging_mixin.py:188} INFO - [2025-05-20T07:56:46.636+0000] {dag.py:3036} INFO - Sync 3 DAGs
[2025-05-20T07:56:46.687+0000] {logging_mixin.py:188} INFO - [2025-05-20T07:56:46.687+0000] {dag.py:3823} INFO - Setting next_dagrun for example_branch_datetime_operator to 2025-05-19 00:00:00+00:00, run_after=2025-05-20 00:00:00+00:00
[2025-05-20T07:56:46.699+0000] {logging_mixin.py:188} INFO - [2025-05-20T07:56:46.698+0000] {dag.py:3823} INFO - Setting next_dagrun for example_branch_datetime_operator_2 to 2025-05-19 00:00:00+00:00, run_after=2025-05-20 00:00:00+00:00
[2025-05-20T07:56:46.707+0000] {logging_mixin.py:188} INFO - [2025-05-20T07:56:46.706+0000] {dag.py:3823} INFO - Setting next_dagrun for example_branch_datetime_operator_3 to 2025-05-19 00:00:00+00:00, run_after=2025-05-20 00:00:00+00:00
[2025-05-20T07:56:46.745+0000] {processor.py:183} INFO - Processing /home/airflow/.local/lib/python3.8/site-packages/airflow/example_dags/example_branch_datetime_operator.py took 0.190 seconds
[2025-05-20T07:57:18.267+0000] {processor.py:161} INFO - Started process (PID=1561) to work on /home/airflow/.local/lib/python3.8/site-packages/airflow/example_dags/example_branch_datetime_operator.py
[2025-05-20T07:57:18.269+0000] {processor.py:830} INFO - Processing file /home/airflow/.local/lib/python3.8/site-packages/airflow/example_dags/example_branch_datetime_operator.py for tasks to queue
[2025-05-20T07:57:18.273+0000] {logging_mixin.py:188} INFO - [2025-05-20T07:57:18.273+0000] {dagbag.py:538} INFO - Filling up the DagBag from /home/airflow/.local/lib/python3.8/site-packages/airflow/example_dags/example_branch_datetime_operator.py
[2025-05-20T07:57:18.317+0000] {processor.py:840} INFO - DAG(s) 'example_branch_datetime_operator', 'example_branch_datetime_operator_2', 'example_branch_datetime_operator_3' retrieved from /home/airflow/.local/lib/python3.8/site-packages/airflow/example_dags/example_branch_datetime_operator.py
[2025-05-20T07:57:18.380+0000] {logging_mixin.py:188} INFO - [2025-05-20T07:57:18.380+0000] {dag.py:3036} INFO - Sync 3 DAGs
[2025-05-20T07:57:18.436+0000] {logging_mixin.py:188} INFO - [2025-05-20T07:57:18.435+0000] {dag.py:3823} INFO - Setting next_dagrun for example_branch_datetime_operator to 2025-05-19 00:00:00+00:00, run_after=2025-05-20 00:00:00+00:00
[2025-05-20T07:57:18.459+0000] {logging_mixin.py:188} INFO - [2025-05-20T07:57:18.454+0000] {dag.py:3823} INFO - Setting next_dagrun for example_branch_datetime_operator_2 to 2025-05-19 00:00:00+00:00, run_after=2025-05-20 00:00:00+00:00
[2025-05-20T07:57:18.477+0000] {logging_mixin.py:188} INFO - [2025-05-20T07:57:18.476+0000] {dag.py:3823} INFO - Setting next_dagrun for example_branch_datetime_operator_3 to 2025-05-19 00:00:00+00:00, run_after=2025-05-20 00:00:00+00:00
[2025-05-20T07:57:18.523+0000] {processor.py:183} INFO - Processing /home/airflow/.local/lib/python3.8/site-packages/airflow/example_dags/example_branch_datetime_operator.py took 0.265 seconds
[2025-05-20T07:57:49.663+0000] {processor.py:161} INFO - Started process (PID=1626) to work on /home/airflow/.local/lib/python3.8/site-packages/airflow/example_dags/example_branch_datetime_operator.py
[2025-05-20T07:57:49.664+0000] {processor.py:830} INFO - Processing file /home/airflow/.local/lib/python3.8/site-packages/airflow/example_dags/example_branch_datetime_operator.py for tasks to queue
[2025-05-20T07:57:49.669+0000] {logging_mixin.py:188} INFO - [2025-05-20T07:57:49.669+0000] {dagbag.py:538} INFO - Filling up the DagBag from /home/airflow/.local/lib/python3.8/site-packages/airflow/example_dags/example_branch_datetime_operator.py
[2025-05-20T07:57:49.693+0000] {processor.py:840} INFO - DAG(s) 'example_branch_datetime_operator_3', 'example_branch_datetime_operator', 'example_branch_datetime_operator_2' retrieved from /home/airflow/.local/lib/python3.8/site-packages/airflow/example_dags/example_branch_datetime_operator.py
[2025-05-20T07:57:49.758+0000] {logging_mixin.py:188} INFO - [2025-05-20T07:57:49.758+0000] {dag.py:3036} INFO - Sync 3 DAGs
[2025-05-20T07:57:49.813+0000] {logging_mixin.py:188} INFO - [2025-05-20T07:57:49.813+0000] {dag.py:3823} INFO - Setting next_dagrun for example_branch_datetime_operator to 2025-05-19 00:00:00+00:00, run_after=2025-05-20 00:00:00+00:00
[2025-05-20T07:57:49.825+0000] {logging_mixin.py:188} INFO - [2025-05-20T07:57:49.824+0000] {dag.py:3823} INFO - Setting next_dagrun for example_branch_datetime_operator_2 to 2025-05-19 00:00:00+00:00, run_after=2025-05-20 00:00:00+00:00
[2025-05-20T07:57:49.830+0000] {logging_mixin.py:188} INFO - [2025-05-20T07:57:49.830+0000] {dag.py:3823} INFO - Setting next_dagrun for example_branch_datetime_operator_3 to 2025-05-19 00:00:00+00:00, run_after=2025-05-20 00:00:00+00:00
[2025-05-20T07:57:49.870+0000] {processor.py:183} INFO - Processing /home/airflow/.local/lib/python3.8/site-packages/airflow/example_dags/example_branch_datetime_operator.py took 0.212 seconds
[2025-05-20T07:58:21.187+0000] {processor.py:161} INFO - Started process (PID=1691) to work on /home/airflow/.local/lib/python3.8/site-packages/airflow/example_dags/example_branch_datetime_operator.py
[2025-05-20T07:58:21.190+0000] {processor.py:830} INFO - Processing file /home/airflow/.local/lib/python3.8/site-packages/airflow/example_dags/example_branch_datetime_operator.py for tasks to queue
[2025-05-20T07:58:21.193+0000] {logging_mixin.py:188} INFO - [2025-05-20T07:58:21.193+0000] {dagbag.py:538} INFO - Filling up the DagBag from /home/airflow/.local/lib/python3.8/site-packages/airflow/example_dags/example_branch_datetime_operator.py
[2025-05-20T07:58:21.210+0000] {processor.py:840} INFO - DAG(s) 'example_branch_datetime_operator', 'example_branch_datetime_operator_3', 'example_branch_datetime_operator_2' retrieved from /home/airflow/.local/lib/python3.8/site-packages/airflow/example_dags/example_branch_datetime_operator.py
[2025-05-20T07:58:21.261+0000] {logging_mixin.py:188} INFO - [2025-05-20T07:58:21.260+0000] {dag.py:3036} INFO - Sync 3 DAGs
[2025-05-20T07:58:21.312+0000] {logging_mixin.py:188} INFO - [2025-05-20T07:58:21.311+0000] {dag.py:3823} INFO - Setting next_dagrun for example_branch_datetime_operator to 2025-05-19 00:00:00+00:00, run_after=2025-05-20 00:00:00+00:00
[2025-05-20T07:58:21.322+0000] {logging_mixin.py:188} INFO - [2025-05-20T07:58:21.321+0000] {dag.py:3823} INFO - Setting next_dagrun for example_branch_datetime_operator_2 to 2025-05-19 00:00:00+00:00, run_after=2025-05-20 00:00:00+00:00
[2025-05-20T07:58:21.329+0000] {logging_mixin.py:188} INFO - [2025-05-20T07:58:21.328+0000] {dag.py:3823} INFO - Setting next_dagrun for example_branch_datetime_operator_3 to 2025-05-19 00:00:00+00:00, run_after=2025-05-20 00:00:00+00:00
[2025-05-20T07:58:21.362+0000] {processor.py:183} INFO - Processing /home/airflow/.local/lib/python3.8/site-packages/airflow/example_dags/example_branch_datetime_operator.py took 0.182 seconds
[2025-05-20T07:58:52.133+0000] {processor.py:161} INFO - Started process (PID=1755) to work on /home/airflow/.local/lib/python3.8/site-packages/airflow/example_dags/example_branch_datetime_operator.py
[2025-05-20T07:58:52.135+0000] {processor.py:830} INFO - Processing file /home/airflow/.local/lib/python3.8/site-packages/airflow/example_dags/example_branch_datetime_operator.py for tasks to queue
[2025-05-20T07:58:52.139+0000] {logging_mixin.py:188} INFO - [2025-05-20T07:58:52.138+0000] {dagbag.py:538} INFO - Filling up the DagBag from /home/airflow/.local/lib/python3.8/site-packages/airflow/example_dags/example_branch_datetime_operator.py
[2025-05-20T07:58:52.169+0000] {processor.py:840} INFO - DAG(s) 'example_branch_datetime_operator_3', 'example_branch_datetime_operator_2', 'example_branch_datetime_operator' retrieved from /home/airflow/.local/lib/python3.8/site-packages/airflow/example_dags/example_branch_datetime_operator.py
[2025-05-20T07:58:52.230+0000] {logging_mixin.py:188} INFO - [2025-05-20T07:58:52.229+0000] {dag.py:3036} INFO - Sync 3 DAGs
[2025-05-20T07:58:52.295+0000] {logging_mixin.py:188} INFO - [2025-05-20T07:58:52.294+0000] {dag.py:3823} INFO - Setting next_dagrun for example_branch_datetime_operator to 2025-05-19 00:00:00+00:00, run_after=2025-05-20 00:00:00+00:00
[2025-05-20T07:58:52.323+0000] {logging_mixin.py:188} INFO - [2025-05-20T07:58:52.321+0000] {dag.py:3823} INFO - Setting next_dagrun for example_branch_datetime_operator_2 to 2025-05-19 00:00:00+00:00, run_after=2025-05-20 00:00:00+00:00
[2025-05-20T07:58:52.337+0000] {logging_mixin.py:188} INFO - [2025-05-20T07:58:52.337+0000] {dag.py:3823} INFO - Setting next_dagrun for example_branch_datetime_operator_3 to 2025-05-19 00:00:00+00:00, run_after=2025-05-20 00:00:00+00:00
[2025-05-20T07:58:52.401+0000] {processor.py:183} INFO - Processing /home/airflow/.local/lib/python3.8/site-packages/airflow/example_dags/example_branch_datetime_operator.py took 0.277 seconds
[2025-05-20T07:59:22.829+0000] {processor.py:161} INFO - Started process (PID=1819) to work on /home/airflow/.local/lib/python3.8/site-packages/airflow/example_dags/example_branch_datetime_operator.py
[2025-05-20T07:59:22.831+0000] {processor.py:830} INFO - Processing file /home/airflow/.local/lib/python3.8/site-packages/airflow/example_dags/example_branch_datetime_operator.py for tasks to queue
[2025-05-20T07:59:22.835+0000] {logging_mixin.py:188} INFO - [2025-05-20T07:59:22.834+0000] {dagbag.py:538} INFO - Filling up the DagBag from /home/airflow/.local/lib/python3.8/site-packages/airflow/example_dags/example_branch_datetime_operator.py
[2025-05-20T07:59:22.862+0000] {processor.py:840} INFO - DAG(s) 'example_branch_datetime_operator', 'example_branch_datetime_operator_2', 'example_branch_datetime_operator_3' retrieved from /home/airflow/.local/lib/python3.8/site-packages/airflow/example_dags/example_branch_datetime_operator.py
[2025-05-20T07:59:22.919+0000] {logging_mixin.py:188} INFO - [2025-05-20T07:59:22.919+0000] {dag.py:3036} INFO - Sync 3 DAGs
[2025-05-20T07:59:22.968+0000] {logging_mixin.py:188} INFO - [2025-05-20T07:59:22.967+0000] {dag.py:3823} INFO - Setting next_dagrun for example_branch_datetime_operator to 2025-05-19 00:00:00+00:00, run_after=2025-05-20 00:00:00+00:00
[2025-05-20T07:59:22.980+0000] {logging_mixin.py:188} INFO - [2025-05-20T07:59:22.980+0000] {dag.py:3823} INFO - Setting next_dagrun for example_branch_datetime_operator_2 to 2025-05-19 00:00:00+00:00, run_after=2025-05-20 00:00:00+00:00
[2025-05-20T07:59:22.988+0000] {logging_mixin.py:188} INFO - [2025-05-20T07:59:22.988+0000] {dag.py:3823} INFO - Setting next_dagrun for example_branch_datetime_operator_3 to 2025-05-19 00:00:00+00:00, run_after=2025-05-20 00:00:00+00:00
[2025-05-20T07:59:23.025+0000] {processor.py:183} INFO - Processing /home/airflow/.local/lib/python3.8/site-packages/airflow/example_dags/example_branch_datetime_operator.py took 0.203 seconds
[2025-05-20T07:59:54.067+0000] {processor.py:161} INFO - Started process (PID=1884) to work on /home/airflow/.local/lib/python3.8/site-packages/airflow/example_dags/example_branch_datetime_operator.py
[2025-05-20T07:59:54.068+0000] {processor.py:830} INFO - Processing file /home/airflow/.local/lib/python3.8/site-packages/airflow/example_dags/example_branch_datetime_operator.py for tasks to queue
[2025-05-20T07:59:54.071+0000] {logging_mixin.py:188} INFO - [2025-05-20T07:59:54.071+0000] {dagbag.py:538} INFO - Filling up the DagBag from /home/airflow/.local/lib/python3.8/site-packages/airflow/example_dags/example_branch_datetime_operator.py
[2025-05-20T07:59:54.087+0000] {processor.py:840} INFO - DAG(s) 'example_branch_datetime_operator', 'example_branch_datetime_operator_3', 'example_branch_datetime_operator_2' retrieved from /home/airflow/.local/lib/python3.8/site-packages/airflow/example_dags/example_branch_datetime_operator.py
[2025-05-20T07:59:54.136+0000] {logging_mixin.py:188} INFO - [2025-05-20T07:59:54.136+0000] {dag.py:3036} INFO - Sync 3 DAGs
[2025-05-20T07:59:54.186+0000] {logging_mixin.py:188} INFO - [2025-05-20T07:59:54.185+0000] {dag.py:3823} INFO - Setting next_dagrun for example_branch_datetime_operator to 2025-05-19 00:00:00+00:00, run_after=2025-05-20 00:00:00+00:00
[2025-05-20T07:59:54.202+0000] {logging_mixin.py:188} INFO - [2025-05-20T07:59:54.201+0000] {dag.py:3823} INFO - Setting next_dagrun for example_branch_datetime_operator_2 to 2025-05-19 00:00:00+00:00, run_after=2025-05-20 00:00:00+00:00
[2025-05-20T07:59:54.212+0000] {logging_mixin.py:188} INFO - [2025-05-20T07:59:54.211+0000] {dag.py:3823} INFO - Setting next_dagrun for example_branch_datetime_operator_3 to 2025-05-19 00:00:00+00:00, run_after=2025-05-20 00:00:00+00:00
[2025-05-20T07:59:54.551+0000] {processor.py:183} INFO - Processing /home/airflow/.local/lib/python3.8/site-packages/airflow/example_dags/example_branch_datetime_operator.py took 0.489 seconds
[2025-05-20T08:00:26.773+0000] {processor.py:161} INFO - Started process (PID=1949) to work on /home/airflow/.local/lib/python3.8/site-packages/airflow/example_dags/example_branch_datetime_operator.py
[2025-05-20T08:00:26.775+0000] {processor.py:830} INFO - Processing file /home/airflow/.local/lib/python3.8/site-packages/airflow/example_dags/example_branch_datetime_operator.py for tasks to queue
[2025-05-20T08:00:26.778+0000] {logging_mixin.py:188} INFO - [2025-05-20T08:00:26.777+0000] {dagbag.py:538} INFO - Filling up the DagBag from /home/airflow/.local/lib/python3.8/site-packages/airflow/example_dags/example_branch_datetime_operator.py
[2025-05-20T08:00:26.804+0000] {processor.py:840} INFO - DAG(s) 'example_branch_datetime_operator_3', 'example_branch_datetime_operator_2', 'example_branch_datetime_operator' retrieved from /home/airflow/.local/lib/python3.8/site-packages/airflow/example_dags/example_branch_datetime_operator.py
[2025-05-20T08:00:26.859+0000] {logging_mixin.py:188} INFO - [2025-05-20T08:00:26.859+0000] {dag.py:3036} INFO - Sync 3 DAGs
[2025-05-20T08:00:27.113+0000] {logging_mixin.py:188} INFO - [2025-05-20T08:00:27.112+0000] {dag.py:3823} INFO - Setting next_dagrun for example_branch_datetime_operator to 2025-05-19 00:00:00+00:00, run_after=2025-05-20 00:00:00+00:00
[2025-05-20T08:00:27.125+0000] {logging_mixin.py:188} INFO - [2025-05-20T08:00:27.124+0000] {dag.py:3823} INFO - Setting next_dagrun for example_branch_datetime_operator_2 to 2025-05-19 00:00:00+00:00, run_after=2025-05-20 00:00:00+00:00
[2025-05-20T08:00:27.132+0000] {logging_mixin.py:188} INFO - [2025-05-20T08:00:27.132+0000] {dag.py:3823} INFO - Setting next_dagrun for example_branch_datetime_operator_3 to 2025-05-19 00:00:00+00:00, run_after=2025-05-20 00:00:00+00:00
[2025-05-20T08:00:27.177+0000] {processor.py:183} INFO - Processing /home/airflow/.local/lib/python3.8/site-packages/airflow/example_dags/example_branch_datetime_operator.py took 0.410 seconds
[2025-05-20T08:00:58.477+0000] {processor.py:161} INFO - Started process (PID=2014) to work on /home/airflow/.local/lib/python3.8/site-packages/airflow/example_dags/example_branch_datetime_operator.py
[2025-05-20T08:00:58.479+0000] {processor.py:830} INFO - Processing file /home/airflow/.local/lib/python3.8/site-packages/airflow/example_dags/example_branch_datetime_operator.py for tasks to queue
[2025-05-20T08:00:58.482+0000] {logging_mixin.py:188} INFO - [2025-05-20T08:00:58.481+0000] {dagbag.py:538} INFO - Filling up the DagBag from /home/airflow/.local/lib/python3.8/site-packages/airflow/example_dags/example_branch_datetime_operator.py
[2025-05-20T08:00:58.504+0000] {processor.py:840} INFO - DAG(s) 'example_branch_datetime_operator_2', 'example_branch_datetime_operator_3', 'example_branch_datetime_operator' retrieved from /home/airflow/.local/lib/python3.8/site-packages/airflow/example_dags/example_branch_datetime_operator.py
[2025-05-20T08:00:58.558+0000] {logging_mixin.py:188} INFO - [2025-05-20T08:00:58.558+0000] {dag.py:3036} INFO - Sync 3 DAGs
[2025-05-20T08:00:58.796+0000] {logging_mixin.py:188} INFO - [2025-05-20T08:00:58.795+0000] {dag.py:3823} INFO - Setting next_dagrun for example_branch_datetime_operator to 2025-05-19 00:00:00+00:00, run_after=2025-05-20 00:00:00+00:00
[2025-05-20T08:00:58.807+0000] {logging_mixin.py:188} INFO - [2025-05-20T08:00:58.806+0000] {dag.py:3823} INFO - Setting next_dagrun for example_branch_datetime_operator_2 to 2025-05-19 00:00:00+00:00, run_after=2025-05-20 00:00:00+00:00
[2025-05-20T08:00:58.815+0000] {logging_mixin.py:188} INFO - [2025-05-20T08:00:58.814+0000] {dag.py:3823} INFO - Setting next_dagrun for example_branch_datetime_operator_3 to 2025-05-19 00:00:00+00:00, run_after=2025-05-20 00:00:00+00:00
[2025-05-20T08:00:58.853+0000] {processor.py:183} INFO - Processing /home/airflow/.local/lib/python3.8/site-packages/airflow/example_dags/example_branch_datetime_operator.py took 0.383 seconds
[2025-05-20T08:01:29.860+0000] {processor.py:161} INFO - Started process (PID=2079) to work on /home/airflow/.local/lib/python3.8/site-packages/airflow/example_dags/example_branch_datetime_operator.py
[2025-05-20T08:01:29.862+0000] {processor.py:830} INFO - Processing file /home/airflow/.local/lib/python3.8/site-packages/airflow/example_dags/example_branch_datetime_operator.py for tasks to queue
[2025-05-20T08:01:29.867+0000] {logging_mixin.py:188} INFO - [2025-05-20T08:01:29.866+0000] {dagbag.py:538} INFO - Filling up the DagBag from /home/airflow/.local/lib/python3.8/site-packages/airflow/example_dags/example_branch_datetime_operator.py
[2025-05-20T08:01:29.896+0000] {processor.py:840} INFO - DAG(s) 'example_branch_datetime_operator_3', 'example_branch_datetime_operator_2', 'example_branch_datetime_operator' retrieved from /home/airflow/.local/lib/python3.8/site-packages/airflow/example_dags/example_branch_datetime_operator.py
[2025-05-20T08:01:29.952+0000] {logging_mixin.py:188} INFO - [2025-05-20T08:01:29.951+0000] {dag.py:3036} INFO - Sync 3 DAGs
[2025-05-20T08:01:30.006+0000] {logging_mixin.py:188} INFO - [2025-05-20T08:01:30.006+0000] {dag.py:3823} INFO - Setting next_dagrun for example_branch_datetime_operator to 2025-05-19 00:00:00+00:00, run_after=2025-05-20 00:00:00+00:00
[2025-05-20T08:01:30.019+0000] {logging_mixin.py:188} INFO - [2025-05-20T08:01:30.019+0000] {dag.py:3823} INFO - Setting next_dagrun for example_branch_datetime_operator_2 to 2025-05-19 00:00:00+00:00, run_after=2025-05-20 00:00:00+00:00
[2025-05-20T08:01:30.026+0000] {logging_mixin.py:188} INFO - [2025-05-20T08:01:30.026+0000] {dag.py:3823} INFO - Setting next_dagrun for example_branch_datetime_operator_3 to 2025-05-19 00:00:00+00:00, run_after=2025-05-20 00:00:00+00:00
[2025-05-20T08:01:30.071+0000] {processor.py:183} INFO - Processing /home/airflow/.local/lib/python3.8/site-packages/airflow/example_dags/example_branch_datetime_operator.py took 0.226 seconds
[2025-05-20T08:02:00.209+0000] {processor.py:161} INFO - Started process (PID=2143) to work on /home/airflow/.local/lib/python3.8/site-packages/airflow/example_dags/example_branch_datetime_operator.py
[2025-05-20T08:02:00.211+0000] {processor.py:830} INFO - Processing file /home/airflow/.local/lib/python3.8/site-packages/airflow/example_dags/example_branch_datetime_operator.py for tasks to queue
[2025-05-20T08:02:00.216+0000] {logging_mixin.py:188} INFO - [2025-05-20T08:02:00.215+0000] {dagbag.py:538} INFO - Filling up the DagBag from /home/airflow/.local/lib/python3.8/site-packages/airflow/example_dags/example_branch_datetime_operator.py
[2025-05-20T08:02:00.243+0000] {processor.py:840} INFO - DAG(s) 'example_branch_datetime_operator_3', 'example_branch_datetime_operator_2', 'example_branch_datetime_operator' retrieved from /home/airflow/.local/lib/python3.8/site-packages/airflow/example_dags/example_branch_datetime_operator.py
[2025-05-20T08:02:00.381+0000] {logging_mixin.py:188} INFO - [2025-05-20T08:02:00.380+0000] {dag.py:3036} INFO - Sync 3 DAGs
[2025-05-20T08:02:00.423+0000] {logging_mixin.py:188} INFO - [2025-05-20T08:02:00.423+0000] {dag.py:3823} INFO - Setting next_dagrun for example_branch_datetime_operator to 2025-05-19 00:00:00+00:00, run_after=2025-05-20 00:00:00+00:00
[2025-05-20T08:02:00.432+0000] {logging_mixin.py:188} INFO - [2025-05-20T08:02:00.432+0000] {dag.py:3823} INFO - Setting next_dagrun for example_branch_datetime_operator_2 to 2025-05-19 00:00:00+00:00, run_after=2025-05-20 00:00:00+00:00
[2025-05-20T08:02:00.437+0000] {logging_mixin.py:188} INFO - [2025-05-20T08:02:00.437+0000] {dag.py:3823} INFO - Setting next_dagrun for example_branch_datetime_operator_3 to 2025-05-19 00:00:00+00:00, run_after=2025-05-20 00:00:00+00:00
[2025-05-20T08:02:00.473+0000] {processor.py:183} INFO - Processing /home/airflow/.local/lib/python3.8/site-packages/airflow/example_dags/example_branch_datetime_operator.py took 0.271 seconds
[2025-05-20T08:02:31.359+0000] {processor.py:161} INFO - Started process (PID=2209) to work on /home/airflow/.local/lib/python3.8/site-packages/airflow/example_dags/example_branch_datetime_operator.py
[2025-05-20T08:02:31.361+0000] {processor.py:830} INFO - Processing file /home/airflow/.local/lib/python3.8/site-packages/airflow/example_dags/example_branch_datetime_operator.py for tasks to queue
[2025-05-20T08:02:31.366+0000] {logging_mixin.py:188} INFO - [2025-05-20T08:02:31.365+0000] {dagbag.py:538} INFO - Filling up the DagBag from /home/airflow/.local/lib/python3.8/site-packages/airflow/example_dags/example_branch_datetime_operator.py
[2025-05-20T08:02:31.396+0000] {processor.py:840} INFO - DAG(s) 'example_branch_datetime_operator_3', 'example_branch_datetime_operator_2', 'example_branch_datetime_operator' retrieved from /home/airflow/.local/lib/python3.8/site-packages/airflow/example_dags/example_branch_datetime_operator.py
[2025-05-20T08:02:31.471+0000] {logging_mixin.py:188} INFO - [2025-05-20T08:02:31.470+0000] {dag.py:3036} INFO - Sync 3 DAGs
[2025-05-20T08:02:31.540+0000] {logging_mixin.py:188} INFO - [2025-05-20T08:02:31.539+0000] {dag.py:3823} INFO - Setting next_dagrun for example_branch_datetime_operator to 2025-05-19 00:00:00+00:00, run_after=2025-05-20 00:00:00+00:00
[2025-05-20T08:02:31.555+0000] {logging_mixin.py:188} INFO - [2025-05-20T08:02:31.555+0000] {dag.py:3823} INFO - Setting next_dagrun for example_branch_datetime_operator_2 to 2025-05-19 00:00:00+00:00, run_after=2025-05-20 00:00:00+00:00
[2025-05-20T08:02:31.564+0000] {logging_mixin.py:188} INFO - [2025-05-20T08:02:31.564+0000] {dag.py:3823} INFO - Setting next_dagrun for example_branch_datetime_operator_3 to 2025-05-19 00:00:00+00:00, run_after=2025-05-20 00:00:00+00:00
[2025-05-20T08:02:31.614+0000] {processor.py:183} INFO - Processing /home/airflow/.local/lib/python3.8/site-packages/airflow/example_dags/example_branch_datetime_operator.py took 0.263 seconds
[2025-05-20T08:03:01.981+0000] {processor.py:161} INFO - Started process (PID=2275) to work on /home/airflow/.local/lib/python3.8/site-packages/airflow/example_dags/example_branch_datetime_operator.py
[2025-05-20T08:03:01.982+0000] {processor.py:830} INFO - Processing file /home/airflow/.local/lib/python3.8/site-packages/airflow/example_dags/example_branch_datetime_operator.py for tasks to queue
[2025-05-20T08:03:01.985+0000] {logging_mixin.py:188} INFO - [2025-05-20T08:03:01.985+0000] {dagbag.py:538} INFO - Filling up the DagBag from /home/airflow/.local/lib/python3.8/site-packages/airflow/example_dags/example_branch_datetime_operator.py
[2025-05-20T08:03:02.002+0000] {processor.py:840} INFO - DAG(s) 'example_branch_datetime_operator_2', 'example_branch_datetime_operator', 'example_branch_datetime_operator_3' retrieved from /home/airflow/.local/lib/python3.8/site-packages/airflow/example_dags/example_branch_datetime_operator.py
[2025-05-20T08:03:02.050+0000] {logging_mixin.py:188} INFO - [2025-05-20T08:03:02.050+0000] {dag.py:3036} INFO - Sync 3 DAGs
[2025-05-20T08:03:02.091+0000] {logging_mixin.py:188} INFO - [2025-05-20T08:03:02.091+0000] {dag.py:3823} INFO - Setting next_dagrun for example_branch_datetime_operator to 2025-05-19 00:00:00+00:00, run_after=2025-05-20 00:00:00+00:00
[2025-05-20T08:03:02.100+0000] {logging_mixin.py:188} INFO - [2025-05-20T08:03:02.100+0000] {dag.py:3823} INFO - Setting next_dagrun for example_branch_datetime_operator_2 to 2025-05-19 00:00:00+00:00, run_after=2025-05-20 00:00:00+00:00
[2025-05-20T08:03:02.107+0000] {logging_mixin.py:188} INFO - [2025-05-20T08:03:02.106+0000] {dag.py:3823} INFO - Setting next_dagrun for example_branch_datetime_operator_3 to 2025-05-19 00:00:00+00:00, run_after=2025-05-20 00:00:00+00:00
[2025-05-20T08:03:02.141+0000] {processor.py:183} INFO - Processing /home/airflow/.local/lib/python3.8/site-packages/airflow/example_dags/example_branch_datetime_operator.py took 0.165 seconds
[2025-05-20T08:03:33.463+0000] {processor.py:161} INFO - Started process (PID=2340) to work on /home/airflow/.local/lib/python3.8/site-packages/airflow/example_dags/example_branch_datetime_operator.py
[2025-05-20T08:03:33.465+0000] {processor.py:830} INFO - Processing file /home/airflow/.local/lib/python3.8/site-packages/airflow/example_dags/example_branch_datetime_operator.py for tasks to queue
[2025-05-20T08:03:33.469+0000] {logging_mixin.py:188} INFO - [2025-05-20T08:03:33.468+0000] {dagbag.py:538} INFO - Filling up the DagBag from /home/airflow/.local/lib/python3.8/site-packages/airflow/example_dags/example_branch_datetime_operator.py
[2025-05-20T08:03:33.493+0000] {processor.py:840} INFO - DAG(s) 'example_branch_datetime_operator', 'example_branch_datetime_operator_2', 'example_branch_datetime_operator_3' retrieved from /home/airflow/.local/lib/python3.8/site-packages/airflow/example_dags/example_branch_datetime_operator.py
[2025-05-20T08:03:33.551+0000] {logging_mixin.py:188} INFO - [2025-05-20T08:03:33.551+0000] {dag.py:3036} INFO - Sync 3 DAGs
[2025-05-20T08:03:33.613+0000] {logging_mixin.py:188} INFO - [2025-05-20T08:03:33.613+0000] {dag.py:3823} INFO - Setting next_dagrun for example_branch_datetime_operator to 2025-05-19 00:00:00+00:00, run_after=2025-05-20 00:00:00+00:00
[2025-05-20T08:03:33.624+0000] {logging_mixin.py:188} INFO - [2025-05-20T08:03:33.624+0000] {dag.py:3823} INFO - Setting next_dagrun for example_branch_datetime_operator_2 to 2025-05-19 00:00:00+00:00, run_after=2025-05-20 00:00:00+00:00
[2025-05-20T08:03:33.630+0000] {logging_mixin.py:188} INFO - [2025-05-20T08:03:33.630+0000] {dag.py:3823} INFO - Setting next_dagrun for example_branch_datetime_operator_3 to 2025-05-19 00:00:00+00:00, run_after=2025-05-20 00:00:00+00:00
[2025-05-20T08:03:33.663+0000] {processor.py:183} INFO - Processing /home/airflow/.local/lib/python3.8/site-packages/airflow/example_dags/example_branch_datetime_operator.py took 0.208 seconds
[2025-05-20T08:04:04.515+0000] {processor.py:161} INFO - Started process (PID=2405) to work on /home/airflow/.local/lib/python3.8/site-packages/airflow/example_dags/example_branch_datetime_operator.py
[2025-05-20T08:04:04.517+0000] {processor.py:830} INFO - Processing file /home/airflow/.local/lib/python3.8/site-packages/airflow/example_dags/example_branch_datetime_operator.py for tasks to queue
[2025-05-20T08:04:04.522+0000] {logging_mixin.py:188} INFO - [2025-05-20T08:04:04.521+0000] {dagbag.py:538} INFO - Filling up the DagBag from /home/airflow/.local/lib/python3.8/site-packages/airflow/example_dags/example_branch_datetime_operator.py
[2025-05-20T08:04:04.550+0000] {processor.py:840} INFO - DAG(s) 'example_branch_datetime_operator', 'example_branch_datetime_operator_2', 'example_branch_datetime_operator_3' retrieved from /home/airflow/.local/lib/python3.8/site-packages/airflow/example_dags/example_branch_datetime_operator.py
[2025-05-20T08:04:04.636+0000] {logging_mixin.py:188} INFO - [2025-05-20T08:04:04.635+0000] {dag.py:3036} INFO - Sync 3 DAGs
[2025-05-20T08:04:04.722+0000] {logging_mixin.py:188} INFO - [2025-05-20T08:04:04.722+0000] {dag.py:3823} INFO - Setting next_dagrun for example_branch_datetime_operator to 2025-05-19 00:00:00+00:00, run_after=2025-05-20 00:00:00+00:00
[2025-05-20T08:04:04.736+0000] {logging_mixin.py:188} INFO - [2025-05-20T08:04:04.735+0000] {dag.py:3823} INFO - Setting next_dagrun for example_branch_datetime_operator_2 to 2025-05-19 00:00:00+00:00, run_after=2025-05-20 00:00:00+00:00
[2025-05-20T08:04:04.743+0000] {logging_mixin.py:188} INFO - [2025-05-20T08:04:04.743+0000] {dag.py:3823} INFO - Setting next_dagrun for example_branch_datetime_operator_3 to 2025-05-19 00:00:00+00:00, run_after=2025-05-20 00:00:00+00:00
[2025-05-20T08:04:04.789+0000] {processor.py:183} INFO - Processing /home/airflow/.local/lib/python3.8/site-packages/airflow/example_dags/example_branch_datetime_operator.py took 0.282 seconds
