[2025-05-20T07:45:12.495+0000] {processor.py:161} INFO - Started process (PID=53) to work on /home/airflow/.local/lib/python3.8/site-packages/airflow/example_dags/tutorial.py
[2025-05-20T07:45:12.497+0000] {processor.py:830} INFO - Processing file /home/airflow/.local/lib/python3.8/site-packages/airflow/example_dags/tutorial.py for tasks to queue
[2025-05-20T07:45:12.500+0000] {logging_mixin.py:188} INFO - [2025-05-20T07:45:12.499+0000] {dagbag.py:538} INFO - Filling up the DagBag from /home/airflow/.local/lib/python3.8/site-packages/airflow/example_dags/tutorial.py
[2025-05-20T07:45:12.515+0000] {processor.py:840} INFO - DAG(s) 'tutorial' retrieved from /home/airflow/.local/lib/python3.8/site-packages/airflow/example_dags/tutorial.py
[2025-05-20T07:45:12.725+0000] {logging_mixin.py:188} INFO - [2025-05-20T07:45:12.724+0000] {dag.py:3036} INFO - Sync 1 DAGs
[2025-05-20T07:45:12.761+0000] {logging_mixin.py:188} INFO - [2025-05-20T07:45:12.761+0000] {dag.py:3823} INFO - Setting next_dagrun for tutorial to 2025-05-19 00:00:00+00:00, run_after=2025-05-20 00:00:00+00:00
[2025-05-20T07:45:12.802+0000] {processor.py:183} INFO - Processing /home/airflow/.local/lib/python3.8/site-packages/airflow/example_dags/tutorial.py took 0.312 seconds
[2025-05-20T07:45:43.602+0000] {processor.py:161} INFO - Started process (PID=118) to work on /home/airflow/.local/lib/python3.8/site-packages/airflow/example_dags/tutorial.py
[2025-05-20T07:45:43.603+0000] {processor.py:830} INFO - Processing file /home/airflow/.local/lib/python3.8/site-packages/airflow/example_dags/tutorial.py for tasks to queue
[2025-05-20T07:45:43.606+0000] {logging_mixin.py:188} INFO - [2025-05-20T07:45:43.606+0000] {dagbag.py:538} INFO - Filling up the DagBag from /home/airflow/.local/lib/python3.8/site-packages/airflow/example_dags/tutorial.py
[2025-05-20T07:45:43.617+0000] {processor.py:840} INFO - DAG(s) 'tutorial' retrieved from /home/airflow/.local/lib/python3.8/site-packages/airflow/example_dags/tutorial.py
[2025-05-20T07:45:43.652+0000] {logging_mixin.py:188} INFO - [2025-05-20T07:45:43.651+0000] {dag.py:3036} INFO - Sync 1 DAGs
[2025-05-20T07:45:43.696+0000] {logging_mixin.py:188} INFO - [2025-05-20T07:45:43.695+0000] {dag.py:3823} INFO - Setting next_dagrun for tutorial to 2025-05-19 00:00:00+00:00, run_after=2025-05-20 00:00:00+00:00
[2025-05-20T07:45:43.751+0000] {processor.py:183} INFO - Processing /home/airflow/.local/lib/python3.8/site-packages/airflow/example_dags/tutorial.py took 0.155 seconds
[2025-05-20T07:46:15.228+0000] {processor.py:161} INFO - Started process (PID=183) to work on /home/airflow/.local/lib/python3.8/site-packages/airflow/example_dags/tutorial.py
[2025-05-20T07:46:15.230+0000] {processor.py:830} INFO - Processing file /home/airflow/.local/lib/python3.8/site-packages/airflow/example_dags/tutorial.py for tasks to queue
[2025-05-20T07:46:15.234+0000] {logging_mixin.py:188} INFO - [2025-05-20T07:46:15.233+0000] {dagbag.py:538} INFO - Filling up the DagBag from /home/airflow/.local/lib/python3.8/site-packages/airflow/example_dags/tutorial.py
[2025-05-20T07:46:15.246+0000] {processor.py:840} INFO - DAG(s) 'tutorial' retrieved from /home/airflow/.local/lib/python3.8/site-packages/airflow/example_dags/tutorial.py
[2025-05-20T07:46:15.286+0000] {logging_mixin.py:188} INFO - [2025-05-20T07:46:15.286+0000] {dag.py:3036} INFO - Sync 1 DAGs
[2025-05-20T07:46:15.336+0000] {logging_mixin.py:188} INFO - [2025-05-20T07:46:15.336+0000] {dag.py:3823} INFO - Setting next_dagrun for tutorial to 2025-05-19 00:00:00+00:00, run_after=2025-05-20 00:00:00+00:00
[2025-05-20T07:46:15.373+0000] {processor.py:183} INFO - Processing /home/airflow/.local/lib/python3.8/site-packages/airflow/example_dags/tutorial.py took 0.151 seconds
[2025-05-20T07:46:46.753+0000] {processor.py:161} INFO - Started process (PID=248) to work on /home/airflow/.local/lib/python3.8/site-packages/airflow/example_dags/tutorial.py
[2025-05-20T07:46:46.755+0000] {processor.py:830} INFO - Processing file /home/airflow/.local/lib/python3.8/site-packages/airflow/example_dags/tutorial.py for tasks to queue
[2025-05-20T07:46:46.758+0000] {logging_mixin.py:188} INFO - [2025-05-20T07:46:46.757+0000] {dagbag.py:538} INFO - Filling up the DagBag from /home/airflow/.local/lib/python3.8/site-packages/airflow/example_dags/tutorial.py
[2025-05-20T07:46:46.767+0000] {processor.py:840} INFO - DAG(s) 'tutorial' retrieved from /home/airflow/.local/lib/python3.8/site-packages/airflow/example_dags/tutorial.py
[2025-05-20T07:46:46.804+0000] {logging_mixin.py:188} INFO - [2025-05-20T07:46:46.803+0000] {dag.py:3036} INFO - Sync 1 DAGs
[2025-05-20T07:46:46.857+0000] {logging_mixin.py:188} INFO - [2025-05-20T07:46:46.856+0000] {dag.py:3823} INFO - Setting next_dagrun for tutorial to 2025-05-19 00:00:00+00:00, run_after=2025-05-20 00:00:00+00:00
[2025-05-20T07:46:46.900+0000] {processor.py:183} INFO - Processing /home/airflow/.local/lib/python3.8/site-packages/airflow/example_dags/tutorial.py took 0.152 seconds
[2025-05-20T07:47:18.984+0000] {processor.py:161} INFO - Started process (PID=313) to work on /home/airflow/.local/lib/python3.8/site-packages/airflow/example_dags/tutorial.py
[2025-05-20T07:47:18.986+0000] {processor.py:830} INFO - Processing file /home/airflow/.local/lib/python3.8/site-packages/airflow/example_dags/tutorial.py for tasks to queue
[2025-05-20T07:47:18.991+0000] {logging_mixin.py:188} INFO - [2025-05-20T07:47:18.990+0000] {dagbag.py:538} INFO - Filling up the DagBag from /home/airflow/.local/lib/python3.8/site-packages/airflow/example_dags/tutorial.py
[2025-05-20T07:47:19.004+0000] {processor.py:840} INFO - DAG(s) 'tutorial' retrieved from /home/airflow/.local/lib/python3.8/site-packages/airflow/example_dags/tutorial.py
[2025-05-20T07:47:19.061+0000] {logging_mixin.py:188} INFO - [2025-05-20T07:47:19.060+0000] {dag.py:3036} INFO - Sync 1 DAGs
[2025-05-20T07:47:19.158+0000] {logging_mixin.py:188} INFO - [2025-05-20T07:47:19.158+0000] {dag.py:3823} INFO - Setting next_dagrun for tutorial to 2025-05-19 00:00:00+00:00, run_after=2025-05-20 00:00:00+00:00
[2025-05-20T07:47:19.225+0000] {processor.py:183} INFO - Processing /home/airflow/.local/lib/python3.8/site-packages/airflow/example_dags/tutorial.py took 0.248 seconds
[2025-05-20T07:47:50.689+0000] {processor.py:161} INFO - Started process (PID=378) to work on /home/airflow/.local/lib/python3.8/site-packages/airflow/example_dags/tutorial.py
[2025-05-20T07:47:50.692+0000] {processor.py:830} INFO - Processing file /home/airflow/.local/lib/python3.8/site-packages/airflow/example_dags/tutorial.py for tasks to queue
[2025-05-20T07:47:50.697+0000] {logging_mixin.py:188} INFO - [2025-05-20T07:47:50.696+0000] {dagbag.py:538} INFO - Filling up the DagBag from /home/airflow/.local/lib/python3.8/site-packages/airflow/example_dags/tutorial.py
[2025-05-20T07:47:50.709+0000] {processor.py:840} INFO - DAG(s) 'tutorial' retrieved from /home/airflow/.local/lib/python3.8/site-packages/airflow/example_dags/tutorial.py
[2025-05-20T07:47:50.761+0000] {logging_mixin.py:188} INFO - [2025-05-20T07:47:50.760+0000] {dag.py:3036} INFO - Sync 1 DAGs
[2025-05-20T07:47:50.823+0000] {logging_mixin.py:188} INFO - [2025-05-20T07:47:50.823+0000] {dag.py:3823} INFO - Setting next_dagrun for tutorial to 2025-05-19 00:00:00+00:00, run_after=2025-05-20 00:00:00+00:00
[2025-05-20T07:47:50.871+0000] {processor.py:183} INFO - Processing /home/airflow/.local/lib/python3.8/site-packages/airflow/example_dags/tutorial.py took 0.188 seconds
[2025-05-20T07:48:22.337+0000] {processor.py:161} INFO - Started process (PID=443) to work on /home/airflow/.local/lib/python3.8/site-packages/airflow/example_dags/tutorial.py
[2025-05-20T07:48:22.338+0000] {processor.py:830} INFO - Processing file /home/airflow/.local/lib/python3.8/site-packages/airflow/example_dags/tutorial.py for tasks to queue
[2025-05-20T07:48:22.342+0000] {logging_mixin.py:188} INFO - [2025-05-20T07:48:22.341+0000] {dagbag.py:538} INFO - Filling up the DagBag from /home/airflow/.local/lib/python3.8/site-packages/airflow/example_dags/tutorial.py
[2025-05-20T07:48:22.353+0000] {processor.py:840} INFO - DAG(s) 'tutorial' retrieved from /home/airflow/.local/lib/python3.8/site-packages/airflow/example_dags/tutorial.py
[2025-05-20T07:48:22.389+0000] {logging_mixin.py:188} INFO - [2025-05-20T07:48:22.389+0000] {dag.py:3036} INFO - Sync 1 DAGs
[2025-05-20T07:48:22.435+0000] {logging_mixin.py:188} INFO - [2025-05-20T07:48:22.435+0000] {dag.py:3823} INFO - Setting next_dagrun for tutorial to 2025-05-19 00:00:00+00:00, run_after=2025-05-20 00:00:00+00:00
[2025-05-20T07:48:22.475+0000] {processor.py:183} INFO - Processing /home/airflow/.local/lib/python3.8/site-packages/airflow/example_dags/tutorial.py took 0.146 seconds
[2025-05-20T07:48:52.812+0000] {processor.py:161} INFO - Started process (PID=508) to work on /home/airflow/.local/lib/python3.8/site-packages/airflow/example_dags/tutorial.py
[2025-05-20T07:48:52.814+0000] {processor.py:830} INFO - Processing file /home/airflow/.local/lib/python3.8/site-packages/airflow/example_dags/tutorial.py for tasks to queue
[2025-05-20T07:48:52.817+0000] {logging_mixin.py:188} INFO - [2025-05-20T07:48:52.816+0000] {dagbag.py:538} INFO - Filling up the DagBag from /home/airflow/.local/lib/python3.8/site-packages/airflow/example_dags/tutorial.py
[2025-05-20T07:48:52.829+0000] {processor.py:840} INFO - DAG(s) 'tutorial' retrieved from /home/airflow/.local/lib/python3.8/site-packages/airflow/example_dags/tutorial.py
[2025-05-20T07:48:52.873+0000] {logging_mixin.py:188} INFO - [2025-05-20T07:48:52.873+0000] {dag.py:3036} INFO - Sync 1 DAGs
[2025-05-20T07:48:52.914+0000] {logging_mixin.py:188} INFO - [2025-05-20T07:48:52.914+0000] {dag.py:3823} INFO - Setting next_dagrun for tutorial to 2025-05-19 00:00:00+00:00, run_after=2025-05-20 00:00:00+00:00
[2025-05-20T07:48:52.954+0000] {processor.py:183} INFO - Processing /home/airflow/.local/lib/python3.8/site-packages/airflow/example_dags/tutorial.py took 0.147 seconds
[2025-05-20T07:49:24.045+0000] {processor.py:161} INFO - Started process (PID=573) to work on /home/airflow/.local/lib/python3.8/site-packages/airflow/example_dags/tutorial.py
[2025-05-20T07:49:24.048+0000] {processor.py:830} INFO - Processing file /home/airflow/.local/lib/python3.8/site-packages/airflow/example_dags/tutorial.py for tasks to queue
[2025-05-20T07:49:24.052+0000] {logging_mixin.py:188} INFO - [2025-05-20T07:49:24.051+0000] {dagbag.py:538} INFO - Filling up the DagBag from /home/airflow/.local/lib/python3.8/site-packages/airflow/example_dags/tutorial.py
[2025-05-20T07:49:24.064+0000] {processor.py:840} INFO - DAG(s) 'tutorial' retrieved from /home/airflow/.local/lib/python3.8/site-packages/airflow/example_dags/tutorial.py
[2025-05-20T07:49:24.109+0000] {logging_mixin.py:188} INFO - [2025-05-20T07:49:24.108+0000] {dag.py:3036} INFO - Sync 1 DAGs
[2025-05-20T07:49:24.156+0000] {logging_mixin.py:188} INFO - [2025-05-20T07:49:24.155+0000] {dag.py:3823} INFO - Setting next_dagrun for tutorial to 2025-05-19 00:00:00+00:00, run_after=2025-05-20 00:00:00+00:00
[2025-05-20T07:49:24.192+0000] {processor.py:183} INFO - Processing /home/airflow/.local/lib/python3.8/site-packages/airflow/example_dags/tutorial.py took 0.153 seconds
[2025-05-20T07:49:54.501+0000] {processor.py:161} INFO - Started process (PID=635) to work on /home/airflow/.local/lib/python3.8/site-packages/airflow/example_dags/tutorial.py
[2025-05-20T07:49:54.503+0000] {processor.py:830} INFO - Processing file /home/airflow/.local/lib/python3.8/site-packages/airflow/example_dags/tutorial.py for tasks to queue
[2025-05-20T07:49:54.508+0000] {logging_mixin.py:188} INFO - [2025-05-20T07:49:54.507+0000] {dagbag.py:538} INFO - Filling up the DagBag from /home/airflow/.local/lib/python3.8/site-packages/airflow/example_dags/tutorial.py
[2025-05-20T07:49:54.521+0000] {processor.py:840} INFO - DAG(s) 'tutorial' retrieved from /home/airflow/.local/lib/python3.8/site-packages/airflow/example_dags/tutorial.py
[2025-05-20T07:49:54.572+0000] {logging_mixin.py:188} INFO - [2025-05-20T07:49:54.572+0000] {dag.py:3036} INFO - Sync 1 DAGs
[2025-05-20T07:49:54.635+0000] {logging_mixin.py:188} INFO - [2025-05-20T07:49:54.635+0000] {dag.py:3823} INFO - Setting next_dagrun for tutorial to 2025-05-19 00:00:00+00:00, run_after=2025-05-20 00:00:00+00:00
[2025-05-20T07:49:54.705+0000] {processor.py:183} INFO - Processing /home/airflow/.local/lib/python3.8/site-packages/airflow/example_dags/tutorial.py took 0.211 seconds
[2025-05-20T07:50:27.014+0000] {processor.py:161} INFO - Started process (PID=702) to work on /home/airflow/.local/lib/python3.8/site-packages/airflow/example_dags/tutorial.py
[2025-05-20T07:50:27.016+0000] {processor.py:830} INFO - Processing file /home/airflow/.local/lib/python3.8/site-packages/airflow/example_dags/tutorial.py for tasks to queue
[2025-05-20T07:50:27.019+0000] {logging_mixin.py:188} INFO - [2025-05-20T07:50:27.018+0000] {dagbag.py:538} INFO - Filling up the DagBag from /home/airflow/.local/lib/python3.8/site-packages/airflow/example_dags/tutorial.py
[2025-05-20T07:50:27.033+0000] {processor.py:840} INFO - DAG(s) 'tutorial' retrieved from /home/airflow/.local/lib/python3.8/site-packages/airflow/example_dags/tutorial.py
[2025-05-20T07:50:27.077+0000] {logging_mixin.py:188} INFO - [2025-05-20T07:50:27.076+0000] {dag.py:3036} INFO - Sync 1 DAGs
[2025-05-20T07:50:27.146+0000] {logging_mixin.py:188} INFO - [2025-05-20T07:50:27.146+0000] {dag.py:3823} INFO - Setting next_dagrun for tutorial to 2025-05-19 00:00:00+00:00, run_after=2025-05-20 00:00:00+00:00
[2025-05-20T07:50:27.185+0000] {processor.py:183} INFO - Processing /home/airflow/.local/lib/python3.8/site-packages/airflow/example_dags/tutorial.py took 0.176 seconds
[2025-05-20T07:50:58.298+0000] {processor.py:161} INFO - Started process (PID=766) to work on /home/airflow/.local/lib/python3.8/site-packages/airflow/example_dags/tutorial.py
[2025-05-20T07:50:58.300+0000] {processor.py:830} INFO - Processing file /home/airflow/.local/lib/python3.8/site-packages/airflow/example_dags/tutorial.py for tasks to queue
[2025-05-20T07:50:58.305+0000] {logging_mixin.py:188} INFO - [2025-05-20T07:50:58.304+0000] {dagbag.py:538} INFO - Filling up the DagBag from /home/airflow/.local/lib/python3.8/site-packages/airflow/example_dags/tutorial.py
[2025-05-20T07:50:58.321+0000] {processor.py:840} INFO - DAG(s) 'tutorial' retrieved from /home/airflow/.local/lib/python3.8/site-packages/airflow/example_dags/tutorial.py
[2025-05-20T07:50:58.362+0000] {logging_mixin.py:188} INFO - [2025-05-20T07:50:58.361+0000] {dag.py:3036} INFO - Sync 1 DAGs
[2025-05-20T07:50:58.425+0000] {logging_mixin.py:188} INFO - [2025-05-20T07:50:58.425+0000] {dag.py:3823} INFO - Setting next_dagrun for tutorial to 2025-05-19 00:00:00+00:00, run_after=2025-05-20 00:00:00+00:00
[2025-05-20T07:50:58.463+0000] {processor.py:183} INFO - Processing /home/airflow/.local/lib/python3.8/site-packages/airflow/example_dags/tutorial.py took 0.170 seconds
[2025-05-20T07:51:29.550+0000] {processor.py:161} INFO - Started process (PID=831) to work on /home/airflow/.local/lib/python3.8/site-packages/airflow/example_dags/tutorial.py
[2025-05-20T07:51:29.551+0000] {processor.py:830} INFO - Processing file /home/airflow/.local/lib/python3.8/site-packages/airflow/example_dags/tutorial.py for tasks to queue
[2025-05-20T07:51:29.554+0000] {logging_mixin.py:188} INFO - [2025-05-20T07:51:29.554+0000] {dagbag.py:538} INFO - Filling up the DagBag from /home/airflow/.local/lib/python3.8/site-packages/airflow/example_dags/tutorial.py
[2025-05-20T07:51:29.564+0000] {processor.py:840} INFO - DAG(s) 'tutorial' retrieved from /home/airflow/.local/lib/python3.8/site-packages/airflow/example_dags/tutorial.py
[2025-05-20T07:51:29.599+0000] {logging_mixin.py:188} INFO - [2025-05-20T07:51:29.598+0000] {dag.py:3036} INFO - Sync 1 DAGs
[2025-05-20T07:51:29.640+0000] {logging_mixin.py:188} INFO - [2025-05-20T07:51:29.639+0000] {dag.py:3823} INFO - Setting next_dagrun for tutorial to 2025-05-19 00:00:00+00:00, run_after=2025-05-20 00:00:00+00:00
[2025-05-20T07:51:29.675+0000] {processor.py:183} INFO - Processing /home/airflow/.local/lib/python3.8/site-packages/airflow/example_dags/tutorial.py took 0.131 seconds
[2025-05-20T07:52:01.225+0000] {processor.py:161} INFO - Started process (PID=896) to work on /home/airflow/.local/lib/python3.8/site-packages/airflow/example_dags/tutorial.py
[2025-05-20T07:52:01.226+0000] {processor.py:830} INFO - Processing file /home/airflow/.local/lib/python3.8/site-packages/airflow/example_dags/tutorial.py for tasks to queue
[2025-05-20T07:52:01.231+0000] {logging_mixin.py:188} INFO - [2025-05-20T07:52:01.230+0000] {dagbag.py:538} INFO - Filling up the DagBag from /home/airflow/.local/lib/python3.8/site-packages/airflow/example_dags/tutorial.py
[2025-05-20T07:52:01.242+0000] {processor.py:840} INFO - DAG(s) 'tutorial' retrieved from /home/airflow/.local/lib/python3.8/site-packages/airflow/example_dags/tutorial.py
[2025-05-20T07:52:01.288+0000] {logging_mixin.py:188} INFO - [2025-05-20T07:52:01.287+0000] {dag.py:3036} INFO - Sync 1 DAGs
[2025-05-20T07:52:01.329+0000] {logging_mixin.py:188} INFO - [2025-05-20T07:52:01.329+0000] {dag.py:3823} INFO - Setting next_dagrun for tutorial to 2025-05-19 00:00:00+00:00, run_after=2025-05-20 00:00:00+00:00
[2025-05-20T07:52:01.363+0000] {processor.py:183} INFO - Processing /home/airflow/.local/lib/python3.8/site-packages/airflow/example_dags/tutorial.py took 0.145 seconds
[2025-05-20T07:52:32.116+0000] {processor.py:161} INFO - Started process (PID=959) to work on /home/airflow/.local/lib/python3.8/site-packages/airflow/example_dags/tutorial.py
[2025-05-20T07:52:32.118+0000] {processor.py:830} INFO - Processing file /home/airflow/.local/lib/python3.8/site-packages/airflow/example_dags/tutorial.py for tasks to queue
[2025-05-20T07:52:32.122+0000] {logging_mixin.py:188} INFO - [2025-05-20T07:52:32.121+0000] {dagbag.py:538} INFO - Filling up the DagBag from /home/airflow/.local/lib/python3.8/site-packages/airflow/example_dags/tutorial.py
[2025-05-20T07:52:32.137+0000] {processor.py:840} INFO - DAG(s) 'tutorial' retrieved from /home/airflow/.local/lib/python3.8/site-packages/airflow/example_dags/tutorial.py
[2025-05-20T07:52:32.193+0000] {logging_mixin.py:188} INFO - [2025-05-20T07:52:32.193+0000] {dag.py:3036} INFO - Sync 1 DAGs
[2025-05-20T07:52:32.257+0000] {logging_mixin.py:188} INFO - [2025-05-20T07:52:32.257+0000] {dag.py:3823} INFO - Setting next_dagrun for tutorial to 2025-05-19 00:00:00+00:00, run_after=2025-05-20 00:00:00+00:00
[2025-05-20T07:52:32.301+0000] {processor.py:183} INFO - Processing /home/airflow/.local/lib/python3.8/site-packages/airflow/example_dags/tutorial.py took 0.193 seconds
[2025-05-20T07:53:03.519+0000] {processor.py:161} INFO - Started process (PID=1030) to work on /home/airflow/.local/lib/python3.8/site-packages/airflow/example_dags/tutorial.py
[2025-05-20T07:53:03.521+0000] {processor.py:830} INFO - Processing file /home/airflow/.local/lib/python3.8/site-packages/airflow/example_dags/tutorial.py for tasks to queue
[2025-05-20T07:53:03.524+0000] {logging_mixin.py:188} INFO - [2025-05-20T07:53:03.524+0000] {dagbag.py:538} INFO - Filling up the DagBag from /home/airflow/.local/lib/python3.8/site-packages/airflow/example_dags/tutorial.py
[2025-05-20T07:53:03.534+0000] {processor.py:840} INFO - DAG(s) 'tutorial' retrieved from /home/airflow/.local/lib/python3.8/site-packages/airflow/example_dags/tutorial.py
[2025-05-20T07:53:03.567+0000] {logging_mixin.py:188} INFO - [2025-05-20T07:53:03.566+0000] {dag.py:3036} INFO - Sync 1 DAGs
[2025-05-20T07:53:03.614+0000] {logging_mixin.py:188} INFO - [2025-05-20T07:53:03.614+0000] {dag.py:3823} INFO - Setting next_dagrun for tutorial to 2025-05-19 00:00:00+00:00, run_after=2025-05-20 00:00:00+00:00
[2025-05-20T07:53:03.653+0000] {processor.py:183} INFO - Processing /home/airflow/.local/lib/python3.8/site-packages/airflow/example_dags/tutorial.py took 0.139 seconds
[2025-05-20T07:53:35.621+0000] {processor.py:161} INFO - Started process (PID=1095) to work on /home/airflow/.local/lib/python3.8/site-packages/airflow/example_dags/tutorial.py
[2025-05-20T07:53:35.625+0000] {processor.py:830} INFO - Processing file /home/airflow/.local/lib/python3.8/site-packages/airflow/example_dags/tutorial.py for tasks to queue
[2025-05-20T07:53:35.633+0000] {logging_mixin.py:188} INFO - [2025-05-20T07:53:35.631+0000] {dagbag.py:538} INFO - Filling up the DagBag from /home/airflow/.local/lib/python3.8/site-packages/airflow/example_dags/tutorial.py
[2025-05-20T07:53:35.659+0000] {processor.py:840} INFO - DAG(s) 'tutorial' retrieved from /home/airflow/.local/lib/python3.8/site-packages/airflow/example_dags/tutorial.py
[2025-05-20T07:53:35.761+0000] {logging_mixin.py:188} INFO - [2025-05-20T07:53:35.760+0000] {dag.py:3036} INFO - Sync 1 DAGs
[2025-05-20T07:53:35.863+0000] {logging_mixin.py:188} INFO - [2025-05-20T07:53:35.862+0000] {dag.py:3823} INFO - Setting next_dagrun for tutorial to 2025-05-19 00:00:00+00:00, run_after=2025-05-20 00:00:00+00:00
[2025-05-20T07:53:35.950+0000] {processor.py:183} INFO - Processing /home/airflow/.local/lib/python3.8/site-packages/airflow/example_dags/tutorial.py took 0.339 seconds
[2025-05-20T07:54:06.741+0000] {processor.py:161} INFO - Started process (PID=1160) to work on /home/airflow/.local/lib/python3.8/site-packages/airflow/example_dags/tutorial.py
[2025-05-20T07:54:06.744+0000] {processor.py:830} INFO - Processing file /home/airflow/.local/lib/python3.8/site-packages/airflow/example_dags/tutorial.py for tasks to queue
[2025-05-20T07:54:06.748+0000] {logging_mixin.py:188} INFO - [2025-05-20T07:54:06.748+0000] {dagbag.py:538} INFO - Filling up the DagBag from /home/airflow/.local/lib/python3.8/site-packages/airflow/example_dags/tutorial.py
[2025-05-20T07:54:06.763+0000] {processor.py:840} INFO - DAG(s) 'tutorial' retrieved from /home/airflow/.local/lib/python3.8/site-packages/airflow/example_dags/tutorial.py
[2025-05-20T07:54:06.824+0000] {logging_mixin.py:188} INFO - [2025-05-20T07:54:06.823+0000] {dag.py:3036} INFO - Sync 1 DAGs
[2025-05-20T07:54:06.888+0000] {logging_mixin.py:188} INFO - [2025-05-20T07:54:06.887+0000] {dag.py:3823} INFO - Setting next_dagrun for tutorial to 2025-05-19 00:00:00+00:00, run_after=2025-05-20 00:00:00+00:00
[2025-05-20T07:54:06.962+0000] {processor.py:183} INFO - Processing /home/airflow/.local/lib/python3.8/site-packages/airflow/example_dags/tutorial.py took 0.229 seconds
[2025-05-20T07:54:37.988+0000] {processor.py:161} INFO - Started process (PID=1225) to work on /home/airflow/.local/lib/python3.8/site-packages/airflow/example_dags/tutorial.py
[2025-05-20T07:54:37.990+0000] {processor.py:830} INFO - Processing file /home/airflow/.local/lib/python3.8/site-packages/airflow/example_dags/tutorial.py for tasks to queue
[2025-05-20T07:54:37.993+0000] {logging_mixin.py:188} INFO - [2025-05-20T07:54:37.993+0000] {dagbag.py:538} INFO - Filling up the DagBag from /home/airflow/.local/lib/python3.8/site-packages/airflow/example_dags/tutorial.py
[2025-05-20T07:54:38.004+0000] {processor.py:840} INFO - DAG(s) 'tutorial' retrieved from /home/airflow/.local/lib/python3.8/site-packages/airflow/example_dags/tutorial.py
[2025-05-20T07:54:38.042+0000] {logging_mixin.py:188} INFO - [2025-05-20T07:54:38.042+0000] {dag.py:3036} INFO - Sync 1 DAGs
[2025-05-20T07:54:38.095+0000] {logging_mixin.py:188} INFO - [2025-05-20T07:54:38.094+0000] {dag.py:3823} INFO - Setting next_dagrun for tutorial to 2025-05-19 00:00:00+00:00, run_after=2025-05-20 00:00:00+00:00
[2025-05-20T07:54:38.139+0000] {processor.py:183} INFO - Processing /home/airflow/.local/lib/python3.8/site-packages/airflow/example_dags/tutorial.py took 0.156 seconds
[2025-05-20T07:55:09.653+0000] {processor.py:161} INFO - Started process (PID=1290) to work on /home/airflow/.local/lib/python3.8/site-packages/airflow/example_dags/tutorial.py
[2025-05-20T07:55:09.655+0000] {processor.py:830} INFO - Processing file /home/airflow/.local/lib/python3.8/site-packages/airflow/example_dags/tutorial.py for tasks to queue
[2025-05-20T07:55:09.660+0000] {logging_mixin.py:188} INFO - [2025-05-20T07:55:09.659+0000] {dagbag.py:538} INFO - Filling up the DagBag from /home/airflow/.local/lib/python3.8/site-packages/airflow/example_dags/tutorial.py
[2025-05-20T07:55:09.676+0000] {processor.py:840} INFO - DAG(s) 'tutorial' retrieved from /home/airflow/.local/lib/python3.8/site-packages/airflow/example_dags/tutorial.py
[2025-05-20T07:55:09.722+0000] {logging_mixin.py:188} INFO - [2025-05-20T07:55:09.721+0000] {dag.py:3036} INFO - Sync 1 DAGs
[2025-05-20T07:55:09.771+0000] {logging_mixin.py:188} INFO - [2025-05-20T07:55:09.770+0000] {dag.py:3823} INFO - Setting next_dagrun for tutorial to 2025-05-19 00:00:00+00:00, run_after=2025-05-20 00:00:00+00:00
[2025-05-20T07:55:09.810+0000] {processor.py:183} INFO - Processing /home/airflow/.local/lib/python3.8/site-packages/airflow/example_dags/tutorial.py took 0.163 seconds
[2025-05-20T07:55:40.920+0000] {processor.py:161} INFO - Started process (PID=1355) to work on /home/airflow/.local/lib/python3.8/site-packages/airflow/example_dags/tutorial.py
[2025-05-20T07:55:40.922+0000] {processor.py:830} INFO - Processing file /home/airflow/.local/lib/python3.8/site-packages/airflow/example_dags/tutorial.py for tasks to queue
[2025-05-20T07:55:40.926+0000] {logging_mixin.py:188} INFO - [2025-05-20T07:55:40.925+0000] {dagbag.py:538} INFO - Filling up the DagBag from /home/airflow/.local/lib/python3.8/site-packages/airflow/example_dags/tutorial.py
[2025-05-20T07:55:40.935+0000] {processor.py:840} INFO - DAG(s) 'tutorial' retrieved from /home/airflow/.local/lib/python3.8/site-packages/airflow/example_dags/tutorial.py
[2025-05-20T07:55:40.971+0000] {logging_mixin.py:188} INFO - [2025-05-20T07:55:40.971+0000] {dag.py:3036} INFO - Sync 1 DAGs
[2025-05-20T07:55:41.012+0000] {logging_mixin.py:188} INFO - [2025-05-20T07:55:41.012+0000] {dag.py:3823} INFO - Setting next_dagrun for tutorial to 2025-05-19 00:00:00+00:00, run_after=2025-05-20 00:00:00+00:00
[2025-05-20T07:55:41.046+0000] {processor.py:183} INFO - Processing /home/airflow/.local/lib/python3.8/site-packages/airflow/example_dags/tutorial.py took 0.131 seconds
[2025-05-20T07:56:12.845+0000] {processor.py:161} INFO - Started process (PID=1420) to work on /home/airflow/.local/lib/python3.8/site-packages/airflow/example_dags/tutorial.py
[2025-05-20T07:56:12.847+0000] {processor.py:830} INFO - Processing file /home/airflow/.local/lib/python3.8/site-packages/airflow/example_dags/tutorial.py for tasks to queue
[2025-05-20T07:56:12.853+0000] {logging_mixin.py:188} INFO - [2025-05-20T07:56:12.851+0000] {dagbag.py:538} INFO - Filling up the DagBag from /home/airflow/.local/lib/python3.8/site-packages/airflow/example_dags/tutorial.py
[2025-05-20T07:56:12.868+0000] {processor.py:840} INFO - DAG(s) 'tutorial' retrieved from /home/airflow/.local/lib/python3.8/site-packages/airflow/example_dags/tutorial.py
[2025-05-20T07:56:12.913+0000] {logging_mixin.py:188} INFO - [2025-05-20T07:56:12.913+0000] {dag.py:3036} INFO - Sync 1 DAGs
[2025-05-20T07:56:12.952+0000] {logging_mixin.py:188} INFO - [2025-05-20T07:56:12.951+0000] {dag.py:3823} INFO - Setting next_dagrun for tutorial to 2025-05-19 00:00:00+00:00, run_after=2025-05-20 00:00:00+00:00
[2025-05-20T07:56:12.991+0000] {processor.py:183} INFO - Processing /home/airflow/.local/lib/python3.8/site-packages/airflow/example_dags/tutorial.py took 0.156 seconds
[2025-05-20T07:56:44.932+0000] {processor.py:161} INFO - Started process (PID=1487) to work on /home/airflow/.local/lib/python3.8/site-packages/airflow/example_dags/tutorial.py
[2025-05-20T07:56:44.934+0000] {processor.py:830} INFO - Processing file /home/airflow/.local/lib/python3.8/site-packages/airflow/example_dags/tutorial.py for tasks to queue
[2025-05-20T07:56:44.938+0000] {logging_mixin.py:188} INFO - [2025-05-20T07:56:44.937+0000] {dagbag.py:538} INFO - Filling up the DagBag from /home/airflow/.local/lib/python3.8/site-packages/airflow/example_dags/tutorial.py
[2025-05-20T07:56:44.959+0000] {processor.py:840} INFO - DAG(s) 'tutorial' retrieved from /home/airflow/.local/lib/python3.8/site-packages/airflow/example_dags/tutorial.py
[2025-05-20T07:56:44.997+0000] {logging_mixin.py:188} INFO - [2025-05-20T07:56:44.997+0000] {dag.py:3036} INFO - Sync 1 DAGs
[2025-05-20T07:56:45.042+0000] {logging_mixin.py:188} INFO - [2025-05-20T07:56:45.042+0000] {dag.py:3823} INFO - Setting next_dagrun for tutorial to 2025-05-19 00:00:00+00:00, run_after=2025-05-20 00:00:00+00:00
[2025-05-20T07:56:45.079+0000] {processor.py:183} INFO - Processing /home/airflow/.local/lib/python3.8/site-packages/airflow/example_dags/tutorial.py took 0.157 seconds
[2025-05-20T07:57:16.060+0000] {processor.py:161} INFO - Started process (PID=1552) to work on /home/airflow/.local/lib/python3.8/site-packages/airflow/example_dags/tutorial.py
[2025-05-20T07:57:16.063+0000] {processor.py:830} INFO - Processing file /home/airflow/.local/lib/python3.8/site-packages/airflow/example_dags/tutorial.py for tasks to queue
[2025-05-20T07:57:16.067+0000] {logging_mixin.py:188} INFO - [2025-05-20T07:57:16.066+0000] {dagbag.py:538} INFO - Filling up the DagBag from /home/airflow/.local/lib/python3.8/site-packages/airflow/example_dags/tutorial.py
[2025-05-20T07:57:16.097+0000] {processor.py:840} INFO - DAG(s) 'tutorial' retrieved from /home/airflow/.local/lib/python3.8/site-packages/airflow/example_dags/tutorial.py
[2025-05-20T07:57:16.157+0000] {logging_mixin.py:188} INFO - [2025-05-20T07:57:16.156+0000] {dag.py:3036} INFO - Sync 1 DAGs
[2025-05-20T07:57:16.238+0000] {logging_mixin.py:188} INFO - [2025-05-20T07:57:16.238+0000] {dag.py:3823} INFO - Setting next_dagrun for tutorial to 2025-05-19 00:00:00+00:00, run_after=2025-05-20 00:00:00+00:00
[2025-05-20T07:57:16.285+0000] {processor.py:183} INFO - Processing /home/airflow/.local/lib/python3.8/site-packages/airflow/example_dags/tutorial.py took 0.241 seconds
[2025-05-20T07:57:46.753+0000] {processor.py:161} INFO - Started process (PID=1615) to work on /home/airflow/.local/lib/python3.8/site-packages/airflow/example_dags/tutorial.py
[2025-05-20T07:57:46.756+0000] {processor.py:830} INFO - Processing file /home/airflow/.local/lib/python3.8/site-packages/airflow/example_dags/tutorial.py for tasks to queue
[2025-05-20T07:57:46.762+0000] {logging_mixin.py:188} INFO - [2025-05-20T07:57:46.761+0000] {dagbag.py:538} INFO - Filling up the DagBag from /home/airflow/.local/lib/python3.8/site-packages/airflow/example_dags/tutorial.py
[2025-05-20T07:57:46.778+0000] {processor.py:840} INFO - DAG(s) 'tutorial' retrieved from /home/airflow/.local/lib/python3.8/site-packages/airflow/example_dags/tutorial.py
[2025-05-20T07:57:46.834+0000] {logging_mixin.py:188} INFO - [2025-05-20T07:57:46.833+0000] {dag.py:3036} INFO - Sync 1 DAGs
[2025-05-20T07:57:46.951+0000] {logging_mixin.py:188} INFO - [2025-05-20T07:57:46.950+0000] {dag.py:3823} INFO - Setting next_dagrun for tutorial to 2025-05-19 00:00:00+00:00, run_after=2025-05-20 00:00:00+00:00
[2025-05-20T07:57:47.045+0000] {processor.py:183} INFO - Processing /home/airflow/.local/lib/python3.8/site-packages/airflow/example_dags/tutorial.py took 0.301 seconds
[2025-05-20T07:58:19.466+0000] {processor.py:161} INFO - Started process (PID=1682) to work on /home/airflow/.local/lib/python3.8/site-packages/airflow/example_dags/tutorial.py
[2025-05-20T07:58:19.468+0000] {processor.py:830} INFO - Processing file /home/airflow/.local/lib/python3.8/site-packages/airflow/example_dags/tutorial.py for tasks to queue
[2025-05-20T07:58:19.472+0000] {logging_mixin.py:188} INFO - [2025-05-20T07:58:19.472+0000] {dagbag.py:538} INFO - Filling up the DagBag from /home/airflow/.local/lib/python3.8/site-packages/airflow/example_dags/tutorial.py
[2025-05-20T07:58:19.483+0000] {processor.py:840} INFO - DAG(s) 'tutorial' retrieved from /home/airflow/.local/lib/python3.8/site-packages/airflow/example_dags/tutorial.py
[2025-05-20T07:58:19.530+0000] {logging_mixin.py:188} INFO - [2025-05-20T07:58:19.529+0000] {dag.py:3036} INFO - Sync 1 DAGs
[2025-05-20T07:58:19.581+0000] {logging_mixin.py:188} INFO - [2025-05-20T07:58:19.580+0000] {dag.py:3823} INFO - Setting next_dagrun for tutorial to 2025-05-19 00:00:00+00:00, run_after=2025-05-20 00:00:00+00:00
[2025-05-20T07:58:19.628+0000] {processor.py:183} INFO - Processing /home/airflow/.local/lib/python3.8/site-packages/airflow/example_dags/tutorial.py took 0.168 seconds
[2025-05-20T07:58:50.294+0000] {processor.py:161} INFO - Started process (PID=1746) to work on /home/airflow/.local/lib/python3.8/site-packages/airflow/example_dags/tutorial.py
[2025-05-20T07:58:50.295+0000] {processor.py:830} INFO - Processing file /home/airflow/.local/lib/python3.8/site-packages/airflow/example_dags/tutorial.py for tasks to queue
[2025-05-20T07:58:50.298+0000] {logging_mixin.py:188} INFO - [2025-05-20T07:58:50.298+0000] {dagbag.py:538} INFO - Filling up the DagBag from /home/airflow/.local/lib/python3.8/site-packages/airflow/example_dags/tutorial.py
[2025-05-20T07:58:50.307+0000] {processor.py:840} INFO - DAG(s) 'tutorial' retrieved from /home/airflow/.local/lib/python3.8/site-packages/airflow/example_dags/tutorial.py
[2025-05-20T07:58:50.351+0000] {logging_mixin.py:188} INFO - [2025-05-20T07:58:50.350+0000] {dag.py:3036} INFO - Sync 1 DAGs
[2025-05-20T07:58:50.389+0000] {logging_mixin.py:188} INFO - [2025-05-20T07:58:50.389+0000] {dag.py:3823} INFO - Setting next_dagrun for tutorial to 2025-05-19 00:00:00+00:00, run_after=2025-05-20 00:00:00+00:00
[2025-05-20T07:58:50.429+0000] {processor.py:183} INFO - Processing /home/airflow/.local/lib/python3.8/site-packages/airflow/example_dags/tutorial.py took 0.140 seconds
[2025-05-20T07:59:21.780+0000] {processor.py:161} INFO - Started process (PID=1812) to work on /home/airflow/.local/lib/python3.8/site-packages/airflow/example_dags/tutorial.py
[2025-05-20T07:59:21.782+0000] {processor.py:830} INFO - Processing file /home/airflow/.local/lib/python3.8/site-packages/airflow/example_dags/tutorial.py for tasks to queue
[2025-05-20T07:59:21.786+0000] {logging_mixin.py:188} INFO - [2025-05-20T07:59:21.785+0000] {dagbag.py:538} INFO - Filling up the DagBag from /home/airflow/.local/lib/python3.8/site-packages/airflow/example_dags/tutorial.py
[2025-05-20T07:59:21.799+0000] {processor.py:840} INFO - DAG(s) 'tutorial' retrieved from /home/airflow/.local/lib/python3.8/site-packages/airflow/example_dags/tutorial.py
[2025-05-20T07:59:21.837+0000] {logging_mixin.py:188} INFO - [2025-05-20T07:59:21.837+0000] {dag.py:3036} INFO - Sync 1 DAGs
[2025-05-20T07:59:21.892+0000] {logging_mixin.py:188} INFO - [2025-05-20T07:59:21.892+0000] {dag.py:3823} INFO - Setting next_dagrun for tutorial to 2025-05-19 00:00:00+00:00, run_after=2025-05-20 00:00:00+00:00
[2025-05-20T07:59:21.934+0000] {processor.py:183} INFO - Processing /home/airflow/.local/lib/python3.8/site-packages/airflow/example_dags/tutorial.py took 0.162 seconds
[2025-05-20T07:59:52.574+0000] {processor.py:161} INFO - Started process (PID=1875) to work on /home/airflow/.local/lib/python3.8/site-packages/airflow/example_dags/tutorial.py
[2025-05-20T07:59:52.575+0000] {processor.py:830} INFO - Processing file /home/airflow/.local/lib/python3.8/site-packages/airflow/example_dags/tutorial.py for tasks to queue
[2025-05-20T07:59:52.579+0000] {logging_mixin.py:188} INFO - [2025-05-20T07:59:52.578+0000] {dagbag.py:538} INFO - Filling up the DagBag from /home/airflow/.local/lib/python3.8/site-packages/airflow/example_dags/tutorial.py
[2025-05-20T07:59:52.594+0000] {processor.py:840} INFO - DAG(s) 'tutorial' retrieved from /home/airflow/.local/lib/python3.8/site-packages/airflow/example_dags/tutorial.py
[2025-05-20T07:59:52.659+0000] {logging_mixin.py:188} INFO - [2025-05-20T07:59:52.659+0000] {dag.py:3036} INFO - Sync 1 DAGs
[2025-05-20T07:59:52.713+0000] {logging_mixin.py:188} INFO - [2025-05-20T07:59:52.712+0000] {dag.py:3823} INFO - Setting next_dagrun for tutorial to 2025-05-19 00:00:00+00:00, run_after=2025-05-20 00:00:00+00:00
[2025-05-20T07:59:52.761+0000] {processor.py:183} INFO - Processing /home/airflow/.local/lib/python3.8/site-packages/airflow/example_dags/tutorial.py took 0.193 seconds
[2025-05-20T08:00:24.831+0000] {processor.py:161} INFO - Started process (PID=1940) to work on /home/airflow/.local/lib/python3.8/site-packages/airflow/example_dags/tutorial.py
[2025-05-20T08:00:24.833+0000] {processor.py:830} INFO - Processing file /home/airflow/.local/lib/python3.8/site-packages/airflow/example_dags/tutorial.py for tasks to queue
[2025-05-20T08:00:24.836+0000] {logging_mixin.py:188} INFO - [2025-05-20T08:00:24.835+0000] {dagbag.py:538} INFO - Filling up the DagBag from /home/airflow/.local/lib/python3.8/site-packages/airflow/example_dags/tutorial.py
[2025-05-20T08:00:24.846+0000] {processor.py:840} INFO - DAG(s) 'tutorial' retrieved from /home/airflow/.local/lib/python3.8/site-packages/airflow/example_dags/tutorial.py
[2025-05-20T08:00:24.888+0000] {logging_mixin.py:188} INFO - [2025-05-20T08:00:24.887+0000] {dag.py:3036} INFO - Sync 1 DAGs
[2025-05-20T08:00:24.942+0000] {logging_mixin.py:188} INFO - [2025-05-20T08:00:24.941+0000] {dag.py:3823} INFO - Setting next_dagrun for tutorial to 2025-05-19 00:00:00+00:00, run_after=2025-05-20 00:00:00+00:00
[2025-05-20T08:00:25.197+0000] {processor.py:183} INFO - Processing /home/airflow/.local/lib/python3.8/site-packages/airflow/example_dags/tutorial.py took 0.372 seconds
[2025-05-20T08:00:56.851+0000] {processor.py:161} INFO - Started process (PID=2007) to work on /home/airflow/.local/lib/python3.8/site-packages/airflow/example_dags/tutorial.py
[2025-05-20T08:00:56.856+0000] {processor.py:830} INFO - Processing file /home/airflow/.local/lib/python3.8/site-packages/airflow/example_dags/tutorial.py for tasks to queue
[2025-05-20T08:00:56.862+0000] {logging_mixin.py:188} INFO - [2025-05-20T08:00:56.861+0000] {dagbag.py:538} INFO - Filling up the DagBag from /home/airflow/.local/lib/python3.8/site-packages/airflow/example_dags/tutorial.py
[2025-05-20T08:00:56.871+0000] {processor.py:840} INFO - DAG(s) 'tutorial' retrieved from /home/airflow/.local/lib/python3.8/site-packages/airflow/example_dags/tutorial.py
[2025-05-20T08:00:56.911+0000] {logging_mixin.py:188} INFO - [2025-05-20T08:00:56.911+0000] {dag.py:3036} INFO - Sync 1 DAGs
[2025-05-20T08:00:57.200+0000] {logging_mixin.py:188} INFO - [2025-05-20T08:00:57.199+0000] {dag.py:3823} INFO - Setting next_dagrun for tutorial to 2025-05-19 00:00:00+00:00, run_after=2025-05-20 00:00:00+00:00
[2025-05-20T08:00:57.238+0000] {processor.py:183} INFO - Processing /home/airflow/.local/lib/python3.8/site-packages/airflow/example_dags/tutorial.py took 0.401 seconds
[2025-05-20T08:01:28.068+0000] {processor.py:161} INFO - Started process (PID=2071) to work on /home/airflow/.local/lib/python3.8/site-packages/airflow/example_dags/tutorial.py
[2025-05-20T08:01:28.073+0000] {processor.py:830} INFO - Processing file /home/airflow/.local/lib/python3.8/site-packages/airflow/example_dags/tutorial.py for tasks to queue
[2025-05-20T08:01:28.080+0000] {logging_mixin.py:188} INFO - [2025-05-20T08:01:28.079+0000] {dagbag.py:538} INFO - Filling up the DagBag from /home/airflow/.local/lib/python3.8/site-packages/airflow/example_dags/tutorial.py
[2025-05-20T08:01:28.105+0000] {processor.py:840} INFO - DAG(s) 'tutorial' retrieved from /home/airflow/.local/lib/python3.8/site-packages/airflow/example_dags/tutorial.py
[2025-05-20T08:01:28.187+0000] {logging_mixin.py:188} INFO - [2025-05-20T08:01:28.186+0000] {dag.py:3036} INFO - Sync 1 DAGs
[2025-05-20T08:01:28.280+0000] {logging_mixin.py:188} INFO - [2025-05-20T08:01:28.279+0000] {dag.py:3823} INFO - Setting next_dagrun for tutorial to 2025-05-19 00:00:00+00:00, run_after=2025-05-20 00:00:00+00:00
[2025-05-20T08:01:28.361+0000] {processor.py:183} INFO - Processing /home/airflow/.local/lib/python3.8/site-packages/airflow/example_dags/tutorial.py took 0.305 seconds
[2025-05-20T08:01:58.494+0000] {processor.py:161} INFO - Started process (PID=2135) to work on /home/airflow/.local/lib/python3.8/site-packages/airflow/example_dags/tutorial.py
[2025-05-20T08:01:58.496+0000] {processor.py:830} INFO - Processing file /home/airflow/.local/lib/python3.8/site-packages/airflow/example_dags/tutorial.py for tasks to queue
[2025-05-20T08:01:58.504+0000] {logging_mixin.py:188} INFO - [2025-05-20T08:01:58.503+0000] {dagbag.py:538} INFO - Filling up the DagBag from /home/airflow/.local/lib/python3.8/site-packages/airflow/example_dags/tutorial.py
[2025-05-20T08:01:58.527+0000] {processor.py:840} INFO - DAG(s) 'tutorial' retrieved from /home/airflow/.local/lib/python3.8/site-packages/airflow/example_dags/tutorial.py
[2025-05-20T08:01:58.615+0000] {logging_mixin.py:188} INFO - [2025-05-20T08:01:58.614+0000] {dag.py:3036} INFO - Sync 1 DAGs
[2025-05-20T08:01:58.721+0000] {logging_mixin.py:188} INFO - [2025-05-20T08:01:58.720+0000] {dag.py:3823} INFO - Setting next_dagrun for tutorial to 2025-05-19 00:00:00+00:00, run_after=2025-05-20 00:00:00+00:00
[2025-05-20T08:01:58.816+0000] {processor.py:183} INFO - Processing /home/airflow/.local/lib/python3.8/site-packages/airflow/example_dags/tutorial.py took 0.331 seconds
[2025-05-20T08:02:29.352+0000] {processor.py:161} INFO - Started process (PID=2200) to work on /home/airflow/.local/lib/python3.8/site-packages/airflow/example_dags/tutorial.py
[2025-05-20T08:02:29.354+0000] {processor.py:830} INFO - Processing file /home/airflow/.local/lib/python3.8/site-packages/airflow/example_dags/tutorial.py for tasks to queue
[2025-05-20T08:02:29.359+0000] {logging_mixin.py:188} INFO - [2025-05-20T08:02:29.358+0000] {dagbag.py:538} INFO - Filling up the DagBag from /home/airflow/.local/lib/python3.8/site-packages/airflow/example_dags/tutorial.py
[2025-05-20T08:02:29.371+0000] {processor.py:840} INFO - DAG(s) 'tutorial' retrieved from /home/airflow/.local/lib/python3.8/site-packages/airflow/example_dags/tutorial.py
[2025-05-20T08:02:29.417+0000] {logging_mixin.py:188} INFO - [2025-05-20T08:02:29.416+0000] {dag.py:3036} INFO - Sync 1 DAGs
[2025-05-20T08:02:29.468+0000] {logging_mixin.py:188} INFO - [2025-05-20T08:02:29.468+0000] {dag.py:3823} INFO - Setting next_dagrun for tutorial to 2025-05-19 00:00:00+00:00, run_after=2025-05-20 00:00:00+00:00
[2025-05-20T08:02:29.510+0000] {processor.py:183} INFO - Processing /home/airflow/.local/lib/python3.8/site-packages/airflow/example_dags/tutorial.py took 0.165 seconds
[2025-05-20T08:03:00.394+0000] {processor.py:161} INFO - Started process (PID=2266) to work on /home/airflow/.local/lib/python3.8/site-packages/airflow/example_dags/tutorial.py
[2025-05-20T08:03:00.397+0000] {processor.py:830} INFO - Processing file /home/airflow/.local/lib/python3.8/site-packages/airflow/example_dags/tutorial.py for tasks to queue
[2025-05-20T08:03:00.401+0000] {logging_mixin.py:188} INFO - [2025-05-20T08:03:00.400+0000] {dagbag.py:538} INFO - Filling up the DagBag from /home/airflow/.local/lib/python3.8/site-packages/airflow/example_dags/tutorial.py
[2025-05-20T08:03:00.414+0000] {processor.py:840} INFO - DAG(s) 'tutorial' retrieved from /home/airflow/.local/lib/python3.8/site-packages/airflow/example_dags/tutorial.py
[2025-05-20T08:03:00.462+0000] {logging_mixin.py:188} INFO - [2025-05-20T08:03:00.461+0000] {dag.py:3036} INFO - Sync 1 DAGs
[2025-05-20T08:03:00.556+0000] {logging_mixin.py:188} INFO - [2025-05-20T08:03:00.555+0000] {dag.py:3823} INFO - Setting next_dagrun for tutorial to 2025-05-19 00:00:00+00:00, run_after=2025-05-20 00:00:00+00:00
[2025-05-20T08:03:00.639+0000] {processor.py:183} INFO - Processing /home/airflow/.local/lib/python3.8/site-packages/airflow/example_dags/tutorial.py took 0.252 seconds
[2025-05-20T08:03:32.041+0000] {processor.py:161} INFO - Started process (PID=2331) to work on /home/airflow/.local/lib/python3.8/site-packages/airflow/example_dags/tutorial.py
[2025-05-20T08:03:32.042+0000] {processor.py:830} INFO - Processing file /home/airflow/.local/lib/python3.8/site-packages/airflow/example_dags/tutorial.py for tasks to queue
[2025-05-20T08:03:32.046+0000] {logging_mixin.py:188} INFO - [2025-05-20T08:03:32.045+0000] {dagbag.py:538} INFO - Filling up the DagBag from /home/airflow/.local/lib/python3.8/site-packages/airflow/example_dags/tutorial.py
[2025-05-20T08:03:32.057+0000] {processor.py:840} INFO - DAG(s) 'tutorial' retrieved from /home/airflow/.local/lib/python3.8/site-packages/airflow/example_dags/tutorial.py
[2025-05-20T08:03:32.108+0000] {logging_mixin.py:188} INFO - [2025-05-20T08:03:32.108+0000] {dag.py:3036} INFO - Sync 1 DAGs
[2025-05-20T08:03:32.185+0000] {logging_mixin.py:188} INFO - [2025-05-20T08:03:32.184+0000] {dag.py:3823} INFO - Setting next_dagrun for tutorial to 2025-05-19 00:00:00+00:00, run_after=2025-05-20 00:00:00+00:00
[2025-05-20T08:03:32.294+0000] {processor.py:183} INFO - Processing /home/airflow/.local/lib/python3.8/site-packages/airflow/example_dags/tutorial.py took 0.259 seconds
[2025-05-20T08:04:02.949+0000] {processor.py:161} INFO - Started process (PID=2396) to work on /home/airflow/.local/lib/python3.8/site-packages/airflow/example_dags/tutorial.py
[2025-05-20T08:04:02.951+0000] {processor.py:830} INFO - Processing file /home/airflow/.local/lib/python3.8/site-packages/airflow/example_dags/tutorial.py for tasks to queue
[2025-05-20T08:04:02.954+0000] {logging_mixin.py:188} INFO - [2025-05-20T08:04:02.953+0000] {dagbag.py:538} INFO - Filling up the DagBag from /home/airflow/.local/lib/python3.8/site-packages/airflow/example_dags/tutorial.py
[2025-05-20T08:04:02.967+0000] {processor.py:840} INFO - DAG(s) 'tutorial' retrieved from /home/airflow/.local/lib/python3.8/site-packages/airflow/example_dags/tutorial.py
[2025-05-20T08:04:03.020+0000] {logging_mixin.py:188} INFO - [2025-05-20T08:04:03.019+0000] {dag.py:3036} INFO - Sync 1 DAGs
[2025-05-20T08:04:03.079+0000] {logging_mixin.py:188} INFO - [2025-05-20T08:04:03.078+0000] {dag.py:3823} INFO - Setting next_dagrun for tutorial to 2025-05-19 00:00:00+00:00, run_after=2025-05-20 00:00:00+00:00
[2025-05-20T08:04:03.135+0000] {processor.py:183} INFO - Processing /home/airflow/.local/lib/python3.8/site-packages/airflow/example_dags/tutorial.py took 0.192 seconds
