[2025-05-20T07:45:11.088+0000] {processor.py:161} INFO - Started process (PID=49) to work on /home/airflow/.local/lib/python3.8/site-packages/airflow/example_dags/tutorial_dag.py
[2025-05-20T07:45:11.090+0000] {processor.py:830} INFO - Processing file /home/airflow/.local/lib/python3.8/site-packages/airflow/example_dags/tutorial_dag.py for tasks to queue
[2025-05-20T07:45:11.094+0000] {logging_mixin.py:188} INFO - [2025-05-20T07:45:11.093+0000] {dagbag.py:538} INFO - Filling up the DagBag from /home/airflow/.local/lib/python3.8/site-packages/airflow/example_dags/tutorial_dag.py
[2025-05-20T07:45:11.118+0000] {processor.py:840} INFO - DAG(s) 'tutorial_dag' retrieved from /home/airflow/.local/lib/python3.8/site-packages/airflow/example_dags/tutorial_dag.py
[2025-05-20T07:45:11.459+0000] {logging_mixin.py:188} INFO - [2025-05-20T07:45:11.458+0000] {dag.py:3036} INFO - Sync 1 DAGs
[2025-05-20T07:45:11.485+0000] {logging_mixin.py:188} INFO - [2025-05-20T07:45:11.484+0000] {dag.py:3823} INFO - Setting next_dagrun for tutorial_dag to None, run_after=None
[2025-05-20T07:45:11.530+0000] {processor.py:183} INFO - Processing /home/airflow/.local/lib/python3.8/site-packages/airflow/example_dags/tutorial_dag.py took 0.450 seconds
[2025-05-20T07:45:42.959+0000] {processor.py:161} INFO - Started process (PID=114) to work on /home/airflow/.local/lib/python3.8/site-packages/airflow/example_dags/tutorial_dag.py
[2025-05-20T07:45:42.961+0000] {processor.py:830} INFO - Processing file /home/airflow/.local/lib/python3.8/site-packages/airflow/example_dags/tutorial_dag.py for tasks to queue
[2025-05-20T07:45:42.963+0000] {logging_mixin.py:188} INFO - [2025-05-20T07:45:42.963+0000] {dagbag.py:538} INFO - Filling up the DagBag from /home/airflow/.local/lib/python3.8/site-packages/airflow/example_dags/tutorial_dag.py
[2025-05-20T07:45:42.973+0000] {processor.py:840} INFO - DAG(s) 'tutorial_dag' retrieved from /home/airflow/.local/lib/python3.8/site-packages/airflow/example_dags/tutorial_dag.py
[2025-05-20T07:45:43.005+0000] {logging_mixin.py:188} INFO - [2025-05-20T07:45:43.004+0000] {dag.py:3036} INFO - Sync 1 DAGs
[2025-05-20T07:45:43.027+0000] {logging_mixin.py:188} INFO - [2025-05-20T07:45:43.027+0000] {dag.py:3823} INFO - Setting next_dagrun for tutorial_dag to None, run_after=None
[2025-05-20T07:45:43.078+0000] {processor.py:183} INFO - Processing /home/airflow/.local/lib/python3.8/site-packages/airflow/example_dags/tutorial_dag.py took 0.125 seconds
[2025-05-20T07:46:14.872+0000] {processor.py:161} INFO - Started process (PID=179) to work on /home/airflow/.local/lib/python3.8/site-packages/airflow/example_dags/tutorial_dag.py
[2025-05-20T07:46:14.874+0000] {processor.py:830} INFO - Processing file /home/airflow/.local/lib/python3.8/site-packages/airflow/example_dags/tutorial_dag.py for tasks to queue
[2025-05-20T07:46:14.878+0000] {logging_mixin.py:188} INFO - [2025-05-20T07:46:14.877+0000] {dagbag.py:538} INFO - Filling up the DagBag from /home/airflow/.local/lib/python3.8/site-packages/airflow/example_dags/tutorial_dag.py
[2025-05-20T07:46:14.888+0000] {processor.py:840} INFO - DAG(s) 'tutorial_dag' retrieved from /home/airflow/.local/lib/python3.8/site-packages/airflow/example_dags/tutorial_dag.py
[2025-05-20T07:46:14.922+0000] {logging_mixin.py:188} INFO - [2025-05-20T07:46:14.922+0000] {dag.py:3036} INFO - Sync 1 DAGs
[2025-05-20T07:46:14.944+0000] {logging_mixin.py:188} INFO - [2025-05-20T07:46:14.944+0000] {dag.py:3823} INFO - Setting next_dagrun for tutorial_dag to None, run_after=None
[2025-05-20T07:46:14.984+0000] {processor.py:183} INFO - Processing /home/airflow/.local/lib/python3.8/site-packages/airflow/example_dags/tutorial_dag.py took 0.118 seconds
[2025-05-20T07:46:45.878+0000] {processor.py:161} INFO - Started process (PID=243) to work on /home/airflow/.local/lib/python3.8/site-packages/airflow/example_dags/tutorial_dag.py
[2025-05-20T07:46:45.881+0000] {processor.py:830} INFO - Processing file /home/airflow/.local/lib/python3.8/site-packages/airflow/example_dags/tutorial_dag.py for tasks to queue
[2025-05-20T07:46:45.887+0000] {logging_mixin.py:188} INFO - [2025-05-20T07:46:45.886+0000] {dagbag.py:538} INFO - Filling up the DagBag from /home/airflow/.local/lib/python3.8/site-packages/airflow/example_dags/tutorial_dag.py
[2025-05-20T07:46:45.901+0000] {processor.py:840} INFO - DAG(s) 'tutorial_dag' retrieved from /home/airflow/.local/lib/python3.8/site-packages/airflow/example_dags/tutorial_dag.py
[2025-05-20T07:46:45.948+0000] {logging_mixin.py:188} INFO - [2025-05-20T07:46:45.948+0000] {dag.py:3036} INFO - Sync 1 DAGs
[2025-05-20T07:46:45.973+0000] {logging_mixin.py:188} INFO - [2025-05-20T07:46:45.973+0000] {dag.py:3823} INFO - Setting next_dagrun for tutorial_dag to None, run_after=None
[2025-05-20T07:46:46.018+0000] {processor.py:183} INFO - Processing /home/airflow/.local/lib/python3.8/site-packages/airflow/example_dags/tutorial_dag.py took 0.148 seconds
[2025-05-20T07:47:17.824+0000] {processor.py:161} INFO - Started process (PID=308) to work on /home/airflow/.local/lib/python3.8/site-packages/airflow/example_dags/tutorial_dag.py
[2025-05-20T07:47:17.828+0000] {processor.py:830} INFO - Processing file /home/airflow/.local/lib/python3.8/site-packages/airflow/example_dags/tutorial_dag.py for tasks to queue
[2025-05-20T07:47:17.836+0000] {logging_mixin.py:188} INFO - [2025-05-20T07:47:17.834+0000] {dagbag.py:538} INFO - Filling up the DagBag from /home/airflow/.local/lib/python3.8/site-packages/airflow/example_dags/tutorial_dag.py
[2025-05-20T07:47:17.863+0000] {processor.py:840} INFO - DAG(s) 'tutorial_dag' retrieved from /home/airflow/.local/lib/python3.8/site-packages/airflow/example_dags/tutorial_dag.py
[2025-05-20T07:47:17.958+0000] {logging_mixin.py:188} INFO - [2025-05-20T07:47:17.957+0000] {dag.py:3036} INFO - Sync 1 DAGs
[2025-05-20T07:47:18.036+0000] {logging_mixin.py:188} INFO - [2025-05-20T07:47:18.035+0000] {dag.py:3823} INFO - Setting next_dagrun for tutorial_dag to None, run_after=None
[2025-05-20T07:47:18.117+0000] {processor.py:183} INFO - Processing /home/airflow/.local/lib/python3.8/site-packages/airflow/example_dags/tutorial_dag.py took 0.315 seconds
[2025-05-20T07:47:49.612+0000] {processor.py:161} INFO - Started process (PID=373) to work on /home/airflow/.local/lib/python3.8/site-packages/airflow/example_dags/tutorial_dag.py
[2025-05-20T07:47:49.614+0000] {processor.py:830} INFO - Processing file /home/airflow/.local/lib/python3.8/site-packages/airflow/example_dags/tutorial_dag.py for tasks to queue
[2025-05-20T07:47:49.618+0000] {logging_mixin.py:188} INFO - [2025-05-20T07:47:49.618+0000] {dagbag.py:538} INFO - Filling up the DagBag from /home/airflow/.local/lib/python3.8/site-packages/airflow/example_dags/tutorial_dag.py
[2025-05-20T07:47:49.632+0000] {processor.py:840} INFO - DAG(s) 'tutorial_dag' retrieved from /home/airflow/.local/lib/python3.8/site-packages/airflow/example_dags/tutorial_dag.py
[2025-05-20T07:47:49.682+0000] {logging_mixin.py:188} INFO - [2025-05-20T07:47:49.681+0000] {dag.py:3036} INFO - Sync 1 DAGs
[2025-05-20T07:47:49.715+0000] {logging_mixin.py:188} INFO - [2025-05-20T07:47:49.715+0000] {dag.py:3823} INFO - Setting next_dagrun for tutorial_dag to None, run_after=None
[2025-05-20T07:47:49.782+0000] {processor.py:183} INFO - Processing /home/airflow/.local/lib/python3.8/site-packages/airflow/example_dags/tutorial_dag.py took 0.177 seconds
[2025-05-20T07:48:20.837+0000] {processor.py:161} INFO - Started process (PID=437) to work on /home/airflow/.local/lib/python3.8/site-packages/airflow/example_dags/tutorial_dag.py
[2025-05-20T07:48:20.840+0000] {processor.py:830} INFO - Processing file /home/airflow/.local/lib/python3.8/site-packages/airflow/example_dags/tutorial_dag.py for tasks to queue
[2025-05-20T07:48:20.846+0000] {logging_mixin.py:188} INFO - [2025-05-20T07:48:20.845+0000] {dagbag.py:538} INFO - Filling up the DagBag from /home/airflow/.local/lib/python3.8/site-packages/airflow/example_dags/tutorial_dag.py
[2025-05-20T07:48:20.861+0000] {processor.py:840} INFO - DAG(s) 'tutorial_dag' retrieved from /home/airflow/.local/lib/python3.8/site-packages/airflow/example_dags/tutorial_dag.py
[2025-05-20T07:48:20.930+0000] {logging_mixin.py:188} INFO - [2025-05-20T07:48:20.929+0000] {dag.py:3036} INFO - Sync 1 DAGs
[2025-05-20T07:48:20.982+0000] {logging_mixin.py:188} INFO - [2025-05-20T07:48:20.981+0000] {dag.py:3823} INFO - Setting next_dagrun for tutorial_dag to None, run_after=None
[2025-05-20T07:48:21.074+0000] {processor.py:183} INFO - Processing /home/airflow/.local/lib/python3.8/site-packages/airflow/example_dags/tutorial_dag.py took 0.247 seconds
[2025-05-20T07:48:51.263+0000] {processor.py:161} INFO - Started process (PID=500) to work on /home/airflow/.local/lib/python3.8/site-packages/airflow/example_dags/tutorial_dag.py
[2025-05-20T07:48:51.264+0000] {processor.py:830} INFO - Processing file /home/airflow/.local/lib/python3.8/site-packages/airflow/example_dags/tutorial_dag.py for tasks to queue
[2025-05-20T07:48:51.267+0000] {logging_mixin.py:188} INFO - [2025-05-20T07:48:51.267+0000] {dagbag.py:538} INFO - Filling up the DagBag from /home/airflow/.local/lib/python3.8/site-packages/airflow/example_dags/tutorial_dag.py
[2025-05-20T07:48:51.276+0000] {processor.py:840} INFO - DAG(s) 'tutorial_dag' retrieved from /home/airflow/.local/lib/python3.8/site-packages/airflow/example_dags/tutorial_dag.py
[2025-05-20T07:48:51.308+0000] {logging_mixin.py:188} INFO - [2025-05-20T07:48:51.307+0000] {dag.py:3036} INFO - Sync 1 DAGs
[2025-05-20T07:48:51.330+0000] {logging_mixin.py:188} INFO - [2025-05-20T07:48:51.329+0000] {dag.py:3823} INFO - Setting next_dagrun for tutorial_dag to None, run_after=None
[2025-05-20T07:48:51.368+0000] {processor.py:183} INFO - Processing /home/airflow/.local/lib/python3.8/site-packages/airflow/example_dags/tutorial_dag.py took 0.110 seconds
[2025-05-20T07:49:21.587+0000] {processor.py:161} INFO - Started process (PID=563) to work on /home/airflow/.local/lib/python3.8/site-packages/airflow/example_dags/tutorial_dag.py
[2025-05-20T07:49:21.589+0000] {processor.py:830} INFO - Processing file /home/airflow/.local/lib/python3.8/site-packages/airflow/example_dags/tutorial_dag.py for tasks to queue
[2025-05-20T07:49:21.593+0000] {logging_mixin.py:188} INFO - [2025-05-20T07:49:21.593+0000] {dagbag.py:538} INFO - Filling up the DagBag from /home/airflow/.local/lib/python3.8/site-packages/airflow/example_dags/tutorial_dag.py
[2025-05-20T07:49:21.603+0000] {processor.py:840} INFO - DAG(s) 'tutorial_dag' retrieved from /home/airflow/.local/lib/python3.8/site-packages/airflow/example_dags/tutorial_dag.py
[2025-05-20T07:49:21.637+0000] {logging_mixin.py:188} INFO - [2025-05-20T07:49:21.637+0000] {dag.py:3036} INFO - Sync 1 DAGs
[2025-05-20T07:49:21.670+0000] {logging_mixin.py:188} INFO - [2025-05-20T07:49:21.669+0000] {dag.py:3823} INFO - Setting next_dagrun for tutorial_dag to None, run_after=None
[2025-05-20T07:49:21.716+0000] {processor.py:183} INFO - Processing /home/airflow/.local/lib/python3.8/site-packages/airflow/example_dags/tutorial_dag.py took 0.135 seconds
[2025-05-20T07:49:52.053+0000] {processor.py:161} INFO - Started process (PID=626) to work on /home/airflow/.local/lib/python3.8/site-packages/airflow/example_dags/tutorial_dag.py
[2025-05-20T07:49:52.055+0000] {processor.py:830} INFO - Processing file /home/airflow/.local/lib/python3.8/site-packages/airflow/example_dags/tutorial_dag.py for tasks to queue
[2025-05-20T07:49:52.059+0000] {logging_mixin.py:188} INFO - [2025-05-20T07:49:52.058+0000] {dagbag.py:538} INFO - Filling up the DagBag from /home/airflow/.local/lib/python3.8/site-packages/airflow/example_dags/tutorial_dag.py
[2025-05-20T07:49:52.071+0000] {processor.py:840} INFO - DAG(s) 'tutorial_dag' retrieved from /home/airflow/.local/lib/python3.8/site-packages/airflow/example_dags/tutorial_dag.py
[2025-05-20T07:49:52.112+0000] {logging_mixin.py:188} INFO - [2025-05-20T07:49:52.112+0000] {dag.py:3036} INFO - Sync 1 DAGs
[2025-05-20T07:49:52.138+0000] {logging_mixin.py:188} INFO - [2025-05-20T07:49:52.137+0000] {dag.py:3823} INFO - Setting next_dagrun for tutorial_dag to None, run_after=None
[2025-05-20T07:49:52.173+0000] {processor.py:183} INFO - Processing /home/airflow/.local/lib/python3.8/site-packages/airflow/example_dags/tutorial_dag.py took 0.128 seconds
[2025-05-20T07:50:22.678+0000] {processor.py:161} INFO - Started process (PID=691) to work on /home/airflow/.local/lib/python3.8/site-packages/airflow/example_dags/tutorial_dag.py
[2025-05-20T07:50:22.680+0000] {processor.py:830} INFO - Processing file /home/airflow/.local/lib/python3.8/site-packages/airflow/example_dags/tutorial_dag.py for tasks to queue
[2025-05-20T07:50:22.683+0000] {logging_mixin.py:188} INFO - [2025-05-20T07:50:22.683+0000] {dagbag.py:538} INFO - Filling up the DagBag from /home/airflow/.local/lib/python3.8/site-packages/airflow/example_dags/tutorial_dag.py
[2025-05-20T07:50:22.694+0000] {processor.py:840} INFO - DAG(s) 'tutorial_dag' retrieved from /home/airflow/.local/lib/python3.8/site-packages/airflow/example_dags/tutorial_dag.py
[2025-05-20T07:50:22.726+0000] {logging_mixin.py:188} INFO - [2025-05-20T07:50:22.726+0000] {dag.py:3036} INFO - Sync 1 DAGs
[2025-05-20T07:50:22.749+0000] {logging_mixin.py:188} INFO - [2025-05-20T07:50:22.749+0000] {dag.py:3823} INFO - Setting next_dagrun for tutorial_dag to None, run_after=None
[2025-05-20T07:50:22.793+0000] {processor.py:183} INFO - Processing /home/airflow/.local/lib/python3.8/site-packages/airflow/example_dags/tutorial_dag.py took 0.121 seconds
[2025-05-20T07:50:53.422+0000] {processor.py:161} INFO - Started process (PID=756) to work on /home/airflow/.local/lib/python3.8/site-packages/airflow/example_dags/tutorial_dag.py
[2025-05-20T07:50:53.424+0000] {processor.py:830} INFO - Processing file /home/airflow/.local/lib/python3.8/site-packages/airflow/example_dags/tutorial_dag.py for tasks to queue
[2025-05-20T07:50:53.427+0000] {logging_mixin.py:188} INFO - [2025-05-20T07:50:53.426+0000] {dagbag.py:538} INFO - Filling up the DagBag from /home/airflow/.local/lib/python3.8/site-packages/airflow/example_dags/tutorial_dag.py
[2025-05-20T07:50:53.436+0000] {processor.py:840} INFO - DAG(s) 'tutorial_dag' retrieved from /home/airflow/.local/lib/python3.8/site-packages/airflow/example_dags/tutorial_dag.py
[2025-05-20T07:50:53.480+0000] {logging_mixin.py:188} INFO - [2025-05-20T07:50:53.479+0000] {dag.py:3036} INFO - Sync 1 DAGs
[2025-05-20T07:50:53.509+0000] {logging_mixin.py:188} INFO - [2025-05-20T07:50:53.508+0000] {dag.py:3823} INFO - Setting next_dagrun for tutorial_dag to None, run_after=None
[2025-05-20T07:50:53.558+0000] {processor.py:183} INFO - Processing /home/airflow/.local/lib/python3.8/site-packages/airflow/example_dags/tutorial_dag.py took 0.140 seconds
[2025-05-20T07:51:24.427+0000] {processor.py:161} INFO - Started process (PID=821) to work on /home/airflow/.local/lib/python3.8/site-packages/airflow/example_dags/tutorial_dag.py
[2025-05-20T07:51:24.429+0000] {processor.py:830} INFO - Processing file /home/airflow/.local/lib/python3.8/site-packages/airflow/example_dags/tutorial_dag.py for tasks to queue
[2025-05-20T07:51:24.433+0000] {logging_mixin.py:188} INFO - [2025-05-20T07:51:24.433+0000] {dagbag.py:538} INFO - Filling up the DagBag from /home/airflow/.local/lib/python3.8/site-packages/airflow/example_dags/tutorial_dag.py
[2025-05-20T07:51:24.446+0000] {processor.py:840} INFO - DAG(s) 'tutorial_dag' retrieved from /home/airflow/.local/lib/python3.8/site-packages/airflow/example_dags/tutorial_dag.py
[2025-05-20T07:51:24.496+0000] {logging_mixin.py:188} INFO - [2025-05-20T07:51:24.495+0000] {dag.py:3036} INFO - Sync 1 DAGs
[2025-05-20T07:51:24.527+0000] {logging_mixin.py:188} INFO - [2025-05-20T07:51:24.526+0000] {dag.py:3823} INFO - Setting next_dagrun for tutorial_dag to None, run_after=None
[2025-05-20T07:51:24.596+0000] {processor.py:183} INFO - Processing /home/airflow/.local/lib/python3.8/site-packages/airflow/example_dags/tutorial_dag.py took 0.174 seconds
[2025-05-20T07:51:54.795+0000] {processor.py:161} INFO - Started process (PID=886) to work on /home/airflow/.local/lib/python3.8/site-packages/airflow/example_dags/tutorial_dag.py
[2025-05-20T07:51:54.797+0000] {processor.py:830} INFO - Processing file /home/airflow/.local/lib/python3.8/site-packages/airflow/example_dags/tutorial_dag.py for tasks to queue
[2025-05-20T07:51:54.800+0000] {logging_mixin.py:188} INFO - [2025-05-20T07:51:54.799+0000] {dagbag.py:538} INFO - Filling up the DagBag from /home/airflow/.local/lib/python3.8/site-packages/airflow/example_dags/tutorial_dag.py
[2025-05-20T07:51:54.808+0000] {processor.py:840} INFO - DAG(s) 'tutorial_dag' retrieved from /home/airflow/.local/lib/python3.8/site-packages/airflow/example_dags/tutorial_dag.py
[2025-05-20T07:51:54.845+0000] {logging_mixin.py:188} INFO - [2025-05-20T07:51:54.845+0000] {dag.py:3036} INFO - Sync 1 DAGs
[2025-05-20T07:51:54.882+0000] {logging_mixin.py:188} INFO - [2025-05-20T07:51:54.881+0000] {dag.py:3823} INFO - Setting next_dagrun for tutorial_dag to None, run_after=None
[2025-05-20T07:51:54.920+0000] {processor.py:183} INFO - Processing /home/airflow/.local/lib/python3.8/site-packages/airflow/example_dags/tutorial_dag.py took 0.130 seconds
[2025-05-20T07:52:25.104+0000] {processor.py:161} INFO - Started process (PID=951) to work on /home/airflow/.local/lib/python3.8/site-packages/airflow/example_dags/tutorial_dag.py
[2025-05-20T07:52:25.106+0000] {processor.py:830} INFO - Processing file /home/airflow/.local/lib/python3.8/site-packages/airflow/example_dags/tutorial_dag.py for tasks to queue
[2025-05-20T07:52:25.111+0000] {logging_mixin.py:188} INFO - [2025-05-20T07:52:25.110+0000] {dagbag.py:538} INFO - Filling up the DagBag from /home/airflow/.local/lib/python3.8/site-packages/airflow/example_dags/tutorial_dag.py
[2025-05-20T07:52:25.121+0000] {processor.py:840} INFO - DAG(s) 'tutorial_dag' retrieved from /home/airflow/.local/lib/python3.8/site-packages/airflow/example_dags/tutorial_dag.py
[2025-05-20T07:52:25.158+0000] {logging_mixin.py:188} INFO - [2025-05-20T07:52:25.158+0000] {dag.py:3036} INFO - Sync 1 DAGs
[2025-05-20T07:52:25.186+0000] {logging_mixin.py:188} INFO - [2025-05-20T07:52:25.186+0000] {dag.py:3823} INFO - Setting next_dagrun for tutorial_dag to None, run_after=None
[2025-05-20T07:52:25.235+0000] {processor.py:183} INFO - Processing /home/airflow/.local/lib/python3.8/site-packages/airflow/example_dags/tutorial_dag.py took 0.136 seconds
[2025-05-20T07:52:55.893+0000] {processor.py:161} INFO - Started process (PID=1016) to work on /home/airflow/.local/lib/python3.8/site-packages/airflow/example_dags/tutorial_dag.py
[2025-05-20T07:52:55.895+0000] {processor.py:830} INFO - Processing file /home/airflow/.local/lib/python3.8/site-packages/airflow/example_dags/tutorial_dag.py for tasks to queue
[2025-05-20T07:52:55.899+0000] {logging_mixin.py:188} INFO - [2025-05-20T07:52:55.898+0000] {dagbag.py:538} INFO - Filling up the DagBag from /home/airflow/.local/lib/python3.8/site-packages/airflow/example_dags/tutorial_dag.py
[2025-05-20T07:52:55.909+0000] {processor.py:840} INFO - DAG(s) 'tutorial_dag' retrieved from /home/airflow/.local/lib/python3.8/site-packages/airflow/example_dags/tutorial_dag.py
[2025-05-20T07:52:55.940+0000] {logging_mixin.py:188} INFO - [2025-05-20T07:52:55.939+0000] {dag.py:3036} INFO - Sync 1 DAGs
[2025-05-20T07:52:55.967+0000] {logging_mixin.py:188} INFO - [2025-05-20T07:52:55.966+0000] {dag.py:3823} INFO - Setting next_dagrun for tutorial_dag to None, run_after=None
[2025-05-20T07:52:56.001+0000] {processor.py:183} INFO - Processing /home/airflow/.local/lib/python3.8/site-packages/airflow/example_dags/tutorial_dag.py took 0.118 seconds
[2025-05-20T07:53:26.458+0000] {processor.py:161} INFO - Started process (PID=1081) to work on /home/airflow/.local/lib/python3.8/site-packages/airflow/example_dags/tutorial_dag.py
[2025-05-20T07:53:26.460+0000] {processor.py:830} INFO - Processing file /home/airflow/.local/lib/python3.8/site-packages/airflow/example_dags/tutorial_dag.py for tasks to queue
[2025-05-20T07:53:26.463+0000] {logging_mixin.py:188} INFO - [2025-05-20T07:53:26.462+0000] {dagbag.py:538} INFO - Filling up the DagBag from /home/airflow/.local/lib/python3.8/site-packages/airflow/example_dags/tutorial_dag.py
[2025-05-20T07:53:26.471+0000] {processor.py:840} INFO - DAG(s) 'tutorial_dag' retrieved from /home/airflow/.local/lib/python3.8/site-packages/airflow/example_dags/tutorial_dag.py
[2025-05-20T07:53:26.507+0000] {logging_mixin.py:188} INFO - [2025-05-20T07:53:26.506+0000] {dag.py:3036} INFO - Sync 1 DAGs
[2025-05-20T07:53:26.533+0000] {logging_mixin.py:188} INFO - [2025-05-20T07:53:26.533+0000] {dag.py:3823} INFO - Setting next_dagrun for tutorial_dag to None, run_after=None
[2025-05-20T07:53:26.572+0000] {processor.py:183} INFO - Processing /home/airflow/.local/lib/python3.8/site-packages/airflow/example_dags/tutorial_dag.py took 0.118 seconds
[2025-05-20T07:53:56.925+0000] {processor.py:161} INFO - Started process (PID=1146) to work on /home/airflow/.local/lib/python3.8/site-packages/airflow/example_dags/tutorial_dag.py
[2025-05-20T07:53:56.926+0000] {processor.py:830} INFO - Processing file /home/airflow/.local/lib/python3.8/site-packages/airflow/example_dags/tutorial_dag.py for tasks to queue
[2025-05-20T07:53:56.929+0000] {logging_mixin.py:188} INFO - [2025-05-20T07:53:56.929+0000] {dagbag.py:538} INFO - Filling up the DagBag from /home/airflow/.local/lib/python3.8/site-packages/airflow/example_dags/tutorial_dag.py
[2025-05-20T07:53:56.937+0000] {processor.py:840} INFO - DAG(s) 'tutorial_dag' retrieved from /home/airflow/.local/lib/python3.8/site-packages/airflow/example_dags/tutorial_dag.py
[2025-05-20T07:53:56.969+0000] {logging_mixin.py:188} INFO - [2025-05-20T07:53:56.968+0000] {dag.py:3036} INFO - Sync 1 DAGs
[2025-05-20T07:53:56.991+0000] {logging_mixin.py:188} INFO - [2025-05-20T07:53:56.991+0000] {dag.py:3823} INFO - Setting next_dagrun for tutorial_dag to None, run_after=None
[2025-05-20T07:53:57.053+0000] {processor.py:183} INFO - Processing /home/airflow/.local/lib/python3.8/site-packages/airflow/example_dags/tutorial_dag.py took 0.134 seconds
[2025-05-20T07:54:27.353+0000] {processor.py:161} INFO - Started process (PID=1211) to work on /home/airflow/.local/lib/python3.8/site-packages/airflow/example_dags/tutorial_dag.py
[2025-05-20T07:54:27.355+0000] {processor.py:830} INFO - Processing file /home/airflow/.local/lib/python3.8/site-packages/airflow/example_dags/tutorial_dag.py for tasks to queue
[2025-05-20T07:54:27.358+0000] {logging_mixin.py:188} INFO - [2025-05-20T07:54:27.357+0000] {dagbag.py:538} INFO - Filling up the DagBag from /home/airflow/.local/lib/python3.8/site-packages/airflow/example_dags/tutorial_dag.py
[2025-05-20T07:54:27.367+0000] {processor.py:840} INFO - DAG(s) 'tutorial_dag' retrieved from /home/airflow/.local/lib/python3.8/site-packages/airflow/example_dags/tutorial_dag.py
[2025-05-20T07:54:27.399+0000] {logging_mixin.py:188} INFO - [2025-05-20T07:54:27.398+0000] {dag.py:3036} INFO - Sync 1 DAGs
[2025-05-20T07:54:27.421+0000] {logging_mixin.py:188} INFO - [2025-05-20T07:54:27.420+0000] {dag.py:3823} INFO - Setting next_dagrun for tutorial_dag to None, run_after=None
[2025-05-20T07:54:27.459+0000] {processor.py:183} INFO - Processing /home/airflow/.local/lib/python3.8/site-packages/airflow/example_dags/tutorial_dag.py took 0.113 seconds
[2025-05-20T07:54:57.949+0000] {processor.py:161} INFO - Started process (PID=1276) to work on /home/airflow/.local/lib/python3.8/site-packages/airflow/example_dags/tutorial_dag.py
[2025-05-20T07:54:57.953+0000] {processor.py:830} INFO - Processing file /home/airflow/.local/lib/python3.8/site-packages/airflow/example_dags/tutorial_dag.py for tasks to queue
[2025-05-20T07:54:57.964+0000] {logging_mixin.py:188} INFO - [2025-05-20T07:54:57.962+0000] {dagbag.py:538} INFO - Filling up the DagBag from /home/airflow/.local/lib/python3.8/site-packages/airflow/example_dags/tutorial_dag.py
[2025-05-20T07:54:57.998+0000] {processor.py:840} INFO - DAG(s) 'tutorial_dag' retrieved from /home/airflow/.local/lib/python3.8/site-packages/airflow/example_dags/tutorial_dag.py
[2025-05-20T07:54:58.085+0000] {logging_mixin.py:188} INFO - [2025-05-20T07:54:58.084+0000] {dag.py:3036} INFO - Sync 1 DAGs
[2025-05-20T07:54:58.143+0000] {logging_mixin.py:188} INFO - [2025-05-20T07:54:58.142+0000] {dag.py:3823} INFO - Setting next_dagrun for tutorial_dag to None, run_after=None
[2025-05-20T07:54:58.595+0000] {processor.py:183} INFO - Processing /home/airflow/.local/lib/python3.8/site-packages/airflow/example_dags/tutorial_dag.py took 0.661 seconds
[2025-05-20T07:55:28.825+0000] {processor.py:161} INFO - Started process (PID=1341) to work on /home/airflow/.local/lib/python3.8/site-packages/airflow/example_dags/tutorial_dag.py
[2025-05-20T07:55:28.827+0000] {processor.py:830} INFO - Processing file /home/airflow/.local/lib/python3.8/site-packages/airflow/example_dags/tutorial_dag.py for tasks to queue
[2025-05-20T07:55:28.831+0000] {logging_mixin.py:188} INFO - [2025-05-20T07:55:28.830+0000] {dagbag.py:538} INFO - Filling up the DagBag from /home/airflow/.local/lib/python3.8/site-packages/airflow/example_dags/tutorial_dag.py
[2025-05-20T07:55:28.843+0000] {processor.py:840} INFO - DAG(s) 'tutorial_dag' retrieved from /home/airflow/.local/lib/python3.8/site-packages/airflow/example_dags/tutorial_dag.py
[2025-05-20T07:55:28.891+0000] {logging_mixin.py:188} INFO - [2025-05-20T07:55:28.890+0000] {dag.py:3036} INFO - Sync 1 DAGs
[2025-05-20T07:55:28.933+0000] {logging_mixin.py:188} INFO - [2025-05-20T07:55:28.932+0000] {dag.py:3823} INFO - Setting next_dagrun for tutorial_dag to None, run_after=None
[2025-05-20T07:55:28.986+0000] {processor.py:183} INFO - Processing /home/airflow/.local/lib/python3.8/site-packages/airflow/example_dags/tutorial_dag.py took 0.172 seconds
[2025-05-20T07:55:59.311+0000] {processor.py:161} INFO - Started process (PID=1406) to work on /home/airflow/.local/lib/python3.8/site-packages/airflow/example_dags/tutorial_dag.py
[2025-05-20T07:55:59.313+0000] {processor.py:830} INFO - Processing file /home/airflow/.local/lib/python3.8/site-packages/airflow/example_dags/tutorial_dag.py for tasks to queue
[2025-05-20T07:55:59.316+0000] {logging_mixin.py:188} INFO - [2025-05-20T07:55:59.316+0000] {dagbag.py:538} INFO - Filling up the DagBag from /home/airflow/.local/lib/python3.8/site-packages/airflow/example_dags/tutorial_dag.py
[2025-05-20T07:55:59.326+0000] {processor.py:840} INFO - DAG(s) 'tutorial_dag' retrieved from /home/airflow/.local/lib/python3.8/site-packages/airflow/example_dags/tutorial_dag.py
[2025-05-20T07:55:59.359+0000] {logging_mixin.py:188} INFO - [2025-05-20T07:55:59.359+0000] {dag.py:3036} INFO - Sync 1 DAGs
[2025-05-20T07:55:59.394+0000] {logging_mixin.py:188} INFO - [2025-05-20T07:55:59.394+0000] {dag.py:3823} INFO - Setting next_dagrun for tutorial_dag to None, run_after=None
[2025-05-20T07:55:59.449+0000] {processor.py:183} INFO - Processing /home/airflow/.local/lib/python3.8/site-packages/airflow/example_dags/tutorial_dag.py took 0.144 seconds
[2025-05-20T07:56:30.195+0000] {processor.py:161} INFO - Started process (PID=1471) to work on /home/airflow/.local/lib/python3.8/site-packages/airflow/example_dags/tutorial_dag.py
[2025-05-20T07:56:30.199+0000] {processor.py:830} INFO - Processing file /home/airflow/.local/lib/python3.8/site-packages/airflow/example_dags/tutorial_dag.py for tasks to queue
[2025-05-20T07:56:30.206+0000] {logging_mixin.py:188} INFO - [2025-05-20T07:56:30.205+0000] {dagbag.py:538} INFO - Filling up the DagBag from /home/airflow/.local/lib/python3.8/site-packages/airflow/example_dags/tutorial_dag.py
[2025-05-20T07:56:30.224+0000] {processor.py:840} INFO - DAG(s) 'tutorial_dag' retrieved from /home/airflow/.local/lib/python3.8/site-packages/airflow/example_dags/tutorial_dag.py
[2025-05-20T07:56:30.289+0000] {logging_mixin.py:188} INFO - [2025-05-20T07:56:30.288+0000] {dag.py:3036} INFO - Sync 1 DAGs
[2025-05-20T07:56:30.334+0000] {logging_mixin.py:188} INFO - [2025-05-20T07:56:30.333+0000] {dag.py:3823} INFO - Setting next_dagrun for tutorial_dag to None, run_after=None
[2025-05-20T07:56:30.413+0000] {processor.py:183} INFO - Processing /home/airflow/.local/lib/python3.8/site-packages/airflow/example_dags/tutorial_dag.py took 0.230 seconds
[2025-05-20T07:57:00.674+0000] {processor.py:161} INFO - Started process (PID=1536) to work on /home/airflow/.local/lib/python3.8/site-packages/airflow/example_dags/tutorial_dag.py
[2025-05-20T07:57:00.676+0000] {processor.py:830} INFO - Processing file /home/airflow/.local/lib/python3.8/site-packages/airflow/example_dags/tutorial_dag.py for tasks to queue
[2025-05-20T07:57:00.680+0000] {logging_mixin.py:188} INFO - [2025-05-20T07:57:00.680+0000] {dagbag.py:538} INFO - Filling up the DagBag from /home/airflow/.local/lib/python3.8/site-packages/airflow/example_dags/tutorial_dag.py
[2025-05-20T07:57:00.694+0000] {processor.py:840} INFO - DAG(s) 'tutorial_dag' retrieved from /home/airflow/.local/lib/python3.8/site-packages/airflow/example_dags/tutorial_dag.py
[2025-05-20T07:57:00.735+0000] {logging_mixin.py:188} INFO - [2025-05-20T07:57:00.734+0000] {dag.py:3036} INFO - Sync 1 DAGs
[2025-05-20T07:57:00.762+0000] {logging_mixin.py:188} INFO - [2025-05-20T07:57:00.762+0000] {dag.py:3823} INFO - Setting next_dagrun for tutorial_dag to None, run_after=None
[2025-05-20T07:57:00.816+0000] {processor.py:183} INFO - Processing /home/airflow/.local/lib/python3.8/site-packages/airflow/example_dags/tutorial_dag.py took 0.149 seconds
[2025-05-20T07:57:30.968+0000] {processor.py:161} INFO - Started process (PID=1601) to work on /home/airflow/.local/lib/python3.8/site-packages/airflow/example_dags/tutorial_dag.py
[2025-05-20T07:57:30.970+0000] {processor.py:830} INFO - Processing file /home/airflow/.local/lib/python3.8/site-packages/airflow/example_dags/tutorial_dag.py for tasks to queue
[2025-05-20T07:57:30.973+0000] {logging_mixin.py:188} INFO - [2025-05-20T07:57:30.972+0000] {dagbag.py:538} INFO - Filling up the DagBag from /home/airflow/.local/lib/python3.8/site-packages/airflow/example_dags/tutorial_dag.py
[2025-05-20T07:57:30.983+0000] {processor.py:840} INFO - DAG(s) 'tutorial_dag' retrieved from /home/airflow/.local/lib/python3.8/site-packages/airflow/example_dags/tutorial_dag.py
[2025-05-20T07:57:31.020+0000] {logging_mixin.py:188} INFO - [2025-05-20T07:57:31.020+0000] {dag.py:3036} INFO - Sync 1 DAGs
[2025-05-20T07:57:31.049+0000] {logging_mixin.py:188} INFO - [2025-05-20T07:57:31.049+0000] {dag.py:3823} INFO - Setting next_dagrun for tutorial_dag to None, run_after=None
[2025-05-20T07:57:31.093+0000] {processor.py:183} INFO - Processing /home/airflow/.local/lib/python3.8/site-packages/airflow/example_dags/tutorial_dag.py took 0.131 seconds
[2025-05-20T07:58:01.346+0000] {processor.py:161} INFO - Started process (PID=1666) to work on /home/airflow/.local/lib/python3.8/site-packages/airflow/example_dags/tutorial_dag.py
[2025-05-20T07:58:01.347+0000] {processor.py:830} INFO - Processing file /home/airflow/.local/lib/python3.8/site-packages/airflow/example_dags/tutorial_dag.py for tasks to queue
[2025-05-20T07:58:01.350+0000] {logging_mixin.py:188} INFO - [2025-05-20T07:58:01.350+0000] {dagbag.py:538} INFO - Filling up the DagBag from /home/airflow/.local/lib/python3.8/site-packages/airflow/example_dags/tutorial_dag.py
[2025-05-20T07:58:01.358+0000] {processor.py:840} INFO - DAG(s) 'tutorial_dag' retrieved from /home/airflow/.local/lib/python3.8/site-packages/airflow/example_dags/tutorial_dag.py
[2025-05-20T07:58:01.386+0000] {logging_mixin.py:188} INFO - [2025-05-20T07:58:01.386+0000] {dag.py:3036} INFO - Sync 1 DAGs
[2025-05-20T07:58:01.405+0000] {logging_mixin.py:188} INFO - [2025-05-20T07:58:01.405+0000] {dag.py:3823} INFO - Setting next_dagrun for tutorial_dag to None, run_after=None
[2025-05-20T07:58:01.436+0000] {processor.py:183} INFO - Processing /home/airflow/.local/lib/python3.8/site-packages/airflow/example_dags/tutorial_dag.py took 0.096 seconds
[2025-05-20T07:58:32.438+0000] {processor.py:161} INFO - Started process (PID=1731) to work on /home/airflow/.local/lib/python3.8/site-packages/airflow/example_dags/tutorial_dag.py
[2025-05-20T07:58:32.442+0000] {processor.py:830} INFO - Processing file /home/airflow/.local/lib/python3.8/site-packages/airflow/example_dags/tutorial_dag.py for tasks to queue
[2025-05-20T07:58:32.447+0000] {logging_mixin.py:188} INFO - [2025-05-20T07:58:32.446+0000] {dagbag.py:538} INFO - Filling up the DagBag from /home/airflow/.local/lib/python3.8/site-packages/airflow/example_dags/tutorial_dag.py
[2025-05-20T07:58:32.470+0000] {processor.py:840} INFO - DAG(s) 'tutorial_dag' retrieved from /home/airflow/.local/lib/python3.8/site-packages/airflow/example_dags/tutorial_dag.py
[2025-05-20T07:58:32.546+0000] {logging_mixin.py:188} INFO - [2025-05-20T07:58:32.545+0000] {dag.py:3036} INFO - Sync 1 DAGs
[2025-05-20T07:58:32.577+0000] {logging_mixin.py:188} INFO - [2025-05-20T07:58:32.577+0000] {dag.py:3823} INFO - Setting next_dagrun for tutorial_dag to None, run_after=None
[2025-05-20T07:58:32.611+0000] {processor.py:183} INFO - Processing /home/airflow/.local/lib/python3.8/site-packages/airflow/example_dags/tutorial_dag.py took 0.190 seconds
[2025-05-20T07:59:03.202+0000] {processor.py:161} INFO - Started process (PID=1796) to work on /home/airflow/.local/lib/python3.8/site-packages/airflow/example_dags/tutorial_dag.py
[2025-05-20T07:59:03.206+0000] {processor.py:830} INFO - Processing file /home/airflow/.local/lib/python3.8/site-packages/airflow/example_dags/tutorial_dag.py for tasks to queue
[2025-05-20T07:59:03.213+0000] {logging_mixin.py:188} INFO - [2025-05-20T07:59:03.212+0000] {dagbag.py:538} INFO - Filling up the DagBag from /home/airflow/.local/lib/python3.8/site-packages/airflow/example_dags/tutorial_dag.py
[2025-05-20T07:59:03.232+0000] {processor.py:840} INFO - DAG(s) 'tutorial_dag' retrieved from /home/airflow/.local/lib/python3.8/site-packages/airflow/example_dags/tutorial_dag.py
[2025-05-20T07:59:03.306+0000] {logging_mixin.py:188} INFO - [2025-05-20T07:59:03.305+0000] {dag.py:3036} INFO - Sync 1 DAGs
[2025-05-20T07:59:03.357+0000] {logging_mixin.py:188} INFO - [2025-05-20T07:59:03.356+0000] {dag.py:3823} INFO - Setting next_dagrun for tutorial_dag to None, run_after=None
[2025-05-20T07:59:03.440+0000] {processor.py:183} INFO - Processing /home/airflow/.local/lib/python3.8/site-packages/airflow/example_dags/tutorial_dag.py took 0.250 seconds
[2025-05-20T07:59:34.380+0000] {processor.py:161} INFO - Started process (PID=1867) to work on /home/airflow/.local/lib/python3.8/site-packages/airflow/example_dags/tutorial_dag.py
[2025-05-20T07:59:34.381+0000] {processor.py:830} INFO - Processing file /home/airflow/.local/lib/python3.8/site-packages/airflow/example_dags/tutorial_dag.py for tasks to queue
[2025-05-20T07:59:34.384+0000] {logging_mixin.py:188} INFO - [2025-05-20T07:59:34.384+0000] {dagbag.py:538} INFO - Filling up the DagBag from /home/airflow/.local/lib/python3.8/site-packages/airflow/example_dags/tutorial_dag.py
[2025-05-20T07:59:34.393+0000] {processor.py:840} INFO - DAG(s) 'tutorial_dag' retrieved from /home/airflow/.local/lib/python3.8/site-packages/airflow/example_dags/tutorial_dag.py
[2025-05-20T07:59:34.426+0000] {logging_mixin.py:188} INFO - [2025-05-20T07:59:34.426+0000] {dag.py:3036} INFO - Sync 1 DAGs
[2025-05-20T07:59:34.458+0000] {logging_mixin.py:188} INFO - [2025-05-20T07:59:34.457+0000] {dag.py:3823} INFO - Setting next_dagrun for tutorial_dag to None, run_after=None
[2025-05-20T07:59:34.529+0000] {processor.py:183} INFO - Processing /home/airflow/.local/lib/python3.8/site-packages/airflow/example_dags/tutorial_dag.py took 0.158 seconds
[2025-05-20T08:00:04.670+0000] {processor.py:161} INFO - Started process (PID=1932) to work on /home/airflow/.local/lib/python3.8/site-packages/airflow/example_dags/tutorial_dag.py
[2025-05-20T08:00:04.672+0000] {processor.py:830} INFO - Processing file /home/airflow/.local/lib/python3.8/site-packages/airflow/example_dags/tutorial_dag.py for tasks to queue
[2025-05-20T08:00:04.676+0000] {logging_mixin.py:188} INFO - [2025-05-20T08:00:04.675+0000] {dagbag.py:538} INFO - Filling up the DagBag from /home/airflow/.local/lib/python3.8/site-packages/airflow/example_dags/tutorial_dag.py
[2025-05-20T08:00:04.688+0000] {processor.py:840} INFO - DAG(s) 'tutorial_dag' retrieved from /home/airflow/.local/lib/python3.8/site-packages/airflow/example_dags/tutorial_dag.py
[2025-05-20T08:00:04.735+0000] {logging_mixin.py:188} INFO - [2025-05-20T08:00:04.735+0000] {dag.py:3036} INFO - Sync 1 DAGs
[2025-05-20T08:00:04.769+0000] {logging_mixin.py:188} INFO - [2025-05-20T08:00:04.769+0000] {dag.py:3823} INFO - Setting next_dagrun for tutorial_dag to None, run_after=None
[2025-05-20T08:00:04.827+0000] {processor.py:183} INFO - Processing /home/airflow/.local/lib/python3.8/site-packages/airflow/example_dags/tutorial_dag.py took 0.164 seconds
[2025-05-20T08:00:35.005+0000] {processor.py:161} INFO - Started process (PID=1997) to work on /home/airflow/.local/lib/python3.8/site-packages/airflow/example_dags/tutorial_dag.py
[2025-05-20T08:00:35.007+0000] {processor.py:830} INFO - Processing file /home/airflow/.local/lib/python3.8/site-packages/airflow/example_dags/tutorial_dag.py for tasks to queue
[2025-05-20T08:00:35.012+0000] {logging_mixin.py:188} INFO - [2025-05-20T08:00:35.011+0000] {dagbag.py:538} INFO - Filling up the DagBag from /home/airflow/.local/lib/python3.8/site-packages/airflow/example_dags/tutorial_dag.py
[2025-05-20T08:00:35.024+0000] {processor.py:840} INFO - DAG(s) 'tutorial_dag' retrieved from /home/airflow/.local/lib/python3.8/site-packages/airflow/example_dags/tutorial_dag.py
[2025-05-20T08:00:35.069+0000] {logging_mixin.py:188} INFO - [2025-05-20T08:00:35.068+0000] {dag.py:3036} INFO - Sync 1 DAGs
[2025-05-20T08:00:35.102+0000] {logging_mixin.py:188} INFO - [2025-05-20T08:00:35.102+0000] {dag.py:3823} INFO - Setting next_dagrun for tutorial_dag to None, run_after=None
[2025-05-20T08:00:35.157+0000] {processor.py:183} INFO - Processing /home/airflow/.local/lib/python3.8/site-packages/airflow/example_dags/tutorial_dag.py took 0.160 seconds
[2025-05-20T08:01:06.871+0000] {processor.py:161} INFO - Started process (PID=2062) to work on /home/airflow/.local/lib/python3.8/site-packages/airflow/example_dags/tutorial_dag.py
[2025-05-20T08:01:06.873+0000] {processor.py:830} INFO - Processing file /home/airflow/.local/lib/python3.8/site-packages/airflow/example_dags/tutorial_dag.py for tasks to queue
[2025-05-20T08:01:06.876+0000] {logging_mixin.py:188} INFO - [2025-05-20T08:01:06.875+0000] {dagbag.py:538} INFO - Filling up the DagBag from /home/airflow/.local/lib/python3.8/site-packages/airflow/example_dags/tutorial_dag.py
[2025-05-20T08:01:06.885+0000] {processor.py:840} INFO - DAG(s) 'tutorial_dag' retrieved from /home/airflow/.local/lib/python3.8/site-packages/airflow/example_dags/tutorial_dag.py
[2025-05-20T08:01:06.921+0000] {logging_mixin.py:188} INFO - [2025-05-20T08:01:06.921+0000] {dag.py:3036} INFO - Sync 1 DAGs
[2025-05-20T08:01:06.944+0000] {logging_mixin.py:188} INFO - [2025-05-20T08:01:06.944+0000] {dag.py:3823} INFO - Setting next_dagrun for tutorial_dag to None, run_after=None
[2025-05-20T08:01:06.980+0000] {processor.py:183} INFO - Processing /home/airflow/.local/lib/python3.8/site-packages/airflow/example_dags/tutorial_dag.py took 0.115 seconds
[2025-05-20T08:01:37.168+0000] {processor.py:161} INFO - Started process (PID=2125) to work on /home/airflow/.local/lib/python3.8/site-packages/airflow/example_dags/tutorial_dag.py
[2025-05-20T08:01:37.170+0000] {processor.py:830} INFO - Processing file /home/airflow/.local/lib/python3.8/site-packages/airflow/example_dags/tutorial_dag.py for tasks to queue
[2025-05-20T08:01:37.174+0000] {logging_mixin.py:188} INFO - [2025-05-20T08:01:37.173+0000] {dagbag.py:538} INFO - Filling up the DagBag from /home/airflow/.local/lib/python3.8/site-packages/airflow/example_dags/tutorial_dag.py
[2025-05-20T08:01:37.187+0000] {processor.py:840} INFO - DAG(s) 'tutorial_dag' retrieved from /home/airflow/.local/lib/python3.8/site-packages/airflow/example_dags/tutorial_dag.py
[2025-05-20T08:01:37.249+0000] {logging_mixin.py:188} INFO - [2025-05-20T08:01:37.248+0000] {dag.py:3036} INFO - Sync 1 DAGs
[2025-05-20T08:01:37.286+0000] {logging_mixin.py:188} INFO - [2025-05-20T08:01:37.285+0000] {dag.py:3823} INFO - Setting next_dagrun for tutorial_dag to None, run_after=None
[2025-05-20T08:01:37.393+0000] {processor.py:183} INFO - Processing /home/airflow/.local/lib/python3.8/site-packages/airflow/example_dags/tutorial_dag.py took 0.233 seconds
[2025-05-20T08:02:07.491+0000] {processor.py:161} INFO - Started process (PID=2190) to work on /home/airflow/.local/lib/python3.8/site-packages/airflow/example_dags/tutorial_dag.py
[2025-05-20T08:02:07.493+0000] {processor.py:830} INFO - Processing file /home/airflow/.local/lib/python3.8/site-packages/airflow/example_dags/tutorial_dag.py for tasks to queue
[2025-05-20T08:02:07.496+0000] {logging_mixin.py:188} INFO - [2025-05-20T08:02:07.496+0000] {dagbag.py:538} INFO - Filling up the DagBag from /home/airflow/.local/lib/python3.8/site-packages/airflow/example_dags/tutorial_dag.py
[2025-05-20T08:02:07.506+0000] {processor.py:840} INFO - DAG(s) 'tutorial_dag' retrieved from /home/airflow/.local/lib/python3.8/site-packages/airflow/example_dags/tutorial_dag.py
[2025-05-20T08:02:07.544+0000] {logging_mixin.py:188} INFO - [2025-05-20T08:02:07.544+0000] {dag.py:3036} INFO - Sync 1 DAGs
[2025-05-20T08:02:07.568+0000] {logging_mixin.py:188} INFO - [2025-05-20T08:02:07.568+0000] {dag.py:3823} INFO - Setting next_dagrun for tutorial_dag to None, run_after=None
[2025-05-20T08:02:07.605+0000] {processor.py:183} INFO - Processing /home/airflow/.local/lib/python3.8/site-packages/airflow/example_dags/tutorial_dag.py took 0.120 seconds
[2025-05-20T08:02:38.042+0000] {processor.py:161} INFO - Started process (PID=2254) to work on /home/airflow/.local/lib/python3.8/site-packages/airflow/example_dags/tutorial_dag.py
[2025-05-20T08:02:38.044+0000] {processor.py:830} INFO - Processing file /home/airflow/.local/lib/python3.8/site-packages/airflow/example_dags/tutorial_dag.py for tasks to queue
[2025-05-20T08:02:38.050+0000] {logging_mixin.py:188} INFO - [2025-05-20T08:02:38.048+0000] {dagbag.py:538} INFO - Filling up the DagBag from /home/airflow/.local/lib/python3.8/site-packages/airflow/example_dags/tutorial_dag.py
[2025-05-20T08:02:38.071+0000] {processor.py:840} INFO - DAG(s) 'tutorial_dag' retrieved from /home/airflow/.local/lib/python3.8/site-packages/airflow/example_dags/tutorial_dag.py
[2025-05-20T08:02:38.129+0000] {logging_mixin.py:188} INFO - [2025-05-20T08:02:38.128+0000] {dag.py:3036} INFO - Sync 1 DAGs
[2025-05-20T08:02:38.168+0000] {logging_mixin.py:188} INFO - [2025-05-20T08:02:38.167+0000] {dag.py:3823} INFO - Setting next_dagrun for tutorial_dag to None, run_after=None
[2025-05-20T08:02:38.217+0000] {processor.py:183} INFO - Processing /home/airflow/.local/lib/python3.8/site-packages/airflow/example_dags/tutorial_dag.py took 0.183 seconds
[2025-05-20T08:03:08.751+0000] {processor.py:161} INFO - Started process (PID=2319) to work on /home/airflow/.local/lib/python3.8/site-packages/airflow/example_dags/tutorial_dag.py
[2025-05-20T08:03:08.754+0000] {processor.py:830} INFO - Processing file /home/airflow/.local/lib/python3.8/site-packages/airflow/example_dags/tutorial_dag.py for tasks to queue
[2025-05-20T08:03:08.758+0000] {logging_mixin.py:188} INFO - [2025-05-20T08:03:08.757+0000] {dagbag.py:538} INFO - Filling up the DagBag from /home/airflow/.local/lib/python3.8/site-packages/airflow/example_dags/tutorial_dag.py
[2025-05-20T08:03:08.772+0000] {processor.py:840} INFO - DAG(s) 'tutorial_dag' retrieved from /home/airflow/.local/lib/python3.8/site-packages/airflow/example_dags/tutorial_dag.py
[2025-05-20T08:03:08.823+0000] {logging_mixin.py:188} INFO - [2025-05-20T08:03:08.822+0000] {dag.py:3036} INFO - Sync 1 DAGs
[2025-05-20T08:03:08.873+0000] {logging_mixin.py:188} INFO - [2025-05-20T08:03:08.873+0000] {dag.py:3823} INFO - Setting next_dagrun for tutorial_dag to None, run_after=None
[2025-05-20T08:03:08.938+0000] {processor.py:183} INFO - Processing /home/airflow/.local/lib/python3.8/site-packages/airflow/example_dags/tutorial_dag.py took 0.195 seconds
[2025-05-20T08:03:39.552+0000] {processor.py:161} INFO - Started process (PID=2381) to work on /home/airflow/.local/lib/python3.8/site-packages/airflow/example_dags/tutorial_dag.py
[2025-05-20T08:03:39.554+0000] {processor.py:830} INFO - Processing file /home/airflow/.local/lib/python3.8/site-packages/airflow/example_dags/tutorial_dag.py for tasks to queue
[2025-05-20T08:03:39.558+0000] {logging_mixin.py:188} INFO - [2025-05-20T08:03:39.557+0000] {dagbag.py:538} INFO - Filling up the DagBag from /home/airflow/.local/lib/python3.8/site-packages/airflow/example_dags/tutorial_dag.py
[2025-05-20T08:03:39.569+0000] {processor.py:840} INFO - DAG(s) 'tutorial_dag' retrieved from /home/airflow/.local/lib/python3.8/site-packages/airflow/example_dags/tutorial_dag.py
[2025-05-20T08:03:39.611+0000] {logging_mixin.py:188} INFO - [2025-05-20T08:03:39.610+0000] {dag.py:3036} INFO - Sync 1 DAGs
[2025-05-20T08:03:39.634+0000] {logging_mixin.py:188} INFO - [2025-05-20T08:03:39.634+0000] {dag.py:3823} INFO - Setting next_dagrun for tutorial_dag to None, run_after=None
[2025-05-20T08:03:39.676+0000] {processor.py:183} INFO - Processing /home/airflow/.local/lib/python3.8/site-packages/airflow/example_dags/tutorial_dag.py took 0.131 seconds
[2025-05-20T08:04:10.185+0000] {processor.py:161} INFO - Started process (PID=2440) to work on /home/airflow/.local/lib/python3.8/site-packages/airflow/example_dags/tutorial_dag.py
[2025-05-20T08:04:10.187+0000] {processor.py:830} INFO - Processing file /home/airflow/.local/lib/python3.8/site-packages/airflow/example_dags/tutorial_dag.py for tasks to queue
[2025-05-20T08:04:10.190+0000] {logging_mixin.py:188} INFO - [2025-05-20T08:04:10.190+0000] {dagbag.py:538} INFO - Filling up the DagBag from /home/airflow/.local/lib/python3.8/site-packages/airflow/example_dags/tutorial_dag.py
[2025-05-20T08:04:10.201+0000] {processor.py:840} INFO - DAG(s) 'tutorial_dag' retrieved from /home/airflow/.local/lib/python3.8/site-packages/airflow/example_dags/tutorial_dag.py
[2025-05-20T08:04:10.235+0000] {logging_mixin.py:188} INFO - [2025-05-20T08:04:10.234+0000] {dag.py:3036} INFO - Sync 1 DAGs
[2025-05-20T08:04:10.257+0000] {logging_mixin.py:188} INFO - [2025-05-20T08:04:10.257+0000] {dag.py:3823} INFO - Setting next_dagrun for tutorial_dag to None, run_after=None
[2025-05-20T08:04:10.299+0000] {processor.py:183} INFO - Processing /home/airflow/.local/lib/python3.8/site-packages/airflow/example_dags/tutorial_dag.py took 0.119 seconds
